Information	1/4/2022 7:03:22 AM	Microsoft-Windows-Sysmon	1	Process Create (rule: ProcessCreate)	S-1-5-18	Microsoft-Windows-Sysmon/Operational		Info	DESKTOP-JP20VPR	14108	3560						00000000-0000-0000-0000-000000000000	00000000-0000-0000-0000-000000000000		"Process Create:
RuleName: -
UtcTime: 2022-01-04 12:03:22.173
ProcessGuid: {ec47ca29-378a-61d4-ac07-000000008600}
ProcessId: 7340
Image: C:\Windows\System32\backgroundTaskHost.exe
FileVersion: 10.0.19041.546 (WinBuild.160101.0800)
Description: Background Task Host
Product: Microsoft® Windows® Operating System
Company: Microsoft Corporation
OriginalFileName: backgroundTaskHost.exe
CommandLine: ""C:\Windows\system32\backgroundTaskHost.exe"" -ServerName:ShellFeedsUI.AppXnj65k2d1a1rnztt2t2nng5ctmk3e76pn.mca
CurrentDirectory: C:\Windows\SystemApps\Microsoft.Windows.Search_cw5n1h2txyewy\
User: DESKTOP-JP20VPR\BobWe
LogonGuid: {ec47ca29-70bf-61d3-9db4-020000000000}
LogonId: 0x2B49D
TerminalSessionId: 1
IntegrityLevel: AppContainer
Hashes: SHA256=20330D3CA71D58F4AEB432676CB6A3D5B97005954E45132FB083E90782EFDD50
ParentProcessGuid: {ec47ca29-70be-61d3-0d00-000000008600}
ParentProcessId: 1056
ParentImage: C:\Windows\System32\svchost.exe
ParentCommandLine: C:\Windows\system32\svchost.exe -k DcomLaunch -p
ParentUser: NT AUTHORITY\SYSTEM"
Information	1/4/2022 7:02:16 AM	Microsoft-Windows-Sysmon	5	Process terminated (rule: ProcessTerminate)	S-1-5-18	Microsoft-Windows-Sysmon/Operational		Info	DESKTOP-JP20VPR	14108	3560						00000000-0000-0000-0000-000000000000	00000000-0000-0000-0000-000000000000		"Process terminated:
RuleName: -
UtcTime: 2022-01-04 12:02:16.686
ProcessGuid: {ec47ca29-3748-61d4-a907-000000008600}
ProcessId: 16164
Image: C:\Program Files (x86)\ASUS\Update\AsusUpdate.exe
User: NT AUTHORITY\SYSTEM"
Information	1/4/2022 7:02:16 AM	Microsoft-Windows-Sysmon	5	Process terminated (rule: ProcessTerminate)	S-1-5-18	Microsoft-Windows-Sysmon/Operational		Info	DESKTOP-JP20VPR	14108	3560						00000000-0000-0000-0000-000000000000	00000000-0000-0000-0000-000000000000		"Process terminated:
RuleName: -
UtcTime: 2022-01-04 12:02:16.681
ProcessGuid: {ec47ca29-3748-61d4-aa07-000000008600}
ProcessId: 10980
Image: C:\Program Files (x86)\ASUS\Update\1.3.107.65\Get-AppxVersion.exe
User: NT AUTHORITY\SYSTEM"
Information	1/4/2022 7:02:16 AM	Microsoft-Windows-Sysmon	5	Process terminated (rule: ProcessTerminate)	S-1-5-18	Microsoft-Windows-Sysmon/Operational		Info	DESKTOP-JP20VPR	14108	3560						00000000-0000-0000-0000-000000000000	00000000-0000-0000-0000-000000000000		"Process terminated:
RuleName: -
UtcTime: 2022-01-04 12:02:16.678
ProcessGuid: {ec47ca29-3748-61d4-ab07-000000008600}
ProcessId: 3908
Image: C:\Program Files (x86)\ASUS\Update\1.3.107.65\Get-AppxVersion.exe
User: DESKTOP-JP20VPR\BobWe"
Information	1/4/2022 7:02:16 AM	Microsoft-Windows-Sysmon	1	Process Create (rule: ProcessCreate)	S-1-5-18	Microsoft-Windows-Sysmon/Operational		Info	DESKTOP-JP20VPR	14108	3560						00000000-0000-0000-0000-000000000000	00000000-0000-0000-0000-000000000000		"Process Create:
RuleName: -
UtcTime: 2022-01-04 12:02:16.642
ProcessGuid: {ec47ca29-3748-61d4-ab07-000000008600}
ProcessId: 3908
Image: C:\Program Files (x86)\ASUS\Update\1.3.107.65\Get-AppxVersion.exe
FileVersion: 1.4.1.0
Description: Get-AppxVersion
Product: Get-AppxVersion
Company: -
OriginalFileName: Get-AppxVersion.exe
CommandLine: ""C:\Program Files (x86)\ASUS\Update\1.3.107.65\Get-AppxVersion.exe"" ui
CurrentDirectory: C:\Program Files (x86)\ASUS\Update\1.3.107.65\
User: DESKTOP-JP20VPR\BobWe
LogonGuid: {ec47ca29-70bf-61d3-9db4-020000000000}
LogonId: 0x2B49D
TerminalSessionId: 1
IntegrityLevel: Medium
Hashes: SHA256=674AC1E401A5F0C13032D1C89CFF8AB61F0B3C82B2A8B1D6FAB9DEC6CA2DFF86
ParentProcessGuid: {ec47ca29-3748-61d4-aa07-000000008600}
ParentProcessId: 10980
ParentImage: C:\Program Files (x86)\ASUS\Update\1.3.107.65\Get-AppxVersion.exe
ParentCommandLine: ""C:\Program Files (x86)\ASUS\Update\1.3.107.65\Get-AppxVersion.exe"" ALL
ParentUser: NT AUTHORITY\SYSTEM"
Information	1/4/2022 7:02:16 AM	Microsoft-Windows-Sysmon	1	Process Create (rule: ProcessCreate)	S-1-5-18	Microsoft-Windows-Sysmon/Operational		Info	DESKTOP-JP20VPR	14108	3560						00000000-0000-0000-0000-000000000000	00000000-0000-0000-0000-000000000000		"Process Create:
RuleName: -
UtcTime: 2022-01-04 12:02:16.575
ProcessGuid: {ec47ca29-3748-61d4-aa07-000000008600}
ProcessId: 10980
Image: C:\Program Files (x86)\ASUS\Update\1.3.107.65\Get-AppxVersion.exe
FileVersion: 1.4.1.0
Description: Get-AppxVersion
Product: Get-AppxVersion
Company: -
OriginalFileName: Get-AppxVersion.exe
CommandLine: ""C:\Program Files (x86)\ASUS\Update\1.3.107.65\Get-AppxVersion.exe"" ALL
CurrentDirectory: C:\Program Files (x86)\ASUS\Update\1.3.107.65\
User: NT AUTHORITY\SYSTEM
LogonGuid: {ec47ca29-70be-61d3-e703-000000000000}
LogonId: 0x3E7
TerminalSessionId: 0
IntegrityLevel: System
Hashes: SHA256=674AC1E401A5F0C13032D1C89CFF8AB61F0B3C82B2A8B1D6FAB9DEC6CA2DFF86
ParentProcessGuid: {ec47ca29-3748-61d4-a907-000000008600}
ParentProcessId: 16164
ParentImage: C:\Program Files (x86)\ASUS\Update\AsusUpdate.exe
ParentCommandLine: ""C:\Program Files (x86)\ASUS\Update\AsusUpdate.exe"" /ua /installsource scheduler
ParentUser: NT AUTHORITY\SYSTEM"
Information	1/4/2022 7:02:16 AM	Microsoft-Windows-Sysmon	1	Process Create (rule: ProcessCreate)	S-1-5-18	Microsoft-Windows-Sysmon/Operational		Info	DESKTOP-JP20VPR	14108	3560						00000000-0000-0000-0000-000000000000	00000000-0000-0000-0000-000000000000		"Process Create:
RuleName: -
UtcTime: 2022-01-04 12:02:16.504
ProcessGuid: {ec47ca29-3748-61d4-a907-000000008600}
ProcessId: 16164
Image: C:\Program Files (x86)\ASUS\Update\AsusUpdate.exe
FileVersion: 1.3.107.15
Description: ASUS Update
Product: ASUS Update
Company: ASUSTeK Computer Inc.
OriginalFileName: AsusUpdate.exe
CommandLine: ""C:\Program Files (x86)\ASUS\Update\AsusUpdate.exe"" /ua /installsource scheduler
CurrentDirectory: C:\Windows\system32\
User: NT AUTHORITY\SYSTEM
LogonGuid: {ec47ca29-70be-61d3-e703-000000000000}
LogonId: 0x3E7
TerminalSessionId: 0
IntegrityLevel: System
Hashes: SHA256=F7971A3CECAF05B6270DFFC0C5895F36BDDED4B062A01D3FDB24D36E83AACAB7
ParentProcessGuid: {ec47ca29-70bf-61d3-1c00-000000008600}
ParentProcessId: 1716
ParentImage: C:\Windows\System32\svchost.exe
ParentCommandLine: C:\Windows\system32\svchost.exe -k netsvcs -p -s Schedule
ParentUser: NT AUTHORITY\SYSTEM"
Information	1/4/2022 7:00:15 AM	Microsoft-Windows-Sysmon	5	Process terminated (rule: ProcessTerminate)	S-1-5-18	Microsoft-Windows-Sysmon/Operational		Info	DESKTOP-JP20VPR	14108	3560						00000000-0000-0000-0000-000000000000	00000000-0000-0000-0000-000000000000		"Process terminated:
RuleName: -
UtcTime: 2022-01-04 12:00:15.117
ProcessGuid: {ec47ca29-36b8-61d4-a807-000000008600}
ProcessId: 7136
Image: C:\Program Files\Microsoft Office\root\Office16\SDXHelper.exe
User: DESKTOP-JP20VPR\BobWe"
Information	1/4/2022 6:59:52 AM	Microsoft-Windows-Sysmon	5	Process terminated (rule: ProcessTerminate)	S-1-5-18	Microsoft-Windows-Sysmon/Operational		Info	DESKTOP-JP20VPR	14108	3560						00000000-0000-0000-0000-000000000000	00000000-0000-0000-0000-000000000000		"Process terminated:
RuleName: -
UtcTime: 2022-01-04 11:59:52.421
ProcessGuid: {ec47ca29-36b7-61d4-a707-000000008600}
ProcessId: 8740
Image: C:\Program Files\Microsoft Office\root\Office16\SDXHelper.exe
User: DESKTOP-JP20VPR\BobWe"
Information	1/4/2022 6:59:52 AM	Microsoft-Windows-Sysmon	1	Process Create (rule: ProcessCreate)	S-1-5-18	Microsoft-Windows-Sysmon/Operational		Info	DESKTOP-JP20VPR	14108	3560						00000000-0000-0000-0000-000000000000	00000000-0000-0000-0000-000000000000		"Process Create:
RuleName: -
UtcTime: 2022-01-04 11:59:52.066
ProcessGuid: {ec47ca29-36b8-61d4-a807-000000008600}
ProcessId: 7136
Image: C:\Program Files\Microsoft Office\root\Office16\SDXHelper.exe
FileVersion: 16.0.14701.20262
Description: Microsoft Office SDX Helper
Product: Microsoft Office
Company: Microsoft Corporation
OriginalFileName: SDXHELPER.EXE
CommandLine: ""C:\Program Files\Microsoft Office\Root\Office16\SDXHelper.exe"" -Embedding
CurrentDirectory: C:\Windows\system32\
User: DESKTOP-JP20VPR\BobWe
LogonGuid: {ec47ca29-70bf-61d3-9db4-020000000000}
LogonId: 0x2B49D
TerminalSessionId: 1
IntegrityLevel: Medium
Hashes: SHA256=BB2C046E9134548D5828D01C469A33F8C3712B284E24CE10B407A9276A769344
ParentProcessGuid: {ec47ca29-70be-61d3-0d00-000000008600}
ParentProcessId: 1056
ParentImage: C:\Windows\System32\svchost.exe
ParentCommandLine: C:\Windows\system32\svchost.exe -k DcomLaunch -p
ParentUser: NT AUTHORITY\SYSTEM"
Information	1/4/2022 6:59:51 AM	Microsoft-Windows-Sysmon	1	Process Create (rule: ProcessCreate)	S-1-5-18	Microsoft-Windows-Sysmon/Operational		Info	DESKTOP-JP20VPR	14108	3560						00000000-0000-0000-0000-000000000000	00000000-0000-0000-0000-000000000000		"Process Create:
RuleName: -
UtcTime: 2022-01-04 11:59:51.935
ProcessGuid: {ec47ca29-36b7-61d4-a707-000000008600}
ProcessId: 8740
Image: C:\Program Files\Microsoft Office\root\Office16\SDXHelper.exe
FileVersion: 16.0.14701.20262
Description: Microsoft Office SDX Helper
Product: Microsoft Office
Company: Microsoft Corporation
OriginalFileName: SDXHELPER.EXE
CommandLine: ""C:\Program Files\Microsoft Office\root\Office16\sdxhelper.exe""
CurrentDirectory: C:\Windows\system32\
User: DESKTOP-JP20VPR\BobWe
LogonGuid: {ec47ca29-70bf-61d3-9db4-020000000000}
LogonId: 0x2B49D
TerminalSessionId: 1
IntegrityLevel: Medium
Hashes: SHA256=BB2C046E9134548D5828D01C469A33F8C3712B284E24CE10B407A9276A769344
ParentProcessGuid: {ec47ca29-70bf-61d3-1c00-000000008600}
ParentProcessId: 1716
ParentImage: C:\Windows\System32\svchost.exe
ParentCommandLine: C:\Windows\system32\svchost.exe -k netsvcs -p -s Schedule
ParentUser: NT AUTHORITY\SYSTEM"
Information	1/4/2022 6:59:30 AM	Microsoft-Windows-Sysmon	5	Process terminated (rule: ProcessTerminate)	S-1-5-18	Microsoft-Windows-Sysmon/Operational		Info	DESKTOP-JP20VPR	14108	3560						00000000-0000-0000-0000-000000000000	00000000-0000-0000-0000-000000000000		"Process terminated:
RuleName: -
UtcTime: 2022-01-04 11:59:30.782
ProcessGuid: {ec47ca29-35b2-61d4-9d07-000000008600}
ProcessId: 5580
Image: C:\Windows\System32\svchost.exe
User: NT AUTHORITY\SYSTEM"
Information	1/4/2022 6:58:52 AM	Microsoft-Windows-Sysmon	5	Process terminated (rule: ProcessTerminate)	S-1-5-18	Microsoft-Windows-Sysmon/Operational		Info	DESKTOP-JP20VPR	14108	3560						00000000-0000-0000-0000-000000000000	00000000-0000-0000-0000-000000000000		"Process terminated:
RuleName: -
UtcTime: 2022-01-04 11:58:52.282
ProcessGuid: {ec47ca29-3622-61d4-a607-000000008600}
ProcessId: 3140
Image: C:\Windows\System32\RuntimeBroker.exe
User: DESKTOP-JP20VPR\BobWe"
Information	1/4/2022 6:58:22 AM	Microsoft-Windows-Sysmon	5	Process terminated (rule: ProcessTerminate)	S-1-5-18	Microsoft-Windows-Sysmon/Operational		Info	DESKTOP-JP20VPR	14108	3560						00000000-0000-0000-0000-000000000000	00000000-0000-0000-0000-000000000000		"Process terminated:
RuleName: -
UtcTime: 2022-01-04 11:58:22.264
ProcessGuid: {ec47ca29-3622-61d4-a407-000000008600}
ProcessId: 14480
Image: C:\Windows\System32\backgroundTaskHost.exe
User: DESKTOP-JP20VPR\BobWe"
Information	1/4/2022 6:57:22 AM	Microsoft-Windows-Sysmon	1	Process Create (rule: ProcessCreate)	S-1-5-18	Microsoft-Windows-Sysmon/Operational		Info	DESKTOP-JP20VPR	14108	3560						00000000-0000-0000-0000-000000000000	00000000-0000-0000-0000-000000000000		"Process Create:
RuleName: -
UtcTime: 2022-01-04 11:57:22.188
ProcessGuid: {ec47ca29-3622-61d4-a607-000000008600}
ProcessId: 3140
Image: C:\Windows\System32\RuntimeBroker.exe
FileVersion: 10.0.19041.746 (WinBuild.160101.0800)
Description: Runtime Broker
Product: Microsoft® Windows® Operating System
Company: Microsoft Corporation
OriginalFileName: RuntimeBroker.exe
CommandLine: C:\Windows\System32\RuntimeBroker.exe -Embedding
CurrentDirectory: C:\Windows\system32\
User: DESKTOP-JP20VPR\BobWe
LogonGuid: {ec47ca29-70bf-61d3-9db4-020000000000}
LogonId: 0x2B49D
TerminalSessionId: 1
IntegrityLevel: Medium
Hashes: SHA256=E86870769EE6C797E09457BD99C58D9BF2303CF0193A24EF9B1222C2C3DAF628
ParentProcessGuid: {ec47ca29-70be-61d3-0d00-000000008600}
ParentProcessId: 1056
ParentImage: C:\Windows\System32\svchost.exe
ParentCommandLine: C:\Windows\system32\svchost.exe -k DcomLaunch -p
ParentUser: NT AUTHORITY\SYSTEM"
Information	1/4/2022 6:57:22 AM	Microsoft-Windows-Sysmon	1	Process Create (rule: ProcessCreate)	S-1-5-18	Microsoft-Windows-Sysmon/Operational		Info	DESKTOP-JP20VPR	14108	3560						00000000-0000-0000-0000-000000000000	00000000-0000-0000-0000-000000000000		"Process Create:
RuleName: -
UtcTime: 2022-01-04 11:57:22.146
ProcessGuid: {ec47ca29-3622-61d4-a507-000000008600}
ProcessId: 8224
Image: C:\Windows\System32\svchost.exe
FileVersion: 10.0.19041.546 (WinBuild.160101.0800)
Description: Host Process for Windows Services
Product: Microsoft® Windows® Operating System
Company: Microsoft Corporation
OriginalFileName: svchost.exe
CommandLine: C:\Windows\System32\svchost.exe -k wsappx -p -s ClipSVC
CurrentDirectory: C:\Windows\system32\
User: NT AUTHORITY\SYSTEM
LogonGuid: {ec47ca29-70be-61d3-e703-000000000000}
LogonId: 0x3E7
TerminalSessionId: 0
IntegrityLevel: System
Hashes: SHA256=643EC58E82E0272C97C2A59F6020970D881AF19C0AD5029DB9C958C13B6558C7
ParentProcessGuid: {00000000-0000-0000-0000-000000000000}
ParentProcessId: 944
ParentImage: -
ParentCommandLine: -
ParentUser: -"
Information	1/4/2022 6:57:22 AM	Microsoft-Windows-Sysmon	1	Process Create (rule: ProcessCreate)	S-1-5-18	Microsoft-Windows-Sysmon/Operational		Info	DESKTOP-JP20VPR	14108	3560						00000000-0000-0000-0000-000000000000	00000000-0000-0000-0000-000000000000		"Process Create:
RuleName: -
UtcTime: 2022-01-04 11:57:22.111
ProcessGuid: {ec47ca29-3622-61d4-a407-000000008600}
ProcessId: 14480
Image: C:\Windows\System32\backgroundTaskHost.exe
FileVersion: 10.0.19041.546 (WinBuild.160101.0800)
Description: Background Task Host
Product: Microsoft® Windows® Operating System
Company: Microsoft Corporation
OriginalFileName: backgroundTaskHost.exe
CommandLine: ""C:\Windows\system32\backgroundTaskHost.exe"" -ServerName:App.AppX3yypww7qrft4zqhh57xaatcrnp803bj7.mca
CurrentDirectory: C:\Program Files\WindowsApps\B9ECED6F.ASUSPCAssistant_3.0.34.0_x64__qmba6cd70vzyy\
User: DESKTOP-JP20VPR\BobWe
LogonGuid: {ec47ca29-70bf-61d3-9db4-020000000000}
LogonId: 0x2B49D
TerminalSessionId: 1
IntegrityLevel: AppContainer
Hashes: SHA256=20330D3CA71D58F4AEB432676CB6A3D5B97005954E45132FB083E90782EFDD50
ParentProcessGuid: {ec47ca29-70be-61d3-0d00-000000008600}
ParentProcessId: 1056
ParentImage: C:\Windows\System32\svchost.exe
ParentCommandLine: C:\Windows\system32\svchost.exe -k DcomLaunch -p
ParentUser: NT AUTHORITY\SYSTEM"
Information	1/4/2022 6:56:35 AM	Microsoft-Windows-Sysmon	5	Process terminated (rule: ProcessTerminate)	S-1-5-18	Microsoft-Windows-Sysmon/Operational		Info	DESKTOP-JP20VPR	14108	3560						00000000-0000-0000-0000-000000000000	00000000-0000-0000-0000-000000000000		"Process terminated:
RuleName: -
UtcTime: 2022-01-04 11:56:35.799
ProcessGuid: {ec47ca29-35d5-61d4-a307-000000008600}
ProcessId: 10636
Image: C:\Windows\System32\sppsvc.exe
User: NT AUTHORITY\NETWORK SERVICE"
Information	1/4/2022 6:56:22 AM	Microsoft-Windows-Sysmon	5	Process terminated (rule: ProcessTerminate)	S-1-5-18	Microsoft-Windows-Sysmon/Operational		Info	DESKTOP-JP20VPR	14108	3560						00000000-0000-0000-0000-000000000000	00000000-0000-0000-0000-000000000000		"Process terminated:
RuleName: -
UtcTime: 2022-01-04 11:56:22.781
ProcessGuid: {ec47ca29-3406-61d4-9607-000000008600}
ProcessId: 720
Image: C:\Windows\System32\svchost.exe
User: NT AUTHORITY\SYSTEM"
Information	1/4/2022 6:56:05 AM	Microsoft-Windows-Sysmon	5	Process terminated (rule: ProcessTerminate)	S-1-5-18	Microsoft-Windows-Sysmon/Operational		Info	DESKTOP-JP20VPR	14108	3560						00000000-0000-0000-0000-000000000000	00000000-0000-0000-0000-000000000000		"Process terminated:
RuleName: -
UtcTime: 2022-01-04 11:56:05.773
ProcessGuid: {ec47ca29-35d5-61d4-a207-000000008600}
ProcessId: 18276
Image: C:\Windows\System32\taskhostw.exe
User: NT AUTHORITY\SYSTEM"
Information	1/4/2022 6:56:05 AM	Microsoft-Windows-Sysmon	1	Process Create (rule: ProcessCreate)	S-1-5-18	Microsoft-Windows-Sysmon/Operational		Info	DESKTOP-JP20VPR	14108	3560						00000000-0000-0000-0000-000000000000	00000000-0000-0000-0000-000000000000		"Process Create:
RuleName: -
UtcTime: 2022-01-04 11:56:05.411
ProcessGuid: {ec47ca29-35d5-61d4-a307-000000008600}
ProcessId: 10636
Image: C:\Windows\System32\sppsvc.exe
FileVersion: 10.0.19041.1415 (WinBuild.160101.0800)
Description: Microsoft Software Protection Platform Service
Product: Microsoft® Windows® Operating System
Company: Microsoft Corporation
OriginalFileName: sppsvc.exe
CommandLine: C:\Windows\system32\sppsvc.exe
CurrentDirectory: C:\Windows
User: NT AUTHORITY\NETWORK SERVICE
LogonGuid: {ec47ca29-70be-61d3-e403-000000000000}
LogonId: 0x3E4
TerminalSessionId: 0
IntegrityLevel: System
Hashes: SHA256=1905BFE26ADC74F15CD099774B5C0072E6FB28E1037A77B2B02D0D501BC43B50
ParentProcessGuid: {00000000-0000-0000-0000-000000000000}
ParentProcessId: 944
ParentImage: -
ParentCommandLine: -
ParentUser: -"
Information	1/4/2022 6:56:05 AM	Microsoft-Windows-Sysmon	1	Process Create (rule: ProcessCreate)	S-1-5-18	Microsoft-Windows-Sysmon/Operational		Info	DESKTOP-JP20VPR	14108	3560						00000000-0000-0000-0000-000000000000	00000000-0000-0000-0000-000000000000		"Process Create:
RuleName: -
UtcTime: 2022-01-04 11:56:05.008
ProcessGuid: {ec47ca29-35d5-61d4-a207-000000008600}
ProcessId: 18276
Image: C:\Windows\System32\taskhostw.exe
FileVersion: 10.0.19041.906 (WinBuild.160101.0800)
Description: Host Process for Windows Tasks
Product: Microsoft® Windows® Operating System
Company: Microsoft Corporation
OriginalFileName: taskhostw.exe
CommandLine: taskhostw.exe
CurrentDirectory: C:\Windows\system32\
User: NT AUTHORITY\SYSTEM
LogonGuid: {ec47ca29-70be-61d3-e703-000000000000}
LogonId: 0x3E7
TerminalSessionId: 0
IntegrityLevel: System
Hashes: SHA256=0322728DBCE3A577C4A13B907AD7375D27E74880B63F7371384F67D19197A0AD
ParentProcessGuid: {ec47ca29-70bf-61d3-1c00-000000008600}
ParentProcessId: 1716
ParentImage: C:\Windows\System32\svchost.exe
ParentCommandLine: C:\Windows\system32\svchost.exe -k netsvcs -p -s Schedule
ParentUser: NT AUTHORITY\SYSTEM"
Information	1/4/2022 6:55:52 AM	Microsoft-Windows-Sysmon	5	Process terminated (rule: ProcessTerminate)	S-1-5-18	Microsoft-Windows-Sysmon/Operational		Info	DESKTOP-JP20VPR	14108	3560						00000000-0000-0000-0000-000000000000	00000000-0000-0000-0000-000000000000		"Process terminated:
RuleName: -
UtcTime: 2022-01-04 11:55:52.055
ProcessGuid: {ec47ca29-35bd-61d4-a107-000000008600}
ProcessId: 11564
Image: C:\Program Files (x86)\Microsoft\Edge\Application\96.0.1054.62\identity_helper.exe
User: DESKTOP-JP20VPR\BobWe"
Information	1/4/2022 6:55:41 AM	Microsoft-Windows-Sysmon	1	Process Create (rule: ProcessCreate)	S-1-5-18	Microsoft-Windows-Sysmon/Operational		Info	DESKTOP-JP20VPR	14108	3560						00000000-0000-0000-0000-000000000000	00000000-0000-0000-0000-000000000000		"Process Create:
RuleName: -
UtcTime: 2022-01-04 11:55:41.931
ProcessGuid: {ec47ca29-35bd-61d4-a107-000000008600}
ProcessId: 11564
Image: C:\Program Files (x86)\Microsoft\Edge\Application\96.0.1054.62\identity_helper.exe
FileVersion: 96.0.1054.62
Description: PWA Identity Proxy Host
Product: Microsoft Edge
Company: Microsoft Corporation
OriginalFileName: identity_helper.exe
CommandLine: ""C:\Program Files (x86)\Microsoft\Edge\Application\96.0.1054.62\identity_helper.exe"" --type=utility --utility-sub-type=winrt_app_id.mojom.WinrtAppIdService --field-trial-handle=2308,14150179790966226464,16948066822318633601,131072 --lang=en-US --service-sandbox-type=none --mojo-platform-channel-handle=1268 /prefetch:8
CurrentDirectory: C:\Program Files (x86)\Microsoft\Edge\Application\96.0.1054.62\
User: DESKTOP-JP20VPR\BobWe
LogonGuid: {ec47ca29-70bf-61d3-9db4-020000000000}
LogonId: 0x2B49D
TerminalSessionId: 1
IntegrityLevel: Medium
Hashes: SHA256=7914D38736F3CE4F89432E15816711FFFDFD9002FA50CE7205C1176AF9142AB4
ParentProcessGuid: {ec47ca29-70db-61d3-4801-000000008600}
ParentProcessId: 11916
ParentImage: C:\Program Files (x86)\Microsoft\Edge\Application\msedge.exe
ParentCommandLine: ""C:\Program Files (x86)\Microsoft\Edge\Application\msedge.exe"" --no-startup-window --win-session-start /prefetch:5
ParentUser: DESKTOP-JP20VPR\BobWe"
Information	1/4/2022 6:55:41 AM	Microsoft-Windows-Sysmon	5	Process terminated (rule: ProcessTerminate)	S-1-5-18	Microsoft-Windows-Sysmon/Operational		Info	DESKTOP-JP20VPR	14108	3560						00000000-0000-0000-0000-000000000000	00000000-0000-0000-0000-000000000000		"Process terminated:
RuleName: -
UtcTime: 2022-01-04 11:55:41.923
ProcessGuid: {ec47ca29-35bd-61d4-a007-000000008600}
ProcessId: 7540
Image: C:\Program Files (x86)\Microsoft\Edge\Application\96.0.1054.62\identity_helper.exe
User: DESKTOP-JP20VPR\BobWe"
Information	1/4/2022 6:55:41 AM	Microsoft-Windows-Sysmon	1	Process Create (rule: ProcessCreate)	S-1-5-18	Microsoft-Windows-Sysmon/Operational		Info	DESKTOP-JP20VPR	14108	3560						00000000-0000-0000-0000-000000000000	00000000-0000-0000-0000-000000000000		"Process Create:
RuleName: -
UtcTime: 2022-01-04 11:55:41.913
ProcessGuid: {ec47ca29-35bd-61d4-a007-000000008600}
ProcessId: 7540
Image: C:\Program Files (x86)\Microsoft\Edge\Application\96.0.1054.62\identity_helper.exe
FileVersion: 96.0.1054.62
Description: PWA Identity Proxy Host
Product: Microsoft Edge
Company: Microsoft Corporation
OriginalFileName: identity_helper.exe
CommandLine: ""C:\Program Files (x86)\Microsoft\Edge\Application\96.0.1054.62\identity_helper.exe"" --type=utility --utility-sub-type=winrt_app_id.mojom.WinrtAppIdService --field-trial-handle=2308,14150179790966226464,16948066822318633601,131072 --lang=en-US --service-sandbox-type=none --mojo-platform-channel-handle=1268 /prefetch:8
CurrentDirectory: C:\Program Files (x86)\Microsoft\Edge\Application\96.0.1054.62\
User: DESKTOP-JP20VPR\BobWe
LogonGuid: {ec47ca29-70bf-61d3-9db4-020000000000}
LogonId: 0x2B49D
TerminalSessionId: 1
IntegrityLevel: Medium
Hashes: SHA256=7914D38736F3CE4F89432E15816711FFFDFD9002FA50CE7205C1176AF9142AB4
ParentProcessGuid: {ec47ca29-70db-61d3-4801-000000008600}
ParentProcessId: 11916
ParentImage: C:\Program Files (x86)\Microsoft\Edge\Application\msedge.exe
ParentCommandLine: ""C:\Program Files (x86)\Microsoft\Edge\Application\msedge.exe"" --no-startup-window --win-session-start /prefetch:5
ParentUser: DESKTOP-JP20VPR\BobWe"
Information	1/4/2022 6:55:40 AM	Microsoft-Windows-Sysmon	5	Process terminated (rule: ProcessTerminate)	S-1-5-18	Microsoft-Windows-Sysmon/Operational		Info	DESKTOP-JP20VPR	14108	3560						00000000-0000-0000-0000-000000000000	00000000-0000-0000-0000-000000000000		"Process terminated:
RuleName: -
UtcTime: 2022-01-04 11:55:40.581
ProcessGuid: {ec47ca29-35bc-61d4-9f07-000000008600}
ProcessId: 6632
Image: C:\Windows\System32\backgroundTaskHost.exe
User: DESKTOP-JP20VPR\BobWe"
Information	1/4/2022 6:55:40 AM	Microsoft-Windows-Sysmon	1	Process Create (rule: ProcessCreate)	S-1-5-18	Microsoft-Windows-Sysmon/Operational		Info	DESKTOP-JP20VPR	14108	3560						00000000-0000-0000-0000-000000000000	00000000-0000-0000-0000-000000000000		"Process Create:
RuleName: -
UtcTime: 2022-01-04 11:55:40.518
ProcessGuid: {ec47ca29-35bc-61d4-9f07-000000008600}
ProcessId: 6632
Image: C:\Windows\System32\backgroundTaskHost.exe
FileVersion: 10.0.19041.546 (WinBuild.160101.0800)
Description: Background Task Host
Product: Microsoft® Windows® Operating System
Company: Microsoft Corporation
OriginalFileName: backgroundTaskHost.exe
CommandLine: ""C:\Windows\system32\BackgroundTaskHost.exe"" -ServerName:BackgroundTaskHost.WebAccountProvider
CurrentDirectory: C:\Windows\SystemApps\Microsoft.AAD.BrokerPlugin_cw5n1h2txyewy\
User: DESKTOP-JP20VPR\BobWe
LogonGuid: {ec47ca29-70bf-61d3-9db4-020000000000}
LogonId: 0x2B49D
TerminalSessionId: 1
IntegrityLevel: AppContainer
Hashes: SHA256=20330D3CA71D58F4AEB432676CB6A3D5B97005954E45132FB083E90782EFDD50
ParentProcessGuid: {ec47ca29-70be-61d3-0d00-000000008600}
ParentProcessId: 1056
ParentImage: C:\Windows\System32\svchost.exe
ParentCommandLine: C:\Windows\system32\svchost.exe -k DcomLaunch -p
ParentUser: NT AUTHORITY\SYSTEM"
Information	1/4/2022 6:55:40 AM	Microsoft-Windows-Sysmon	1	Process Create (rule: ProcessCreate)	S-1-5-18	Microsoft-Windows-Sysmon/Operational		Info	DESKTOP-JP20VPR	14108	3560						00000000-0000-0000-0000-000000000000	00000000-0000-0000-0000-000000000000		"Process Create:
RuleName: -
UtcTime: 2022-01-04 11:55:40.445
ProcessGuid: {ec47ca29-35bc-61d4-9e07-000000008600}
ProcessId: 11228
Image: C:\Windows\System32\svchost.exe
FileVersion: 10.0.19041.546 (WinBuild.160101.0800)
Description: Host Process for Windows Services
Product: Microsoft® Windows® Operating System
Company: Microsoft Corporation
OriginalFileName: svchost.exe
CommandLine: C:\Windows\system32\svchost.exe -k wsappx -p -s AppXSvc
CurrentDirectory: C:\Windows\system32\
User: NT AUTHORITY\SYSTEM
LogonGuid: {ec47ca29-70be-61d3-e703-000000000000}
LogonId: 0x3E7
TerminalSessionId: 0
IntegrityLevel: System
Hashes: SHA256=643EC58E82E0272C97C2A59F6020970D881AF19C0AD5029DB9C958C13B6558C7
ParentProcessGuid: {00000000-0000-0000-0000-000000000000}
ParentProcessId: 944
ParentImage: -
ParentCommandLine: -
ParentUser: -"
Information	1/4/2022 6:55:30 AM	Microsoft-Windows-Sysmon	1	Process Create (rule: ProcessCreate)	S-1-5-18	Microsoft-Windows-Sysmon/Operational		Info	DESKTOP-JP20VPR	14108	3560						00000000-0000-0000-0000-000000000000	00000000-0000-0000-0000-000000000000		"Process Create:
RuleName: -
UtcTime: 2022-01-04 11:55:30.800
ProcessGuid: {ec47ca29-35b2-61d4-9d07-000000008600}
ProcessId: 5580
Image: C:\Windows\System32\svchost.exe
FileVersion: 10.0.19041.546 (WinBuild.160101.0800)
Description: Host Process for Windows Services
Product: Microsoft® Windows® Operating System
Company: Microsoft Corporation
OriginalFileName: svchost.exe
CommandLine: C:\Windows\system32\svchost.exe -k netsvcs -p -s wlidsvc
CurrentDirectory: C:\Windows\system32\
User: NT AUTHORITY\SYSTEM
LogonGuid: {ec47ca29-70be-61d3-e703-000000000000}
LogonId: 0x3E7
TerminalSessionId: 0
IntegrityLevel: System
Hashes: SHA256=643EC58E82E0272C97C2A59F6020970D881AF19C0AD5029DB9C958C13B6558C7
ParentProcessGuid: {00000000-0000-0000-0000-000000000000}
ParentProcessId: 944
ParentImage: -
ParentCommandLine: -
ParentUser: -"
Information	1/4/2022 6:55:22 AM	Microsoft-Windows-Sysmon	5	Process terminated (rule: ProcessTerminate)	S-1-5-18	Microsoft-Windows-Sysmon/Operational		Info	DESKTOP-JP20VPR	14108	3560						00000000-0000-0000-0000-000000000000	00000000-0000-0000-0000-000000000000		"Process terminated:
RuleName: -
UtcTime: 2022-01-04 11:55:22.563
ProcessGuid: {ec47ca29-3406-61d4-9407-000000008600}
ProcessId: 4412
Image: C:\Windows\System32\svchost.exe
User: NT AUTHORITY\SYSTEM"
Information	1/4/2022 6:55:22 AM	Microsoft-Windows-Sysmon	5	Process terminated (rule: ProcessTerminate)	S-1-5-18	Microsoft-Windows-Sysmon/Operational		Info	DESKTOP-JP20VPR	14108	3560						00000000-0000-0000-0000-000000000000	00000000-0000-0000-0000-000000000000		"Process terminated:
RuleName: -
UtcTime: 2022-01-04 11:55:22.122
ProcessGuid: {ec47ca29-35aa-61d4-9c07-000000008600}
ProcessId: 15600
Image: C:\Windows\System32\DriverStore\FileRepository\asussci2.inf_amd64_d385bdc0d33d66f9\ASUSSoftwareManager\AsusUpdateChecker.exe
User: DESKTOP-JP20VPR\BobWe"
Information	1/4/2022 6:55:22 AM	Microsoft-Windows-Sysmon	1	Process Create (rule: ProcessCreate)	S-1-5-18	Microsoft-Windows-Sysmon/Operational		Info	DESKTOP-JP20VPR	14108	3560						00000000-0000-0000-0000-000000000000	00000000-0000-0000-0000-000000000000		"Process Create:
RuleName: -
UtcTime: 2022-01-04 11:55:22.058
ProcessGuid: {ec47ca29-35aa-61d4-9c07-000000008600}
ProcessId: 15600
Image: C:\Windows\System32\DriverStore\FileRepository\asussci2.inf_amd64_d385bdc0d33d66f9\ASUSSoftwareManager\AsusUpdateChecker.exe
FileVersion: 1.0.28.0
Description: ASUS Update Checker
Product: ASUS Update Checker
Company: ASUSTeK COMPUTER INC.
OriginalFileName: AsusUpdateChecker.exe
CommandLine: C:\Windows\System32\DriverStore\FileRepository\asussci2.inf_amd64_d385bdc0d33d66f9\ASUSSoftwareManager\AsusUpdateChecker.exe
CurrentDirectory: C:\Windows\system32\
User: DESKTOP-JP20VPR\BobWe
LogonGuid: {ec47ca29-70bf-61d3-7aae-020000000000}
LogonId: 0x2AE7A
TerminalSessionId: 1
IntegrityLevel: High
Hashes: SHA256=250D981BEC690B039CCF40941E6555FCA7A8C997AC6975E00BD3C35300498E7C
ParentProcessGuid: {ec47ca29-70bf-61d3-1c00-000000008600}
ParentProcessId: 1716
ParentImage: C:\Windows\System32\svchost.exe
ParentCommandLine: C:\Windows\system32\svchost.exe -k netsvcs -p -s Schedule
ParentUser: NT AUTHORITY\SYSTEM"
Information	1/4/2022 6:51:52 AM	Microsoft-Windows-Sysmon	5	Process terminated (rule: ProcessTerminate)	S-1-5-18	Microsoft-Windows-Sysmon/Operational		Info	DESKTOP-JP20VPR	14108	3560						00000000-0000-0000-0000-000000000000	00000000-0000-0000-0000-000000000000		"Process terminated:
RuleName: -
UtcTime: 2022-01-04 11:51:52.746
ProcessGuid: {ec47ca29-347e-61d4-9b07-000000008600}
ProcessId: 4184
Image: C:\Windows\System32\RuntimeBroker.exe
User: DESKTOP-JP20VPR\BobWe"
Information	1/4/2022 6:51:22 AM	Microsoft-Windows-Sysmon	5	Process terminated (rule: ProcessTerminate)	S-1-5-18	Microsoft-Windows-Sysmon/Operational		Info	DESKTOP-JP20VPR	14108	3560						00000000-0000-0000-0000-000000000000	00000000-0000-0000-0000-000000000000		"Process terminated:
RuleName: -
UtcTime: 2022-01-04 11:51:22.735
ProcessGuid: {ec47ca29-347e-61d4-9a07-000000008600}
ProcessId: 8744
Image: C:\Windows\System32\backgroundTaskHost.exe
User: DESKTOP-JP20VPR\BobWe"
Information	1/4/2022 6:50:22 AM	Microsoft-Windows-Sysmon	1	Process Create (rule: ProcessCreate)	S-1-5-18	Microsoft-Windows-Sysmon/Operational		Info	DESKTOP-JP20VPR	14108	3560						00000000-0000-0000-0000-000000000000	00000000-0000-0000-0000-000000000000		"Process Create:
RuleName: -
UtcTime: 2022-01-04 11:50:22.694
ProcessGuid: {ec47ca29-347e-61d4-9b07-000000008600}
ProcessId: 4184
Image: C:\Windows\System32\RuntimeBroker.exe
FileVersion: 10.0.19041.746 (WinBuild.160101.0800)
Description: Runtime Broker
Product: Microsoft® Windows® Operating System
Company: Microsoft Corporation
OriginalFileName: RuntimeBroker.exe
CommandLine: C:\Windows\System32\RuntimeBroker.exe -Embedding
CurrentDirectory: C:\Windows\system32\
User: DESKTOP-JP20VPR\BobWe
LogonGuid: {ec47ca29-70bf-61d3-9db4-020000000000}
LogonId: 0x2B49D
TerminalSessionId: 1
IntegrityLevel: Medium
Hashes: SHA256=E86870769EE6C797E09457BD99C58D9BF2303CF0193A24EF9B1222C2C3DAF628
ParentProcessGuid: {ec47ca29-70be-61d3-0d00-000000008600}
ParentProcessId: 1056
ParentImage: C:\Windows\System32\svchost.exe
ParentCommandLine: C:\Windows\system32\svchost.exe -k DcomLaunch -p
ParentUser: NT AUTHORITY\SYSTEM"
Information	1/4/2022 6:50:22 AM	Microsoft-Windows-Sysmon	1	Process Create (rule: ProcessCreate)	S-1-5-18	Microsoft-Windows-Sysmon/Operational		Info	DESKTOP-JP20VPR	14108	3560						00000000-0000-0000-0000-000000000000	00000000-0000-0000-0000-000000000000		"Process Create:
RuleName: -
UtcTime: 2022-01-04 11:50:22.572
ProcessGuid: {ec47ca29-347e-61d4-9a07-000000008600}
ProcessId: 8744
Image: C:\Windows\System32\backgroundTaskHost.exe
FileVersion: 10.0.19041.546 (WinBuild.160101.0800)
Description: Background Task Host
Product: Microsoft® Windows® Operating System
Company: Microsoft Corporation
OriginalFileName: backgroundTaskHost.exe
CommandLine: ""C:\Windows\system32\backgroundTaskHost.exe"" -ServerName:Microsoft.MicrosoftOfficeHub.AppX54h2e8jwdm50fj5ha8987vz1etpx7czd.mca
CurrentDirectory: C:\Program Files\WindowsApps\Microsoft.MicrosoftOfficeHub_18.2110.13110.0_x64__8wekyb3d8bbwe\
User: DESKTOP-JP20VPR\BobWe
LogonGuid: {ec47ca29-70bf-61d3-9db4-020000000000}
LogonId: 0x2B49D
TerminalSessionId: 1
IntegrityLevel: AppContainer
Hashes: SHA256=20330D3CA71D58F4AEB432676CB6A3D5B97005954E45132FB083E90782EFDD50
ParentProcessGuid: {ec47ca29-70be-61d3-0d00-000000008600}
ParentProcessId: 1056
ParentImage: C:\Windows\System32\svchost.exe
ParentCommandLine: C:\Windows\system32\svchost.exe -k DcomLaunch -p
ParentUser: NT AUTHORITY\SYSTEM"
Information	1/4/2022 6:49:24 AM	Microsoft-Windows-Sysmon	5	Process terminated (rule: ProcessTerminate)	S-1-5-18	Microsoft-Windows-Sysmon/Operational		Info	DESKTOP-JP20VPR	14108	3560						00000000-0000-0000-0000-000000000000	00000000-0000-0000-0000-000000000000		"Process terminated:
RuleName: -
UtcTime: 2022-01-04 11:49:24.414
ProcessGuid: {ec47ca29-3443-61d4-9907-000000008600}
ProcessId: 10264
Image: C:\Program Files (x86)\Google\Update\GoogleUpdate.exe
User: NT AUTHORITY\SYSTEM"
Information	1/4/2022 6:49:24 AM	Microsoft-Windows-Sysmon	5	Process terminated (rule: ProcessTerminate)	S-1-5-18	Microsoft-Windows-Sysmon/Operational		Info	DESKTOP-JP20VPR	14108	3560						00000000-0000-0000-0000-000000000000	00000000-0000-0000-0000-000000000000		"Process terminated:
RuleName: -
UtcTime: 2022-01-04 11:49:24.410
ProcessGuid: {ec47ca29-340d-61d4-9807-000000008600}
ProcessId: 17220
Image: C:\Program Files (x86)\Google\Update\GoogleUpdate.exe
User: NT AUTHORITY\SYSTEM"
Information	1/4/2022 6:49:23 AM	Microsoft-Windows-Sysmon	1	Process Create (rule: ProcessCreate)	S-1-5-18	Microsoft-Windows-Sysmon/Operational		Info	DESKTOP-JP20VPR	14108	3560						00000000-0000-0000-0000-000000000000	00000000-0000-0000-0000-000000000000		"Process Create:
RuleName: -
UtcTime: 2022-01-04 11:49:23.892
ProcessGuid: {ec47ca29-3443-61d4-9907-000000008600}
ProcessId: 10264
Image: C:\Program Files (x86)\Google\Update\GoogleUpdate.exe
FileVersion: 1.3.36.31
Description: Google Installer
Product: Google Update
Company: Google LLC
OriginalFileName: GoogleUpdate.exe
CommandLine: ""C:\Program Files (x86)\Google\Update\GoogleUpdate.exe"" /svc
CurrentDirectory: C:\Windows\system32\
User: NT AUTHORITY\SYSTEM
LogonGuid: {ec47ca29-70be-61d3-e703-000000000000}
LogonId: 0x3E7
TerminalSessionId: 0
IntegrityLevel: System
Hashes: SHA256=7B03A99631843989C71E6F133BD71E243F33F86516BDA3455784FB11D4FF6736
ParentProcessGuid: {00000000-0000-0000-0000-000000000000}
ParentProcessId: 944
ParentImage: -
ParentCommandLine: -
ParentUser: -"
Information	1/4/2022 6:49:17 AM	Microsoft-Windows-Sysmon	5	Process terminated (rule: ProcessTerminate)	S-1-5-18	Microsoft-Windows-Sysmon/Operational		Info	DESKTOP-JP20VPR	14108	3560						00000000-0000-0000-0000-000000000000	00000000-0000-0000-0000-000000000000		"Process terminated:
RuleName: -
UtcTime: 2022-01-04 11:49:17.797
ProcessGuid: {ec47ca29-3406-61d4-9707-000000008600}
ProcessId: 7512
Image: C:\Windows\System32\RuntimeBroker.exe
User: DESKTOP-JP20VPR\BobWe"
Information	1/4/2022 6:48:47 AM	Microsoft-Windows-Sysmon	5	Process terminated (rule: ProcessTerminate)	S-1-5-18	Microsoft-Windows-Sysmon/Operational		Info	DESKTOP-JP20VPR	14108	3560						00000000-0000-0000-0000-000000000000	00000000-0000-0000-0000-000000000000		"Process terminated:
RuleName: -
UtcTime: 2022-01-04 11:48:47.786
ProcessGuid: {ec47ca29-3406-61d4-9507-000000008600}
ProcessId: 7508
Image: C:\Program Files\WindowsApps\microsoft.windowscommunicationsapps_16005.14326.20544.0_x64__8wekyb3d8bbwe\HxTsr.exe
User: DESKTOP-JP20VPR\BobWe"
Information	1/4/2022 6:48:29 AM	Microsoft-Windows-Sysmon	1	Process Create (rule: ProcessCreate)	S-1-5-18	Microsoft-Windows-Sysmon/Operational		Info	DESKTOP-JP20VPR	14108	3560						00000000-0000-0000-0000-000000000000	00000000-0000-0000-0000-000000000000		"Process Create:
RuleName: -
UtcTime: 2022-01-04 11:48:29.602
ProcessGuid: {ec47ca29-340d-61d4-9807-000000008600}
ProcessId: 17220
Image: C:\Program Files (x86)\Google\Update\GoogleUpdate.exe
FileVersion: 1.3.36.31
Description: Google Installer
Product: Google Update
Company: Google LLC
OriginalFileName: GoogleUpdate.exe
CommandLine: ""C:\Program Files (x86)\Google\Update\GoogleUpdate.exe"" /ua /installsource scheduler
CurrentDirectory: C:\Windows\system32\
User: NT AUTHORITY\SYSTEM
LogonGuid: {ec47ca29-70be-61d3-e703-000000000000}
LogonId: 0x3E7
TerminalSessionId: 0
IntegrityLevel: System
Hashes: SHA256=7B03A99631843989C71E6F133BD71E243F33F86516BDA3455784FB11D4FF6736
ParentProcessGuid: {ec47ca29-70bf-61d3-1c00-000000008600}
ParentProcessId: 1716
ParentImage: C:\Windows\System32\svchost.exe
ParentCommandLine: C:\Windows\system32\svchost.exe -k netsvcs -p -s Schedule
ParentUser: NT AUTHORITY\SYSTEM"
Information	1/4/2022 6:48:22 AM	Microsoft-Windows-Sysmon	1	Process Create (rule: ProcessCreate)	S-1-5-18	Microsoft-Windows-Sysmon/Operational		Info	DESKTOP-JP20VPR	14108	3560						00000000-0000-0000-0000-000000000000	00000000-0000-0000-0000-000000000000		"Process Create:
RuleName: -
UtcTime: 2022-01-04 11:48:22.687
ProcessGuid: {ec47ca29-3406-61d4-9707-000000008600}
ProcessId: 7512
Image: C:\Windows\System32\RuntimeBroker.exe
FileVersion: 10.0.19041.746 (WinBuild.160101.0800)
Description: Runtime Broker
Product: Microsoft® Windows® Operating System
Company: Microsoft Corporation
OriginalFileName: RuntimeBroker.exe
CommandLine: C:\Windows\System32\RuntimeBroker.exe -Embedding
CurrentDirectory: C:\Windows\system32\
User: DESKTOP-JP20VPR\BobWe
LogonGuid: {ec47ca29-70bf-61d3-9db4-020000000000}
LogonId: 0x2B49D
TerminalSessionId: 1
IntegrityLevel: Medium
Hashes: SHA256=E86870769EE6C797E09457BD99C58D9BF2303CF0193A24EF9B1222C2C3DAF628
ParentProcessGuid: {ec47ca29-70be-61d3-0d00-000000008600}
ParentProcessId: 1056
ParentImage: C:\Windows\System32\svchost.exe
ParentCommandLine: C:\Windows\system32\svchost.exe -k DcomLaunch -p
ParentUser: NT AUTHORITY\SYSTEM"
Information	1/4/2022 6:48:22 AM	Microsoft-Windows-Sysmon	1	Process Create (rule: ProcessCreate)	S-1-5-18	Microsoft-Windows-Sysmon/Operational		Info	DESKTOP-JP20VPR	14108	3560						00000000-0000-0000-0000-000000000000	00000000-0000-0000-0000-000000000000		"Process Create:
RuleName: -
UtcTime: 2022-01-04 11:48:22.643
ProcessGuid: {ec47ca29-3406-61d4-9607-000000008600}
ProcessId: 720
Image: C:\Windows\System32\svchost.exe
FileVersion: 10.0.19041.546 (WinBuild.160101.0800)
Description: Host Process for Windows Services
Product: Microsoft® Windows® Operating System
Company: Microsoft Corporation
OriginalFileName: svchost.exe
CommandLine: C:\Windows\System32\svchost.exe -k wsappx -p -s ClipSVC
CurrentDirectory: C:\Windows\system32\
User: NT AUTHORITY\SYSTEM
LogonGuid: {ec47ca29-70be-61d3-e703-000000000000}
LogonId: 0x3E7
TerminalSessionId: 0
IntegrityLevel: System
Hashes: SHA256=643EC58E82E0272C97C2A59F6020970D881AF19C0AD5029DB9C958C13B6558C7
ParentProcessGuid: {00000000-0000-0000-0000-000000000000}
ParentProcessId: 944
ParentImage: -
ParentCommandLine: -
ParentUser: -"
Information	1/4/2022 6:48:22 AM	Microsoft-Windows-Sysmon	1	Process Create (rule: ProcessCreate)	S-1-5-18	Microsoft-Windows-Sysmon/Operational		Info	DESKTOP-JP20VPR	14108	3560						00000000-0000-0000-0000-000000000000	00000000-0000-0000-0000-000000000000		"Process Create:
RuleName: -
UtcTime: 2022-01-04 11:48:22.634
ProcessGuid: {ec47ca29-3406-61d4-9507-000000008600}
ProcessId: 7508
Image: C:\Program Files\WindowsApps\microsoft.windowscommunicationsapps_16005.14326.20544.0_x64__8wekyb3d8bbwe\HxTsr.exe
FileVersion: 16.0.14326.20544
Description: Microsoft Outlook Communications
Product: Microsoft Office
Company: Microsoft Corporation
OriginalFileName: HxTsr.exe
CommandLine: ""C:\Program Files\WindowsApps\microsoft.windowscommunicationsapps_16005.14326.20544.0_x64__8wekyb3d8bbwe\HxTsr.exe"" -ServerName:Hx.IPC.Server
CurrentDirectory: C:\Program Files\WindowsApps\microsoft.windowscommunicationsapps_16005.14326.20544.0_x64__8wekyb3d8bbwe\
User: DESKTOP-JP20VPR\BobWe
LogonGuid: {ec47ca29-70bf-61d3-9db4-020000000000}
LogonId: 0x2B49D
TerminalSessionId: 1
IntegrityLevel: AppContainer
Hashes: SHA256=1E4F8F9E5BA222FEF70583D43F83929F9E29674A6FC9371F99D9492DCCB79E8F
ParentProcessGuid: {ec47ca29-70be-61d3-0d00-000000008600}
ParentProcessId: 1056
ParentImage: C:\Windows\System32\svchost.exe
ParentCommandLine: C:\Windows\system32\svchost.exe -k DcomLaunch -p
ParentUser: NT AUTHORITY\SYSTEM"
Information	1/4/2022 6:48:22 AM	Microsoft-Windows-Sysmon	1	Process Create (rule: ProcessCreate)	S-1-5-18	Microsoft-Windows-Sysmon/Operational		Info	DESKTOP-JP20VPR	14108	3560						00000000-0000-0000-0000-000000000000	00000000-0000-0000-0000-000000000000		"Process Create:
RuleName: -
UtcTime: 2022-01-04 11:48:22.553
ProcessGuid: {ec47ca29-3406-61d4-9407-000000008600}
ProcessId: 4412
Image: C:\Windows\System32\svchost.exe
FileVersion: 10.0.19041.546 (WinBuild.160101.0800)
Description: Host Process for Windows Services
Product: Microsoft® Windows® Operating System
Company: Microsoft Corporation
OriginalFileName: svchost.exe
CommandLine: C:\Windows\system32\svchost.exe -k wsappx -p -s AppXSvc
CurrentDirectory: C:\Windows\system32\
User: NT AUTHORITY\SYSTEM
LogonGuid: {ec47ca29-70be-61d3-e703-000000000000}
LogonId: 0x3E7
TerminalSessionId: 0
IntegrityLevel: System
Hashes: SHA256=643EC58E82E0272C97C2A59F6020970D881AF19C0AD5029DB9C958C13B6558C7
ParentProcessGuid: {00000000-0000-0000-0000-000000000000}
ParentProcessId: 944
ParentImage: -
ParentCommandLine: -
ParentUser: -"
Information	1/4/2022 6:41:22 AM	Microsoft-Windows-Sysmon	5	Process terminated (rule: ProcessTerminate)	S-1-5-18	Microsoft-Windows-Sysmon/Operational		Info	DESKTOP-JP20VPR	14108	3560						00000000-0000-0000-0000-000000000000	00000000-0000-0000-0000-000000000000		"Process terminated:
RuleName: -
UtcTime: 2022-01-04 11:41:22.647
ProcessGuid: {ec47ca29-30fa-61d4-8f07-000000008600}
ProcessId: 7564
Image: C:\Windows\System32\svchost.exe
User: NT AUTHORITY\SYSTEM"
Information	1/4/2022 6:40:52 AM	Microsoft-Windows-Sysmon	5	Process terminated (rule: ProcessTerminate)	S-1-5-18	Microsoft-Windows-Sysmon/Operational		Info	DESKTOP-JP20VPR	14108	3560						00000000-0000-0000-0000-000000000000	00000000-0000-0000-0000-000000000000		"Process terminated:
RuleName: -
UtcTime: 2022-01-04 11:40:52.010
ProcessGuid: {ec47ca29-3239-61d4-9307-000000008600}
ProcessId: 11920
Image: C:\Program Files (x86)\Microsoft\Edge\Application\96.0.1054.62\identity_helper.exe
User: DESKTOP-JP20VPR\BobWe"
Information	1/4/2022 6:40:41 AM	Microsoft-Windows-Sysmon	1	Process Create (rule: ProcessCreate)	S-1-5-18	Microsoft-Windows-Sysmon/Operational		Info	DESKTOP-JP20VPR	14108	3560						00000000-0000-0000-0000-000000000000	00000000-0000-0000-0000-000000000000		"Process Create:
RuleName: -
UtcTime: 2022-01-04 11:40:41.910
ProcessGuid: {ec47ca29-3239-61d4-9307-000000008600}
ProcessId: 11920
Image: C:\Program Files (x86)\Microsoft\Edge\Application\96.0.1054.62\identity_helper.exe
FileVersion: 96.0.1054.62
Description: PWA Identity Proxy Host
Product: Microsoft Edge
Company: Microsoft Corporation
OriginalFileName: identity_helper.exe
CommandLine: ""C:\Program Files (x86)\Microsoft\Edge\Application\96.0.1054.62\identity_helper.exe"" --type=utility --utility-sub-type=winrt_app_id.mojom.WinrtAppIdService --field-trial-handle=2308,14150179790966226464,16948066822318633601,131072 --lang=en-US --service-sandbox-type=none --mojo-platform-channel-handle=5116 /prefetch:8
CurrentDirectory: C:\Program Files (x86)\Microsoft\Edge\Application\96.0.1054.62\
User: DESKTOP-JP20VPR\BobWe
LogonGuid: {ec47ca29-70bf-61d3-9db4-020000000000}
LogonId: 0x2B49D
TerminalSessionId: 1
IntegrityLevel: Medium
Hashes: SHA256=7914D38736F3CE4F89432E15816711FFFDFD9002FA50CE7205C1176AF9142AB4
ParentProcessGuid: {ec47ca29-70db-61d3-4801-000000008600}
ParentProcessId: 11916
ParentImage: C:\Program Files (x86)\Microsoft\Edge\Application\msedge.exe
ParentCommandLine: ""C:\Program Files (x86)\Microsoft\Edge\Application\msedge.exe"" --no-startup-window --win-session-start /prefetch:5
ParentUser: DESKTOP-JP20VPR\BobWe"
Information	1/4/2022 6:40:41 AM	Microsoft-Windows-Sysmon	5	Process terminated (rule: ProcessTerminate)	S-1-5-18	Microsoft-Windows-Sysmon/Operational		Info	DESKTOP-JP20VPR	14108	3560						00000000-0000-0000-0000-000000000000	00000000-0000-0000-0000-000000000000		"Process terminated:
RuleName: -
UtcTime: 2022-01-04 11:40:41.907
ProcessGuid: {ec47ca29-3239-61d4-9207-000000008600}
ProcessId: 2016
Image: C:\Program Files (x86)\Microsoft\Edge\Application\96.0.1054.62\identity_helper.exe
User: DESKTOP-JP20VPR\BobWe"
Information	1/4/2022 6:40:41 AM	Microsoft-Windows-Sysmon	1	Process Create (rule: ProcessCreate)	S-1-5-18	Microsoft-Windows-Sysmon/Operational		Info	DESKTOP-JP20VPR	14108	3560						00000000-0000-0000-0000-000000000000	00000000-0000-0000-0000-000000000000		"Process Create:
RuleName: -
UtcTime: 2022-01-04 11:40:41.900
ProcessGuid: {ec47ca29-3239-61d4-9207-000000008600}
ProcessId: 2016
Image: C:\Program Files (x86)\Microsoft\Edge\Application\96.0.1054.62\identity_helper.exe
FileVersion: 96.0.1054.62
Description: PWA Identity Proxy Host
Product: Microsoft Edge
Company: Microsoft Corporation
OriginalFileName: identity_helper.exe
CommandLine: ""C:\Program Files (x86)\Microsoft\Edge\Application\96.0.1054.62\identity_helper.exe"" --type=utility --utility-sub-type=winrt_app_id.mojom.WinrtAppIdService --field-trial-handle=2308,14150179790966226464,16948066822318633601,131072 --lang=en-US --service-sandbox-type=none --mojo-platform-channel-handle=5116 /prefetch:8
CurrentDirectory: C:\Program Files (x86)\Microsoft\Edge\Application\96.0.1054.62\
User: DESKTOP-JP20VPR\BobWe
LogonGuid: {ec47ca29-70bf-61d3-9db4-020000000000}
LogonId: 0x2B49D
TerminalSessionId: 1
IntegrityLevel: Medium
Hashes: SHA256=7914D38736F3CE4F89432E15816711FFFDFD9002FA50CE7205C1176AF9142AB4
ParentProcessGuid: {ec47ca29-70db-61d3-4801-000000008600}
ParentProcessId: 11916
ParentImage: C:\Program Files (x86)\Microsoft\Edge\Application\msedge.exe
ParentCommandLine: ""C:\Program Files (x86)\Microsoft\Edge\Application\msedge.exe"" --no-startup-window --win-session-start /prefetch:5
ParentUser: DESKTOP-JP20VPR\BobWe"
Information	1/4/2022 6:40:22 AM	Microsoft-Windows-Sysmon	5	Process terminated (rule: ProcessTerminate)	S-1-5-18	Microsoft-Windows-Sysmon/Operational		Info	DESKTOP-JP20VPR	14108	3560						00000000-0000-0000-0000-000000000000	00000000-0000-0000-0000-000000000000		"Process terminated:
RuleName: -
UtcTime: 2022-01-04 11:40:22.458
ProcessGuid: {ec47ca29-2f56-61d4-8b07-000000008600}
ProcessId: 2656
Image: C:\Windows\System32\svchost.exe
User: NT AUTHORITY\SYSTEM"
Information	1/4/2022 6:36:52 AM	Microsoft-Windows-Sysmon	5	Process terminated (rule: ProcessTerminate)	S-1-5-18	Microsoft-Windows-Sysmon/Operational		Info	DESKTOP-JP20VPR	14108	3560						00000000-0000-0000-0000-000000000000	00000000-0000-0000-0000-000000000000		"Process terminated:
RuleName: -
UtcTime: 2022-01-04 11:36:52.616
ProcessGuid: {ec47ca29-30fa-61d4-9007-000000008600}
ProcessId: 13640
Image: C:\Windows\System32\RuntimeBroker.exe
User: DESKTOP-JP20VPR\BobWe"
Information	1/4/2022 6:36:49 AM	Microsoft-Windows-Sysmon	5	Process terminated (rule: ProcessTerminate)	S-1-5-18	Microsoft-Windows-Sysmon/Operational		Info	DESKTOP-JP20VPR	14108	3560						00000000-0000-0000-0000-000000000000	00000000-0000-0000-0000-000000000000		"Process terminated:
RuleName: -
UtcTime: 2022-01-04 11:36:49.776
ProcessGuid: {ec47ca29-3151-61d4-9107-000000008600}
ProcessId: 2780
Image: C:\Program Files\Common Files\microsoft shared\ClickToRun\OfficeC2RClient.exe
User: NT AUTHORITY\SYSTEM"
Information	1/4/2022 6:36:49 AM	Microsoft-Windows-Sysmon	1	Process Create (rule: ProcessCreate)	S-1-5-18	Microsoft-Windows-Sysmon/Operational		Info	DESKTOP-JP20VPR	14108	3560						00000000-0000-0000-0000-000000000000	00000000-0000-0000-0000-000000000000		"Process Create:
RuleName: -
UtcTime: 2022-01-04 11:36:49.674
ProcessGuid: {ec47ca29-3151-61d4-9107-000000008600}
ProcessId: 2780
Image: C:\Program Files\Common Files\microsoft shared\ClickToRun\OfficeC2RClient.exe
FileVersion: 16.0.14701.20240
Description: Microsoft Office Click-to-Run Client
Product: Microsoft Office
Company: Microsoft Corporation
OriginalFileName: OfficeC2RClient.exe
CommandLine: ""C:\Program Files\Common Files\Microsoft Shared\ClickToRun\OfficeC2RClient.exe"" /frequentupdate SCHEDULEDTASK displaylevel=False
CurrentDirectory: C:\Windows\system32\
User: NT AUTHORITY\SYSTEM
LogonGuid: {ec47ca29-70be-61d3-e703-000000000000}
LogonId: 0x3E7
TerminalSessionId: 0
IntegrityLevel: System
Hashes: SHA256=6577A3493D83494E233701B96CD87D2904A5F2D4B0AEF52930DEBA75ACDE04E8
ParentProcessGuid: {ec47ca29-70bf-61d3-1c00-000000008600}
ParentProcessId: 1716
ParentImage: C:\Windows\System32\svchost.exe
ParentCommandLine: C:\Windows\system32\svchost.exe -k netsvcs -p -s Schedule
ParentUser: NT AUTHORITY\SYSTEM"
Information	1/4/2022 6:36:22 AM	Microsoft-Windows-Sysmon	5	Process terminated (rule: ProcessTerminate)	S-1-5-18	Microsoft-Windows-Sysmon/Operational		Info	DESKTOP-JP20VPR	14108	3560						00000000-0000-0000-0000-000000000000	00000000-0000-0000-0000-000000000000		"Process terminated:
RuleName: -
UtcTime: 2022-01-04 11:36:22.599
ProcessGuid: {ec47ca29-30fa-61d4-8e07-000000008600}
ProcessId: 788
Image: C:\Windows\System32\backgroundTaskHost.exe
User: DESKTOP-JP20VPR\BobWe"
