Information,1/3/2022 5:53:19 PM,Microsoft-Windows-Sysmon,1,Process Create (rule: ProcessCreate),S-1-5-18,Microsoft-Windows-Sysmon/Operational,,Info,DESKTOP-JP20VPR,14108,3560,,,,,,00000000-0000-0000-0000-000000000000,00000000-0000-0000-0000-000000000000,,"Process Create:
RuleName: -
UtcTime: 2022-01-03 22:53:19.354
ProcessGuid: {ec47ca29-7e5f-61d3-9003-000000008600}
ProcessId: 776
Image: C:\Program Files\Google\Chrome\Application\chrome.exe
FileVersion: 96.0.4664.110
Description: Google Chrome
Product: Google Chrome
Company: Google LLC
OriginalFileName: chrome.exe
CommandLine: ""C:\Program Files\Google\Chrome\Application\chrome.exe"" --type=renderer --display-capture-permissions-policy-allowed --origin-trial-disabled-features=CaptureHandle --field-trial-handle=1704,4209033002119389492,12267350203109084414,131072 --lang=en-US --device-scale-factor=1 --num-raster-threads=4 --enable-main-frame-before-activation --renderer-client-id=178 --mojo-platform-channel-handle=13076 /prefetch:1
CurrentDirectory: C:\Program Files\Google\Chrome\Application\96.0.4664.110\
User: DESKTOP-JP20VPR\BobWe
LogonGuid: {ec47ca29-70bf-61d3-9db4-020000000000}
LogonId: 0x2B49D
TerminalSessionId: 1
IntegrityLevel: Low
Hashes: SHA256=ACFB588D8780EE19C192515D376CE7F9B2B0F936487008D3733F9730425E657B
ParentProcessGuid: {ec47ca29-70dd-61d3-6101-000000008600}
ParentProcessId: 1976
ParentImage: C:\Program Files\Google\Chrome\Application\chrome.exe
ParentCommandLine: ""C:\Program Files\Google\Chrome\Application\chrome.exe"" --no-startup-window /prefetch:5
ParentUser: DESKTOP-JP20VPR\BobWe"
Information,1/3/2022 5:53:17 PM,Microsoft-Windows-Sysmon,1,Process Create (rule: ProcessCreate),S-1-5-18,Microsoft-Windows-Sysmon/Operational,,Info,DESKTOP-JP20VPR,14108,3560,,,,,,00000000-0000-0000-0000-000000000000,00000000-0000-0000-0000-000000000000,,"Process Create:
RuleName: -
UtcTime: 2022-01-03 22:53:17.471
ProcessGuid: {ec47ca29-7e5d-61d3-8f03-000000008600}
ProcessId: 14968
Image: C:\Program Files\Google\Chrome\Application\chrome.exe
FileVersion: 96.0.4664.110
Description: Google Chrome
Product: Google Chrome
Company: Google LLC
OriginalFileName: chrome.exe
CommandLine: ""C:\Program Files\Google\Chrome\Application\chrome.exe"" --type=renderer --display-capture-permissions-policy-allowed --origin-trial-disabled-features=CaptureHandle --field-trial-handle=1704,4209033002119389492,12267350203109084414,131072 --lang=en-US --device-scale-factor=1 --num-raster-threads=4 --enable-main-frame-before-activation --renderer-client-id=177 --mojo-platform-channel-handle=7672 /prefetch:1
CurrentDirectory: C:\Program Files\Google\Chrome\Application\96.0.4664.110\
User: DESKTOP-JP20VPR\BobWe
LogonGuid: {ec47ca29-70bf-61d3-9db4-020000000000}
LogonId: 0x2B49D
TerminalSessionId: 1
IntegrityLevel: Low
Hashes: SHA256=ACFB588D8780EE19C192515D376CE7F9B2B0F936487008D3733F9730425E657B
ParentProcessGuid: {ec47ca29-70dd-61d3-6101-000000008600}
ParentProcessId: 1976
ParentImage: C:\Program Files\Google\Chrome\Application\chrome.exe
ParentCommandLine: ""C:\Program Files\Google\Chrome\Application\chrome.exe"" --no-startup-window /prefetch:5
ParentUser: DESKTOP-JP20VPR\BobWe"
Information,1/3/2022 5:53:16 PM,Microsoft-Windows-Sysmon,5,Process terminated (rule: ProcessTerminate),S-1-5-18,Microsoft-Windows-Sysmon/Operational,,Info,DESKTOP-JP20VPR,14108,3560,,,,,,00000000-0000-0000-0000-000000000000,00000000-0000-0000-0000-000000000000,,"Process terminated:
RuleName: -
UtcTime: 2022-01-03 22:53:16.686
ProcessGuid: {ec47ca29-7e13-61d3-8703-000000008600}
ProcessId: 12708
Image: C:\Program Files\Google\Chrome\Application\chrome.exe
User: DESKTOP-JP20VPR\BobWe"
Information,1/3/2022 5:53:16 PM,Microsoft-Windows-Sysmon,1,Process Create (rule: ProcessCreate),S-1-5-18,Microsoft-Windows-Sysmon/Operational,,Info,DESKTOP-JP20VPR,14108,3560,,,,,,00000000-0000-0000-0000-000000000000,00000000-0000-0000-0000-000000000000,,"Process Create:
RuleName: -
UtcTime: 2022-01-03 22:53:16.161
ProcessGuid: {ec47ca29-7e5c-61d3-8e03-000000008600}
ProcessId: 11432
Image: C:\Program Files\Google\Chrome\Application\chrome.exe
FileVersion: 96.0.4664.110
Description: Google Chrome
Product: Google Chrome
Company: Google LLC
OriginalFileName: chrome.exe
CommandLine: ""C:\Program Files\Google\Chrome\Application\chrome.exe"" --type=renderer --display-capture-permissions-policy-allowed --origin-trial-disabled-features=CaptureHandle --field-trial-handle=1704,4209033002119389492,12267350203109084414,131072 --lang=en-US --device-scale-factor=1 --num-raster-threads=4 --enable-main-frame-before-activation --renderer-client-id=176 --mojo-platform-channel-handle=12688 /prefetch:1
CurrentDirectory: C:\Program Files\Google\Chrome\Application\96.0.4664.110\
User: DESKTOP-JP20VPR\BobWe
LogonGuid: {ec47ca29-70bf-61d3-9db4-020000000000}
LogonId: 0x2B49D
TerminalSessionId: 1
IntegrityLevel: Low
Hashes: SHA256=ACFB588D8780EE19C192515D376CE7F9B2B0F936487008D3733F9730425E657B
ParentProcessGuid: {ec47ca29-70dd-61d3-6101-000000008600}
ParentProcessId: 1976
ParentImage: C:\Program Files\Google\Chrome\Application\chrome.exe
ParentCommandLine: ""C:\Program Files\Google\Chrome\Application\chrome.exe"" --no-startup-window /prefetch:5
ParentUser: DESKTOP-JP20VPR\BobWe"
Information,1/3/2022 5:52:39 PM,Microsoft-Windows-Sysmon,5,Process terminated (rule: ProcessTerminate),S-1-5-18,Microsoft-Windows-Sysmon/Operational,,Info,DESKTOP-JP20VPR,14108,3560,,,,,,00000000-0000-0000-0000-000000000000,00000000-0000-0000-0000-000000000000,,"Process terminated:
RuleName: -
UtcTime: 2022-01-03 22:52:39.985
ProcessGuid: {ec47ca29-7e36-61d3-8c03-000000008600}
ProcessId: 18276
Image: C:\Program Files\Mozilla Firefox\firefox.exe
User: DESKTOP-JP20VPR\BobWe"
Information,1/3/2022 5:52:39 PM,Microsoft-Windows-Sysmon,5,Process terminated (rule: ProcessTerminate),S-1-5-18,Microsoft-Windows-Sysmon/Operational,,Info,DESKTOP-JP20VPR,14108,3560,,,,,,00000000-0000-0000-0000-000000000000,00000000-0000-0000-0000-000000000000,,"Process terminated:
RuleName: -
UtcTime: 2022-01-03 22:52:39.968
ProcessGuid: {ec47ca29-7e36-61d3-8d03-000000008600}
ProcessId: 17356
Image: C:\Program Files\Mozilla Firefox\firefox.exe
User: DESKTOP-JP20VPR\BobWe"
Information,1/3/2022 5:52:38 PM,Microsoft-Windows-Sysmon,1,Process Create (rule: ProcessCreate),S-1-5-18,Microsoft-Windows-Sysmon/Operational,,Info,DESKTOP-JP20VPR,14108,3560,,,,,,00000000-0000-0000-0000-000000000000,00000000-0000-0000-0000-000000000000,,"Process Create:
RuleName: -
UtcTime: 2022-01-03 22:52:38.170
ProcessGuid: {ec47ca29-7e36-61d3-8d03-000000008600}
ProcessId: 17356
Image: C:\Program Files\Mozilla Firefox\firefox.exe
FileVersion: 95.0.2
Description: Firefox
Product: Firefox
Company: Mozilla Corporation
OriginalFileName: firefox.exe
CommandLine: ""C:\Program Files\Mozilla Firefox\firefox.exe"" --MOZ_LOG sync,prependheader,timestamp,append,maxsize:1,Dump:5 --MOZ_LOG_FILE C:\ProgramData\Mozilla\updates\308046B0AF4A39CB\backgroundupdate.moz_log --backgroundtask backgroundupdate
CurrentDirectory: C:\ProgramData\Mozilla\updates\308046B0AF4A39CB\
User: DESKTOP-JP20VPR\BobWe
LogonGuid: {ec47ca29-70bf-61d3-9db4-020000000000}
LogonId: 0x2B49D
TerminalSessionId: 1
IntegrityLevel: Medium
Hashes: SHA256=18E361D2C7C143442AC65EB33B581BFA022C943EC82205FC89C6C4D727C5E7CF
ParentProcessGuid: {ec47ca29-7e36-61d3-8c03-000000008600}
ParentProcessId: 18276
ParentImage: C:\Program Files\Mozilla Firefox\firefox.exe
ParentCommandLine: ""C:\Program Files\Mozilla Firefox\firefox.exe"" --MOZ_LOG sync,prependheader,timestamp,append,maxsize:1,Dump:5 --MOZ_LOG_FILE C:\ProgramData\Mozilla\updates\308046B0AF4A39CB\backgroundupdate.moz_log --backgroundtask backgroundupdate
ParentUser: DESKTOP-JP20VPR\BobWe"
Information,1/3/2022 5:52:38 PM,Microsoft-Windows-Sysmon,1,Process Create (rule: ProcessCreate),S-1-5-18,Microsoft-Windows-Sysmon/Operational,,Info,DESKTOP-JP20VPR,14108,3560,,,,,,00000000-0000-0000-0000-000000000000,00000000-0000-0000-0000-000000000000,,"Process Create:
RuleName: -
UtcTime: 2022-01-03 22:52:38.112
ProcessGuid: {ec47ca29-7e36-61d3-8c03-000000008600}
ProcessId: 18276
Image: C:\Program Files\Mozilla Firefox\firefox.exe
FileVersion: 95.0.2
Description: Firefox
Product: Firefox
Company: Mozilla Corporation
OriginalFileName: firefox.exe
CommandLine: ""C:\Program Files\Mozilla Firefox\firefox.exe"" --MOZ_LOG sync,prependheader,timestamp,append,maxsize:1,Dump:5 --MOZ_LOG_FILE C:\ProgramData\Mozilla\updates\308046B0AF4A39CB\backgroundupdate.moz_log --backgroundtask backgroundupdate
CurrentDirectory: C:\ProgramData\Mozilla\updates\308046B0AF4A39CB\
User: DESKTOP-JP20VPR\BobWe
LogonGuid: {ec47ca29-70bf-61d3-9db4-020000000000}
LogonId: 0x2B49D
TerminalSessionId: 1
IntegrityLevel: Medium
Hashes: SHA256=18E361D2C7C143442AC65EB33B581BFA022C943EC82205FC89C6C4D727C5E7CF
ParentProcessGuid: {ec47ca29-70bf-61d3-1c00-000000008600}
ParentProcessId: 1716
ParentImage: C:\Windows\System32\svchost.exe
ParentCommandLine: C:\Windows\system32\svchost.exe -k netsvcs -p -s Schedule
ParentUser: NT AUTHORITY\SYSTEM"
Information,1/3/2022 5:52:08 PM,Microsoft-Windows-Sysmon,5,Process terminated (rule: ProcessTerminate),S-1-5-18,Microsoft-Windows-Sysmon/Operational,,Info,DESKTOP-JP20VPR,14108,3560,,,,,,00000000-0000-0000-0000-000000000000,00000000-0000-0000-0000-000000000000,,"Process terminated:
RuleName: -
UtcTime: 2022-01-03 22:52:08.080
ProcessGuid: {ec47ca29-7c9a-61d3-7003-000000008600}
ProcessId: 15300
Image: C:\Program Files\Google\Chrome\Application\chrome.exe
User: DESKTOP-JP20VPR\BobWe"
Information,1/3/2022 5:52:08 PM,Microsoft-Windows-Sysmon,5,Process terminated (rule: ProcessTerminate),S-1-5-18,Microsoft-Windows-Sysmon/Operational,,Info,DESKTOP-JP20VPR,14108,3560,,,,,,00000000-0000-0000-0000-000000000000,00000000-0000-0000-0000-000000000000,,"Process terminated:
RuleName: -
UtcTime: 2022-01-03 22:52:08.077
ProcessGuid: {ec47ca29-7e13-61d3-8603-000000008600}
ProcessId: 5460
Image: C:\Program Files\Google\Chrome\Application\chrome.exe
User: DESKTOP-JP20VPR\BobWe"
Information,1/3/2022 5:52:07 PM,Microsoft-Windows-Sysmon,1,Process Create (rule: ProcessCreate),S-1-5-18,Microsoft-Windows-Sysmon/Operational,,Info,DESKTOP-JP20VPR,14108,3560,,,,,,00000000-0000-0000-0000-000000000000,00000000-0000-0000-0000-000000000000,,"Process Create:
RuleName: -
UtcTime: 2022-01-03 22:52:07.959
ProcessGuid: {ec47ca29-7e17-61d3-8b03-000000008600}
ProcessId: 9992
Image: C:\Program Files\Google\Chrome\Application\chrome.exe
FileVersion: 96.0.4664.110
Description: Google Chrome
Product: Google Chrome
Company: Google LLC
OriginalFileName: chrome.exe
CommandLine: ""C:\Program Files\Google\Chrome\Application\chrome.exe"" --type=renderer --display-capture-permissions-policy-allowed --origin-trial-disabled-features=CaptureHandle --field-trial-handle=1704,4209033002119389492,12267350203109084414,131072 --lang=en-US --device-scale-factor=1 --num-raster-threads=4 --enable-main-frame-before-activation --renderer-client-id=175 --mojo-platform-channel-handle=12544 /prefetch:1
CurrentDirectory: C:\Program Files\Google\Chrome\Application\96.0.4664.110\
User: DESKTOP-JP20VPR\BobWe
LogonGuid: {ec47ca29-70bf-61d3-9db4-020000000000}
LogonId: 0x2B49D
TerminalSessionId: 1
IntegrityLevel: Low
Hashes: SHA256=ACFB588D8780EE19C192515D376CE7F9B2B0F936487008D3733F9730425E657B
ParentProcessGuid: {ec47ca29-70dd-61d3-6101-000000008600}
ParentProcessId: 1976
ParentImage: C:\Program Files\Google\Chrome\Application\chrome.exe
ParentCommandLine: ""C:\Program Files\Google\Chrome\Application\chrome.exe"" --no-startup-window /prefetch:5
ParentUser: DESKTOP-JP20VPR\BobWe"
Information,1/3/2022 5:52:03 PM,Microsoft-Windows-Sysmon,5,Process terminated (rule: ProcessTerminate),S-1-5-18,Microsoft-Windows-Sysmon/Operational,,Info,DESKTOP-JP20VPR,14108,3560,,,,,,00000000-0000-0000-0000-000000000000,00000000-0000-0000-0000-000000000000,,"Process terminated:
RuleName: -
UtcTime: 2022-01-03 22:52:03.552
ProcessGuid: {ec47ca29-7e13-61d3-8a03-000000008600}
ProcessId: 18208
Image: C:\Program Files\Google\Chrome\Application\chrome.exe
User: DESKTOP-JP20VPR\BobWe"
Information,1/3/2022 5:52:03 PM,Microsoft-Windows-Sysmon,5,Process terminated (rule: ProcessTerminate),S-1-5-18,Microsoft-Windows-Sysmon/Operational,,Info,DESKTOP-JP20VPR,14108,3560,,,,,,00000000-0000-0000-0000-000000000000,00000000-0000-0000-0000-000000000000,,"Process terminated:
RuleName: -
UtcTime: 2022-01-03 22:52:03.547
ProcessGuid: {ec47ca29-7e13-61d3-8903-000000008600}
ProcessId: 10492
Image: C:\Program Files\Google\Chrome\Application\chrome.exe
User: DESKTOP-JP20VPR\BobWe"
Information,1/3/2022 5:52:03 PM,Microsoft-Windows-Sysmon,1,Process Create (rule: ProcessCreate),S-1-5-18,Microsoft-Windows-Sysmon/Operational,,Info,DESKTOP-JP20VPR,14108,3560,,,,,,00000000-0000-0000-0000-000000000000,00000000-0000-0000-0000-000000000000,,"Process Create:
RuleName: -
UtcTime: 2022-01-03 22:52:03.524
ProcessGuid: {ec47ca29-7e13-61d3-8a03-000000008600}
ProcessId: 18208
Image: C:\Program Files\Google\Chrome\Application\chrome.exe
FileVersion: 96.0.4664.110
Description: Google Chrome
Product: Google Chrome
Company: Google LLC
OriginalFileName: chrome.exe
CommandLine: ""C:\Program Files\Google\Chrome\Application\chrome.exe"" --type=utility --utility-sub-type=data_decoder.mojom.DataDecoderService --field-trial-handle=1704,4209033002119389492,12267350203109084414,131072 --lang=en-US --service-sandbox-type=service --mojo-platform-channel-handle=12696 /prefetch:8
CurrentDirectory: C:\Program Files\Google\Chrome\Application\96.0.4664.110\
User: DESKTOP-JP20VPR\BobWe
LogonGuid: {ec47ca29-70bf-61d3-9db4-020000000000}
LogonId: 0x2B49D
TerminalSessionId: 1
IntegrityLevel: Low
Hashes: SHA256=ACFB588D8780EE19C192515D376CE7F9B2B0F936487008D3733F9730425E657B
ParentProcessGuid: {ec47ca29-70dd-61d3-6101-000000008600}
ParentProcessId: 1976
ParentImage: C:\Program Files\Google\Chrome\Application\chrome.exe
ParentCommandLine: ""C:\Program Files\Google\Chrome\Application\chrome.exe"" --no-startup-window /prefetch:5
ParentUser: DESKTOP-JP20VPR\BobWe"
Information,1/3/2022 5:52:03 PM,Microsoft-Windows-Sysmon,1,Process Create (rule: ProcessCreate),S-1-5-18,Microsoft-Windows-Sysmon/Operational,,Info,DESKTOP-JP20VPR,14108,3560,,,,,,00000000-0000-0000-0000-000000000000,00000000-0000-0000-0000-000000000000,,"Process Create:
RuleName: -
UtcTime: 2022-01-03 22:52:03.516
ProcessGuid: {ec47ca29-7e13-61d3-8903-000000008600}
ProcessId: 10492
Image: C:\Program Files\Google\Chrome\Application\chrome.exe
FileVersion: 96.0.4664.110
Description: Google Chrome
Product: Google Chrome
Company: Google LLC
OriginalFileName: chrome.exe
CommandLine: ""C:\Program Files\Google\Chrome\Application\chrome.exe"" --type=utility --utility-sub-type=data_decoder.mojom.DataDecoderService --field-trial-handle=1704,4209033002119389492,12267350203109084414,131072 --lang=en-US --service-sandbox-type=service --mojo-platform-channel-handle=12544 /prefetch:8
CurrentDirectory: C:\Program Files\Google\Chrome\Application\96.0.4664.110\
User: DESKTOP-JP20VPR\BobWe
LogonGuid: {ec47ca29-70bf-61d3-9db4-020000000000}
LogonId: 0x2B49D
TerminalSessionId: 1
IntegrityLevel: Low
Hashes: SHA256=ACFB588D8780EE19C192515D376CE7F9B2B0F936487008D3733F9730425E657B
ParentProcessGuid: {ec47ca29-70dd-61d3-6101-000000008600}
ParentProcessId: 1976
ParentImage: C:\Program Files\Google\Chrome\Application\chrome.exe
ParentCommandLine: ""C:\Program Files\Google\Chrome\Application\chrome.exe"" --no-startup-window /prefetch:5
ParentUser: DESKTOP-JP20VPR\BobWe"
Information,1/3/2022 5:52:03 PM,Microsoft-Windows-Sysmon,5,Process terminated (rule: ProcessTerminate),S-1-5-18,Microsoft-Windows-Sysmon/Operational,,Info,DESKTOP-JP20VPR,14108,3560,,,,,,00000000-0000-0000-0000-000000000000,00000000-0000-0000-0000-000000000000,,"Process terminated:
RuleName: -
UtcTime: 2022-01-03 22:52:03.501
ProcessGuid: {ec47ca29-7e13-61d3-8803-000000008600}
ProcessId: 5260
Image: C:\Program Files\Google\Chrome\Application\chrome.exe
User: DESKTOP-JP20VPR\BobWe"
Information,1/3/2022 5:52:03 PM,Microsoft-Windows-Sysmon,1,Process Create (rule: ProcessCreate),S-1-5-18,Microsoft-Windows-Sysmon/Operational,,Info,DESKTOP-JP20VPR,14108,3560,,,,,,00000000-0000-0000-0000-000000000000,00000000-0000-0000-0000-000000000000,,"Process Create:
RuleName: -
UtcTime: 2022-01-03 22:52:03.473
ProcessGuid: {ec47ca29-7e13-61d3-8803-000000008600}
ProcessId: 5260
Image: C:\Program Files\Google\Chrome\Application\chrome.exe
FileVersion: 96.0.4664.110
Description: Google Chrome
Product: Google Chrome
Company: Google LLC
OriginalFileName: chrome.exe
CommandLine: ""C:\Program Files\Google\Chrome\Application\chrome.exe"" --type=utility --utility-sub-type=data_decoder.mojom.DataDecoderService --field-trial-handle=1704,4209033002119389492,12267350203109084414,131072 --lang=en-US --service-sandbox-type=service --mojo-platform-channel-handle=13280 /prefetch:8
CurrentDirectory: C:\Program Files\Google\Chrome\Application\96.0.4664.110\
User: DESKTOP-JP20VPR\BobWe
LogonGuid: {ec47ca29-70bf-61d3-9db4-020000000000}
LogonId: 0x2B49D
TerminalSessionId: 1
IntegrityLevel: Low
Hashes: SHA256=ACFB588D8780EE19C192515D376CE7F9B2B0F936487008D3733F9730425E657B
ParentProcessGuid: {ec47ca29-70dd-61d3-6101-000000008600}
ParentProcessId: 1976
ParentImage: C:\Program Files\Google\Chrome\Application\chrome.exe
ParentCommandLine: ""C:\Program Files\Google\Chrome\Application\chrome.exe"" --no-startup-window /prefetch:5
ParentUser: DESKTOP-JP20VPR\BobWe"
Information,1/3/2022 5:52:03 PM,Microsoft-Windows-Sysmon,1,Process Create (rule: ProcessCreate),S-1-5-18,Microsoft-Windows-Sysmon/Operational,,Info,DESKTOP-JP20VPR,14108,3560,,,,,,00000000-0000-0000-0000-000000000000,00000000-0000-0000-0000-000000000000,,"Process Create:
RuleName: -
UtcTime: 2022-01-03 22:52:03.403
ProcessGuid: {ec47ca29-7e13-61d3-8703-000000008600}
ProcessId: 12708
Image: C:\Program Files\Google\Chrome\Application\chrome.exe
FileVersion: 96.0.4664.110
Description: Google Chrome
Product: Google Chrome
Company: Google LLC
OriginalFileName: chrome.exe
CommandLine: ""C:\Program Files\Google\Chrome\Application\chrome.exe"" --type=renderer --display-capture-permissions-policy-allowed --origin-trial-disabled-features=CaptureHandle --field-trial-handle=1704,4209033002119389492,12267350203109084414,131072 --lang=en-US --device-scale-factor=1 --num-raster-threads=4 --enable-main-frame-before-activation --renderer-client-id=171 --mojo-platform-channel-handle=12528 /prefetch:1
CurrentDirectory: C:\Program Files\Google\Chrome\Application\96.0.4664.110\
User: DESKTOP-JP20VPR\BobWe
LogonGuid: {ec47ca29-70bf-61d3-9db4-020000000000}
LogonId: 0x2B49D
TerminalSessionId: 1
IntegrityLevel: Low
Hashes: SHA256=ACFB588D8780EE19C192515D376CE7F9B2B0F936487008D3733F9730425E657B
ParentProcessGuid: {ec47ca29-70dd-61d3-6101-000000008600}
ParentProcessId: 1976
ParentImage: C:\Program Files\Google\Chrome\Application\chrome.exe
ParentCommandLine: ""C:\Program Files\Google\Chrome\Application\chrome.exe"" --no-startup-window /prefetch:5
ParentUser: DESKTOP-JP20VPR\BobWe"
Information,1/3/2022 5:52:03 PM,Microsoft-Windows-Sysmon,1,Process Create (rule: ProcessCreate),S-1-5-18,Microsoft-Windows-Sysmon/Operational,,Info,DESKTOP-JP20VPR,14108,3560,,,,,,00000000-0000-0000-0000-000000000000,00000000-0000-0000-0000-000000000000,,"Process Create:
RuleName: -
UtcTime: 2022-01-03 22:52:03.274
ProcessGuid: {ec47ca29-7e13-61d3-8603-000000008600}
ProcessId: 5460
Image: C:\Program Files\Google\Chrome\Application\chrome.exe
FileVersion: 96.0.4664.110
Description: Google Chrome
Product: Google Chrome
Company: Google LLC
OriginalFileName: chrome.exe
CommandLine: ""C:\Program Files\Google\Chrome\Application\chrome.exe"" --type=renderer --display-capture-permissions-policy-allowed --origin-trial-disabled-features=CaptureHandle --field-trial-handle=1704,4209033002119389492,12267350203109084414,131072 --lang=en-US --device-scale-factor=1 --num-raster-threads=4 --enable-main-frame-before-activation --renderer-client-id=170 --mojo-platform-channel-handle=12388 /prefetch:1
CurrentDirectory: C:\Program Files\Google\Chrome\Application\96.0.4664.110\
User: DESKTOP-JP20VPR\BobWe
LogonGuid: {ec47ca29-70bf-61d3-9db4-020000000000}
LogonId: 0x2B49D
TerminalSessionId: 1
IntegrityLevel: Low
Hashes: SHA256=ACFB588D8780EE19C192515D376CE7F9B2B0F936487008D3733F9730425E657B
ParentProcessGuid: {ec47ca29-70dd-61d3-6101-000000008600}
ParentProcessId: 1976
ParentImage: C:\Program Files\Google\Chrome\Application\chrome.exe
ParentCommandLine: ""C:\Program Files\Google\Chrome\Application\chrome.exe"" --no-startup-window /prefetch:5
ParentUser: DESKTOP-JP20VPR\BobWe"
Information,1/3/2022 5:51:52 PM,Microsoft-Windows-Sysmon,5,Process terminated (rule: ProcessTerminate),S-1-5-18,Microsoft-Windows-Sysmon/Operational,,Info,DESKTOP-JP20VPR,14108,3560,,,,,,00000000-0000-0000-0000-000000000000,00000000-0000-0000-0000-000000000000,,"Process terminated:
RuleName: -
UtcTime: 2022-01-03 22:51:52.639
ProcessGuid: {ec47ca29-7dae-61d3-7903-000000008600}
ProcessId: 6688
Image: C:\Windows\System32\RuntimeBroker.exe
User: DESKTOP-JP20VPR\BobWe"
Information,1/3/2022 5:51:41 PM,Microsoft-Windows-Sysmon,1,Process Create (rule: ProcessCreate),S-1-5-18,Microsoft-Windows-Sysmon/Operational,,Info,DESKTOP-JP20VPR,14108,3560,,,,,,00000000-0000-0000-0000-000000000000,00000000-0000-0000-0000-000000000000,,"Process Create:
RuleName: -
UtcTime: 2022-01-03 22:51:41.370
ProcessGuid: {ec47ca29-7dfd-61d3-8503-000000008600}
ProcessId: 16940
Image: C:\Windows\System32\more.com
FileVersion: 10.0.19041.1 (WinBuild.160101.0800)
Description: More Utility
Product: Microsoft® Windows® Operating System
Company: Microsoft Corporation
OriginalFileName: MORE.COM
CommandLine: ""C:\Windows\system32\more.com""
CurrentDirectory: C:\Users\BobWe\OneDrive\Desktop\Projects\Projects2022\
User: DESKTOP-JP20VPR\BobWe
LogonGuid: {ec47ca29-70bf-61d3-7aae-020000000000}
LogonId: 0x2AE7A
TerminalSessionId: 1
IntegrityLevel: High
Hashes: SHA256=9AD24FF20594B4DF37BFC87236868D905F51F13BF9C6F1474B1736C8E7BEFD24
ParentProcessGuid: {ec47ca29-75af-61d3-d102-000000008600}
ParentProcessId: 9292
ParentImage: C:\Windows\System32\WindowsPowerShell\v1.0\powershell.exe
ParentCommandLine: ""C:\Windows\system32\WindowsPowerShell\v1.0\PowerShell.exe"" 
ParentUser: DESKTOP-JP20VPR\BobWe"
Information,1/3/2022 5:51:41 PM,Microsoft-Windows-Sysmon,5,Process terminated (rule: ProcessTerminate),S-1-5-18,Microsoft-Windows-Sysmon/Operational,,Info,DESKTOP-JP20VPR,14108,3560,,,,,,00000000-0000-0000-0000-000000000000,00000000-0000-0000-0000-000000000000,,"Process terminated:
RuleName: -
UtcTime: 2022-01-03 22:51:41.367
ProcessGuid: {ec47ca29-7dfd-61d3-8303-000000008600}
ProcessId: 3864
Image: C:\Users\BobWe\OneDrive\Desktop\Projects\Projects2022\Sysmon.exe
User: DESKTOP-JP20VPR\BobWe"
Information,1/3/2022 5:51:41 PM,Microsoft-Windows-Sysmon,5,Process terminated (rule: ProcessTerminate),S-1-5-18,Microsoft-Windows-Sysmon/Operational,,Info,DESKTOP-JP20VPR,14108,3560,,,,,,00000000-0000-0000-0000-000000000000,00000000-0000-0000-0000-000000000000,,"Process terminated:
RuleName: -
UtcTime: 2022-01-03 22:51:41.365
ProcessGuid: {ec47ca29-7dfd-61d3-8403-000000008600}
ProcessId: 10528
Image: C:\Users\BobWe\AppData\Local\Temp\Sysmon.exe
User: DESKTOP-JP20VPR\BobWe"
Information,1/3/2022 5:51:41 PM,Microsoft-Windows-Sysmon,1,Process Create (rule: ProcessCreate),S-1-5-18,Microsoft-Windows-Sysmon/Operational,,Info,DESKTOP-JP20VPR,14108,3560,,,,,,00000000-0000-0000-0000-000000000000,00000000-0000-0000-0000-000000000000,,"Process Create:
RuleName: -
UtcTime: 2022-01-03 22:51:41.276
ProcessGuid: {ec47ca29-7dfd-61d3-8403-000000008600}
ProcessId: 10528
Image: C:\Users\BobWe\AppData\Local\Temp\Sysmon.exe
FileVersion: 13.31
Description: System activity monitor
Product: Sysinternals Sysmon
Company: Sysinternals - www.sysinternals.com
OriginalFileName: -
CommandLine: ""C:\Users\BobWe\OneDrive\Desktop\Projects\Projects2022\Sysmon.exe"" -s
CurrentDirectory: C:\Users\BobWe\OneDrive\Desktop\Projects\Projects2022\
User: DESKTOP-JP20VPR\BobWe
LogonGuid: {ec47ca29-70bf-61d3-7aae-020000000000}
LogonId: 0x2AE7A
TerminalSessionId: 1
IntegrityLevel: High
Hashes: SHA256=16995CE46136A86CD128751CFB37195E33B33845FB7CD215420BEA8C87ECC1B4
ParentProcessGuid: {ec47ca29-7dfd-61d3-8303-000000008600}
ParentProcessId: 3864
ParentImage: C:\Users\BobWe\OneDrive\Desktop\Projects\Projects2022\Sysmon.exe
ParentCommandLine: ""C:\Users\BobWe\OneDrive\Desktop\Projects\Projects2022\Sysmon.exe"" -s
ParentUser: DESKTOP-JP20VPR\BobWe"
Information,1/3/2022 5:51:41 PM,Microsoft-Windows-Sysmon,1,Process Create (rule: ProcessCreate),S-1-5-18,Microsoft-Windows-Sysmon/Operational,,Info,DESKTOP-JP20VPR,14108,3560,,,,,,00000000-0000-0000-0000-000000000000,00000000-0000-0000-0000-000000000000,,"Process Create:
RuleName: -
UtcTime: 2022-01-03 22:51:41.198
ProcessGuid: {ec47ca29-7dfd-61d3-8303-000000008600}
ProcessId: 3864
Image: C:\Users\BobWe\OneDrive\Desktop\Projects\Projects2022\Sysmon.exe
FileVersion: 13.31
Description: System activity monitor
Product: Sysinternals Sysmon
Company: Sysinternals - www.sysinternals.com
OriginalFileName: -
CommandLine: ""C:\Users\BobWe\OneDrive\Desktop\Projects\Projects2022\Sysmon.exe"" -s
CurrentDirectory: C:\Users\BobWe\OneDrive\Desktop\Projects\Projects2022\
User: DESKTOP-JP20VPR\BobWe
LogonGuid: {ec47ca29-70bf-61d3-7aae-020000000000}
LogonId: 0x2AE7A
TerminalSessionId: 1
IntegrityLevel: High
Hashes: SHA256=951150BC618C7DFE14F1D16E136DA0D62D3DE2E960C83EAE08E12AAD2D0F4246
ParentProcessGuid: {ec47ca29-75af-61d3-d102-000000008600}
ParentProcessId: 9292
ParentImage: C:\Windows\System32\WindowsPowerShell\v1.0\powershell.exe
ParentCommandLine: ""C:\Windows\system32\WindowsPowerShell\v1.0\PowerShell.exe"" 
ParentUser: DESKTOP-JP20VPR\BobWe"
Information,1/3/2022 5:51:37 PM,Microsoft-Windows-Sysmon,5,Process terminated (rule: ProcessTerminate),S-1-5-18,Microsoft-Windows-Sysmon/Operational,,Info,DESKTOP-JP20VPR,14108,3560,,,,,,00000000-0000-0000-0000-000000000000,00000000-0000-0000-0000-000000000000,,"Process terminated:
RuleName: -
UtcTime: 2022-01-03 22:51:37.782
ProcessGuid: {ec47ca29-7dc4-61d3-8203-000000008600}
ProcessId: 15664
Image: C:\Windows\System32\more.com
User: DESKTOP-JP20VPR\BobWe"
Information,1/3/2022 5:51:22 PM,Microsoft-Windows-Sysmon,5,Process terminated (rule: ProcessTerminate),S-1-5-18,Microsoft-Windows-Sysmon/Operational,,Info,DESKTOP-JP20VPR,14108,3560,,,,,,00000000-0000-0000-0000-000000000000,00000000-0000-0000-0000-000000000000,,"Process terminated:
RuleName: -
UtcTime: 2022-01-03 22:51:22.631
ProcessGuid: {ec47ca29-7dae-61d3-7803-000000008600}
ProcessId: 2004
Image: C:\Windows\System32\backgroundTaskHost.exe
User: DESKTOP-JP20VPR\BobWe"
Information,1/3/2022 5:50:44 PM,Microsoft-Windows-Sysmon,1,Process Create (rule: ProcessCreate),S-1-5-18,Microsoft-Windows-Sysmon/Operational,,Info,DESKTOP-JP20VPR,14108,3560,,,,,,00000000-0000-0000-0000-000000000000,00000000-0000-0000-0000-000000000000,,"Process Create:
RuleName: -
UtcTime: 2022-01-03 22:50:44.961
ProcessGuid: {ec47ca29-7dc4-61d3-8203-000000008600}
ProcessId: 15664
Image: C:\Windows\System32\more.com
FileVersion: 10.0.19041.1 (WinBuild.160101.0800)
Description: More Utility
Product: Microsoft® Windows® Operating System
Company: Microsoft Corporation
OriginalFileName: MORE.COM
CommandLine: ""C:\Windows\system32\more.com""
CurrentDirectory: C:\Users\BobWe\OneDrive\Desktop\Projects\Projects2022\
User: DESKTOP-JP20VPR\BobWe
LogonGuid: {ec47ca29-70bf-61d3-7aae-020000000000}
LogonId: 0x2AE7A
TerminalSessionId: 1
IntegrityLevel: High
Hashes: SHA256=9AD24FF20594B4DF37BFC87236868D905F51F13BF9C6F1474B1736C8E7BEFD24
ParentProcessGuid: {ec47ca29-75af-61d3-d102-000000008600}
ParentProcessId: 9292
ParentImage: C:\Windows\System32\WindowsPowerShell\v1.0\powershell.exe
ParentCommandLine: ""C:\Windows\system32\WindowsPowerShell\v1.0\PowerShell.exe"" 
ParentUser: DESKTOP-JP20VPR\BobWe"
Information,1/3/2022 5:50:44 PM,Microsoft-Windows-Sysmon,5,Process terminated (rule: ProcessTerminate),S-1-5-18,Microsoft-Windows-Sysmon/Operational,,Info,DESKTOP-JP20VPR,14108,3560,,,,,,00000000-0000-0000-0000-000000000000,00000000-0000-0000-0000-000000000000,,"Process terminated:
RuleName: -
UtcTime: 2022-01-03 22:50:44.958
ProcessGuid: {ec47ca29-7dc4-61d3-8003-000000008600}
ProcessId: 3868
Image: C:\Users\BobWe\OneDrive\Desktop\Projects\Projects2022\Sysmon.exe
User: DESKTOP-JP20VPR\BobWe"
Information,1/3/2022 5:50:44 PM,Microsoft-Windows-Sysmon,5,Process terminated (rule: ProcessTerminate),S-1-5-18,Microsoft-Windows-Sysmon/Operational,,Info,DESKTOP-JP20VPR,14108,3560,,,,,,00000000-0000-0000-0000-000000000000,00000000-0000-0000-0000-000000000000,,"Process terminated:
RuleName: -
UtcTime: 2022-01-03 22:50:44.957
ProcessGuid: {ec47ca29-7dc4-61d3-8103-000000008600}
ProcessId: 5148
Image: C:\Users\BobWe\AppData\Local\Temp\Sysmon.exe
User: DESKTOP-JP20VPR\BobWe"
Information,1/3/2022 5:50:44 PM,Microsoft-Windows-Sysmon,1,Process Create (rule: ProcessCreate),S-1-5-18,Microsoft-Windows-Sysmon/Operational,,Info,DESKTOP-JP20VPR,14108,3560,,,,,,00000000-0000-0000-0000-000000000000,00000000-0000-0000-0000-000000000000,,"Process Create:
RuleName: -
UtcTime: 2022-01-03 22:50:44.867
ProcessGuid: {ec47ca29-7dc4-61d3-8103-000000008600}
ProcessId: 5148
Image: C:\Users\BobWe\AppData\Local\Temp\Sysmon.exe
FileVersion: 13.31
Description: System activity monitor
Product: Sysinternals Sysmon
Company: Sysinternals - www.sysinternals.com
OriginalFileName: -
CommandLine: ""C:\Users\BobWe\OneDrive\Desktop\Projects\Projects2022\Sysmon.exe"" -s
CurrentDirectory: C:\Users\BobWe\OneDrive\Desktop\Projects\Projects2022\
User: DESKTOP-JP20VPR\BobWe
LogonGuid: {ec47ca29-70bf-61d3-7aae-020000000000}
LogonId: 0x2AE7A
TerminalSessionId: 1
IntegrityLevel: High
Hashes: SHA256=16995CE46136A86CD128751CFB37195E33B33845FB7CD215420BEA8C87ECC1B4
ParentProcessGuid: {ec47ca29-7dc4-61d3-8003-000000008600}
ParentProcessId: 3868
ParentImage: C:\Users\BobWe\OneDrive\Desktop\Projects\Projects2022\Sysmon.exe
ParentCommandLine: ""C:\Users\BobWe\OneDrive\Desktop\Projects\Projects2022\Sysmon.exe"" -s
ParentUser: DESKTOP-JP20VPR\BobWe"
Information,1/3/2022 5:50:44 PM,Microsoft-Windows-Sysmon,1,Process Create (rule: ProcessCreate),S-1-5-18,Microsoft-Windows-Sysmon/Operational,,Info,DESKTOP-JP20VPR,14108,3560,,,,,,00000000-0000-0000-0000-000000000000,00000000-0000-0000-0000-000000000000,,"Process Create:
RuleName: -
UtcTime: 2022-01-03 22:50:44.796
ProcessGuid: {ec47ca29-7dc4-61d3-8003-000000008600}
ProcessId: 3868
Image: C:\Users\BobWe\OneDrive\Desktop\Projects\Projects2022\Sysmon.exe
FileVersion: 13.31
Description: System activity monitor
Product: Sysinternals Sysmon
Company: Sysinternals - www.sysinternals.com
OriginalFileName: -
CommandLine: ""C:\Users\BobWe\OneDrive\Desktop\Projects\Projects2022\Sysmon.exe"" -s
CurrentDirectory: C:\Users\BobWe\OneDrive\Desktop\Projects\Projects2022\
User: DESKTOP-JP20VPR\BobWe
LogonGuid: {ec47ca29-70bf-61d3-7aae-020000000000}
LogonId: 0x2AE7A
TerminalSessionId: 1
IntegrityLevel: High
Hashes: SHA256=951150BC618C7DFE14F1D16E136DA0D62D3DE2E960C83EAE08E12AAD2D0F4246
ParentProcessGuid: {ec47ca29-75af-61d3-d102-000000008600}
ParentProcessId: 9292
ParentImage: C:\Windows\System32\WindowsPowerShell\v1.0\powershell.exe
ParentCommandLine: ""C:\Windows\system32\WindowsPowerShell\v1.0\PowerShell.exe"" 
ParentUser: DESKTOP-JP20VPR\BobWe"
Information,1/3/2022 5:50:42 PM,Microsoft-Windows-Sysmon,5,Process terminated (rule: ProcessTerminate),S-1-5-18,Microsoft-Windows-Sysmon/Operational,,Info,DESKTOP-JP20VPR,14108,3560,,,,,,00000000-0000-0000-0000-000000000000,00000000-0000-0000-0000-000000000000,,"Process terminated:
RuleName: -
UtcTime: 2022-01-03 22:50:42.051
ProcessGuid: {ec47ca29-7dc0-61d3-7f03-000000008600}
ProcessId: 18468
Image: C:\Windows\System32\more.com
User: DESKTOP-JP20VPR\BobWe"
Information,1/3/2022 5:50:40 PM,Microsoft-Windows-Sysmon,1,Process Create (rule: ProcessCreate),S-1-5-18,Microsoft-Windows-Sysmon/Operational,,Info,DESKTOP-JP20VPR,14108,3560,,,,,,00000000-0000-0000-0000-000000000000,00000000-0000-0000-0000-000000000000,,"Process Create:
RuleName: -
UtcTime: 2022-01-03 22:50:40.864
ProcessGuid: {ec47ca29-7dc0-61d3-7f03-000000008600}
ProcessId: 18468
Image: C:\Windows\System32\more.com
FileVersion: 10.0.19041.1 (WinBuild.160101.0800)
Description: More Utility
Product: Microsoft® Windows® Operating System
Company: Microsoft Corporation
OriginalFileName: MORE.COM
CommandLine: ""C:\Windows\system32\more.com""
CurrentDirectory: C:\Users\BobWe\OneDrive\Desktop\Projects\Projects2022\
User: DESKTOP-JP20VPR\BobWe
LogonGuid: {ec47ca29-70bf-61d3-7aae-020000000000}
LogonId: 0x2AE7A
TerminalSessionId: 1
IntegrityLevel: High
Hashes: SHA256=9AD24FF20594B4DF37BFC87236868D905F51F13BF9C6F1474B1736C8E7BEFD24
ParentProcessGuid: {ec47ca29-75af-61d3-d102-000000008600}
ParentProcessId: 9292
ParentImage: C:\Windows\System32\WindowsPowerShell\v1.0\powershell.exe
ParentCommandLine: ""C:\Windows\system32\WindowsPowerShell\v1.0\PowerShell.exe"" 
ParentUser: DESKTOP-JP20VPR\BobWe"
Information,1/3/2022 5:50:40 PM,Microsoft-Windows-Sysmon,5,Process terminated (rule: ProcessTerminate),S-1-5-18,Microsoft-Windows-Sysmon/Operational,,Info,DESKTOP-JP20VPR,14108,3560,,,,,,00000000-0000-0000-0000-000000000000,00000000-0000-0000-0000-000000000000,,"Process terminated:
RuleName: -
UtcTime: 2022-01-03 22:50:40.861
ProcessGuid: {ec47ca29-7dc0-61d3-7d03-000000008600}
ProcessId: 16116
Image: C:\Users\BobWe\OneDrive\Desktop\Projects\Projects2022\Sysmon.exe
User: DESKTOP-JP20VPR\BobWe"
Information,1/3/2022 5:50:40 PM,Microsoft-Windows-Sysmon,5,Process terminated (rule: ProcessTerminate),S-1-5-18,Microsoft-Windows-Sysmon/Operational,,Info,DESKTOP-JP20VPR,14108,3560,,,,,,00000000-0000-0000-0000-000000000000,00000000-0000-0000-0000-000000000000,,"Process terminated:
RuleName: -
UtcTime: 2022-01-03 22:50:40.859
ProcessGuid: {ec47ca29-7dc0-61d3-7e03-000000008600}
ProcessId: 3084
Image: C:\Users\BobWe\AppData\Local\Temp\Sysmon.exe
User: DESKTOP-JP20VPR\BobWe"
Information,1/3/2022 5:50:40 PM,Microsoft-Windows-Sysmon,1,Process Create (rule: ProcessCreate),S-1-5-18,Microsoft-Windows-Sysmon/Operational,,Info,DESKTOP-JP20VPR,14108,3560,,,,,,00000000-0000-0000-0000-000000000000,00000000-0000-0000-0000-000000000000,,"Process Create:
RuleName: -
UtcTime: 2022-01-03 22:50:40.770
ProcessGuid: {ec47ca29-7dc0-61d3-7e03-000000008600}
ProcessId: 3084
Image: C:\Users\BobWe\AppData\Local\Temp\Sysmon.exe
FileVersion: 13.31
Description: System activity monitor
Product: Sysinternals Sysmon
Company: Sysinternals - www.sysinternals.com
OriginalFileName: -
CommandLine: ""C:\Users\BobWe\OneDrive\Desktop\Projects\Projects2022\Sysmon.exe"" -s
CurrentDirectory: C:\Users\BobWe\OneDrive\Desktop\Projects\Projects2022\
User: DESKTOP-JP20VPR\BobWe
LogonGuid: {ec47ca29-70bf-61d3-7aae-020000000000}
LogonId: 0x2AE7A
TerminalSessionId: 1
IntegrityLevel: High
Hashes: SHA256=16995CE46136A86CD128751CFB37195E33B33845FB7CD215420BEA8C87ECC1B4
ParentProcessGuid: {ec47ca29-7dc0-61d3-7d03-000000008600}
ParentProcessId: 16116
ParentImage: C:\Users\BobWe\OneDrive\Desktop\Projects\Projects2022\Sysmon.exe
ParentCommandLine: ""C:\Users\BobWe\OneDrive\Desktop\Projects\Projects2022\Sysmon.exe"" -s
ParentUser: DESKTOP-JP20VPR\BobWe"
Information,1/3/2022 5:50:40 PM,Microsoft-Windows-Sysmon,1,Process Create (rule: ProcessCreate),S-1-5-18,Microsoft-Windows-Sysmon/Operational,,Info,DESKTOP-JP20VPR,14108,3560,,,,,,00000000-0000-0000-0000-000000000000,00000000-0000-0000-0000-000000000000,,"Process Create:
RuleName: -
UtcTime: 2022-01-03 22:50:40.691
ProcessGuid: {ec47ca29-7dc0-61d3-7d03-000000008600}
ProcessId: 16116
Image: C:\Users\BobWe\OneDrive\Desktop\Projects\Projects2022\Sysmon.exe
FileVersion: 13.31
Description: System activity monitor
Product: Sysinternals Sysmon
Company: Sysinternals - www.sysinternals.com
OriginalFileName: -
CommandLine: ""C:\Users\BobWe\OneDrive\Desktop\Projects\Projects2022\Sysmon.exe"" -s
CurrentDirectory: C:\Users\BobWe\OneDrive\Desktop\Projects\Projects2022\
User: DESKTOP-JP20VPR\BobWe
LogonGuid: {ec47ca29-70bf-61d3-7aae-020000000000}
LogonId: 0x2AE7A
TerminalSessionId: 1
IntegrityLevel: High
Hashes: SHA256=951150BC618C7DFE14F1D16E136DA0D62D3DE2E960C83EAE08E12AAD2D0F4246
ParentProcessGuid: {ec47ca29-75af-61d3-d102-000000008600}
ParentProcessId: 9292
ParentImage: C:\Windows\System32\WindowsPowerShell\v1.0\powershell.exe
ParentCommandLine: ""C:\Windows\system32\WindowsPowerShell\v1.0\PowerShell.exe"" 
ParentUser: DESKTOP-JP20VPR\BobWe"
Information,1/3/2022 5:50:39 PM,Microsoft-Windows-Sysmon,5,Process terminated (rule: ProcessTerminate),S-1-5-18,Microsoft-Windows-Sysmon/Operational,,Info,DESKTOP-JP20VPR,14108,3560,,,,,,00000000-0000-0000-0000-000000000000,00000000-0000-0000-0000-000000000000,,"Process terminated:
RuleName: -
UtcTime: 2022-01-03 22:50:39.243
ProcessGuid: {ec47ca29-7db5-61d3-7c03-000000008600}
ProcessId: 12580
Image: C:\Windows\System32\more.com
User: DESKTOP-JP20VPR\BobWe"
Information,1/3/2022 5:50:29 PM,Microsoft-Windows-Sysmon,1,Process Create (rule: ProcessCreate),S-1-5-18,Microsoft-Windows-Sysmon/Operational,,Info,DESKTOP-JP20VPR,14108,3560,,,,,,00000000-0000-0000-0000-000000000000,00000000-0000-0000-0000-000000000000,,"Process Create:
RuleName: -
UtcTime: 2022-01-03 22:50:29.205
ProcessGuid: {ec47ca29-7db5-61d3-7c03-000000008600}
ProcessId: 12580
Image: C:\Windows\System32\more.com
FileVersion: 10.0.19041.1 (WinBuild.160101.0800)
Description: More Utility
Product: Microsoft® Windows® Operating System
Company: Microsoft Corporation
OriginalFileName: MORE.COM
CommandLine: ""C:\Windows\system32\more.com""
CurrentDirectory: C:\Users\BobWe\OneDrive\Desktop\Projects\Projects2022\
User: DESKTOP-JP20VPR\BobWe
LogonGuid: {ec47ca29-70bf-61d3-7aae-020000000000}
LogonId: 0x2AE7A
TerminalSessionId: 1
IntegrityLevel: High
Hashes: SHA256=9AD24FF20594B4DF37BFC87236868D905F51F13BF9C6F1474B1736C8E7BEFD24
ParentProcessGuid: {ec47ca29-75af-61d3-d102-000000008600}
ParentProcessId: 9292
ParentImage: C:\Windows\System32\WindowsPowerShell\v1.0\powershell.exe
ParentCommandLine: ""C:\Windows\system32\WindowsPowerShell\v1.0\PowerShell.exe"" 
ParentUser: DESKTOP-JP20VPR\BobWe"
Information,1/3/2022 5:50:29 PM,Microsoft-Windows-Sysmon,5,Process terminated (rule: ProcessTerminate),S-1-5-18,Microsoft-Windows-Sysmon/Operational,,Info,DESKTOP-JP20VPR,14108,3560,,,,,,00000000-0000-0000-0000-000000000000,00000000-0000-0000-0000-000000000000,,"Process terminated:
RuleName: -
UtcTime: 2022-01-03 22:50:29.202
ProcessGuid: {ec47ca29-7db5-61d3-7a03-000000008600}
ProcessId: 14392
Image: C:\Users\BobWe\OneDrive\Desktop\Projects\Projects2022\Sysmon.exe
User: DESKTOP-JP20VPR\BobWe"
Information,1/3/2022 5:50:29 PM,Microsoft-Windows-Sysmon,5,Process terminated (rule: ProcessTerminate),S-1-5-18,Microsoft-Windows-Sysmon/Operational,,Info,DESKTOP-JP20VPR,14108,3560,,,,,,00000000-0000-0000-0000-000000000000,00000000-0000-0000-0000-000000000000,,"Process terminated:
RuleName: -
UtcTime: 2022-01-03 22:50:29.200
ProcessGuid: {ec47ca29-7db5-61d3-7b03-000000008600}
ProcessId: 10648
Image: C:\Users\BobWe\AppData\Local\Temp\Sysmon.exe
User: DESKTOP-JP20VPR\BobWe"
Information,1/3/2022 5:50:29 PM,Microsoft-Windows-Sysmon,1,Process Create (rule: ProcessCreate),S-1-5-18,Microsoft-Windows-Sysmon/Operational,,Info,DESKTOP-JP20VPR,14108,3560,,,,,,00000000-0000-0000-0000-000000000000,00000000-0000-0000-0000-000000000000,,"Process Create:
RuleName: -
UtcTime: 2022-01-03 22:50:29.110
ProcessGuid: {ec47ca29-7db5-61d3-7b03-000000008600}
ProcessId: 10648
Image: C:\Users\BobWe\AppData\Local\Temp\Sysmon.exe
FileVersion: 13.31
Description: System activity monitor
Product: Sysinternals Sysmon
Company: Sysinternals - www.sysinternals.com
OriginalFileName: -
CommandLine: ""C:\Users\BobWe\OneDrive\Desktop\Projects\Projects2022\Sysmon.exe"" -s
CurrentDirectory: C:\Users\BobWe\OneDrive\Desktop\Projects\Projects2022\
User: DESKTOP-JP20VPR\BobWe
LogonGuid: {ec47ca29-70bf-61d3-7aae-020000000000}
LogonId: 0x2AE7A
TerminalSessionId: 1
IntegrityLevel: High
Hashes: SHA256=16995CE46136A86CD128751CFB37195E33B33845FB7CD215420BEA8C87ECC1B4
ParentProcessGuid: {ec47ca29-7db5-61d3-7a03-000000008600}
ParentProcessId: 14392
ParentImage: C:\Users\BobWe\OneDrive\Desktop\Projects\Projects2022\Sysmon.exe
ParentCommandLine: ""C:\Users\BobWe\OneDrive\Desktop\Projects\Projects2022\Sysmon.exe"" -s
ParentUser: DESKTOP-JP20VPR\BobWe"
Information,1/3/2022 5:50:29 PM,Microsoft-Windows-Sysmon,1,Process Create (rule: ProcessCreate),S-1-5-18,Microsoft-Windows-Sysmon/Operational,,Info,DESKTOP-JP20VPR,14108,3560,,,,,,00000000-0000-0000-0000-000000000000,00000000-0000-0000-0000-000000000000,,"Process Create:
RuleName: -
UtcTime: 2022-01-03 22:50:29.035
ProcessGuid: {ec47ca29-7db5-61d3-7a03-000000008600}
ProcessId: 14392
Image: C:\Users\BobWe\OneDrive\Desktop\Projects\Projects2022\Sysmon.exe
FileVersion: 13.31
Description: System activity monitor
Product: Sysinternals Sysmon
Company: Sysinternals - www.sysinternals.com
OriginalFileName: -
CommandLine: ""C:\Users\BobWe\OneDrive\Desktop\Projects\Projects2022\Sysmon.exe"" -s
CurrentDirectory: C:\Users\BobWe\OneDrive\Desktop\Projects\Projects2022\
User: DESKTOP-JP20VPR\BobWe
LogonGuid: {ec47ca29-70bf-61d3-7aae-020000000000}
LogonId: 0x2AE7A
TerminalSessionId: 1
IntegrityLevel: High
Hashes: SHA256=951150BC618C7DFE14F1D16E136DA0D62D3DE2E960C83EAE08E12AAD2D0F4246
ParentProcessGuid: {ec47ca29-75af-61d3-d102-000000008600}
ParentProcessId: 9292
ParentImage: C:\Windows\System32\WindowsPowerShell\v1.0\powershell.exe
ParentCommandLine: ""C:\Windows\system32\WindowsPowerShell\v1.0\PowerShell.exe"" 
ParentUser: DESKTOP-JP20VPR\BobWe"
Information,1/3/2022 5:50:22 PM,Microsoft-Windows-Sysmon,1,Process Create (rule: ProcessCreate),S-1-5-18,Microsoft-Windows-Sysmon/Operational,,Info,DESKTOP-JP20VPR,14108,3560,,,,,,00000000-0000-0000-0000-000000000000,00000000-0000-0000-0000-000000000000,,"Process Create:
RuleName: -
UtcTime: 2022-01-03 22:50:22.551
ProcessGuid: {ec47ca29-7dae-61d3-7903-000000008600}
ProcessId: 6688
Image: C:\Windows\System32\RuntimeBroker.exe
FileVersion: 10.0.19041.746 (WinBuild.160101.0800)
Description: Runtime Broker
Product: Microsoft® Windows® Operating System
Company: Microsoft Corporation
OriginalFileName: RuntimeBroker.exe
CommandLine: C:\Windows\System32\RuntimeBroker.exe -Embedding
CurrentDirectory: C:\Windows\system32\
User: DESKTOP-JP20VPR\BobWe
LogonGuid: {ec47ca29-70bf-61d3-9db4-020000000000}
LogonId: 0x2B49D
TerminalSessionId: 1
IntegrityLevel: Medium
Hashes: SHA256=E86870769EE6C797E09457BD99C58D9BF2303CF0193A24EF9B1222C2C3DAF628
ParentProcessGuid: {ec47ca29-70be-61d3-0d00-000000008600}
ParentProcessId: 1056
ParentImage: C:\Windows\System32\svchost.exe
ParentCommandLine: C:\Windows\system32\svchost.exe -k DcomLaunch -p
ParentUser: NT AUTHORITY\SYSTEM"
Information,1/3/2022 5:50:22 PM,Microsoft-Windows-Sysmon,1,Process Create (rule: ProcessCreate),S-1-5-18,Microsoft-Windows-Sysmon/Operational,,Info,DESKTOP-JP20VPR,14108,3560,,,,,,00000000-0000-0000-0000-000000000000,00000000-0000-0000-0000-000000000000,,"Process Create:
RuleName: -
UtcTime: 2022-01-03 22:50:22.426
ProcessGuid: {ec47ca29-7dae-61d3-7803-000000008600}
ProcessId: 2004
Image: C:\Windows\System32\backgroundTaskHost.exe
FileVersion: 10.0.19041.546 (WinBuild.160101.0800)
Description: Background Task Host
Product: Microsoft® Windows® Operating System
Company: Microsoft Corporation
OriginalFileName: backgroundTaskHost.exe
CommandLine: ""C:\Windows\system32\backgroundTaskHost.exe"" -ServerName:Microsoft.MicrosoftOfficeHub.AppX54h2e8jwdm50fj5ha8987vz1etpx7czd.mca
CurrentDirectory: C:\Program Files\WindowsApps\Microsoft.MicrosoftOfficeHub_18.2110.13110.0_x64__8wekyb3d8bbwe\
User: DESKTOP-JP20VPR\BobWe
LogonGuid: {ec47ca29-70bf-61d3-9db4-020000000000}
LogonId: 0x2B49D
TerminalSessionId: 1
IntegrityLevel: AppContainer
Hashes: SHA256=20330D3CA71D58F4AEB432676CB6A3D5B97005954E45132FB083E90782EFDD50
ParentProcessGuid: {ec47ca29-70be-61d3-0d00-000000008600}
ParentProcessId: 1056
ParentImage: C:\Windows\System32\svchost.exe
ParentCommandLine: C:\Windows\system32\svchost.exe -k DcomLaunch -p
ParentUser: NT AUTHORITY\SYSTEM"
Information,1/3/2022 5:50:14 PM,Microsoft-Windows-Sysmon,5,Process terminated (rule: ProcessTerminate),S-1-5-18,Microsoft-Windows-Sysmon/Operational,,Info,DESKTOP-JP20VPR,14108,3560,,,,,,00000000-0000-0000-0000-000000000000,00000000-0000-0000-0000-000000000000,,"Process terminated:
RuleName: -
UtcTime: 2022-01-03 22:50:14.932
ProcessGuid: {ec47ca29-7da6-61d3-7603-000000008600}
ProcessId: 11712
Image: C:\Users\BobWe\OneDrive\Desktop\Projects\Projects2022\Sysmon.exe
User: DESKTOP-JP20VPR\BobWe"
Information,1/3/2022 5:50:14 PM,Microsoft-Windows-Sysmon,5,Process terminated (rule: ProcessTerminate),S-1-5-18,Microsoft-Windows-Sysmon/Operational,,Info,DESKTOP-JP20VPR,14108,3560,,,,,,00000000-0000-0000-0000-000000000000,00000000-0000-0000-0000-000000000000,,"Process terminated:
RuleName: -
UtcTime: 2022-01-03 22:50:14.930
ProcessGuid: {ec47ca29-7da6-61d3-7703-000000008600}
ProcessId: 17264
Image: C:\Users\BobWe\AppData\Local\Temp\Sysmon.exe
User: DESKTOP-JP20VPR\BobWe"
Information,1/3/2022 5:50:14 PM,Microsoft-Windows-Sysmon,1,Process Create (rule: ProcessCreate),S-1-5-18,Microsoft-Windows-Sysmon/Operational,,Info,DESKTOP-JP20VPR,14108,3560,,,,,,00000000-0000-0000-0000-000000000000,00000000-0000-0000-0000-000000000000,,"Process Create:
RuleName: -
UtcTime: 2022-01-03 22:50:14.308
ProcessGuid: {ec47ca29-7da6-61d3-7703-000000008600}
ProcessId: 17264
Image: C:\Users\BobWe\AppData\Local\Temp\Sysmon.exe
FileVersion: 13.31
Description: System activity monitor
Product: Sysinternals Sysmon
Company: Sysinternals - www.sysinternals.com
OriginalFileName: -
CommandLine: ""C:\Users\BobWe\OneDrive\Desktop\Projects\Projects2022\Sysmon.exe"" -s
CurrentDirectory: C:\Users\BobWe\OneDrive\Desktop\Projects\Projects2022\
User: DESKTOP-JP20VPR\BobWe
LogonGuid: {ec47ca29-70bf-61d3-7aae-020000000000}
LogonId: 0x2AE7A
TerminalSessionId: 1
IntegrityLevel: High
Hashes: SHA256=16995CE46136A86CD128751CFB37195E33B33845FB7CD215420BEA8C87ECC1B4
ParentProcessGuid: {ec47ca29-7da6-61d3-7603-000000008600}
ParentProcessId: 11712
ParentImage: C:\Users\BobWe\OneDrive\Desktop\Projects\Projects2022\Sysmon.exe
ParentCommandLine: ""C:\Users\BobWe\OneDrive\Desktop\Projects\Projects2022\Sysmon.exe"" -s
ParentUser: DESKTOP-JP20VPR\BobWe"
Information,1/3/2022 5:50:14 PM,Microsoft-Windows-Sysmon,1,Process Create (rule: ProcessCreate),S-1-5-18,Microsoft-Windows-Sysmon/Operational,,Info,DESKTOP-JP20VPR,14108,3560,,,,,,00000000-0000-0000-0000-000000000000,00000000-0000-0000-0000-000000000000,,"Process Create:
RuleName: -
UtcTime: 2022-01-03 22:50:14.203
ProcessGuid: {ec47ca29-7da6-61d3-7603-000000008600}
ProcessId: 11712
Image: C:\Users\BobWe\OneDrive\Desktop\Projects\Projects2022\Sysmon.exe
FileVersion: 13.31
Description: System activity monitor
Product: Sysinternals Sysmon
Company: Sysinternals - www.sysinternals.com
OriginalFileName: -
CommandLine: ""C:\Users\BobWe\OneDrive\Desktop\Projects\Projects2022\Sysmon.exe"" -s
CurrentDirectory: C:\Users\BobWe\OneDrive\Desktop\Projects\Projects2022\
User: DESKTOP-JP20VPR\BobWe
LogonGuid: {ec47ca29-70bf-61d3-7aae-020000000000}
LogonId: 0x2AE7A
TerminalSessionId: 1
IntegrityLevel: High
Hashes: SHA256=951150BC618C7DFE14F1D16E136DA0D62D3DE2E960C83EAE08E12AAD2D0F4246
ParentProcessGuid: {ec47ca29-75af-61d3-d102-000000008600}
ParentProcessId: 9292
ParentImage: C:\Windows\System32\WindowsPowerShell\v1.0\powershell.exe
ParentCommandLine: ""C:\Windows\system32\WindowsPowerShell\v1.0\PowerShell.exe"" 
ParentUser: DESKTOP-JP20VPR\BobWe"
Information,1/3/2022 5:49:17 PM,Microsoft-Windows-Sysmon,5,Process terminated (rule: ProcessTerminate),S-1-5-18,Microsoft-Windows-Sysmon/Operational,,Info,DESKTOP-JP20VPR,14108,3560,,,,,,00000000-0000-0000-0000-000000000000,00000000-0000-0000-0000-000000000000,,"Process terminated:
RuleName: -
UtcTime: 2022-01-03 22:49:17.602
ProcessGuid: {ec47ca29-7d36-61d3-7403-000000008600}
ProcessId: 6220
Image: C:\Windows\System32\RuntimeBroker.exe
User: DESKTOP-JP20VPR\BobWe"
Information,1/3/2022 5:49:13 PM,Microsoft-Windows-Sysmon,5,Process terminated (rule: ProcessTerminate),S-1-5-18,Microsoft-Windows-Sysmon/Operational,,Info,DESKTOP-JP20VPR,14108,3560,,,,,,00000000-0000-0000-0000-000000000000,00000000-0000-0000-0000-000000000000,,"Process terminated:
RuleName: -
UtcTime: 2022-01-03 22:49:13.916
ProcessGuid: {ec47ca29-7bd4-61d3-6103-000000008600}
ProcessId: 18632
Image: C:\Program Files\Google\Chrome\Application\chrome.exe
User: DESKTOP-JP20VPR\BobWe"
Information,1/3/2022 5:48:47 PM,Microsoft-Windows-Sysmon,5,Process terminated (rule: ProcessTerminate),S-1-5-18,Microsoft-Windows-Sysmon/Operational,,Info,DESKTOP-JP20VPR,14108,3560,,,,,,00000000-0000-0000-0000-000000000000,00000000-0000-0000-0000-000000000000,,"Process terminated:
RuleName: -
UtcTime: 2022-01-03 22:48:47.595
ProcessGuid: {ec47ca29-7d36-61d3-7203-000000008600}
ProcessId: 1972
Image: C:\Program Files\WindowsApps\microsoft.windowscommunicationsapps_16005.14326.20544.0_x64__8wekyb3d8bbwe\HxTsr.exe
User: DESKTOP-JP20VPR\BobWe"
