Information,1/3/2022 5:25:21 PM,Microsoft-Windows-Sysmon,1,Process Create (rule: ProcessCreate),S-1-5-18,Microsoft-Windows-Sysmon/Operational,,Info,DESKTOP-JP20VPR,14108,3560,,,,,,00000000-0000-0000-0000-000000000000,00000000-0000-0000-0000-000000000000,,"Process Create:
RuleName: -
UtcTime: 2022-01-03 22:25:21.839
ProcessGuid: {ec47ca29-77d1-61d3-ee02-000000008600}
ProcessId: 14540
Image: C:\Program Files\WindowsApps\Microsoft.ZuneVideo_10.21111.10511.0_x64__8wekyb3d8bbwe\Video.UI.exe
FileVersion: -
Description: -
Product: -
Company: -
OriginalFileName: -
CommandLine: ""C:\Program Files\WindowsApps\Microsoft.ZuneVideo_10.21111.10511.0_x64__8wekyb3d8bbwe\Video.UI.exe"" -ServerName:Microsoft.ZuneVideo.AppX758ya5sqdjd98rx6z7g95nw6jy7bqx9y.mca
CurrentDirectory: C:\Program Files\WindowsApps\Microsoft.ZuneVideo_10.21111.10511.0_x64__8wekyb3d8bbwe\
User: DESKTOP-JP20VPR\BobWe
LogonGuid: {ec47ca29-70bf-61d3-9db4-020000000000}
LogonId: 0x2B49D
TerminalSessionId: 1
IntegrityLevel: AppContainer
Hashes: SHA256=0AF159C2B395008CF616224A4A7355286321EA41B9DA0AC0D50C2C3771AFBEE4
ParentProcessGuid: {ec47ca29-70be-61d3-0d00-000000008600}
ParentProcessId: 1056
ParentImage: C:\Windows\System32\svchost.exe
ParentCommandLine: C:\Windows\system32\svchost.exe -k DcomLaunch -p
ParentUser: NT AUTHORITY\SYSTEM"
Information,1/3/2022 5:25:21 PM,Microsoft-Windows-Sysmon,1,Process Create (rule: ProcessCreate),S-1-5-18,Microsoft-Windows-Sysmon/Operational,,Info,DESKTOP-JP20VPR,14108,3560,,,,,,00000000-0000-0000-0000-000000000000,00000000-0000-0000-0000-000000000000,,"Process Create:
RuleName: -
UtcTime: 2022-01-03 22:25:21.827
ProcessGuid: {ec47ca29-77d1-61d3-eb02-000000008600}
ProcessId: 13796
Image: C:\Program Files\WindowsApps\Microsoft.XboxGamingOverlay_5.721.12013.0_x64__8wekyb3d8bbwe\GameBar.exe
FileVersion: 5.721.12013.0
Description: Xbox Game Bar
Product: Xbox Game Bar
Company: Microsoft Corporation
OriginalFileName: GameBar.exe
CommandLine: ""C:\Program Files\WindowsApps\Microsoft.XboxGamingOverlay_5.721.12013.0_x64__8wekyb3d8bbwe\GameBar.exe"" -ServerName:App.AppXbdkk0yrkwpcgeaem8zk81k8py1eaahny.mca
CurrentDirectory: C:\Program Files\WindowsApps\Microsoft.XboxGamingOverlay_5.721.12013.0_x64__8wekyb3d8bbwe\
User: DESKTOP-JP20VPR\BobWe
LogonGuid: {ec47ca29-70bf-61d3-9db4-020000000000}
LogonId: 0x2B49D
TerminalSessionId: 1
IntegrityLevel: AppContainer
Hashes: SHA256=97BE8D4EA9A906F8895F88D56CF8B8C598EBEE61861BFC8DD67A666DC93AFF45
ParentProcessGuid: {ec47ca29-70be-61d3-0d00-000000008600}
ParentProcessId: 1056
ParentImage: C:\Windows\System32\svchost.exe
ParentCommandLine: C:\Windows\system32\svchost.exe -k DcomLaunch -p
ParentUser: NT AUTHORITY\SYSTEM"
Information,1/3/2022 5:25:21 PM,Microsoft-Windows-Sysmon,1,Process Create (rule: ProcessCreate),S-1-5-18,Microsoft-Windows-Sysmon/Operational,,Info,DESKTOP-JP20VPR,14108,3560,,,,,,00000000-0000-0000-0000-000000000000,00000000-0000-0000-0000-000000000000,,"Process Create:
RuleName: -
UtcTime: 2022-01-03 22:25:21.915
ProcessGuid: {ec47ca29-77d1-61d3-f102-000000008600}
ProcessId: 17956
Image: C:\Windows\System32\svchost.exe
FileVersion: 10.0.19041.546 (WinBuild.160101.0800)
Description: Host Process for Windows Services
Product: Microsoft® Windows® Operating System
Company: Microsoft Corporation
OriginalFileName: svchost.exe
CommandLine: C:\Windows\system32\svchost.exe -k netsvcs -p -s wlidsvc
CurrentDirectory: C:\Windows\system32\
User: NT AUTHORITY\SYSTEM
LogonGuid: {ec47ca29-70be-61d3-e703-000000000000}
LogonId: 0x3E7
TerminalSessionId: 0
IntegrityLevel: System
Hashes: SHA256=643EC58E82E0272C97C2A59F6020970D881AF19C0AD5029DB9C958C13B6558C7
ParentProcessGuid: {00000000-0000-0000-0000-000000000000}
ParentProcessId: 944
ParentImage: -
ParentCommandLine: -
ParentUser: -"
Information,1/3/2022 5:25:21 PM,Microsoft-Windows-Sysmon,1,Process Create (rule: ProcessCreate),S-1-5-18,Microsoft-Windows-Sysmon/Operational,,Info,DESKTOP-JP20VPR,14108,3560,,,,,,00000000-0000-0000-0000-000000000000,00000000-0000-0000-0000-000000000000,,"Process Create:
RuleName: -
UtcTime: 2022-01-03 22:25:21.906
ProcessGuid: {ec47ca29-77d1-61d3-f002-000000008600}
ProcessId: 13724
Image: C:\Windows\System32\RuntimeBroker.exe
FileVersion: 10.0.19041.746 (WinBuild.160101.0800)
Description: Runtime Broker
Product: Microsoft® Windows® Operating System
Company: Microsoft Corporation
OriginalFileName: RuntimeBroker.exe
CommandLine: C:\Windows\System32\RuntimeBroker.exe -Embedding
CurrentDirectory: C:\Windows\system32\
User: DESKTOP-JP20VPR\BobWe
LogonGuid: {ec47ca29-70bf-61d3-9db4-020000000000}
LogonId: 0x2B49D
TerminalSessionId: 1
IntegrityLevel: Medium
Hashes: SHA256=E86870769EE6C797E09457BD99C58D9BF2303CF0193A24EF9B1222C2C3DAF628
ParentProcessGuid: {ec47ca29-70be-61d3-0d00-000000008600}
ParentProcessId: 1056
ParentImage: C:\Windows\System32\svchost.exe
ParentCommandLine: C:\Windows\system32\svchost.exe -k DcomLaunch -p
ParentUser: NT AUTHORITY\SYSTEM"
Information,1/3/2022 5:25:21 PM,Microsoft-Windows-Sysmon,1,Process Create (rule: ProcessCreate),S-1-5-18,Microsoft-Windows-Sysmon/Operational,,Info,DESKTOP-JP20VPR,14108,3560,,,,,,00000000-0000-0000-0000-000000000000,00000000-0000-0000-0000-000000000000,,"Process Create:
RuleName: -
UtcTime: 2022-01-03 22:25:21.841
ProcessGuid: {ec47ca29-77d1-61d3-ef02-000000008600}
ProcessId: 10484
Image: C:\Program Files\WindowsApps\microsoft.windowscommunicationsapps_16005.14326.20544.0_x64__8wekyb3d8bbwe\HxTsr.exe
FileVersion: 16.0.14326.20544
Description: Microsoft Outlook Communications
Product: Microsoft Office
Company: Microsoft Corporation
OriginalFileName: HxTsr.exe
CommandLine: ""C:\Program Files\WindowsApps\microsoft.windowscommunicationsapps_16005.14326.20544.0_x64__8wekyb3d8bbwe\HxTsr.exe"" -ServerName:Hx.IPC.Server
CurrentDirectory: C:\Program Files\WindowsApps\microsoft.windowscommunicationsapps_16005.14326.20544.0_x64__8wekyb3d8bbwe\
User: DESKTOP-JP20VPR\BobWe
LogonGuid: {ec47ca29-70bf-61d3-9db4-020000000000}
LogonId: 0x2B49D
TerminalSessionId: 1
IntegrityLevel: AppContainer
Hashes: SHA256=1E4F8F9E5BA222FEF70583D43F83929F9E29674A6FC9371F99D9492DCCB79E8F
ParentProcessGuid: {ec47ca29-70be-61d3-0d00-000000008600}
ParentProcessId: 1056
ParentImage: C:\Windows\System32\svchost.exe
ParentCommandLine: C:\Windows\system32\svchost.exe -k DcomLaunch -p
ParentUser: NT AUTHORITY\SYSTEM"
Information,1/3/2022 5:25:21 PM,Microsoft-Windows-Sysmon,1,Process Create (rule: ProcessCreate),S-1-5-18,Microsoft-Windows-Sysmon/Operational,,Info,DESKTOP-JP20VPR,14108,3560,,,,,,00000000-0000-0000-0000-000000000000,00000000-0000-0000-0000-000000000000,,"Process Create:
RuleName: -
UtcTime: 2022-01-03 22:25:21.831
ProcessGuid: {ec47ca29-77d1-61d3-ed02-000000008600}
ProcessId: 8312
Image: C:\Windows\System32\backgroundTaskHost.exe
FileVersion: 10.0.19041.546 (WinBuild.160101.0800)
Description: Background Task Host
Product: Microsoft® Windows® Operating System
Company: Microsoft Corporation
OriginalFileName: backgroundTaskHost.exe
CommandLine: ""C:\Windows\system32\backgroundTaskHost.exe"" -ServerName:App.AppXmtcan0h2tfbfy7k9kn8hbxb6dmzz1zh0.mca
CurrentDirectory: C:\Windows\SystemApps\Microsoft.Windows.ContentDeliveryManager_cw5n1h2txyewy\
User: DESKTOP-JP20VPR\BobWe
LogonGuid: {ec47ca29-70bf-61d3-9db4-020000000000}
LogonId: 0x2B49D
TerminalSessionId: 1
IntegrityLevel: AppContainer
Hashes: SHA256=20330D3CA71D58F4AEB432676CB6A3D5B97005954E45132FB083E90782EFDD50
ParentProcessGuid: {ec47ca29-70be-61d3-0d00-000000008600}
ParentProcessId: 1056
ParentImage: C:\Windows\System32\svchost.exe
ParentCommandLine: C:\Windows\system32\svchost.exe -k DcomLaunch -p
ParentUser: NT AUTHORITY\SYSTEM"
Information,1/3/2022 5:25:21 PM,Microsoft-Windows-Sysmon,1,Process Create (rule: ProcessCreate),S-1-5-18,Microsoft-Windows-Sysmon/Operational,,Info,DESKTOP-JP20VPR,14108,3560,,,,,,00000000-0000-0000-0000-000000000000,00000000-0000-0000-0000-000000000000,,"Process Create:
RuleName: -
UtcTime: 2022-01-03 22:25:21.828
ProcessGuid: {ec47ca29-77d1-61d3-ec02-000000008600}
ProcessId: 14476
Image: C:\Windows\System32\backgroundTaskHost.exe
FileVersion: 10.0.19041.546 (WinBuild.160101.0800)
Description: Background Task Host
Product: Microsoft® Windows® Operating System
Company: Microsoft Corporation
OriginalFileName: backgroundTaskHost.exe
CommandLine: ""C:\Windows\system32\backgroundTaskHost.exe"" -ServerName:App.AppXxw3e32mpkfkfbh0tznpwwqfw96t0tfx6.mca
CurrentDirectory: C:\Windows\SystemApps\NcsiUwpApp_8wekyb3d8bbwe\
User: DESKTOP-JP20VPR\BobWe
LogonGuid: {ec47ca29-70bf-61d3-9db4-020000000000}
LogonId: 0x2B49D
TerminalSessionId: 1
IntegrityLevel: AppContainer
Hashes: SHA256=20330D3CA71D58F4AEB432676CB6A3D5B97005954E45132FB083E90782EFDD50
ParentProcessGuid: {ec47ca29-70be-61d3-0d00-000000008600}
ParentProcessId: 1056
ParentImage: C:\Windows\System32\svchost.exe
ParentCommandLine: C:\Windows\system32\svchost.exe -k DcomLaunch -p
ParentUser: NT AUTHORITY\SYSTEM"
Information,1/3/2022 5:25:21 PM,Microsoft-Windows-Sysmon,1,Process Create (rule: ProcessCreate),S-1-5-18,Microsoft-Windows-Sysmon/Operational,,Info,DESKTOP-JP20VPR,14108,3560,,,,,,00000000-0000-0000-0000-000000000000,00000000-0000-0000-0000-000000000000,,"Process Create:
RuleName: -
UtcTime: 2022-01-03 22:25:21.813
ProcessGuid: {ec47ca29-77d1-61d3-ea02-000000008600}
ProcessId: 11228
Image: C:\Windows\System32\backgroundTaskHost.exe
FileVersion: 10.0.19041.546 (WinBuild.160101.0800)
Description: Background Task Host
Product: Microsoft® Windows® Operating System
Company: Microsoft Corporation
OriginalFileName: backgroundTaskHost.exe
CommandLine: ""C:\Windows\system32\backgroundTaskHost.exe"" -ServerName:App.AppXggkaqzf6p31g37n0m8phzeswb0rt9m7e.mca
CurrentDirectory: C:\Program Files\WindowsApps\Microsoft.Wallet_2.4.18324.0_x64__8wekyb3d8bbwe\
User: DESKTOP-JP20VPR\BobWe
LogonGuid: {ec47ca29-70bf-61d3-9db4-020000000000}
LogonId: 0x2B49D
TerminalSessionId: 1
IntegrityLevel: AppContainer
Hashes: SHA256=20330D3CA71D58F4AEB432676CB6A3D5B97005954E45132FB083E90782EFDD50
ParentProcessGuid: {ec47ca29-70be-61d3-0d00-000000008600}
ParentProcessId: 1056
ParentImage: C:\Windows\System32\svchost.exe
ParentCommandLine: C:\Windows\system32\svchost.exe -k DcomLaunch -p
ParentUser: NT AUTHORITY\SYSTEM"
Information,1/3/2022 5:25:21 PM,Microsoft-Windows-Sysmon,1,Process Create (rule: ProcessCreate),S-1-5-18,Microsoft-Windows-Sysmon/Operational,,Info,DESKTOP-JP20VPR,14108,3560,,,,,,00000000-0000-0000-0000-000000000000,00000000-0000-0000-0000-000000000000,,"Process Create:
RuleName: -
UtcTime: 2022-01-03 22:25:21.807
ProcessGuid: {ec47ca29-77d1-61d3-e902-000000008600}
ProcessId: 18516
Image: C:\Windows\System32\svchost.exe
FileVersion: 10.0.19041.546 (WinBuild.160101.0800)
Description: Host Process for Windows Services
Product: Microsoft® Windows® Operating System
Company: Microsoft Corporation
OriginalFileName: svchost.exe
CommandLine: C:\Windows\System32\svchost.exe -k wsappx -p -s ClipSVC
CurrentDirectory: C:\Windows\system32\
User: NT AUTHORITY\SYSTEM
LogonGuid: {ec47ca29-70be-61d3-e703-000000000000}
LogonId: 0x3E7
TerminalSessionId: 0
IntegrityLevel: System
Hashes: SHA256=643EC58E82E0272C97C2A59F6020970D881AF19C0AD5029DB9C958C13B6558C7
ParentProcessGuid: {00000000-0000-0000-0000-000000000000}
ParentProcessId: 944
ParentImage: -
ParentCommandLine: -
ParentUser: -"
Information,1/3/2022 5:25:21 PM,Microsoft-Windows-Sysmon,1,Process Create (rule: ProcessCreate),S-1-5-18,Microsoft-Windows-Sysmon/Operational,,Info,DESKTOP-JP20VPR,14108,3560,,,,,,00000000-0000-0000-0000-000000000000,00000000-0000-0000-0000-000000000000,,"Process Create:
RuleName: -
UtcTime: 2022-01-03 22:25:21.760
ProcessGuid: {ec47ca29-77d1-61d3-e802-000000008600}
ProcessId: 14112
Image: C:\Windows\System32\svchost.exe
FileVersion: 10.0.19041.546 (WinBuild.160101.0800)
Description: Host Process for Windows Services
Product: Microsoft® Windows® Operating System
Company: Microsoft Corporation
OriginalFileName: svchost.exe
CommandLine: C:\Windows\system32\svchost.exe -k wsappx -p -s AppXSvc
CurrentDirectory: C:\Windows\system32\
User: NT AUTHORITY\SYSTEM
LogonGuid: {ec47ca29-70be-61d3-e703-000000000000}
LogonId: 0x3E7
TerminalSessionId: 0
IntegrityLevel: System
Hashes: SHA256=643EC58E82E0272C97C2A59F6020970D881AF19C0AD5029DB9C958C13B6558C7
ParentProcessGuid: {00000000-0000-0000-0000-000000000000}
ParentProcessId: 944
ParentImage: -
ParentCommandLine: -
ParentUser: -"
Information,1/3/2022 5:24:42 PM,Microsoft-Windows-Sysmon,1,Process Create (rule: ProcessCreate),S-1-5-18,Microsoft-Windows-Sysmon/Operational,,Info,DESKTOP-JP20VPR,14108,3560,,,,,,00000000-0000-0000-0000-000000000000,00000000-0000-0000-0000-000000000000,,"Process Create:
RuleName: -
UtcTime: 2022-01-03 22:24:42.055
ProcessGuid: {ec47ca29-77aa-61d3-e702-000000008600}
ProcessId: 7964
Image: C:\Windows\System32\more.com
FileVersion: 10.0.19041.1 (WinBuild.160101.0800)
Description: More Utility
Product: Microsoft® Windows® Operating System
Company: Microsoft Corporation
OriginalFileName: MORE.COM
CommandLine: ""C:\Windows\system32\more.com""
CurrentDirectory: C:\Users\BobWe\OneDrive\Desktop\Projects\Projects2022\
User: DESKTOP-JP20VPR\BobWe
LogonGuid: {ec47ca29-70bf-61d3-7aae-020000000000}
LogonId: 0x2AE7A
TerminalSessionId: 1
IntegrityLevel: High
Hashes: SHA256=9AD24FF20594B4DF37BFC87236868D905F51F13BF9C6F1474B1736C8E7BEFD24
ParentProcessGuid: {ec47ca29-75af-61d3-d102-000000008600}
ParentProcessId: 9292
ParentImage: C:\Windows\System32\WindowsPowerShell\v1.0\powershell.exe
ParentCommandLine: ""C:\Windows\system32\WindowsPowerShell\v1.0\PowerShell.exe"" 
ParentUser: DESKTOP-JP20VPR\BobWe"
Information,1/3/2022 5:24:42 PM,Microsoft-Windows-Sysmon,5,Process terminated (rule: ProcessTerminate),S-1-5-18,Microsoft-Windows-Sysmon/Operational,,Info,DESKTOP-JP20VPR,14108,3560,,,,,,00000000-0000-0000-0000-000000000000,00000000-0000-0000-0000-000000000000,,"Process terminated:
RuleName: -
UtcTime: 2022-01-03 22:24:42.053
ProcessGuid: {ec47ca29-77a9-61d3-e602-000000008600}
ProcessId: 9112
Image: C:\Users\BobWe\OneDrive\Desktop\Projects\Projects2022\Sysmon64.exe
User: DESKTOP-JP20VPR\BobWe"
Information,1/3/2022 5:24:42 PM,Microsoft-Windows-Sysmon,1,Process Create (rule: ProcessCreate),S-1-5-18,Microsoft-Windows-Sysmon/Operational,,Info,DESKTOP-JP20VPR,14108,3560,,,,,,00000000-0000-0000-0000-000000000000,00000000-0000-0000-0000-000000000000,,"Process Create:
RuleName: -
UtcTime: 2022-01-03 22:24:41.998
ProcessGuid: {ec47ca29-77a9-61d3-e602-000000008600}
ProcessId: 9112
Image: C:\Users\BobWe\OneDrive\Desktop\Projects\Projects2022\Sysmon64.exe
FileVersion: 13.31
Description: System activity monitor
Product: Sysinternals Sysmon
Company: Sysinternals - www.sysinternals.com
OriginalFileName: -
CommandLine: ""C:\Users\BobWe\OneDrive\Desktop\Projects\Projects2022\Sysmon64.exe"" -s
CurrentDirectory: C:\Users\BobWe\OneDrive\Desktop\Projects\Projects2022\
User: DESKTOP-JP20VPR\BobWe
LogonGuid: {ec47ca29-70bf-61d3-7aae-020000000000}
LogonId: 0x2AE7A
TerminalSessionId: 1
IntegrityLevel: High
Hashes: SHA256=16995CE46136A86CD128751CFB37195E33B33845FB7CD215420BEA8C87ECC1B4
ParentProcessGuid: {ec47ca29-75af-61d3-d102-000000008600}
ParentProcessId: 9292
ParentImage: C:\Windows\System32\WindowsPowerShell\v1.0\powershell.exe
ParentCommandLine: ""C:\Windows\system32\WindowsPowerShell\v1.0\PowerShell.exe"" 
ParentUser: DESKTOP-JP20VPR\BobWe"
Information,1/3/2022 5:24:14 PM,Microsoft-Windows-Sysmon,5,Process terminated (rule: ProcessTerminate),S-1-5-18,Microsoft-Windows-Sysmon/Operational,,Info,DESKTOP-JP20VPR,14108,3560,,,,,,00000000-0000-0000-0000-000000000000,00000000-0000-0000-0000-000000000000,,"Process terminated:
RuleName: -
UtcTime: 2022-01-03 22:24:14.790
ProcessGuid: {ec47ca29-7786-61d3-e502-000000008600}
ProcessId: 8316
Image: C:\Windows\System32\more.com
User: DESKTOP-JP20VPR\BobWe"
Information,1/3/2022 5:24:06 PM,Microsoft-Windows-Sysmon,1,Process Create (rule: ProcessCreate),S-1-5-18,Microsoft-Windows-Sysmon/Operational,,Info,DESKTOP-JP20VPR,14108,3560,,,,,,00000000-0000-0000-0000-000000000000,00000000-0000-0000-0000-000000000000,,"Process Create:
RuleName: -
UtcTime: 2022-01-03 22:24:06.308
ProcessGuid: {ec47ca29-7786-61d3-e502-000000008600}
ProcessId: 8316
Image: C:\Windows\System32\more.com
FileVersion: 10.0.19041.1 (WinBuild.160101.0800)
Description: More Utility
Product: Microsoft® Windows® Operating System
Company: Microsoft Corporation
OriginalFileName: MORE.COM
CommandLine: ""C:\Windows\system32\more.com""
CurrentDirectory: C:\Users\BobWe\OneDrive\Desktop\Projects\Projects2022\
User: DESKTOP-JP20VPR\BobWe
LogonGuid: {ec47ca29-70bf-61d3-7aae-020000000000}
LogonId: 0x2AE7A
TerminalSessionId: 1
IntegrityLevel: High
Hashes: SHA256=9AD24FF20594B4DF37BFC87236868D905F51F13BF9C6F1474B1736C8E7BEFD24
ParentProcessGuid: {ec47ca29-75af-61d3-d102-000000008600}
ParentProcessId: 9292
ParentImage: C:\Windows\System32\WindowsPowerShell\v1.0\powershell.exe
ParentCommandLine: ""C:\Windows\system32\WindowsPowerShell\v1.0\PowerShell.exe"" 
ParentUser: DESKTOP-JP20VPR\BobWe"
Information,1/3/2022 5:24:06 PM,Microsoft-Windows-Sysmon,5,Process terminated (rule: ProcessTerminate),S-1-5-18,Microsoft-Windows-Sysmon/Operational,,Info,DESKTOP-JP20VPR,14108,3560,,,,,,00000000-0000-0000-0000-000000000000,00000000-0000-0000-0000-000000000000,,"Process terminated:
RuleName: -
UtcTime: 2022-01-03 22:24:06.305
ProcessGuid: {ec47ca29-7786-61d3-e402-000000008600}
ProcessId: 14088
Image: C:\Users\BobWe\OneDrive\Desktop\Projects\Projects2022\Sysmon64.exe
User: DESKTOP-JP20VPR\BobWe"
Information,1/3/2022 5:24:06 PM,Microsoft-Windows-Sysmon,1,Process Create (rule: ProcessCreate),S-1-5-18,Microsoft-Windows-Sysmon/Operational,,Info,DESKTOP-JP20VPR,14108,3560,,,,,,00000000-0000-0000-0000-000000000000,00000000-0000-0000-0000-000000000000,,"Process Create:
RuleName: -
UtcTime: 2022-01-03 22:24:06.251
ProcessGuid: {ec47ca29-7786-61d3-e402-000000008600}
ProcessId: 14088
Image: C:\Users\BobWe\OneDrive\Desktop\Projects\Projects2022\Sysmon64.exe
FileVersion: 13.31
Description: System activity monitor
Product: Sysinternals Sysmon
Company: Sysinternals - www.sysinternals.com
OriginalFileName: -
CommandLine: ""C:\Users\BobWe\OneDrive\Desktop\Projects\Projects2022\Sysmon64.exe"" -s
CurrentDirectory: C:\Users\BobWe\OneDrive\Desktop\Projects\Projects2022\
User: DESKTOP-JP20VPR\BobWe
LogonGuid: {ec47ca29-70bf-61d3-7aae-020000000000}
LogonId: 0x2AE7A
TerminalSessionId: 1
IntegrityLevel: High
Hashes: SHA256=16995CE46136A86CD128751CFB37195E33B33845FB7CD215420BEA8C87ECC1B4
ParentProcessGuid: {ec47ca29-75af-61d3-d102-000000008600}
ParentProcessId: 9292
ParentImage: C:\Windows\System32\WindowsPowerShell\v1.0\powershell.exe
ParentCommandLine: ""C:\Windows\system32\WindowsPowerShell\v1.0\PowerShell.exe"" 
ParentUser: DESKTOP-JP20VPR\BobWe"
Information,1/3/2022 5:24:02 PM,Microsoft-Windows-Sysmon,5,Process terminated (rule: ProcessTerminate),S-1-5-18,Microsoft-Windows-Sysmon/Operational,,Info,DESKTOP-JP20VPR,14108,3560,,,,,,00000000-0000-0000-0000-000000000000,00000000-0000-0000-0000-000000000000,,"Process terminated:
RuleName: -
UtcTime: 2022-01-03 22:24:02.587
ProcessGuid: {ec47ca29-7782-61d3-e302-000000008600}
ProcessId: 17116
Image: C:\Program Files (x86)\Microsoft\EdgeUpdate\MicrosoftEdgeUpdate.exe
User: NT AUTHORITY\SYSTEM"
Information,1/3/2022 5:24:02 PM,Microsoft-Windows-Sysmon,1,Process Create (rule: ProcessCreate),S-1-5-18,Microsoft-Windows-Sysmon/Operational,,Info,DESKTOP-JP20VPR,14108,3560,,,,,,00000000-0000-0000-0000-000000000000,00000000-0000-0000-0000-000000000000,,"Process Create:
RuleName: -
UtcTime: 2022-01-03 22:24:02.505
ProcessGuid: {ec47ca29-7782-61d3-e302-000000008600}
ProcessId: 17116
Image: C:\Program Files (x86)\Microsoft\EdgeUpdate\MicrosoftEdgeUpdate.exe
FileVersion: 1.3.119.43
Description: Microsoft Edge Update
Product: Microsoft Edge Update
Company: Microsoft Corporation
OriginalFileName: msedgeupdate.dll
CommandLine: ""C:\Program Files (x86)\Microsoft\EdgeUpdate\MicrosoftEdgeUpdate.exe"" /ua /installsource scheduler
CurrentDirectory: C:\Windows\system32\
User: NT AUTHORITY\SYSTEM
LogonGuid: {ec47ca29-70be-61d3-e703-000000000000}
LogonId: 0x3E7
TerminalSessionId: 0
IntegrityLevel: System
Hashes: SHA256=7209D144D97CA57288E829FB5F026B5C4576433AAA7F5FB0ADC6504A33B21656
ParentProcessGuid: {ec47ca29-70bf-61d3-1c00-000000008600}
ParentProcessId: 1716
ParentImage: C:\Windows\System32\svchost.exe
ParentCommandLine: C:\Windows\system32\svchost.exe -k netsvcs -p -s Schedule
ParentUser: NT AUTHORITY\SYSTEM"
Information,1/3/2022 5:22:42 PM,Microsoft-Windows-Sysmon,5,Process terminated (rule: ProcessTerminate),S-1-5-18,Microsoft-Windows-Sysmon/Operational,,Info,DESKTOP-JP20VPR,14108,3560,,,,,,00000000-0000-0000-0000-000000000000,00000000-0000-0000-0000-000000000000,,"Process terminated:
RuleName: -
UtcTime: 2022-01-03 22:22:42.285
ProcessGuid: {ec47ca29-7677-61d3-e202-000000008600}
ProcessId: 14764
Image: C:\Windows\System32\more.com
User: DESKTOP-JP20VPR\BobWe"
Information,1/3/2022 5:21:16 PM,Microsoft-Windows-Sysmon,5,Process terminated (rule: ProcessTerminate),S-1-5-18,Microsoft-Windows-Sysmon/Operational,,Info,DESKTOP-JP20VPR,14108,3560,,,,,,00000000-0000-0000-0000-000000000000,00000000-0000-0000-0000-000000000000,,"Process terminated:
RuleName: -
UtcTime: 2022-01-03 22:21:16.984
ProcessGuid: {ec47ca29-7664-61d3-df02-000000008600}
ProcessId: 18456
Image: C:\Windows\System32\svchost.exe
User: NT AUTHORITY\LOCAL SERVICE"
Information,1/3/2022 5:21:12 PM,Microsoft-Windows-Sysmon,5,Process terminated (rule: ProcessTerminate),S-1-5-18,Microsoft-Windows-Sysmon/Operational,,Info,DESKTOP-JP20VPR,14108,3560,,,,,,00000000-0000-0000-0000-000000000000,00000000-0000-0000-0000-000000000000,,"Process terminated:
RuleName: -
UtcTime: 2022-01-03 22:21:12.909
ProcessGuid: {ec47ca29-70e1-61d3-b501-000000008600}
ProcessId: 18032
Image: C:\Windows\System32\audiodg.exe
User: NT AUTHORITY\LOCAL SERVICE"
Information,1/3/2022 5:21:10 PM,Microsoft-Windows-Sysmon,5,Process terminated (rule: ProcessTerminate),S-1-5-18,Microsoft-Windows-Sysmon/Operational,,Info,DESKTOP-JP20VPR,14108,3560,,,,,,00000000-0000-0000-0000-000000000000,00000000-0000-0000-0000-000000000000,,"Process terminated:
RuleName: -
UtcTime: 2022-01-03 22:21:10.562
ProcessGuid: {ec47ca29-757f-61d3-cb02-000000008600}
ProcessId: 3940
Image: C:\Windows\System32\smartscreen.exe
User: DESKTOP-JP20VPR\BobWe"
Information,1/3/2022 5:20:45 PM,Microsoft-Windows-Sysmon,5,Process terminated (rule: ProcessTerminate),S-1-5-18,Microsoft-Windows-Sysmon/Operational,,Info,DESKTOP-JP20VPR,14108,3560,,,,,,00000000-0000-0000-0000-000000000000,00000000-0000-0000-0000-000000000000,,"Process terminated:
RuleName: -
UtcTime: 2022-01-03 22:20:45.444
ProcessGuid: {ec47ca29-710f-61d3-e401-000000008600}
ProcessId: 5172
Image: C:\Program Files\Google\Chrome\Application\chrome.exe
User: DESKTOP-JP20VPR\BobWe"
Information,1/3/2022 5:20:23 PM,Microsoft-Windows-Sysmon,5,Process terminated (rule: ProcessTerminate),S-1-5-18,Microsoft-Windows-Sysmon/Operational,,Info,DESKTOP-JP20VPR,14108,3560,,,,,,00000000-0000-0000-0000-000000000000,00000000-0000-0000-0000-000000000000,,"Process terminated:
RuleName: -
UtcTime: 2022-01-03 22:20:23.058
ProcessGuid: {ec47ca29-70c1-61d3-4a00-000000008600}
ProcessId: 4012
Image: C:\Windows\System32\svchost.exe
User: NT AUTHORITY\SYSTEM"
Information,1/3/2022 5:19:35 PM,Microsoft-Windows-Sysmon,1,Process Create (rule: ProcessCreate),S-1-5-18,Microsoft-Windows-Sysmon/Operational,,Info,DESKTOP-JP20VPR,14108,3560,,,,,,00000000-0000-0000-0000-000000000000,00000000-0000-0000-0000-000000000000,,"Process Create:
RuleName: -
UtcTime: 2022-01-03 22:19:35.619
ProcessGuid: {ec47ca29-7677-61d3-e202-000000008600}
ProcessId: 14764
Image: C:\Windows\System32\more.com
FileVersion: 10.0.19041.1 (WinBuild.160101.0800)
Description: More Utility
Product: Microsoft® Windows® Operating System
Company: Microsoft Corporation
OriginalFileName: MORE.COM
CommandLine: ""C:\Windows\system32\more.com""
CurrentDirectory: C:\Users\BobWe\OneDrive\Desktop\Projects\Projects2022\
User: DESKTOP-JP20VPR\BobWe
LogonGuid: {ec47ca29-70bf-61d3-7aae-020000000000}
LogonId: 0x2AE7A
TerminalSessionId: 1
IntegrityLevel: High
Hashes: SHA256=9AD24FF20594B4DF37BFC87236868D905F51F13BF9C6F1474B1736C8E7BEFD24
ParentProcessGuid: {ec47ca29-75af-61d3-d102-000000008600}
ParentProcessId: 9292
ParentImage: C:\Windows\System32\WindowsPowerShell\v1.0\powershell.exe
ParentCommandLine: ""C:\Windows\system32\WindowsPowerShell\v1.0\PowerShell.exe"" 
ParentUser: DESKTOP-JP20VPR\BobWe"
Information,1/3/2022 5:19:35 PM,Microsoft-Windows-Sysmon,5,Process terminated (rule: ProcessTerminate),S-1-5-18,Microsoft-Windows-Sysmon/Operational,,Info,DESKTOP-JP20VPR,14108,3560,,,,,,00000000-0000-0000-0000-000000000000,00000000-0000-0000-0000-000000000000,,"Process terminated:
RuleName: -
UtcTime: 2022-01-03 22:19:35.615
ProcessGuid: {ec47ca29-7677-61d3-e102-000000008600}
ProcessId: 2212
Image: C:\Users\BobWe\OneDrive\Desktop\Projects\Projects2022\Sysmon64.exe
User: DESKTOP-JP20VPR\BobWe"
Information,1/3/2022 5:19:35 PM,Microsoft-Windows-Sysmon,1,Process Create (rule: ProcessCreate),S-1-5-18,Microsoft-Windows-Sysmon/Operational,,Info,DESKTOP-JP20VPR,14108,3560,,,,,,00000000-0000-0000-0000-000000000000,00000000-0000-0000-0000-000000000000,,"Process Create:
RuleName: -
UtcTime: 2022-01-03 22:19:35.563
ProcessGuid: {ec47ca29-7677-61d3-e102-000000008600}
ProcessId: 2212
Image: C:\Users\BobWe\OneDrive\Desktop\Projects\Projects2022\Sysmon64.exe
FileVersion: 13.31
Description: System activity monitor
Product: Sysinternals Sysmon
Company: Sysinternals - www.sysinternals.com
OriginalFileName: -
CommandLine: ""C:\Users\BobWe\OneDrive\Desktop\Projects\Projects2022\Sysmon64.exe"" -s
CurrentDirectory: C:\Users\BobWe\OneDrive\Desktop\Projects\Projects2022\
User: DESKTOP-JP20VPR\BobWe
LogonGuid: {ec47ca29-70bf-61d3-7aae-020000000000}
LogonId: 0x2AE7A
TerminalSessionId: 1
IntegrityLevel: High
Hashes: SHA256=16995CE46136A86CD128751CFB37195E33B33845FB7CD215420BEA8C87ECC1B4
ParentProcessGuid: {ec47ca29-75af-61d3-d102-000000008600}
ParentProcessId: 9292
ParentImage: C:\Windows\System32\WindowsPowerShell\v1.0\powershell.exe
ParentCommandLine: ""C:\Windows\system32\WindowsPowerShell\v1.0\PowerShell.exe"" 
ParentUser: DESKTOP-JP20VPR\BobWe"
Information,1/3/2022 5:19:25 PM,Microsoft-Windows-Sysmon,5,Process terminated (rule: ProcessTerminate),S-1-5-18,Microsoft-Windows-Sysmon/Operational,,Info,DESKTOP-JP20VPR,14108,3560,,,,,,00000000-0000-0000-0000-000000000000,00000000-0000-0000-0000-000000000000,,"Process terminated:
RuleName: -
UtcTime: 2022-01-03 22:19:25.986
ProcessGuid: {ec47ca29-766d-61d3-e002-000000008600}
ProcessId: 17312
Image: C:\Users\BobWe\OneDrive\Desktop\Projects\Projects2022\Sysmon64.exe
User: DESKTOP-JP20VPR\BobWe"
Information,1/3/2022 5:19:25 PM,Microsoft-Windows-Sysmon,1,Process Create (rule: ProcessCreate),S-1-5-18,Microsoft-Windows-Sysmon/Operational,,Info,DESKTOP-JP20VPR,14108,3560,,,,,,00000000-0000-0000-0000-000000000000,00000000-0000-0000-0000-000000000000,,"Process Create:
RuleName: -
UtcTime: 2022-01-03 22:19:25.491
ProcessGuid: {ec47ca29-766d-61d3-e002-000000008600}
ProcessId: 17312
Image: C:\Users\BobWe\OneDrive\Desktop\Projects\Projects2022\Sysmon64.exe
FileVersion: 13.31
Description: System activity monitor
Product: Sysinternals Sysmon
Company: Sysinternals - www.sysinternals.com
OriginalFileName: -
CommandLine: ""C:\Users\BobWe\OneDrive\Desktop\Projects\Projects2022\Sysmon64.exe"" -s
CurrentDirectory: C:\Users\BobWe\OneDrive\Desktop\Projects\Projects2022\
User: DESKTOP-JP20VPR\BobWe
LogonGuid: {ec47ca29-70bf-61d3-7aae-020000000000}
LogonId: 0x2AE7A
TerminalSessionId: 1
IntegrityLevel: High
Hashes: SHA256=16995CE46136A86CD128751CFB37195E33B33845FB7CD215420BEA8C87ECC1B4
ParentProcessGuid: {ec47ca29-75af-61d3-d102-000000008600}
ParentProcessId: 9292
ParentImage: C:\Windows\System32\WindowsPowerShell\v1.0\powershell.exe
ParentCommandLine: ""C:\Windows\system32\WindowsPowerShell\v1.0\PowerShell.exe"" 
ParentUser: DESKTOP-JP20VPR\BobWe"
Information,1/3/2022 5:19:16 PM,Microsoft-Windows-Sysmon,5,Process terminated (rule: ProcessTerminate),S-1-5-18,Microsoft-Windows-Sysmon/Operational,,Info,DESKTOP-JP20VPR,14108,3560,,,,,,00000000-0000-0000-0000-000000000000,00000000-0000-0000-0000-000000000000,,"Process terminated:
RuleName: -
UtcTime: 2022-01-03 22:19:16.929
ProcessGuid: {ec47ca29-7574-61d3-ba02-000000008600}
ProcessId: 1080
Image: C:\Windows\System32\svchost.exe
User: NT AUTHORITY\SYSTEM"
Information,1/3/2022 5:19:16 PM,Microsoft-Windows-Sysmon,1,Process Create (rule: ProcessCreate),S-1-5-18,Microsoft-Windows-Sysmon/Operational,,Info,DESKTOP-JP20VPR,14108,3560,,,,,,00000000-0000-0000-0000-000000000000,00000000-0000-0000-0000-000000000000,,"Process Create:
RuleName: -
UtcTime: 2022-01-03 22:19:16.834
ProcessGuid: {ec47ca29-7664-61d3-df02-000000008600}
ProcessId: 18456
Image: C:\Windows\System32\svchost.exe
FileVersion: 10.0.19041.546 (WinBuild.160101.0800)
Description: Host Process for Windows Services
Product: Microsoft® Windows® Operating System
Company: Microsoft Corporation
OriginalFileName: svchost.exe
CommandLine: C:\Windows\system32\svchost.exe -k LocalServiceNetworkRestricted -p -s SmsRouter
CurrentDirectory: C:\Windows\system32\
User: NT AUTHORITY\LOCAL SERVICE
LogonGuid: {ec47ca29-70be-61d3-e503-000000000000}
LogonId: 0x3E5
TerminalSessionId: 0
IntegrityLevel: System
Hashes: SHA256=643EC58E82E0272C97C2A59F6020970D881AF19C0AD5029DB9C958C13B6558C7
ParentProcessGuid: {00000000-0000-0000-0000-000000000000}
ParentProcessId: 944
ParentImage: -
ParentCommandLine: -
ParentUser: -"
Information,1/3/2022 5:19:16 PM,Microsoft-Windows-Sysmon,5,Process terminated (rule: ProcessTerminate),S-1-5-18,Microsoft-Windows-Sysmon/Operational,,Info,DESKTOP-JP20VPR,14108,3560,,,,,,00000000-0000-0000-0000-000000000000,00000000-0000-0000-0000-000000000000,,"Process terminated:
RuleName: -
UtcTime: 2022-01-03 22:19:16.482
ProcessGuid: {ec47ca29-7574-61d3-ae02-000000008600}
ProcessId: 19312
Image: C:\Windows\System32\svchost.exe
User: NT AUTHORITY\SYSTEM"
Information,1/3/2022 5:18:53 PM,Microsoft-Windows-Sysmon,5,Process terminated (rule: ProcessTerminate),S-1-5-18,Microsoft-Windows-Sysmon/Operational,,Info,DESKTOP-JP20VPR,14108,3560,,,,,,00000000-0000-0000-0000-000000000000,00000000-0000-0000-0000-000000000000,,"Process terminated:
RuleName: -
UtcTime: 2022-01-03 22:18:53.906
ProcessGuid: {ec47ca29-70c0-61d3-4800-000000008600}
ProcessId: 3776
Image: C:\Windows\System32\wbem\WmiPrvSE.exe
User: NT AUTHORITY\NETWORK SERVICE"
Information,1/3/2022 5:18:48 PM,Microsoft-Windows-Sysmon,5,Process terminated (rule: ProcessTerminate),S-1-5-18,Microsoft-Windows-Sysmon/Operational,,Info,DESKTOP-JP20VPR,14108,3560,,,,,,00000000-0000-0000-0000-000000000000,00000000-0000-0000-0000-000000000000,,"Process terminated:
RuleName: -
UtcTime: 2022-01-03 22:18:48.628
ProcessGuid: {ec47ca29-7648-61d3-de02-000000008600}
ProcessId: 11892
Image: C:\Users\BobWe\OneDrive\Desktop\Projects\Projects2022\Sysmon64.exe
User: DESKTOP-JP20VPR\BobWe"
Information,1/3/2022 5:18:48 PM,Microsoft-Windows-Sysmon,1,Process Create (rule: ProcessCreate),S-1-5-18,Microsoft-Windows-Sysmon/Operational,,Info,DESKTOP-JP20VPR,14108,3560,,,,,,00000000-0000-0000-0000-000000000000,00000000-0000-0000-0000-000000000000,,"Process Create:
RuleName: -
UtcTime: 2022-01-03 22:18:48.606
ProcessGuid: {ec47ca29-7648-61d3-de02-000000008600}
ProcessId: 11892
Image: C:\Users\BobWe\OneDrive\Desktop\Projects\Projects2022\Sysmon64.exe
FileVersion: 13.31
Description: System activity monitor
Product: Sysinternals Sysmon
Company: Sysinternals - www.sysinternals.com
OriginalFileName: -
CommandLine: ""C:\Users\BobWe\OneDrive\Desktop\Projects\Projects2022\Sysmon64.exe"" -c
CurrentDirectory: C:\Users\BobWe\OneDrive\Desktop\Projects\Projects2022\
User: DESKTOP-JP20VPR\BobWe
LogonGuid: {ec47ca29-70bf-61d3-7aae-020000000000}
LogonId: 0x2AE7A
TerminalSessionId: 1
IntegrityLevel: High
Hashes: SHA256=16995CE46136A86CD128751CFB37195E33B33845FB7CD215420BEA8C87ECC1B4
ParentProcessGuid: {ec47ca29-75af-61d3-d102-000000008600}
ParentProcessId: 9292
ParentImage: C:\Windows\System32\WindowsPowerShell\v1.0\powershell.exe
ParentCommandLine: ""C:\Windows\system32\WindowsPowerShell\v1.0\PowerShell.exe"" 
ParentUser: DESKTOP-JP20VPR\BobWe"
Information,1/3/2022 5:18:21 PM,Microsoft-Windows-Sysmon,5,Process terminated (rule: ProcessTerminate),S-1-5-18,Microsoft-Windows-Sysmon/Operational,,Info,DESKTOP-JP20VPR,14108,3560,,,,,,00000000-0000-0000-0000-000000000000,00000000-0000-0000-0000-000000000000,,"Process terminated:
RuleName: -
UtcTime: 2022-01-03 22:18:21.257
ProcessGuid: {ec47ca29-762d-61d3-dd02-000000008600}
ProcessId: 12568
Image: C:\Users\BobWe\OneDrive\Desktop\Projects\Projects2022\Sysmon64.exe
User: DESKTOP-JP20VPR\BobWe"
Information,1/3/2022 5:18:21 PM,Microsoft-Windows-Sysmon,1,Process Create (rule: ProcessCreate),S-1-5-18,Microsoft-Windows-Sysmon/Operational,,Info,DESKTOP-JP20VPR,14108,3560,,,,,,00000000-0000-0000-0000-000000000000,00000000-0000-0000-0000-000000000000,,"Process Create:
RuleName: -
UtcTime: 2022-01-03 22:18:21.238
ProcessGuid: {ec47ca29-762d-61d3-dd02-000000008600}
ProcessId: 12568
Image: C:\Users\BobWe\OneDrive\Desktop\Projects\Projects2022\Sysmon64.exe
FileVersion: 13.31
Description: System activity monitor
Product: Sysinternals Sysmon
Company: Sysinternals - www.sysinternals.com
OriginalFileName: -
CommandLine: ""C:\Users\BobWe\OneDrive\Desktop\Projects\Projects2022\Sysmon64.exe"" -c
CurrentDirectory: C:\Users\BobWe\OneDrive\Desktop\Projects\Projects2022\
User: DESKTOP-JP20VPR\BobWe
LogonGuid: {ec47ca29-70bf-61d3-7aae-020000000000}
LogonId: 0x2AE7A
TerminalSessionId: 1
IntegrityLevel: High
Hashes: SHA256=16995CE46136A86CD128751CFB37195E33B33845FB7CD215420BEA8C87ECC1B4
ParentProcessGuid: {ec47ca29-75af-61d3-d102-000000008600}
ParentProcessId: 9292
ParentImage: C:\Windows\System32\WindowsPowerShell\v1.0\powershell.exe
ParentCommandLine: ""C:\Windows\system32\WindowsPowerShell\v1.0\PowerShell.exe"" 
ParentUser: DESKTOP-JP20VPR\BobWe"
Information,1/3/2022 5:18:16 PM,Microsoft-Windows-Sysmon,5,Process terminated (rule: ProcessTerminate),S-1-5-18,Microsoft-Windows-Sysmon/Operational,,Info,DESKTOP-JP20VPR,14108,3560,,,,,,00000000-0000-0000-0000-000000000000,00000000-0000-0000-0000-000000000000,,"Process terminated:
RuleName: -
UtcTime: 2022-01-03 22:18:16.805
ProcessGuid: {ec47ca29-7574-61d3-bb02-000000008600}
ProcessId: 16348
Image: C:\Windows\System32\svchost.exe
User: NT AUTHORITY\LOCAL SERVICE"
Information,1/3/2022 5:18:11 PM,Microsoft-Windows-Sysmon,5,Process terminated (rule: ProcessTerminate),S-1-5-18,Microsoft-Windows-Sysmon/Operational,,Info,DESKTOP-JP20VPR,14108,3560,,,,,,00000000-0000-0000-0000-000000000000,00000000-0000-0000-0000-000000000000,,"Process terminated:
RuleName: -
UtcTime: 2022-01-03 22:18:11.247
ProcessGuid: {ec47ca29-7623-61d3-dc02-000000008600}
ProcessId: 13212
Image: C:\Users\BobWe\OneDrive\Desktop\Projects\Projects2022\Sysmon64.exe
User: DESKTOP-JP20VPR\BobWe"
Information,1/3/2022 5:18:11 PM,Microsoft-Windows-Sysmon,1,Process Create (rule: ProcessCreate),S-1-5-18,Microsoft-Windows-Sysmon/Operational,,Info,DESKTOP-JP20VPR,14108,3560,,,,,,00000000-0000-0000-0000-000000000000,00000000-0000-0000-0000-000000000000,,"Process Create:
RuleName: -
UtcTime: 2022-01-03 22:18:11.195
ProcessGuid: {ec47ca29-7623-61d3-dc02-000000008600}
ProcessId: 13212
Image: C:\Users\BobWe\OneDrive\Desktop\Projects\Projects2022\Sysmon64.exe
FileVersion: 13.31
Description: System activity monitor
Product: Sysinternals Sysmon
Company: Sysinternals - www.sysinternals.com
OriginalFileName: -
CommandLine: ""C:\Users\BobWe\OneDrive\Desktop\Projects\Projects2022\Sysmon64.exe"" -c
CurrentDirectory: C:\Users\BobWe\OneDrive\Desktop\Projects\Projects2022\
User: DESKTOP-JP20VPR\BobWe
LogonGuid: {ec47ca29-70bf-61d3-7aae-020000000000}
LogonId: 0x2AE7A
TerminalSessionId: 1
IntegrityLevel: High
Hashes: SHA256=16995CE46136A86CD128751CFB37195E33B33845FB7CD215420BEA8C87ECC1B4
ParentProcessGuid: {ec47ca29-75af-61d3-d102-000000008600}
ParentProcessId: 9292
ParentImage: C:\Windows\System32\WindowsPowerShell\v1.0\powershell.exe
ParentCommandLine: ""C:\Windows\system32\WindowsPowerShell\v1.0\PowerShell.exe"" 
ParentUser: DESKTOP-JP20VPR\BobWe"
Information,1/3/2022 5:17:54 PM,Microsoft-Windows-Sysmon,5,Process terminated (rule: ProcessTerminate),S-1-5-18,Microsoft-Windows-Sysmon/Operational,,Info,DESKTOP-JP20VPR,14108,3560,,,,,,00000000-0000-0000-0000-000000000000,00000000-0000-0000-0000-000000000000,,"Process terminated:
RuleName: -
UtcTime: 2022-01-03 22:17:54.934
ProcessGuid: {ec47ca29-75ff-61d3-d502-000000008600}
ProcessId: 5808
Image: C:\Users\BobWe\OneDrive\Desktop\Projects\Projects2022\Sysmon64.exe
User: DESKTOP-JP20VPR\BobWe"
Information,1/3/2022 5:17:53 PM,Microsoft-Windows-Sysmon,1,Process Create (rule: ProcessCreate),S-1-5-18,Microsoft-Windows-Sysmon/Operational,,Info,DESKTOP-JP20VPR,14108,3560,,,,,,00000000-0000-0000-0000-000000000000,00000000-0000-0000-0000-000000000000,,"Process Create:
RuleName: -
UtcTime: 2022-01-03 22:17:53.852
ProcessGuid: {ec47ca29-7611-61d3-db02-000000008600}
ProcessId: 14108
Image: C:\Windows\Sysmon64.exe
FileVersion: 13.31
Description: System activity monitor
Product: Sysinternals Sysmon
Company: Sysinternals - www.sysinternals.com
OriginalFileName: -
CommandLine: C:\Windows\Sysmon64.exe
CurrentDirectory: C:\Windows\system32\
User: NT AUTHORITY\SYSTEM
LogonGuid: {ec47ca29-70be-61d3-e703-000000000000}
LogonId: 0x3E7
TerminalSessionId: 0
IntegrityLevel: System
Hashes: SHA256=16995CE46136A86CD128751CFB37195E33B33845FB7CD215420BEA8C87ECC1B4
ParentProcessGuid: {ec47ca29-70be-61d3-0a00-000000008600}
ParentProcessId: 944
ParentImage: C:\Windows\System32\services.exe
ParentCommandLine: C:\Windows\system32\services.exe
ParentUser: NT AUTHORITY\SYSTEM"
Information,1/3/2022 5:17:53 PM,Microsoft-Windows-Sysmon,4,Sysmon service state changed,S-1-5-18,Microsoft-Windows-Sysmon/Operational,,Info,DESKTOP-JP20VPR,14108,3560,,,,,,00000000-0000-0000-0000-000000000000,00000000-0000-0000-0000-000000000000,,"Sysmon service state changed:
UtcTime: 2022-01-03 22:17:53.890
State: Started
Version: 13.31
SchemaVersion: 4.81"
Information,1/3/2022 5:17:53 PM,Microsoft-Windows-Sysmon,16,Sysmon config state changed,S-1-5-21-1210159420-1462283870-1420953093-1001,Microsoft-Windows-Sysmon/Operational,,Info,DESKTOP-JP20VPR,5808,2752,,,,,,00000000-0000-0000-0000-000000000000,00000000-0000-0000-0000-000000000000,,"Sysmon config state changed:
UtcTime: 2022-01-03 22:17:53.845
Configuration: ""C:\Users\BobWe\OneDrive\Desktop\Projects\Projects2022\Sysmon64.exe"" -i
ConfigurationFileHash: -"
