Information	1/4/2022 7:26:22 AM	Microsoft-Windows-Sysmon	5	Process terminated (rule: ProcessTerminate)	S-1-5-18	Microsoft-Windows-Sysmon/Operational		Info	DESKTOP-JP20VPR	14108	3560						00000000-0000-0000-0000-000000000000	00000000-0000-0000-0000-000000000000		"Process terminated:
RuleName: -
UtcTime: 2022-01-04 12:26:22.570
ProcessGuid: {ec47ca29-3b86-61d4-c307-000000008600}
ProcessId: 10656
Image: C:\Windows\System32\svchost.exe
User: NT AUTHORITY\SYSTEM"
Information	1/4/2022 7:25:52 AM	Microsoft-Windows-Sysmon	5	Process terminated (rule: ProcessTerminate)	S-1-5-18	Microsoft-Windows-Sysmon/Operational		Info	DESKTOP-JP20VPR	14108	3560						00000000-0000-0000-0000-000000000000	00000000-0000-0000-0000-000000000000		"Process terminated:
RuleName: -
UtcTime: 2022-01-04 12:25:52.092
ProcessGuid: {ec47ca29-3cc5-61d4-c807-000000008600}
ProcessId: 19084
Image: C:\Program Files (x86)\Microsoft\Edge\Application\96.0.1054.62\identity_helper.exe
User: DESKTOP-JP20VPR\BobWe"
Information	1/4/2022 7:25:41 AM	Microsoft-Windows-Sysmon	1	Process Create (rule: ProcessCreate)	S-1-5-18	Microsoft-Windows-Sysmon/Operational		Info	DESKTOP-JP20VPR	14108	3560						00000000-0000-0000-0000-000000000000	00000000-0000-0000-0000-000000000000		"Process Create:
RuleName: -
UtcTime: 2022-01-04 12:25:41.949
ProcessGuid: {ec47ca29-3cc5-61d4-c807-000000008600}
ProcessId: 19084
Image: C:\Program Files (x86)\Microsoft\Edge\Application\96.0.1054.62\identity_helper.exe
FileVersion: 96.0.1054.62
Description: PWA Identity Proxy Host
Product: Microsoft Edge
Company: Microsoft Corporation
OriginalFileName: identity_helper.exe
CommandLine: ""C:\Program Files (x86)\Microsoft\Edge\Application\96.0.1054.62\identity_helper.exe"" --type=utility --utility-sub-type=winrt_app_id.mojom.WinrtAppIdService --field-trial-handle=2308,14150179790966226464,16948066822318633601,131072 --lang=en-US --service-sandbox-type=none --mojo-platform-channel-handle=3412 /prefetch:8
CurrentDirectory: C:\Program Files (x86)\Microsoft\Edge\Application\96.0.1054.62\
User: DESKTOP-JP20VPR\BobWe
LogonGuid: {ec47ca29-70bf-61d3-9db4-020000000000}
LogonId: 0x2B49D
TerminalSessionId: 1
IntegrityLevel: Medium
Hashes: SHA256=7914D38736F3CE4F89432E15816711FFFDFD9002FA50CE7205C1176AF9142AB4
ParentProcessGuid: {ec47ca29-70db-61d3-4801-000000008600}
ParentProcessId: 11916
ParentImage: C:\Program Files (x86)\Microsoft\Edge\Application\msedge.exe
ParentCommandLine: ""C:\Program Files (x86)\Microsoft\Edge\Application\msedge.exe"" --no-startup-window --win-session-start /prefetch:5
ParentUser: DESKTOP-JP20VPR\BobWe"
Information	1/4/2022 7:25:41 AM	Microsoft-Windows-Sysmon	5	Process terminated (rule: ProcessTerminate)	S-1-5-18	Microsoft-Windows-Sysmon/Operational		Info	DESKTOP-JP20VPR	14108	3560						00000000-0000-0000-0000-000000000000	00000000-0000-0000-0000-000000000000		"Process terminated:
RuleName: -
UtcTime: 2022-01-04 12:25:41.943
ProcessGuid: {ec47ca29-3cc5-61d4-c707-000000008600}
ProcessId: 16460
Image: C:\Program Files (x86)\Microsoft\Edge\Application\96.0.1054.62\identity_helper.exe
User: DESKTOP-JP20VPR\BobWe"
Information	1/4/2022 7:25:41 AM	Microsoft-Windows-Sysmon	1	Process Create (rule: ProcessCreate)	S-1-5-18	Microsoft-Windows-Sysmon/Operational		Info	DESKTOP-JP20VPR	14108	3560						00000000-0000-0000-0000-000000000000	00000000-0000-0000-0000-000000000000		"Process Create:
RuleName: -
UtcTime: 2022-01-04 12:25:41.932
ProcessGuid: {ec47ca29-3cc5-61d4-c707-000000008600}
ProcessId: 16460
Image: C:\Program Files (x86)\Microsoft\Edge\Application\96.0.1054.62\identity_helper.exe
FileVersion: 96.0.1054.62
Description: PWA Identity Proxy Host
Product: Microsoft Edge
Company: Microsoft Corporation
OriginalFileName: identity_helper.exe
CommandLine: ""C:\Program Files (x86)\Microsoft\Edge\Application\96.0.1054.62\identity_helper.exe"" --type=utility --utility-sub-type=winrt_app_id.mojom.WinrtAppIdService --field-trial-handle=2308,14150179790966226464,16948066822318633601,131072 --lang=en-US --service-sandbox-type=none --mojo-platform-channel-handle=3412 /prefetch:8
CurrentDirectory: C:\Program Files (x86)\Microsoft\Edge\Application\96.0.1054.62\
User: DESKTOP-JP20VPR\BobWe
LogonGuid: {ec47ca29-70bf-61d3-9db4-020000000000}
LogonId: 0x2B49D
TerminalSessionId: 1
IntegrityLevel: Medium
Hashes: SHA256=7914D38736F3CE4F89432E15816711FFFDFD9002FA50CE7205C1176AF9142AB4
ParentProcessGuid: {ec47ca29-70db-61d3-4801-000000008600}
ParentProcessId: 11916
ParentImage: C:\Program Files (x86)\Microsoft\Edge\Application\msedge.exe
ParentCommandLine: ""C:\Program Files (x86)\Microsoft\Edge\Application\msedge.exe"" --no-startup-window --win-session-start /prefetch:5
ParentUser: DESKTOP-JP20VPR\BobWe"
Information	1/4/2022 7:25:30 AM	Microsoft-Windows-Sysmon	1	Process Create (rule: ProcessCreate)	S-1-5-18	Microsoft-Windows-Sysmon/Operational		Info	DESKTOP-JP20VPR	14108	3560						00000000-0000-0000-0000-000000000000	00000000-0000-0000-0000-000000000000		"Process Create:
RuleName: -
UtcTime: 2022-01-04 12:25:30.975
ProcessGuid: {ec47ca29-3cba-61d4-c607-000000008600}
ProcessId: 4332
Image: C:\Windows\System32\svchost.exe
FileVersion: 10.0.19041.546 (WinBuild.160101.0800)
Description: Host Process for Windows Services
Product: Microsoft® Windows® Operating System
Company: Microsoft Corporation
OriginalFileName: svchost.exe
CommandLine: C:\Windows\system32\svchost.exe -k netsvcs -p -s wlidsvc
CurrentDirectory: C:\Windows\system32\
User: NT AUTHORITY\SYSTEM
LogonGuid: {ec47ca29-70be-61d3-e703-000000000000}
LogonId: 0x3E7
TerminalSessionId: 0
IntegrityLevel: System
Hashes: SHA256=643EC58E82E0272C97C2A59F6020970D881AF19C0AD5029DB9C958C13B6558C7
ParentProcessGuid: {00000000-0000-0000-0000-000000000000}
ParentProcessId: 944
ParentImage: -
ParentCommandLine: -
ParentUser: -"
Information	1/4/2022 7:25:22 AM	Microsoft-Windows-Sysmon	5	Process terminated (rule: ProcessTerminate)	S-1-5-18	Microsoft-Windows-Sysmon/Operational		Info	DESKTOP-JP20VPR	14108	3560						00000000-0000-0000-0000-000000000000	00000000-0000-0000-0000-000000000000		"Process terminated:
RuleName: -
UtcTime: 2022-01-04 12:25:22.364
ProcessGuid: {ec47ca29-3b86-61d4-c107-000000008600}
ProcessId: 10692
Image: C:\Windows\System32\svchost.exe
User: NT AUTHORITY\SYSTEM"
Information	1/4/2022 7:24:02 AM	Microsoft-Windows-Sysmon	5	Process terminated (rule: ProcessTerminate)	S-1-5-18	Microsoft-Windows-Sysmon/Operational		Info	DESKTOP-JP20VPR	14108	3560						00000000-0000-0000-0000-000000000000	00000000-0000-0000-0000-000000000000		"Process terminated:
RuleName: -
UtcTime: 2022-01-04 12:24:02.728
ProcessGuid: {ec47ca29-3c62-61d4-c507-000000008600}
ProcessId: 2364
Image: C:\Program Files (x86)\Microsoft\EdgeUpdate\MicrosoftEdgeUpdate.exe
User: NT AUTHORITY\SYSTEM"
Information	1/4/2022 7:24:02 AM	Microsoft-Windows-Sysmon	1	Process Create (rule: ProcessCreate)	S-1-5-18	Microsoft-Windows-Sysmon/Operational		Info	DESKTOP-JP20VPR	14108	3560						00000000-0000-0000-0000-000000000000	00000000-0000-0000-0000-000000000000		"Process Create:
RuleName: -
UtcTime: 2022-01-04 12:24:02.638
ProcessGuid: {ec47ca29-3c62-61d4-c507-000000008600}
ProcessId: 2364
Image: C:\Program Files (x86)\Microsoft\EdgeUpdate\MicrosoftEdgeUpdate.exe
FileVersion: 1.3.119.43
Description: Microsoft Edge Update
Product: Microsoft Edge Update
Company: Microsoft Corporation
OriginalFileName: msedgeupdate.dll
CommandLine: ""C:\Program Files (x86)\Microsoft\EdgeUpdate\MicrosoftEdgeUpdate.exe"" /ua /installsource scheduler
CurrentDirectory: C:\Windows\system32\
User: NT AUTHORITY\SYSTEM
LogonGuid: {ec47ca29-70be-61d3-e703-000000000000}
LogonId: 0x3E7
TerminalSessionId: 0
IntegrityLevel: System
Hashes: SHA256=7209D144D97CA57288E829FB5F026B5C4576433AAA7F5FB0ADC6504A33B21656
ParentProcessGuid: {ec47ca29-70bf-61d3-1c00-000000008600}
ParentProcessId: 1716
ParentImage: C:\Windows\System32\svchost.exe
ParentCommandLine: C:\Windows\system32\svchost.exe -k netsvcs -p -s Schedule
ParentUser: NT AUTHORITY\SYSTEM"
Information	1/4/2022 7:21:52 AM	Microsoft-Windows-Sysmon	5	Process terminated (rule: ProcessTerminate)	S-1-5-18	Microsoft-Windows-Sysmon/Operational		Info	DESKTOP-JP20VPR	14108	3560						00000000-0000-0000-0000-000000000000	00000000-0000-0000-0000-000000000000		"Process terminated:
RuleName: -
UtcTime: 2022-01-04 12:21:52.542
ProcessGuid: {ec47ca29-3b86-61d4-c407-000000008600}
ProcessId: 5816
Image: C:\Windows\System32\RuntimeBroker.exe
User: DESKTOP-JP20VPR\BobWe"
Information	1/4/2022 7:21:22 AM	Microsoft-Windows-Sysmon	5	Process terminated (rule: ProcessTerminate)	S-1-5-18	Microsoft-Windows-Sysmon/Operational		Info	DESKTOP-JP20VPR	14108	3560						00000000-0000-0000-0000-000000000000	00000000-0000-0000-0000-000000000000		"Process terminated:
RuleName: -
UtcTime: 2022-01-04 12:21:22.534
ProcessGuid: {ec47ca29-3b86-61d4-c207-000000008600}
ProcessId: 18468
Image: C:\Windows\System32\backgroundTaskHost.exe
User: DESKTOP-JP20VPR\BobWe"
Information	1/4/2022 7:20:22 AM	Microsoft-Windows-Sysmon	1	Process Create (rule: ProcessCreate)	S-1-5-18	Microsoft-Windows-Sysmon/Operational		Info	DESKTOP-JP20VPR	14108	3560						00000000-0000-0000-0000-000000000000	00000000-0000-0000-0000-000000000000		"Process Create:
RuleName: -
UtcTime: 2022-01-04 12:20:22.488
ProcessGuid: {ec47ca29-3b86-61d4-c407-000000008600}
ProcessId: 5816
Image: C:\Windows\System32\RuntimeBroker.exe
FileVersion: 10.0.19041.746 (WinBuild.160101.0800)
Description: Runtime Broker
Product: Microsoft® Windows® Operating System
Company: Microsoft Corporation
OriginalFileName: RuntimeBroker.exe
CommandLine: C:\Windows\System32\RuntimeBroker.exe -Embedding
CurrentDirectory: C:\Windows\system32\
User: DESKTOP-JP20VPR\BobWe
LogonGuid: {ec47ca29-70bf-61d3-9db4-020000000000}
LogonId: 0x2B49D
TerminalSessionId: 1
IntegrityLevel: Medium
Hashes: SHA256=E86870769EE6C797E09457BD99C58D9BF2303CF0193A24EF9B1222C2C3DAF628
ParentProcessGuid: {ec47ca29-70be-61d3-0d00-000000008600}
ParentProcessId: 1056
ParentImage: C:\Windows\System32\svchost.exe
ParentCommandLine: C:\Windows\system32\svchost.exe -k DcomLaunch -p
ParentUser: NT AUTHORITY\SYSTEM"
Information	1/4/2022 7:20:22 AM	Microsoft-Windows-Sysmon	1	Process Create (rule: ProcessCreate)	S-1-5-18	Microsoft-Windows-Sysmon/Operational		Info	DESKTOP-JP20VPR	14108	3560						00000000-0000-0000-0000-000000000000	00000000-0000-0000-0000-000000000000		"Process Create:
RuleName: -
UtcTime: 2022-01-04 12:20:22.384
ProcessGuid: {ec47ca29-3b86-61d4-c307-000000008600}
ProcessId: 10656
Image: C:\Windows\System32\svchost.exe
FileVersion: 10.0.19041.546 (WinBuild.160101.0800)
Description: Host Process for Windows Services
Product: Microsoft® Windows® Operating System
Company: Microsoft Corporation
OriginalFileName: svchost.exe
CommandLine: C:\Windows\System32\svchost.exe -k wsappx -p -s ClipSVC
CurrentDirectory: C:\Windows\system32\
User: NT AUTHORITY\SYSTEM
LogonGuid: {ec47ca29-70be-61d3-e703-000000000000}
LogonId: 0x3E7
TerminalSessionId: 0
IntegrityLevel: System
Hashes: SHA256=643EC58E82E0272C97C2A59F6020970D881AF19C0AD5029DB9C958C13B6558C7
ParentProcessGuid: {00000000-0000-0000-0000-000000000000}
ParentProcessId: 944
ParentImage: -
ParentCommandLine: -
ParentUser: -"
Information	1/4/2022 7:20:22 AM	Microsoft-Windows-Sysmon	1	Process Create (rule: ProcessCreate)	S-1-5-18	Microsoft-Windows-Sysmon/Operational		Info	DESKTOP-JP20VPR	14108	3560						00000000-0000-0000-0000-000000000000	00000000-0000-0000-0000-000000000000		"Process Create:
RuleName: -
UtcTime: 2022-01-04 12:20:22.380
ProcessGuid: {ec47ca29-3b86-61d4-c207-000000008600}
ProcessId: 18468
Image: C:\Windows\System32\backgroundTaskHost.exe
FileVersion: 10.0.19041.546 (WinBuild.160101.0800)
Description: Background Task Host
Product: Microsoft® Windows® Operating System
Company: Microsoft Corporation
OriginalFileName: backgroundTaskHost.exe
CommandLine: ""C:\Windows\system32\backgroundTaskHost.exe"" -ServerName:Microsoft.MicrosoftOfficeHub.AppX54h2e8jwdm50fj5ha8987vz1etpx7czd.mca
CurrentDirectory: C:\Program Files\WindowsApps\Microsoft.MicrosoftOfficeHub_18.2110.13110.0_x64__8wekyb3d8bbwe\
User: DESKTOP-JP20VPR\BobWe
LogonGuid: {ec47ca29-70bf-61d3-9db4-020000000000}
LogonId: 0x2B49D
TerminalSessionId: 1
IntegrityLevel: AppContainer
Hashes: SHA256=20330D3CA71D58F4AEB432676CB6A3D5B97005954E45132FB083E90782EFDD50
ParentProcessGuid: {ec47ca29-70be-61d3-0d00-000000008600}
ParentProcessId: 1056
ParentImage: C:\Windows\System32\svchost.exe
ParentCommandLine: C:\Windows\system32\svchost.exe -k DcomLaunch -p
ParentUser: NT AUTHORITY\SYSTEM"
Information	1/4/2022 7:20:22 AM	Microsoft-Windows-Sysmon	1	Process Create (rule: ProcessCreate)	S-1-5-18	Microsoft-Windows-Sysmon/Operational		Info	DESKTOP-JP20VPR	14108	3560						00000000-0000-0000-0000-000000000000	00000000-0000-0000-0000-000000000000		"Process Create:
RuleName: -
UtcTime: 2022-01-04 12:20:22.276
ProcessGuid: {ec47ca29-3b86-61d4-c107-000000008600}
ProcessId: 10692
Image: C:\Windows\System32\svchost.exe
FileVersion: 10.0.19041.546 (WinBuild.160101.0800)
Description: Host Process for Windows Services
Product: Microsoft® Windows® Operating System
Company: Microsoft Corporation
OriginalFileName: svchost.exe
CommandLine: C:\Windows\system32\svchost.exe -k wsappx -p -s AppXSvc
CurrentDirectory: C:\Windows\system32\
User: NT AUTHORITY\SYSTEM
LogonGuid: {ec47ca29-70be-61d3-e703-000000000000}
LogonId: 0x3E7
TerminalSessionId: 0
IntegrityLevel: System
Hashes: SHA256=643EC58E82E0272C97C2A59F6020970D881AF19C0AD5029DB9C958C13B6558C7
ParentProcessGuid: {00000000-0000-0000-0000-000000000000}
ParentProcessId: 944
ParentImage: -
ParentCommandLine: -
ParentUser: -"
Information	1/4/2022 7:20:09 AM	Microsoft-Windows-Sysmon	5	Process terminated (rule: ProcessTerminate)	S-1-5-18	Microsoft-Windows-Sysmon/Operational		Info	DESKTOP-JP20VPR	14108	3560						00000000-0000-0000-0000-000000000000	00000000-0000-0000-0000-000000000000		"Process terminated:
RuleName: -
UtcTime: 2022-01-04 12:20:09.224
ProcessGuid: {ec47ca29-3b79-61d4-c007-000000008600}
ProcessId: 15980
Image: C:\Windows\System32\wermgr.exe
User: NT AUTHORITY\SYSTEM"
Information	1/4/2022 7:20:09 AM	Microsoft-Windows-Sysmon	1	Process Create (rule: ProcessCreate)	S-1-5-18	Microsoft-Windows-Sysmon/Operational		Info	DESKTOP-JP20VPR	14108	3560						00000000-0000-0000-0000-000000000000	00000000-0000-0000-0000-000000000000		"Process Create:
RuleName: -
UtcTime: 2022-01-04 12:20:09.137
ProcessGuid: {ec47ca29-3b79-61d4-c007-000000008600}
ProcessId: 15980
Image: C:\Windows\System32\wermgr.exe
FileVersion: 10.0.19041.1387 (WinBuild.160101.0800)
Description: Windows Problem Reporting
Product: Microsoft® Windows® Operating System
Company: Microsoft Corporation
OriginalFileName: WerMgr
CommandLine: C:\Windows\system32\wermgr.exe -upload
CurrentDirectory: C:\Windows\system32\
User: NT AUTHORITY\SYSTEM
LogonGuid: {ec47ca29-70be-61d3-e703-000000000000}
LogonId: 0x3E7
TerminalSessionId: 0
IntegrityLevel: System
Hashes: SHA256=789F5AC876ADF3FED3A1E60A978A0DC3C1D1180FB54D5F455D52FA4F893FA7A0
ParentProcessGuid: {ec47ca29-70bf-61d3-1c00-000000008600}
ParentProcessId: 1716
ParentImage: C:\Windows\System32\svchost.exe
ParentCommandLine: C:\Windows\system32\svchost.exe -k netsvcs -p -s Schedule
ParentUser: NT AUTHORITY\SYSTEM"
Information	1/4/2022 7:19:34 AM	Microsoft-Windows-Sysmon	5	Process terminated (rule: ProcessTerminate)	S-1-5-18	Microsoft-Windows-Sysmon/Operational		Info	DESKTOP-JP20VPR	14108	3560						00000000-0000-0000-0000-000000000000	00000000-0000-0000-0000-000000000000		"Process terminated:
RuleName: -
UtcTime: 2022-01-04 12:19:34.791
ProcessGuid: {ec47ca29-38f4-61d4-b307-000000008600}
ProcessId: 15252
Image: C:\Windows\System32\svchost.exe
User: NT AUTHORITY\SYSTEM"
Information	1/4/2022 7:18:30 AM	Microsoft-Windows-Sysmon	5	Process terminated (rule: ProcessTerminate)	S-1-5-18	Microsoft-Windows-Sysmon/Operational		Info	DESKTOP-JP20VPR	14108	3560						00000000-0000-0000-0000-000000000000	00000000-0000-0000-0000-000000000000		"Process terminated:
RuleName: -
UtcTime: 2022-01-04 12:18:30.880
ProcessGuid: {ec47ca29-3a26-61d4-bf07-000000008600}
ProcessId: 8008
Image: C:\Windows\System32\svchost.exe
User: NT AUTHORITY\SYSTEM"
Information	1/4/2022 7:14:30 AM	Microsoft-Windows-Sysmon	1	Process Create (rule: ProcessCreate)	S-1-5-18	Microsoft-Windows-Sysmon/Operational		Info	DESKTOP-JP20VPR	14108	3560						00000000-0000-0000-0000-000000000000	00000000-0000-0000-0000-000000000000		"Process Create:
RuleName: -
UtcTime: 2022-01-04 12:14:30.932
ProcessGuid: {ec47ca29-3a26-61d4-bf07-000000008600}
ProcessId: 8008
Image: C:\Windows\System32\svchost.exe
FileVersion: 10.0.19041.546 (WinBuild.160101.0800)
Description: Host Process for Windows Services
Product: Microsoft® Windows® Operating System
Company: Microsoft Corporation
OriginalFileName: svchost.exe
CommandLine: C:\Windows\system32\svchost.exe -k netsvcs -p -s wlidsvc
CurrentDirectory: C:\Windows\system32\
User: NT AUTHORITY\SYSTEM
LogonGuid: {ec47ca29-70be-61d3-e703-000000000000}
LogonId: 0x3E7
TerminalSessionId: 0
IntegrityLevel: System
Hashes: SHA256=643EC58E82E0272C97C2A59F6020970D881AF19C0AD5029DB9C958C13B6558C7
ParentProcessGuid: {00000000-0000-0000-0000-000000000000}
ParentProcessId: 944
ParentImage: -
ParentCommandLine: -
ParentUser: -"
Information	1/4/2022 7:12:30 AM	Microsoft-Windows-Sysmon	5	Process terminated (rule: ProcessTerminate)	S-1-5-18	Microsoft-Windows-Sysmon/Operational		Info	DESKTOP-JP20VPR	14108	3560						00000000-0000-0000-0000-000000000000	00000000-0000-0000-0000-000000000000		"Process terminated:
RuleName: -
UtcTime: 2022-01-04 12:12:30.496
ProcessGuid: {ec47ca29-38f9-61d4-b807-000000008600}
ProcessId: 8308
Image: C:\Windows\System32\svchost.exe
User: NT AUTHORITY\SYSTEM"
Information	1/4/2022 7:11:22 AM	Microsoft-Windows-Sysmon	5	Process terminated (rule: ProcessTerminate)	S-1-5-18	Microsoft-Windows-Sysmon/Operational		Info	DESKTOP-JP20VPR	14108	3560						00000000-0000-0000-0000-000000000000	00000000-0000-0000-0000-000000000000		"Process terminated:
RuleName: -
UtcTime: 2022-01-04 12:11:22.360
ProcessGuid: {ec47ca29-3802-61d4-ae07-000000008600}
ProcessId: 6596
Image: C:\Windows\System32\svchost.exe
User: NT AUTHORITY\SYSTEM"
Information	1/4/2022 7:10:54 AM	Microsoft-Windows-Sysmon	5	Process terminated (rule: ProcessTerminate)	S-1-5-18	Microsoft-Windows-Sysmon/Operational		Info	DESKTOP-JP20VPR	14108	3560						00000000-0000-0000-0000-000000000000	00000000-0000-0000-0000-000000000000		"Process terminated:
RuleName: -
UtcTime: 2022-01-04 12:10:54.167
ProcessGuid: {ec47ca29-38f4-61d4-b407-000000008600}
ProcessId: 1376
Image: C:\Windows\System32\wbem\WmiPrvSE.exe
User: NT AUTHORITY\NETWORK SERVICE"
Information	1/4/2022 7:10:52 AM	Microsoft-Windows-Sysmon	5	Process terminated (rule: ProcessTerminate)	S-1-5-18	Microsoft-Windows-Sysmon/Operational		Info	DESKTOP-JP20VPR	14108	3560						00000000-0000-0000-0000-000000000000	00000000-0000-0000-0000-000000000000		"Process terminated:
RuleName: -
UtcTime: 2022-01-04 12:10:52.031
ProcessGuid: {ec47ca29-3941-61d4-be07-000000008600}
ProcessId: 4396
Image: C:\Program Files (x86)\Microsoft\Edge\Application\96.0.1054.62\identity_helper.exe
User: DESKTOP-JP20VPR\BobWe"
Information	1/4/2022 7:10:41 AM	Microsoft-Windows-Sysmon	1	Process Create (rule: ProcessCreate)	S-1-5-18	Microsoft-Windows-Sysmon/Operational		Info	DESKTOP-JP20VPR	14108	3560						00000000-0000-0000-0000-000000000000	00000000-0000-0000-0000-000000000000		"Process Create:
RuleName: -
UtcTime: 2022-01-04 12:10:41.930
ProcessGuid: {ec47ca29-3941-61d4-be07-000000008600}
ProcessId: 4396
Image: C:\Program Files (x86)\Microsoft\Edge\Application\96.0.1054.62\identity_helper.exe
FileVersion: 96.0.1054.62
Description: PWA Identity Proxy Host
Product: Microsoft Edge
Company: Microsoft Corporation
OriginalFileName: identity_helper.exe
CommandLine: ""C:\Program Files (x86)\Microsoft\Edge\Application\96.0.1054.62\identity_helper.exe"" --type=utility --utility-sub-type=winrt_app_id.mojom.WinrtAppIdService --field-trial-handle=2308,14150179790966226464,16948066822318633601,131072 --lang=en-US --service-sandbox-type=none --mojo-platform-channel-handle=4940 /prefetch:8
CurrentDirectory: C:\Program Files (x86)\Microsoft\Edge\Application\96.0.1054.62\
User: DESKTOP-JP20VPR\BobWe
LogonGuid: {ec47ca29-70bf-61d3-9db4-020000000000}
LogonId: 0x2B49D
TerminalSessionId: 1
IntegrityLevel: Medium
Hashes: SHA256=7914D38736F3CE4F89432E15816711FFFDFD9002FA50CE7205C1176AF9142AB4
ParentProcessGuid: {ec47ca29-70db-61d3-4801-000000008600}
ParentProcessId: 11916
ParentImage: C:\Program Files (x86)\Microsoft\Edge\Application\msedge.exe
ParentCommandLine: ""C:\Program Files (x86)\Microsoft\Edge\Application\msedge.exe"" --no-startup-window --win-session-start /prefetch:5
ParentUser: DESKTOP-JP20VPR\BobWe"
Information	1/4/2022 7:10:41 AM	Microsoft-Windows-Sysmon	5	Process terminated (rule: ProcessTerminate)	S-1-5-18	Microsoft-Windows-Sysmon/Operational		Info	DESKTOP-JP20VPR	14108	3560						00000000-0000-0000-0000-000000000000	00000000-0000-0000-0000-000000000000		"Process terminated:
RuleName: -
UtcTime: 2022-01-04 12:10:41.925
ProcessGuid: {ec47ca29-3941-61d4-bd07-000000008600}
ProcessId: 9880
Image: C:\Program Files (x86)\Microsoft\Edge\Application\96.0.1054.62\identity_helper.exe
User: DESKTOP-JP20VPR\BobWe"
Information	1/4/2022 7:10:41 AM	Microsoft-Windows-Sysmon	1	Process Create (rule: ProcessCreate)	S-1-5-18	Microsoft-Windows-Sysmon/Operational		Info	DESKTOP-JP20VPR	14108	3560						00000000-0000-0000-0000-000000000000	00000000-0000-0000-0000-000000000000		"Process Create:
RuleName: -
UtcTime: 2022-01-04 12:10:41.916
ProcessGuid: {ec47ca29-3941-61d4-bd07-000000008600}
ProcessId: 9880
Image: C:\Program Files (x86)\Microsoft\Edge\Application\96.0.1054.62\identity_helper.exe
FileVersion: 96.0.1054.62
Description: PWA Identity Proxy Host
Product: Microsoft Edge
Company: Microsoft Corporation
OriginalFileName: identity_helper.exe
CommandLine: ""C:\Program Files (x86)\Microsoft\Edge\Application\96.0.1054.62\identity_helper.exe"" --type=utility --utility-sub-type=winrt_app_id.mojom.WinrtAppIdService --field-trial-handle=2308,14150179790966226464,16948066822318633601,131072 --lang=en-US --service-sandbox-type=none --mojo-platform-channel-handle=4940 /prefetch:8
CurrentDirectory: C:\Program Files (x86)\Microsoft\Edge\Application\96.0.1054.62\
User: DESKTOP-JP20VPR\BobWe
LogonGuid: {ec47ca29-70bf-61d3-9db4-020000000000}
LogonId: 0x2B49D
TerminalSessionId: 1
IntegrityLevel: Medium
Hashes: SHA256=7914D38736F3CE4F89432E15816711FFFDFD9002FA50CE7205C1176AF9142AB4
ParentProcessGuid: {ec47ca29-70db-61d3-4801-000000008600}
ParentProcessId: 11916
ParentImage: C:\Program Files (x86)\Microsoft\Edge\Application\msedge.exe
ParentCommandLine: ""C:\Program Files (x86)\Microsoft\Edge\Application\msedge.exe"" --no-startup-window --win-session-start /prefetch:5
ParentUser: DESKTOP-JP20VPR\BobWe"
Information	1/4/2022 7:10:34 AM	Microsoft-Windows-Sysmon	5	Process terminated (rule: ProcessTerminate)	S-1-5-18	Microsoft-Windows-Sysmon/Operational		Info	DESKTOP-JP20VPR	14108	3560						00000000-0000-0000-0000-000000000000	00000000-0000-0000-0000-000000000000		"Process terminated:
RuleName: -
UtcTime: 2022-01-04 12:10:34.817
ProcessGuid: {ec47ca29-38f3-61d4-b207-000000008600}
ProcessId: 16364
Image: C:\Windows\System32\MoUsoCoreWorker.exe
User: NT AUTHORITY\SYSTEM"
Information	1/4/2022 7:10:28 AM	Microsoft-Windows-Sysmon	5	Process terminated (rule: ProcessTerminate)	S-1-5-18	Microsoft-Windows-Sysmon/Operational		Info	DESKTOP-JP20VPR	14108	3560						00000000-0000-0000-0000-000000000000	00000000-0000-0000-0000-000000000000		"Process terminated:
RuleName: -
UtcTime: 2022-01-04 12:10:28.746
ProcessGuid: {ec47ca29-38f8-61d4-b507-000000008600}
ProcessId: 10260
Image: C:\Windows\System32\svchost.exe
User: NT AUTHORITY\SYSTEM"
Information	1/4/2022 7:10:22 AM	Microsoft-Windows-Sysmon	5	Process terminated (rule: ProcessTerminate)	S-1-5-18	Microsoft-Windows-Sysmon/Operational		Info	DESKTOP-JP20VPR	14108	3560						00000000-0000-0000-0000-000000000000	00000000-0000-0000-0000-000000000000		"Process terminated:
RuleName: -
UtcTime: 2022-01-04 12:10:22.199
ProcessGuid: {ec47ca29-35bc-61d4-9e07-000000008600}
ProcessId: 11228
Image: C:\Windows\System32\svchost.exe
User: NT AUTHORITY\SYSTEM"
Information	1/4/2022 7:09:59 AM	Microsoft-Windows-Sysmon	5	Process terminated (rule: ProcessTerminate)	S-1-5-18	Microsoft-Windows-Sysmon/Operational		Info	DESKTOP-JP20VPR	14108	3560						00000000-0000-0000-0000-000000000000	00000000-0000-0000-0000-000000000000		"Process terminated:
RuleName: -
UtcTime: 2022-01-04 12:09:59.552
ProcessGuid: {ec47ca29-38f9-61d4-b707-000000008600}
ProcessId: 5996
Image: C:\Windows\System32\sppsvc.exe
User: NT AUTHORITY\NETWORK SERVICE"
Information	1/4/2022 7:09:33 AM	Microsoft-Windows-Sysmon	5	Process terminated (rule: ProcessTerminate)	S-1-5-18	Microsoft-Windows-Sysmon/Operational		Info	DESKTOP-JP20VPR	14108	3560						00000000-0000-0000-0000-000000000000	00000000-0000-0000-0000-000000000000		"Process terminated:
RuleName: -
UtcTime: 2022-01-04 12:09:33.492
ProcessGuid: {ec47ca29-38fc-61d4-bb07-000000008600}
ProcessId: 2872
Image: C:\Windows\System32\MusNotification.exe
User: NT AUTHORITY\SYSTEM"
Information	1/4/2022 7:09:33 AM	Microsoft-Windows-Sysmon	5	Process terminated (rule: ProcessTerminate)	S-1-5-18	Microsoft-Windows-Sysmon/Operational		Info	DESKTOP-JP20VPR	14108	3560						00000000-0000-0000-0000-000000000000	00000000-0000-0000-0000-000000000000		"Process terminated:
RuleName: -
UtcTime: 2022-01-04 12:09:33.046
ProcessGuid: {ec47ca29-38fc-61d4-bc07-000000008600}
ProcessId: 17748
Image: C:\Windows\System32\MusNotificationUx.exe
User: DESKTOP-JP20VPR\BobWe"
Information	1/4/2022 7:09:32 AM	Microsoft-Windows-Sysmon	1	Process Create (rule: ProcessCreate)	S-1-5-18	Microsoft-Windows-Sysmon/Operational		Info	DESKTOP-JP20VPR	14108	3560						00000000-0000-0000-0000-000000000000	00000000-0000-0000-0000-000000000000		"Process Create:
RuleName: -
UtcTime: 2022-01-04 12:09:32.688
ProcessGuid: {ec47ca29-38fc-61d4-bc07-000000008600}
ProcessId: 17748
Image: C:\Windows\System32\MusNotificationUx.exe
FileVersion: 10.0.19041.1320 (WinBuild.160101.0800)
Description: MusNotificationUx.exe
Product: Microsoft® Windows® Operating System
Company: Microsoft Corporation
OriginalFileName: MusNotificationUx.exe
CommandLine: %%systemroot%%\system32\MusNotificationUx.exe ClearActiveNotifications
CurrentDirectory: C:\Windows\system32\
User: DESKTOP-JP20VPR\BobWe
LogonGuid: {ec47ca29-70bf-61d3-9db4-020000000000}
LogonId: 0x2B49D
TerminalSessionId: 1
IntegrityLevel: Medium
Hashes: SHA256=BD2A37CBE144974E1F48DCE49AD0D95F372C5F4E5890B1E1DD6DC0077AAF2F92
ParentProcessGuid: {ec47ca29-38fc-61d4-bb07-000000008600}
ParentProcessId: 2872
ParentImage: C:\Windows\System32\MusNotification.exe
ParentCommandLine: C:\Windows\system32\MusNotification.exe
ParentUser: NT AUTHORITY\SYSTEM"
Information	1/4/2022 7:09:32 AM	Microsoft-Windows-Sysmon	1	Process Create (rule: ProcessCreate)	S-1-5-18	Microsoft-Windows-Sysmon/Operational		Info	DESKTOP-JP20VPR	14108	3560						00000000-0000-0000-0000-000000000000	00000000-0000-0000-0000-000000000000		"Process Create:
RuleName: -
UtcTime: 2022-01-04 12:09:32.253
ProcessGuid: {ec47ca29-38fc-61d4-bb07-000000008600}
ProcessId: 2872
Image: C:\Windows\System32\MusNotification.exe
FileVersion: 10.0.19041.1320 (WinBuild.160101.0800)
Description: MusNotificationBroker
Product: Microsoft® Windows® Operating System
Company: Microsoft Corporation
OriginalFileName: MusNotification.exe
CommandLine: C:\Windows\system32\MusNotification.exe
CurrentDirectory: C:\Windows\system32\
User: NT AUTHORITY\SYSTEM
LogonGuid: {ec47ca29-70be-61d3-e703-000000000000}
LogonId: 0x3E7
TerminalSessionId: 0
IntegrityLevel: System
Hashes: SHA256=FCD5FEEA9D8EAD8C0EBBF0895D35EE8F2557C611CE9EA098D8FDBFBC93358F90
ParentProcessGuid: {ec47ca29-70bf-61d3-1c00-000000008600}
ParentProcessId: 1716
ParentImage: C:\Windows\System32\svchost.exe
ParentCommandLine: C:\Windows\system32\svchost.exe -k netsvcs -p -s Schedule
ParentUser: NT AUTHORITY\SYSTEM"
Information	1/4/2022 7:09:32 AM	Microsoft-Windows-Sysmon	5	Process terminated (rule: ProcessTerminate)	S-1-5-18	Microsoft-Windows-Sysmon/Operational		Info	DESKTOP-JP20VPR	14108	3560						00000000-0000-0000-0000-000000000000	00000000-0000-0000-0000-000000000000		"Process terminated:
RuleName: -
UtcTime: 2022-01-04 12:09:32.243
ProcessGuid: {ec47ca29-38fb-61d4-b907-000000008600}
ProcessId: 9724
Image: C:\Windows\System32\MusNotification.exe
User: NT AUTHORITY\SYSTEM"
Information	1/4/2022 7:09:31 AM	Microsoft-Windows-Sysmon	5	Process terminated (rule: ProcessTerminate)	S-1-5-18	Microsoft-Windows-Sysmon/Operational		Info	DESKTOP-JP20VPR	14108	3560						00000000-0000-0000-0000-000000000000	00000000-0000-0000-0000-000000000000		"Process terminated:
RuleName: -
UtcTime: 2022-01-04 12:09:31.811
ProcessGuid: {ec47ca29-38fb-61d4-ba07-000000008600}
ProcessId: 11080
Image: C:\Windows\System32\MusNotificationUx.exe
User: DESKTOP-JP20VPR\BobWe"
Information	1/4/2022 7:09:31 AM	Microsoft-Windows-Sysmon	1	Process Create (rule: ProcessCreate)	S-1-5-18	Microsoft-Windows-Sysmon/Operational		Info	DESKTOP-JP20VPR	14108	3560						00000000-0000-0000-0000-000000000000	00000000-0000-0000-0000-000000000000		"Process Create:
RuleName: -
UtcTime: 2022-01-04 12:09:31.463
ProcessGuid: {ec47ca29-38fb-61d4-ba07-000000008600}
ProcessId: 11080
Image: C:\Windows\System32\MusNotificationUx.exe
FileVersion: 10.0.19041.1320 (WinBuild.160101.0800)
Description: MusNotificationUx.exe
Product: Microsoft® Windows® Operating System
Company: Microsoft Corporation
OriginalFileName: MusNotificationUx.exe
CommandLine: %%systemroot%%\system32\MusNotificationUx.exe ClearActiveNotifications
CurrentDirectory: C:\Windows\system32\
User: DESKTOP-JP20VPR\BobWe
LogonGuid: {ec47ca29-70bf-61d3-9db4-020000000000}
LogonId: 0x2B49D
TerminalSessionId: 1
IntegrityLevel: Medium
Hashes: SHA256=BD2A37CBE144974E1F48DCE49AD0D95F372C5F4E5890B1E1DD6DC0077AAF2F92
ParentProcessGuid: {ec47ca29-38fb-61d4-b907-000000008600}
ParentProcessId: 9724
ParentImage: C:\Windows\System32\MusNotification.exe
ParentCommandLine: C:\Windows\system32\MusNotification.exe
ParentUser: NT AUTHORITY\SYSTEM"
Information	1/4/2022 7:09:31 AM	Microsoft-Windows-Sysmon	1	Process Create (rule: ProcessCreate)	S-1-5-18	Microsoft-Windows-Sysmon/Operational		Info	DESKTOP-JP20VPR	14108	3560						00000000-0000-0000-0000-000000000000	00000000-0000-0000-0000-000000000000		"Process Create:
RuleName: -
UtcTime: 2022-01-04 12:09:31.014
ProcessGuid: {ec47ca29-38fb-61d4-b907-000000008600}
ProcessId: 9724
Image: C:\Windows\System32\MusNotification.exe
FileVersion: 10.0.19041.1320 (WinBuild.160101.0800)
Description: MusNotificationBroker
Product: Microsoft® Windows® Operating System
Company: Microsoft Corporation
OriginalFileName: MusNotification.exe
CommandLine: C:\Windows\system32\MusNotification.exe
CurrentDirectory: C:\Windows\system32\
User: NT AUTHORITY\SYSTEM
LogonGuid: {ec47ca29-70be-61d3-e703-000000000000}
LogonId: 0x3E7
TerminalSessionId: 0
IntegrityLevel: System
Hashes: SHA256=FCD5FEEA9D8EAD8C0EBBF0895D35EE8F2557C611CE9EA098D8FDBFBC93358F90
ParentProcessGuid: {ec47ca29-70bf-61d3-1c00-000000008600}
ParentProcessId: 1716
ParentImage: C:\Windows\System32\svchost.exe
ParentCommandLine: C:\Windows\system32\svchost.exe -k netsvcs -p -s Schedule
ParentUser: NT AUTHORITY\SYSTEM"
Information	1/4/2022 7:09:31 AM	Microsoft-Windows-Sysmon	5	Process terminated (rule: ProcessTerminate)	S-1-5-18	Microsoft-Windows-Sysmon/Operational		Info	DESKTOP-JP20VPR	14108	3560						00000000-0000-0000-0000-000000000000	00000000-0000-0000-0000-000000000000		"Process terminated:
RuleName: -
UtcTime: 2022-01-04 12:09:31.005
ProcessGuid: {ec47ca29-38f3-61d4-b107-000000008600}
ProcessId: 11920
Image: C:\Windows\System32\MusNotification.exe
User: NT AUTHORITY\SYSTEM"
Information	1/4/2022 7:09:29 AM	Microsoft-Windows-Sysmon	1	Process Create (rule: ProcessCreate)	S-1-5-18	Microsoft-Windows-Sysmon/Operational		Info	DESKTOP-JP20VPR	14108	3560						00000000-0000-0000-0000-000000000000	00000000-0000-0000-0000-000000000000		"Process Create:
RuleName: -
UtcTime: 2022-01-04 12:09:29.546
ProcessGuid: {ec47ca29-38f9-61d4-b807-000000008600}
ProcessId: 8308
Image: C:\Windows\System32\svchost.exe
FileVersion: 10.0.19041.546 (WinBuild.160101.0800)
Description: Host Process for Windows Services
Product: Microsoft® Windows® Operating System
Company: Microsoft Corporation
OriginalFileName: svchost.exe
CommandLine: C:\Windows\system32\svchost.exe -k netsvcs -p -s wlidsvc
CurrentDirectory: C:\Windows\system32\
User: NT AUTHORITY\SYSTEM
LogonGuid: {ec47ca29-70be-61d3-e703-000000000000}
LogonId: 0x3E7
TerminalSessionId: 0
IntegrityLevel: System
Hashes: SHA256=643EC58E82E0272C97C2A59F6020970D881AF19C0AD5029DB9C958C13B6558C7
ParentProcessGuid: {00000000-0000-0000-0000-000000000000}
ParentProcessId: 944
ParentImage: -
ParentCommandLine: -
ParentUser: -"
Information	1/4/2022 7:09:29 AM	Microsoft-Windows-Sysmon	1	Process Create (rule: ProcessCreate)	S-1-5-18	Microsoft-Windows-Sysmon/Operational		Info	DESKTOP-JP20VPR	14108	3560						00000000-0000-0000-0000-000000000000	00000000-0000-0000-0000-000000000000		"Process Create:
RuleName: -
UtcTime: 2022-01-04 12:09:29.141
ProcessGuid: {ec47ca29-38f9-61d4-b707-000000008600}
ProcessId: 5996
Image: C:\Windows\System32\sppsvc.exe
FileVersion: 10.0.19041.1415 (WinBuild.160101.0800)
Description: Microsoft Software Protection Platform Service
Product: Microsoft® Windows® Operating System
Company: Microsoft Corporation
OriginalFileName: sppsvc.exe
CommandLine: C:\Windows\system32\sppsvc.exe
CurrentDirectory: C:\Windows
User: NT AUTHORITY\NETWORK SERVICE
LogonGuid: {ec47ca29-70be-61d3-e403-000000000000}
LogonId: 0x3E4
TerminalSessionId: 0
IntegrityLevel: System
Hashes: SHA256=1905BFE26ADC74F15CD099774B5C0072E6FB28E1037A77B2B02D0D501BC43B50
ParentProcessGuid: {00000000-0000-0000-0000-000000000000}
ParentProcessId: 944
ParentImage: -
ParentCommandLine: -
ParentUser: -"
Information	1/4/2022 7:09:29 AM	Microsoft-Windows-Sysmon	5	Process terminated (rule: ProcessTerminate)	S-1-5-18	Microsoft-Windows-Sysmon/Operational		Info	DESKTOP-JP20VPR	14108	3560						00000000-0000-0000-0000-000000000000	00000000-0000-0000-0000-000000000000		"Process terminated:
RuleName: -
UtcTime: 2022-01-04 12:09:29.062
ProcessGuid: {ec47ca29-38f8-61d4-b607-000000008600}
ProcessId: 2892
Image: C:\Windows\System32\MusNotificationUx.exe
User: DESKTOP-JP20VPR\BobWe"
Information	1/4/2022 7:09:28 AM	Microsoft-Windows-Sysmon	1	Process Create (rule: ProcessCreate)	S-1-5-18	Microsoft-Windows-Sysmon/Operational		Info	DESKTOP-JP20VPR	14108	3560						00000000-0000-0000-0000-000000000000	00000000-0000-0000-0000-000000000000		"Process Create:
RuleName: -
UtcTime: 2022-01-04 12:09:28.709
ProcessGuid: {ec47ca29-38f8-61d4-b607-000000008600}
ProcessId: 2892
Image: C:\Windows\System32\MusNotificationUx.exe
FileVersion: 10.0.19041.1320 (WinBuild.160101.0800)
Description: MusNotificationUx.exe
Product: Microsoft® Windows® Operating System
Company: Microsoft Corporation
OriginalFileName: MusNotificationUx.exe
CommandLine: %%systemroot%%\system32\MusNotificationUx.exe ClearActiveNotifications
CurrentDirectory: C:\Windows\system32\
User: DESKTOP-JP20VPR\BobWe
LogonGuid: {ec47ca29-70bf-61d3-9db4-020000000000}
LogonId: 0x2B49D
TerminalSessionId: 1
IntegrityLevel: Medium
Hashes: SHA256=BD2A37CBE144974E1F48DCE49AD0D95F372C5F4E5890B1E1DD6DC0077AAF2F92
ParentProcessGuid: {ec47ca29-38f3-61d4-b107-000000008600}
ParentProcessId: 11920
ParentImage: C:\Windows\System32\MusNotification.exe
ParentCommandLine: C:\Windows\system32\MusNotification.exe
ParentUser: NT AUTHORITY\SYSTEM"
Information	1/4/2022 7:09:28 AM	Microsoft-Windows-Sysmon	1	Process Create (rule: ProcessCreate)	S-1-5-18	Microsoft-Windows-Sysmon/Operational		Info	DESKTOP-JP20VPR	14108	3560						00000000-0000-0000-0000-000000000000	00000000-0000-0000-0000-000000000000		"Process Create:
RuleName: -
UtcTime: 2022-01-04 12:09:28.674
ProcessGuid: {ec47ca29-38f8-61d4-b507-000000008600}
ProcessId: 10260
Image: C:\Windows\System32\svchost.exe
FileVersion: 10.0.19041.546 (WinBuild.160101.0800)
Description: Host Process for Windows Services
Product: Microsoft® Windows® Operating System
Company: Microsoft Corporation
OriginalFileName: svchost.exe
CommandLine: C:\Windows\system32\svchost.exe -k wusvcs -p -s WaaSMedicSvc
CurrentDirectory: C:\Windows\system32\
User: NT AUTHORITY\SYSTEM
LogonGuid: {ec47ca29-70be-61d3-e703-000000000000}
LogonId: 0x3E7
TerminalSessionId: 0
IntegrityLevel: System
Hashes: SHA256=643EC58E82E0272C97C2A59F6020970D881AF19C0AD5029DB9C958C13B6558C7
ParentProcessGuid: {00000000-0000-0000-0000-000000000000}
ParentProcessId: 944
ParentImage: -
ParentCommandLine: -
ParentUser: -"
Information	1/4/2022 7:09:24 AM	Microsoft-Windows-Sysmon	1	Process Create (rule: ProcessCreate)	S-1-5-18	Microsoft-Windows-Sysmon/Operational		Info	DESKTOP-JP20VPR	14108	3560						00000000-0000-0000-0000-000000000000	00000000-0000-0000-0000-000000000000		"Process Create:
RuleName: -
UtcTime: 2022-01-04 12:09:24.138
ProcessGuid: {ec47ca29-38f4-61d4-b407-000000008600}
ProcessId: 1376
Image: C:\Windows\System32\wbem\WmiPrvSE.exe
FileVersion: 10.0.19041.546 (WinBuild.160101.0800)
Description: WMI Provider Host
Product: Microsoft® Windows® Operating System
Company: Microsoft Corporation
OriginalFileName: Wmiprvse.exe
CommandLine: C:\Windows\system32\wbem\wmiprvse.exe -secured -Embedding
CurrentDirectory: C:\Windows\system32\
User: NT AUTHORITY\NETWORK SERVICE
LogonGuid: {ec47ca29-70be-61d3-e403-000000000000}
LogonId: 0x3E4
TerminalSessionId: 0
IntegrityLevel: System
Hashes: SHA256=2198A7B58BCCB758036B969DDAE6CC2ECE07565E2659A7C541A313A0492231A3
ParentProcessGuid: {ec47ca29-70be-61d3-0d00-000000008600}
ParentProcessId: 1056
ParentImage: C:\Windows\System32\svchost.exe
ParentCommandLine: C:\Windows\system32\svchost.exe -k DcomLaunch -p
ParentUser: NT AUTHORITY\SYSTEM"
Information	1/4/2022 7:09:24 AM	Microsoft-Windows-Sysmon	1	Process Create (rule: ProcessCreate)	S-1-5-18	Microsoft-Windows-Sysmon/Operational		Info	DESKTOP-JP20VPR	14108	3560						00000000-0000-0000-0000-000000000000	00000000-0000-0000-0000-000000000000		"Process Create:
RuleName: -
UtcTime: 2022-01-04 12:09:24.046
ProcessGuid: {ec47ca29-38f4-61d4-b307-000000008600}
ProcessId: 15252
Image: C:\Windows\System32\svchost.exe
FileVersion: 10.0.19041.546 (WinBuild.160101.0800)
Description: Host Process for Windows Services
Product: Microsoft® Windows® Operating System
Company: Microsoft Corporation
OriginalFileName: svchost.exe
CommandLine: C:\Windows\system32\svchost.exe -k netsvcs -p -s wuauserv
CurrentDirectory: C:\Windows\system32\
User: NT AUTHORITY\SYSTEM
LogonGuid: {ec47ca29-70be-61d3-e703-000000000000}
LogonId: 0x3E7
TerminalSessionId: 0
IntegrityLevel: System
Hashes: SHA256=643EC58E82E0272C97C2A59F6020970D881AF19C0AD5029DB9C958C13B6558C7
ParentProcessGuid: {00000000-0000-0000-0000-000000000000}
ParentProcessId: 944
ParentImage: -
ParentCommandLine: -
ParentUser: -"
Information	1/4/2022 7:09:23 AM	Microsoft-Windows-Sysmon	1	Process Create (rule: ProcessCreate)	S-1-5-18	Microsoft-Windows-Sysmon/Operational		Info	DESKTOP-JP20VPR	14108	3560						00000000-0000-0000-0000-000000000000	00000000-0000-0000-0000-000000000000		"Process Create:
RuleName: -
UtcTime: 2022-01-04 12:09:23.977
ProcessGuid: {ec47ca29-38f3-61d4-b207-000000008600}
ProcessId: 16364
Image: C:\Windows\System32\MoUsoCoreWorker.exe
FileVersion: 10.0.19041.1387 (WinBuild.160101.0800)
Description: MoUSO Core Worker Process
Product: Microsoft® Windows® Operating System
Company: Microsoft Corporation
OriginalFileName: MoUSOCoreWorker.exe
CommandLine: C:\Windows\System32\mousocoreworker.exe -Embedding
CurrentDirectory: C:\Windows\system32\
User: NT AUTHORITY\SYSTEM
LogonGuid: {ec47ca29-70be-61d3-e703-000000000000}
LogonId: 0x3E7
TerminalSessionId: 0
IntegrityLevel: System
Hashes: SHA256=387318F5072222B1663EACE421F731EBDD21BD10449E363F9749DA57332E13B6
ParentProcessGuid: {ec47ca29-70be-61d3-0d00-000000008600}
ParentProcessId: 1056
ParentImage: C:\Windows\System32\svchost.exe
ParentCommandLine: C:\Windows\system32\svchost.exe -k DcomLaunch -p
ParentUser: NT AUTHORITY\SYSTEM"
Information	1/4/2022 7:09:23 AM	Microsoft-Windows-Sysmon	1	Process Create (rule: ProcessCreate)	S-1-5-18	Microsoft-Windows-Sysmon/Operational		Info	DESKTOP-JP20VPR	14108	3560						00000000-0000-0000-0000-000000000000	00000000-0000-0000-0000-000000000000		"Process Create:
RuleName: -
UtcTime: 2022-01-04 12:09:23.907
ProcessGuid: {ec47ca29-38f3-61d4-b107-000000008600}
ProcessId: 11920
Image: C:\Windows\System32\MusNotification.exe
FileVersion: 10.0.19041.1320 (WinBuild.160101.0800)
Description: MusNotificationBroker
Product: Microsoft® Windows® Operating System
Company: Microsoft Corporation
OriginalFileName: MusNotification.exe
CommandLine: C:\Windows\system32\MusNotification.exe
CurrentDirectory: C:\Windows\system32\
User: NT AUTHORITY\SYSTEM
LogonGuid: {ec47ca29-70be-61d3-e703-000000000000}
LogonId: 0x3E7
TerminalSessionId: 0
IntegrityLevel: System
Hashes: SHA256=FCD5FEEA9D8EAD8C0EBBF0895D35EE8F2557C611CE9EA098D8FDBFBC93358F90
ParentProcessGuid: {ec47ca29-70bf-61d3-1c00-000000008600}
ParentProcessId: 1716
ParentImage: C:\Windows\System32\svchost.exe
ParentCommandLine: C:\Windows\system32\svchost.exe -k netsvcs -p -s Schedule
ParentUser: NT AUTHORITY\SYSTEM"
Information	1/4/2022 7:07:22 AM	Microsoft-Windows-Sysmon	5	Process terminated (rule: ProcessTerminate)	S-1-5-18	Microsoft-Windows-Sysmon/Operational		Info	DESKTOP-JP20VPR	14108	3560						00000000-0000-0000-0000-000000000000	00000000-0000-0000-0000-000000000000		"Process terminated:
RuleName: -
UtcTime: 2022-01-04 12:07:22.507
ProcessGuid: {ec47ca29-387a-61d4-b007-000000008600}
ProcessId: 3288
Image: C:\Program Files (x86)\Common Files\Adobe\ARM\1.0\AdobeARM.exe
User: DESKTOP-JP20VPR\BobWe"
Information	1/4/2022 7:07:22 AM	Microsoft-Windows-Sysmon	1	Process Create (rule: ProcessCreate)	S-1-5-18	Microsoft-Windows-Sysmon/Operational		Info	DESKTOP-JP20VPR	14108	3560						00000000-0000-0000-0000-000000000000	00000000-0000-0000-0000-000000000000		"Process Create:
RuleName: -
UtcTime: 2022-01-04 12:07:22.062
ProcessGuid: {ec47ca29-387a-61d4-b007-000000008600}
ProcessId: 3288
Image: C:\Program Files (x86)\Common Files\Adobe\ARM\1.0\AdobeARM.exe
FileVersion: 1.824.44.8449
Description: Adobe Reader and Acrobat Manager
Product: Adobe Reader and Acrobat Manager
Company: Adobe Inc.
OriginalFileName: AdobeARM.exe
CommandLine: ""C:\Program Files (x86)\Common Files\Adobe\ARM\1.0\AdobeARM.exe""
CurrentDirectory: C:\Windows\system32\
User: DESKTOP-JP20VPR\BobWe
LogonGuid: {ec47ca29-70bf-61d3-9db4-020000000000}
LogonId: 0x2B49D
TerminalSessionId: 1
IntegrityLevel: Medium
Hashes: SHA256=5DED8A12139AD93D44491706F2F0124F532D0B43A136179604AE905E2D1CCB01
ParentProcessGuid: {ec47ca29-70bf-61d3-1c00-000000008600}
ParentProcessId: 1716
ParentImage: C:\Windows\System32\svchost.exe
ParentCommandLine: C:\Windows\system32\svchost.exe -k netsvcs -p -s Schedule
ParentUser: NT AUTHORITY\SYSTEM"
Information	1/4/2022 7:06:52 AM	Microsoft-Windows-Sysmon	5	Process terminated (rule: ProcessTerminate)	S-1-5-18	Microsoft-Windows-Sysmon/Operational		Info	DESKTOP-JP20VPR	14108	3560						00000000-0000-0000-0000-000000000000	00000000-0000-0000-0000-000000000000		"Process terminated:
RuleName: -
UtcTime: 2022-01-04 12:06:52.338
ProcessGuid: {ec47ca29-3802-61d4-af07-000000008600}
ProcessId: 14140
Image: C:\Windows\System32\RuntimeBroker.exe
User: DESKTOP-JP20VPR\BobWe"
Information	1/4/2022 7:06:22 AM	Microsoft-Windows-Sysmon	5	Process terminated (rule: ProcessTerminate)	S-1-5-18	Microsoft-Windows-Sysmon/Operational		Info	DESKTOP-JP20VPR	14108	3560						00000000-0000-0000-0000-000000000000	00000000-0000-0000-0000-000000000000		"Process terminated:
RuleName: -
UtcTime: 2022-01-04 12:06:22.325
ProcessGuid: {ec47ca29-3802-61d4-ad07-000000008600}
ProcessId: 12576
Image: C:\Windows\System32\backgroundTaskHost.exe
User: DESKTOP-JP20VPR\BobWe"
Information	1/4/2022 7:05:22 AM	Microsoft-Windows-Sysmon	1	Process Create (rule: ProcessCreate)	S-1-5-18	Microsoft-Windows-Sysmon/Operational		Info	DESKTOP-JP20VPR	14108	3560						00000000-0000-0000-0000-000000000000	00000000-0000-0000-0000-000000000000		"Process Create:
RuleName: -
UtcTime: 2022-01-04 12:05:22.279
ProcessGuid: {ec47ca29-3802-61d4-af07-000000008600}
ProcessId: 14140
Image: C:\Windows\System32\RuntimeBroker.exe
FileVersion: 10.0.19041.746 (WinBuild.160101.0800)
Description: Runtime Broker
Product: Microsoft® Windows® Operating System
Company: Microsoft Corporation
OriginalFileName: RuntimeBroker.exe
CommandLine: C:\Windows\System32\RuntimeBroker.exe -Embedding
CurrentDirectory: C:\Windows\system32\
User: DESKTOP-JP20VPR\BobWe
LogonGuid: {ec47ca29-70bf-61d3-9db4-020000000000}
LogonId: 0x2B49D
TerminalSessionId: 1
IntegrityLevel: Medium
Hashes: SHA256=E86870769EE6C797E09457BD99C58D9BF2303CF0193A24EF9B1222C2C3DAF628
ParentProcessGuid: {ec47ca29-70be-61d3-0d00-000000008600}
ParentProcessId: 1056
ParentImage: C:\Windows\System32\svchost.exe
ParentCommandLine: C:\Windows\system32\svchost.exe -k DcomLaunch -p
ParentUser: NT AUTHORITY\SYSTEM"
Information	1/4/2022 7:05:22 AM	Microsoft-Windows-Sysmon	1	Process Create (rule: ProcessCreate)	S-1-5-18	Microsoft-Windows-Sysmon/Operational		Info	DESKTOP-JP20VPR	14108	3560						00000000-0000-0000-0000-000000000000	00000000-0000-0000-0000-000000000000		"Process Create:
RuleName: -
UtcTime: 2022-01-04 12:05:22.201
ProcessGuid: {ec47ca29-3802-61d4-ae07-000000008600}
ProcessId: 6596
Image: C:\Windows\System32\svchost.exe
FileVersion: 10.0.19041.546 (WinBuild.160101.0800)
Description: Host Process for Windows Services
Product: Microsoft® Windows® Operating System
Company: Microsoft Corporation
OriginalFileName: svchost.exe
CommandLine: C:\Windows\System32\svchost.exe -k wsappx -p -s ClipSVC
CurrentDirectory: C:\Windows\system32\
User: NT AUTHORITY\SYSTEM
LogonGuid: {ec47ca29-70be-61d3-e703-000000000000}
LogonId: 0x3E7
TerminalSessionId: 0
IntegrityLevel: System
Hashes: SHA256=643EC58E82E0272C97C2A59F6020970D881AF19C0AD5029DB9C958C13B6558C7
ParentProcessGuid: {00000000-0000-0000-0000-000000000000}
ParentProcessId: 944
ParentImage: -
ParentCommandLine: -
ParentUser: -"
Information	1/4/2022 7:05:22 AM	Microsoft-Windows-Sysmon	1	Process Create (rule: ProcessCreate)	S-1-5-18	Microsoft-Windows-Sysmon/Operational		Info	DESKTOP-JP20VPR	14108	3560						00000000-0000-0000-0000-000000000000	00000000-0000-0000-0000-000000000000		"Process Create:
RuleName: -
UtcTime: 2022-01-04 12:05:22.197
ProcessGuid: {ec47ca29-3802-61d4-ad07-000000008600}
ProcessId: 12576
Image: C:\Windows\System32\backgroundTaskHost.exe
FileVersion: 10.0.19041.546 (WinBuild.160101.0800)
Description: Background Task Host
Product: Microsoft® Windows® Operating System
Company: Microsoft Corporation
OriginalFileName: backgroundTaskHost.exe
CommandLine: ""C:\Windows\system32\backgroundTaskHost.exe"" -ServerName:Microsoft.MicrosoftOfficeHub.AppX54h2e8jwdm50fj5ha8987vz1etpx7czd.mca
CurrentDirectory: C:\Program Files\WindowsApps\Microsoft.MicrosoftOfficeHub_18.2110.13110.0_x64__8wekyb3d8bbwe\
User: DESKTOP-JP20VPR\BobWe
LogonGuid: {ec47ca29-70bf-61d3-9db4-020000000000}
LogonId: 0x2B49D
TerminalSessionId: 1
IntegrityLevel: AppContainer
Hashes: SHA256=20330D3CA71D58F4AEB432676CB6A3D5B97005954E45132FB083E90782EFDD50
ParentProcessGuid: {ec47ca29-70be-61d3-0d00-000000008600}
ParentProcessId: 1056
ParentImage: C:\Windows\System32\svchost.exe
ParentCommandLine: C:\Windows\system32\svchost.exe -k DcomLaunch -p
ParentUser: NT AUTHORITY\SYSTEM"
Information	1/4/2022 7:04:22 AM	Microsoft-Windows-Sysmon	5	Process terminated (rule: ProcessTerminate)	S-1-5-18	Microsoft-Windows-Sysmon/Operational		Info	DESKTOP-JP20VPR	14108	3560						00000000-0000-0000-0000-000000000000	00000000-0000-0000-0000-000000000000		"Process terminated:
RuleName: -
UtcTime: 2022-01-04 12:04:22.987
ProcessGuid: {ec47ca29-378a-61d4-ac07-000000008600}
ProcessId: 7340
Image: C:\Windows\System32\backgroundTaskHost.exe
User: DESKTOP-JP20VPR\BobWe"
Information	1/4/2022 7:03:22 AM	Microsoft-Windows-Sysmon	5	Process terminated (rule: ProcessTerminate)	S-1-5-18	Microsoft-Windows-Sysmon/Operational		Info	DESKTOP-JP20VPR	14108	3560						00000000-0000-0000-0000-000000000000	00000000-0000-0000-0000-000000000000		"Process terminated:
RuleName: -
UtcTime: 2022-01-04 12:03:22.294
ProcessGuid: {ec47ca29-3622-61d4-a507-000000008600}
ProcessId: 8224
Image: C:\Windows\System32\svchost.exe
User: NT AUTHORITY\SYSTEM"
