<Event xmlns='http://schemas.microsoft.com/win/2004/08/events/event'><System><Provider Name='Microsoft-Windows-Sysmon' Guid='{5770385f-c22a-43e0-bf4c-06f5698ffbd9}'/><EventID>1</EventID><Version>5</Version><Level>4</Level><Task>1</Task><Opcode>0</Opcode><Keywords>0x8000000000000000</Keywords><TimeCreated SystemTime='2022-01-04T04:40:41.6477538Z'/><EventRecordID>1482</EventRecordID><Correlation/><Execution ProcessID='14108' ThreadID='3560'/><Channel>Microsoft-Windows-Sysmon/Operational</Channel><Computer>DESKTOP-JP20VPR</Computer><Security UserID='S-1-5-18'/></System><EventData><Data Name='RuleName'>-</Data><Data Name='UtcTime'>2022-01-04 04:40:41.642</Data><Data Name='ProcessGuid'>{ec47ca29-cfc9-61d3-d405-000000008600}</Data><Data Name='ProcessId'>9880</Data><Data Name='Image'>C:\Program Files (x86)\Microsoft\Edge\Application\96.0.1054.62\identity_helper.exe</Data><Data Name='FileVersion'>96.0.1054.62</Data><Data Name='Description'>PWA Identity Proxy Host</Data><Data Name='Product'>Microsoft Edge</Data><Data Name='Company'>Microsoft Corporation</Data><Data Name='OriginalFileName'>identity_helper.exe</Data><Data Name='CommandLine'>"C:\Program Files (x86)\Microsoft\Edge\Application\96.0.1054.62\identity_helper.exe" --type=utility --utility-sub-type=winrt_app_id.mojom.WinrtAppIdService --field-trial-handle=2308,14150179790966226464,16948066822318633601,131072 --lang=en-US --service-sandbox-type=none --mojo-platform-channel-handle=3684 /prefetch:8</Data><Data Name='CurrentDirectory'>C:\Program Files (x86)\Microsoft\Edge\Application\96.0.1054.62\</Data><Data Name='User'>DESKTOP-JP20VPR\BobWe</Data><Data Name='LogonGuid'>{ec47ca29-70bf-61d3-9db4-020000000000}</Data><Data Name='LogonId'>0x2b49d</Data><Data Name='TerminalSessionId'>1</Data><Data Name='IntegrityLevel'>Medium</Data><Data Name='Hashes'>SHA256=7914D38736F3CE4F89432E15816711FFFDFD9002FA50CE7205C1176AF9142AB4</Data><Data Name='ParentProcessGuid'>{ec47ca29-70db-61d3-4801-000000008600}</Data><Data Name='ParentProcessId'>11916</Data><Data Name='ParentImage'>C:\Program Files (x86)\Microsoft\Edge\Application\msedge.exe</Data><Data Name='ParentCommandLine'>"C:\Program Files (x86)\Microsoft\Edge\Application\msedge.exe" --no-startup-window --win-session-start /prefetch:5</Data><Data Name='ParentUser'>DESKTOP-JP20VPR\BobWe</Data></EventData></Event><Event xmlns='http://schemas.microsoft.com/win/2004/08/events/event'><System><Provider Name='Microsoft-Windows-Sysmon' Guid='{5770385f-c22a-43e0-bf4c-06f5698ffbd9}'/><EventID>5</EventID><Version>3</Version><Level>4</Level><Task>5</Task><Opcode>0</Opcode><Keywords>0x8000000000000000</Keywords><TimeCreated SystemTime='2022-01-04T04:40:22.4712336Z'/><EventRecordID>1481</EventRecordID><Correlation/><Execution ProcessID='14108' ThreadID='3560'/><Channel>Microsoft-Windows-Sysmon/Operational</Channel><Computer>DESKTOP-JP20VPR</Computer><Security UserID='S-1-5-18'/></System><EventData><Data Name='RuleName'>-</Data><Data Name='UtcTime'>2022-01-04 04:40:22.470</Data><Data Name='ProcessGuid'>{ec47ca29-ce8a-61d3-c505-000000008600}</Data><Data Name='ProcessId'>18760</Data><Data Name='Image'>C:\Windows\System32\svchost.exe</Data><Data Name='User'>NT AUTHORITY\SYSTEM</Data></EventData></Event><Event xmlns='http://schemas.microsoft.com/win/2004/08/events/event'><System><Provider Name='Microsoft-Windows-Sysmon' Guid='{5770385f-c22a-43e0-bf4c-06f5698ffbd9}'/><EventID>5</EventID><Version>3</Version><Level>4</Level><Task>5</Task><Opcode>0</Opcode><Keywords>0x8000000000000000</Keywords><TimeCreated SystemTime='2022-01-04T04:38:58.7450449Z'/><EventRecordID>1480</EventRecordID><Correlation/><Execution ProcessID='14108' ThreadID='3560'/><Channel>Microsoft-Windows-Sysmon/Operational</Channel><Computer>DESKTOP-JP20VPR</Computer><Security UserID='S-1-5-18'/></System><EventData><Data Name='RuleName'>-</Data><Data Name='UtcTime'>2022-01-04 04:38:58.744</Data><Data Name='ProcessGuid'>{ec47ca29-cf44-61d3-d305-000000008600}</Data><Data Name='ProcessId'>16204</Data><Data Name='Image'>C:\Windows\System32\sppsvc.exe</Data><Data Name='User'>NT AUTHORITY\NETWORK SERVICE</Data></EventData></Event><Event xmlns='http://schemas.microsoft.com/win/2004/08/events/event'><System><Provider Name='Microsoft-Windows-Sysmon' Guid='{5770385f-c22a-43e0-bf4c-06f5698ffbd9}'/><EventID>5</EventID><Version>3</Version><Level>4</Level><Task>5</Task><Opcode>0</Opcode><Keywords>0x8000000000000000</Keywords><TimeCreated SystemTime='2022-01-04T04:38:28.7172982Z'/><EventRecordID>1479</EventRecordID><Correlation/><Execution ProcessID='14108' ThreadID='3560'/><Channel>Microsoft-Windows-Sysmon/Operational</Channel><Computer>DESKTOP-JP20VPR</Computer><Security UserID='S-1-5-18'/></System><EventData><Data Name='RuleName'>-</Data><Data Name='UtcTime'>2022-01-04 04:38:28.716</Data><Data Name='ProcessGuid'>{ec47ca29-cf44-61d3-d205-000000008600}</Data><Data Name='ProcessId'>8408</Data><Data Name='Image'>C:\Windows\System32\taskhostw.exe</Data><Data Name='User'>NT AUTHORITY\SYSTEM</Data></EventData></Event><Event xmlns='http://schemas.microsoft.com/win/2004/08/events/event'><System><Provider Name='Microsoft-Windows-Sysmon' Guid='{5770385f-c22a-43e0-bf4c-06f5698ffbd9}'/><EventID>1</EventID><Version>5</Version><Level>4</Level><Task>1</Task><Opcode>0</Opcode><Keywords>0x8000000000000000</Keywords><TimeCreated SystemTime='2022-01-04T04:38:28.3277781Z'/><EventRecordID>1478</EventRecordID><Correlation/><Execution ProcessID='14108' ThreadID='3560'/><Channel>Microsoft-Windows-Sysmon/Operational</Channel><Computer>DESKTOP-JP20VPR</Computer><Security UserID='S-1-5-18'/></System><EventData><Data Name='RuleName'>-</Data><Data Name='UtcTime'>2022-01-04 04:38:28.325</Data><Data Name='ProcessGuid'>{ec47ca29-cf44-61d3-d305-000000008600}</Data><Data Name='ProcessId'>16204</Data><Data Name='Image'>C:\Windows\System32\sppsvc.exe</Data><Data Name='FileVersion'>10.0.19041.1415 (WinBuild.160101.0800)</Data><Data Name='Description'>Microsoft Software Protection Platform Service</Data><Data Name='Product'>Microsoft® Windows® Operating System</Data><Data Name='Company'>Microsoft Corporation</Data><Data Name='OriginalFileName'>sppsvc.exe</Data><Data Name='CommandLine'>C:\Windows\system32\sppsvc.exe</Data><Data Name='CurrentDirectory'>C:\Windows</Data><Data Name='User'>NT AUTHORITY\NETWORK SERVICE</Data><Data Name='LogonGuid'>{ec47ca29-70be-61d3-e403-000000000000}</Data><Data Name='LogonId'>0x3e4</Data><Data Name='TerminalSessionId'>0</Data><Data Name='IntegrityLevel'>System</Data><Data Name='Hashes'>SHA256=1905BFE26ADC74F15CD099774B5C0072E6FB28E1037A77B2B02D0D501BC43B50</Data><Data Name='ParentProcessGuid'>{00000000-0000-0000-0000-000000000000}</Data><Data Name='ParentProcessId'>944</Data><Data Name='ParentImage'>-</Data><Data Name='ParentCommandLine'>-</Data><Data Name='ParentUser'>-</Data></EventData></Event><Event xmlns='http://schemas.microsoft.com/win/2004/08/events/event'><System><Provider Name='Microsoft-Windows-Sysmon' Guid='{5770385f-c22a-43e0-bf4c-06f5698ffbd9}'/><EventID>1</EventID><Version>5</Version><Level>4</Level><Task>1</Task><Opcode>0</Opcode><Keywords>0x8000000000000000</Keywords><TimeCreated SystemTime='2022-01-04T04:38:28.0208959Z'/><EventRecordID>1477</EventRecordID><Correlation/><Execution ProcessID='14108' ThreadID='3560'/><Channel>Microsoft-Windows-Sysmon/Operational</Channel><Computer>DESKTOP-JP20VPR</Computer><Security UserID='S-1-5-18'/></System><EventData><Data Name='RuleName'>-</Data><Data Name='UtcTime'>2022-01-04 04:38:28.016</Data><Data Name='ProcessGuid'>{ec47ca29-cf44-61d3-d205-000000008600}</Data><Data Name='ProcessId'>8408</Data><Data Name='Image'>C:\Windows\System32\taskhostw.exe</Data><Data Name='FileVersion'>10.0.19041.906 (WinBuild.160101.0800)</Data><Data Name='Description'>Host Process for Windows Tasks</Data><Data Name='Product'>Microsoft® Windows® Operating System</Data><Data Name='Company'>Microsoft Corporation</Data><Data Name='OriginalFileName'>taskhostw.exe</Data><Data Name='CommandLine'>taskhostw.exe</Data><Data Name='CurrentDirectory'>C:\Windows\system32\</Data><Data Name='User'>NT AUTHORITY\SYSTEM</Data><Data Name='LogonGuid'>{ec47ca29-70be-61d3-e703-000000000000}</Data><Data Name='LogonId'>0x3e7</Data><Data Name='TerminalSessionId'>0</Data><Data Name='IntegrityLevel'>System</Data><Data Name='Hashes'>SHA256=0322728DBCE3A577C4A13B907AD7375D27E74880B63F7371384F67D19197A0AD</Data><Data Name='ParentProcessGuid'>{ec47ca29-70bf-61d3-1c00-000000008600}</Data><Data Name='ParentProcessId'>1716</Data><Data Name='ParentImage'>C:\Windows\System32\svchost.exe</Data><Data Name='ParentCommandLine'>C:\Windows\system32\svchost.exe -k netsvcs -p -s Schedule</Data><Data Name='ParentUser'>NT AUTHORITY\SYSTEM</Data></EventData></Event><Event xmlns='http://schemas.microsoft.com/win/2004/08/events/event'><System><Provider Name='Microsoft-Windows-Sysmon' Guid='{5770385f-c22a-43e0-bf4c-06f5698ffbd9}'/><EventID>1</EventID><Version>5</Version><Level>4</Level><Task>1</Task><Opcode>0</Opcode><Keywords>0x8000000000000000</Keywords><TimeCreated SystemTime='2022-01-04T04:38:15.3087951Z'/><EventRecordID>1476</EventRecordID><Correlation/><Execution ProcessID='14108' ThreadID='3560'/><Channel>Microsoft-Windows-Sysmon/Operational</Channel><Computer>DESKTOP-JP20VPR</Computer><Security UserID='S-1-5-18'/></System><EventData><Data Name='RuleName'>-</Data><Data Name='UtcTime'>2022-01-04 04:38:15.306</Data><Data Name='ProcessGuid'>{ec47ca29-cf37-61d3-d105-000000008600}</Data><Data Name='ProcessId'>13948</Data><Data Name='Image'>C:\Program Files\Google\Chrome\Application\chrome.exe</Data><Data Name='FileVersion'>96.0.4664.110</Data><Data Name='Description'>Google Chrome</Data><Data Name='Product'>Google Chrome</Data><Data Name='Company'>Google LLC</Data><Data Name='OriginalFileName'>chrome.exe</Data><Data Name='CommandLine'>"C:\Program Files\Google\Chrome\Application\chrome.exe" --type=renderer --display-capture-permissions-policy-allowed --origin-trial-disabled-features=CaptureHandle --field-trial-handle=1704,4209033002119389492,12267350203109084414,131072 --lang=en-US --device-scale-factor=1 --num-raster-threads=4 --enable-main-frame-before-activation --renderer-client-id=366 --mojo-platform-channel-handle=15684 /prefetch:1</Data><Data Name='CurrentDirectory'>C:\Program Files\Google\Chrome\Application\96.0.4664.110\</Data><Data Name='User'>DESKTOP-JP20VPR\BobWe</Data><Data Name='LogonGuid'>{ec47ca29-70bf-61d3-9db4-020000000000}</Data><Data Name='LogonId'>0x2b49d</Data><Data Name='TerminalSessionId'>1</Data><Data Name='IntegrityLevel'>Low</Data><Data Name='Hashes'>SHA256=ACFB588D8780EE19C192515D376CE7F9B2B0F936487008D3733F9730425E657B</Data><Data Name='ParentProcessGuid'>{ec47ca29-70dd-61d3-6101-000000008600}</Data><Data Name='ParentProcessId'>1976</Data><Data Name='ParentImage'>C:\Program Files\Google\Chrome\Application\chrome.exe</Data><Data Name='ParentCommandLine'>"C:\Program Files\Google\Chrome\Application\chrome.exe" --no-startup-window /prefetch:5</Data><Data Name='ParentUser'>DESKTOP-JP20VPR\BobWe</Data></EventData></Event><Event xmlns='http://schemas.microsoft.com/win/2004/08/events/event'><System><Provider Name='Microsoft-Windows-Sysmon' Guid='{5770385f-c22a-43e0-bf4c-06f5698ffbd9}'/><EventID>5</EventID><Version>3</Version><Level>4</Level><Task>5</Task><Opcode>0</Opcode><Keywords>0x8000000000000000</Keywords><TimeCreated SystemTime='2022-01-04T04:36:52.6131274Z'/><EventRecordID>1475</EventRecordID><Correlation/><Execution ProcessID='14108' ThreadID='3560'/><Channel>Microsoft-Windows-Sysmon/Operational</Channel><Computer>DESKTOP-JP20VPR</Computer><Security UserID='S-1-5-18'/></System><EventData><Data Name='RuleName'>-</Data><Data Name='UtcTime'>2022-01-04 04:36:52.612</Data><Data Name='ProcessGuid'>{ec47ca29-ce8a-61d3-c805-000000008600}</Data><Data Name='ProcessId'>7340</Data><Data Name='Image'>C:\Windows\System32\RuntimeBroker.exe</Data><Data Name='User'>DESKTOP-JP20VPR\BobWe</Data></EventData></Event><Event xmlns='http://schemas.microsoft.com/win/2004/08/events/event'><System><Provider Name='Microsoft-Windows-Sysmon' Guid='{5770385f-c22a-43e0-bf4c-06f5698ffbd9}'/><EventID>5</EventID><Version>3</Version><Level>4</Level><Task>5</Task><Opcode>0</Opcode><Keywords>0x8000000000000000</Keywords><TimeCreated SystemTime='2022-01-04T04:36:42.1071502Z'/><EventRecordID>1474</EventRecordID><Correlation/><Execution ProcessID='14108' ThreadID='3560'/><Channel>Microsoft-Windows-Sysmon/Operational</Channel><Computer>DESKTOP-JP20VPR</Computer><Security UserID='S-1-5-18'/></System><EventData><Data Name='RuleName'>-</Data><Data Name='UtcTime'>2022-01-04 04:36:42.106</Data><Data Name='ProcessGuid'>{ec47ca29-cea8-61d3-ca05-000000008600}</Data><Data Name='ProcessId'>11188</Data><Data Name='Image'>C:\Program Files\Google\Chrome\Application\chrome.exe</Data><Data Name='User'>DESKTOP-JP20VPR\BobWe</Data></EventData></Event><Event xmlns='http://schemas.microsoft.com/win/2004/08/events/event'><System><Provider Name='Microsoft-Windows-Sysmon' Guid='{5770385f-c22a-43e0-bf4c-06f5698ffbd9}'/><EventID>1</EventID><Version>5</Version><Level>4</Level><Task>1</Task><Opcode>0</Opcode><Keywords>0x8000000000000000</Keywords><TimeCreated SystemTime='2022-01-04T04:36:41.6504148Z'/><EventRecordID>1473</EventRecordID><Correlation/><Execution ProcessID='14108' ThreadID='3560'/><Channel>Microsoft-Windows-Sysmon/Operational</Channel><Computer>DESKTOP-JP20VPR</Computer><Security UserID='S-1-5-18'/></System><EventData><Data Name='RuleName'>-</Data><Data Name='UtcTime'>2022-01-04 04:36:41.649</Data><Data Name='ProcessGuid'>{ec47ca29-ced9-61d3-d005-000000008600}</Data><Data Name='ProcessId'>3632</Data><Data Name='Image'>C:\Program Files\Google\Chrome\Application\chrome.exe</Data><Data Name='FileVersion'>96.0.4664.110</Data><Data Name='Description'>Google Chrome</Data><Data Name='Product'>Google Chrome</Data><Data Name='Company'>Google LLC</Data><Data Name='OriginalFileName'>chrome.exe</Data><Data Name='CommandLine'>"C:\Program Files\Google\Chrome\Application\chrome.exe" --type=renderer --display-capture-permissions-policy-allowed --origin-trial-disabled-features=CaptureHandle --field-trial-handle=1704,4209033002119389492,12267350203109084414,131072 --lang=en-US --device-scale-factor=1 --num-raster-threads=4 --enable-main-frame-before-activation --renderer-client-id=365 --mojo-platform-channel-handle=15628 /prefetch:1</Data><Data Name='CurrentDirectory'>C:\Program Files\Google\Chrome\Application\96.0.4664.110\</Data><Data Name='User'>DESKTOP-JP20VPR\BobWe</Data><Data Name='LogonGuid'>{ec47ca29-70bf-61d3-9db4-020000000000}</Data><Data Name='LogonId'>0x2b49d</Data><Data Name='TerminalSessionId'>1</Data><Data Name='IntegrityLevel'>Low</Data><Data Name='Hashes'>SHA256=ACFB588D8780EE19C192515D376CE7F9B2B0F936487008D3733F9730425E657B</Data><Data Name='ParentProcessGuid'>{ec47ca29-70dd-61d3-6101-000000008600}</Data><Data Name='ParentProcessId'>1976</Data><Data Name='ParentImage'>C:\Program Files\Google\Chrome\Application\chrome.exe</Data><Data Name='ParentCommandLine'>"C:\Program Files\Google\Chrome\Application\chrome.exe" --no-startup-window /prefetch:5</Data><Data Name='ParentUser'>DESKTOP-JP20VPR\BobWe</Data></EventData></Event><Event xmlns='http://schemas.microsoft.com/win/2004/08/events/event'><System><Provider Name='Microsoft-Windows-Sysmon' Guid='{5770385f-c22a-43e0-bf4c-06f5698ffbd9}'/><EventID>5</EventID><Version>3</Version><Level>4</Level><Task>5</Task><Opcode>0</Opcode><Keywords>0x8000000000000000</Keywords><TimeCreated SystemTime='2022-01-04T04:36:22.6038035Z'/><EventRecordID>1472</EventRecordID><Correlation/><Execution ProcessID='14108' ThreadID='3560'/><Channel>Microsoft-Windows-Sysmon/Operational</Channel><Computer>DESKTOP-JP20VPR</Computer><Security UserID='S-1-5-18'/></System><EventData><Data Name='RuleName'>-</Data><Data Name='UtcTime'>2022-01-04 04:36:22.603</Data><Data Name='ProcessGuid'>{ec47ca29-ce8a-61d3-c605-000000008600}</Data><Data Name='ProcessId'>3740</Data><Data Name='Image'>C:\Windows\System32\backgroundTaskHost.exe</Data><Data Name='User'>DESKTOP-JP20VPR\BobWe</Data></EventData></Event><Event xmlns='http://schemas.microsoft.com/win/2004/08/events/event'><System><Provider Name='Microsoft-Windows-Sysmon' Guid='{5770385f-c22a-43e0-bf4c-06f5698ffbd9}'/><EventID>5</EventID><Version>3</Version><Level>4</Level><Task>5</Task><Opcode>0</Opcode><Keywords>0x8000000000000000</Keywords><TimeCreated SystemTime='2022-01-04T04:36:00.3745194Z'/><EventRecordID>1471</EventRecordID><Correlation/><Execution ProcessID='14108' ThreadID='3560'/><Channel>Microsoft-Windows-Sysmon/Operational</Channel><Computer>DESKTOP-JP20VPR</Computer><Security UserID='S-1-5-18'/></System><EventData><Data Name='RuleName'>-</Data><Data Name='UtcTime'>2022-01-04 04:36:00.374</Data><Data Name='ProcessGuid'>{ec47ca29-ce46-61d3-c405-000000008600}</Data><Data Name='ProcessId'>12552</Data><Data Name='Image'>C:\Program Files\Google\Chrome\Application\chrome.exe</Data><Data Name='User'>DESKTOP-JP20VPR\BobWe</Data></EventData></Event><Event xmlns='http://schemas.microsoft.com/win/2004/08/events/event'><System><Provider Name='Microsoft-Windows-Sysmon' Guid='{5770385f-c22a-43e0-bf4c-06f5698ffbd9}'/><EventID>5</EventID><Version>3</Version><Level>4</Level><Task>5</Task><Opcode>0</Opcode><Keywords>0x8000000000000000</Keywords><TimeCreated SystemTime='2022-01-04T04:36:00.3724656Z'/><EventRecordID>1470</EventRecordID><Correlation/><Execution ProcessID='14108' ThreadID='3560'/><Channel>Microsoft-Windows-Sysmon/Operational</Channel><Computer>DESKTOP-JP20VPR</Computer><Security UserID='S-1-5-18'/></System><EventData><Data Name='RuleName'>-</Data><Data Name='UtcTime'>2022-01-04 04:36:00.372</Data><Data Name='ProcessGuid'>{ec47ca29-cea8-61d3-c905-000000008600}</Data><Data Name='ProcessId'>11408</Data><Data Name='Image'>C:\Program Files\Google\Chrome\Application\chrome.exe</Data><Data Name='User'>DESKTOP-JP20VPR\BobWe</Data></EventData></Event><Event xmlns='http://schemas.microsoft.com/win/2004/08/events/event'><System><Provider Name='Microsoft-Windows-Sysmon' Guid='{5770385f-c22a-43e0-bf4c-06f5698ffbd9}'/><EventID>1</EventID><Version>5</Version><Level>4</Level><Task>1</Task><Opcode>0</Opcode><Keywords>0x8000000000000000</Keywords><TimeCreated SystemTime='2022-01-04T04:36:00.2577453Z'/><EventRecordID>1469</EventRecordID><Correlation/><Execution ProcessID='14108' ThreadID='3560'/><Channel>Microsoft-Windows-Sysmon/Operational</Channel><Computer>DESKTOP-JP20VPR</Computer><Security UserID='S-1-5-18'/></System><EventData><Data Name='RuleName'>-</Data><Data Name='UtcTime'>2022-01-04 04:36:00.256</Data><Data Name='ProcessGuid'>{ec47ca29-ceb0-61d3-cf05-000000008600}</Data><Data Name='ProcessId'>19064</Data><Data Name='Image'>C:\Program Files\Google\Chrome\Application\chrome.exe</Data><Data Name='FileVersion'>96.0.4664.110</Data><Data Name='Description'>Google Chrome</Data><Data Name='Product'>Google Chrome</Data><Data Name='Company'>Google LLC</Data><Data Name='OriginalFileName'>chrome.exe</Data><Data Name='CommandLine'>"C:\Program Files\Google\Chrome\Application\chrome.exe" --type=renderer --display-capture-permissions-policy-allowed --origin-trial-disabled-features=CaptureHandle --field-trial-handle=1704,4209033002119389492,12267350203109084414,131072 --lang=en-US --device-scale-factor=1 --num-raster-threads=4 --enable-main-frame-before-activation --renderer-client-id=364 --mojo-platform-channel-handle=13420 /prefetch:1</Data><Data Name='CurrentDirectory'>C:\Program Files\Google\Chrome\Application\96.0.4664.110\</Data><Data Name='User'>DESKTOP-JP20VPR\BobWe</Data><Data Name='LogonGuid'>{ec47ca29-70bf-61d3-9db4-020000000000}</Data><Data Name='LogonId'>0x2b49d</Data><Data Name='TerminalSessionId'>1</Data><Data Name='IntegrityLevel'>Low</Data><Data Name='Hashes'>SHA256=ACFB588D8780EE19C192515D376CE7F9B2B0F936487008D3733F9730425E657B</Data><Data Name='ParentProcessGuid'>{ec47ca29-70dd-61d3-6101-000000008600}</Data><Data Name='ParentProcessId'>1976</Data><Data Name='ParentImage'>C:\Program Files\Google\Chrome\Application\chrome.exe</Data><Data Name='ParentCommandLine'>"C:\Program Files\Google\Chrome\Application\chrome.exe" --no-startup-window /prefetch:5</Data><Data Name='ParentUser'>DESKTOP-JP20VPR\BobWe</Data></EventData></Event><Event xmlns='http://schemas.microsoft.com/win/2004/08/events/event'><System><Provider Name='Microsoft-Windows-Sysmon' Guid='{5770385f-c22a-43e0-bf4c-06f5698ffbd9}'/><EventID>1</EventID><Version>5</Version><Level>4</Level><Task>1</Task><Opcode>0</Opcode><Keywords>0x8000000000000000</Keywords><TimeCreated SystemTime='2022-01-04T04:35:55.5588223Z'/><EventRecordID>1468</EventRecordID><Correlation/><Execution ProcessID='14108' ThreadID='3560'/><Channel>Microsoft-Windows-Sysmon/Operational</Channel><Computer>DESKTOP-JP20VPR</Computer><Security UserID='S-1-5-18'/></System><EventData><Data Name='RuleName'>-</Data><Data Name='UtcTime'>2022-01-04 04:35:55.557</Data><Data Name='ProcessGuid'>{ec47ca29-ceab-61d3-ce05-000000008600}</Data><Data Name='ProcessId'>17188</Data><Data Name='Image'>C:\Program Files\Google\Chrome\Application\chrome.exe</Data><Data Name='FileVersion'>96.0.4664.110</Data><Data Name='Description'>Google Chrome</Data><Data Name='Product'>Google Chrome</Data><Data Name='Company'>Google LLC</Data><Data Name='OriginalFileName'>chrome.exe</Data><Data Name='CommandLine'>"C:\Program Files\Google\Chrome\Application\chrome.exe" --type=utility --utility-sub-type=data_decoder.mojom.DataDecoderService --field-trial-handle=1704,4209033002119389492,12267350203109084414,131072 --lang=en-US --service-sandbox-type=service --mojo-platform-channel-handle=16880 /prefetch:8</Data><Data Name='CurrentDirectory'>C:\Program Files\Google\Chrome\Application\96.0.4664.110\</Data><Data Name='User'>DESKTOP-JP20VPR\BobWe</Data><Data Name='LogonGuid'>{ec47ca29-70bf-61d3-9db4-020000000000}</Data><Data Name='LogonId'>0x2b49d</Data><Data Name='TerminalSessionId'>1</Data><Data Name='IntegrityLevel'>Low</Data><Data Name='Hashes'>SHA256=ACFB588D8780EE19C192515D376CE7F9B2B0F936487008D3733F9730425E657B</Data><Data Name='ParentProcessGuid'>{ec47ca29-70dd-61d3-6101-000000008600}</Data><Data Name='ParentProcessId'>1976</Data><Data Name='ParentImage'>C:\Program Files\Google\Chrome\Application\chrome.exe</Data><Data Name='ParentCommandLine'>"C:\Program Files\Google\Chrome\Application\chrome.exe" --no-startup-window /prefetch:5</Data><Data Name='ParentUser'>DESKTOP-JP20VPR\BobWe</Data></EventData></Event><Event xmlns='http://schemas.microsoft.com/win/2004/08/events/event'><System><Provider Name='Microsoft-Windows-Sysmon' Guid='{5770385f-c22a-43e0-bf4c-06f5698ffbd9}'/><EventID>5</EventID><Version>3</Version><Level>4</Level><Task>5</Task><Opcode>0</Opcode><Keywords>0x8000000000000000</Keywords><TimeCreated SystemTime='2022-01-04T04:35:52.9649045Z'/><EventRecordID>1467</EventRecordID><Correlation/><Execution ProcessID='14108' ThreadID='3560'/><Channel>Microsoft-Windows-Sysmon/Operational</Channel><Computer>DESKTOP-JP20VPR</Computer><Security UserID='S-1-5-18'/></System><EventData><Data Name='RuleName'>-</Data><Data Name='UtcTime'>2022-01-04 04:35:52.964</Data><Data Name='ProcessGuid'>{ec47ca29-cea8-61d3-cd05-000000008600}</Data><Data Name='ProcessId'>4636</Data><Data Name='Image'>C:\Program Files\Google\Chrome\Application\chrome.exe</Data><Data Name='User'>DESKTOP-JP20VPR\BobWe</Data></EventData></Event><Event xmlns='http://schemas.microsoft.com/win/2004/08/events/event'><System><Provider Name='Microsoft-Windows-Sysmon' Guid='{5770385f-c22a-43e0-bf4c-06f5698ffbd9}'/><EventID>5</EventID><Version>3</Version><Level>4</Level><Task>5</Task><Opcode>0</Opcode><Keywords>0x8000000000000000</Keywords><TimeCreated SystemTime='2022-01-04T04:35:52.9578840Z'/><EventRecordID>1466</EventRecordID><Correlation/><Execution ProcessID='14108' ThreadID='3560'/><Channel>Microsoft-Windows-Sysmon/Operational</Channel><Computer>DESKTOP-JP20VPR</Computer><Security UserID='S-1-5-18'/></System><EventData><Data Name='RuleName'>-</Data><Data Name='UtcTime'>2022-01-04 04:35:52.957</Data><Data Name='ProcessGuid'>{ec47ca29-cea8-61d3-cc05-000000008600}</Data><Data Name='ProcessId'>15404</Data><Data Name='Image'>C:\Program Files\Google\Chrome\Application\chrome.exe</Data><Data Name='User'>DESKTOP-JP20VPR\BobWe</Data></EventData></Event><Event xmlns='http://schemas.microsoft.com/win/2004/08/events/event'><System><Provider Name='Microsoft-Windows-Sysmon' Guid='{5770385f-c22a-43e0-bf4c-06f5698ffbd9}'/><EventID>1</EventID><Version>5</Version><Level>4</Level><Task>1</Task><Opcode>0</Opcode><Keywords>0x8000000000000000</Keywords><TimeCreated SystemTime='2022-01-04T04:35:52.9368609Z'/><EventRecordID>1465</EventRecordID><Correlation/><Execution ProcessID='14108' ThreadID='3560'/><Channel>Microsoft-Windows-Sysmon/Operational</Channel><Computer>DESKTOP-JP20VPR</Computer><Security UserID='S-1-5-18'/></System><EventData><Data Name='RuleName'>-</Data><Data Name='UtcTime'>2022-01-04 04:35:52.935</Data><Data Name='ProcessGuid'>{ec47ca29-cea8-61d3-cd05-000000008600}</Data><Data Name='ProcessId'>4636</Data><Data Name='Image'>C:\Program Files\Google\Chrome\Application\chrome.exe</Data><Data Name='FileVersion'>96.0.4664.110</Data><Data Name='Description'>Google Chrome</Data><Data Name='Product'>Google Chrome</Data><Data Name='Company'>Google LLC</Data><Data Name='OriginalFileName'>chrome.exe</Data><Data Name='CommandLine'>"C:\Program Files\Google\Chrome\Application\chrome.exe" --type=utility --utility-sub-type=data_decoder.mojom.DataDecoderService --field-trial-handle=1704,4209033002119389492,12267350203109084414,131072 --lang=en-US --service-sandbox-type=service --mojo-platform-channel-handle=14004 /prefetch:8</Data><Data Name='CurrentDirectory'>C:\Program Files\Google\Chrome\Application\96.0.4664.110\</Data><Data Name='User'>DESKTOP-JP20VPR\BobWe</Data><Data Name='LogonGuid'>{ec47ca29-70bf-61d3-9db4-020000000000}</Data><Data Name='LogonId'>0x2b49d</Data><Data Name='TerminalSessionId'>1</Data><Data Name='IntegrityLevel'>Low</Data><Data Name='Hashes'>SHA256=ACFB588D8780EE19C192515D376CE7F9B2B0F936487008D3733F9730425E657B</Data><Data Name='ParentProcessGuid'>{ec47ca29-70dd-61d3-6101-000000008600}</Data><Data Name='ParentProcessId'>1976</Data><Data Name='ParentImage'>C:\Program Files\Google\Chrome\Application\chrome.exe</Data><Data Name='ParentCommandLine'>"C:\Program Files\Google\Chrome\Application\chrome.exe" --no-startup-window /prefetch:5</Data><Data Name='ParentUser'>DESKTOP-JP20VPR\BobWe</Data></EventData></Event><Event xmlns='http://schemas.microsoft.com/win/2004/08/events/event'><System><Provider Name='Microsoft-Windows-Sysmon' Guid='{5770385f-c22a-43e0-bf4c-06f5698ffbd9}'/><EventID>5</EventID><Version>3</Version><Level>4</Level><Task>5</Task><Opcode>0</Opcode><Keywords>0x8000000000000000</Keywords><TimeCreated SystemTime='2022-01-04T04:35:52.9347648Z'/><EventRecordID>1464</EventRecordID><Correlation/><Execution ProcessID='14108' ThreadID='3560'/><Channel>Microsoft-Windows-Sysmon/Operational</Channel><Computer>DESKTOP-JP20VPR</Computer><Security UserID='S-1-5-18'/></System><EventData><Data Name='RuleName'>-</Data><Data Name='UtcTime'>2022-01-04 04:35:52.934</Data><Data Name='ProcessGuid'>{ec47ca29-cea8-61d3-cb05-000000008600}</Data><Data Name='ProcessId'>6704</Data><Data Name='Image'>C:\Program Files\Google\Chrome\Application\chrome.exe</Data><Data Name='User'>DESKTOP-JP20VPR\BobWe</Data></EventData></Event><Event xmlns='http://schemas.microsoft.com/win/2004/08/events/event'><System><Provider Name='Microsoft-Windows-Sysmon' Guid='{5770385f-c22a-43e0-bf4c-06f5698ffbd9}'/><EventID>1</EventID><Version>5</Version><Level>4</Level><Task>1</Task><Opcode>0</Opcode><Keywords>0x8000000000000000</Keywords><TimeCreated SystemTime='2022-01-04T04:35:52.9286284Z'/><EventRecordID>1463</EventRecordID><Correlation/><Execution ProcessID='14108' ThreadID='3560'/><Channel>Microsoft-Windows-Sysmon/Operational</Channel><Computer>DESKTOP-JP20VPR</Computer><Security UserID='S-1-5-18'/></System><EventData><Data Name='RuleName'>-</Data><Data Name='UtcTime'>2022-01-04 04:35:52.927</Data><Data Name='ProcessGuid'>{ec47ca29-cea8-61d3-cc05-000000008600}</Data><Data Name='ProcessId'>15404</Data><Data Name='Image'>C:\Program Files\Google\Chrome\Application\chrome.exe</Data><Data Name='FileVersion'>96.0.4664.110</Data><Data Name='Description'>Google Chrome</Data><Data Name='Product'>Google Chrome</Data><Data Name='Company'>Google LLC</Data><Data Name='OriginalFileName'>chrome.exe</Data><Data Name='CommandLine'>"C:\Program Files\Google\Chrome\Application\chrome.exe" --type=utility --utility-sub-type=data_decoder.mojom.DataDecoderService --field-trial-handle=1704,4209033002119389492,12267350203109084414,131072 --lang=en-US --service-sandbox-type=service --mojo-platform-channel-handle=16548 /prefetch:8</Data><Data Name='CurrentDirectory'>C:\Program Files\Google\Chrome\Application\96.0.4664.110\</Data><Data Name='User'>DESKTOP-JP20VPR\BobWe</Data><Data Name='LogonGuid'>{ec47ca29-70bf-61d3-9db4-020000000000}</Data><Data Name='LogonId'>0x2b49d</Data><Data Name='TerminalSessionId'>1</Data><Data Name='IntegrityLevel'>Low</Data><Data Name='Hashes'>SHA256=ACFB588D8780EE19C192515D376CE7F9B2B0F936487008D3733F9730425E657B</Data><Data Name='ParentProcessGuid'>{ec47ca29-70dd-61d3-6101-000000008600}</Data><Data Name='ParentProcessId'>1976</Data><Data Name='ParentImage'>C:\Program Files\Google\Chrome\Application\chrome.exe</Data><Data Name='ParentCommandLine'>"C:\Program Files\Google\Chrome\Application\chrome.exe" --no-startup-window /prefetch:5</Data><Data Name='ParentUser'>DESKTOP-JP20VPR\BobWe</Data></EventData></Event><Event xmlns='http://schemas.microsoft.com/win/2004/08/events/event'><System><Provider Name='Microsoft-Windows-Sysmon' Guid='{5770385f-c22a-43e0-bf4c-06f5698ffbd9}'/><EventID>1</EventID><Version>5</Version><Level>4</Level><Task>1</Task><Opcode>0</Opcode><Keywords>0x8000000000000000</Keywords><TimeCreated SystemTime='2022-01-04T04:35:52.9066000Z'/><EventRecordID>1462</EventRecordID><Correlation/><Execution ProcessID='14108' ThreadID='3560'/><Channel>Microsoft-Windows-Sysmon/Operational</Channel><Computer>DESKTOP-JP20VPR</Computer><Security UserID='S-1-5-18'/></System><EventData><Data Name='RuleName'>-</Data><Data Name='UtcTime'>2022-01-04 04:35:52.905</Data><Data Name='ProcessGuid'>{ec47ca29-cea8-61d3-cb05-000000008600}</Data><Data Name='ProcessId'>6704</Data><Data Name='Image'>C:\Program Files\Google\Chrome\Application\chrome.exe</Data><Data Name='FileVersion'>96.0.4664.110</Data><Data Name='Description'>Google Chrome</Data><Data Name='Product'>Google Chrome</Data><Data Name='Company'>Google LLC</Data><Data Name='OriginalFileName'>chrome.exe</Data><Data Name='CommandLine'>"C:\Program Files\Google\Chrome\Application\chrome.exe" --type=utility --utility-sub-type=data_decoder.mojom.DataDecoderService --field-trial-handle=1704,4209033002119389492,12267350203109084414,131072 --lang=en-US --service-sandbox-type=service --mojo-platform-channel-handle=17248 /prefetch:8</Data><Data Name='CurrentDirectory'>C:\Program Files\Google\Chrome\Application\96.0.4664.110\</Data><Data Name='User'>DESKTOP-JP20VPR\BobWe</Data><Data Name='LogonGuid'>{ec47ca29-70bf-61d3-9db4-020000000000}</Data><Data Name='LogonId'>0x2b49d</Data><Data Name='TerminalSessionId'>1</Data><Data Name='IntegrityLevel'>Low</Data><Data Name='Hashes'>SHA256=ACFB588D8780EE19C192515D376CE7F9B2B0F936487008D3733F9730425E657B</Data><Data Name='ParentProcessGuid'>{ec47ca29-70dd-61d3-6101-000000008600}</Data><Data Name='ParentProcessId'>1976</Data><Data Name='ParentImage'>C:\Program Files\Google\Chrome\Application\chrome.exe</Data><Data Name='ParentCommandLine'>"C:\Program Files\Google\Chrome\Application\chrome.exe" --no-startup-window /prefetch:5</Data><Data Name='ParentUser'>DESKTOP-JP20VPR\BobWe</Data></EventData></Event><Event xmlns='http://schemas.microsoft.com/win/2004/08/events/event'><System><Provider Name='Microsoft-Windows-Sysmon' Guid='{5770385f-c22a-43e0-bf4c-06f5698ffbd9}'/><EventID>1</EventID><Version>5</Version><Level>4</Level><Task>1</Task><Opcode>0</Opcode><Keywords>0x8000000000000000</Keywords><TimeCreated SystemTime='2022-01-04T04:35:52.8478047Z'/><EventRecordID>1461</EventRecordID><Correlation/><Execution ProcessID='14108' ThreadID='3560'/><Channel>Microsoft-Windows-Sysmon/Operational</Channel><Computer>DESKTOP-JP20VPR</Computer><Security UserID='S-1-5-18'/></System><EventData><Data Name='RuleName'>-</Data><Data Name='UtcTime'>2022-01-04 04:35:52.846</Data><Data Name='ProcessGuid'>{ec47ca29-cea8-61d3-ca05-000000008600}</Data><Data Name='ProcessId'>11188</Data><Data Name='Image'>C:\Program Files\Google\Chrome\Application\chrome.exe</Data><Data Name='FileVersion'>96.0.4664.110</Data><Data Name='Description'>Google Chrome</Data><Data Name='Product'>Google Chrome</Data><Data Name='Company'>Google LLC</Data><Data Name='OriginalFileName'>chrome.exe</Data><Data Name='CommandLine'>"C:\Program Files\Google\Chrome\Application\chrome.exe" --type=renderer --display-capture-permissions-policy-allowed --origin-trial-disabled-features=CaptureHandle --field-trial-handle=1704,4209033002119389492,12267350203109084414,131072 --lang=en-US --device-scale-factor=1 --num-raster-threads=4 --enable-main-frame-before-activation --renderer-client-id=359 --mojo-platform-channel-handle=15076 /prefetch:1</Data><Data Name='CurrentDirectory'>C:\Program Files\Google\Chrome\Application\96.0.4664.110\</Data><Data Name='User'>DESKTOP-JP20VPR\BobWe</Data><Data Name='LogonGuid'>{ec47ca29-70bf-61d3-9db4-020000000000}</Data><Data Name='LogonId'>0x2b49d</Data><Data Name='TerminalSessionId'>1</Data><Data Name='IntegrityLevel'>Low</Data><Data Name='Hashes'>SHA256=ACFB588D8780EE19C192515D376CE7F9B2B0F936487008D3733F9730425E657B</Data><Data Name='ParentProcessGuid'>{ec47ca29-70dd-61d3-6101-000000008600}</Data><Data Name='ParentProcessId'>1976</Data><Data Name='ParentImage'>C:\Program Files\Google\Chrome\Application\chrome.exe</Data><Data Name='ParentCommandLine'>"C:\Program Files\Google\Chrome\Application\chrome.exe" --no-startup-window /prefetch:5</Data><Data Name='ParentUser'>DESKTOP-JP20VPR\BobWe</Data></EventData></Event><Event xmlns='http://schemas.microsoft.com/win/2004/08/events/event'><System><Provider Name='Microsoft-Windows-Sysmon' Guid='{5770385f-c22a-43e0-bf4c-06f5698ffbd9}'/><EventID>1</EventID><Version>5</Version><Level>4</Level><Task>1</Task><Opcode>0</Opcode><Keywords>0x8000000000000000</Keywords><TimeCreated SystemTime='2022-01-04T04:35:52.7160421Z'/><EventRecordID>1460</EventRecordID><Correlation/><Execution ProcessID='14108' ThreadID='3560'/><Channel>Microsoft-Windows-Sysmon/Operational</Channel><Computer>DESKTOP-JP20VPR</Computer><Security UserID='S-1-5-18'/></System><EventData><Data Name='RuleName'>-</Data><Data Name='UtcTime'>2022-01-04 04:35:52.714</Data><Data Name='ProcessGuid'>{ec47ca29-cea8-61d3-c905-000000008600}</Data><Data Name='ProcessId'>11408</Data><Data Name='Image'>C:\Program Files\Google\Chrome\Application\chrome.exe</Data><Data Name='FileVersion'>96.0.4664.110</Data><Data Name='Description'>Google Chrome</Data><Data Name='Product'>Google Chrome</Data><Data Name='Company'>Google LLC</Data><Data Name='OriginalFileName'>chrome.exe</Data><Data Name='CommandLine'>"C:\Program Files\Google\Chrome\Application\chrome.exe" --type=renderer --display-capture-permissions-policy-allowed --origin-trial-disabled-features=CaptureHandle --field-trial-handle=1704,4209033002119389492,12267350203109084414,131072 --lang=en-US --device-scale-factor=1 --num-raster-threads=4 --enable-main-frame-before-activation --renderer-client-id=358 --mojo-platform-channel-handle=14952 /prefetch:1</Data><Data Name='CurrentDirectory'>C:\Program Files\Google\Chrome\Application\96.0.4664.110\</Data><Data Name='User'>DESKTOP-JP20VPR\BobWe</Data><Data Name='LogonGuid'>{ec47ca29-70bf-61d3-9db4-020000000000}</Data><Data Name='LogonId'>0x2b49d</Data><Data Name='TerminalSessionId'>1</Data><Data Name='IntegrityLevel'>Low</Data><Data Name='Hashes'>SHA256=ACFB588D8780EE19C192515D376CE7F9B2B0F936487008D3733F9730425E657B</Data><Data Name='ParentProcessGuid'>{ec47ca29-70dd-61d3-6101-000000008600}</Data><Data Name='ParentProcessId'>1976</Data><Data Name='ParentImage'>C:\Program Files\Google\Chrome\Application\chrome.exe</Data><Data Name='ParentCommandLine'>"C:\Program Files\Google\Chrome\Application\chrome.exe" --no-startup-window /prefetch:5</Data><Data Name='ParentUser'>DESKTOP-JP20VPR\BobWe</Data></EventData></Event><Event xmlns='http://schemas.microsoft.com/win/2004/08/events/event'><System><Provider Name='Microsoft-Windows-Sysmon' Guid='{5770385f-c22a-43e0-bf4c-06f5698ffbd9}'/><EventID>1</EventID><Version>5</Version><Level>4</Level><Task>1</Task><Opcode>0</Opcode><Keywords>0x8000000000000000</Keywords><TimeCreated SystemTime='2022-01-04T04:35:22.5707762Z'/><EventRecordID>1459</EventRecordID><Correlation/><Execution ProcessID='14108' ThreadID='3560'/><Channel>Microsoft-Windows-Sysmon/Operational</Channel><Computer>DESKTOP-JP20VPR</Computer><Security UserID='S-1-5-18'/></System><EventData><Data Name='RuleName'>-</Data><Data Name='UtcTime'>2022-01-04 04:35:22.569</Data><Data Name='ProcessGuid'>{ec47ca29-ce8a-61d3-c805-000000008600}</Data><Data Name='ProcessId'>7340</Data><Data Name='Image'>C:\Windows\System32\RuntimeBroker.exe</Data><Data Name='FileVersion'>10.0.19041.746 (WinBuild.160101.0800)</Data><Data Name='Description'>Runtime Broker</Data><Data Name='Product'>Microsoft® Windows® Operating System</Data><Data Name='Company'>Microsoft Corporation</Data><Data Name='OriginalFileName'>RuntimeBroker.exe</Data><Data Name='CommandLine'>C:\Windows\System32\RuntimeBroker.exe -Embedding</Data><Data Name='CurrentDirectory'>C:\Windows\system32\</Data><Data Name='User'>DESKTOP-JP20VPR\BobWe</Data><Data Name='LogonGuid'>{ec47ca29-70bf-61d3-9db4-020000000000}</Data><Data Name='LogonId'>0x2b49d</Data><Data Name='TerminalSessionId'>1</Data><Data Name='IntegrityLevel'>Medium</Data><Data Name='Hashes'>SHA256=E86870769EE6C797E09457BD99C58D9BF2303CF0193A24EF9B1222C2C3DAF628</Data><Data Name='ParentProcessGuid'>{ec47ca29-70be-61d3-0d00-000000008600}</Data><Data Name='ParentProcessId'>1056</Data><Data Name='ParentImage'>C:\Windows\System32\svchost.exe</Data><Data Name='ParentCommandLine'>C:\Windows\system32\svchost.exe -k DcomLaunch -p</Data><Data Name='ParentUser'>NT AUTHORITY\SYSTEM</Data></EventData></Event><Event xmlns='http://schemas.microsoft.com/win/2004/08/events/event'><System><Provider Name='Microsoft-Windows-Sysmon' Guid='{5770385f-c22a-43e0-bf4c-06f5698ffbd9}'/><EventID>1</EventID><Version>5</Version><Level>4</Level><Task>1</Task><Opcode>0</Opcode><Keywords>0x8000000000000000</Keywords><TimeCreated SystemTime='2022-01-04T04:35:22.4989228Z'/><EventRecordID>1458</EventRecordID><Correlation/><Execution ProcessID='14108' ThreadID='3560'/><Channel>Microsoft-Windows-Sysmon/Operational</Channel><Computer>DESKTOP-JP20VPR</Computer><Security UserID='S-1-5-18'/></System><EventData><Data Name='RuleName'>-</Data><Data Name='UtcTime'>2022-01-04 04:35:22.495</Data><Data Name='ProcessGuid'>{ec47ca29-ce8a-61d3-c705-000000008600}</Data><Data Name='ProcessId'>12536</Data><Data Name='Image'>C:\Windows\System32\svchost.exe</Data><Data Name='FileVersion'>10.0.19041.546 (WinBuild.160101.0800)</Data><Data Name='Description'>Host Process for Windows Services</Data><Data Name='Product'>Microsoft® Windows® Operating System</Data><Data Name='Company'>Microsoft Corporation</Data><Data Name='OriginalFileName'>svchost.exe</Data><Data Name='CommandLine'>C:\Windows\System32\svchost.exe -k wsappx -p -s ClipSVC</Data><Data Name='CurrentDirectory'>C:\Windows\system32\</Data><Data Name='User'>NT AUTHORITY\SYSTEM</Data><Data Name='LogonGuid'>{ec47ca29-70be-61d3-e703-000000000000}</Data><Data Name='LogonId'>0x3e7</Data><Data Name='TerminalSessionId'>0</Data><Data Name='IntegrityLevel'>System</Data><Data Name='Hashes'>SHA256=643EC58E82E0272C97C2A59F6020970D881AF19C0AD5029DB9C958C13B6558C7</Data><Data Name='ParentProcessGuid'>{00000000-0000-0000-0000-000000000000}</Data><Data Name='ParentProcessId'>944</Data><Data Name='ParentImage'>-</Data><Data Name='ParentCommandLine'>-</Data><Data Name='ParentUser'>-</Data></EventData></Event><Event xmlns='http://schemas.microsoft.com/win/2004/08/events/event'><System><Provider Name='Microsoft-Windows-Sysmon' Guid='{5770385f-c22a-43e0-bf4c-06f5698ffbd9}'/><EventID>1</EventID><Version>5</Version><Level>4</Level><Task>1</Task><Opcode>0</Opcode><Keywords>0x8000000000000000</Keywords><TimeCreated SystemTime='2022-01-04T04:35:22.4825184Z'/><EventRecordID>1457</EventRecordID><Correlation/><Execution ProcessID='14108' ThreadID='3560'/><Channel>Microsoft-Windows-Sysmon/Operational</Channel><Computer>DESKTOP-JP20VPR</Computer><Security UserID='S-1-5-18'/></System><EventData><Data Name='RuleName'>-</Data><Data Name='UtcTime'>2022-01-04 04:35:22.479</Data><Data Name='ProcessGuid'>{ec47ca29-ce8a-61d3-c605-000000008600}</Data><Data Name='ProcessId'>3740</Data><Data Name='Image'>C:\Windows\System32\backgroundTaskHost.exe</Data><Data Name='FileVersion'>10.0.19041.546 (WinBuild.160101.0800)</Data><Data Name='Description'>Background Task Host</Data><Data Name='Product'>Microsoft® Windows® Operating System</Data><Data Name='Company'>Microsoft Corporation</Data><Data Name='OriginalFileName'>backgroundTaskHost.exe</Data><Data Name='CommandLine'>"C:\Windows\system32\backgroundTaskHost.exe" -ServerName:Microsoft.MicrosoftOfficeHub.AppX54h2e8jwdm50fj5ha8987vz1etpx7czd.mca</Data><Data Name='CurrentDirectory'>C:\Program Files\WindowsApps\Microsoft.MicrosoftOfficeHub_18.2110.13110.0_x64__8wekyb3d8bbwe\</Data><Data Name='User'>DESKTOP-JP20VPR\BobWe</Data><Data Name='LogonGuid'>{ec47ca29-70bf-61d3-9db4-020000000000}</Data><Data Name='LogonId'>0x2b49d</Data><Data Name='TerminalSessionId'>1</Data><Data Name='IntegrityLevel'>AppContainer</Data><Data Name='Hashes'>SHA256=20330D3CA71D58F4AEB432676CB6A3D5B97005954E45132FB083E90782EFDD50</Data><Data Name='ParentProcessGuid'>{ec47ca29-70be-61d3-0d00-000000008600}</Data><Data Name='ParentProcessId'>1056</Data><Data Name='ParentImage'>C:\Windows\System32\svchost.exe</Data><Data Name='ParentCommandLine'>C:\Windows\system32\svchost.exe -k DcomLaunch -p</Data><Data Name='ParentUser'>NT AUTHORITY\SYSTEM</Data></EventData></Event><Event xmlns='http://schemas.microsoft.com/win/2004/08/events/event'><System><Provider Name='Microsoft-Windows-Sysmon' Guid='{5770385f-c22a-43e0-bf4c-06f5698ffbd9}'/><EventID>1</EventID><Version>5</Version><Level>4</Level><Task>1</Task><Opcode>0</Opcode><Keywords>0x8000000000000000</Keywords><TimeCreated SystemTime='2022-01-04T04:35:22.4223302Z'/><EventRecordID>1456</EventRecordID><Correlation/><Execution ProcessID='14108' ThreadID='3560'/><Channel>Microsoft-Windows-Sysmon/Operational</Channel><Computer>DESKTOP-JP20VPR</Computer><Security UserID='S-1-5-18'/></System><EventData><Data Name='RuleName'>-</Data><Data Name='UtcTime'>2022-01-04 04:35:22.419</Data><Data Name='ProcessGuid'>{ec47ca29-ce8a-61d3-c505-000000008600}</Data><Data Name='ProcessId'>18760</Data><Data Name='Image'>C:\Windows\System32\svchost.exe</Data><Data Name='FileVersion'>10.0.19041.546 (WinBuild.160101.0800)</Data><Data Name='Description'>Host Process for Windows Services</Data><Data Name='Product'>Microsoft® Windows® Operating System</Data><Data Name='Company'>Microsoft Corporation</Data><Data Name='OriginalFileName'>svchost.exe</Data><Data Name='CommandLine'>C:\Windows\system32\svchost.exe -k wsappx -p -s AppXSvc</Data><Data Name='CurrentDirectory'>C:\Windows\system32\</Data><Data Name='User'>NT AUTHORITY\SYSTEM</Data><Data Name='LogonGuid'>{ec47ca29-70be-61d3-e703-000000000000}</Data><Data Name='LogonId'>0x3e7</Data><Data Name='TerminalSessionId'>0</Data><Data Name='IntegrityLevel'>System</Data><Data Name='Hashes'>SHA256=643EC58E82E0272C97C2A59F6020970D881AF19C0AD5029DB9C958C13B6558C7</Data><Data Name='ParentProcessGuid'>{00000000-0000-0000-0000-000000000000}</Data><Data Name='ParentProcessId'>944</Data><Data Name='ParentImage'>-</Data><Data Name='ParentCommandLine'>-</Data><Data Name='ParentUser'>-</Data></EventData></Event><Event xmlns='http://schemas.microsoft.com/win/2004/08/events/event'><System><Provider Name='Microsoft-Windows-Sysmon' Guid='{5770385f-c22a-43e0-bf4c-06f5698ffbd9}'/><EventID>5</EventID><Version>3</Version><Level>4</Level><Task>5</Task><Opcode>0</Opcode><Keywords>0x8000000000000000</Keywords><TimeCreated SystemTime='2022-01-04T04:34:25.2708630Z'/><EventRecordID>1455</EventRecordID><Correlation/><Execution ProcessID='14108' ThreadID='3560'/><Channel>Microsoft-Windows-Sysmon/Operational</Channel><Computer>DESKTOP-JP20VPR</Computer><Security UserID='S-1-5-18'/></System><EventData><Data Name='RuleName'>-</Data><Data Name='UtcTime'>2022-01-04 04:34:25.270</Data><Data Name='ProcessGuid'>{ec47ca29-ce33-61d3-c305-000000008600}</Data><Data Name='ProcessId'>13948</Data><Data Name='Image'>C:\Program Files\Google\Chrome\Application\chrome.exe</Data><Data Name='User'>DESKTOP-JP20VPR\BobWe</Data></EventData></Event><Event xmlns='http://schemas.microsoft.com/win/2004/08/events/event'><System><Provider Name='Microsoft-Windows-Sysmon' Guid='{5770385f-c22a-43e0-bf4c-06f5698ffbd9}'/><EventID>5</EventID><Version>3</Version><Level>4</Level><Task>5</Task><Opcode>0</Opcode><Keywords>0x8000000000000000</Keywords><TimeCreated SystemTime='2022-01-04T04:34:25.2112021Z'/><EventRecordID>1454</EventRecordID><Correlation/><Execution ProcessID='14108' ThreadID='3560'/><Channel>Microsoft-Windows-Sysmon/Operational</Channel><Computer>DESKTOP-JP20VPR</Computer><Security UserID='S-1-5-18'/></System><EventData><Data Name='RuleName'>-</Data><Data Name='UtcTime'>2022-01-04 04:34:25.210</Data><Data Name='ProcessGuid'>{ec47ca29-caef-61d3-a205-000000008600}</Data><Data Name='ProcessId'>11396</Data><Data Name='Image'>C:\Program Files\Google\Chrome\Application\chrome.exe</Data><Data Name='User'>DESKTOP-JP20VPR\BobWe</Data></EventData></Event><Event xmlns='http://schemas.microsoft.com/win/2004/08/events/event'><System><Provider Name='Microsoft-Windows-Sysmon' Guid='{5770385f-c22a-43e0-bf4c-06f5698ffbd9}'/><EventID>5</EventID><Version>3</Version><Level>4</Level><Task>5</Task><Opcode>0</Opcode><Keywords>0x8000000000000000</Keywords><TimeCreated SystemTime='2022-01-04T04:34:25.1939044Z'/><EventRecordID>1453</EventRecordID><Correlation/><Execution ProcessID='14108' ThreadID='3560'/><Channel>Microsoft-Windows-Sysmon/Operational</Channel><Computer>DESKTOP-JP20VPR</Computer><Security UserID='S-1-5-18'/></System><EventData><Data Name='RuleName'>-</Data><Data Name='UtcTime'>2022-01-04 04:34:25.192</Data><Data Name='ProcessGuid'>{ec47ca29-c62d-61d3-6605-000000008600}</Data><Data Name='ProcessId'>10264</Data><Data Name='Image'>C:\Program Files\Google\Chrome\Application\chrome.exe</Data><Data Name='User'>DESKTOP-JP20VPR\BobWe</Data></EventData></Event><Event xmlns='http://schemas.microsoft.com/win/2004/08/events/event'><System><Provider Name='Microsoft-Windows-Sysmon' Guid='{5770385f-c22a-43e0-bf4c-06f5698ffbd9}'/><EventID>5</EventID><Version>3</Version><Level>4</Level><Task>5</Task><Opcode>0</Opcode><Keywords>0x8000000000000000</Keywords><TimeCreated SystemTime='2022-01-04T04:34:25.1830275Z'/><EventRecordID>1452</EventRecordID><Correlation/><Execution ProcessID='14108' ThreadID='3560'/><Channel>Microsoft-Windows-Sysmon/Operational</Channel><Computer>DESKTOP-JP20VPR</Computer><Security UserID='S-1-5-18'/></System><EventData><Data Name='RuleName'>-</Data><Data Name='UtcTime'>2022-01-04 04:34:25.182</Data><Data Name='ProcessGuid'>{ec47ca29-c681-61d3-7c05-000000008600}</Data><Data Name='ProcessId'>10856</Data><Data Name='Image'>C:\Program Files\Google\Chrome\Application\chrome.exe</Data><Data Name='User'>DESKTOP-JP20VPR\BobWe</Data></EventData></Event>