<Event xmlns='http://schemas.microsoft.com/win/2004/08/events/event'><System><Provider Name='Microsoft-Windows-Sysmon' Guid='{5770385f-c22a-43e0-bf4c-06f5698ffbd9}'/><EventID>1</EventID><Version>5</Version><Level>4</Level><Task>1</Task><Opcode>0</Opcode><Keywords>0x8000000000000000</Keywords><TimeCreated SystemTime='2022-01-04T05:38:22.3558443Z'/><EventRecordID>1680</EventRecordID><Correlation/><Execution ProcessID='14108' ThreadID='3560'/><Channel>Microsoft-Windows-Sysmon/Operational</Channel><Computer>DESKTOP-JP20VPR</Computer><Security UserID='S-1-5-18'/></System><EventData><Data Name='RuleName'>-</Data><Data Name='UtcTime'>2022-01-04 05:38:22.350</Data><Data Name='ProcessGuid'>{ec47ca29-dd4e-61d3-3906-000000008600}</Data><Data Name='ProcessId'>8668</Data><Data Name='Image'>C:\Windows\System32\backgroundTaskHost.exe</Data><Data Name='FileVersion'>10.0.19041.546 (WinBuild.160101.0800)</Data><Data Name='Description'>Background Task Host</Data><Data Name='Product'>Microsoft® Windows® Operating System</Data><Data Name='Company'>Microsoft Corporation</Data><Data Name='OriginalFileName'>backgroundTaskHost.exe</Data><Data Name='CommandLine'>"C:\Windows\system32\backgroundTaskHost.exe" -ServerName:ShellFeedsUI.AppXnj65k2d1a1rnztt2t2nng5ctmk3e76pn.mca</Data><Data Name='CurrentDirectory'>C:\Windows\SystemApps\Microsoft.Windows.Search_cw5n1h2txyewy\</Data><Data Name='User'>DESKTOP-JP20VPR\BobWe</Data><Data Name='LogonGuid'>{ec47ca29-70bf-61d3-9db4-020000000000}</Data><Data Name='LogonId'>0x2b49d</Data><Data Name='TerminalSessionId'>1</Data><Data Name='IntegrityLevel'>AppContainer</Data><Data Name='Hashes'>SHA256=20330D3CA71D58F4AEB432676CB6A3D5B97005954E45132FB083E90782EFDD50</Data><Data Name='ParentProcessGuid'>{ec47ca29-70be-61d3-0d00-000000008600}</Data><Data Name='ParentProcessId'>1056</Data><Data Name='ParentImage'>C:\Windows\System32\svchost.exe</Data><Data Name='ParentCommandLine'>C:\Windows\system32\svchost.exe -k DcomLaunch -p</Data><Data Name='ParentUser'>NT AUTHORITY\SYSTEM</Data></EventData></Event><Event xmlns='http://schemas.microsoft.com/win/2004/08/events/event'><System><Provider Name='Microsoft-Windows-Sysmon' Guid='{5770385f-c22a-43e0-bf4c-06f5698ffbd9}'/><EventID>5</EventID><Version>3</Version><Level>4</Level><Task>5</Task><Opcode>0</Opcode><Keywords>0x8000000000000000</Keywords><TimeCreated SystemTime='2022-01-04T05:37:00.2704346Z'/><EventRecordID>1679</EventRecordID><Correlation/><Execution ProcessID='14108' ThreadID='3560'/><Channel>Microsoft-Windows-Sysmon/Operational</Channel><Computer>DESKTOP-JP20VPR</Computer><Security UserID='S-1-5-18'/></System><EventData><Data Name='RuleName'>-</Data><Data Name='UtcTime'>2022-01-04 05:37:00.269</Data><Data Name='ProcessGuid'>{ec47ca29-dcfc-61d3-3706-000000008600}</Data><Data Name='ProcessId'>19196</Data><Data Name='Image'>C:\Windows\System32\conhost.exe</Data><Data Name='User'>NT AUTHORITY\SYSTEM</Data></EventData></Event><Event xmlns='http://schemas.microsoft.com/win/2004/08/events/event'><System><Provider Name='Microsoft-Windows-Sysmon' Guid='{5770385f-c22a-43e0-bf4c-06f5698ffbd9}'/><EventID>5</EventID><Version>3</Version><Level>4</Level><Task>5</Task><Opcode>0</Opcode><Keywords>0x8000000000000000</Keywords><TimeCreated SystemTime='2022-01-04T05:37:00.2696800Z'/><EventRecordID>1678</EventRecordID><Correlation/><Execution ProcessID='14108' ThreadID='3560'/><Channel>Microsoft-Windows-Sysmon/Operational</Channel><Computer>DESKTOP-JP20VPR</Computer><Security UserID='S-1-5-18'/></System><EventData><Data Name='RuleName'>-</Data><Data Name='UtcTime'>2022-01-04 05:37:00.269</Data><Data Name='ProcessGuid'>{ec47ca29-dcfc-61d3-3606-000000008600}</Data><Data Name='ProcessId'>2820</Data><Data Name='Image'>C:\Windows\System32\DriverStore\FileRepository\asussci2.inf_amd64_d385bdc0d33d66f9\ASUSSystemAnalysis\AsusSystemAnalysis.exe</Data><Data Name='User'>NT AUTHORITY\SYSTEM</Data></EventData></Event><Event xmlns='http://schemas.microsoft.com/win/2004/08/events/event'><System><Provider Name='Microsoft-Windows-Sysmon' Guid='{5770385f-c22a-43e0-bf4c-06f5698ffbd9}'/><EventID>1</EventID><Version>5</Version><Level>4</Level><Task>1</Task><Opcode>0</Opcode><Keywords>0x8000000000000000</Keywords><TimeCreated SystemTime='2022-01-04T05:37:00.1432535Z'/><EventRecordID>1677</EventRecordID><Correlation/><Execution ProcessID='14108' ThreadID='3560'/><Channel>Microsoft-Windows-Sysmon/Operational</Channel><Computer>DESKTOP-JP20VPR</Computer><Security UserID='S-1-5-18'/></System><EventData><Data Name='RuleName'>-</Data><Data Name='UtcTime'>2022-01-04 05:37:00.141</Data><Data Name='ProcessGuid'>{ec47ca29-dcfc-61d3-3806-000000008600}</Data><Data Name='ProcessId'>1256</Data><Data Name='Image'>C:\Windows\System32\wbem\WmiPrvSE.exe</Data><Data Name='FileVersion'>10.0.19041.546 (WinBuild.160101.0800)</Data><Data Name='Description'>WMI Provider Host</Data><Data Name='Product'>Microsoft® Windows® Operating System</Data><Data Name='Company'>Microsoft Corporation</Data><Data Name='OriginalFileName'>Wmiprvse.exe</Data><Data Name='CommandLine'>C:\Windows\system32\wbem\wmiprvse.exe -secured -Embedding</Data><Data Name='CurrentDirectory'>C:\Windows\system32\</Data><Data Name='User'>NT AUTHORITY\NETWORK SERVICE</Data><Data Name='LogonGuid'>{ec47ca29-70be-61d3-e403-000000000000}</Data><Data Name='LogonId'>0x3e4</Data><Data Name='TerminalSessionId'>0</Data><Data Name='IntegrityLevel'>System</Data><Data Name='Hashes'>SHA256=2198A7B58BCCB758036B969DDAE6CC2ECE07565E2659A7C541A313A0492231A3</Data><Data Name='ParentProcessGuid'>{ec47ca29-70be-61d3-0d00-000000008600}</Data><Data Name='ParentProcessId'>1056</Data><Data Name='ParentImage'>C:\Windows\System32\svchost.exe</Data><Data Name='ParentCommandLine'>C:\Windows\system32\svchost.exe -k DcomLaunch -p</Data><Data Name='ParentUser'>NT AUTHORITY\SYSTEM</Data></EventData></Event><Event xmlns='http://schemas.microsoft.com/win/2004/08/events/event'><System><Provider Name='Microsoft-Windows-Sysmon' Guid='{5770385f-c22a-43e0-bf4c-06f5698ffbd9}'/><EventID>1</EventID><Version>5</Version><Level>4</Level><Task>1</Task><Opcode>0</Opcode><Keywords>0x8000000000000000</Keywords><TimeCreated SystemTime='2022-01-04T05:37:00.0700872Z'/><EventRecordID>1676</EventRecordID><Correlation/><Execution ProcessID='14108' ThreadID='3560'/><Channel>Microsoft-Windows-Sysmon/Operational</Channel><Computer>DESKTOP-JP20VPR</Computer><Security UserID='S-1-5-18'/></System><EventData><Data Name='RuleName'>-</Data><Data Name='UtcTime'>2022-01-04 05:37:00.068</Data><Data Name='ProcessGuid'>{ec47ca29-dcfc-61d3-3706-000000008600}</Data><Data Name='ProcessId'>19196</Data><Data Name='Image'>C:\Windows\System32\conhost.exe</Data><Data Name='FileVersion'>10.0.19041.1320 (WinBuild.160101.0800)</Data><Data Name='Description'>Console Window Host</Data><Data Name='Product'>Microsoft® Windows® Operating System</Data><Data Name='Company'>Microsoft Corporation</Data><Data Name='OriginalFileName'>CONHOST.EXE</Data><Data Name='CommandLine'>\??\C:\Windows\system32\conhost.exe 0xffffffff -ForceV1</Data><Data Name='CurrentDirectory'>C:\Windows</Data><Data Name='User'>NT AUTHORITY\SYSTEM</Data><Data Name='LogonGuid'>{ec47ca29-70be-61d3-e703-000000000000}</Data><Data Name='LogonId'>0x3e7</Data><Data Name='TerminalSessionId'>0</Data><Data Name='IntegrityLevel'>System</Data><Data Name='Hashes'>SHA256=22117361C2C34CB18BEEE2CA9770B3AA6C8D032A0941991454DD222BEC6D9295</Data><Data Name='ParentProcessGuid'>{ec47ca29-dcfc-61d3-3606-000000008600}</Data><Data Name='ParentProcessId'>2820</Data><Data Name='ParentImage'>C:\Windows\System32\DriverStore\FileRepository\asussci2.inf_amd64_d385bdc0d33d66f9\ASUSSystemAnalysis\AsusSystemAnalysis.exe</Data><Data Name='ParentCommandLine'>C:\Windows\System32\DriverStore\FileRepository\asussci2.inf_amd64_d385bdc0d33d66f9\ASUSSystemAnalysis\AsusSystemAnalysis.exe -j0</Data><Data Name='ParentUser'>NT AUTHORITY\SYSTEM</Data></EventData></Event><Event xmlns='http://schemas.microsoft.com/win/2004/08/events/event'><System><Provider Name='Microsoft-Windows-Sysmon' Guid='{5770385f-c22a-43e0-bf4c-06f5698ffbd9}'/><EventID>1</EventID><Version>5</Version><Level>4</Level><Task>1</Task><Opcode>0</Opcode><Keywords>0x8000000000000000</Keywords><TimeCreated SystemTime='2022-01-04T05:37:00.0664785Z'/><EventRecordID>1675</EventRecordID><Correlation/><Execution ProcessID='14108' ThreadID='3560'/><Channel>Microsoft-Windows-Sysmon/Operational</Channel><Computer>DESKTOP-JP20VPR</Computer><Security UserID='S-1-5-18'/></System><EventData><Data Name='RuleName'>-</Data><Data Name='UtcTime'>2022-01-04 05:37:00.013</Data><Data Name='ProcessGuid'>{ec47ca29-dcfc-61d3-3606-000000008600}</Data><Data Name='ProcessId'>2820</Data><Data Name='Image'>C:\Windows\System32\DriverStore\FileRepository\asussci2.inf_amd64_d385bdc0d33d66f9\ASUSSystemAnalysis\AsusSystemAnalysis.exe</Data><Data Name='FileVersion'>2.1.12.10</Data><Data Name='Description'>ASUS System Analysis</Data><Data Name='Product'>ASUS System Analysis</Data><Data Name='Company'>ASUSTeK COMPUTER INC.</Data><Data Name='OriginalFileName'>AsusSystemAnalysis.exe</Data><Data Name='CommandLine'>C:\Windows\System32\DriverStore\FileRepository\asussci2.inf_amd64_d385bdc0d33d66f9\ASUSSystemAnalysis\AsusSystemAnalysis.exe -j0</Data><Data Name='CurrentDirectory'>C:\Windows\system32\</Data><Data Name='User'>NT AUTHORITY\SYSTEM</Data><Data Name='LogonGuid'>{ec47ca29-70be-61d3-e703-000000000000}</Data><Data Name='LogonId'>0x3e7</Data><Data Name='TerminalSessionId'>0</Data><Data Name='IntegrityLevel'>System</Data><Data Name='Hashes'>SHA256=A509D6E56F6566D3CD1FFF3D0CF2F74E355389A3D49DD79176891CCA835DBE75</Data><Data Name='ParentProcessGuid'>{ec47ca29-70bf-61d3-1c00-000000008600}</Data><Data Name='ParentProcessId'>1716</Data><Data Name='ParentImage'>C:\Windows\System32\svchost.exe</Data><Data Name='ParentCommandLine'>C:\Windows\system32\svchost.exe -k netsvcs -p -s Schedule</Data><Data Name='ParentUser'>NT AUTHORITY\SYSTEM</Data></EventData></Event><Event xmlns='http://schemas.microsoft.com/win/2004/08/events/event'><System><Provider Name='Microsoft-Windows-Sysmon' Guid='{5770385f-c22a-43e0-bf4c-06f5698ffbd9}'/><EventID>5</EventID><Version>3</Version><Level>4</Level><Task>5</Task><Opcode>0</Opcode><Keywords>0x8000000000000000</Keywords><TimeCreated SystemTime='2022-01-04T05:36:52.5069749Z'/><EventRecordID>1674</EventRecordID><Correlation/><Execution ProcessID='14108' ThreadID='3560'/><Channel>Microsoft-Windows-Sysmon/Operational</Channel><Computer>DESKTOP-JP20VPR</Computer><Security UserID='S-1-5-18'/></System><EventData><Data Name='RuleName'>-</Data><Data Name='UtcTime'>2022-01-04 05:36:52.506</Data><Data Name='ProcessGuid'>{ec47ca29-dc9a-61d3-3506-000000008600}</Data><Data Name='ProcessId'>5244</Data><Data Name='Image'>C:\Windows\System32\RuntimeBroker.exe</Data><Data Name='User'>DESKTOP-JP20VPR\BobWe</Data></EventData></Event><Event xmlns='http://schemas.microsoft.com/win/2004/08/events/event'><System><Provider Name='Microsoft-Windows-Sysmon' Guid='{5770385f-c22a-43e0-bf4c-06f5698ffbd9}'/><EventID>5</EventID><Version>3</Version><Level>4</Level><Task>5</Task><Opcode>0</Opcode><Keywords>0x8000000000000000</Keywords><TimeCreated SystemTime='2022-01-04T05:36:22.4895967Z'/><EventRecordID>1673</EventRecordID><Correlation/><Execution ProcessID='14108' ThreadID='3560'/><Channel>Microsoft-Windows-Sysmon/Operational</Channel><Computer>DESKTOP-JP20VPR</Computer><Security UserID='S-1-5-18'/></System><EventData><Data Name='RuleName'>-</Data><Data Name='UtcTime'>2022-01-04 05:36:22.489</Data><Data Name='ProcessGuid'>{ec47ca29-dc9a-61d3-3306-000000008600}</Data><Data Name='ProcessId'>13364</Data><Data Name='Image'>C:\Windows\System32\backgroundTaskHost.exe</Data><Data Name='User'>DESKTOP-JP20VPR\BobWe</Data></EventData></Event><Event xmlns='http://schemas.microsoft.com/win/2004/08/events/event'><System><Provider Name='Microsoft-Windows-Sysmon' Guid='{5770385f-c22a-43e0-bf4c-06f5698ffbd9}'/><EventID>1</EventID><Version>5</Version><Level>4</Level><Task>1</Task><Opcode>0</Opcode><Keywords>0x8000000000000000</Keywords><TimeCreated SystemTime='2022-01-04T05:35:22.4535551Z'/><EventRecordID>1672</EventRecordID><Correlation/><Execution ProcessID='14108' ThreadID='3560'/><Channel>Microsoft-Windows-Sysmon/Operational</Channel><Computer>DESKTOP-JP20VPR</Computer><Security UserID='S-1-5-18'/></System><EventData><Data Name='RuleName'>-</Data><Data Name='UtcTime'>2022-01-04 05:35:22.452</Data><Data Name='ProcessGuid'>{ec47ca29-dc9a-61d3-3506-000000008600}</Data><Data Name='ProcessId'>5244</Data><Data Name='Image'>C:\Windows\System32\RuntimeBroker.exe</Data><Data Name='FileVersion'>10.0.19041.746 (WinBuild.160101.0800)</Data><Data Name='Description'>Runtime Broker</Data><Data Name='Product'>Microsoft® Windows® Operating System</Data><Data Name='Company'>Microsoft Corporation</Data><Data Name='OriginalFileName'>RuntimeBroker.exe</Data><Data Name='CommandLine'>C:\Windows\System32\RuntimeBroker.exe -Embedding</Data><Data Name='CurrentDirectory'>C:\Windows\system32\</Data><Data Name='User'>DESKTOP-JP20VPR\BobWe</Data><Data Name='LogonGuid'>{ec47ca29-70bf-61d3-9db4-020000000000}</Data><Data Name='LogonId'>0x2b49d</Data><Data Name='TerminalSessionId'>1</Data><Data Name='IntegrityLevel'>Medium</Data><Data Name='Hashes'>SHA256=E86870769EE6C797E09457BD99C58D9BF2303CF0193A24EF9B1222C2C3DAF628</Data><Data Name='ParentProcessGuid'>{ec47ca29-70be-61d3-0d00-000000008600}</Data><Data Name='ParentProcessId'>1056</Data><Data Name='ParentImage'>C:\Windows\System32\svchost.exe</Data><Data Name='ParentCommandLine'>C:\Windows\system32\svchost.exe -k DcomLaunch -p</Data><Data Name='ParentUser'>NT AUTHORITY\SYSTEM</Data></EventData></Event><Event xmlns='http://schemas.microsoft.com/win/2004/08/events/event'><System><Provider Name='Microsoft-Windows-Sysmon' Guid='{5770385f-c22a-43e0-bf4c-06f5698ffbd9}'/><EventID>1</EventID><Version>5</Version><Level>4</Level><Task>1</Task><Opcode>0</Opcode><Keywords>0x8000000000000000</Keywords><TimeCreated SystemTime='2022-01-04T05:35:22.3507547Z'/><EventRecordID>1671</EventRecordID><Correlation/><Execution ProcessID='14108' ThreadID='3560'/><Channel>Microsoft-Windows-Sysmon/Operational</Channel><Computer>DESKTOP-JP20VPR</Computer><Security UserID='S-1-5-18'/></System><EventData><Data Name='RuleName'>-</Data><Data Name='UtcTime'>2022-01-04 05:35:22.345</Data><Data Name='ProcessGuid'>{ec47ca29-dc9a-61d3-3406-000000008600}</Data><Data Name='ProcessId'>3044</Data><Data Name='Image'>C:\Windows\System32\svchost.exe</Data><Data Name='FileVersion'>10.0.19041.546 (WinBuild.160101.0800)</Data><Data Name='Description'>Host Process for Windows Services</Data><Data Name='Product'>Microsoft® Windows® Operating System</Data><Data Name='Company'>Microsoft Corporation</Data><Data Name='OriginalFileName'>svchost.exe</Data><Data Name='CommandLine'>C:\Windows\System32\svchost.exe -k wsappx -p -s ClipSVC</Data><Data Name='CurrentDirectory'>C:\Windows\system32\</Data><Data Name='User'>NT AUTHORITY\SYSTEM</Data><Data Name='LogonGuid'>{ec47ca29-70be-61d3-e703-000000000000}</Data><Data Name='LogonId'>0x3e7</Data><Data Name='TerminalSessionId'>0</Data><Data Name='IntegrityLevel'>System</Data><Data Name='Hashes'>SHA256=643EC58E82E0272C97C2A59F6020970D881AF19C0AD5029DB9C958C13B6558C7</Data><Data Name='ParentProcessGuid'>{00000000-0000-0000-0000-000000000000}</Data><Data Name='ParentProcessId'>944</Data><Data Name='ParentImage'>-</Data><Data Name='ParentCommandLine'>-</Data><Data Name='ParentUser'>-</Data></EventData></Event><Event xmlns='http://schemas.microsoft.com/win/2004/08/events/event'><System><Provider Name='Microsoft-Windows-Sysmon' Guid='{5770385f-c22a-43e0-bf4c-06f5698ffbd9}'/><EventID>1</EventID><Version>5</Version><Level>4</Level><Task>1</Task><Opcode>0</Opcode><Keywords>0x8000000000000000</Keywords><TimeCreated SystemTime='2022-01-04T05:35:22.3349350Z'/><EventRecordID>1670</EventRecordID><Correlation/><Execution ProcessID='14108' ThreadID='3560'/><Channel>Microsoft-Windows-Sysmon/Operational</Channel><Computer>DESKTOP-JP20VPR</Computer><Security UserID='S-1-5-18'/></System><EventData><Data Name='RuleName'>-</Data><Data Name='UtcTime'>2022-01-04 05:35:22.330</Data><Data Name='ProcessGuid'>{ec47ca29-dc9a-61d3-3306-000000008600}</Data><Data Name='ProcessId'>13364</Data><Data Name='Image'>C:\Windows\System32\backgroundTaskHost.exe</Data><Data Name='FileVersion'>10.0.19041.546 (WinBuild.160101.0800)</Data><Data Name='Description'>Background Task Host</Data><Data Name='Product'>Microsoft® Windows® Operating System</Data><Data Name='Company'>Microsoft Corporation</Data><Data Name='OriginalFileName'>backgroundTaskHost.exe</Data><Data Name='CommandLine'>"C:\Windows\system32\backgroundTaskHost.exe" -ServerName:Microsoft.MicrosoftOfficeHub.AppX54h2e8jwdm50fj5ha8987vz1etpx7czd.mca</Data><Data Name='CurrentDirectory'>C:\Program Files\WindowsApps\Microsoft.MicrosoftOfficeHub_18.2110.13110.0_x64__8wekyb3d8bbwe\</Data><Data Name='User'>DESKTOP-JP20VPR\BobWe</Data><Data Name='LogonGuid'>{ec47ca29-70bf-61d3-9db4-020000000000}</Data><Data Name='LogonId'>0x2b49d</Data><Data Name='TerminalSessionId'>1</Data><Data Name='IntegrityLevel'>AppContainer</Data><Data Name='Hashes'>SHA256=20330D3CA71D58F4AEB432676CB6A3D5B97005954E45132FB083E90782EFDD50</Data><Data Name='ParentProcessGuid'>{ec47ca29-70be-61d3-0d00-000000008600}</Data><Data Name='ParentProcessId'>1056</Data><Data Name='ParentImage'>C:\Windows\System32\svchost.exe</Data><Data Name='ParentCommandLine'>C:\Windows\system32\svchost.exe -k DcomLaunch -p</Data><Data Name='ParentUser'>NT AUTHORITY\SYSTEM</Data></EventData></Event><Event xmlns='http://schemas.microsoft.com/win/2004/08/events/event'><System><Provider Name='Microsoft-Windows-Sysmon' Guid='{5770385f-c22a-43e0-bf4c-06f5698ffbd9}'/><EventID>5</EventID><Version>3</Version><Level>4</Level><Task>5</Task><Opcode>0</Opcode><Keywords>0x8000000000000000</Keywords><TimeCreated SystemTime='2022-01-04T05:34:22.5595450Z'/><EventRecordID>1669</EventRecordID><Correlation/><Execution ProcessID='14108' ThreadID='3560'/><Channel>Microsoft-Windows-Sysmon/Operational</Channel><Computer>DESKTOP-JP20VPR</Computer><Security UserID='S-1-5-18'/></System><EventData><Data Name='RuleName'>-</Data><Data Name='UtcTime'>2022-01-04 05:34:22.559</Data><Data Name='ProcessGuid'>{ec47ca29-dc22-61d3-3206-000000008600}</Data><Data Name='ProcessId'>8352</Data><Data Name='Image'>C:\Windows\System32\backgroundTaskHost.exe</Data><Data Name='User'>DESKTOP-JP20VPR\BobWe</Data></EventData></Event><Event xmlns='http://schemas.microsoft.com/win/2004/08/events/event'><System><Provider Name='Microsoft-Windows-Sysmon' Guid='{5770385f-c22a-43e0-bf4c-06f5698ffbd9}'/><EventID>1</EventID><Version>5</Version><Level>4</Level><Task>1</Task><Opcode>0</Opcode><Keywords>0x8000000000000000</Keywords><TimeCreated SystemTime='2022-01-04T05:33:22.3378885Z'/><EventRecordID>1668</EventRecordID><Correlation/><Execution ProcessID='14108' ThreadID='3560'/><Channel>Microsoft-Windows-Sysmon/Operational</Channel><Computer>DESKTOP-JP20VPR</Computer><Security UserID='S-1-5-18'/></System><EventData><Data Name='RuleName'>-</Data><Data Name='UtcTime'>2022-01-04 05:33:22.335</Data><Data Name='ProcessGuid'>{ec47ca29-dc22-61d3-3206-000000008600}</Data><Data Name='ProcessId'>8352</Data><Data Name='Image'>C:\Windows\System32\backgroundTaskHost.exe</Data><Data Name='FileVersion'>10.0.19041.546 (WinBuild.160101.0800)</Data><Data Name='Description'>Background Task Host</Data><Data Name='Product'>Microsoft® Windows® Operating System</Data><Data Name='Company'>Microsoft Corporation</Data><Data Name='OriginalFileName'>backgroundTaskHost.exe</Data><Data Name='CommandLine'>"C:\Windows\system32\backgroundTaskHost.exe" -ServerName:CortanaUI.AppX3bn25b6f886wmg6twh46972vprk9tnbf.mca</Data><Data Name='CurrentDirectory'>C:\Windows\SystemApps\Microsoft.Windows.Search_cw5n1h2txyewy\</Data><Data Name='User'>DESKTOP-JP20VPR\BobWe</Data><Data Name='LogonGuid'>{ec47ca29-70bf-61d3-9db4-020000000000}</Data><Data Name='LogonId'>0x2b49d</Data><Data Name='TerminalSessionId'>1</Data><Data Name='IntegrityLevel'>AppContainer</Data><Data Name='Hashes'>SHA256=20330D3CA71D58F4AEB432676CB6A3D5B97005954E45132FB083E90782EFDD50</Data><Data Name='ParentProcessGuid'>{ec47ca29-70be-61d3-0d00-000000008600}</Data><Data Name='ParentProcessId'>1056</Data><Data Name='ParentImage'>C:\Windows\System32\svchost.exe</Data><Data Name='ParentCommandLine'>C:\Windows\system32\svchost.exe -k DcomLaunch -p</Data><Data Name='ParentUser'>NT AUTHORITY\SYSTEM</Data></EventData></Event><Event xmlns='http://schemas.microsoft.com/win/2004/08/events/event'><System><Provider Name='Microsoft-Windows-Sysmon' Guid='{5770385f-c22a-43e0-bf4c-06f5698ffbd9}'/><EventID>1</EventID><Version>5</Version><Level>4</Level><Task>1</Task><Opcode>0</Opcode><Keywords>0x8000000000000000</Keywords><TimeCreated SystemTime='2022-01-04T05:33:22.3003049Z'/><EventRecordID>1667</EventRecordID><Correlation/><Execution ProcessID='14108' ThreadID='3560'/><Channel>Microsoft-Windows-Sysmon/Operational</Channel><Computer>DESKTOP-JP20VPR</Computer><Security UserID='S-1-5-18'/></System><EventData><Data Name='RuleName'>-</Data><Data Name='UtcTime'>2022-01-04 05:33:22.297</Data><Data Name='ProcessGuid'>{ec47ca29-dc22-61d3-3106-000000008600}</Data><Data Name='ProcessId'>11948</Data><Data Name='Image'>C:\Windows\System32\svchost.exe</Data><Data Name='FileVersion'>10.0.19041.546 (WinBuild.160101.0800)</Data><Data Name='Description'>Host Process for Windows Services</Data><Data Name='Product'>Microsoft® Windows® Operating System</Data><Data Name='Company'>Microsoft Corporation</Data><Data Name='OriginalFileName'>svchost.exe</Data><Data Name='CommandLine'>C:\Windows\system32\svchost.exe -k wsappx -p -s AppXSvc</Data><Data Name='CurrentDirectory'>C:\Windows\system32\</Data><Data Name='User'>NT AUTHORITY\SYSTEM</Data><Data Name='LogonGuid'>{ec47ca29-70be-61d3-e703-000000000000}</Data><Data Name='LogonId'>0x3e7</Data><Data Name='TerminalSessionId'>0</Data><Data Name='IntegrityLevel'>System</Data><Data Name='Hashes'>SHA256=643EC58E82E0272C97C2A59F6020970D881AF19C0AD5029DB9C958C13B6558C7</Data><Data Name='ParentProcessGuid'>{00000000-0000-0000-0000-000000000000}</Data><Data Name='ParentProcessId'>944</Data><Data Name='ParentImage'>-</Data><Data Name='ParentCommandLine'>-</Data><Data Name='ParentUser'>-</Data></EventData></Event><Event xmlns='http://schemas.microsoft.com/win/2004/08/events/event'><System><Provider Name='Microsoft-Windows-Sysmon' Guid='{5770385f-c22a-43e0-bf4c-06f5698ffbd9}'/><EventID>5</EventID><Version>3</Version><Level>4</Level><Task>5</Task><Opcode>0</Opcode><Keywords>0x8000000000000000</Keywords><TimeCreated SystemTime='2022-01-04T05:29:22.8045134Z'/><EventRecordID>1666</EventRecordID><Correlation/><Execution ProcessID='14108' ThreadID='3560'/><Channel>Microsoft-Windows-Sysmon/Operational</Channel><Computer>DESKTOP-JP20VPR</Computer><Security UserID='S-1-5-18'/></System><EventData><Data Name='RuleName'>-</Data><Data Name='UtcTime'>2022-01-04 05:29:22.803</Data><Data Name='ProcessGuid'>{ec47ca29-da46-61d3-2d06-000000008600}</Data><Data Name='ProcessId'>12992</Data><Data Name='Image'>C:\Windows\System32\svchost.exe</Data><Data Name='User'>NT AUTHORITY\SYSTEM</Data></EventData></Event><Event xmlns='http://schemas.microsoft.com/win/2004/08/events/event'><System><Provider Name='Microsoft-Windows-Sysmon' Guid='{5770385f-c22a-43e0-bf4c-06f5698ffbd9}'/><EventID>5</EventID><Version>3</Version><Level>4</Level><Task>5</Task><Opcode>0</Opcode><Keywords>0x8000000000000000</Keywords><TimeCreated SystemTime='2022-01-04T05:26:22.5060912Z'/><EventRecordID>1665</EventRecordID><Correlation/><Execution ProcessID='14108' ThreadID='3560'/><Channel>Microsoft-Windows-Sysmon/Operational</Channel><Computer>DESKTOP-JP20VPR</Computer><Security UserID='S-1-5-18'/></System><EventData><Data Name='RuleName'>-</Data><Data Name='UtcTime'>2022-01-04 05:26:22.505</Data><Data Name='ProcessGuid'>{ec47ca29-d916-61d3-2a06-000000008600}</Data><Data Name='ProcessId'>19056</Data><Data Name='Image'>C:\Windows\System32\svchost.exe</Data><Data Name='User'>NT AUTHORITY\SYSTEM</Data></EventData></Event><Event xmlns='http://schemas.microsoft.com/win/2004/08/events/event'><System><Provider Name='Microsoft-Windows-Sysmon' Guid='{5770385f-c22a-43e0-bf4c-06f5698ffbd9}'/><EventID>5</EventID><Version>3</Version><Level>4</Level><Task>5</Task><Opcode>0</Opcode><Keywords>0x8000000000000000</Keywords><TimeCreated SystemTime='2022-01-04T05:25:53.2242524Z'/><EventRecordID>1664</EventRecordID><Correlation/><Execution ProcessID='14108' ThreadID='3560'/><Channel>Microsoft-Windows-Sysmon/Operational</Channel><Computer>DESKTOP-JP20VPR</Computer><Security UserID='S-1-5-18'/></System><EventData><Data Name='RuleName'>-</Data><Data Name='UtcTime'>2022-01-04 05:25:53.223</Data><Data Name='ProcessGuid'>{ec47ca29-da61-61d3-3006-000000008600}</Data><Data Name='ProcessId'>8384</Data><Data Name='Image'>C:\Program Files\NVIDIA Corporation\NvBackend\NvTmRep.exe</Data><Data Name='User'>DESKTOP-JP20VPR\BobWe</Data></EventData></Event><Event xmlns='http://schemas.microsoft.com/win/2004/08/events/event'><System><Provider Name='Microsoft-Windows-Sysmon' Guid='{5770385f-c22a-43e0-bf4c-06f5698ffbd9}'/><EventID>1</EventID><Version>5</Version><Level>4</Level><Task>1</Task><Opcode>0</Opcode><Keywords>0x8000000000000000</Keywords><TimeCreated SystemTime='2022-01-04T05:25:53.1489568Z'/><EventRecordID>1663</EventRecordID><Correlation/><Execution ProcessID='14108' ThreadID='3560'/><Channel>Microsoft-Windows-Sysmon/Operational</Channel><Computer>DESKTOP-JP20VPR</Computer><Security UserID='S-1-5-18'/></System><EventData><Data Name='RuleName'>-</Data><Data Name='UtcTime'>2022-01-04 05:25:53.146</Data><Data Name='ProcessGuid'>{ec47ca29-da61-61d3-3006-000000008600}</Data><Data Name='ProcessId'>8384</Data><Data Name='Image'>C:\Program Files\NVIDIA Corporation\NvBackend\NvTmRep.exe</Data><Data Name='FileVersion'>38.0.5.0</Data><Data Name='Description'>NVIDIA crash and telemetry reporter</Data><Data Name='Product'>NVIDIA crash and telemetry reporter</Data><Data Name='Company'>NVIDIA Corporation</Data><Data Name='OriginalFileName'>NvTmRep.exe</Data><Data Name='CommandLine'>"C:\Program Files\NVIDIA Corporation\NvBackend\NvTmRep.exe"</Data><Data Name='CurrentDirectory'>C:\Program Files\NVIDIA Corporation\NvBackend\</Data><Data Name='User'>DESKTOP-JP20VPR\BobWe</Data><Data Name='LogonGuid'>{ec47ca29-70bf-61d3-9db4-020000000000}</Data><Data Name='LogonId'>0x2b49d</Data><Data Name='TerminalSessionId'>1</Data><Data Name='IntegrityLevel'>Medium</Data><Data Name='Hashes'>SHA256=7CC15872F4736BF6818912F0C9D74B5B343600A565A073C59182DB4BB82F9A26</Data><Data Name='ParentProcessGuid'>{ec47ca29-70bf-61d3-1c00-000000008600}</Data><Data Name='ParentProcessId'>1716</Data><Data Name='ParentImage'>C:\Windows\System32\svchost.exe</Data><Data Name='ParentCommandLine'>C:\Windows\system32\svchost.exe -k netsvcs -p -s Schedule</Data><Data Name='ParentUser'>NT AUTHORITY\SYSTEM</Data></EventData></Event><Event xmlns='http://schemas.microsoft.com/win/2004/08/events/event'><System><Provider Name='Microsoft-Windows-Sysmon' Guid='{5770385f-c22a-43e0-bf4c-06f5698ffbd9}'/><EventID>5</EventID><Version>3</Version><Level>4</Level><Task>5</Task><Opcode>0</Opcode><Keywords>0x8000000000000000</Keywords><TimeCreated SystemTime='2022-01-04T05:25:51.8454479Z'/><EventRecordID>1662</EventRecordID><Correlation/><Execution ProcessID='14108' ThreadID='3560'/><Channel>Microsoft-Windows-Sysmon/Operational</Channel><Computer>DESKTOP-JP20VPR</Computer><Security UserID='S-1-5-18'/></System><EventData><Data Name='RuleName'>-</Data><Data Name='UtcTime'>2022-01-04 05:25:51.844</Data><Data Name='ProcessGuid'>{ec47ca29-da55-61d3-2f06-000000008600}</Data><Data Name='ProcessId'>6688</Data><Data Name='Image'>C:\Program Files (x86)\Microsoft\Edge\Application\96.0.1054.62\identity_helper.exe</Data><Data Name='User'>DESKTOP-JP20VPR\BobWe</Data></EventData></Event><Event xmlns='http://schemas.microsoft.com/win/2004/08/events/event'><System><Provider Name='Microsoft-Windows-Sysmon' Guid='{5770385f-c22a-43e0-bf4c-06f5698ffbd9}'/><EventID>1</EventID><Version>5</Version><Level>4</Level><Task>1</Task><Opcode>0</Opcode><Keywords>0x8000000000000000</Keywords><TimeCreated SystemTime='2022-01-04T05:25:41.7001605Z'/><EventRecordID>1661</EventRecordID><Correlation/><Execution ProcessID='14108' ThreadID='3560'/><Channel>Microsoft-Windows-Sysmon/Operational</Channel><Computer>DESKTOP-JP20VPR</Computer><Security UserID='S-1-5-18'/></System><EventData><Data Name='RuleName'>-</Data><Data Name='UtcTime'>2022-01-04 05:25:41.695</Data><Data Name='ProcessGuid'>{ec47ca29-da55-61d3-2f06-000000008600}</Data><Data Name='ProcessId'>6688</Data><Data Name='Image'>C:\Program Files (x86)\Microsoft\Edge\Application\96.0.1054.62\identity_helper.exe</Data><Data Name='FileVersion'>96.0.1054.62</Data><Data Name='Description'>PWA Identity Proxy Host</Data><Data Name='Product'>Microsoft Edge</Data><Data Name='Company'>Microsoft Corporation</Data><Data Name='OriginalFileName'>identity_helper.exe</Data><Data Name='CommandLine'>"C:\Program Files (x86)\Microsoft\Edge\Application\96.0.1054.62\identity_helper.exe" --type=utility --utility-sub-type=winrt_app_id.mojom.WinrtAppIdService --field-trial-handle=2308,14150179790966226464,16948066822318633601,131072 --lang=en-US --service-sandbox-type=none --mojo-platform-channel-handle=1380 /prefetch:8</Data><Data Name='CurrentDirectory'>C:\Program Files (x86)\Microsoft\Edge\Application\96.0.1054.62\</Data><Data Name='User'>DESKTOP-JP20VPR\BobWe</Data><Data Name='LogonGuid'>{ec47ca29-70bf-61d3-9db4-020000000000}</Data><Data Name='LogonId'>0x2b49d</Data><Data Name='TerminalSessionId'>1</Data><Data Name='IntegrityLevel'>Medium</Data><Data Name='Hashes'>SHA256=7914D38736F3CE4F89432E15816711FFFDFD9002FA50CE7205C1176AF9142AB4</Data><Data Name='ParentProcessGuid'>{ec47ca29-70db-61d3-4801-000000008600}</Data><Data Name='ParentProcessId'>11916</Data><Data Name='ParentImage'>C:\Program Files (x86)\Microsoft\Edge\Application\msedge.exe</Data><Data Name='ParentCommandLine'>"C:\Program Files (x86)\Microsoft\Edge\Application\msedge.exe" --no-startup-window --win-session-start /prefetch:5</Data><Data Name='ParentUser'>DESKTOP-JP20VPR\BobWe</Data></EventData></Event><Event xmlns='http://schemas.microsoft.com/win/2004/08/events/event'><System><Provider Name='Microsoft-Windows-Sysmon' Guid='{5770385f-c22a-43e0-bf4c-06f5698ffbd9}'/><EventID>5</EventID><Version>3</Version><Level>4</Level><Task>5</Task><Opcode>0</Opcode><Keywords>0x8000000000000000</Keywords><TimeCreated SystemTime='2022-01-04T05:25:41.6891291Z'/><EventRecordID>1660</EventRecordID><Correlation/><Execution ProcessID='14108' ThreadID='3560'/><Channel>Microsoft-Windows-Sysmon/Operational</Channel><Computer>DESKTOP-JP20VPR</Computer><Security UserID='S-1-5-18'/></System><EventData><Data Name='RuleName'>-</Data><Data Name='UtcTime'>2022-01-04 05:25:41.688</Data><Data Name='ProcessGuid'>{ec47ca29-da55-61d3-2e06-000000008600}</Data><Data Name='ProcessId'>18028</Data><Data Name='Image'>C:\Program Files (x86)\Microsoft\Edge\Application\96.0.1054.62\identity_helper.exe</Data><Data Name='User'>DESKTOP-JP20VPR\BobWe</Data></EventData></Event><Event xmlns='http://schemas.microsoft.com/win/2004/08/events/event'><System><Provider Name='Microsoft-Windows-Sysmon' Guid='{5770385f-c22a-43e0-bf4c-06f5698ffbd9}'/><EventID>1</EventID><Version>5</Version><Level>4</Level><Task>1</Task><Opcode>0</Opcode><Keywords>0x8000000000000000</Keywords><TimeCreated SystemTime='2022-01-04T05:25:41.6840877Z'/><EventRecordID>1659</EventRecordID><Correlation/><Execution ProcessID='14108' ThreadID='3560'/><Channel>Microsoft-Windows-Sysmon/Operational</Channel><Computer>DESKTOP-JP20VPR</Computer><Security UserID='S-1-5-18'/></System><EventData><Data Name='RuleName'>-</Data><Data Name='UtcTime'>2022-01-04 05:25:41.678</Data><Data Name='ProcessGuid'>{ec47ca29-da55-61d3-2e06-000000008600}</Data><Data Name='ProcessId'>18028</Data><Data Name='Image'>C:\Program Files (x86)\Microsoft\Edge\Application\96.0.1054.62\identity_helper.exe</Data><Data Name='FileVersion'>96.0.1054.62</Data><Data Name='Description'>PWA Identity Proxy Host</Data><Data Name='Product'>Microsoft Edge</Data><Data Name='Company'>Microsoft Corporation</Data><Data Name='OriginalFileName'>identity_helper.exe</Data><Data Name='CommandLine'>"C:\Program Files (x86)\Microsoft\Edge\Application\96.0.1054.62\identity_helper.exe" --type=utility --utility-sub-type=winrt_app_id.mojom.WinrtAppIdService --field-trial-handle=2308,14150179790966226464,16948066822318633601,131072 --lang=en-US --service-sandbox-type=none --mojo-platform-channel-handle=1380 /prefetch:8</Data><Data Name='CurrentDirectory'>C:\Program Files (x86)\Microsoft\Edge\Application\96.0.1054.62\</Data><Data Name='User'>DESKTOP-JP20VPR\BobWe</Data><Data Name='LogonGuid'>{ec47ca29-70bf-61d3-9db4-020000000000}</Data><Data Name='LogonId'>0x2b49d</Data><Data Name='TerminalSessionId'>1</Data><Data Name='IntegrityLevel'>Medium</Data><Data Name='Hashes'>SHA256=7914D38736F3CE4F89432E15816711FFFDFD9002FA50CE7205C1176AF9142AB4</Data><Data Name='ParentProcessGuid'>{ec47ca29-70db-61d3-4801-000000008600}</Data><Data Name='ParentProcessId'>11916</Data><Data Name='ParentImage'>C:\Program Files (x86)\Microsoft\Edge\Application\msedge.exe</Data><Data Name='ParentCommandLine'>"C:\Program Files (x86)\Microsoft\Edge\Application\msedge.exe" --no-startup-window --win-session-start /prefetch:5</Data><Data Name='ParentUser'>DESKTOP-JP20VPR\BobWe</Data></EventData></Event><Event xmlns='http://schemas.microsoft.com/win/2004/08/events/event'><System><Provider Name='Microsoft-Windows-Sysmon' Guid='{5770385f-c22a-43e0-bf4c-06f5698ffbd9}'/><EventID>1</EventID><Version>5</Version><Level>4</Level><Task>1</Task><Opcode>0</Opcode><Keywords>0x8000000000000000</Keywords><TimeCreated SystemTime='2022-01-04T05:25:26.0174534Z'/><EventRecordID>1658</EventRecordID><Correlation/><Execution ProcessID='14108' ThreadID='3560'/><Channel>Microsoft-Windows-Sysmon/Operational</Channel><Computer>DESKTOP-JP20VPR</Computer><Security UserID='S-1-5-18'/></System><EventData><Data Name='RuleName'>-</Data><Data Name='UtcTime'>2022-01-04 05:25:26.016</Data><Data Name='ProcessGuid'>{ec47ca29-da46-61d3-2d06-000000008600}</Data><Data Name='ProcessId'>12992</Data><Data Name='Image'>C:\Windows\System32\svchost.exe</Data><Data Name='FileVersion'>10.0.19041.546 (WinBuild.160101.0800)</Data><Data Name='Description'>Host Process for Windows Services</Data><Data Name='Product'>Microsoft® Windows® Operating System</Data><Data Name='Company'>Microsoft Corporation</Data><Data Name='OriginalFileName'>svchost.exe</Data><Data Name='CommandLine'>C:\Windows\system32\svchost.exe -k netsvcs -p -s wlidsvc</Data><Data Name='CurrentDirectory'>C:\Windows\system32\</Data><Data Name='User'>NT AUTHORITY\SYSTEM</Data><Data Name='LogonGuid'>{ec47ca29-70be-61d3-e703-000000000000}</Data><Data Name='LogonId'>0x3e7</Data><Data Name='TerminalSessionId'>0</Data><Data Name='IntegrityLevel'>System</Data><Data Name='Hashes'>SHA256=643EC58E82E0272C97C2A59F6020970D881AF19C0AD5029DB9C958C13B6558C7</Data><Data Name='ParentProcessGuid'>{00000000-0000-0000-0000-000000000000}</Data><Data Name='ParentProcessId'>944</Data><Data Name='ParentImage'>-</Data><Data Name='ParentCommandLine'>-</Data><Data Name='ParentUser'>-</Data></EventData></Event><Event xmlns='http://schemas.microsoft.com/win/2004/08/events/event'><System><Provider Name='Microsoft-Windows-Sysmon' Guid='{5770385f-c22a-43e0-bf4c-06f5698ffbd9}'/><EventID>5</EventID><Version>3</Version><Level>4</Level><Task>5</Task><Opcode>0</Opcode><Keywords>0x8000000000000000</Keywords><TimeCreated SystemTime='2022-01-04T05:25:22.3186622Z'/><EventRecordID>1657</EventRecordID><Correlation/><Execution ProcessID='14108' ThreadID='3560'/><Channel>Microsoft-Windows-Sysmon/Operational</Channel><Computer>DESKTOP-JP20VPR</Computer><Security UserID='S-1-5-18'/></System><EventData><Data Name='RuleName'>-</Data><Data Name='UtcTime'>2022-01-04 05:25:22.318</Data><Data Name='ProcessGuid'>{ec47ca29-d916-61d3-2806-000000008600}</Data><Data Name='ProcessId'>19336</Data><Data Name='Image'>C:\Windows\System32\svchost.exe</Data><Data Name='User'>NT AUTHORITY\SYSTEM</Data></EventData></Event><Event xmlns='http://schemas.microsoft.com/win/2004/08/events/event'><System><Provider Name='Microsoft-Windows-Sysmon' Guid='{5770385f-c22a-43e0-bf4c-06f5698ffbd9}'/><EventID>5</EventID><Version>3</Version><Level>4</Level><Task>5</Task><Opcode>0</Opcode><Keywords>0x8000000000000000</Keywords><TimeCreated SystemTime='2022-01-04T05:24:02.5879804Z'/><EventRecordID>1656</EventRecordID><Correlation/><Execution ProcessID='14108' ThreadID='3560'/><Channel>Microsoft-Windows-Sysmon/Operational</Channel><Computer>DESKTOP-JP20VPR</Computer><Security UserID='S-1-5-18'/></System><EventData><Data Name='RuleName'>-</Data><Data Name='UtcTime'>2022-01-04 05:24:02.587</Data><Data Name='ProcessGuid'>{ec47ca29-d9f2-61d3-2c06-000000008600}</Data><Data Name='ProcessId'>1040</Data><Data Name='Image'>C:\Program Files (x86)\Microsoft\EdgeUpdate\MicrosoftEdgeUpdate.exe</Data><Data Name='User'>NT AUTHORITY\SYSTEM</Data></EventData></Event><Event xmlns='http://schemas.microsoft.com/win/2004/08/events/event'><System><Provider Name='Microsoft-Windows-Sysmon' Guid='{5770385f-c22a-43e0-bf4c-06f5698ffbd9}'/><EventID>1</EventID><Version>5</Version><Level>4</Level><Task>1</Task><Opcode>0</Opcode><Keywords>0x8000000000000000</Keywords><TimeCreated SystemTime='2022-01-04T05:24:02.5148225Z'/><EventRecordID>1655</EventRecordID><Correlation/><Execution ProcessID='14108' ThreadID='3560'/><Channel>Microsoft-Windows-Sysmon/Operational</Channel><Computer>DESKTOP-JP20VPR</Computer><Security UserID='S-1-5-18'/></System><EventData><Data Name='RuleName'>-</Data><Data Name='UtcTime'>2022-01-04 05:24:02.511</Data><Data Name='ProcessGuid'>{ec47ca29-d9f2-61d3-2c06-000000008600}</Data><Data Name='ProcessId'>1040</Data><Data Name='Image'>C:\Program Files (x86)\Microsoft\EdgeUpdate\MicrosoftEdgeUpdate.exe</Data><Data Name='FileVersion'>1.3.119.43</Data><Data Name='Description'>Microsoft Edge Update</Data><Data Name='Product'>Microsoft Edge Update</Data><Data Name='Company'>Microsoft Corporation</Data><Data Name='OriginalFileName'>msedgeupdate.dll</Data><Data Name='CommandLine'>"C:\Program Files (x86)\Microsoft\EdgeUpdate\MicrosoftEdgeUpdate.exe" /ua /installsource scheduler</Data><Data Name='CurrentDirectory'>C:\Windows\system32\</Data><Data Name='User'>NT AUTHORITY\SYSTEM</Data><Data Name='LogonGuid'>{ec47ca29-70be-61d3-e703-000000000000}</Data><Data Name='LogonId'>0x3e7</Data><Data Name='TerminalSessionId'>0</Data><Data Name='IntegrityLevel'>System</Data><Data Name='Hashes'>SHA256=7209D144D97CA57288E829FB5F026B5C4576433AAA7F5FB0ADC6504A33B21656</Data><Data Name='ParentProcessGuid'>{ec47ca29-70bf-61d3-1c00-000000008600}</Data><Data Name='ParentProcessId'>1716</Data><Data Name='ParentImage'>C:\Windows\System32\svchost.exe</Data><Data Name='ParentCommandLine'>C:\Windows\system32\svchost.exe -k netsvcs -p -s Schedule</Data><Data Name='ParentUser'>NT AUTHORITY\SYSTEM</Data></EventData></Event><Event xmlns='http://schemas.microsoft.com/win/2004/08/events/event'><System><Provider Name='Microsoft-Windows-Sysmon' Guid='{5770385f-c22a-43e0-bf4c-06f5698ffbd9}'/><EventID>5</EventID><Version>3</Version><Level>4</Level><Task>5</Task><Opcode>0</Opcode><Keywords>0x8000000000000000</Keywords><TimeCreated SystemTime='2022-01-04T05:21:52.4649513Z'/><EventRecordID>1654</EventRecordID><Correlation/><Execution ProcessID='14108' ThreadID='3560'/><Channel>Microsoft-Windows-Sysmon/Operational</Channel><Computer>DESKTOP-JP20VPR</Computer><Security UserID='S-1-5-18'/></System><EventData><Data Name='RuleName'>-</Data><Data Name='UtcTime'>2022-01-04 05:21:52.464</Data><Data Name='ProcessGuid'>{ec47ca29-d916-61d3-2b06-000000008600}</Data><Data Name='ProcessId'>4360</Data><Data Name='Image'>C:\Windows\System32\RuntimeBroker.exe</Data><Data Name='User'>DESKTOP-JP20VPR\BobWe</Data></EventData></Event><Event xmlns='http://schemas.microsoft.com/win/2004/08/events/event'><System><Provider Name='Microsoft-Windows-Sysmon' Guid='{5770385f-c22a-43e0-bf4c-06f5698ffbd9}'/><EventID>5</EventID><Version>3</Version><Level>4</Level><Task>5</Task><Opcode>0</Opcode><Keywords>0x8000000000000000</Keywords><TimeCreated SystemTime='2022-01-04T05:21:22.4554051Z'/><EventRecordID>1653</EventRecordID><Correlation/><Execution ProcessID='14108' ThreadID='3560'/><Channel>Microsoft-Windows-Sysmon/Operational</Channel><Computer>DESKTOP-JP20VPR</Computer><Security UserID='S-1-5-18'/></System><EventData><Data Name='RuleName'>-</Data><Data Name='UtcTime'>2022-01-04 05:21:22.454</Data><Data Name='ProcessGuid'>{ec47ca29-d916-61d3-2906-000000008600}</Data><Data Name='ProcessId'>4148</Data><Data Name='Image'>C:\Windows\System32\backgroundTaskHost.exe</Data><Data Name='User'>DESKTOP-JP20VPR\BobWe</Data></EventData></Event><Event xmlns='http://schemas.microsoft.com/win/2004/08/events/event'><System><Provider Name='Microsoft-Windows-Sysmon' Guid='{5770385f-c22a-43e0-bf4c-06f5698ffbd9}'/><EventID>1</EventID><Version>5</Version><Level>4</Level><Task>1</Task><Opcode>0</Opcode><Keywords>0x8000000000000000</Keywords><TimeCreated SystemTime='2022-01-04T05:20:22.4098489Z'/><EventRecordID>1652</EventRecordID><Correlation/><Execution ProcessID='14108' ThreadID='3560'/><Channel>Microsoft-Windows-Sysmon/Operational</Channel><Computer>DESKTOP-JP20VPR</Computer><Security UserID='S-1-5-18'/></System><EventData><Data Name='RuleName'>-</Data><Data Name='UtcTime'>2022-01-04 05:20:22.408</Data><Data Name='ProcessGuid'>{ec47ca29-d916-61d3-2b06-000000008600}</Data><Data Name='ProcessId'>4360</Data><Data Name='Image'>C:\Windows\System32\RuntimeBroker.exe</Data><Data Name='FileVersion'>10.0.19041.746 (WinBuild.160101.0800)</Data><Data Name='Description'>Runtime Broker</Data><Data Name='Product'>Microsoft® Windows® Operating System</Data><Data Name='Company'>Microsoft Corporation</Data><Data Name='OriginalFileName'>RuntimeBroker.exe</Data><Data Name='CommandLine'>C:\Windows\System32\RuntimeBroker.exe -Embedding</Data><Data Name='CurrentDirectory'>C:\Windows\system32\</Data><Data Name='User'>DESKTOP-JP20VPR\BobWe</Data><Data Name='LogonGuid'>{ec47ca29-70bf-61d3-9db4-020000000000}</Data><Data Name='LogonId'>0x2b49d</Data><Data Name='TerminalSessionId'>1</Data><Data Name='IntegrityLevel'>Medium</Data><Data Name='Hashes'>SHA256=E86870769EE6C797E09457BD99C58D9BF2303CF0193A24EF9B1222C2C3DAF628</Data><Data Name='ParentProcessGuid'>{ec47ca29-70be-61d3-0d00-000000008600}</Data><Data Name='ParentProcessId'>1056</Data><Data Name='ParentImage'>C:\Windows\System32\svchost.exe</Data><Data Name='ParentCommandLine'>C:\Windows\system32\svchost.exe -k DcomLaunch -p</Data><Data Name='ParentUser'>NT AUTHORITY\SYSTEM</Data></EventData></Event><Event xmlns='http://schemas.microsoft.com/win/2004/08/events/event'><System><Provider Name='Microsoft-Windows-Sysmon' Guid='{5770385f-c22a-43e0-bf4c-06f5698ffbd9}'/><EventID>1</EventID><Version>5</Version><Level>4</Level><Task>1</Task><Opcode>0</Opcode><Keywords>0x8000000000000000</Keywords><TimeCreated SystemTime='2022-01-04T05:20:22.3241580Z'/><EventRecordID>1651</EventRecordID><Correlation/><Execution ProcessID='14108' ThreadID='3560'/><Channel>Microsoft-Windows-Sysmon/Operational</Channel><Computer>DESKTOP-JP20VPR</Computer><Security UserID='S-1-5-18'/></System><EventData><Data Name='RuleName'>-</Data><Data Name='UtcTime'>2022-01-04 05:20:22.321</Data><Data Name='ProcessGuid'>{ec47ca29-d916-61d3-2a06-000000008600}</Data><Data Name='ProcessId'>19056</Data><Data Name='Image'>C:\Windows\System32\svchost.exe</Data><Data Name='FileVersion'>10.0.19041.546 (WinBuild.160101.0800)</Data><Data Name='Description'>Host Process for Windows Services</Data><Data Name='Product'>Microsoft® Windows® Operating System</Data><Data Name='Company'>Microsoft Corporation</Data><Data Name='OriginalFileName'>svchost.exe</Data><Data Name='CommandLine'>C:\Windows\System32\svchost.exe -k wsappx -p -s ClipSVC</Data><Data Name='CurrentDirectory'>C:\Windows\system32\</Data><Data Name='User'>NT AUTHORITY\SYSTEM</Data><Data Name='LogonGuid'>{ec47ca29-70be-61d3-e703-000000000000}</Data><Data Name='LogonId'>0x3e7</Data><Data Name='TerminalSessionId'>0</Data><Data Name='IntegrityLevel'>System</Data><Data Name='Hashes'>SHA256=643EC58E82E0272C97C2A59F6020970D881AF19C0AD5029DB9C958C13B6558C7</Data><Data Name='ParentProcessGuid'>{00000000-0000-0000-0000-000000000000}</Data><Data Name='ParentProcessId'>944</Data><Data Name='ParentImage'>-</Data><Data Name='ParentCommandLine'>-</Data><Data Name='ParentUser'>-</Data></EventData></Event><Event xmlns='http://schemas.microsoft.com/win/2004/08/events/event'><System><Provider Name='Microsoft-Windows-Sysmon' Guid='{5770385f-c22a-43e0-bf4c-06f5698ffbd9}'/><EventID>1</EventID><Version>5</Version><Level>4</Level><Task>1</Task><Opcode>0</Opcode><Keywords>0x8000000000000000</Keywords><TimeCreated SystemTime='2022-01-04T05:20:22.3184138Z'/><EventRecordID>1650</EventRecordID><Correlation/><Execution ProcessID='14108' ThreadID='3560'/><Channel>Microsoft-Windows-Sysmon/Operational</Channel><Computer>DESKTOP-JP20VPR</Computer><Security UserID='S-1-5-18'/></System><EventData><Data Name='RuleName'>-</Data><Data Name='UtcTime'>2022-01-04 05:20:22.315</Data><Data Name='ProcessGuid'>{ec47ca29-d916-61d3-2906-000000008600}</Data><Data Name='ProcessId'>4148</Data><Data Name='Image'>C:\Windows\System32\backgroundTaskHost.exe</Data><Data Name='FileVersion'>10.0.19041.546 (WinBuild.160101.0800)</Data><Data Name='Description'>Background Task Host</Data><Data Name='Product'>Microsoft® Windows® Operating System</Data><Data Name='Company'>Microsoft Corporation</Data><Data Name='OriginalFileName'>backgroundTaskHost.exe</Data><Data Name='CommandLine'>"C:\Windows\system32\backgroundTaskHost.exe" -ServerName:Microsoft.MicrosoftOfficeHub.AppX54h2e8jwdm50fj5ha8987vz1etpx7czd.mca</Data><Data Name='CurrentDirectory'>C:\Program Files\WindowsApps\Microsoft.MicrosoftOfficeHub_18.2110.13110.0_x64__8wekyb3d8bbwe\</Data><Data Name='User'>DESKTOP-JP20VPR\BobWe</Data><Data Name='LogonGuid'>{ec47ca29-70bf-61d3-9db4-020000000000}</Data><Data Name='LogonId'>0x2b49d</Data><Data Name='TerminalSessionId'>1</Data><Data Name='IntegrityLevel'>AppContainer</Data><Data Name='Hashes'>SHA256=20330D3CA71D58F4AEB432676CB6A3D5B97005954E45132FB083E90782EFDD50</Data><Data Name='ParentProcessGuid'>{ec47ca29-70be-61d3-0d00-000000008600}</Data><Data Name='ParentProcessId'>1056</Data><Data Name='ParentImage'>C:\Windows\System32\svchost.exe</Data><Data Name='ParentCommandLine'>C:\Windows\system32\svchost.exe -k DcomLaunch -p</Data><Data Name='ParentUser'>NT AUTHORITY\SYSTEM</Data></EventData></Event><Event xmlns='http://schemas.microsoft.com/win/2004/08/events/event'><System><Provider Name='Microsoft-Windows-Sysmon' Guid='{5770385f-c22a-43e0-bf4c-06f5698ffbd9}'/><EventID>1</EventID><Version>5</Version><Level>4</Level><Task>1</Task><Opcode>0</Opcode><Keywords>0x8000000000000000</Keywords><TimeCreated SystemTime='2022-01-04T05:20:22.2227953Z'/><EventRecordID>1649</EventRecordID><Correlation/><Execution ProcessID='14108' ThreadID='3560'/><Channel>Microsoft-Windows-Sysmon/Operational</Channel><Computer>DESKTOP-JP20VPR</Computer><Security UserID='S-1-5-18'/></System><EventData><Data Name='RuleName'>-</Data><Data Name='UtcTime'>2022-01-04 05:20:22.217</Data><Data Name='ProcessGuid'>{ec47ca29-d916-61d3-2806-000000008600}</Data><Data Name='ProcessId'>19336</Data><Data Name='Image'>C:\Windows\System32\svchost.exe</Data><Data Name='FileVersion'>10.0.19041.546 (WinBuild.160101.0800)</Data><Data Name='Description'>Host Process for Windows Services</Data><Data Name='Product'>Microsoft® Windows® Operating System</Data><Data Name='Company'>Microsoft Corporation</Data><Data Name='OriginalFileName'>svchost.exe</Data><Data Name='CommandLine'>C:\Windows\system32\svchost.exe -k wsappx -p -s AppXSvc</Data><Data Name='CurrentDirectory'>C:\Windows\system32\</Data><Data Name='User'>NT AUTHORITY\SYSTEM</Data><Data Name='LogonGuid'>{ec47ca29-70be-61d3-e703-000000000000}</Data><Data Name='LogonId'>0x3e7</Data><Data Name='TerminalSessionId'>0</Data><Data Name='IntegrityLevel'>System</Data><Data Name='Hashes'>SHA256=643EC58E82E0272C97C2A59F6020970D881AF19C0AD5029DB9C958C13B6558C7</Data><Data Name='ParentProcessGuid'>{00000000-0000-0000-0000-000000000000}</Data><Data Name='ParentProcessId'>944</Data><Data Name='ParentImage'>-</Data><Data Name='ParentCommandLine'>-</Data><Data Name='ParentUser'>-</Data></EventData></Event><Event xmlns='http://schemas.microsoft.com/win/2004/08/events/event'><System><Provider Name='Microsoft-Windows-Sysmon' Guid='{5770385f-c22a-43e0-bf4c-06f5698ffbd9}'/><EventID>5</EventID><Version>3</Version><Level>4</Level><Task>5</Task><Opcode>0</Opcode><Keywords>0x8000000000000000</Keywords><TimeCreated SystemTime='2022-01-04T05:20:11.9899078Z'/><EventRecordID>1648</EventRecordID><Correlation/><Execution ProcessID='14108' ThreadID='3560'/><Channel>Microsoft-Windows-Sysmon/Operational</Channel><Computer>DESKTOP-JP20VPR</Computer><Security UserID='S-1-5-18'/></System><EventData><Data Name='RuleName'>-</Data><Data Name='UtcTime'>2022-01-04 05:20:11.989</Data><Data Name='ProcessGuid'>{ec47ca29-d774-61d3-2506-000000008600}</Data><Data Name='ProcessId'>12064</Data><Data Name='Image'>C:\Program Files\Google\Chrome\Application\chrome.exe</Data><Data Name='User'>DESKTOP-JP20VPR\BobWe</Data></EventData></Event>