Information	1/4/2022 2:30:56 PM	Microsoft-Windows-Sysmon	1	Process Create (rule: ProcessCreate)	S-1-5-18	Microsoft-Windows-Sysmon/Operational		Info	DESKTOP-JP20VPR	14108	3560						00000000-0000-0000-0000-000000000000	00000000-0000-0000-0000-000000000000		"Process Create:
RuleName: -
UtcTime: 2022-01-04 19:30:56.253
ProcessGuid: {ec47ca29-a070-61d4-fd09-000000008600}
ProcessId: 3812
Image: D:\Users\BobWe\anaconda3\python.exe
FileVersion: 3.8.5
Description: Python
Product: Python
Company: Python Software Foundation
OriginalFileName: python.exe
CommandLine: D:\Users\BobWe\anaconda3\python.exe ""D:\Program Files\JetBrains\PyCharm Community Edition 2021.2.3\plugins\python-ce\helpers\generator3\__main__.py"" -d C:\Users\BobWe\AppData\Local\JetBrains\PyCharmCE2021.2\python_stubs\402694995 -s ""D:/Users/BobWe/anaconda3/DLLs;D:/Users/BobWe/anaconda3/Lib;D:/Users/BobWe/anaconda3/Lib/site-packages;D:/Users/BobWe/anaconda3/Lib/site-packages/win32;D:/Users/BobWe/anaconda3/Lib/site-packages/win32/lib;D:/Users/BobWe/anaconda3/Lib/site-packages/pythonwin;D:/Program Files/JetBrains/PyCharm Community Edition 2021.2.3/plugins/python-ce/helpers/typeshed/stdlib;D:/Program Files/JetBrains/PyCharm Community Edition 2021.2.3/plugins/python-ce/helpers/typeshed/stubs/jwt;D:/Program Files/JetBrains/PyCharm Community Edition 2021.2.3/plugins/python-ce/helpers/typeshed/stubs/six;D:/Program Files/JetBrains/PyCharm Community Edition 2021.2.3/plugins/python-ce/helpers/typeshed/stubs/mock;D:/Program Files/JetBrains/PyCharm Community Edition 2021.2.3/plugins/python-ce/helpers/typeshed/stubs/nmap;D:/Program Files/JetBrains/PyCharm Community Edition 2021.2.3/plugins/python-ce/helpers/typeshed/stubs/annoy;D:/Program Files/JetBrains/PyCharm Community Edition 2021.2.3/plugins/python-ce/helpers/typeshed/stubs/attrs;D:/Program Files/JetBrains/PyCharm Community Edition 2021.2.3/plugins/python-ce/helpers/typeshed/stubs/polib;D:/Program Files/JetBrains/PyCharm Community Edition 2021.2.3/plugins/python-ce/helpers/typeshed/stubs/retry;D:/Program Files/JetBrains/PyCharm Community Edition 2021.2.3/plugins/python-ce/helpers/typeshed/stubs/docopt;D:/Program Files/JetBrains/PyCharm Community Edition 2021.2.3/plugins/python-ce/helpers/typeshed/stubs/enum34;D:/Program Files/JetBrains/PyCharm Community Edition 2021.2.3/plugins/python-ce/helpers/typeshed/stubs/orjson;D:/Program Files/JetBrains/PyCharm Community Edition 2021.2.3/plugins/python-ce/helpers/typeshed/stubs/pysftp;D:/Program Files/JetBrains/PyCharm Community Edition 2021.2.3/plugins/python-ce/helpers/typeshed/stubs/xxhash;D:/Program Files/JetBrains/PyCharm Community Edition 2021.2.3/plugins/python-ce/helpers/typeshed/stubs/chardet;D:/Program Files/JetBrains/PyCharm Community Edition 2021.2.3/plugins/python-ce/helpers/typeshed/stubs/futures;D:/Program Files/JetBrains/PyCharm Community Edition 2021.2.3/plugins/python-ce/helpers/typeshed/stubs/pyaudio;D:/Program Files/JetBrains/PyCharm Community Edition 2021.2.3/plugins/python-ce/helpers/typeshed/stubs/tzlocal;D:/Program Files/JetBrains/PyCharm Community Edition 2021.2.3/plugins/python-ce/helpers/typeshed/stubs/aiofiles;D:/Program Files/JetBrains/PyCharm Community Edition 2021.2.3/plugins/python-ce/helpers/typeshed/stubs/colorama;D:/Program Files/JetBrains/PyCharm Community Edition 2021.2.3/plugins/python-ce/helpers/typeshed/stubs/filelock;D:/Program Files/JetBrains/PyCharm Community Edition 2021.2.3/plugins/python-ce/helpers/typeshed/stubs/Markdown;D:/Program Files/JetBrains/PyCharm Community Edition 2021.2.3/plugins/python-ce/helpers/typeshed/stubs/paramiko;D:/Program Files/JetBrains/PyCharm Community Edition 2021.2.3/plugins/python-ce/helpers/typeshed/stubs/pathlib2;D:/Program Files/JetBrains/PyCharm Community Edition 2021.2.3/plugins/python-ce/helpers/typeshed/stubs/requests;D:/Program Files/JetBrains/PyCharm Community Edition 2021.2.3/plugins/python-ce/helpers/typeshed/stubs/waitress;D:/Program Files/JetBrains/PyCharm Community Edition 2021.2.3/plugins/python-ce/helpers/typeshed/stubs/Werkzeug;D:/Program Files/JetBrains/PyCharm Community Edition 2021.2.3/plugins/python-ce/helpers/typeshed/stubs/freezegun;D:/Program Files/JetBrains/PyCharm Community Edition 2021.2.3/plugins/python-ce/helpers/typeshed/stubs/ipaddress;D:/Program Files/JetBrains/PyCharm Community Edition 2021.2.3/plugins/python-ce/helpers/typeshed/stubs/pyRFC3339;D:/Program Files/JetBrains/PyCharm Community Edition 2021.2.3/plugins/python-ce/helpers/typeshed/stubs/typed-ast;D:/Program Files/JetBrains/PyCharm Community Edition 2021.2.3/plugins/python-ce/helpers/typeshed/stubs/cachetools;D:/Program Files/JetBrains/PyCharm Community Edition 2021.2.3/plugins/python-ce/helpers/typeshed/stubs/Deprecated;D:/Program Files/JetBrains/PyCharm Community Edition 2021.2.3/plugins/python-ce/helpers/typeshed/stubs/frozendict;D:/Program Files/JetBrains/PyCharm Community Edition 2021.2.3/plugins/python-ce/helpers/typeshed/stubs/pyfarmhash;D:/Program Files/JetBrains/PyCharm Community Edition 2021.2.3/plugins/python-ce/helpers/typeshed/stubs/contextvars;D:/Program Files/JetBrains/PyCharm Community Edition 2021.2.3/plugins/python-ce/helpers/typeshed/stubs/JACK-Client;D:/Program Files/JetBrains/PyCharm Community Edition 2021.2.3/plugins/python-ce/helpers/typeshed/stubs/atomicwrites;D:/Program Files/JetBrains/PyCharm Community Edition 2021.2.3/plugins/python-ce/helpers/typeshed/stubs/cryptography;D:/Program Files/JetBrains/PyCharm Community Edition 2021.2.3/plugins/python-ce/helpers/typeshed/stubs/click-spinner;D:/Program Files/JetBrains/PyCharm Community Edition 2021.2.3/plugins/python-ce/helpers/typeshed/stubs/DateTimeRange;D:/Program Files/JetBrains/PyCharm Community Edition 2021.2.3/plugins/python-ce/helpers/typeshed/stubs/pkg_resources;D:/Program Files/JetBrains/PyCharm Community Edition 2021.2.3/plugins/python-ce/helpers/typeshed/stubs/python-gflags;D:/Program Files/JetBrains/PyCharm Community Edition 2021.2.3/plugins/python-ce/helpers/typeshed/stubs/python-slugify;D:/Program Files/JetBrains/PyCharm Community Edition 2021.2.3/plugins/python-ce/helpers/typeshed/stubs/python-dateutil""
CurrentDirectory: D:\Users\BobWe\anaconda3\
User: DESKTOP-JP20VPR\BobWe
LogonGuid: {ec47ca29-70bf-61d3-9db4-020000000000}
LogonId: 0x2B49D
TerminalSessionId: 1
IntegrityLevel: Medium
Hashes: SHA256=CD0BDE1121A87F11DDD930487B3E94DEEE8F1751C7BAF46099B7E56DF9C1862D
ParentProcessGuid: {ec47ca29-a04c-61d4-ba09-000000008600}
ParentProcessId: 9976
ParentImage: D:\Program Files\JetBrains\PyCharm Community Edition 2021.2.3\bin\pycharm64.exe
ParentCommandLine: ""D:\Program Files\JetBrains\PyCharm Community Edition 2021.2.3\bin\pycharm64.exe"" 
ParentUser: DESKTOP-JP20VPR\BobWe"
Information	1/4/2022 2:30:55 PM	Microsoft-Windows-Sysmon	5	Process terminated (rule: ProcessTerminate)	S-1-5-18	Microsoft-Windows-Sysmon/Operational		Info	DESKTOP-JP20VPR	14108	3560						00000000-0000-0000-0000-000000000000	00000000-0000-0000-0000-000000000000		"Process terminated:
RuleName: -
UtcTime: 2022-01-04 19:30:55.972
ProcessGuid: {ec47ca29-a06f-61d4-fc09-000000008600}
ProcessId: 18352
Image: C:\Windows\System32\conhost.exe
User: DESKTOP-JP20VPR\BobWe"
Information	1/4/2022 2:30:55 PM	Microsoft-Windows-Sysmon	5	Process terminated (rule: ProcessTerminate)	S-1-5-18	Microsoft-Windows-Sysmon/Operational		Info	DESKTOP-JP20VPR	14108	3560						00000000-0000-0000-0000-000000000000	00000000-0000-0000-0000-000000000000		"Process terminated:
RuleName: -
UtcTime: 2022-01-04 19:30:55.971
ProcessGuid: {ec47ca29-a06f-61d4-fb09-000000008600}
ProcessId: 11280
Image: D:\Users\BobWe\anaconda3\python.exe
User: DESKTOP-JP20VPR\BobWe"
Information	1/4/2022 2:30:55 PM	Microsoft-Windows-Sysmon	1	Process Create (rule: ProcessCreate)	S-1-5-18	Microsoft-Windows-Sysmon/Operational		Info	DESKTOP-JP20VPR	14108	3560						00000000-0000-0000-0000-000000000000	00000000-0000-0000-0000-000000000000		"Process Create:
RuleName: -
UtcTime: 2022-01-04 19:30:55.912
ProcessGuid: {ec47ca29-a06f-61d4-fc09-000000008600}
ProcessId: 18352
Image: C:\Windows\System32\conhost.exe
FileVersion: 10.0.19041.1320 (WinBuild.160101.0800)
Description: Console Window Host
Product: Microsoft® Windows® Operating System
Company: Microsoft Corporation
OriginalFileName: CONHOST.EXE
CommandLine: \??\C:\Windows\system32\conhost.exe 0xffffffff -ForceV1
CurrentDirectory: C:\Windows
User: DESKTOP-JP20VPR\BobWe
LogonGuid: {ec47ca29-70bf-61d3-9db4-020000000000}
LogonId: 0x2B49D
TerminalSessionId: 1
IntegrityLevel: Medium
Hashes: SHA256=22117361C2C34CB18BEEE2CA9770B3AA6C8D032A0941991454DD222BEC6D9295
ParentProcessGuid: {ec47ca29-a06f-61d4-fb09-000000008600}
ParentProcessId: 11280
ParentImage: D:\Users\BobWe\anaconda3\python.exe
ParentCommandLine: D:\Users\BobWe\anaconda3\python.exe ""D:\Program Files\JetBrains\PyCharm Community Edition 2021.2.3\plugins\python-ce\helpers\syspath.py""
ParentUser: DESKTOP-JP20VPR\BobWe"
Information	1/4/2022 2:30:55 PM	Microsoft-Windows-Sysmon	1	Process Create (rule: ProcessCreate)	S-1-5-18	Microsoft-Windows-Sysmon/Operational		Info	DESKTOP-JP20VPR	14108	3560						00000000-0000-0000-0000-000000000000	00000000-0000-0000-0000-000000000000		"Process Create:
RuleName: -
UtcTime: 2022-01-04 19:30:55.910
ProcessGuid: {ec47ca29-a06f-61d4-fb09-000000008600}
ProcessId: 11280
Image: D:\Users\BobWe\anaconda3\python.exe
FileVersion: 3.8.5
Description: Python
Product: Python
Company: Python Software Foundation
OriginalFileName: python.exe
CommandLine: D:\Users\BobWe\anaconda3\python.exe ""D:\Program Files\JetBrains\PyCharm Community Edition 2021.2.3\plugins\python-ce\helpers\syspath.py""
CurrentDirectory: D:\Users\BobWe\anaconda3\
User: DESKTOP-JP20VPR\BobWe
LogonGuid: {ec47ca29-70bf-61d3-9db4-020000000000}
LogonId: 0x2B49D
TerminalSessionId: 1
IntegrityLevel: Medium
Hashes: SHA256=CD0BDE1121A87F11DDD930487B3E94DEEE8F1751C7BAF46099B7E56DF9C1862D
ParentProcessGuid: {ec47ca29-a04c-61d4-ba09-000000008600}
ParentProcessId: 9976
ParentImage: D:\Program Files\JetBrains\PyCharm Community Edition 2021.2.3\bin\pycharm64.exe
ParentCommandLine: ""D:\Program Files\JetBrains\PyCharm Community Edition 2021.2.3\bin\pycharm64.exe"" 
ParentUser: DESKTOP-JP20VPR\BobWe"
Information	1/4/2022 2:30:55 PM	Microsoft-Windows-Sysmon	5	Process terminated (rule: ProcessTerminate)	S-1-5-18	Microsoft-Windows-Sysmon/Operational		Info	DESKTOP-JP20VPR	14108	3560						00000000-0000-0000-0000-000000000000	00000000-0000-0000-0000-000000000000		"Process terminated:
RuleName: -
UtcTime: 2022-01-04 19:30:55.693
ProcessGuid: {ec47ca29-a06f-61d4-fa09-000000008600}
ProcessId: 1604
Image: C:\Windows\System32\conhost.exe
User: DESKTOP-JP20VPR\BobWe"
Information	1/4/2022 2:30:55 PM	Microsoft-Windows-Sysmon	5	Process terminated (rule: ProcessTerminate)	S-1-5-18	Microsoft-Windows-Sysmon/Operational		Info	DESKTOP-JP20VPR	14108	3560						00000000-0000-0000-0000-000000000000	00000000-0000-0000-0000-000000000000		"Process terminated:
RuleName: -
UtcTime: 2022-01-04 19:30:55.691
ProcessGuid: {ec47ca29-a06f-61d4-f909-000000008600}
ProcessId: 17056
Image: D:\Users\BobWe\anaconda3\python.exe
User: DESKTOP-JP20VPR\BobWe"
Information	1/4/2022 2:30:55 PM	Microsoft-Windows-Sysmon	1	Process Create (rule: ProcessCreate)	S-1-5-18	Microsoft-Windows-Sysmon/Operational		Info	DESKTOP-JP20VPR	14108	3560						00000000-0000-0000-0000-000000000000	00000000-0000-0000-0000-000000000000		"Process Create:
RuleName: -
UtcTime: 2022-01-04 19:30:55.659
ProcessGuid: {ec47ca29-a06f-61d4-fa09-000000008600}
ProcessId: 1604
Image: C:\Windows\System32\conhost.exe
FileVersion: 10.0.19041.1320 (WinBuild.160101.0800)
Description: Console Window Host
Product: Microsoft® Windows® Operating System
Company: Microsoft Corporation
OriginalFileName: CONHOST.EXE
CommandLine: \??\C:\Windows\system32\conhost.exe 0xffffffff -ForceV1
CurrentDirectory: C:\Windows
User: DESKTOP-JP20VPR\BobWe
LogonGuid: {ec47ca29-70bf-61d3-9db4-020000000000}
LogonId: 0x2B49D
TerminalSessionId: 1
IntegrityLevel: Medium
Hashes: SHA256=22117361C2C34CB18BEEE2CA9770B3AA6C8D032A0941991454DD222BEC6D9295
ParentProcessGuid: {ec47ca29-a06f-61d4-f909-000000008600}
ParentProcessId: 17056
ParentImage: D:\Users\BobWe\anaconda3\python.exe
ParentCommandLine: D:\Users\BobWe\anaconda3\python.exe -V
ParentUser: DESKTOP-JP20VPR\BobWe"
Information	1/4/2022 2:30:55 PM	Microsoft-Windows-Sysmon	1	Process Create (rule: ProcessCreate)	S-1-5-18	Microsoft-Windows-Sysmon/Operational		Info	DESKTOP-JP20VPR	14108	3560						00000000-0000-0000-0000-000000000000	00000000-0000-0000-0000-000000000000		"Process Create:
RuleName: -
UtcTime: 2022-01-04 19:30:55.656
ProcessGuid: {ec47ca29-a06f-61d4-f909-000000008600}
ProcessId: 17056
Image: D:\Users\BobWe\anaconda3\python.exe
FileVersion: 3.8.5
Description: Python
Product: Python
Company: Python Software Foundation
OriginalFileName: python.exe
CommandLine: D:\Users\BobWe\anaconda3\python.exe -V
CurrentDirectory: D:\Users\BobWe\anaconda3\
User: DESKTOP-JP20VPR\BobWe
LogonGuid: {ec47ca29-70bf-61d3-9db4-020000000000}
LogonId: 0x2B49D
TerminalSessionId: 1
IntegrityLevel: Medium
Hashes: SHA256=CD0BDE1121A87F11DDD930487B3E94DEEE8F1751C7BAF46099B7E56DF9C1862D
ParentProcessGuid: {ec47ca29-a04c-61d4-ba09-000000008600}
ParentProcessId: 9976
ParentImage: D:\Program Files\JetBrains\PyCharm Community Edition 2021.2.3\bin\pycharm64.exe
ParentCommandLine: ""D:\Program Files\JetBrains\PyCharm Community Edition 2021.2.3\bin\pycharm64.exe"" 
ParentUser: DESKTOP-JP20VPR\BobWe"
Information	1/4/2022 2:30:55 PM	Microsoft-Windows-Sysmon	5	Process terminated (rule: ProcessTerminate)	S-1-5-18	Microsoft-Windows-Sysmon/Operational		Info	DESKTOP-JP20VPR	14108	3560						00000000-0000-0000-0000-000000000000	00000000-0000-0000-0000-000000000000		"Process terminated:
RuleName: -
UtcTime: 2022-01-04 19:30:55.225
ProcessGuid: {ec47ca29-a06e-61d4-f809-000000008600}
ProcessId: 5328
Image: C:\Windows\System32\conhost.exe
User: DESKTOP-JP20VPR\BobWe"
Information	1/4/2022 2:30:55 PM	Microsoft-Windows-Sysmon	5	Process terminated (rule: ProcessTerminate)	S-1-5-18	Microsoft-Windows-Sysmon/Operational		Info	DESKTOP-JP20VPR	14108	3560						00000000-0000-0000-0000-000000000000	00000000-0000-0000-0000-000000000000		"Process terminated:
RuleName: -
UtcTime: 2022-01-04 19:30:55.224
ProcessGuid: {ec47ca29-a06e-61d4-f709-000000008600}
ProcessId: 16724
Image: C:\Windows\System32\WindowsPowerShell\v1.0\powershell.exe
User: DESKTOP-JP20VPR\BobWe"
Information	1/4/2022 2:30:54 PM	Microsoft-Windows-Sysmon	1	Process Create (rule: ProcessCreate)	S-1-5-18	Microsoft-Windows-Sysmon/Operational		Info	DESKTOP-JP20VPR	14108	3560						00000000-0000-0000-0000-000000000000	00000000-0000-0000-0000-000000000000		"Process Create:
RuleName: -
UtcTime: 2022-01-04 19:30:54.659
ProcessGuid: {ec47ca29-a06e-61d4-f809-000000008600}
ProcessId: 5328
Image: C:\Windows\System32\conhost.exe
FileVersion: 10.0.19041.1320 (WinBuild.160101.0800)
Description: Console Window Host
Product: Microsoft® Windows® Operating System
Company: Microsoft Corporation
OriginalFileName: CONHOST.EXE
CommandLine: \??\C:\Windows\system32\conhost.exe 0xffffffff -ForceV1
CurrentDirectory: C:\Windows
User: DESKTOP-JP20VPR\BobWe
LogonGuid: {ec47ca29-70bf-61d3-9db4-020000000000}
LogonId: 0x2B49D
TerminalSessionId: 1
IntegrityLevel: Medium
Hashes: SHA256=22117361C2C34CB18BEEE2CA9770B3AA6C8D032A0941991454DD222BEC6D9295
ParentProcessGuid: {ec47ca29-a06e-61d4-f709-000000008600}
ParentProcessId: 16724
ParentImage: C:\Windows\System32\WindowsPowerShell\v1.0\powershell.exe
ParentCommandLine: powershell -inputformat none -outputformat text -NonInteractive -Command ""Get-MpPreference | select -ExpandProperty \""ExclusionPath\""""
ParentUser: DESKTOP-JP20VPR\BobWe"
Information	1/4/2022 2:30:54 PM	Microsoft-Windows-Sysmon	1	Process Create (rule: ProcessCreate)	S-1-5-18	Microsoft-Windows-Sysmon/Operational		Info	DESKTOP-JP20VPR	14108	3560						00000000-0000-0000-0000-000000000000	00000000-0000-0000-0000-000000000000		"Process Create:
RuleName: -
UtcTime: 2022-01-04 19:30:54.656
ProcessGuid: {ec47ca29-a06e-61d4-f709-000000008600}
ProcessId: 16724
Image: C:\Windows\System32\WindowsPowerShell\v1.0\powershell.exe
FileVersion: 10.0.19041.546 (WinBuild.160101.0800)
Description: Windows PowerShell
Product: Microsoft® Windows® Operating System
Company: Microsoft Corporation
OriginalFileName: PowerShell.EXE
CommandLine: powershell -inputformat none -outputformat text -NonInteractive -Command ""Get-MpPreference | select -ExpandProperty \""ExclusionPath\""""
CurrentDirectory: D:\Program Files\JetBrains\PyCharm Community Edition 2021.2.3\jbr\bin\
User: DESKTOP-JP20VPR\BobWe
LogonGuid: {ec47ca29-70bf-61d3-9db4-020000000000}
LogonId: 0x2B49D
TerminalSessionId: 1
IntegrityLevel: Medium
Hashes: SHA256=9F914D42706FE215501044ACD85A32D58AAEF1419D404FDDFA5D3B48F66CCD9F
ParentProcessGuid: {ec47ca29-a04c-61d4-ba09-000000008600}
ParentProcessId: 9976
ParentImage: D:\Program Files\JetBrains\PyCharm Community Edition 2021.2.3\bin\pycharm64.exe
ParentCommandLine: ""D:\Program Files\JetBrains\PyCharm Community Edition 2021.2.3\bin\pycharm64.exe"" 
ParentUser: DESKTOP-JP20VPR\BobWe"
Information	1/4/2022 2:30:54 PM	Microsoft-Windows-Sysmon	5	Process terminated (rule: ProcessTerminate)	S-1-5-18	Microsoft-Windows-Sysmon/Operational		Info	DESKTOP-JP20VPR	14108	3560						00000000-0000-0000-0000-000000000000	00000000-0000-0000-0000-000000000000		"Process terminated:
RuleName: -
UtcTime: 2022-01-04 19:30:54.631
ProcessGuid: {ec47ca29-a06e-61d4-f609-000000008600}
ProcessId: 17964
Image: C:\Windows\System32\conhost.exe
User: DESKTOP-JP20VPR\BobWe"
Information	1/4/2022 2:30:54 PM	Microsoft-Windows-Sysmon	5	Process terminated (rule: ProcessTerminate)	S-1-5-18	Microsoft-Windows-Sysmon/Operational		Info	DESKTOP-JP20VPR	14108	3560						00000000-0000-0000-0000-000000000000	00000000-0000-0000-0000-000000000000		"Process terminated:
RuleName: -
UtcTime: 2022-01-04 19:30:54.629
ProcessGuid: {ec47ca29-a06e-61d4-f509-000000008600}
ProcessId: 17316
Image: C:\Windows\System32\WindowsPowerShell\v1.0\powershell.exe
User: DESKTOP-JP20VPR\BobWe"
Information	1/4/2022 2:30:54 PM	Microsoft-Windows-Sysmon	1	Process Create (rule: ProcessCreate)	S-1-5-18	Microsoft-Windows-Sysmon/Operational		Info	DESKTOP-JP20VPR	14108	3560						00000000-0000-0000-0000-000000000000	00000000-0000-0000-0000-000000000000		"Process Create:
RuleName: -
UtcTime: 2022-01-04 19:30:54.063
ProcessGuid: {ec47ca29-a06e-61d4-f609-000000008600}
ProcessId: 17964
Image: C:\Windows\System32\conhost.exe
FileVersion: 10.0.19041.1320 (WinBuild.160101.0800)
Description: Console Window Host
Product: Microsoft® Windows® Operating System
Company: Microsoft Corporation
OriginalFileName: CONHOST.EXE
CommandLine: \??\C:\Windows\system32\conhost.exe 0xffffffff -ForceV1
CurrentDirectory: C:\Windows
User: DESKTOP-JP20VPR\BobWe
LogonGuid: {ec47ca29-70bf-61d3-9db4-020000000000}
LogonId: 0x2B49D
TerminalSessionId: 1
IntegrityLevel: Medium
Hashes: SHA256=22117361C2C34CB18BEEE2CA9770B3AA6C8D032A0941991454DD222BEC6D9295
ParentProcessGuid: {ec47ca29-a06e-61d4-f509-000000008600}
ParentProcessId: 17316
ParentImage: C:\Windows\System32\WindowsPowerShell\v1.0\powershell.exe
ParentCommandLine: powershell -inputformat none -outputformat text -NonInteractive -Command ""Get-MpPreference | select -ExpandProperty \""ExclusionProcess\""""
ParentUser: DESKTOP-JP20VPR\BobWe"
Information	1/4/2022 2:30:54 PM	Microsoft-Windows-Sysmon	1	Process Create (rule: ProcessCreate)	S-1-5-18	Microsoft-Windows-Sysmon/Operational		Info	DESKTOP-JP20VPR	14108	3560						00000000-0000-0000-0000-000000000000	00000000-0000-0000-0000-000000000000		"Process Create:
RuleName: -
UtcTime: 2022-01-04 19:30:54.061
ProcessGuid: {ec47ca29-a06e-61d4-f509-000000008600}
ProcessId: 17316
Image: C:\Windows\System32\WindowsPowerShell\v1.0\powershell.exe
FileVersion: 10.0.19041.546 (WinBuild.160101.0800)
Description: Windows PowerShell
Product: Microsoft® Windows® Operating System
Company: Microsoft Corporation
OriginalFileName: PowerShell.EXE
CommandLine: powershell -inputformat none -outputformat text -NonInteractive -Command ""Get-MpPreference | select -ExpandProperty \""ExclusionProcess\""""
CurrentDirectory: D:\Program Files\JetBrains\PyCharm Community Edition 2021.2.3\jbr\bin\
User: DESKTOP-JP20VPR\BobWe
LogonGuid: {ec47ca29-70bf-61d3-9db4-020000000000}
LogonId: 0x2B49D
TerminalSessionId: 1
IntegrityLevel: Medium
Hashes: SHA256=9F914D42706FE215501044ACD85A32D58AAEF1419D404FDDFA5D3B48F66CCD9F
ParentProcessGuid: {ec47ca29-a04c-61d4-ba09-000000008600}
ParentProcessId: 9976
ParentImage: D:\Program Files\JetBrains\PyCharm Community Edition 2021.2.3\bin\pycharm64.exe
ParentCommandLine: ""D:\Program Files\JetBrains\PyCharm Community Edition 2021.2.3\bin\pycharm64.exe"" 
ParentUser: DESKTOP-JP20VPR\BobWe"
Information	1/4/2022 2:30:54 PM	Microsoft-Windows-Sysmon	5	Process terminated (rule: ProcessTerminate)	S-1-5-18	Microsoft-Windows-Sysmon/Operational		Info	DESKTOP-JP20VPR	14108	3560						00000000-0000-0000-0000-000000000000	00000000-0000-0000-0000-000000000000		"Process terminated:
RuleName: -
UtcTime: 2022-01-04 19:30:54.055
ProcessGuid: {ec47ca29-a06d-61d4-f309-000000008600}
ProcessId: 12896
Image: C:\Windows\System32\conhost.exe
User: DESKTOP-JP20VPR\BobWe"
Information	1/4/2022 2:30:54 PM	Microsoft-Windows-Sysmon	5	Process terminated (rule: ProcessTerminate)	S-1-5-18	Microsoft-Windows-Sysmon/Operational		Info	DESKTOP-JP20VPR	14108	3560						00000000-0000-0000-0000-000000000000	00000000-0000-0000-0000-000000000000		"Process terminated:
RuleName: -
UtcTime: 2022-01-04 19:30:54.053
ProcessGuid: {ec47ca29-a06d-61d4-f209-000000008600}
ProcessId: 2960
Image: C:\Windows\System32\WindowsPowerShell\v1.0\powershell.exe
User: DESKTOP-JP20VPR\BobWe"
Information	1/4/2022 2:30:53 PM	Microsoft-Windows-Sysmon	1	Process Create (rule: ProcessCreate)	S-1-5-18	Microsoft-Windows-Sysmon/Operational		Info	DESKTOP-JP20VPR	14108	3560						00000000-0000-0000-0000-000000000000	00000000-0000-0000-0000-000000000000		"Process Create:
RuleName: -
UtcTime: 2022-01-04 19:30:53.966
ProcessGuid: {ec47ca29-a06d-61d4-f409-000000008600}
ProcessId: 14620
Image: C:\Windows\System32\wbem\WmiPrvSE.exe
FileVersion: 10.0.19041.546 (WinBuild.160101.0800)
Description: WMI Provider Host
Product: Microsoft® Windows® Operating System
Company: Microsoft Corporation
OriginalFileName: Wmiprvse.exe
CommandLine: C:\Windows\system32\wbem\wmiprvse.exe -secured -Embedding
CurrentDirectory: C:\Windows\system32\
User: NT AUTHORITY\LOCAL SERVICE
LogonGuid: {ec47ca29-70be-61d3-e503-000000000000}
LogonId: 0x3E5
TerminalSessionId: 0
IntegrityLevel: System
Hashes: SHA256=2198A7B58BCCB758036B969DDAE6CC2ECE07565E2659A7C541A313A0492231A3
ParentProcessGuid: {ec47ca29-70be-61d3-0d00-000000008600}
ParentProcessId: 1056
ParentImage: C:\Windows\System32\svchost.exe
ParentCommandLine: C:\Windows\system32\svchost.exe -k DcomLaunch -p
ParentUser: NT AUTHORITY\SYSTEM"
Information	1/4/2022 2:30:53 PM	Microsoft-Windows-Sysmon	1	Process Create (rule: ProcessCreate)	S-1-5-18	Microsoft-Windows-Sysmon/Operational		Info	DESKTOP-JP20VPR	14108	3560						00000000-0000-0000-0000-000000000000	00000000-0000-0000-0000-000000000000		"Process Create:
RuleName: -
UtcTime: 2022-01-04 19:30:53.217
ProcessGuid: {ec47ca29-a06d-61d4-f309-000000008600}
ProcessId: 12896
Image: C:\Windows\System32\conhost.exe
FileVersion: 10.0.19041.1320 (WinBuild.160101.0800)
Description: Console Window Host
Product: Microsoft® Windows® Operating System
Company: Microsoft Corporation
OriginalFileName: CONHOST.EXE
CommandLine: \??\C:\Windows\system32\conhost.exe 0xffffffff -ForceV1
CurrentDirectory: C:\Windows
User: DESKTOP-JP20VPR\BobWe
LogonGuid: {ec47ca29-70bf-61d3-9db4-020000000000}
LogonId: 0x2B49D
TerminalSessionId: 1
IntegrityLevel: Medium
Hashes: SHA256=22117361C2C34CB18BEEE2CA9770B3AA6C8D032A0941991454DD222BEC6D9295
ParentProcessGuid: {ec47ca29-a06d-61d4-f209-000000008600}
ParentProcessId: 2960
ParentImage: C:\Windows\System32\WindowsPowerShell\v1.0\powershell.exe
ParentCommandLine: powershell -inputformat none -outputformat text -NonInteractive -Command ""Get-MpPreference | select -ExpandProperty \""DisableRealtimeMonitoring\""""
ParentUser: DESKTOP-JP20VPR\BobWe"
Information	1/4/2022 2:30:53 PM	Microsoft-Windows-Sysmon	1	Process Create (rule: ProcessCreate)	S-1-5-18	Microsoft-Windows-Sysmon/Operational		Info	DESKTOP-JP20VPR	14108	3560						00000000-0000-0000-0000-000000000000	00000000-0000-0000-0000-000000000000		"Process Create:
RuleName: -
UtcTime: 2022-01-04 19:30:53.209
ProcessGuid: {ec47ca29-a06d-61d4-f209-000000008600}
ProcessId: 2960
Image: C:\Windows\System32\WindowsPowerShell\v1.0\powershell.exe
FileVersion: 10.0.19041.546 (WinBuild.160101.0800)
Description: Windows PowerShell
Product: Microsoft® Windows® Operating System
Company: Microsoft Corporation
OriginalFileName: PowerShell.EXE
CommandLine: powershell -inputformat none -outputformat text -NonInteractive -Command ""Get-MpPreference | select -ExpandProperty \""DisableRealtimeMonitoring\""""
CurrentDirectory: D:\Program Files\JetBrains\PyCharm Community Edition 2021.2.3\jbr\bin\
User: DESKTOP-JP20VPR\BobWe
LogonGuid: {ec47ca29-70bf-61d3-9db4-020000000000}
LogonId: 0x2B49D
TerminalSessionId: 1
IntegrityLevel: Medium
Hashes: SHA256=9F914D42706FE215501044ACD85A32D58AAEF1419D404FDDFA5D3B48F66CCD9F
ParentProcessGuid: {ec47ca29-a04c-61d4-ba09-000000008600}
ParentProcessId: 9976
ParentImage: D:\Program Files\JetBrains\PyCharm Community Edition 2021.2.3\bin\pycharm64.exe
ParentCommandLine: ""D:\Program Files\JetBrains\PyCharm Community Edition 2021.2.3\bin\pycharm64.exe"" 
ParentUser: DESKTOP-JP20VPR\BobWe"
Information	1/4/2022 2:30:53 PM	Microsoft-Windows-Sysmon	5	Process terminated (rule: ProcessTerminate)	S-1-5-18	Microsoft-Windows-Sysmon/Operational		Info	DESKTOP-JP20VPR	14108	3560						00000000-0000-0000-0000-000000000000	00000000-0000-0000-0000-000000000000		"Process terminated:
RuleName: -
UtcTime: 2022-01-04 19:30:53.192
ProcessGuid: {ec47ca29-a06d-61d4-f109-000000008600}
ProcessId: 1544
Image: C:\Windows\System32\conhost.exe
User: DESKTOP-JP20VPR\BobWe"
Information	1/4/2022 2:30:53 PM	Microsoft-Windows-Sysmon	5	Process terminated (rule: ProcessTerminate)	S-1-5-18	Microsoft-Windows-Sysmon/Operational		Info	DESKTOP-JP20VPR	14108	3560						00000000-0000-0000-0000-000000000000	00000000-0000-0000-0000-000000000000		"Process terminated:
RuleName: -
UtcTime: 2022-01-04 19:30:53.190
ProcessGuid: {ec47ca29-a06d-61d4-f009-000000008600}
ProcessId: 18124
Image: C:\Windows\System32\wbem\WMIC.exe
User: DESKTOP-JP20VPR\BobWe"
Information	1/4/2022 2:30:53 PM	Microsoft-Windows-Sysmon	1	Process Create (rule: ProcessCreate)	S-1-5-18	Microsoft-Windows-Sysmon/Operational		Info	DESKTOP-JP20VPR	14108	3560						00000000-0000-0000-0000-000000000000	00000000-0000-0000-0000-000000000000		"Process Create:
RuleName: -
UtcTime: 2022-01-04 19:30:53.139
ProcessGuid: {ec47ca29-a06d-61d4-f109-000000008600}
ProcessId: 1544
Image: C:\Windows\System32\conhost.exe
FileVersion: 10.0.19041.1320 (WinBuild.160101.0800)
Description: Console Window Host
Product: Microsoft® Windows® Operating System
Company: Microsoft Corporation
OriginalFileName: CONHOST.EXE
CommandLine: \??\C:\Windows\system32\conhost.exe 0xffffffff -ForceV1
CurrentDirectory: C:\Windows
User: DESKTOP-JP20VPR\BobWe
LogonGuid: {ec47ca29-70bf-61d3-9db4-020000000000}
LogonId: 0x2B49D
TerminalSessionId: 1
IntegrityLevel: Medium
Hashes: SHA256=22117361C2C34CB18BEEE2CA9770B3AA6C8D032A0941991454DD222BEC6D9295
ParentProcessGuid: {ec47ca29-a06d-61d4-f009-000000008600}
ParentProcessId: 18124
ParentImage: C:\Windows\System32\wbem\WMIC.exe
ParentCommandLine: wmic /Namespace:\\root\SecurityCenter2 Path AntivirusProduct Get displayName,productState
ParentUser: DESKTOP-JP20VPR\BobWe"
Information	1/4/2022 2:30:53 PM	Microsoft-Windows-Sysmon	1	Process Create (rule: ProcessCreate)	S-1-5-18	Microsoft-Windows-Sysmon/Operational		Info	DESKTOP-JP20VPR	14108	3560						00000000-0000-0000-0000-000000000000	00000000-0000-0000-0000-000000000000		"Process Create:
RuleName: -
UtcTime: 2022-01-04 19:30:53.128
ProcessGuid: {ec47ca29-a06d-61d4-f009-000000008600}
ProcessId: 18124
Image: C:\Windows\System32\wbem\WMIC.exe
FileVersion: 10.0.19041.1 (WinBuild.160101.0800)
Description: WMI Commandline Utility
Product: Microsoft® Windows® Operating System
Company: Microsoft Corporation
OriginalFileName: wmic.exe
CommandLine: wmic /Namespace:\\root\SecurityCenter2 Path AntivirusProduct Get displayName,productState
CurrentDirectory: D:\Program Files\JetBrains\PyCharm Community Edition 2021.2.3\jbr\bin\
User: DESKTOP-JP20VPR\BobWe
LogonGuid: {ec47ca29-70bf-61d3-9db4-020000000000}
LogonId: 0x2B49D
TerminalSessionId: 1
IntegrityLevel: Medium
Hashes: SHA256=FA78C88DAC91FDF2EAC736E6900AC1EC4AB7A388B8F77A23FFA7E80A4AD29F5A
ParentProcessGuid: {ec47ca29-a04c-61d4-ba09-000000008600}
ParentProcessId: 9976
ParentImage: D:\Program Files\JetBrains\PyCharm Community Edition 2021.2.3\bin\pycharm64.exe
ParentCommandLine: ""D:\Program Files\JetBrains\PyCharm Community Edition 2021.2.3\bin\pycharm64.exe"" 
ParentUser: DESKTOP-JP20VPR\BobWe"
Information	1/4/2022 2:30:51 PM	Microsoft-Windows-Sysmon	5	Process terminated (rule: ProcessTerminate)	S-1-5-18	Microsoft-Windows-Sysmon/Operational		Info	DESKTOP-JP20VPR	14108	3560						00000000-0000-0000-0000-000000000000	00000000-0000-0000-0000-000000000000		"Process terminated:
RuleName: -
UtcTime: 2022-01-04 19:30:51.666
ProcessGuid: {ec47ca29-a06b-61d4-ed09-000000008600}
ProcessId: 8304
Image: C:\Windows\System32\conhost.exe
User: DESKTOP-JP20VPR\BobWe"
Information	1/4/2022 2:30:51 PM	Microsoft-Windows-Sysmon	5	Process terminated (rule: ProcessTerminate)	S-1-5-18	Microsoft-Windows-Sysmon/Operational		Info	DESKTOP-JP20VPR	14108	3560						00000000-0000-0000-0000-000000000000	00000000-0000-0000-0000-000000000000		"Process terminated:
RuleName: -
UtcTime: 2022-01-04 19:30:51.664
ProcessGuid: {ec47ca29-a06b-61d4-ec09-000000008600}
ProcessId: 10272
Image: D:\Program Files\JetBrains\PyCharm Community Edition 2021.2.3\bin\runnerw.exe
User: DESKTOP-JP20VPR\BobWe"
Information	1/4/2022 2:30:51 PM	Microsoft-Windows-Sysmon	5	Process terminated (rule: ProcessTerminate)	S-1-5-18	Microsoft-Windows-Sysmon/Operational		Info	DESKTOP-JP20VPR	14108	3560						00000000-0000-0000-0000-000000000000	00000000-0000-0000-0000-000000000000		"Process terminated:
RuleName: -
UtcTime: 2022-01-04 19:30:51.642
ProcessGuid: {ec47ca29-a06b-61d4-ee09-000000008600}
ProcessId: 9312
Image: C:\Program Files\Git\cmd\git.exe
User: DESKTOP-JP20VPR\BobWe"
Information	1/4/2022 2:30:51 PM	Microsoft-Windows-Sysmon	5	Process terminated (rule: ProcessTerminate)	S-1-5-18	Microsoft-Windows-Sysmon/Operational		Info	DESKTOP-JP20VPR	14108	3560						00000000-0000-0000-0000-000000000000	00000000-0000-0000-0000-000000000000		"Process terminated:
RuleName: -
UtcTime: 2022-01-04 19:30:51.641
ProcessGuid: {ec47ca29-a06b-61d4-ef09-000000008600}
ProcessId: 19280
Image: C:\Program Files\Git\mingw64\bin\git.exe
User: DESKTOP-JP20VPR\BobWe"
Information	1/4/2022 2:30:51 PM	Microsoft-Windows-Sysmon	1	Process Create (rule: ProcessCreate)	S-1-5-18	Microsoft-Windows-Sysmon/Operational		Info	DESKTOP-JP20VPR	14108	3560						00000000-0000-0000-0000-000000000000	00000000-0000-0000-0000-000000000000		"Process Create:
RuleName: -
UtcTime: 2022-01-04 19:30:51.632
ProcessGuid: {ec47ca29-a06b-61d4-ef09-000000008600}
ProcessId: 19280
Image: C:\Program Files\Git\mingw64\bin\git.exe
FileVersion: -
Description: Git for Windows
Product: Git
Company: The Git Development Community
OriginalFileName: git.exe
CommandLine: git.exe -c core.quotepath=false -c log.showSignature=false config --null --get user.email
CurrentDirectory: C:\Users\BobWe\OneDrive\Desktop\Projects\Projects2021\RummikubSimulator\
User: DESKTOP-JP20VPR\BobWe
LogonGuid: {ec47ca29-70bf-61d3-9db4-020000000000}
LogonId: 0x2B49D
TerminalSessionId: 1
IntegrityLevel: Medium
Hashes: SHA256=24A968B7F02C5B1168871E187F2C790B5D9511496226AD98327F9301532ED3D4
ParentProcessGuid: {ec47ca29-a06b-61d4-ee09-000000008600}
ParentProcessId: 9312
ParentImage: C:\Program Files\Git\cmd\git.exe
ParentCommandLine: ""C:\Program Files\Git\cmd\git.exe"" -c core.quotepath=false -c log.showSignature=false config --null --get user.email
ParentUser: DESKTOP-JP20VPR\BobWe"
Information	1/4/2022 2:30:51 PM	Microsoft-Windows-Sysmon	1	Process Create (rule: ProcessCreate)	S-1-5-18	Microsoft-Windows-Sysmon/Operational		Info	DESKTOP-JP20VPR	14108	3560						00000000-0000-0000-0000-000000000000	00000000-0000-0000-0000-000000000000		"Process Create:
RuleName: -
UtcTime: 2022-01-04 19:30:51.626
ProcessGuid: {ec47ca29-a06b-61d4-ee09-000000008600}
ProcessId: 9312
Image: C:\Program Files\Git\cmd\git.exe
FileVersion: -
Description: Git for Windows
Product: Git
Company: The Git Development Community
OriginalFileName: git.exe
CommandLine: ""C:\Program Files\Git\cmd\git.exe"" -c core.quotepath=false -c log.showSignature=false config --null --get user.email
CurrentDirectory: C:\Users\BobWe\OneDrive\Desktop\Projects\Projects2021\RummikubSimulator\
User: DESKTOP-JP20VPR\BobWe
LogonGuid: {ec47ca29-70bf-61d3-9db4-020000000000}
LogonId: 0x2B49D
TerminalSessionId: 1
IntegrityLevel: Medium
Hashes: SHA256=E5326C66D1FE8E8C66CCFE39068A450A7B8E1713F17957FC8FC947AF96386FC2
ParentProcessGuid: {ec47ca29-a06b-61d4-ec09-000000008600}
ParentProcessId: 10272
ParentImage: D:\Program Files\JetBrains\PyCharm Community Edition 2021.2.3\bin\runnerw.exe
ParentCommandLine: ""D:\Program Files\JetBrains\PyCharm Community Edition 2021.2.3\bin\runnerw.exe"" ""C:\Program Files\Git\cmd\git.exe"" -c core.quotepath=false -c log.showSignature=false config --null --get user.email
ParentUser: DESKTOP-JP20VPR\BobWe"
Information	1/4/2022 2:30:51 PM	Microsoft-Windows-Sysmon	1	Process Create (rule: ProcessCreate)	S-1-5-18	Microsoft-Windows-Sysmon/Operational		Info	DESKTOP-JP20VPR	14108	3560						00000000-0000-0000-0000-000000000000	00000000-0000-0000-0000-000000000000		"Process Create:
RuleName: -
UtcTime: 2022-01-04 19:30:51.605
ProcessGuid: {ec47ca29-a06b-61d4-ed09-000000008600}
ProcessId: 8304
Image: C:\Windows\System32\conhost.exe
FileVersion: 10.0.19041.1320 (WinBuild.160101.0800)
Description: Console Window Host
Product: Microsoft® Windows® Operating System
Company: Microsoft Corporation
OriginalFileName: CONHOST.EXE
CommandLine: \??\C:\Windows\system32\conhost.exe 0xffffffff -ForceV1
CurrentDirectory: C:\Windows
User: DESKTOP-JP20VPR\BobWe
LogonGuid: {ec47ca29-70bf-61d3-9db4-020000000000}
LogonId: 0x2B49D
TerminalSessionId: 1
IntegrityLevel: Medium
Hashes: SHA256=22117361C2C34CB18BEEE2CA9770B3AA6C8D032A0941991454DD222BEC6D9295
ParentProcessGuid: {ec47ca29-a06b-61d4-ec09-000000008600}
ParentProcessId: 10272
ParentImage: D:\Program Files\JetBrains\PyCharm Community Edition 2021.2.3\bin\runnerw.exe
ParentCommandLine: ""D:\Program Files\JetBrains\PyCharm Community Edition 2021.2.3\bin\runnerw.exe"" ""C:\Program Files\Git\cmd\git.exe"" -c core.quotepath=false -c log.showSignature=false config --null --get user.email
ParentUser: DESKTOP-JP20VPR\BobWe"
Information	1/4/2022 2:30:51 PM	Microsoft-Windows-Sysmon	1	Process Create (rule: ProcessCreate)	S-1-5-18	Microsoft-Windows-Sysmon/Operational		Info	DESKTOP-JP20VPR	14108	3560						00000000-0000-0000-0000-000000000000	00000000-0000-0000-0000-000000000000		"Process Create:
RuleName: -
UtcTime: 2022-01-04 19:30:51.603
ProcessGuid: {ec47ca29-a06b-61d4-ec09-000000008600}
ProcessId: 10272
Image: D:\Program Files\JetBrains\PyCharm Community Edition 2021.2.3\bin\runnerw.exe
FileVersion: 1.0.0.1
Description: Command line runner
Product: IntelliJ Platform
Company: JetBrains s.r.o.
OriginalFileName: runnerw.exe
CommandLine: ""D:\Program Files\JetBrains\PyCharm Community Edition 2021.2.3\bin\runnerw.exe"" ""C:\Program Files\Git\cmd\git.exe"" -c core.quotepath=false -c log.showSignature=false config --null --get user.email
CurrentDirectory: C:\Users\BobWe\OneDrive\Desktop\Projects\Projects2021\RummikubSimulator\
User: DESKTOP-JP20VPR\BobWe
LogonGuid: {ec47ca29-70bf-61d3-9db4-020000000000}
LogonId: 0x2B49D
TerminalSessionId: 1
IntegrityLevel: Medium
Hashes: SHA256=FA90256C0A1FFB19B58D96065AB449ED5DC92B323DCABFD826462AEA6148A309
ParentProcessGuid: {ec47ca29-a04c-61d4-ba09-000000008600}
ParentProcessId: 9976
ParentImage: D:\Program Files\JetBrains\PyCharm Community Edition 2021.2.3\bin\pycharm64.exe
ParentCommandLine: ""D:\Program Files\JetBrains\PyCharm Community Edition 2021.2.3\bin\pycharm64.exe"" 
ParentUser: DESKTOP-JP20VPR\BobWe"
Information	1/4/2022 2:30:51 PM	Microsoft-Windows-Sysmon	5	Process terminated (rule: ProcessTerminate)	S-1-5-18	Microsoft-Windows-Sysmon/Operational		Info	DESKTOP-JP20VPR	14108	3560						00000000-0000-0000-0000-000000000000	00000000-0000-0000-0000-000000000000		"Process terminated:
RuleName: -
UtcTime: 2022-01-04 19:30:51.571
ProcessGuid: {ec47ca29-a06b-61d4-e309-000000008600}
ProcessId: 5412
Image: C:\Windows\System32\conhost.exe
User: DESKTOP-JP20VPR\BobWe"
Information	1/4/2022 2:30:51 PM	Microsoft-Windows-Sysmon	5	Process terminated (rule: ProcessTerminate)	S-1-5-18	Microsoft-Windows-Sysmon/Operational		Info	DESKTOP-JP20VPR	14108	3560						00000000-0000-0000-0000-000000000000	00000000-0000-0000-0000-000000000000		"Process terminated:
RuleName: -
UtcTime: 2022-01-04 19:30:51.571
ProcessGuid: {ec47ca29-a06b-61d4-e009-000000008600}
ProcessId: 8340
Image: C:\Windows\System32\conhost.exe
User: DESKTOP-JP20VPR\BobWe"
Information	1/4/2022 2:30:51 PM	Microsoft-Windows-Sysmon	5	Process terminated (rule: ProcessTerminate)	S-1-5-18	Microsoft-Windows-Sysmon/Operational		Info	DESKTOP-JP20VPR	14108	3560						00000000-0000-0000-0000-000000000000	00000000-0000-0000-0000-000000000000		"Process terminated:
RuleName: -
UtcTime: 2022-01-04 19:30:51.570
ProcessGuid: {ec47ca29-a06b-61d4-dd09-000000008600}
ProcessId: 15164
Image: D:\Program Files\JetBrains\PyCharm Community Edition 2021.2.3\bin\runnerw.exe
User: DESKTOP-JP20VPR\BobWe"
Information	1/4/2022 2:30:51 PM	Microsoft-Windows-Sysmon	5	Process terminated (rule: ProcessTerminate)	S-1-5-18	Microsoft-Windows-Sysmon/Operational		Info	DESKTOP-JP20VPR	14108	3560						00000000-0000-0000-0000-000000000000	00000000-0000-0000-0000-000000000000		"Process terminated:
RuleName: -
UtcTime: 2022-01-04 19:30:51.570
ProcessGuid: {ec47ca29-a06b-61d4-e109-000000008600}
ProcessId: 1524
Image: D:\Program Files\JetBrains\PyCharm Community Edition 2021.2.3\bin\runnerw.exe
User: DESKTOP-JP20VPR\BobWe"
Information	1/4/2022 2:30:51 PM	Microsoft-Windows-Sysmon	5	Process terminated (rule: ProcessTerminate)	S-1-5-18	Microsoft-Windows-Sysmon/Operational		Info	DESKTOP-JP20VPR	14108	3560						00000000-0000-0000-0000-000000000000	00000000-0000-0000-0000-000000000000		"Process terminated:
RuleName: -
UtcTime: 2022-01-04 19:30:51.555
ProcessGuid: {ec47ca29-a06b-61d4-e209-000000008600}
ProcessId: 2012
Image: C:\Windows\System32\conhost.exe
User: DESKTOP-JP20VPR\BobWe"
Information	1/4/2022 2:30:51 PM	Microsoft-Windows-Sysmon	5	Process terminated (rule: ProcessTerminate)	S-1-5-18	Microsoft-Windows-Sysmon/Operational		Info	DESKTOP-JP20VPR	14108	3560						00000000-0000-0000-0000-000000000000	00000000-0000-0000-0000-000000000000		"Process terminated:
RuleName: -
UtcTime: 2022-01-04 19:30:51.555
ProcessGuid: {ec47ca29-a06b-61d4-de09-000000008600}
ProcessId: 17752
Image: C:\Windows\System32\conhost.exe
User: DESKTOP-JP20VPR\BobWe"
Information	1/4/2022 2:30:51 PM	Microsoft-Windows-Sysmon	5	Process terminated (rule: ProcessTerminate)	S-1-5-18	Microsoft-Windows-Sysmon/Operational		Info	DESKTOP-JP20VPR	14108	3560						00000000-0000-0000-0000-000000000000	00000000-0000-0000-0000-000000000000		"Process terminated:
RuleName: -
UtcTime: 2022-01-04 19:30:51.554
ProcessGuid: {ec47ca29-a06b-61d4-dc09-000000008600}
ProcessId: 920
Image: D:\Program Files\JetBrains\PyCharm Community Edition 2021.2.3\bin\runnerw.exe
User: DESKTOP-JP20VPR\BobWe"
Information	1/4/2022 2:30:51 PM	Microsoft-Windows-Sysmon	5	Process terminated (rule: ProcessTerminate)	S-1-5-18	Microsoft-Windows-Sysmon/Operational		Info	DESKTOP-JP20VPR	14108	3560						00000000-0000-0000-0000-000000000000	00000000-0000-0000-0000-000000000000		"Process terminated:
RuleName: -
UtcTime: 2022-01-04 19:30:51.554
ProcessGuid: {ec47ca29-a06b-61d4-df09-000000008600}
ProcessId: 3832
Image: D:\Program Files\JetBrains\PyCharm Community Edition 2021.2.3\bin\runnerw.exe
User: DESKTOP-JP20VPR\BobWe"
Information	1/4/2022 2:30:51 PM	Microsoft-Windows-Sysmon	5	Process terminated (rule: ProcessTerminate)	S-1-5-18	Microsoft-Windows-Sysmon/Operational		Info	DESKTOP-JP20VPR	14108	3560						00000000-0000-0000-0000-000000000000	00000000-0000-0000-0000-000000000000		"Process terminated:
RuleName: -
UtcTime: 2022-01-04 19:30:51.547
ProcessGuid: {ec47ca29-a06b-61d4-e609-000000008600}
ProcessId: 1604
Image: C:\Program Files\Git\cmd\git.exe
User: DESKTOP-JP20VPR\BobWe"
Information	1/4/2022 2:30:51 PM	Microsoft-Windows-Sysmon	5	Process terminated (rule: ProcessTerminate)	S-1-5-18	Microsoft-Windows-Sysmon/Operational		Info	DESKTOP-JP20VPR	14108	3560						00000000-0000-0000-0000-000000000000	00000000-0000-0000-0000-000000000000		"Process terminated:
RuleName: -
UtcTime: 2022-01-04 19:30:51.547
ProcessGuid: {ec47ca29-a06b-61d4-e709-000000008600}
ProcessId: 9920
Image: C:\Program Files\Git\cmd\git.exe
User: DESKTOP-JP20VPR\BobWe"
Information	1/4/2022 2:30:51 PM	Microsoft-Windows-Sysmon	5	Process terminated (rule: ProcessTerminate)	S-1-5-18	Microsoft-Windows-Sysmon/Operational		Info	DESKTOP-JP20VPR	14108	3560						00000000-0000-0000-0000-000000000000	00000000-0000-0000-0000-000000000000		"Process terminated:
RuleName: -
UtcTime: 2022-01-04 19:30:51.546
ProcessGuid: {ec47ca29-a06b-61d4-ea09-000000008600}
ProcessId: 11968
Image: C:\Program Files\Git\mingw64\bin\git.exe
User: DESKTOP-JP20VPR\BobWe"
Information	1/4/2022 2:30:51 PM	Microsoft-Windows-Sysmon	5	Process terminated (rule: ProcessTerminate)	S-1-5-18	Microsoft-Windows-Sysmon/Operational		Info	DESKTOP-JP20VPR	14108	3560						00000000-0000-0000-0000-000000000000	00000000-0000-0000-0000-000000000000		"Process terminated:
RuleName: -
UtcTime: 2022-01-04 19:30:51.546
ProcessGuid: {ec47ca29-a06b-61d4-eb09-000000008600}
ProcessId: 17056
Image: C:\Program Files\Git\mingw64\bin\git.exe
User: DESKTOP-JP20VPR\BobWe"
Information	1/4/2022 2:30:51 PM	Microsoft-Windows-Sysmon	5	Process terminated (rule: ProcessTerminate)	S-1-5-18	Microsoft-Windows-Sysmon/Operational		Info	DESKTOP-JP20VPR	14108	3560						00000000-0000-0000-0000-000000000000	00000000-0000-0000-0000-000000000000		"Process terminated:
RuleName: -
UtcTime: 2022-01-04 19:30:51.541
ProcessGuid: {ec47ca29-a06b-61d4-e509-000000008600}
ProcessId: 1952
Image: C:\Program Files\Git\cmd\git.exe
User: DESKTOP-JP20VPR\BobWe"
Information	1/4/2022 2:30:51 PM	Microsoft-Windows-Sysmon	5	Process terminated (rule: ProcessTerminate)	S-1-5-18	Microsoft-Windows-Sysmon/Operational		Info	DESKTOP-JP20VPR	14108	3560						00000000-0000-0000-0000-000000000000	00000000-0000-0000-0000-000000000000		"Process terminated:
RuleName: -
UtcTime: 2022-01-04 19:30:51.539
ProcessGuid: {ec47ca29-a06b-61d4-e409-000000008600}
ProcessId: 15600
Image: C:\Program Files\Git\cmd\git.exe
User: DESKTOP-JP20VPR\BobWe"
Information	1/4/2022 2:30:51 PM	Microsoft-Windows-Sysmon	5	Process terminated (rule: ProcessTerminate)	S-1-5-18	Microsoft-Windows-Sysmon/Operational		Info	DESKTOP-JP20VPR	14108	3560						00000000-0000-0000-0000-000000000000	00000000-0000-0000-0000-000000000000		"Process terminated:
RuleName: -
UtcTime: 2022-01-04 19:30:51.539
ProcessGuid: {ec47ca29-a06b-61d4-e909-000000008600}
ProcessId: 9692
Image: C:\Program Files\Git\mingw64\bin\git.exe
User: DESKTOP-JP20VPR\BobWe"
Information	1/4/2022 2:30:51 PM	Microsoft-Windows-Sysmon	5	Process terminated (rule: ProcessTerminate)	S-1-5-18	Microsoft-Windows-Sysmon/Operational		Info	DESKTOP-JP20VPR	14108	3560						00000000-0000-0000-0000-000000000000	00000000-0000-0000-0000-000000000000		"Process terminated:
RuleName: -
UtcTime: 2022-01-04 19:30:51.537
ProcessGuid: {ec47ca29-a06b-61d4-e809-000000008600}
ProcessId: 2016
Image: C:\Program Files\Git\mingw64\bin\git.exe
User: DESKTOP-JP20VPR\BobWe"
Information	1/4/2022 2:30:51 PM	Microsoft-Windows-Sysmon	1	Process Create (rule: ProcessCreate)	S-1-5-18	Microsoft-Windows-Sysmon/Operational		Info	DESKTOP-JP20VPR	14108	3560						00000000-0000-0000-0000-000000000000	00000000-0000-0000-0000-000000000000		"Process Create:
RuleName: -
UtcTime: 2022-01-04 19:30:51.531
ProcessGuid: {ec47ca29-a06b-61d4-eb09-000000008600}
ProcessId: 17056
Image: C:\Program Files\Git\mingw64\bin\git.exe
FileVersion: -
Description: Git for Windows
Product: Git
Company: The Git Development Community
OriginalFileName: git.exe
CommandLine: git.exe -c credential.helper= -c core.quotepath=false -c log.showSignature=false status --porcelain -z --untracked-files=no --ignored=no -- .
CurrentDirectory: C:\Users\BobWe\OneDrive\Desktop\Projects\Projects2021\RummikubSimulator\
User: DESKTOP-JP20VPR\BobWe
LogonGuid: {ec47ca29-70bf-61d3-9db4-020000000000}
LogonId: 0x2B49D
TerminalSessionId: 1
IntegrityLevel: Medium
Hashes: SHA256=24A968B7F02C5B1168871E187F2C790B5D9511496226AD98327F9301532ED3D4
ParentProcessGuid: {ec47ca29-a06b-61d4-e709-000000008600}
ParentProcessId: 9920
ParentImage: C:\Program Files\Git\cmd\git.exe
ParentCommandLine: ""C:\Program Files\Git\cmd\git.exe"" -c credential.helper= -c core.quotepath=false -c log.showSignature=false status --porcelain -z --untracked-files=no --ignored=no -- .
ParentUser: DESKTOP-JP20VPR\BobWe"
Information	1/4/2022 2:30:51 PM	Microsoft-Windows-Sysmon	1	Process Create (rule: ProcessCreate)	S-1-5-18	Microsoft-Windows-Sysmon/Operational		Info	DESKTOP-JP20VPR	14108	3560						00000000-0000-0000-0000-000000000000	00000000-0000-0000-0000-000000000000		"Process Create:
RuleName: -
UtcTime: 2022-01-04 19:30:51.528
ProcessGuid: {ec47ca29-a06b-61d4-ea09-000000008600}
ProcessId: 11968
Image: C:\Program Files\Git\mingw64\bin\git.exe
FileVersion: -
Description: Git for Windows
Product: Git
Company: The Git Development Community
OriginalFileName: git.exe
CommandLine: git.exe -c credential.helper= -c core.quotepath=false -c log.showSignature=false status --porcelain -z --no-renames --untracked-files=all --ignored=matching --
CurrentDirectory: C:\Users\BobWe\OneDrive\Desktop\Projects\Projects2021\RummikubSimulator\
User: DESKTOP-JP20VPR\BobWe
LogonGuid: {ec47ca29-70bf-61d3-9db4-020000000000}
LogonId: 0x2B49D
TerminalSessionId: 1
IntegrityLevel: Medium
Hashes: SHA256=24A968B7F02C5B1168871E187F2C790B5D9511496226AD98327F9301532ED3D4
ParentProcessGuid: {ec47ca29-a06b-61d4-e609-000000008600}
ParentProcessId: 1604
ParentImage: C:\Program Files\Git\cmd\git.exe
ParentCommandLine: ""C:\Program Files\Git\cmd\git.exe"" -c credential.helper= -c core.quotepath=false -c log.showSignature=false status --porcelain -z --no-renames --untracked-files=all --ignored=matching --
ParentUser: DESKTOP-JP20VPR\BobWe"
Information	1/4/2022 2:30:51 PM	Microsoft-Windows-Sysmon	1	Process Create (rule: ProcessCreate)	S-1-5-18	Microsoft-Windows-Sysmon/Operational		Info	DESKTOP-JP20VPR	14108	3560						00000000-0000-0000-0000-000000000000	00000000-0000-0000-0000-000000000000		"Process Create:
RuleName: -
UtcTime: 2022-01-04 19:30:51.528
ProcessGuid: {ec47ca29-a06b-61d4-e909-000000008600}
ProcessId: 9692
Image: C:\Program Files\Git\mingw64\bin\git.exe
FileVersion: -
Description: Git for Windows
Product: Git
Company: The Git Development Community
OriginalFileName: git.exe
CommandLine: git.exe -c core.quotepath=false -c log.showSignature=false config commit.template
CurrentDirectory: C:\Users\BobWe\OneDrive\Desktop\Projects\Projects2021\RummikubSimulator\
User: DESKTOP-JP20VPR\BobWe
LogonGuid: {ec47ca29-70bf-61d3-9db4-020000000000}
LogonId: 0x2B49D
TerminalSessionId: 1
IntegrityLevel: Medium
Hashes: SHA256=24A968B7F02C5B1168871E187F2C790B5D9511496226AD98327F9301532ED3D4
ParentProcessGuid: {ec47ca29-a06b-61d4-e509-000000008600}
ParentProcessId: 1952
ParentImage: C:\Program Files\Git\cmd\git.exe
ParentCommandLine: ""C:\Program Files\Git\cmd\git.exe"" -c core.quotepath=false -c log.showSignature=false config commit.template
ParentUser: DESKTOP-JP20VPR\BobWe"
