<Event xmlns='http://schemas.microsoft.com/win/2004/08/events/event'><System><Provider Name='Microsoft-Windows-Sysmon' Guid='{5770385f-c22a-43e0-bf4c-06f5698ffbd9}'/><EventID>5</EventID><Version>3</Version><Level>4</Level><Task>5</Task><Opcode>0</Opcode><Keywords>0x8000000000000000</Keywords><TimeCreated SystemTime='2022-01-04T07:24:22.9774743Z'/><EventRecordID>1945</EventRecordID><Correlation/><Execution ProcessID='14108' ThreadID='3560'/><Channel>Microsoft-Windows-Sysmon/Operational</Channel><Computer>DESKTOP-JP20VPR</Computer><Security UserID='S-1-5-18'/></System><EventData><Data Name='RuleName'>-</Data><Data Name='UtcTime'>2022-01-04 07:24:22.976</Data><Data Name='ProcessGuid'>{ec47ca29-f5ea-61d3-bc06-000000008600}</Data><Data Name='ProcessId'>10060</Data><Data Name='Image'>C:\Windows\System32\backgroundTaskHost.exe</Data><Data Name='User'>DESKTOP-JP20VPR\BobWe</Data></EventData></Event><Event xmlns='http://schemas.microsoft.com/win/2004/08/events/event'><System><Provider Name='Microsoft-Windows-Sysmon' Guid='{5770385f-c22a-43e0-bf4c-06f5698ffbd9}'/><EventID>5</EventID><Version>3</Version><Level>4</Level><Task>5</Task><Opcode>0</Opcode><Keywords>0x8000000000000000</Keywords><TimeCreated SystemTime='2022-01-04T07:24:02.7425708Z'/><EventRecordID>1944</EventRecordID><Correlation/><Execution ProcessID='14108' ThreadID='3560'/><Channel>Microsoft-Windows-Sysmon/Operational</Channel><Computer>DESKTOP-JP20VPR</Computer><Security UserID='S-1-5-18'/></System><EventData><Data Name='RuleName'>-</Data><Data Name='UtcTime'>2022-01-04 07:24:02.741</Data><Data Name='ProcessGuid'>{ec47ca29-f612-61d3-be06-000000008600}</Data><Data Name='ProcessId'>9108</Data><Data Name='Image'>C:\Program Files (x86)\Microsoft\EdgeUpdate\MicrosoftEdgeUpdate.exe</Data><Data Name='User'>NT AUTHORITY\SYSTEM</Data></EventData></Event><Event xmlns='http://schemas.microsoft.com/win/2004/08/events/event'><System><Provider Name='Microsoft-Windows-Sysmon' Guid='{5770385f-c22a-43e0-bf4c-06f5698ffbd9}'/><EventID>1</EventID><Version>5</Version><Level>4</Level><Task>1</Task><Opcode>0</Opcode><Keywords>0x8000000000000000</Keywords><TimeCreated SystemTime='2022-01-04T07:24:02.6407439Z'/><EventRecordID>1943</EventRecordID><Correlation/><Execution ProcessID='14108' ThreadID='3560'/><Channel>Microsoft-Windows-Sysmon/Operational</Channel><Computer>DESKTOP-JP20VPR</Computer><Security UserID='S-1-5-18'/></System><EventData><Data Name='RuleName'>-</Data><Data Name='UtcTime'>2022-01-04 07:24:02.636</Data><Data Name='ProcessGuid'>{ec47ca29-f612-61d3-be06-000000008600}</Data><Data Name='ProcessId'>9108</Data><Data Name='Image'>C:\Program Files (x86)\Microsoft\EdgeUpdate\MicrosoftEdgeUpdate.exe</Data><Data Name='FileVersion'>1.3.119.43</Data><Data Name='Description'>Microsoft Edge Update</Data><Data Name='Product'>Microsoft Edge Update</Data><Data Name='Company'>Microsoft Corporation</Data><Data Name='OriginalFileName'>msedgeupdate.dll</Data><Data Name='CommandLine'>"C:\Program Files (x86)\Microsoft\EdgeUpdate\MicrosoftEdgeUpdate.exe" /ua /installsource scheduler</Data><Data Name='CurrentDirectory'>C:\Windows\system32\</Data><Data Name='User'>NT AUTHORITY\SYSTEM</Data><Data Name='LogonGuid'>{ec47ca29-70be-61d3-e703-000000000000}</Data><Data Name='LogonId'>0x3e7</Data><Data Name='TerminalSessionId'>0</Data><Data Name='IntegrityLevel'>System</Data><Data Name='Hashes'>SHA256=7209D144D97CA57288E829FB5F026B5C4576433AAA7F5FB0ADC6504A33B21656</Data><Data Name='ParentProcessGuid'>{ec47ca29-70bf-61d3-1c00-000000008600}</Data><Data Name='ParentProcessId'>1716</Data><Data Name='ParentImage'>C:\Windows\System32\svchost.exe</Data><Data Name='ParentCommandLine'>C:\Windows\system32\svchost.exe -k netsvcs -p -s Schedule</Data><Data Name='ParentUser'>NT AUTHORITY\SYSTEM</Data></EventData></Event><Event xmlns='http://schemas.microsoft.com/win/2004/08/events/event'><System><Provider Name='Microsoft-Windows-Sysmon' Guid='{5770385f-c22a-43e0-bf4c-06f5698ffbd9}'/><EventID>1</EventID><Version>5</Version><Level>4</Level><Task>1</Task><Opcode>0</Opcode><Keywords>0x8000000000000000</Keywords><TimeCreated SystemTime='2022-01-04T07:23:22.6913636Z'/><EventRecordID>1942</EventRecordID><Correlation/><Execution ProcessID='14108' ThreadID='3560'/><Channel>Microsoft-Windows-Sysmon/Operational</Channel><Computer>DESKTOP-JP20VPR</Computer><Security UserID='S-1-5-18'/></System><EventData><Data Name='RuleName'>-</Data><Data Name='UtcTime'>2022-01-04 07:23:22.689</Data><Data Name='ProcessGuid'>{ec47ca29-f5ea-61d3-bd06-000000008600}</Data><Data Name='ProcessId'>16572</Data><Data Name='Image'>C:\Windows\System32\svchost.exe</Data><Data Name='FileVersion'>10.0.19041.546 (WinBuild.160101.0800)</Data><Data Name='Description'>Host Process for Windows Services</Data><Data Name='Product'>Microsoft® Windows® Operating System</Data><Data Name='Company'>Microsoft Corporation</Data><Data Name='OriginalFileName'>svchost.exe</Data><Data Name='CommandLine'>C:\Windows\system32\svchost.exe -k appmodel -p -s camsvc</Data><Data Name='CurrentDirectory'>C:\Windows\system32\</Data><Data Name='User'>NT AUTHORITY\SYSTEM</Data><Data Name='LogonGuid'>{ec47ca29-70be-61d3-e703-000000000000}</Data><Data Name='LogonId'>0x3e7</Data><Data Name='TerminalSessionId'>0</Data><Data Name='IntegrityLevel'>System</Data><Data Name='Hashes'>SHA256=643EC58E82E0272C97C2A59F6020970D881AF19C0AD5029DB9C958C13B6558C7</Data><Data Name='ParentProcessGuid'>{00000000-0000-0000-0000-000000000000}</Data><Data Name='ParentProcessId'>944</Data><Data Name='ParentImage'>-</Data><Data Name='ParentCommandLine'>-</Data><Data Name='ParentUser'>-</Data></EventData></Event><Event xmlns='http://schemas.microsoft.com/win/2004/08/events/event'><System><Provider Name='Microsoft-Windows-Sysmon' Guid='{5770385f-c22a-43e0-bf4c-06f5698ffbd9}'/><EventID>1</EventID><Version>5</Version><Level>4</Level><Task>1</Task><Opcode>0</Opcode><Keywords>0x8000000000000000</Keywords><TimeCreated SystemTime='2022-01-04T07:23:22.3437372Z'/><EventRecordID>1941</EventRecordID><Correlation/><Execution ProcessID='14108' ThreadID='3560'/><Channel>Microsoft-Windows-Sysmon/Operational</Channel><Computer>DESKTOP-JP20VPR</Computer><Security UserID='S-1-5-18'/></System><EventData><Data Name='RuleName'>-</Data><Data Name='UtcTime'>2022-01-04 07:23:22.341</Data><Data Name='ProcessGuid'>{ec47ca29-f5ea-61d3-bc06-000000008600}</Data><Data Name='ProcessId'>10060</Data><Data Name='Image'>C:\Windows\System32\backgroundTaskHost.exe</Data><Data Name='FileVersion'>10.0.19041.546 (WinBuild.160101.0800)</Data><Data Name='Description'>Background Task Host</Data><Data Name='Product'>Microsoft® Windows® Operating System</Data><Data Name='Company'>Microsoft Corporation</Data><Data Name='OriginalFileName'>backgroundTaskHost.exe</Data><Data Name='CommandLine'>"C:\Windows\system32\backgroundTaskHost.exe" -ServerName:ShellFeedsUI.AppXnj65k2d1a1rnztt2t2nng5ctmk3e76pn.mca</Data><Data Name='CurrentDirectory'>C:\Windows\SystemApps\Microsoft.Windows.Search_cw5n1h2txyewy\</Data><Data Name='User'>DESKTOP-JP20VPR\BobWe</Data><Data Name='LogonGuid'>{ec47ca29-70bf-61d3-9db4-020000000000}</Data><Data Name='LogonId'>0x2b49d</Data><Data Name='TerminalSessionId'>1</Data><Data Name='IntegrityLevel'>AppContainer</Data><Data Name='Hashes'>SHA256=20330D3CA71D58F4AEB432676CB6A3D5B97005954E45132FB083E90782EFDD50</Data><Data Name='ParentProcessGuid'>{ec47ca29-70be-61d3-0d00-000000008600}</Data><Data Name='ParentProcessId'>1056</Data><Data Name='ParentImage'>C:\Windows\System32\svchost.exe</Data><Data Name='ParentCommandLine'>C:\Windows\system32\svchost.exe -k DcomLaunch -p</Data><Data Name='ParentUser'>NT AUTHORITY\SYSTEM</Data></EventData></Event><Event xmlns='http://schemas.microsoft.com/win/2004/08/events/event'><System><Provider Name='Microsoft-Windows-Sysmon' Guid='{5770385f-c22a-43e0-bf4c-06f5698ffbd9}'/><EventID>5</EventID><Version>3</Version><Level>4</Level><Task>5</Task><Opcode>0</Opcode><Keywords>0x8000000000000000</Keywords><TimeCreated SystemTime='2022-01-04T07:22:22.4770012Z'/><EventRecordID>1940</EventRecordID><Correlation/><Execution ProcessID='14108' ThreadID='3560'/><Channel>Microsoft-Windows-Sysmon/Operational</Channel><Computer>DESKTOP-JP20VPR</Computer><Security UserID='S-1-5-18'/></System><EventData><Data Name='RuleName'>-</Data><Data Name='UtcTime'>2022-01-04 07:22:22.476</Data><Data Name='ProcessGuid'>{ec47ca29-70c4-61d3-ac00-000000008600}</Data><Data Name='ProcessId'>7548</Data><Data Name='Image'>C:\Windows\System32\svchost.exe</Data><Data Name='User'>NT AUTHORITY\SYSTEM</Data></EventData></Event><Event xmlns='http://schemas.microsoft.com/win/2004/08/events/event'><System><Provider Name='Microsoft-Windows-Sysmon' Guid='{5770385f-c22a-43e0-bf4c-06f5698ffbd9}'/><EventID>5</EventID><Version>3</Version><Level>4</Level><Task>5</Task><Opcode>0</Opcode><Keywords>0x8000000000000000</Keywords><TimeCreated SystemTime='2022-01-04T07:21:52.5703429Z'/><EventRecordID>1939</EventRecordID><Correlation/><Execution ProcessID='14108' ThreadID='3560'/><Channel>Microsoft-Windows-Sysmon/Operational</Channel><Computer>DESKTOP-JP20VPR</Computer><Security UserID='S-1-5-18'/></System><EventData><Data Name='RuleName'>-</Data><Data Name='UtcTime'>2022-01-04 07:21:52.569</Data><Data Name='ProcessGuid'>{ec47ca29-f536-61d3-bb06-000000008600}</Data><Data Name='ProcessId'>16516</Data><Data Name='Image'>C:\Windows\System32\RuntimeBroker.exe</Data><Data Name='User'>DESKTOP-JP20VPR\BobWe</Data></EventData></Event><Event xmlns='http://schemas.microsoft.com/win/2004/08/events/event'><System><Provider Name='Microsoft-Windows-Sysmon' Guid='{5770385f-c22a-43e0-bf4c-06f5698ffbd9}'/><EventID>5</EventID><Version>3</Version><Level>4</Level><Task>5</Task><Opcode>0</Opcode><Keywords>0x8000000000000000</Keywords><TimeCreated SystemTime='2022-01-04T07:21:22.5639505Z'/><EventRecordID>1938</EventRecordID><Correlation/><Execution ProcessID='14108' ThreadID='3560'/><Channel>Microsoft-Windows-Sysmon/Operational</Channel><Computer>DESKTOP-JP20VPR</Computer><Security UserID='S-1-5-18'/></System><EventData><Data Name='RuleName'>-</Data><Data Name='UtcTime'>2022-01-04 07:21:22.563</Data><Data Name='ProcessGuid'>{ec47ca29-f536-61d3-b906-000000008600}</Data><Data Name='ProcessId'>15848</Data><Data Name='Image'>C:\Windows\System32\backgroundTaskHost.exe</Data><Data Name='User'>DESKTOP-JP20VPR\BobWe</Data></EventData></Event><Event xmlns='http://schemas.microsoft.com/win/2004/08/events/event'><System><Provider Name='Microsoft-Windows-Sysmon' Guid='{5770385f-c22a-43e0-bf4c-06f5698ffbd9}'/><EventID>1</EventID><Version>5</Version><Level>4</Level><Task>1</Task><Opcode>0</Opcode><Keywords>0x8000000000000000</Keywords><TimeCreated SystemTime='2022-01-04T07:20:22.5103230Z'/><EventRecordID>1937</EventRecordID><Correlation/><Execution ProcessID='14108' ThreadID='3560'/><Channel>Microsoft-Windows-Sysmon/Operational</Channel><Computer>DESKTOP-JP20VPR</Computer><Security UserID='S-1-5-18'/></System><EventData><Data Name='RuleName'>-</Data><Data Name='UtcTime'>2022-01-04 07:20:22.509</Data><Data Name='ProcessGuid'>{ec47ca29-f536-61d3-bb06-000000008600}</Data><Data Name='ProcessId'>16516</Data><Data Name='Image'>C:\Windows\System32\RuntimeBroker.exe</Data><Data Name='FileVersion'>10.0.19041.746 (WinBuild.160101.0800)</Data><Data Name='Description'>Runtime Broker</Data><Data Name='Product'>Microsoft® Windows® Operating System</Data><Data Name='Company'>Microsoft Corporation</Data><Data Name='OriginalFileName'>RuntimeBroker.exe</Data><Data Name='CommandLine'>C:\Windows\System32\RuntimeBroker.exe -Embedding</Data><Data Name='CurrentDirectory'>C:\Windows\system32\</Data><Data Name='User'>DESKTOP-JP20VPR\BobWe</Data><Data Name='LogonGuid'>{ec47ca29-70bf-61d3-9db4-020000000000}</Data><Data Name='LogonId'>0x2b49d</Data><Data Name='TerminalSessionId'>1</Data><Data Name='IntegrityLevel'>Medium</Data><Data Name='Hashes'>SHA256=E86870769EE6C797E09457BD99C58D9BF2303CF0193A24EF9B1222C2C3DAF628</Data><Data Name='ParentProcessGuid'>{ec47ca29-70be-61d3-0d00-000000008600}</Data><Data Name='ParentProcessId'>1056</Data><Data Name='ParentImage'>C:\Windows\System32\svchost.exe</Data><Data Name='ParentCommandLine'>C:\Windows\system32\svchost.exe -k DcomLaunch -p</Data><Data Name='ParentUser'>NT AUTHORITY\SYSTEM</Data></EventData></Event><Event xmlns='http://schemas.microsoft.com/win/2004/08/events/event'><System><Provider Name='Microsoft-Windows-Sysmon' Guid='{5770385f-c22a-43e0-bf4c-06f5698ffbd9}'/><EventID>1</EventID><Version>5</Version><Level>4</Level><Task>1</Task><Opcode>0</Opcode><Keywords>0x8000000000000000</Keywords><TimeCreated SystemTime='2022-01-04T07:20:22.4319060Z'/><EventRecordID>1936</EventRecordID><Correlation/><Execution ProcessID='14108' ThreadID='3560'/><Channel>Microsoft-Windows-Sysmon/Operational</Channel><Computer>DESKTOP-JP20VPR</Computer><Security UserID='S-1-5-18'/></System><EventData><Data Name='RuleName'>-</Data><Data Name='UtcTime'>2022-01-04 07:20:22.428</Data><Data Name='ProcessGuid'>{ec47ca29-f536-61d3-ba06-000000008600}</Data><Data Name='ProcessId'>3892</Data><Data Name='Image'>C:\Windows\System32\svchost.exe</Data><Data Name='FileVersion'>10.0.19041.546 (WinBuild.160101.0800)</Data><Data Name='Description'>Host Process for Windows Services</Data><Data Name='Product'>Microsoft® Windows® Operating System</Data><Data Name='Company'>Microsoft Corporation</Data><Data Name='OriginalFileName'>svchost.exe</Data><Data Name='CommandLine'>C:\Windows\System32\svchost.exe -k wsappx -p -s ClipSVC</Data><Data Name='CurrentDirectory'>C:\Windows\system32\</Data><Data Name='User'>NT AUTHORITY\SYSTEM</Data><Data Name='LogonGuid'>{ec47ca29-70be-61d3-e703-000000000000}</Data><Data Name='LogonId'>0x3e7</Data><Data Name='TerminalSessionId'>0</Data><Data Name='IntegrityLevel'>System</Data><Data Name='Hashes'>SHA256=643EC58E82E0272C97C2A59F6020970D881AF19C0AD5029DB9C958C13B6558C7</Data><Data Name='ParentProcessGuid'>{00000000-0000-0000-0000-000000000000}</Data><Data Name='ParentProcessId'>944</Data><Data Name='ParentImage'>-</Data><Data Name='ParentCommandLine'>-</Data><Data Name='ParentUser'>-</Data></EventData></Event><Event xmlns='http://schemas.microsoft.com/win/2004/08/events/event'><System><Provider Name='Microsoft-Windows-Sysmon' Guid='{5770385f-c22a-43e0-bf4c-06f5698ffbd9}'/><EventID>1</EventID><Version>5</Version><Level>4</Level><Task>1</Task><Opcode>0</Opcode><Keywords>0x8000000000000000</Keywords><TimeCreated SystemTime='2022-01-04T07:20:22.4217976Z'/><EventRecordID>1935</EventRecordID><Correlation/><Execution ProcessID='14108' ThreadID='3560'/><Channel>Microsoft-Windows-Sysmon/Operational</Channel><Computer>DESKTOP-JP20VPR</Computer><Security UserID='S-1-5-18'/></System><EventData><Data Name='RuleName'>-</Data><Data Name='UtcTime'>2022-01-04 07:20:22.418</Data><Data Name='ProcessGuid'>{ec47ca29-f536-61d3-b906-000000008600}</Data><Data Name='ProcessId'>15848</Data><Data Name='Image'>C:\Windows\System32\backgroundTaskHost.exe</Data><Data Name='FileVersion'>10.0.19041.546 (WinBuild.160101.0800)</Data><Data Name='Description'>Background Task Host</Data><Data Name='Product'>Microsoft® Windows® Operating System</Data><Data Name='Company'>Microsoft Corporation</Data><Data Name='OriginalFileName'>backgroundTaskHost.exe</Data><Data Name='CommandLine'>"C:\Windows\system32\backgroundTaskHost.exe" -ServerName:Microsoft.MicrosoftOfficeHub.AppX54h2e8jwdm50fj5ha8987vz1etpx7czd.mca</Data><Data Name='CurrentDirectory'>C:\Program Files\WindowsApps\Microsoft.MicrosoftOfficeHub_18.2110.13110.0_x64__8wekyb3d8bbwe\</Data><Data Name='User'>DESKTOP-JP20VPR\BobWe</Data><Data Name='LogonGuid'>{ec47ca29-70bf-61d3-9db4-020000000000}</Data><Data Name='LogonId'>0x2b49d</Data><Data Name='TerminalSessionId'>1</Data><Data Name='IntegrityLevel'>AppContainer</Data><Data Name='Hashes'>SHA256=20330D3CA71D58F4AEB432676CB6A3D5B97005954E45132FB083E90782EFDD50</Data><Data Name='ParentProcessGuid'>{ec47ca29-70be-61d3-0d00-000000008600}</Data><Data Name='ParentProcessId'>1056</Data><Data Name='ParentImage'>C:\Windows\System32\svchost.exe</Data><Data Name='ParentCommandLine'>C:\Windows\system32\svchost.exe -k DcomLaunch -p</Data><Data Name='ParentUser'>NT AUTHORITY\SYSTEM</Data></EventData></Event><Event xmlns='http://schemas.microsoft.com/win/2004/08/events/event'><System><Provider Name='Microsoft-Windows-Sysmon' Guid='{5770385f-c22a-43e0-bf4c-06f5698ffbd9}'/><EventID>1</EventID><Version>5</Version><Level>4</Level><Task>1</Task><Opcode>0</Opcode><Keywords>0x8000000000000000</Keywords><TimeCreated SystemTime='2022-01-04T07:20:22.3397420Z'/><EventRecordID>1934</EventRecordID><Correlation/><Execution ProcessID='14108' ThreadID='3560'/><Channel>Microsoft-Windows-Sysmon/Operational</Channel><Computer>DESKTOP-JP20VPR</Computer><Security UserID='S-1-5-18'/></System><EventData><Data Name='RuleName'>-</Data><Data Name='UtcTime'>2022-01-04 07:20:22.334</Data><Data Name='ProcessGuid'>{ec47ca29-f536-61d3-b806-000000008600}</Data><Data Name='ProcessId'>3028</Data><Data Name='Image'>C:\Windows\System32\svchost.exe</Data><Data Name='FileVersion'>10.0.19041.546 (WinBuild.160101.0800)</Data><Data Name='Description'>Host Process for Windows Services</Data><Data Name='Product'>Microsoft® Windows® Operating System</Data><Data Name='Company'>Microsoft Corporation</Data><Data Name='OriginalFileName'>svchost.exe</Data><Data Name='CommandLine'>C:\Windows\system32\svchost.exe -k wsappx -p -s AppXSvc</Data><Data Name='CurrentDirectory'>C:\Windows\system32\</Data><Data Name='User'>NT AUTHORITY\SYSTEM</Data><Data Name='LogonGuid'>{ec47ca29-70be-61d3-e703-000000000000}</Data><Data Name='LogonId'>0x3e7</Data><Data Name='TerminalSessionId'>0</Data><Data Name='IntegrityLevel'>System</Data><Data Name='Hashes'>SHA256=643EC58E82E0272C97C2A59F6020970D881AF19C0AD5029DB9C958C13B6558C7</Data><Data Name='ParentProcessGuid'>{00000000-0000-0000-0000-000000000000}</Data><Data Name='ParentProcessId'>944</Data><Data Name='ParentImage'>-</Data><Data Name='ParentCommandLine'>-</Data><Data Name='ParentUser'>-</Data></EventData></Event><Event xmlns='http://schemas.microsoft.com/win/2004/08/events/event'><System><Provider Name='Microsoft-Windows-Sysmon' Guid='{5770385f-c22a-43e0-bf4c-06f5698ffbd9}'/><EventID>5</EventID><Version>3</Version><Level>4</Level><Task>5</Task><Opcode>0</Opcode><Keywords>0x8000000000000000</Keywords><TimeCreated SystemTime='2022-01-04T07:11:22.3524995Z'/><EventRecordID>1933</EventRecordID><Correlation/><Execution ProcessID='14108' ThreadID='3560'/><Channel>Microsoft-Windows-Sysmon/Operational</Channel><Computer>DESKTOP-JP20VPR</Computer><Security UserID='S-1-5-18'/></System><EventData><Data Name='RuleName'>-</Data><Data Name='UtcTime'>2022-01-04 07:11:22.351</Data><Data Name='ProcessGuid'>{ec47ca29-f1b2-61d3-b406-000000008600}</Data><Data Name='ProcessId'>19412</Data><Data Name='Image'>C:\Windows\System32\svchost.exe</Data><Data Name='User'>NT AUTHORITY\SYSTEM</Data></EventData></Event><Event xmlns='http://schemas.microsoft.com/win/2004/08/events/event'><System><Provider Name='Microsoft-Windows-Sysmon' Guid='{5770385f-c22a-43e0-bf4c-06f5698ffbd9}'/><EventID>5</EventID><Version>3</Version><Level>4</Level><Task>5</Task><Opcode>0</Opcode><Keywords>0x8000000000000000</Keywords><TimeCreated SystemTime='2022-01-04T07:10:51.8888401Z'/><EventRecordID>1932</EventRecordID><Correlation/><Execution ProcessID='14108' ThreadID='3560'/><Channel>Microsoft-Windows-Sysmon/Operational</Channel><Computer>DESKTOP-JP20VPR</Computer><Security UserID='S-1-5-18'/></System><EventData><Data Name='RuleName'>-</Data><Data Name='UtcTime'>2022-01-04 07:10:51.888</Data><Data Name='ProcessGuid'>{ec47ca29-f2f1-61d3-b706-000000008600}</Data><Data Name='ProcessId'>7380</Data><Data Name='Image'>C:\Program Files (x86)\Microsoft\Edge\Application\96.0.1054.62\identity_helper.exe</Data><Data Name='User'>DESKTOP-JP20VPR\BobWe</Data></EventData></Event><Event xmlns='http://schemas.microsoft.com/win/2004/08/events/event'><System><Provider Name='Microsoft-Windows-Sysmon' Guid='{5770385f-c22a-43e0-bf4c-06f5698ffbd9}'/><EventID>1</EventID><Version>5</Version><Level>4</Level><Task>1</Task><Opcode>0</Opcode><Keywords>0x8000000000000000</Keywords><TimeCreated SystemTime='2022-01-04T07:10:41.7582994Z'/><EventRecordID>1931</EventRecordID><Correlation/><Execution ProcessID='14108' ThreadID='3560'/><Channel>Microsoft-Windows-Sysmon/Operational</Channel><Computer>DESKTOP-JP20VPR</Computer><Security UserID='S-1-5-18'/></System><EventData><Data Name='RuleName'>-</Data><Data Name='UtcTime'>2022-01-04 07:10:41.754</Data><Data Name='ProcessGuid'>{ec47ca29-f2f1-61d3-b706-000000008600}</Data><Data Name='ProcessId'>7380</Data><Data Name='Image'>C:\Program Files (x86)\Microsoft\Edge\Application\96.0.1054.62\identity_helper.exe</Data><Data Name='FileVersion'>96.0.1054.62</Data><Data Name='Description'>PWA Identity Proxy Host</Data><Data Name='Product'>Microsoft Edge</Data><Data Name='Company'>Microsoft Corporation</Data><Data Name='OriginalFileName'>identity_helper.exe</Data><Data Name='CommandLine'>"C:\Program Files (x86)\Microsoft\Edge\Application\96.0.1054.62\identity_helper.exe" --type=utility --utility-sub-type=winrt_app_id.mojom.WinrtAppIdService --field-trial-handle=2308,14150179790966226464,16948066822318633601,131072 --lang=en-US --service-sandbox-type=none --mojo-platform-channel-handle=4044 /prefetch:8</Data><Data Name='CurrentDirectory'>C:\Program Files (x86)\Microsoft\Edge\Application\96.0.1054.62\</Data><Data Name='User'>DESKTOP-JP20VPR\BobWe</Data><Data Name='LogonGuid'>{ec47ca29-70bf-61d3-9db4-020000000000}</Data><Data Name='LogonId'>0x2b49d</Data><Data Name='TerminalSessionId'>1</Data><Data Name='IntegrityLevel'>Medium</Data><Data Name='Hashes'>SHA256=7914D38736F3CE4F89432E15816711FFFDFD9002FA50CE7205C1176AF9142AB4</Data><Data Name='ParentProcessGuid'>{ec47ca29-70db-61d3-4801-000000008600}</Data><Data Name='ParentProcessId'>11916</Data><Data Name='ParentImage'>C:\Program Files (x86)\Microsoft\Edge\Application\msedge.exe</Data><Data Name='ParentCommandLine'>"C:\Program Files (x86)\Microsoft\Edge\Application\msedge.exe" --no-startup-window --win-session-start /prefetch:5</Data><Data Name='ParentUser'>DESKTOP-JP20VPR\BobWe</Data></EventData></Event><Event xmlns='http://schemas.microsoft.com/win/2004/08/events/event'><System><Provider Name='Microsoft-Windows-Sysmon' Guid='{5770385f-c22a-43e0-bf4c-06f5698ffbd9}'/><EventID>5</EventID><Version>3</Version><Level>4</Level><Task>5</Task><Opcode>0</Opcode><Keywords>0x8000000000000000</Keywords><TimeCreated SystemTime='2022-01-04T07:10:41.7474803Z'/><EventRecordID>1930</EventRecordID><Correlation/><Execution ProcessID='14108' ThreadID='3560'/><Channel>Microsoft-Windows-Sysmon/Operational</Channel><Computer>DESKTOP-JP20VPR</Computer><Security UserID='S-1-5-18'/></System><EventData><Data Name='RuleName'>-</Data><Data Name='UtcTime'>2022-01-04 07:10:41.746</Data><Data Name='ProcessGuid'>{ec47ca29-f2f1-61d3-b606-000000008600}</Data><Data Name='ProcessId'>7324</Data><Data Name='Image'>C:\Program Files (x86)\Microsoft\Edge\Application\96.0.1054.62\identity_helper.exe</Data><Data Name='User'>DESKTOP-JP20VPR\BobWe</Data></EventData></Event><Event xmlns='http://schemas.microsoft.com/win/2004/08/events/event'><System><Provider Name='Microsoft-Windows-Sysmon' Guid='{5770385f-c22a-43e0-bf4c-06f5698ffbd9}'/><EventID>1</EventID><Version>5</Version><Level>4</Level><Task>1</Task><Opcode>0</Opcode><Keywords>0x8000000000000000</Keywords><TimeCreated SystemTime='2022-01-04T07:10:41.7412512Z'/><EventRecordID>1929</EventRecordID><Correlation/><Execution ProcessID='14108' ThreadID='3560'/><Channel>Microsoft-Windows-Sysmon/Operational</Channel><Computer>DESKTOP-JP20VPR</Computer><Security UserID='S-1-5-18'/></System><EventData><Data Name='RuleName'>-</Data><Data Name='UtcTime'>2022-01-04 07:10:41.736</Data><Data Name='ProcessGuid'>{ec47ca29-f2f1-61d3-b606-000000008600}</Data><Data Name='ProcessId'>7324</Data><Data Name='Image'>C:\Program Files (x86)\Microsoft\Edge\Application\96.0.1054.62\identity_helper.exe</Data><Data Name='FileVersion'>96.0.1054.62</Data><Data Name='Description'>PWA Identity Proxy Host</Data><Data Name='Product'>Microsoft Edge</Data><Data Name='Company'>Microsoft Corporation</Data><Data Name='OriginalFileName'>identity_helper.exe</Data><Data Name='CommandLine'>"C:\Program Files (x86)\Microsoft\Edge\Application\96.0.1054.62\identity_helper.exe" --type=utility --utility-sub-type=winrt_app_id.mojom.WinrtAppIdService --field-trial-handle=2308,14150179790966226464,16948066822318633601,131072 --lang=en-US --service-sandbox-type=none --mojo-platform-channel-handle=4044 /prefetch:8</Data><Data Name='CurrentDirectory'>C:\Program Files (x86)\Microsoft\Edge\Application\96.0.1054.62\</Data><Data Name='User'>DESKTOP-JP20VPR\BobWe</Data><Data Name='LogonGuid'>{ec47ca29-70bf-61d3-9db4-020000000000}</Data><Data Name='LogonId'>0x2b49d</Data><Data Name='TerminalSessionId'>1</Data><Data Name='IntegrityLevel'>Medium</Data><Data Name='Hashes'>SHA256=7914D38736F3CE4F89432E15816711FFFDFD9002FA50CE7205C1176AF9142AB4</Data><Data Name='ParentProcessGuid'>{ec47ca29-70db-61d3-4801-000000008600}</Data><Data Name='ParentProcessId'>11916</Data><Data Name='ParentImage'>C:\Program Files (x86)\Microsoft\Edge\Application\msedge.exe</Data><Data Name='ParentCommandLine'>"C:\Program Files (x86)\Microsoft\Edge\Application\msedge.exe" --no-startup-window --win-session-start /prefetch:5</Data><Data Name='ParentUser'>DESKTOP-JP20VPR\BobWe</Data></EventData></Event><Event xmlns='http://schemas.microsoft.com/win/2004/08/events/event'><System><Provider Name='Microsoft-Windows-Sysmon' Guid='{5770385f-c22a-43e0-bf4c-06f5698ffbd9}'/><EventID>5</EventID><Version>3</Version><Level>4</Level><Task>5</Task><Opcode>0</Opcode><Keywords>0x8000000000000000</Keywords><TimeCreated SystemTime='2022-01-04T07:10:22.1926812Z'/><EventRecordID>1928</EventRecordID><Correlation/><Execution ProcessID='14108' ThreadID='3560'/><Channel>Microsoft-Windows-Sysmon/Operational</Channel><Computer>DESKTOP-JP20VPR</Computer><Security UserID='S-1-5-18'/></System><EventData><Data Name='RuleName'>-</Data><Data Name='UtcTime'>2022-01-04 07:10:22.192</Data><Data Name='ProcessGuid'>{ec47ca29-f0f8-61d3-b006-000000008600}</Data><Data Name='ProcessId'>16120</Data><Data Name='Image'>C:\Windows\System32\svchost.exe</Data><Data Name='User'>NT AUTHORITY\SYSTEM</Data></EventData></Event><Event xmlns='http://schemas.microsoft.com/win/2004/08/events/event'><System><Provider Name='Microsoft-Windows-Sysmon' Guid='{5770385f-c22a-43e0-bf4c-06f5698ffbd9}'/><EventID>5</EventID><Version>3</Version><Level>4</Level><Task>5</Task><Opcode>0</Opcode><Keywords>0x8000000000000000</Keywords><TimeCreated SystemTime='2022-01-04T07:08:22.8170011Z'/><EventRecordID>1927</EventRecordID><Correlation/><Execution ProcessID='14108' ThreadID='3560'/><Channel>Microsoft-Windows-Sysmon/Operational</Channel><Computer>DESKTOP-JP20VPR</Computer><Security UserID='S-1-5-18'/></System><EventData><Data Name='RuleName'>-</Data><Data Name='UtcTime'>2022-01-04 07:08:22.816</Data><Data Name='ProcessGuid'>{ec47ca29-f176-61d3-b206-000000008600}</Data><Data Name='ProcessId'>1640</Data><Data Name='Image'>C:\Windows\System32\svchost.exe</Data><Data Name='User'>NT AUTHORITY\SYSTEM</Data></EventData></Event><Event xmlns='http://schemas.microsoft.com/win/2004/08/events/event'><System><Provider Name='Microsoft-Windows-Sysmon' Guid='{5770385f-c22a-43e0-bf4c-06f5698ffbd9}'/><EventID>5</EventID><Version>3</Version><Level>4</Level><Task>5</Task><Opcode>0</Opcode><Keywords>0x8000000000000000</Keywords><TimeCreated SystemTime='2022-01-04T07:06:52.3323551Z'/><EventRecordID>1926</EventRecordID><Correlation/><Execution ProcessID='14108' ThreadID='3560'/><Channel>Microsoft-Windows-Sysmon/Operational</Channel><Computer>DESKTOP-JP20VPR</Computer><Security UserID='S-1-5-18'/></System><EventData><Data Name='RuleName'>-</Data><Data Name='UtcTime'>2022-01-04 07:06:52.331</Data><Data Name='ProcessGuid'>{ec47ca29-f1b2-61d3-b506-000000008600}</Data><Data Name='ProcessId'>6416</Data><Data Name='Image'>C:\Windows\System32\RuntimeBroker.exe</Data><Data Name='User'>DESKTOP-JP20VPR\BobWe</Data></EventData></Event><Event xmlns='http://schemas.microsoft.com/win/2004/08/events/event'><System><Provider Name='Microsoft-Windows-Sysmon' Guid='{5770385f-c22a-43e0-bf4c-06f5698ffbd9}'/><EventID>5</EventID><Version>3</Version><Level>4</Level><Task>5</Task><Opcode>0</Opcode><Keywords>0x8000000000000000</Keywords><TimeCreated SystemTime='2022-01-04T07:06:22.3135551Z'/><EventRecordID>1925</EventRecordID><Correlation/><Execution ProcessID='14108' ThreadID='3560'/><Channel>Microsoft-Windows-Sysmon/Operational</Channel><Computer>DESKTOP-JP20VPR</Computer><Security UserID='S-1-5-18'/></System><EventData><Data Name='RuleName'>-</Data><Data Name='UtcTime'>2022-01-04 07:06:22.313</Data><Data Name='ProcessGuid'>{ec47ca29-f1b2-61d3-b306-000000008600}</Data><Data Name='ProcessId'>13044</Data><Data Name='Image'>C:\Windows\System32\backgroundTaskHost.exe</Data><Data Name='User'>DESKTOP-JP20VPR\BobWe</Data></EventData></Event><Event xmlns='http://schemas.microsoft.com/win/2004/08/events/event'><System><Provider Name='Microsoft-Windows-Sysmon' Guid='{5770385f-c22a-43e0-bf4c-06f5698ffbd9}'/><EventID>1</EventID><Version>5</Version><Level>4</Level><Task>1</Task><Opcode>0</Opcode><Keywords>0x8000000000000000</Keywords><TimeCreated SystemTime='2022-01-04T07:05:22.2803852Z'/><EventRecordID>1924</EventRecordID><Correlation/><Execution ProcessID='14108' ThreadID='3560'/><Channel>Microsoft-Windows-Sysmon/Operational</Channel><Computer>DESKTOP-JP20VPR</Computer><Security UserID='S-1-5-18'/></System><EventData><Data Name='RuleName'>-</Data><Data Name='UtcTime'>2022-01-04 07:05:22.279</Data><Data Name='ProcessGuid'>{ec47ca29-f1b2-61d3-b506-000000008600}</Data><Data Name='ProcessId'>6416</Data><Data Name='Image'>C:\Windows\System32\RuntimeBroker.exe</Data><Data Name='FileVersion'>10.0.19041.746 (WinBuild.160101.0800)</Data><Data Name='Description'>Runtime Broker</Data><Data Name='Product'>Microsoft® Windows® Operating System</Data><Data Name='Company'>Microsoft Corporation</Data><Data Name='OriginalFileName'>RuntimeBroker.exe</Data><Data Name='CommandLine'>C:\Windows\System32\RuntimeBroker.exe -Embedding</Data><Data Name='CurrentDirectory'>C:\Windows\system32\</Data><Data Name='User'>DESKTOP-JP20VPR\BobWe</Data><Data Name='LogonGuid'>{ec47ca29-70bf-61d3-9db4-020000000000}</Data><Data Name='LogonId'>0x2b49d</Data><Data Name='TerminalSessionId'>1</Data><Data Name='IntegrityLevel'>Medium</Data><Data Name='Hashes'>SHA256=E86870769EE6C797E09457BD99C58D9BF2303CF0193A24EF9B1222C2C3DAF628</Data><Data Name='ParentProcessGuid'>{ec47ca29-70be-61d3-0d00-000000008600}</Data><Data Name='ParentProcessId'>1056</Data><Data Name='ParentImage'>C:\Windows\System32\svchost.exe</Data><Data Name='ParentCommandLine'>C:\Windows\system32\svchost.exe -k DcomLaunch -p</Data><Data Name='ParentUser'>NT AUTHORITY\SYSTEM</Data></EventData></Event><Event xmlns='http://schemas.microsoft.com/win/2004/08/events/event'><System><Provider Name='Microsoft-Windows-Sysmon' Guid='{5770385f-c22a-43e0-bf4c-06f5698ffbd9}'/><EventID>1</EventID><Version>5</Version><Level>4</Level><Task>1</Task><Opcode>0</Opcode><Keywords>0x8000000000000000</Keywords><TimeCreated SystemTime='2022-01-04T07:05:22.2011295Z'/><EventRecordID>1923</EventRecordID><Correlation/><Execution ProcessID='14108' ThreadID='3560'/><Channel>Microsoft-Windows-Sysmon/Operational</Channel><Computer>DESKTOP-JP20VPR</Computer><Security UserID='S-1-5-18'/></System><EventData><Data Name='RuleName'>-</Data><Data Name='UtcTime'>2022-01-04 07:05:22.197</Data><Data Name='ProcessGuid'>{ec47ca29-f1b2-61d3-b406-000000008600}</Data><Data Name='ProcessId'>19412</Data><Data Name='Image'>C:\Windows\System32\svchost.exe</Data><Data Name='FileVersion'>10.0.19041.546 (WinBuild.160101.0800)</Data><Data Name='Description'>Host Process for Windows Services</Data><Data Name='Product'>Microsoft® Windows® Operating System</Data><Data Name='Company'>Microsoft Corporation</Data><Data Name='OriginalFileName'>svchost.exe</Data><Data Name='CommandLine'>C:\Windows\System32\svchost.exe -k wsappx -p -s ClipSVC</Data><Data Name='CurrentDirectory'>C:\Windows\system32\</Data><Data Name='User'>NT AUTHORITY\SYSTEM</Data><Data Name='LogonGuid'>{ec47ca29-70be-61d3-e703-000000000000}</Data><Data Name='LogonId'>0x3e7</Data><Data Name='TerminalSessionId'>0</Data><Data Name='IntegrityLevel'>System</Data><Data Name='Hashes'>SHA256=643EC58E82E0272C97C2A59F6020970D881AF19C0AD5029DB9C958C13B6558C7</Data><Data Name='ParentProcessGuid'>{00000000-0000-0000-0000-000000000000}</Data><Data Name='ParentProcessId'>944</Data><Data Name='ParentImage'>-</Data><Data Name='ParentCommandLine'>-</Data><Data Name='ParentUser'>-</Data></EventData></Event><Event xmlns='http://schemas.microsoft.com/win/2004/08/events/event'><System><Provider Name='Microsoft-Windows-Sysmon' Guid='{5770385f-c22a-43e0-bf4c-06f5698ffbd9}'/><EventID>1</EventID><Version>5</Version><Level>4</Level><Task>1</Task><Opcode>0</Opcode><Keywords>0x8000000000000000</Keywords><TimeCreated SystemTime='2022-01-04T07:05:22.1944977Z'/><EventRecordID>1922</EventRecordID><Correlation/><Execution ProcessID='14108' ThreadID='3560'/><Channel>Microsoft-Windows-Sysmon/Operational</Channel><Computer>DESKTOP-JP20VPR</Computer><Security UserID='S-1-5-18'/></System><EventData><Data Name='RuleName'>-</Data><Data Name='UtcTime'>2022-01-04 07:05:22.190</Data><Data Name='ProcessGuid'>{ec47ca29-f1b2-61d3-b306-000000008600}</Data><Data Name='ProcessId'>13044</Data><Data Name='Image'>C:\Windows\System32\backgroundTaskHost.exe</Data><Data Name='FileVersion'>10.0.19041.546 (WinBuild.160101.0800)</Data><Data Name='Description'>Background Task Host</Data><Data Name='Product'>Microsoft® Windows® Operating System</Data><Data Name='Company'>Microsoft Corporation</Data><Data Name='OriginalFileName'>backgroundTaskHost.exe</Data><Data Name='CommandLine'>"C:\Windows\system32\backgroundTaskHost.exe" -ServerName:Microsoft.MicrosoftOfficeHub.AppX54h2e8jwdm50fj5ha8987vz1etpx7czd.mca</Data><Data Name='CurrentDirectory'>C:\Program Files\WindowsApps\Microsoft.MicrosoftOfficeHub_18.2110.13110.0_x64__8wekyb3d8bbwe\</Data><Data Name='User'>DESKTOP-JP20VPR\BobWe</Data><Data Name='LogonGuid'>{ec47ca29-70bf-61d3-9db4-020000000000}</Data><Data Name='LogonId'>0x2b49d</Data><Data Name='TerminalSessionId'>1</Data><Data Name='IntegrityLevel'>AppContainer</Data><Data Name='Hashes'>SHA256=20330D3CA71D58F4AEB432676CB6A3D5B97005954E45132FB083E90782EFDD50</Data><Data Name='ParentProcessGuid'>{ec47ca29-70be-61d3-0d00-000000008600}</Data><Data Name='ParentProcessId'>1056</Data><Data Name='ParentImage'>C:\Windows\System32\svchost.exe</Data><Data Name='ParentCommandLine'>C:\Windows\system32\svchost.exe -k DcomLaunch -p</Data><Data Name='ParentUser'>NT AUTHORITY\SYSTEM</Data></EventData></Event><Event xmlns='http://schemas.microsoft.com/win/2004/08/events/event'><System><Provider Name='Microsoft-Windows-Sysmon' Guid='{5770385f-c22a-43e0-bf4c-06f5698ffbd9}'/><EventID>1</EventID><Version>5</Version><Level>4</Level><Task>1</Task><Opcode>0</Opcode><Keywords>0x8000000000000000</Keywords><TimeCreated SystemTime='2022-01-04T07:04:22.8579711Z'/><EventRecordID>1921</EventRecordID><Correlation/><Execution ProcessID='14108' ThreadID='3560'/><Channel>Microsoft-Windows-Sysmon/Operational</Channel><Computer>DESKTOP-JP20VPR</Computer><Security UserID='S-1-5-18'/></System><EventData><Data Name='RuleName'>-</Data><Data Name='UtcTime'>2022-01-04 07:04:22.855</Data><Data Name='ProcessGuid'>{ec47ca29-f176-61d3-b206-000000008600}</Data><Data Name='ProcessId'>1640</Data><Data Name='Image'>C:\Windows\System32\svchost.exe</Data><Data Name='FileVersion'>10.0.19041.546 (WinBuild.160101.0800)</Data><Data Name='Description'>Host Process for Windows Services</Data><Data Name='Product'>Microsoft® Windows® Operating System</Data><Data Name='Company'>Microsoft Corporation</Data><Data Name='OriginalFileName'>svchost.exe</Data><Data Name='CommandLine'>C:\Windows\system32\svchost.exe -k netsvcs -p -s wlidsvc</Data><Data Name='CurrentDirectory'>C:\Windows\system32\</Data><Data Name='User'>NT AUTHORITY\SYSTEM</Data><Data Name='LogonGuid'>{ec47ca29-70be-61d3-e703-000000000000}</Data><Data Name='LogonId'>0x3e7</Data><Data Name='TerminalSessionId'>0</Data><Data Name='IntegrityLevel'>System</Data><Data Name='Hashes'>SHA256=643EC58E82E0272C97C2A59F6020970D881AF19C0AD5029DB9C958C13B6558C7</Data><Data Name='ParentProcessGuid'>{00000000-0000-0000-0000-000000000000}</Data><Data Name='ParentProcessId'>944</Data><Data Name='ParentImage'>-</Data><Data Name='ParentCommandLine'>-</Data><Data Name='ParentUser'>-</Data></EventData></Event><Event xmlns='http://schemas.microsoft.com/win/2004/08/events/event'><System><Provider Name='Microsoft-Windows-Sysmon' Guid='{5770385f-c22a-43e0-bf4c-06f5698ffbd9}'/><EventID>5</EventID><Version>3</Version><Level>4</Level><Task>5</Task><Opcode>0</Opcode><Keywords>0x8000000000000000</Keywords><TimeCreated SystemTime='2022-01-04T07:03:00.7936659Z'/><EventRecordID>1920</EventRecordID><Correlation/><Execution ProcessID='14108' ThreadID='3560'/><Channel>Microsoft-Windows-Sysmon/Operational</Channel><Computer>DESKTOP-JP20VPR</Computer><Security UserID='S-1-5-18'/></System><EventData><Data Name='RuleName'>-</Data><Data Name='UtcTime'>2022-01-04 07:03:00.793</Data><Data Name='ProcessGuid'>{ec47ca29-efbc-61d3-aa06-000000008600}</Data><Data Name='ProcessId'>2280</Data><Data Name='Image'>C:\Windows\System32\svchost.exe</Data><Data Name='User'>NT AUTHORITY\SYSTEM</Data></EventData></Event><Event xmlns='http://schemas.microsoft.com/win/2004/08/events/event'><System><Provider Name='Microsoft-Windows-Sysmon' Guid='{5770385f-c22a-43e0-bf4c-06f5698ffbd9}'/><EventID>5</EventID><Version>3</Version><Level>4</Level><Task>5</Task><Opcode>0</Opcode><Keywords>0x8000000000000000</Keywords><TimeCreated SystemTime='2022-01-04T07:02:16.7498743Z'/><EventRecordID>1919</EventRecordID><Correlation/><Execution ProcessID='14108' ThreadID='3560'/><Channel>Microsoft-Windows-Sysmon/Operational</Channel><Computer>DESKTOP-JP20VPR</Computer><Security UserID='S-1-5-18'/></System><EventData><Data Name='RuleName'>-</Data><Data Name='UtcTime'>2022-01-04 07:02:16.749</Data><Data Name='ProcessGuid'>{ec47ca29-f0f8-61d3-ae06-000000008600}</Data><Data Name='ProcessId'>9436</Data><Data Name='Image'>C:\Program Files (x86)\ASUS\Update\AsusUpdate.exe</Data><Data Name='User'>NT AUTHORITY\SYSTEM</Data></EventData></Event><Event xmlns='http://schemas.microsoft.com/win/2004/08/events/event'><System><Provider Name='Microsoft-Windows-Sysmon' Guid='{5770385f-c22a-43e0-bf4c-06f5698ffbd9}'/><EventID>5</EventID><Version>3</Version><Level>4</Level><Task>5</Task><Opcode>0</Opcode><Keywords>0x8000000000000000</Keywords><TimeCreated SystemTime='2022-01-04T07:02:16.7437096Z'/><EventRecordID>1918</EventRecordID><Correlation/><Execution ProcessID='14108' ThreadID='3560'/><Channel>Microsoft-Windows-Sysmon/Operational</Channel><Computer>DESKTOP-JP20VPR</Computer><Security UserID='S-1-5-18'/></System><EventData><Data Name='RuleName'>-</Data><Data Name='UtcTime'>2022-01-04 07:02:16.742</Data><Data Name='ProcessGuid'>{ec47ca29-f0f8-61d3-af06-000000008600}</Data><Data Name='ProcessId'>4344</Data><Data Name='Image'>C:\Program Files (x86)\ASUS\Update\1.3.107.65\Get-AppxVersion.exe</Data><Data Name='User'>NT AUTHORITY\SYSTEM</Data></EventData></Event><Event xmlns='http://schemas.microsoft.com/win/2004/08/events/event'><System><Provider Name='Microsoft-Windows-Sysmon' Guid='{5770385f-c22a-43e0-bf4c-06f5698ffbd9}'/><EventID>5</EventID><Version>3</Version><Level>4</Level><Task>5</Task><Opcode>0</Opcode><Keywords>0x8000000000000000</Keywords><TimeCreated SystemTime='2022-01-04T07:02:16.7404576Z'/><EventRecordID>1917</EventRecordID><Correlation/><Execution ProcessID='14108' ThreadID='3560'/><Channel>Microsoft-Windows-Sysmon/Operational</Channel><Computer>DESKTOP-JP20VPR</Computer><Security UserID='S-1-5-18'/></System><EventData><Data Name='RuleName'>-</Data><Data Name='UtcTime'>2022-01-04 07:02:16.740</Data><Data Name='ProcessGuid'>{ec47ca29-f0f8-61d3-b106-000000008600}</Data><Data Name='ProcessId'>15592</Data><Data Name='Image'>C:\Program Files (x86)\ASUS\Update\1.3.107.65\Get-AppxVersion.exe</Data><Data Name='User'>DESKTOP-JP20VPR\BobWe</Data></EventData></Event><Event xmlns='http://schemas.microsoft.com/win/2004/08/events/event'><System><Provider Name='Microsoft-Windows-Sysmon' Guid='{5770385f-c22a-43e0-bf4c-06f5698ffbd9}'/><EventID>1</EventID><Version>5</Version><Level>4</Level><Task>1</Task><Opcode>0</Opcode><Keywords>0x8000000000000000</Keywords><TimeCreated SystemTime='2022-01-04T07:02:16.7031468Z'/><EventRecordID>1916</EventRecordID><Correlation/><Execution ProcessID='14108' ThreadID='3560'/><Channel>Microsoft-Windows-Sysmon/Operational</Channel><Computer>DESKTOP-JP20VPR</Computer><Security UserID='S-1-5-18'/></System><EventData><Data Name='RuleName'>-</Data><Data Name='UtcTime'>2022-01-04 07:02:16.702</Data><Data Name='ProcessGuid'>{ec47ca29-f0f8-61d3-b106-000000008600}</Data><Data Name='ProcessId'>15592</Data><Data Name='Image'>C:\Program Files (x86)\ASUS\Update\1.3.107.65\Get-AppxVersion.exe</Data><Data Name='FileVersion'>1.4.1.0</Data><Data Name='Description'>Get-AppxVersion</Data><Data Name='Product'>Get-AppxVersion</Data><Data Name='Company'>-</Data><Data Name='OriginalFileName'>Get-AppxVersion.exe</Data><Data Name='CommandLine'>"C:\Program Files (x86)\ASUS\Update\1.3.107.65\Get-AppxVersion.exe" ui</Data><Data Name='CurrentDirectory'>C:\Program Files (x86)\ASUS\Update\1.3.107.65\</Data><Data Name='User'>DESKTOP-JP20VPR\BobWe</Data><Data Name='LogonGuid'>{ec47ca29-70bf-61d3-9db4-020000000000}</Data><Data Name='LogonId'>0x2b49d</Data><Data Name='TerminalSessionId'>1</Data><Data Name='IntegrityLevel'>Medium</Data><Data Name='Hashes'>SHA256=674AC1E401A5F0C13032D1C89CFF8AB61F0B3C82B2A8B1D6FAB9DEC6CA2DFF86</Data><Data Name='ParentProcessGuid'>{ec47ca29-f0f8-61d3-af06-000000008600}</Data><Data Name='ParentProcessId'>4344</Data><Data Name='ParentImage'>C:\Program Files (x86)\ASUS\Update\1.3.107.65\Get-AppxVersion.exe</Data><Data Name='ParentCommandLine'>"C:\Program Files (x86)\ASUS\Update\1.3.107.65\Get-AppxVersion.exe" ALL</Data><Data Name='ParentUser'>NT AUTHORITY\SYSTEM</Data></EventData></Event><Event xmlns='http://schemas.microsoft.com/win/2004/08/events/event'><System><Provider Name='Microsoft-Windows-Sysmon' Guid='{5770385f-c22a-43e0-bf4c-06f5698ffbd9}'/><EventID>1</EventID><Version>5</Version><Level>4</Level><Task>1</Task><Opcode>0</Opcode><Keywords>0x8000000000000000</Keywords><TimeCreated SystemTime='2022-01-04T07:02:16.6679840Z'/><EventRecordID>1915</EventRecordID><Correlation/><Execution ProcessID='14108' ThreadID='3560'/><Channel>Microsoft-Windows-Sysmon/Operational</Channel><Computer>DESKTOP-JP20VPR</Computer><Security UserID='S-1-5-18'/></System><EventData><Data Name='RuleName'>-</Data><Data Name='UtcTime'>2022-01-04 07:02:16.666</Data><Data Name='ProcessGuid'>{ec47ca29-f0f8-61d3-b006-000000008600}</Data><Data Name='ProcessId'>16120</Data><Data Name='Image'>C:\Windows\System32\svchost.exe</Data><Data Name='FileVersion'>10.0.19041.546 (WinBuild.160101.0800)</Data><Data Name='Description'>Host Process for Windows Services</Data><Data Name='Product'>Microsoft® Windows® Operating System</Data><Data Name='Company'>Microsoft Corporation</Data><Data Name='OriginalFileName'>svchost.exe</Data><Data Name='CommandLine'>C:\Windows\system32\svchost.exe -k wsappx -p -s AppXSvc</Data><Data Name='CurrentDirectory'>C:\Windows\system32\</Data><Data Name='User'>NT AUTHORITY\SYSTEM</Data><Data Name='LogonGuid'>{ec47ca29-70be-61d3-e703-000000000000}</Data><Data Name='LogonId'>0x3e7</Data><Data Name='TerminalSessionId'>0</Data><Data Name='IntegrityLevel'>System</Data><Data Name='Hashes'>SHA256=643EC58E82E0272C97C2A59F6020970D881AF19C0AD5029DB9C958C13B6558C7</Data><Data Name='ParentProcessGuid'>{00000000-0000-0000-0000-000000000000}</Data><Data Name='ParentProcessId'>944</Data><Data Name='ParentImage'>-</Data><Data Name='ParentCommandLine'>-</Data><Data Name='ParentUser'>-</Data></EventData></Event><Event xmlns='http://schemas.microsoft.com/win/2004/08/events/event'><System><Provider Name='Microsoft-Windows-Sysmon' Guid='{5770385f-c22a-43e0-bf4c-06f5698ffbd9}'/><EventID>1</EventID><Version>5</Version><Level>4</Level><Task>1</Task><Opcode>0</Opcode><Keywords>0x8000000000000000</Keywords><TimeCreated SystemTime='2022-01-04T07:02:16.5988848Z'/><EventRecordID>1914</EventRecordID><Correlation/><Execution ProcessID='14108' ThreadID='3560'/><Channel>Microsoft-Windows-Sysmon/Operational</Channel><Computer>DESKTOP-JP20VPR</Computer><Security UserID='S-1-5-18'/></System><EventData><Data Name='RuleName'>-</Data><Data Name='UtcTime'>2022-01-04 07:02:16.597</Data><Data Name='ProcessGuid'>{ec47ca29-f0f8-61d3-af06-000000008600}</Data><Data Name='ProcessId'>4344</Data><Data Name='Image'>C:\Program Files (x86)\ASUS\Update\1.3.107.65\Get-AppxVersion.exe</Data><Data Name='FileVersion'>1.4.1.0</Data><Data Name='Description'>Get-AppxVersion</Data><Data Name='Product'>Get-AppxVersion</Data><Data Name='Company'>-</Data><Data Name='OriginalFileName'>Get-AppxVersion.exe</Data><Data Name='CommandLine'>"C:\Program Files (x86)\ASUS\Update\1.3.107.65\Get-AppxVersion.exe" ALL</Data><Data Name='CurrentDirectory'>C:\Program Files (x86)\ASUS\Update\1.3.107.65\</Data><Data Name='User'>NT AUTHORITY\SYSTEM</Data><Data Name='LogonGuid'>{ec47ca29-70be-61d3-e703-000000000000}</Data><Data Name='LogonId'>0x3e7</Data><Data Name='TerminalSessionId'>0</Data><Data Name='IntegrityLevel'>System</Data><Data Name='Hashes'>SHA256=674AC1E401A5F0C13032D1C89CFF8AB61F0B3C82B2A8B1D6FAB9DEC6CA2DFF86</Data><Data Name='ParentProcessGuid'>{ec47ca29-f0f8-61d3-ae06-000000008600}</Data><Data Name='ParentProcessId'>9436</Data><Data Name='ParentImage'>C:\Program Files (x86)\ASUS\Update\AsusUpdate.exe</Data><Data Name='ParentCommandLine'>"C:\Program Files (x86)\ASUS\Update\AsusUpdate.exe" /ua /installsource scheduler</Data><Data Name='ParentUser'>NT AUTHORITY\SYSTEM</Data></EventData></Event><Event xmlns='http://schemas.microsoft.com/win/2004/08/events/event'><System><Provider Name='Microsoft-Windows-Sysmon' Guid='{5770385f-c22a-43e0-bf4c-06f5698ffbd9}'/><EventID>1</EventID><Version>5</Version><Level>4</Level><Task>1</Task><Opcode>0</Opcode><Keywords>0x8000000000000000</Keywords><TimeCreated SystemTime='2022-01-04T07:02:16.5159215Z'/><EventRecordID>1913</EventRecordID><Correlation/><Execution ProcessID='14108' ThreadID='3560'/><Channel>Microsoft-Windows-Sysmon/Operational</Channel><Computer>DESKTOP-JP20VPR</Computer><Security UserID='S-1-5-18'/></System><EventData><Data Name='RuleName'>-</Data><Data Name='UtcTime'>2022-01-04 07:02:16.511</Data><Data Name='ProcessGuid'>{ec47ca29-f0f8-61d3-ae06-000000008600}</Data><Data Name='ProcessId'>9436</Data><Data Name='Image'>C:\Program Files (x86)\ASUS\Update\AsusUpdate.exe</Data><Data Name='FileVersion'>1.3.107.15</Data><Data Name='Description'>ASUS Update</Data><Data Name='Product'>ASUS Update</Data><Data Name='Company'>ASUSTeK Computer Inc.</Data><Data Name='OriginalFileName'>AsusUpdate.exe</Data><Data Name='CommandLine'>"C:\Program Files (x86)\ASUS\Update\AsusUpdate.exe" /ua /installsource scheduler</Data><Data Name='CurrentDirectory'>C:\Windows\system32\</Data><Data Name='User'>NT AUTHORITY\SYSTEM</Data><Data Name='LogonGuid'>{ec47ca29-70be-61d3-e703-000000000000}</Data><Data Name='LogonId'>0x3e7</Data><Data Name='TerminalSessionId'>0</Data><Data Name='IntegrityLevel'>System</Data><Data Name='Hashes'>SHA256=F7971A3CECAF05B6270DFFC0C5895F36BDDED4B062A01D3FDB24D36E83AACAB7</Data><Data Name='ParentProcessGuid'>{ec47ca29-70bf-61d3-1c00-000000008600}</Data><Data Name='ParentProcessId'>1716</Data><Data Name='ParentImage'>C:\Windows\System32\svchost.exe</Data><Data Name='ParentCommandLine'>C:\Windows\system32\svchost.exe -k netsvcs -p -s Schedule</Data><Data Name='ParentUser'>NT AUTHORITY\SYSTEM</Data></EventData></Event><Event xmlns='http://schemas.microsoft.com/win/2004/08/events/event'><System><Provider Name='Microsoft-Windows-Sysmon' Guid='{5770385f-c22a-43e0-bf4c-06f5698ffbd9}'/><EventID>5</EventID><Version>3</Version><Level>4</Level><Task>5</Task><Opcode>0</Opcode><Keywords>0x8000000000000000</Keywords><TimeCreated SystemTime='2022-01-04T07:02:00.5679723Z'/><EventRecordID>1912</EventRecordID><Correlation/><Execution ProcessID='14108' ThreadID='3560'/><Channel>Microsoft-Windows-Sysmon/Operational</Channel><Computer>DESKTOP-JP20VPR</Computer><Security UserID='S-1-5-18'/></System><EventData><Data Name='RuleName'>-</Data><Data Name='UtcTime'>2022-01-04 07:02:00.567</Data><Data Name='ProcessGuid'>{ec47ca29-ef6c-61d3-a506-000000008600}</Data><Data Name='ProcessId'>7380</Data><Data Name='Image'>C:\Windows\System32\svchost.exe</Data><Data Name='User'>NT AUTHORITY\SYSTEM</Data></EventData></Event><Event xmlns='http://schemas.microsoft.com/win/2004/08/events/event'><System><Provider Name='Microsoft-Windows-Sysmon' Guid='{5770385f-c22a-43e0-bf4c-06f5698ffbd9}'/><EventID>5</EventID><Version>3</Version><Level>4</Level><Task>5</Task><Opcode>0</Opcode><Keywords>0x8000000000000000</Keywords><TimeCreated SystemTime='2022-01-04T06:59:44.1206903Z'/><EventRecordID>1911</EventRecordID><Correlation/><Execution ProcessID='14108' ThreadID='3560'/><Channel>Microsoft-Windows-Sysmon/Operational</Channel><Computer>DESKTOP-JP20VPR</Computer><Security UserID='S-1-5-18'/></System><EventData><Data Name='RuleName'>-</Data><Data Name='UtcTime'>2022-01-04 06:59:44.119</Data><Data Name='ProcessGuid'>{ec47ca29-f049-61d3-ad06-000000008600}</Data><Data Name='ProcessId'>8160</Data><Data Name='Image'>C:\Program Files\Microsoft Office\root\Office16\SDXHelper.exe</Data><Data Name='User'>DESKTOP-JP20VPR\BobWe</Data></EventData></Event>