Information	1/4/2022 2:31:23 PM	Microsoft-Windows-Sysmon	5	Process terminated (rule: ProcessTerminate)	S-1-5-18	Microsoft-Windows-Sysmon/Operational		Info	DESKTOP-JP20VPR	14108	3560						00000000-0000-0000-0000-000000000000	00000000-0000-0000-0000-000000000000		"Process terminated:
RuleName: -
UtcTime: 2022-01-04 19:31:23.399
ProcessGuid: {ec47ca29-a04c-61d4-ba09-000000008600}
ProcessId: 9976
Image: D:\Program Files\JetBrains\PyCharm Community Edition 2021.2.3\bin\pycharm64.exe
User: DESKTOP-JP20VPR\BobWe"
Information	1/4/2022 2:31:22 PM	Microsoft-Windows-Sysmon	5	Process terminated (rule: ProcessTerminate)	S-1-5-18	Microsoft-Windows-Sysmon/Operational		Info	DESKTOP-JP20VPR	14108	3560						00000000-0000-0000-0000-000000000000	00000000-0000-0000-0000-000000000000		"Process terminated:
RuleName: -
UtcTime: 2022-01-04 19:31:22.572
ProcessGuid: {ec47ca29-a057-61d4-bc09-000000008600}
ProcessId: 14956
Image: C:\Windows\System32\conhost.exe
User: DESKTOP-JP20VPR\BobWe"
Information	1/4/2022 2:31:22 PM	Microsoft-Windows-Sysmon	5	Process terminated (rule: ProcessTerminate)	S-1-5-18	Microsoft-Windows-Sysmon/Operational		Info	DESKTOP-JP20VPR	14108	3560						00000000-0000-0000-0000-000000000000	00000000-0000-0000-0000-000000000000		"Process terminated:
RuleName: -
UtcTime: 2022-01-04 19:31:22.571
ProcessGuid: {ec47ca29-a057-61d4-bb09-000000008600}
ProcessId: 7732
Image: D:\Program Files\JetBrains\PyCharm Community Edition 2021.2.3\bin\fsnotifier.exe
User: DESKTOP-JP20VPR\BobWe"
Information	1/4/2022 2:31:22 PM	Microsoft-Windows-Sysmon	5	Process terminated (rule: ProcessTerminate)	S-1-5-18	Microsoft-Windows-Sysmon/Operational		Info	DESKTOP-JP20VPR	14108	3560						00000000-0000-0000-0000-000000000000	00000000-0000-0000-0000-000000000000		"Process terminated:
RuleName: -
UtcTime: 2022-01-04 19:31:22.537
ProcessGuid: {ec47ca29-a05f-61d4-bd09-000000008600}
ProcessId: 6432
Image: D:\Program Files\JetBrains\PyCharm Community Edition 2021.2.3\jbr\bin\jcef_helper.exe
User: DESKTOP-JP20VPR\BobWe"
Information	1/4/2022 2:31:22 PM	Microsoft-Windows-Sysmon	5	Process terminated (rule: ProcessTerminate)	S-1-5-18	Microsoft-Windows-Sysmon/Operational		Info	DESKTOP-JP20VPR	14108	3560						00000000-0000-0000-0000-000000000000	00000000-0000-0000-0000-000000000000		"Process terminated:
RuleName: -
UtcTime: 2022-01-04 19:31:22.523
ProcessGuid: {ec47ca29-a061-61d4-be09-000000008600}
ProcessId: 3896
Image: D:\Program Files\JetBrains\PyCharm Community Edition 2021.2.3\jbr\bin\jcef_helper.exe
User: DESKTOP-JP20VPR\BobWe"
Information	1/4/2022 2:31:21 PM	Microsoft-Windows-Sysmon	1	Process Create (rule: ProcessCreate)	S-1-5-18	Microsoft-Windows-Sysmon/Operational		Info	DESKTOP-JP20VPR	14108	3560						00000000-0000-0000-0000-000000000000	00000000-0000-0000-0000-000000000000		"Process Create:
RuleName: -
UtcTime: 2022-01-04 19:31:21.838
ProcessGuid: {ec47ca29-a089-61d4-120a-000000008600}
ProcessId: 7568
Image: C:\ProgramData\Microsoft\Windows Defender\Platform\4.18.2111.5-0\MpCopyAccelerator.exe
FileVersion: 4.18.2111.5 (WinBuild.160101.0800)
Description: Microsoft Malware Protection Copy Accelerator Utility
Product: Microsoft® Windows® Operating System
Company: Microsoft Corporation
OriginalFileName: MpCopyAccelerator.exe
CommandLine: ""C:\ProgramData\Microsoft\Windows Defender\Platform\4.18.2111.5-0\MpCopyAccelerator.exe""
CurrentDirectory: C:\Windows\system32\
User: NT AUTHORITY\SYSTEM
LogonGuid: {ec47ca29-70be-61d3-e703-000000000000}
LogonId: 0x3E7
TerminalSessionId: 0
IntegrityLevel: System
Hashes: SHA256=9DAFA14CE9A36C1CC3B1D9910784657C2E8587365BCA59328B2B23D32B5A9DDF
ParentProcessGuid: {ec47ca29-70c3-61d3-6b00-000000008600}
ParentProcessId: 4972
ParentImage: C:\ProgramData\Microsoft\Windows Defender\Platform\4.18.2111.5-0\MsMpEng.exe
ParentCommandLine: ""C:\ProgramData\Microsoft\Windows Defender\Platform\4.18.2111.5-0\MsMpEng.exe""
ParentUser: NT AUTHORITY\SYSTEM"
Information	1/4/2022 2:31:20 PM	Microsoft-Windows-Sysmon	5	Process terminated (rule: ProcessTerminate)	S-1-5-18	Microsoft-Windows-Sysmon/Operational		Info	DESKTOP-JP20VPR	14108	3560						00000000-0000-0000-0000-000000000000	00000000-0000-0000-0000-000000000000		"Process terminated:
RuleName: -
UtcTime: 2022-01-04 19:31:20.952
ProcessGuid: {ec47ca29-a070-61d4-fe09-000000008600}
ProcessId: 7608
Image: C:\Windows\System32\conhost.exe
User: DESKTOP-JP20VPR\BobWe"
Information	1/4/2022 2:31:20 PM	Microsoft-Windows-Sysmon	5	Process terminated (rule: ProcessTerminate)	S-1-5-18	Microsoft-Windows-Sysmon/Operational		Info	DESKTOP-JP20VPR	14108	3560						00000000-0000-0000-0000-000000000000	00000000-0000-0000-0000-000000000000		"Process terminated:
RuleName: -
UtcTime: 2022-01-04 19:31:20.950
ProcessGuid: {ec47ca29-a070-61d4-fd09-000000008600}
ProcessId: 3812
Image: D:\Users\BobWe\anaconda3\python.exe
User: DESKTOP-JP20VPR\BobWe"
Information	1/4/2022 2:31:19 PM	Microsoft-Windows-Sysmon	5	Process terminated (rule: ProcessTerminate)	S-1-5-18	Microsoft-Windows-Sysmon/Operational		Info	DESKTOP-JP20VPR	14108	3560						00000000-0000-0000-0000-000000000000	00000000-0000-0000-0000-000000000000		"Process terminated:
RuleName: -
UtcTime: 2022-01-04 19:31:19.732
ProcessGuid: {ec47ca29-a031-61d4-b909-000000008600}
ProcessId: 10760
Image: C:\Program Files\Google\Chrome\Application\chrome.exe
User: DESKTOP-JP20VPR\BobWe"
Information	1/4/2022 2:31:12 PM	Microsoft-Windows-Sysmon	5	Process terminated (rule: ProcessTerminate)	S-1-5-18	Microsoft-Windows-Sysmon/Operational		Info	DESKTOP-JP20VPR	14108	3560						00000000-0000-0000-0000-000000000000	00000000-0000-0000-0000-000000000000		"Process terminated:
RuleName: -
UtcTime: 2022-01-04 19:31:12.401
ProcessGuid: {ec47ca29-a080-61d4-100a-000000008600}
ProcessId: 16532
Image: C:\Windows\System32\conhost.exe
User: DESKTOP-JP20VPR\BobWe"
Information	1/4/2022 2:31:12 PM	Microsoft-Windows-Sysmon	5	Process terminated (rule: ProcessTerminate)	S-1-5-18	Microsoft-Windows-Sysmon/Operational		Info	DESKTOP-JP20VPR	14108	3560						00000000-0000-0000-0000-000000000000	00000000-0000-0000-0000-000000000000		"Process terminated:
RuleName: -
UtcTime: 2022-01-04 19:31:12.401
ProcessGuid: {ec47ca29-a080-61d4-0f0a-000000008600}
ProcessId: 7552
Image: C:\Program Files\Git\cmd\git.exe
User: DESKTOP-JP20VPR\BobWe"
Information	1/4/2022 2:31:12 PM	Microsoft-Windows-Sysmon	5	Process terminated (rule: ProcessTerminate)	S-1-5-18	Microsoft-Windows-Sysmon/Operational		Info	DESKTOP-JP20VPR	14108	3560						00000000-0000-0000-0000-000000000000	00000000-0000-0000-0000-000000000000		"Process terminated:
RuleName: -
UtcTime: 2022-01-04 19:31:12.399
ProcessGuid: {ec47ca29-a080-61d4-110a-000000008600}
ProcessId: 7388
Image: C:\Program Files\Git\mingw64\bin\git.exe
User: DESKTOP-JP20VPR\BobWe"
Information	1/4/2022 2:31:12 PM	Microsoft-Windows-Sysmon	1	Process Create (rule: ProcessCreate)	S-1-5-18	Microsoft-Windows-Sysmon/Operational		Info	DESKTOP-JP20VPR	14108	3560						00000000-0000-0000-0000-000000000000	00000000-0000-0000-0000-000000000000		"Process Create:
RuleName: -
UtcTime: 2022-01-04 19:31:12.389
ProcessGuid: {ec47ca29-a080-61d4-110a-000000008600}
ProcessId: 7388
Image: C:\Program Files\Git\mingw64\bin\git.exe
FileVersion: -
Description: Git for Windows
Product: Git
Company: The Git Development Community
OriginalFileName: git.exe
CommandLine: git.exe -c credential.helper= -c core.quotepath=false -c log.showSignature=false log --pretty=format:%%x01%%x01%%H%%x02%%x02%%P%%x02%%x02%%ct%%x02%%x02%%an%%x02%%x02%%ae%%x02%%x02%%d%%x03%%x03 --encoding=UTF-8 --decorate=full HEAD --branches --remotes --tags --date-order --
CurrentDirectory: C:\Users\BobWe\OneDrive\Desktop\Projects\Projects2021\RummikubSimulator\
User: DESKTOP-JP20VPR\BobWe
LogonGuid: {ec47ca29-70bf-61d3-9db4-020000000000}
LogonId: 0x2B49D
TerminalSessionId: 1
IntegrityLevel: Medium
Hashes: SHA256=24A968B7F02C5B1168871E187F2C790B5D9511496226AD98327F9301532ED3D4
ParentProcessGuid: {ec47ca29-a080-61d4-0f0a-000000008600}
ParentProcessId: 7552
ParentImage: C:\Program Files\Git\cmd\git.exe
ParentCommandLine: ""C:\Program Files\Git\cmd\git.exe"" -c credential.helper= -c core.quotepath=false -c log.showSignature=false log --pretty=format:%x01%x01%H%x02%x02%P%x02%x02%ct%x02%x02%an%x02%x02%ae%x02%x02%d%x03%x03 --encoding=UTF-8 --decorate=full HEAD --branches --remotes --tags --date-order --
ParentUser: DESKTOP-JP20VPR\BobWe"
Information	1/4/2022 2:31:12 PM	Microsoft-Windows-Sysmon	1	Process Create (rule: ProcessCreate)	S-1-5-18	Microsoft-Windows-Sysmon/Operational		Info	DESKTOP-JP20VPR	14108	3560						00000000-0000-0000-0000-000000000000	00000000-0000-0000-0000-000000000000		"Process Create:
RuleName: -
UtcTime: 2022-01-04 19:31:12.371
ProcessGuid: {ec47ca29-a080-61d4-100a-000000008600}
ProcessId: 16532
Image: C:\Windows\System32\conhost.exe
FileVersion: 10.0.19041.1320 (WinBuild.160101.0800)
Description: Console Window Host
Product: Microsoft® Windows® Operating System
Company: Microsoft Corporation
OriginalFileName: CONHOST.EXE
CommandLine: \??\C:\Windows\system32\conhost.exe 0xffffffff -ForceV1
CurrentDirectory: C:\Windows
User: DESKTOP-JP20VPR\BobWe
LogonGuid: {ec47ca29-70bf-61d3-9db4-020000000000}
LogonId: 0x2B49D
TerminalSessionId: 1
IntegrityLevel: Medium
Hashes: SHA256=22117361C2C34CB18BEEE2CA9770B3AA6C8D032A0941991454DD222BEC6D9295
ParentProcessGuid: {ec47ca29-a080-61d4-0f0a-000000008600}
ParentProcessId: 7552
ParentImage: C:\Program Files\Git\cmd\git.exe
ParentCommandLine: ""C:\Program Files\Git\cmd\git.exe"" -c credential.helper= -c core.quotepath=false -c log.showSignature=false log --pretty=format:%x01%x01%H%x02%x02%P%x02%x02%ct%x02%x02%an%x02%x02%ae%x02%x02%d%x03%x03 --encoding=UTF-8 --decorate=full HEAD --branches --remotes --tags --date-order --
ParentUser: DESKTOP-JP20VPR\BobWe"
Information	1/4/2022 2:31:12 PM	Microsoft-Windows-Sysmon	1	Process Create (rule: ProcessCreate)	S-1-5-18	Microsoft-Windows-Sysmon/Operational		Info	DESKTOP-JP20VPR	14108	3560						00000000-0000-0000-0000-000000000000	00000000-0000-0000-0000-000000000000		"Process Create:
RuleName: -
UtcTime: 2022-01-04 19:31:12.369
ProcessGuid: {ec47ca29-a080-61d4-0f0a-000000008600}
ProcessId: 7552
Image: C:\Program Files\Git\cmd\git.exe
FileVersion: -
Description: Git for Windows
Product: Git
Company: The Git Development Community
OriginalFileName: git.exe
CommandLine: ""C:\Program Files\Git\cmd\git.exe"" -c credential.helper= -c core.quotepath=false -c log.showSignature=false log --pretty=format:%%x01%%x01%%H%%x02%%x02%%P%%x02%%x02%%ct%%x02%%x02%%an%%x02%%x02%%ae%%x02%%x02%%d%%x03%%x03 --encoding=UTF-8 --decorate=full HEAD --branches --remotes --tags --date-order --
CurrentDirectory: C:\Users\BobWe\OneDrive\Desktop\Projects\Projects2021\RummikubSimulator\
User: DESKTOP-JP20VPR\BobWe
LogonGuid: {ec47ca29-70bf-61d3-9db4-020000000000}
LogonId: 0x2B49D
TerminalSessionId: 1
IntegrityLevel: Medium
Hashes: SHA256=E5326C66D1FE8E8C66CCFE39068A450A7B8E1713F17957FC8FC947AF96386FC2
ParentProcessGuid: {ec47ca29-a04c-61d4-ba09-000000008600}
ParentProcessId: 9976
ParentImage: D:\Program Files\JetBrains\PyCharm Community Edition 2021.2.3\bin\pycharm64.exe
ParentCommandLine: ""D:\Program Files\JetBrains\PyCharm Community Edition 2021.2.3\bin\pycharm64.exe"" 
ParentUser: DESKTOP-JP20VPR\BobWe"
Information	1/4/2022 2:31:12 PM	Microsoft-Windows-Sysmon	5	Process terminated (rule: ProcessTerminate)	S-1-5-18	Microsoft-Windows-Sysmon/Operational		Info	DESKTOP-JP20VPR	14108	3560						00000000-0000-0000-0000-000000000000	00000000-0000-0000-0000-000000000000		"Process terminated:
RuleName: -
UtcTime: 2022-01-04 19:31:12.209
ProcessGuid: {ec47ca29-a080-61d4-0d0a-000000008600}
ProcessId: 13720
Image: C:\Windows\System32\conhost.exe
User: DESKTOP-JP20VPR\BobWe"
Information	1/4/2022 2:31:12 PM	Microsoft-Windows-Sysmon	5	Process terminated (rule: ProcessTerminate)	S-1-5-18	Microsoft-Windows-Sysmon/Operational		Info	DESKTOP-JP20VPR	14108	3560						00000000-0000-0000-0000-000000000000	00000000-0000-0000-0000-000000000000		"Process terminated:
RuleName: -
UtcTime: 2022-01-04 19:31:12.208
ProcessGuid: {ec47ca29-a080-61d4-0c0a-000000008600}
ProcessId: 14440
Image: C:\Program Files\Git\cmd\git.exe
User: DESKTOP-JP20VPR\BobWe"
Information	1/4/2022 2:31:12 PM	Microsoft-Windows-Sysmon	5	Process terminated (rule: ProcessTerminate)	S-1-5-18	Microsoft-Windows-Sysmon/Operational		Info	DESKTOP-JP20VPR	14108	3560						00000000-0000-0000-0000-000000000000	00000000-0000-0000-0000-000000000000		"Process terminated:
RuleName: -
UtcTime: 2022-01-04 19:31:12.207
ProcessGuid: {ec47ca29-a080-61d4-0e0a-000000008600}
ProcessId: 5328
Image: C:\Program Files\Git\mingw64\bin\git.exe
User: DESKTOP-JP20VPR\BobWe"
Information	1/4/2022 2:31:12 PM	Microsoft-Windows-Sysmon	1	Process Create (rule: ProcessCreate)	S-1-5-18	Microsoft-Windows-Sysmon/Operational		Info	DESKTOP-JP20VPR	14108	3560						00000000-0000-0000-0000-000000000000	00000000-0000-0000-0000-000000000000		"Process Create:
RuleName: -
UtcTime: 2022-01-04 19:31:12.193
ProcessGuid: {ec47ca29-a080-61d4-0e0a-000000008600}
ProcessId: 5328
Image: C:\Program Files\Git\mingw64\bin\git.exe
FileVersion: -
Description: Git for Windows
Product: Git
Company: The Git Development Community
OriginalFileName: git.exe
CommandLine: git.exe -c credential.helper= -c core.quotepath=false -c log.showSignature=false log HEAD --branches --remotes --max-count=2000 --pretty=format:%%x01%%x01%%H%%x02%%x02%%P%%x02%%x02%%ct%%x02%%x02%%cn%%x02%%x02%%ce%%x02%%x02%%an%%x02%%x02%%at%%x02%%x02%%ae%%x02%%x02%%s%%x02%%x02%%b%%x02%%x02%%B%%x02%%x02%%d%%x03%%x03 --encoding=UTF-8 --decorate=full --
CurrentDirectory: C:\Users\BobWe\OneDrive\Desktop\Projects\Projects2021\RummikubSimulator\
User: DESKTOP-JP20VPR\BobWe
LogonGuid: {ec47ca29-70bf-61d3-9db4-020000000000}
LogonId: 0x2B49D
TerminalSessionId: 1
IntegrityLevel: Medium
Hashes: SHA256=24A968B7F02C5B1168871E187F2C790B5D9511496226AD98327F9301532ED3D4
ParentProcessGuid: {ec47ca29-a080-61d4-0c0a-000000008600}
ParentProcessId: 14440
ParentImage: C:\Program Files\Git\cmd\git.exe
ParentCommandLine: ""C:\Program Files\Git\cmd\git.exe"" -c credential.helper= -c core.quotepath=false -c log.showSignature=false log HEAD --branches --remotes --max-count=2000 --pretty=format:%x01%x01%H%x02%x02%P%x02%x02%ct%x02%x02%cn%x02%x02%ce%x02%x02%an%x02%x02%at%x02%x02%ae%x02%x02%s%x02%x02%b%x02%x02%B%x02%x02%d%x03%x03 --encoding=UTF-8 --decorate=full --
ParentUser: DESKTOP-JP20VPR\BobWe"
Information	1/4/2022 2:31:12 PM	Microsoft-Windows-Sysmon	1	Process Create (rule: ProcessCreate)	S-1-5-18	Microsoft-Windows-Sysmon/Operational		Info	DESKTOP-JP20VPR	14108	3560						00000000-0000-0000-0000-000000000000	00000000-0000-0000-0000-000000000000		"Process Create:
RuleName: -
UtcTime: 2022-01-04 19:31:12.172
ProcessGuid: {ec47ca29-a080-61d4-0d0a-000000008600}
ProcessId: 13720
Image: C:\Windows\System32\conhost.exe
FileVersion: 10.0.19041.1320 (WinBuild.160101.0800)
Description: Console Window Host
Product: Microsoft® Windows® Operating System
Company: Microsoft Corporation
OriginalFileName: CONHOST.EXE
CommandLine: \??\C:\Windows\system32\conhost.exe 0xffffffff -ForceV1
CurrentDirectory: C:\Windows
User: DESKTOP-JP20VPR\BobWe
LogonGuid: {ec47ca29-70bf-61d3-9db4-020000000000}
LogonId: 0x2B49D
TerminalSessionId: 1
IntegrityLevel: Medium
Hashes: SHA256=22117361C2C34CB18BEEE2CA9770B3AA6C8D032A0941991454DD222BEC6D9295
ParentProcessGuid: {ec47ca29-a080-61d4-0c0a-000000008600}
ParentProcessId: 14440
ParentImage: C:\Program Files\Git\cmd\git.exe
ParentCommandLine: ""C:\Program Files\Git\cmd\git.exe"" -c credential.helper= -c core.quotepath=false -c log.showSignature=false log HEAD --branches --remotes --max-count=2000 --pretty=format:%x01%x01%H%x02%x02%P%x02%x02%ct%x02%x02%cn%x02%x02%ce%x02%x02%an%x02%x02%at%x02%x02%ae%x02%x02%s%x02%x02%b%x02%x02%B%x02%x02%d%x03%x03 --encoding=UTF-8 --decorate=full --
ParentUser: DESKTOP-JP20VPR\BobWe"
Information	1/4/2022 2:31:12 PM	Microsoft-Windows-Sysmon	1	Process Create (rule: ProcessCreate)	S-1-5-18	Microsoft-Windows-Sysmon/Operational		Info	DESKTOP-JP20VPR	14108	3560						00000000-0000-0000-0000-000000000000	00000000-0000-0000-0000-000000000000		"Process Create:
RuleName: -
UtcTime: 2022-01-04 19:31:12.170
ProcessGuid: {ec47ca29-a080-61d4-0c0a-000000008600}
ProcessId: 14440
Image: C:\Program Files\Git\cmd\git.exe
FileVersion: -
Description: Git for Windows
Product: Git
Company: The Git Development Community
OriginalFileName: git.exe
CommandLine: ""C:\Program Files\Git\cmd\git.exe"" -c credential.helper= -c core.quotepath=false -c log.showSignature=false log HEAD --branches --remotes --max-count=2000 --pretty=format:%%x01%%x01%%H%%x02%%x02%%P%%x02%%x02%%ct%%x02%%x02%%cn%%x02%%x02%%ce%%x02%%x02%%an%%x02%%x02%%at%%x02%%x02%%ae%%x02%%x02%%s%%x02%%x02%%b%%x02%%x02%%B%%x02%%x02%%d%%x03%%x03 --encoding=UTF-8 --decorate=full --
CurrentDirectory: C:\Users\BobWe\OneDrive\Desktop\Projects\Projects2021\RummikubSimulator\
User: DESKTOP-JP20VPR\BobWe
LogonGuid: {ec47ca29-70bf-61d3-9db4-020000000000}
LogonId: 0x2B49D
TerminalSessionId: 1
IntegrityLevel: Medium
Hashes: SHA256=E5326C66D1FE8E8C66CCFE39068A450A7B8E1713F17957FC8FC947AF96386FC2
ParentProcessGuid: {ec47ca29-a04c-61d4-ba09-000000008600}
ParentProcessId: 9976
ParentImage: D:\Program Files\JetBrains\PyCharm Community Edition 2021.2.3\bin\pycharm64.exe
ParentCommandLine: ""D:\Program Files\JetBrains\PyCharm Community Edition 2021.2.3\bin\pycharm64.exe"" 
ParentUser: DESKTOP-JP20VPR\BobWe"
Information	1/4/2022 2:31:07 PM	Microsoft-Windows-Sysmon	5	Process terminated (rule: ProcessTerminate)	S-1-5-18	Microsoft-Windows-Sysmon/Operational		Info	DESKTOP-JP20VPR	14108	3560						00000000-0000-0000-0000-000000000000	00000000-0000-0000-0000-000000000000		"Process terminated:
RuleName: -
UtcTime: 2022-01-04 19:31:07.730
ProcessGuid: {ec47ca29-a07b-61d4-090a-000000008600}
ProcessId: 13236
Image: C:\Windows\System32\conhost.exe
User: DESKTOP-JP20VPR\BobWe"
Information	1/4/2022 2:31:07 PM	Microsoft-Windows-Sysmon	5	Process terminated (rule: ProcessTerminate)	S-1-5-18	Microsoft-Windows-Sysmon/Operational		Info	DESKTOP-JP20VPR	14108	3560						00000000-0000-0000-0000-000000000000	00000000-0000-0000-0000-000000000000		"Process terminated:
RuleName: -
UtcTime: 2022-01-04 19:31:07.729
ProcessGuid: {ec47ca29-a07b-61d4-080a-000000008600}
ProcessId: 8632
Image: D:\Program Files\JetBrains\PyCharm Community Edition 2021.2.3\bin\runnerw.exe
User: DESKTOP-JP20VPR\BobWe"
Information	1/4/2022 2:31:07 PM	Microsoft-Windows-Sysmon	5	Process terminated (rule: ProcessTerminate)	S-1-5-18	Microsoft-Windows-Sysmon/Operational		Info	DESKTOP-JP20VPR	14108	3560						00000000-0000-0000-0000-000000000000	00000000-0000-0000-0000-000000000000		"Process terminated:
RuleName: -
UtcTime: 2022-01-04 19:31:07.715
ProcessGuid: {ec47ca29-a07b-61d4-0a0a-000000008600}
ProcessId: 13772
Image: C:\Program Files\Git\cmd\git.exe
User: DESKTOP-JP20VPR\BobWe"
Information	1/4/2022 2:31:07 PM	Microsoft-Windows-Sysmon	5	Process terminated (rule: ProcessTerminate)	S-1-5-18	Microsoft-Windows-Sysmon/Operational		Info	DESKTOP-JP20VPR	14108	3560						00000000-0000-0000-0000-000000000000	00000000-0000-0000-0000-000000000000		"Process terminated:
RuleName: -
UtcTime: 2022-01-04 19:31:07.713
ProcessGuid: {ec47ca29-a07b-61d4-0b0a-000000008600}
ProcessId: 9084
Image: C:\Program Files\Git\mingw64\bin\git.exe
User: DESKTOP-JP20VPR\BobWe"
Information	1/4/2022 2:31:07 PM	Microsoft-Windows-Sysmon	1	Process Create (rule: ProcessCreate)	S-1-5-18	Microsoft-Windows-Sysmon/Operational		Info	DESKTOP-JP20VPR	14108	3560						00000000-0000-0000-0000-000000000000	00000000-0000-0000-0000-000000000000		"Process Create:
RuleName: -
UtcTime: 2022-01-04 19:31:07.701
ProcessGuid: {ec47ca29-a07b-61d4-0b0a-000000008600}
ProcessId: 9084
Image: C:\Program Files\Git\mingw64\bin\git.exe
FileVersion: -
Description: Git for Windows
Product: Git
Company: The Git Development Community
OriginalFileName: git.exe
CommandLine: git.exe -c credential.helper= -c core.quotepath=false -c log.showSignature=false status --porcelain -z --no-renames --untracked-files=all --ignored=matching --
CurrentDirectory: C:\Users\BobWe\OneDrive\Desktop\Projects\Projects2021\RummikubSimulator\
User: DESKTOP-JP20VPR\BobWe
LogonGuid: {ec47ca29-70bf-61d3-9db4-020000000000}
LogonId: 0x2B49D
TerminalSessionId: 1
IntegrityLevel: Medium
Hashes: SHA256=24A968B7F02C5B1168871E187F2C790B5D9511496226AD98327F9301532ED3D4
ParentProcessGuid: {ec47ca29-a07b-61d4-0a0a-000000008600}
ParentProcessId: 13772
ParentImage: C:\Program Files\Git\cmd\git.exe
ParentCommandLine: ""C:\Program Files\Git\cmd\git.exe"" -c credential.helper= -c core.quotepath=false -c log.showSignature=false status --porcelain -z --no-renames --untracked-files=all --ignored=matching --
ParentUser: DESKTOP-JP20VPR\BobWe"
Information	1/4/2022 2:31:07 PM	Microsoft-Windows-Sysmon	1	Process Create (rule: ProcessCreate)	S-1-5-18	Microsoft-Windows-Sysmon/Operational		Info	DESKTOP-JP20VPR	14108	3560						00000000-0000-0000-0000-000000000000	00000000-0000-0000-0000-000000000000		"Process Create:
RuleName: -
UtcTime: 2022-01-04 19:31:07.694
ProcessGuid: {ec47ca29-a07b-61d4-0a0a-000000008600}
ProcessId: 13772
Image: C:\Program Files\Git\cmd\git.exe
FileVersion: -
Description: Git for Windows
Product: Git
Company: The Git Development Community
OriginalFileName: git.exe
CommandLine: ""C:\Program Files\Git\cmd\git.exe"" -c credential.helper= -c core.quotepath=false -c log.showSignature=false status --porcelain -z --no-renames --untracked-files=all --ignored=matching --
CurrentDirectory: C:\Users\BobWe\OneDrive\Desktop\Projects\Projects2021\RummikubSimulator\
User: DESKTOP-JP20VPR\BobWe
LogonGuid: {ec47ca29-70bf-61d3-9db4-020000000000}
LogonId: 0x2B49D
TerminalSessionId: 1
IntegrityLevel: Medium
Hashes: SHA256=E5326C66D1FE8E8C66CCFE39068A450A7B8E1713F17957FC8FC947AF96386FC2
ParentProcessGuid: {ec47ca29-a07b-61d4-080a-000000008600}
ParentProcessId: 8632
ParentImage: D:\Program Files\JetBrains\PyCharm Community Edition 2021.2.3\bin\runnerw.exe
ParentCommandLine: ""D:\Program Files\JetBrains\PyCharm Community Edition 2021.2.3\bin\runnerw.exe"" ""C:\Program Files\Git\cmd\git.exe"" -c credential.helper= -c core.quotepath=false -c log.showSignature=false status --porcelain -z --no-renames --untracked-files=all --ignored=matching --
ParentUser: DESKTOP-JP20VPR\BobWe"
Information	1/4/2022 2:31:07 PM	Microsoft-Windows-Sysmon	1	Process Create (rule: ProcessCreate)	S-1-5-18	Microsoft-Windows-Sysmon/Operational		Info	DESKTOP-JP20VPR	14108	3560						00000000-0000-0000-0000-000000000000	00000000-0000-0000-0000-000000000000		"Process Create:
RuleName: -
UtcTime: 2022-01-04 19:31:07.671
ProcessGuid: {ec47ca29-a07b-61d4-090a-000000008600}
ProcessId: 13236
Image: C:\Windows\System32\conhost.exe
FileVersion: 10.0.19041.1320 (WinBuild.160101.0800)
Description: Console Window Host
Product: Microsoft® Windows® Operating System
Company: Microsoft Corporation
OriginalFileName: CONHOST.EXE
CommandLine: \??\C:\Windows\system32\conhost.exe 0xffffffff -ForceV1
CurrentDirectory: C:\Windows
User: DESKTOP-JP20VPR\BobWe
LogonGuid: {ec47ca29-70bf-61d3-9db4-020000000000}
LogonId: 0x2B49D
TerminalSessionId: 1
IntegrityLevel: Medium
Hashes: SHA256=22117361C2C34CB18BEEE2CA9770B3AA6C8D032A0941991454DD222BEC6D9295
ParentProcessGuid: {ec47ca29-a07b-61d4-080a-000000008600}
ParentProcessId: 8632
ParentImage: D:\Program Files\JetBrains\PyCharm Community Edition 2021.2.3\bin\runnerw.exe
ParentCommandLine: ""D:\Program Files\JetBrains\PyCharm Community Edition 2021.2.3\bin\runnerw.exe"" ""C:\Program Files\Git\cmd\git.exe"" -c credential.helper= -c core.quotepath=false -c log.showSignature=false status --porcelain -z --no-renames --untracked-files=all --ignored=matching --
ParentUser: DESKTOP-JP20VPR\BobWe"
Information	1/4/2022 2:31:07 PM	Microsoft-Windows-Sysmon	1	Process Create (rule: ProcessCreate)	S-1-5-18	Microsoft-Windows-Sysmon/Operational		Info	DESKTOP-JP20VPR	14108	3560						00000000-0000-0000-0000-000000000000	00000000-0000-0000-0000-000000000000		"Process Create:
RuleName: -
UtcTime: 2022-01-04 19:31:07.668
ProcessGuid: {ec47ca29-a07b-61d4-080a-000000008600}
ProcessId: 8632
Image: D:\Program Files\JetBrains\PyCharm Community Edition 2021.2.3\bin\runnerw.exe
FileVersion: 1.0.0.1
Description: Command line runner
Product: IntelliJ Platform
Company: JetBrains s.r.o.
OriginalFileName: runnerw.exe
CommandLine: ""D:\Program Files\JetBrains\PyCharm Community Edition 2021.2.3\bin\runnerw.exe"" ""C:\Program Files\Git\cmd\git.exe"" -c credential.helper= -c core.quotepath=false -c log.showSignature=false status --porcelain -z --no-renames --untracked-files=all --ignored=matching --
CurrentDirectory: C:\Users\BobWe\OneDrive\Desktop\Projects\Projects2021\RummikubSimulator\
User: DESKTOP-JP20VPR\BobWe
LogonGuid: {ec47ca29-70bf-61d3-9db4-020000000000}
LogonId: 0x2B49D
TerminalSessionId: 1
IntegrityLevel: Medium
Hashes: SHA256=FA90256C0A1FFB19B58D96065AB449ED5DC92B323DCABFD826462AEA6148A309
ParentProcessGuid: {ec47ca29-a04c-61d4-ba09-000000008600}
ParentProcessId: 9976
ParentImage: D:\Program Files\JetBrains\PyCharm Community Edition 2021.2.3\bin\pycharm64.exe
ParentCommandLine: ""D:\Program Files\JetBrains\PyCharm Community Edition 2021.2.3\bin\pycharm64.exe"" 
ParentUser: DESKTOP-JP20VPR\BobWe"
Information	1/4/2022 2:31:07 PM	Microsoft-Windows-Sysmon	5	Process terminated (rule: ProcessTerminate)	S-1-5-18	Microsoft-Windows-Sysmon/Operational		Info	DESKTOP-JP20VPR	14108	3560						00000000-0000-0000-0000-000000000000	00000000-0000-0000-0000-000000000000		"Process terminated:
RuleName: -
UtcTime: 2022-01-04 19:31:07.557
ProcessGuid: {ec47ca29-a07b-61d4-050a-000000008600}
ProcessId: 13424
Image: C:\Windows\System32\conhost.exe
User: DESKTOP-JP20VPR\BobWe"
Information	1/4/2022 2:31:07 PM	Microsoft-Windows-Sysmon	5	Process terminated (rule: ProcessTerminate)	S-1-5-18	Microsoft-Windows-Sysmon/Operational		Info	DESKTOP-JP20VPR	14108	3560						00000000-0000-0000-0000-000000000000	00000000-0000-0000-0000-000000000000		"Process terminated:
RuleName: -
UtcTime: 2022-01-04 19:31:07.556
ProcessGuid: {ec47ca29-a07b-61d4-040a-000000008600}
ProcessId: 16888
Image: D:\Program Files\JetBrains\PyCharm Community Edition 2021.2.3\bin\runnerw.exe
User: DESKTOP-JP20VPR\BobWe"
Information	1/4/2022 2:31:07 PM	Microsoft-Windows-Sysmon	5	Process terminated (rule: ProcessTerminate)	S-1-5-18	Microsoft-Windows-Sysmon/Operational		Info	DESKTOP-JP20VPR	14108	3560						00000000-0000-0000-0000-000000000000	00000000-0000-0000-0000-000000000000		"Process terminated:
RuleName: -
UtcTime: 2022-01-04 19:31:07.529
ProcessGuid: {ec47ca29-a07b-61d4-060a-000000008600}
ProcessId: 3640
Image: C:\Program Files\Git\cmd\git.exe
User: DESKTOP-JP20VPR\BobWe"
Information	1/4/2022 2:31:07 PM	Microsoft-Windows-Sysmon	5	Process terminated (rule: ProcessTerminate)	S-1-5-18	Microsoft-Windows-Sysmon/Operational		Info	DESKTOP-JP20VPR	14108	3560						00000000-0000-0000-0000-000000000000	00000000-0000-0000-0000-000000000000		"Process terminated:
RuleName: -
UtcTime: 2022-01-04 19:31:07.527
ProcessGuid: {ec47ca29-a07b-61d4-070a-000000008600}
ProcessId: 17404
Image: C:\Program Files\Git\mingw64\bin\git.exe
User: DESKTOP-JP20VPR\BobWe"
Information	1/4/2022 2:31:07 PM	Microsoft-Windows-Sysmon	1	Process Create (rule: ProcessCreate)	S-1-5-18	Microsoft-Windows-Sysmon/Operational		Info	DESKTOP-JP20VPR	14108	3560						00000000-0000-0000-0000-000000000000	00000000-0000-0000-0000-000000000000		"Process Create:
RuleName: -
UtcTime: 2022-01-04 19:31:07.504
ProcessGuid: {ec47ca29-a07b-61d4-070a-000000008600}
ProcessId: 17404
Image: C:\Program Files\Git\mingw64\bin\git.exe
FileVersion: -
Description: Git for Windows
Product: Git
Company: The Git Development Community
OriginalFileName: git.exe
CommandLine: git.exe -c credential.helper= -c core.quotepath=false -c log.showSignature=false status --porcelain -z --untracked-files=no --ignored=no -- .
CurrentDirectory: C:\Users\BobWe\OneDrive\Desktop\Projects\Projects2021\RummikubSimulator\
User: DESKTOP-JP20VPR\BobWe
LogonGuid: {ec47ca29-70bf-61d3-9db4-020000000000}
LogonId: 0x2B49D
TerminalSessionId: 1
IntegrityLevel: Medium
Hashes: SHA256=24A968B7F02C5B1168871E187F2C790B5D9511496226AD98327F9301532ED3D4
ParentProcessGuid: {ec47ca29-a07b-61d4-060a-000000008600}
ParentProcessId: 3640
ParentImage: C:\Program Files\Git\cmd\git.exe
ParentCommandLine: ""C:\Program Files\Git\cmd\git.exe"" -c credential.helper= -c core.quotepath=false -c log.showSignature=false status --porcelain -z --untracked-files=no --ignored=no -- .
ParentUser: DESKTOP-JP20VPR\BobWe"
Information	1/4/2022 2:31:07 PM	Microsoft-Windows-Sysmon	1	Process Create (rule: ProcessCreate)	S-1-5-18	Microsoft-Windows-Sysmon/Operational		Info	DESKTOP-JP20VPR	14108	3560						00000000-0000-0000-0000-000000000000	00000000-0000-0000-0000-000000000000		"Process Create:
RuleName: -
UtcTime: 2022-01-04 19:31:07.498
ProcessGuid: {ec47ca29-a07b-61d4-060a-000000008600}
ProcessId: 3640
Image: C:\Program Files\Git\cmd\git.exe
FileVersion: -
Description: Git for Windows
Product: Git
Company: The Git Development Community
OriginalFileName: git.exe
CommandLine: ""C:\Program Files\Git\cmd\git.exe"" -c credential.helper= -c core.quotepath=false -c log.showSignature=false status --porcelain -z --untracked-files=no --ignored=no -- .
CurrentDirectory: C:\Users\BobWe\OneDrive\Desktop\Projects\Projects2021\RummikubSimulator\
User: DESKTOP-JP20VPR\BobWe
LogonGuid: {ec47ca29-70bf-61d3-9db4-020000000000}
LogonId: 0x2B49D
TerminalSessionId: 1
IntegrityLevel: Medium
Hashes: SHA256=E5326C66D1FE8E8C66CCFE39068A450A7B8E1713F17957FC8FC947AF96386FC2
ParentProcessGuid: {ec47ca29-a07b-61d4-040a-000000008600}
ParentProcessId: 16888
ParentImage: D:\Program Files\JetBrains\PyCharm Community Edition 2021.2.3\bin\runnerw.exe
ParentCommandLine: ""D:\Program Files\JetBrains\PyCharm Community Edition 2021.2.3\bin\runnerw.exe"" ""C:\Program Files\Git\cmd\git.exe"" -c credential.helper= -c core.quotepath=false -c log.showSignature=false status --porcelain -z --untracked-files=no --ignored=no -- .
ParentUser: DESKTOP-JP20VPR\BobWe"
Information	1/4/2022 2:31:07 PM	Microsoft-Windows-Sysmon	1	Process Create (rule: ProcessCreate)	S-1-5-18	Microsoft-Windows-Sysmon/Operational		Info	DESKTOP-JP20VPR	14108	3560						00000000-0000-0000-0000-000000000000	00000000-0000-0000-0000-000000000000		"Process Create:
RuleName: -
UtcTime: 2022-01-04 19:31:07.476
ProcessGuid: {ec47ca29-a07b-61d4-050a-000000008600}
ProcessId: 13424
Image: C:\Windows\System32\conhost.exe
FileVersion: 10.0.19041.1320 (WinBuild.160101.0800)
Description: Console Window Host
Product: Microsoft® Windows® Operating System
Company: Microsoft Corporation
OriginalFileName: CONHOST.EXE
CommandLine: \??\C:\Windows\system32\conhost.exe 0xffffffff -ForceV1
CurrentDirectory: C:\Windows
User: DESKTOP-JP20VPR\BobWe
LogonGuid: {ec47ca29-70bf-61d3-9db4-020000000000}
LogonId: 0x2B49D
TerminalSessionId: 1
IntegrityLevel: Medium
Hashes: SHA256=22117361C2C34CB18BEEE2CA9770B3AA6C8D032A0941991454DD222BEC6D9295
ParentProcessGuid: {ec47ca29-a07b-61d4-040a-000000008600}
ParentProcessId: 16888
ParentImage: D:\Program Files\JetBrains\PyCharm Community Edition 2021.2.3\bin\runnerw.exe
ParentCommandLine: ""D:\Program Files\JetBrains\PyCharm Community Edition 2021.2.3\bin\runnerw.exe"" ""C:\Program Files\Git\cmd\git.exe"" -c credential.helper= -c core.quotepath=false -c log.showSignature=false status --porcelain -z --untracked-files=no --ignored=no -- .
ParentUser: DESKTOP-JP20VPR\BobWe"
Information	1/4/2022 2:31:07 PM	Microsoft-Windows-Sysmon	1	Process Create (rule: ProcessCreate)	S-1-5-18	Microsoft-Windows-Sysmon/Operational		Info	DESKTOP-JP20VPR	14108	3560						00000000-0000-0000-0000-000000000000	00000000-0000-0000-0000-000000000000		"Process Create:
RuleName: -
UtcTime: 2022-01-04 19:31:07.473
ProcessGuid: {ec47ca29-a07b-61d4-040a-000000008600}
ProcessId: 16888
Image: D:\Program Files\JetBrains\PyCharm Community Edition 2021.2.3\bin\runnerw.exe
FileVersion: 1.0.0.1
Description: Command line runner
Product: IntelliJ Platform
Company: JetBrains s.r.o.
OriginalFileName: runnerw.exe
CommandLine: ""D:\Program Files\JetBrains\PyCharm Community Edition 2021.2.3\bin\runnerw.exe"" ""C:\Program Files\Git\cmd\git.exe"" -c credential.helper= -c core.quotepath=false -c log.showSignature=false status --porcelain -z --untracked-files=no --ignored=no -- .
CurrentDirectory: C:\Users\BobWe\OneDrive\Desktop\Projects\Projects2021\RummikubSimulator\
User: DESKTOP-JP20VPR\BobWe
LogonGuid: {ec47ca29-70bf-61d3-9db4-020000000000}
LogonId: 0x2B49D
TerminalSessionId: 1
IntegrityLevel: Medium
Hashes: SHA256=FA90256C0A1FFB19B58D96065AB449ED5DC92B323DCABFD826462AEA6148A309
ParentProcessGuid: {ec47ca29-a04c-61d4-ba09-000000008600}
ParentProcessId: 9976
ParentImage: D:\Program Files\JetBrains\PyCharm Community Edition 2021.2.3\bin\pycharm64.exe
ParentCommandLine: ""D:\Program Files\JetBrains\PyCharm Community Edition 2021.2.3\bin\pycharm64.exe"" 
ParentUser: DESKTOP-JP20VPR\BobWe"
Information	1/4/2022 2:31:03 PM	Microsoft-Windows-Sysmon	1	Process Create (rule: ProcessCreate)	S-1-5-18	Microsoft-Windows-Sysmon/Operational		Info	DESKTOP-JP20VPR	14108	3560						00000000-0000-0000-0000-000000000000	00000000-0000-0000-0000-000000000000		"Process Create:
RuleName: -
UtcTime: 2022-01-04 19:31:02.991
ProcessGuid: {ec47ca29-a076-61d4-030a-000000008600}
ProcessId: 7528
Image: C:\Program Files\Google\Chrome\Application\chrome.exe
FileVersion: 96.0.4664.110
Description: Google Chrome
Product: Google Chrome
Company: Google LLC
OriginalFileName: chrome.exe
CommandLine: ""C:\Program Files\Google\Chrome\Application\chrome.exe"" --type=renderer --display-capture-permissions-policy-allowed --origin-trial-disabled-features=CaptureHandle --field-trial-handle=1704,4209033002119389492,12267350203109084414,131072 --lang=en-US --device-scale-factor=1 --num-raster-threads=4 --enable-main-frame-before-activation --renderer-client-id=494 --mojo-platform-channel-handle=13476 /prefetch:1
CurrentDirectory: C:\Program Files\Google\Chrome\Application\96.0.4664.110\
User: DESKTOP-JP20VPR\BobWe
LogonGuid: {ec47ca29-70bf-61d3-9db4-020000000000}
LogonId: 0x2B49D
TerminalSessionId: 1
IntegrityLevel: Low
Hashes: SHA256=ACFB588D8780EE19C192515D376CE7F9B2B0F936487008D3733F9730425E657B
ParentProcessGuid: {ec47ca29-70dd-61d3-6101-000000008600}
ParentProcessId: 1976
ParentImage: C:\Program Files\Google\Chrome\Application\chrome.exe
ParentCommandLine: ""C:\Program Files\Google\Chrome\Application\chrome.exe"" --no-startup-window /prefetch:5
ParentUser: DESKTOP-JP20VPR\BobWe"
Information	1/4/2022 2:31:00 PM	Microsoft-Windows-Sysmon	5	Process terminated (rule: ProcessTerminate)	S-1-5-18	Microsoft-Windows-Sysmon/Operational		Info	DESKTOP-JP20VPR	14108	3560						00000000-0000-0000-0000-000000000000	00000000-0000-0000-0000-000000000000		"Process terminated:
RuleName: -
UtcTime: 2022-01-04 19:31:00.728
ProcessGuid: {ec47ca29-a074-61d4-020a-000000008600}
ProcessId: 19280
Image: C:\Windows\System32\conhost.exe
User: DESKTOP-JP20VPR\BobWe"
Information	1/4/2022 2:31:00 PM	Microsoft-Windows-Sysmon	5	Process terminated (rule: ProcessTerminate)	S-1-5-18	Microsoft-Windows-Sysmon/Operational		Info	DESKTOP-JP20VPR	14108	3560						00000000-0000-0000-0000-000000000000	00000000-0000-0000-0000-000000000000		"Process terminated:
RuleName: -
UtcTime: 2022-01-04 19:31:00.726
ProcessGuid: {ec47ca29-a074-61d4-010a-000000008600}
ProcessId: 9880
Image: D:\Users\BobWe\anaconda3\python.exe
User: DESKTOP-JP20VPR\BobWe"
Information	1/4/2022 2:31:00 PM	Microsoft-Windows-Sysmon	1	Process Create (rule: ProcessCreate)	S-1-5-18	Microsoft-Windows-Sysmon/Operational		Info	DESKTOP-JP20VPR	14108	3560						00000000-0000-0000-0000-000000000000	00000000-0000-0000-0000-000000000000		"Process Create:
RuleName: -
UtcTime: 2022-01-04 19:31:00.517
ProcessGuid: {ec47ca29-a074-61d4-020a-000000008600}
ProcessId: 19280
Image: C:\Windows\System32\conhost.exe
FileVersion: 10.0.19041.1320 (WinBuild.160101.0800)
Description: Console Window Host
Product: Microsoft® Windows® Operating System
Company: Microsoft Corporation
OriginalFileName: CONHOST.EXE
CommandLine: \??\C:\Windows\system32\conhost.exe 0xffffffff -ForceV1
CurrentDirectory: C:\Windows
User: DESKTOP-JP20VPR\BobWe
LogonGuid: {ec47ca29-70bf-61d3-9db4-020000000000}
LogonId: 0x2B49D
TerminalSessionId: 1
IntegrityLevel: Medium
Hashes: SHA256=22117361C2C34CB18BEEE2CA9770B3AA6C8D032A0941991454DD222BEC6D9295
ParentProcessGuid: {ec47ca29-a074-61d4-010a-000000008600}
ParentProcessId: 9880
ParentImage: D:\Users\BobWe\anaconda3\python.exe
ParentCommandLine: D:\Users\BobWe\anaconda3\python.exe ""D:\Program Files\JetBrains\PyCharm Community Edition 2021.2.3\plugins\python-ce\helpers\pycodestyle.py"" --max-line-length=120 -
ParentUser: DESKTOP-JP20VPR\BobWe"
Information	1/4/2022 2:31:00 PM	Microsoft-Windows-Sysmon	1	Process Create (rule: ProcessCreate)	S-1-5-18	Microsoft-Windows-Sysmon/Operational		Info	DESKTOP-JP20VPR	14108	3560						00000000-0000-0000-0000-000000000000	00000000-0000-0000-0000-000000000000		"Process Create:
RuleName: -
UtcTime: 2022-01-04 19:31:00.515
ProcessGuid: {ec47ca29-a074-61d4-010a-000000008600}
ProcessId: 9880
Image: D:\Users\BobWe\anaconda3\python.exe
FileVersion: 3.8.5
Description: Python
Product: Python
Company: Python Software Foundation
OriginalFileName: python.exe
CommandLine: D:\Users\BobWe\anaconda3\python.exe ""D:\Program Files\JetBrains\PyCharm Community Edition 2021.2.3\plugins\python-ce\helpers\pycodestyle.py"" --max-line-length=120 -
CurrentDirectory: D:\Users\BobWe\anaconda3\
User: DESKTOP-JP20VPR\BobWe
LogonGuid: {ec47ca29-70bf-61d3-9db4-020000000000}
LogonId: 0x2B49D
TerminalSessionId: 1
IntegrityLevel: Medium
Hashes: SHA256=CD0BDE1121A87F11DDD930487B3E94DEEE8F1751C7BAF46099B7E56DF9C1862D
ParentProcessGuid: {ec47ca29-a04c-61d4-ba09-000000008600}
ParentProcessId: 9976
ParentImage: D:\Program Files\JetBrains\PyCharm Community Edition 2021.2.3\bin\pycharm64.exe
ParentCommandLine: ""D:\Program Files\JetBrains\PyCharm Community Edition 2021.2.3\bin\pycharm64.exe"" 
ParentUser: DESKTOP-JP20VPR\BobWe"
Information	1/4/2022 2:30:58 PM	Microsoft-Windows-Sysmon	5	Process terminated (rule: ProcessTerminate)	S-1-5-18	Microsoft-Windows-Sysmon/Operational		Info	DESKTOP-JP20VPR	14108	3560						00000000-0000-0000-0000-000000000000	00000000-0000-0000-0000-000000000000		"Process terminated:
RuleName: -
UtcTime: 2022-01-04 19:30:58.917
ProcessGuid: {ec47ca29-a072-61d4-000a-000000008600}
ProcessId: 6904
Image: C:\Windows\System32\conhost.exe
User: DESKTOP-JP20VPR\BobWe"
Information	1/4/2022 2:30:58 PM	Microsoft-Windows-Sysmon	5	Process terminated (rule: ProcessTerminate)	S-1-5-18	Microsoft-Windows-Sysmon/Operational		Info	DESKTOP-JP20VPR	14108	3560						00000000-0000-0000-0000-000000000000	00000000-0000-0000-0000-000000000000		"Process terminated:
RuleName: -
UtcTime: 2022-01-04 19:30:58.915
ProcessGuid: {ec47ca29-a072-61d4-ff09-000000008600}
ProcessId: 2952
Image: D:\Users\BobWe\anaconda3\python.exe
User: DESKTOP-JP20VPR\BobWe"
Information	1/4/2022 2:30:58 PM	Microsoft-Windows-Sysmon	1	Process Create (rule: ProcessCreate)	S-1-5-18	Microsoft-Windows-Sysmon/Operational		Info	DESKTOP-JP20VPR	14108	3560						00000000-0000-0000-0000-000000000000	00000000-0000-0000-0000-000000000000		"Process Create:
RuleName: -
UtcTime: 2022-01-04 19:30:58.809
ProcessGuid: {ec47ca29-a072-61d4-000a-000000008600}
ProcessId: 6904
Image: C:\Windows\System32\conhost.exe
FileVersion: 10.0.19041.1320 (WinBuild.160101.0800)
Description: Console Window Host
Product: Microsoft® Windows® Operating System
Company: Microsoft Corporation
OriginalFileName: CONHOST.EXE
CommandLine: \??\C:\Windows\system32\conhost.exe 0xffffffff -ForceV1
CurrentDirectory: C:\Windows
User: DESKTOP-JP20VPR\BobWe
LogonGuid: {ec47ca29-70bf-61d3-9db4-020000000000}
LogonId: 0x2B49D
TerminalSessionId: 1
IntegrityLevel: Medium
Hashes: SHA256=22117361C2C34CB18BEEE2CA9770B3AA6C8D032A0941991454DD222BEC6D9295
ParentProcessGuid: {ec47ca29-a072-61d4-ff09-000000008600}
ParentProcessId: 2952
ParentImage: D:\Users\BobWe\anaconda3\python.exe
ParentCommandLine: D:\Users\BobWe\anaconda3\python.exe ""D:\Program Files\JetBrains\PyCharm Community Edition 2021.2.3\plugins\python-ce\helpers\pycodestyle.py"" --max-line-length=120 -
ParentUser: DESKTOP-JP20VPR\BobWe"
Information	1/4/2022 2:30:58 PM	Microsoft-Windows-Sysmon	1	Process Create (rule: ProcessCreate)	S-1-5-18	Microsoft-Windows-Sysmon/Operational		Info	DESKTOP-JP20VPR	14108	3560						00000000-0000-0000-0000-000000000000	00000000-0000-0000-0000-000000000000		"Process Create:
RuleName: -
UtcTime: 2022-01-04 19:30:58.807
ProcessGuid: {ec47ca29-a072-61d4-ff09-000000008600}
ProcessId: 2952
Image: D:\Users\BobWe\anaconda3\python.exe
FileVersion: 3.8.5
Description: Python
Product: Python
Company: Python Software Foundation
OriginalFileName: python.exe
CommandLine: D:\Users\BobWe\anaconda3\python.exe ""D:\Program Files\JetBrains\PyCharm Community Edition 2021.2.3\plugins\python-ce\helpers\pycodestyle.py"" --max-line-length=120 -
CurrentDirectory: D:\Users\BobWe\anaconda3\
User: DESKTOP-JP20VPR\BobWe
LogonGuid: {ec47ca29-70bf-61d3-9db4-020000000000}
LogonId: 0x2B49D
TerminalSessionId: 1
IntegrityLevel: Medium
Hashes: SHA256=CD0BDE1121A87F11DDD930487B3E94DEEE8F1751C7BAF46099B7E56DF9C1862D
ParentProcessGuid: {ec47ca29-a04c-61d4-ba09-000000008600}
ParentProcessId: 9976
ParentImage: D:\Program Files\JetBrains\PyCharm Community Edition 2021.2.3\bin\pycharm64.exe
ParentCommandLine: ""D:\Program Files\JetBrains\PyCharm Community Edition 2021.2.3\bin\pycharm64.exe"" 
ParentUser: DESKTOP-JP20VPR\BobWe"
Information	1/4/2022 2:30:56 PM	Microsoft-Windows-Sysmon	1	Process Create (rule: ProcessCreate)	S-1-5-18	Microsoft-Windows-Sysmon/Operational		Info	DESKTOP-JP20VPR	14108	3560						00000000-0000-0000-0000-000000000000	00000000-0000-0000-0000-000000000000		"Process Create:
RuleName: -
UtcTime: 2022-01-04 19:30:56.259
ProcessGuid: {ec47ca29-a070-61d4-fe09-000000008600}
ProcessId: 7608
Image: C:\Windows\System32\conhost.exe
FileVersion: 10.0.19041.1320 (WinBuild.160101.0800)
Description: Console Window Host
Product: Microsoft® Windows® Operating System
Company: Microsoft Corporation
OriginalFileName: CONHOST.EXE
CommandLine: \??\C:\Windows\system32\conhost.exe 0xffffffff -ForceV1
CurrentDirectory: C:\Windows
User: DESKTOP-JP20VPR\BobWe
LogonGuid: {ec47ca29-70bf-61d3-9db4-020000000000}
LogonId: 0x2B49D
TerminalSessionId: 1
IntegrityLevel: Medium
Hashes: SHA256=22117361C2C34CB18BEEE2CA9770B3AA6C8D032A0941991454DD222BEC6D9295
ParentProcessGuid: {ec47ca29-a070-61d4-fd09-000000008600}
ParentProcessId: 3812
ParentImage: D:\Users\BobWe\anaconda3\python.exe
ParentCommandLine: D:\Users\BobWe\anaconda3\python.exe ""D:\Program Files\JetBrains\PyCharm Community Edition 2021.2.3\plugins\python-ce\helpers\generator3\__main__.py"" -d C:\Users\BobWe\AppData\Local\JetBrains\PyCharmCE2021.2\python_stubs\402694995 -s ""D:/Users/BobWe/anaconda3/DLLs;D:/Users/BobWe/anaconda3/Lib;D:/Users/BobWe/anaconda3/Lib/site-packages;D:/Users/BobWe/anaconda3/Lib/site-packages/win32;D:/Users/BobWe/anaconda3/Lib/site-packages/win32/lib;D:/Users/BobWe/anaconda3/Lib/site-packages/pythonwin;D:/Program Files/JetBrains/PyCharm Community Edition 2021.2.3/plugins/python-ce/helpers/typeshed/stdlib;D:/Program Files/JetBrains/PyCharm Community Edition 2021.2.3/plugins/python-ce/helpers/typeshed/stubs/jwt;D:/Program Files/JetBrains/PyCharm Community Edition 2021.2.3/plugins/python-ce/helpers/typeshed/stubs/six;D:/Program Files/JetBrains/PyCharm Community Edition 2021.2.3/plugins/python-ce/helpers/typeshed/stubs/mock;D:/Program Files/JetBrains/PyCharm Community Edition 2021.2.3/plugins/python-ce/helpers/typeshed/stubs/nmap;D:/Program Files/JetBrains/PyCharm Community Edition 2021.2.3/plugins/python-ce/helpers/typeshed/stubs/annoy;D:/Program Files/JetBrains/PyCharm Community Edition 2021.2.3/plugins/python-ce/helpers/typeshed/stubs/attrs;D:/Program Files/JetBrains/PyCharm Community Edition 2021.2.3/plugins/python-ce/helpers/typeshed/stubs/polib;D:/Program Files/JetBrains/PyCharm Community Edition 2021.2.3/plugins/python-ce/helpers/typeshed/stubs/retry;D:/Program Files/JetBrains/PyCharm Community Edition 2021.2.3/plugins/python-ce/helpers/typeshed/stubs/docopt;D:/Program Files/JetBrains/PyCharm Community Edition 2021.2.3/plugins/python-ce/helpers/typeshed/stubs/enum34;D:/Program Files/JetBrains/PyCharm Community Edition 2021.2.3/plugins/python-ce/helpers/typeshed/stubs/orjson;D:/Program Files/JetBrains/PyCharm Community Edition 2021.2.3/plugins/python-ce/helpers/typeshed/stubs/pysftp;D:/Program Files/JetBrains/PyCharm Community Edition 2021.2.3/plugins/python-ce/helpers/typeshed/stubs/xxhash;D:/Program Files/JetBrains/PyCharm Community Edition 2021.2.3/plugins/python-ce/helpers/typeshed/stubs/chardet;D:/Program Files/JetBrains/PyCharm Community Edition 2021.2.3/plugins/python-ce/helpers/typeshed/stubs/futures;D:/Program Files/JetBrains/PyCharm Community Edition 2021.2.3/plugins/python-ce/helpers/typeshed/stubs/pyaudio;D:/Program Files/JetBrains/PyCharm Community Edition 2021.2.3/plugins/python-ce/helpers/typeshed/stubs/tzlocal;D:/Program Files/JetBrains/PyCharm Community Edition 2021.2.3/plugins/python-ce/helpers/typeshed/stubs/aiofiles;D:/Program Files/JetBrains/PyCharm Community Edition 2021.2.3/plugins/python-ce/helpers/typeshed/stubs/colorama;D:/Program Files/JetBrains/PyCharm Community Edition 2021.2.3/plugins/python-ce/helpers/typeshed/stubs/filelock;D:/Program Files/JetBrains/PyCharm Community Edition 2021.2.3/plugins/python-ce/helpers/typeshed/stubs/Markdown;D:/Program Files/JetBrains/PyCharm Community Edition 2021.2.3/plugins/python-ce/helpers/typeshed/stubs/paramiko;D:/Program Files/JetBrains/PyCharm Community Edition 2021.2.3/plugins/python-ce/helpers/typeshed/stubs/pathlib2;D:/Program Files/JetBrains/PyCharm Community Edition 2021.2.3/plugins/python-ce/helpers/typeshed/stubs/requests;D:/Program Files/JetBrains/PyCharm Community Edition 2021.2.3/plugins/python-ce/helpers/typeshed/stubs/waitress;D:/Program Files/JetBrains/PyCharm Community Edition 2021.2.3/plugins/python-ce/helpers/typeshed/stubs/Werkzeug;D:/Program Files/JetBrains/PyCharm Community Edition 2021.2.3/plugins/python-ce/helpers/typeshed/stubs/freezegun;D:/Program Files/JetBrains/PyCharm Community Edition 2021.2.3/plugins/python-ce/helpers/typeshed/stubs/ipaddress;D:/Program Files/JetBrains/PyCharm Community Edition 2021.2.3/plugins/python-ce/helpers/typeshed/stubs/pyRFC3339;D:/Program Files/JetBrains/PyCharm Community Edition 2021.2.3/plugins/python-ce/helpers/typeshed/stubs/typed-ast;D:/Program Files/JetBrains/PyCharm Community Edition 2021.2.3/plugins/python-ce/helpers/typeshed/stubs/cachetools;D:/Program Files/JetBrains/PyCharm Community Edition 2021.2.3/plugins/python-ce/helpers/typeshed/stubs/Deprecated;D:/Program Files/JetBrains/PyCharm Community Edition 2021.2.3/plugins/python-ce/helpers/typeshed/stubs/frozendict;D:/Program Files/JetBrains/PyCharm Community Edition 2021.2.3/plugins/python-ce/helpers/typeshed/stubs/pyfarmhash;D:/Program Files/JetBrains/PyCharm Community Edition 2021.2.3/plugins/python-ce/helpers/typeshed/stubs/contextvars;D:/Program Files/JetBrains/PyCharm Community Edition 2021.2.3/plugins/python-ce/helpers/typeshed/stubs/JACK-Client;D:/Program Files/JetBrains/PyCharm Community Edition 2021.2.3/plugins/python-ce/helpers/typeshed/stubs/atomicwrites;D:/Program Files/JetBrains/PyCharm Community Edition 2021.2.3/plugins/python-ce/helpers/typeshed/stubs/cryptography;D:/Program Files/JetBrains/PyCharm Community Edition 2021.2.3/plugins/python-ce/helpers/typeshed/stubs/click-spinner;D:/Program Files/JetBrains/PyCharm Community Edition 2021.2.3/plugins/python-ce/helpers/typeshed/stubs/DateTimeRange;D:/Program Files/JetBrains/PyCharm Community Edition 2021.2.3/plugins/python-ce/helpers/typeshed/stubs/pkg_resources;D:/Program Files/JetBrains/PyCharm Community Edition 2021.2.3/plugins/python-ce/helpers/typeshed/stubs/python-gflags;D:/Program Files/JetBrains/PyCharm Community Edition 2021.2.3/plugins/python-ce/helpers/typeshed/stubs/python-slugify;D:/Program Files/JetBrains/PyCharm Community Edition 2021.2.3/plugins/python-ce/helpers/typeshed/stubs/python-dateutil""
ParentUser: DESKTOP-JP20VPR\BobWe"
