Information	1/4/2022 2:49:14 PM	Microsoft-Windows-Sysmon	1	Process Create (rule: ProcessCreate)	S-1-5-18	Microsoft-Windows-Sysmon/Operational		Info	DESKTOP-JP20VPR	14108	3560						00000000-0000-0000-0000-000000000000	00000000-0000-0000-0000-000000000000		"Process Create:
RuleName: -
UtcTime: 2022-01-04 19:49:14.959
ProcessGuid: {ec47ca29-a4ba-61d4-e90a-000000008600}
ProcessId: 2440
Image: C:\Users\BobWe\AppData\Local\slack\app-4.23.0\slack.exe
FileVersion: 4.23.0
Description: Slack
Product: Slack
Company: Slack Technologies Inc.
OriginalFileName: Slack.exe
CommandLine: ""C:\Users\BobWe\AppData\Local\slack\app-4.23.0\slack.exe"" --type=renderer --user-data-dir=""C:\Users\BobWe\AppData\Roaming\Slack"" --standard-schemes=app,slack-webapp-dev --enable-sandbox --secure-schemes=app,slack-webapp-dev --bypasscsp-schemes=slack-webapp-dev --cors-schemes=slack-webapp-dev --fetch-schemes=slack-webapp-dev --service-worker-schemes=slack-webapp-dev --streaming-schemes --app-user-model-id=com.squirrel.slack.slack --app-path=""C:\Users\BobWe\AppData\Local\slack\app-4.23.0\resources\app.asar"" --enable-sandbox --enable-blink-features=ExperimentalJSProfiler --disable-blink-features --autoplay-policy=no-user-gesture-required --force-color-profile=srgb --field-trial-handle=1612,1570730014446415192,16866340909866331095,131072 --disable-features=AllowAggressiveThrottlingWithWebSocket,CalculateNativeWinOcclusion,HardwareMediaKeyHandling,IntensiveWakeUpThrottling,PlzServiceWorker,RequestInitiatorSiteLockEnfocement,SpareRendererForSitePerProcess,WebRtcHideLocalIpsWithMdns,WinRetrieveSuggestionsOnlyOnDemand --lang=en-US --device-scale-factor=1 --num-raster-threads=4 --enable-main-frame-before-activation --renderer-client-id=6 --mojo-platform-channel-handle=4444 --window-type=main /prefetch:1
CurrentDirectory: C:\Windows\system32\
User: DESKTOP-JP20VPR\BobWe
LogonGuid: {ec47ca29-70bf-61d3-9db4-020000000000}
LogonId: 0x2B49D
TerminalSessionId: 1
IntegrityLevel: Low
Hashes: SHA256=03D8165B13B81D7CE63FD62813F8652D4399FE4AD40F1B7612CCB2E804C18B22
ParentProcessGuid: {ec47ca29-70e0-61d3-b101-000000008600}
ParentProcessId: 16996
ParentImage: C:\Users\BobWe\AppData\Local\slack\app-4.23.0\slack.exe
ParentCommandLine: --process-start-args --startup
ParentUser: DESKTOP-JP20VPR\BobWe"
Information	1/4/2022 2:48:47 PM	Microsoft-Windows-Sysmon	5	Process terminated (rule: ProcessTerminate)	S-1-5-18	Microsoft-Windows-Sysmon/Operational		Info	DESKTOP-JP20VPR	14108	3560						00000000-0000-0000-0000-000000000000	00000000-0000-0000-0000-000000000000		"Process terminated:
RuleName: -
UtcTime: 2022-01-04 19:48:47.585
ProcessGuid: {ec47ca29-a486-61d4-e30a-000000008600}
ProcessId: 13764
Image: C:\Program Files\WindowsApps\microsoft.windowscommunicationsapps_16005.14326.20544.0_x64__8wekyb3d8bbwe\HxTsr.exe
User: DESKTOP-JP20VPR\BobWe"
Information	1/4/2022 2:48:29 PM	Microsoft-Windows-Sysmon	5	Process terminated (rule: ProcessTerminate)	S-1-5-18	Microsoft-Windows-Sysmon/Operational		Info	DESKTOP-JP20VPR	14108	3560						00000000-0000-0000-0000-000000000000	00000000-0000-0000-0000-000000000000		"Process terminated:
RuleName: -
UtcTime: 2022-01-04 19:48:29.631
ProcessGuid: {ec47ca29-a48d-61d4-e80a-000000008600}
ProcessId: 8124
Image: C:\Program Files (x86)\Google\Update\GoogleUpdate.exe
User: NT AUTHORITY\SYSTEM"
Information	1/4/2022 2:48:29 PM	Microsoft-Windows-Sysmon	1	Process Create (rule: ProcessCreate)	S-1-5-18	Microsoft-Windows-Sysmon/Operational		Info	DESKTOP-JP20VPR	14108	3560						00000000-0000-0000-0000-000000000000	00000000-0000-0000-0000-000000000000		"Process Create:
RuleName: -
UtcTime: 2022-01-04 19:48:29.607
ProcessGuid: {ec47ca29-a48d-61d4-e80a-000000008600}
ProcessId: 8124
Image: C:\Program Files (x86)\Google\Update\GoogleUpdate.exe
FileVersion: 1.3.36.31
Description: Google Installer
Product: Google Update
Company: Google LLC
OriginalFileName: GoogleUpdate.exe
CommandLine: ""C:\Program Files (x86)\Google\Update\GoogleUpdate.exe"" /ua /installsource scheduler
CurrentDirectory: C:\Windows\system32\
User: NT AUTHORITY\SYSTEM
LogonGuid: {ec47ca29-70be-61d3-e703-000000000000}
LogonId: 0x3E7
TerminalSessionId: 0
IntegrityLevel: System
Hashes: SHA256=7B03A99631843989C71E6F133BD71E243F33F86516BDA3455784FB11D4FF6736
ParentProcessGuid: {ec47ca29-70bf-61d3-1c00-000000008600}
ParentProcessId: 1716
ParentImage: C:\Windows\System32\svchost.exe
ParentCommandLine: C:\Windows\system32\svchost.exe -k netsvcs -p -s Schedule
ParentUser: NT AUTHORITY\SYSTEM"
Information	1/4/2022 2:48:28 PM	Microsoft-Windows-Sysmon	5	Process terminated (rule: ProcessTerminate)	S-1-5-18	Microsoft-Windows-Sysmon/Operational		Info	DESKTOP-JP20VPR	14108	3560						00000000-0000-0000-0000-000000000000	00000000-0000-0000-0000-000000000000		"Process terminated:
RuleName: -
UtcTime: 2022-01-04 19:48:28.845
ProcessGuid: {ec47ca29-a48b-61d4-e70a-000000008600}
ProcessId: 11980
Image: C:\Users\BobWe\AppData\Local\slack\app-4.23.0\slack.exe
User: DESKTOP-JP20VPR\BobWe"
Information	1/4/2022 2:48:28 PM	Microsoft-Windows-Sysmon	5	Process terminated (rule: ProcessTerminate)	S-1-5-18	Microsoft-Windows-Sysmon/Operational		Info	DESKTOP-JP20VPR	14108	3560						00000000-0000-0000-0000-000000000000	00000000-0000-0000-0000-000000000000		"Process terminated:
RuleName: -
UtcTime: 2022-01-04 19:48:28.845
ProcessGuid: {ec47ca29-a48b-61d4-e60a-000000008600}
ProcessId: 7448
Image: C:\Users\BobWe\AppData\Local\slack\slack.exe
User: DESKTOP-JP20VPR\BobWe"
Information	1/4/2022 2:48:28 PM	Microsoft-Windows-Sysmon	1	Process Create (rule: ProcessCreate)	S-1-5-18	Microsoft-Windows-Sysmon/Operational		Info	DESKTOP-JP20VPR	14108	3560						00000000-0000-0000-0000-000000000000	00000000-0000-0000-0000-000000000000		"Process Create:
RuleName: -
UtcTime: 2022-01-04 19:48:27.848
ProcessGuid: {ec47ca29-a48b-61d4-e70a-000000008600}
ProcessId: 11980
Image: C:\Users\BobWe\AppData\Local\slack\app-4.23.0\slack.exe
FileVersion: 4.23.0
Description: Slack
Product: Slack
Company: Slack Technologies Inc.
OriginalFileName: Slack.exe
CommandLine: ""C:\Users\BobWe\AppData\Local\slack\app-4.23.0\slack.exe""
CurrentDirectory: C:\Users\BobWe\AppData\Local\slack\app-4.23.0\
User: DESKTOP-JP20VPR\BobWe
LogonGuid: {ec47ca29-70bf-61d3-9db4-020000000000}
LogonId: 0x2B49D
TerminalSessionId: 1
IntegrityLevel: Medium
Hashes: SHA256=03D8165B13B81D7CE63FD62813F8652D4399FE4AD40F1B7612CCB2E804C18B22
ParentProcessGuid: {ec47ca29-a48b-61d4-e60a-000000008600}
ParentProcessId: 7448
ParentImage: C:\Users\BobWe\AppData\Local\slack\slack.exe
ParentCommandLine: ""C:\Users\BobWe\AppData\Local\slack\slack.exe"" 
ParentUser: DESKTOP-JP20VPR\BobWe"
Information	1/4/2022 2:48:27 PM	Microsoft-Windows-Sysmon	1	Process Create (rule: ProcessCreate)	S-1-5-18	Microsoft-Windows-Sysmon/Operational		Info	DESKTOP-JP20VPR	14108	3560						00000000-0000-0000-0000-000000000000	00000000-0000-0000-0000-000000000000		"Process Create:
RuleName: -
UtcTime: 2022-01-04 19:48:27.825
ProcessGuid: {ec47ca29-a48b-61d4-e60a-000000008600}
ProcessId: 7448
Image: C:\Users\BobWe\AppData\Local\slack\slack.exe
FileVersion: 4.23.0
Description: Slack
Product: Slack
Company: Slack Technologies Inc.
OriginalFileName: Slack.exe
CommandLine: ""C:\Users\BobWe\AppData\Local\slack\slack.exe"" 
CurrentDirectory: C:\Users\BobWe\AppData\Local\slack\app-4.23.0\
User: DESKTOP-JP20VPR\BobWe
LogonGuid: {ec47ca29-70bf-61d3-9db4-020000000000}
LogonId: 0x2B49D
TerminalSessionId: 1
IntegrityLevel: Medium
Hashes: SHA256=16A3C1EF59DDD8D8B83D7672706AB40055C285C933A41471A1E5BAE6B75713FA
ParentProcessGuid: {ec47ca29-70c9-61d3-ef00-000000008600}
ParentProcessId: 8932
ParentImage: C:\Windows\explorer.exe
ParentCommandLine: C:\Windows\Explorer.EXE
ParentUser: DESKTOP-JP20VPR\BobWe"
Information	1/4/2022 2:48:27 PM	Microsoft-Windows-Sysmon	1	Process Create (rule: ProcessCreate)	S-1-5-18	Microsoft-Windows-Sysmon/Operational		Info	DESKTOP-JP20VPR	14108	3560						00000000-0000-0000-0000-000000000000	00000000-0000-0000-0000-000000000000		"Process Create:
RuleName: -
UtcTime: 2022-01-04 19:48:27.737
ProcessGuid: {ec47ca29-a48b-61d4-e50a-000000008600}
ProcessId: 20044
Image: C:\Windows\System32\smartscreen.exe
FileVersion: 10.0.19041.1052 (WinBuild.160101.0800)
Description: Windows Defender SmartScreen
Product: Microsoft® Windows® Operating System
Company: Microsoft Corporation
OriginalFileName: smartscreen.exe
CommandLine: C:\Windows\System32\smartscreen.exe -Embedding
CurrentDirectory: C:\Windows\system32\
User: DESKTOP-JP20VPR\BobWe
LogonGuid: {ec47ca29-70bf-61d3-9db4-020000000000}
LogonId: 0x2B49D
TerminalSessionId: 1
IntegrityLevel: Medium
Hashes: SHA256=9605680FC164ACB985C031ECA2C8BC4909CF8B749C571DB6DE2B0B2C204C2163
ParentProcessGuid: {ec47ca29-70be-61d3-0d00-000000008600}
ParentProcessId: 1056
ParentImage: C:\Windows\System32\svchost.exe
ParentCommandLine: C:\Windows\system32\svchost.exe -k DcomLaunch -p
ParentUser: NT AUTHORITY\SYSTEM"
Information	1/4/2022 2:48:25 PM	Microsoft-Windows-Sysmon	5	Process terminated (rule: ProcessTerminate)	S-1-5-18	Microsoft-Windows-Sysmon/Operational		Info	DESKTOP-JP20VPR	14108	3560						00000000-0000-0000-0000-000000000000	00000000-0000-0000-0000-000000000000		"Process terminated:
RuleName: -
UtcTime: 2022-01-04 19:48:25.456
ProcessGuid: {ec47ca29-a35c-61d4-cb0a-000000008600}
ProcessId: 21100
Image: C:\Windows\System32\smartscreen.exe
User: DESKTOP-JP20VPR\BobWe"
Information	1/4/2022 2:48:22 PM	Microsoft-Windows-Sysmon	1	Process Create (rule: ProcessCreate)	S-1-5-18	Microsoft-Windows-Sysmon/Operational		Info	DESKTOP-JP20VPR	14108	3560						00000000-0000-0000-0000-000000000000	00000000-0000-0000-0000-000000000000		"Process Create:
RuleName: -
UtcTime: 2022-01-04 19:48:22.482
ProcessGuid: {ec47ca29-a486-61d4-e40a-000000008600}
ProcessId: 15308
Image: C:\Windows\System32\RuntimeBroker.exe
FileVersion: 10.0.19041.746 (WinBuild.160101.0800)
Description: Runtime Broker
Product: Microsoft® Windows® Operating System
Company: Microsoft Corporation
OriginalFileName: RuntimeBroker.exe
CommandLine: C:\Windows\System32\RuntimeBroker.exe -Embedding
CurrentDirectory: C:\Windows\system32\
User: DESKTOP-JP20VPR\BobWe
LogonGuid: {ec47ca29-70bf-61d3-9db4-020000000000}
LogonId: 0x2B49D
TerminalSessionId: 1
IntegrityLevel: Medium
Hashes: SHA256=E86870769EE6C797E09457BD99C58D9BF2303CF0193A24EF9B1222C2C3DAF628
ParentProcessGuid: {ec47ca29-70be-61d3-0d00-000000008600}
ParentProcessId: 1056
ParentImage: C:\Windows\System32\svchost.exe
ParentCommandLine: C:\Windows\system32\svchost.exe -k DcomLaunch -p
ParentUser: NT AUTHORITY\SYSTEM"
Information	1/4/2022 2:48:22 PM	Microsoft-Windows-Sysmon	1	Process Create (rule: ProcessCreate)	S-1-5-18	Microsoft-Windows-Sysmon/Operational		Info	DESKTOP-JP20VPR	14108	3560						00000000-0000-0000-0000-000000000000	00000000-0000-0000-0000-000000000000		"Process Create:
RuleName: -
UtcTime: 2022-01-04 19:48:22.455
ProcessGuid: {ec47ca29-a486-61d4-e30a-000000008600}
ProcessId: 13764
Image: C:\Program Files\WindowsApps\microsoft.windowscommunicationsapps_16005.14326.20544.0_x64__8wekyb3d8bbwe\HxTsr.exe
FileVersion: 16.0.14326.20544
Description: Microsoft Outlook Communications
Product: Microsoft Office
Company: Microsoft Corporation
OriginalFileName: HxTsr.exe
CommandLine: ""C:\Program Files\WindowsApps\microsoft.windowscommunicationsapps_16005.14326.20544.0_x64__8wekyb3d8bbwe\HxTsr.exe"" -ServerName:Hx.IPC.Server
CurrentDirectory: C:\Program Files\WindowsApps\microsoft.windowscommunicationsapps_16005.14326.20544.0_x64__8wekyb3d8bbwe\
User: DESKTOP-JP20VPR\BobWe
LogonGuid: {ec47ca29-70bf-61d3-9db4-020000000000}
LogonId: 0x2B49D
TerminalSessionId: 1
IntegrityLevel: AppContainer
Hashes: SHA256=1E4F8F9E5BA222FEF70583D43F83929F9E29674A6FC9371F99D9492DCCB79E8F
ParentProcessGuid: {ec47ca29-70be-61d3-0d00-000000008600}
ParentProcessId: 1056
ParentImage: C:\Windows\System32\svchost.exe
ParentCommandLine: C:\Windows\system32\svchost.exe -k DcomLaunch -p
ParentUser: NT AUTHORITY\SYSTEM"
Information	1/4/2022 2:48:04 PM	Microsoft-Windows-Sysmon	5	Process terminated (rule: ProcessTerminate)	S-1-5-18	Microsoft-Windows-Sysmon/Operational		Info	DESKTOP-JP20VPR	14108	3560						00000000-0000-0000-0000-000000000000	00000000-0000-0000-0000-000000000000		"Process terminated:
RuleName: -
UtcTime: 2022-01-04 19:48:04.951
ProcessGuid: {ec47ca29-a38a-61d4-d40a-000000008600}
ProcessId: 19784
Image: C:\Program Files (x86)\Steam\GameOverlayUI.exe
User: DESKTOP-JP20VPR\BobWe"
Information	1/4/2022 2:48:04 PM	Microsoft-Windows-Sysmon	5	Process terminated (rule: ProcessTerminate)	S-1-5-18	Microsoft-Windows-Sysmon/Operational		Info	DESKTOP-JP20VPR	14108	3560						00000000-0000-0000-0000-000000000000	00000000-0000-0000-0000-000000000000		"Process terminated:
RuleName: -
UtcTime: 2022-01-04 19:48:04.847
ProcessGuid: {ec47ca29-a38a-61d4-d50a-000000008600}
ProcessId: 20148
Image: C:\Program Files (x86)\Steam\bin\cef\cef.win7x64\steamwebhelper.exe
User: DESKTOP-JP20VPR\BobWe"
Information	1/4/2022 2:48:03 PM	Microsoft-Windows-Sysmon	5	Process terminated (rule: ProcessTerminate)	S-1-5-18	Microsoft-Windows-Sysmon/Operational		Info	DESKTOP-JP20VPR	14108	3560						00000000-0000-0000-0000-000000000000	00000000-0000-0000-0000-000000000000		"Process terminated:
RuleName: -
UtcTime: 2022-01-04 19:48:03.977
ProcessGuid: {ec47ca29-a36a-61d4-d00a-000000008600}
ProcessId: 2256
Image: D:\Program Files (x86)\steamapps\common\MicrosoftFlightSimulator\FlightSimulator.exe
User: DESKTOP-JP20VPR\BobWe"
Information	1/4/2022 2:48:03 PM	Microsoft-Windows-Sysmon	5	Process terminated (rule: ProcessTerminate)	S-1-5-18	Microsoft-Windows-Sysmon/Operational		Info	DESKTOP-JP20VPR	14108	3560						00000000-0000-0000-0000-000000000000	00000000-0000-0000-0000-000000000000		"Process terminated:
RuleName: -
UtcTime: 2022-01-04 19:48:03.833
ProcessGuid: {ec47ca29-a43a-61d4-db0a-000000008600}
ProcessId: 19928
Image: C:\Windows\System32\GameBarPresenceWriter.exe
User: DESKTOP-JP20VPR\BobWe"
Information	1/4/2022 2:47:07 PM	Microsoft-Windows-Sysmon	1	Process Create (rule: ProcessCreate)	S-1-5-18	Microsoft-Windows-Sysmon/Operational		Info	DESKTOP-JP20VPR	14108	3560						00000000-0000-0000-0000-000000000000	00000000-0000-0000-0000-000000000000		"Process Create:
RuleName: -
UtcTime: 2022-01-04 19:47:07.008
ProcessGuid: {ec47ca29-a43b-61d4-e20a-000000008600}
ProcessId: 19824
Image: C:\Windows\System32\RuntimeBroker.exe
FileVersion: 10.0.19041.746 (WinBuild.160101.0800)
Description: Runtime Broker
Product: Microsoft® Windows® Operating System
Company: Microsoft Corporation
OriginalFileName: RuntimeBroker.exe
CommandLine: C:\Windows\System32\RuntimeBroker.exe -Embedding
CurrentDirectory: C:\Windows\system32\
User: DESKTOP-JP20VPR\BobWe
LogonGuid: {ec47ca29-70bf-61d3-9db4-020000000000}
LogonId: 0x2B49D
TerminalSessionId: 1
IntegrityLevel: Medium
Hashes: SHA256=E86870769EE6C797E09457BD99C58D9BF2303CF0193A24EF9B1222C2C3DAF628
ParentProcessGuid: {ec47ca29-70be-61d3-0d00-000000008600}
ParentProcessId: 1056
ParentImage: C:\Windows\System32\svchost.exe
ParentCommandLine: C:\Windows\system32\svchost.exe -k DcomLaunch -p
ParentUser: NT AUTHORITY\SYSTEM"
Information	1/4/2022 2:47:07 PM	Microsoft-Windows-Sysmon	1	Process Create (rule: ProcessCreate)	S-1-5-18	Microsoft-Windows-Sysmon/Operational		Info	DESKTOP-JP20VPR	14108	3560						00000000-0000-0000-0000-000000000000	00000000-0000-0000-0000-000000000000		"Process Create:
RuleName: -
UtcTime: 2022-01-04 19:47:07.004
ProcessGuid: {ec47ca29-a43b-61d4-e10a-000000008600}
ProcessId: 20376
Image: C:\Program Files\WindowsApps\Microsoft.XboxGamingOverlay_5.721.12013.0_x64__8wekyb3d8bbwe\GameBarFTServer.exe
FileVersion: 5.721.12013.0
Description: Xbox Game Bar Full Trust COM Server
Product: Xbox Game Bar
Company: Microsoft Corporation
OriginalFileName: GameBarFTServer.exe
CommandLine: ""C:\Program Files\WindowsApps\Microsoft.XboxGamingOverlay_5.721.12013.0_x64__8wekyb3d8bbwe\GameBarFTServer.exe"" -Embedding
CurrentDirectory: C:\Windows\system32\
User: DESKTOP-JP20VPR\BobWe
LogonGuid: {ec47ca29-70bf-61d3-9db4-020000000000}
LogonId: 0x2B49D
TerminalSessionId: 1
IntegrityLevel: Medium
Hashes: SHA256=2780B2E1E95E1C6C4931CF4A4DA8284650BAE2A4DD305865DB95BCB00ABD03A5
ParentProcessGuid: {ec47ca29-70be-61d3-0d00-000000008600}
ParentProcessId: 1056
ParentImage: C:\Windows\System32\svchost.exe
ParentCommandLine: C:\Windows\system32\svchost.exe -k DcomLaunch -p
ParentUser: NT AUTHORITY\SYSTEM"
Information	1/4/2022 2:47:07 PM	Microsoft-Windows-Sysmon	1	Process Create (rule: ProcessCreate)	S-1-5-18	Microsoft-Windows-Sysmon/Operational		Info	DESKTOP-JP20VPR	14108	3560						00000000-0000-0000-0000-000000000000	00000000-0000-0000-0000-000000000000		"Process Create:
RuleName: -
UtcTime: 2022-01-04 19:47:07.003
ProcessGuid: {ec47ca29-a43b-61d4-e00a-000000008600}
ProcessId: 13792
Image: C:\Windows\System32\svchost.exe
FileVersion: 10.0.19041.546 (WinBuild.160101.0800)
Description: Host Process for Windows Services
Product: Microsoft® Windows® Operating System
Company: Microsoft Corporation
OriginalFileName: svchost.exe
CommandLine: C:\Windows\system32\svchost.exe -k BcastDVRUserService -s BcastDVRUserService
CurrentDirectory: C:\Windows\system32\
User: DESKTOP-JP20VPR\BobWe
LogonGuid: {ec47ca29-70bf-61d3-9db4-020000000000}
LogonId: 0x2B49D
TerminalSessionId: 1
IntegrityLevel: Medium
Hashes: SHA256=643EC58E82E0272C97C2A59F6020970D881AF19C0AD5029DB9C958C13B6558C7
ParentProcessGuid: {00000000-0000-0000-0000-000000000000}
ParentProcessId: 944
ParentImage: -
ParentCommandLine: -
ParentUser: -"
Information	1/4/2022 2:47:06 PM	Microsoft-Windows-Sysmon	1	Process Create (rule: ProcessCreate)	S-1-5-18	Microsoft-Windows-Sysmon/Operational		Info	DESKTOP-JP20VPR	14108	3560						00000000-0000-0000-0000-000000000000	00000000-0000-0000-0000-000000000000		"Process Create:
RuleName: -
UtcTime: 2022-01-04 19:47:06.937
ProcessGuid: {ec47ca29-a43a-61d4-df0a-000000008600}
ProcessId: 9116
Image: C:\Windows\System32\svchost.exe
FileVersion: 10.0.19041.546 (WinBuild.160101.0800)
Description: Host Process for Windows Services
Product: Microsoft® Windows® Operating System
Company: Microsoft Corporation
OriginalFileName: svchost.exe
CommandLine: C:\Windows\System32\svchost.exe -k wsappx -p -s ClipSVC
CurrentDirectory: C:\Windows\system32\
User: NT AUTHORITY\SYSTEM
LogonGuid: {ec47ca29-70be-61d3-e703-000000000000}
LogonId: 0x3E7
TerminalSessionId: 0
IntegrityLevel: System
Hashes: SHA256=643EC58E82E0272C97C2A59F6020970D881AF19C0AD5029DB9C958C13B6558C7
ParentProcessGuid: {00000000-0000-0000-0000-000000000000}
ParentProcessId: 944
ParentImage: -
ParentCommandLine: -
ParentUser: -"
Information	1/4/2022 2:47:06 PM	Microsoft-Windows-Sysmon	1	Process Create (rule: ProcessCreate)	S-1-5-18	Microsoft-Windows-Sysmon/Operational		Info	DESKTOP-JP20VPR	14108	3560						00000000-0000-0000-0000-000000000000	00000000-0000-0000-0000-000000000000		"Process Create:
RuleName: -
UtcTime: 2022-01-04 19:47:06.937
ProcessGuid: {ec47ca29-a43a-61d4-de0a-000000008600}
ProcessId: 20232
Image: C:\Windows\System32\svchost.exe
FileVersion: 10.0.19041.546 (WinBuild.160101.0800)
Description: Host Process for Windows Services
Product: Microsoft® Windows® Operating System
Company: Microsoft Corporation
OriginalFileName: svchost.exe
CommandLine: C:\Windows\system32\svchost.exe -k netsvcs -p -s wlidsvc
CurrentDirectory: C:\Windows\system32\
User: NT AUTHORITY\SYSTEM
LogonGuid: {ec47ca29-70be-61d3-e703-000000000000}
LogonId: 0x3E7
TerminalSessionId: 0
IntegrityLevel: System
Hashes: SHA256=643EC58E82E0272C97C2A59F6020970D881AF19C0AD5029DB9C958C13B6558C7
ParentProcessGuid: {00000000-0000-0000-0000-000000000000}
ParentProcessId: 944
ParentImage: -
ParentCommandLine: -
ParentUser: -"
Information	1/4/2022 2:47:06 PM	Microsoft-Windows-Sysmon	1	Process Create (rule: ProcessCreate)	S-1-5-18	Microsoft-Windows-Sysmon/Operational		Info	DESKTOP-JP20VPR	14108	3560						00000000-0000-0000-0000-000000000000	00000000-0000-0000-0000-000000000000		"Process Create:
RuleName: -
UtcTime: 2022-01-04 19:47:06.928
ProcessGuid: {ec47ca29-a43a-61d4-dd0a-000000008600}
ProcessId: 12812
Image: C:\Program Files\WindowsApps\Microsoft.XboxGamingOverlay_5.721.12013.0_x64__8wekyb3d8bbwe\GameBar.exe
FileVersion: 5.721.12013.0
Description: Xbox Game Bar
Product: Xbox Game Bar
Company: Microsoft Corporation
OriginalFileName: GameBar.exe
CommandLine: ""C:\Program Files\WindowsApps\Microsoft.XboxGamingOverlay_5.721.12013.0_x64__8wekyb3d8bbwe\GameBar.exe"" -ServerName:App.AppXbdkk0yrkwpcgeaem8zk81k8py1eaahny.mca
CurrentDirectory: C:\Program Files\WindowsApps\Microsoft.XboxGamingOverlay_5.721.12013.0_x64__8wekyb3d8bbwe\
User: DESKTOP-JP20VPR\BobWe
LogonGuid: {ec47ca29-70bf-61d3-9db4-020000000000}
LogonId: 0x2B49D
TerminalSessionId: 1
IntegrityLevel: AppContainer
Hashes: SHA256=97BE8D4EA9A906F8895F88D56CF8B8C598EBEE61861BFC8DD67A666DC93AFF45
ParentProcessGuid: {ec47ca29-70be-61d3-0d00-000000008600}
ParentProcessId: 1056
ParentImage: C:\Windows\System32\svchost.exe
ParentCommandLine: C:\Windows\system32\svchost.exe -k DcomLaunch -p
ParentUser: NT AUTHORITY\SYSTEM"
Information	1/4/2022 2:47:06 PM	Microsoft-Windows-Sysmon	1	Process Create (rule: ProcessCreate)	S-1-5-18	Microsoft-Windows-Sysmon/Operational		Info	DESKTOP-JP20VPR	14108	3560						00000000-0000-0000-0000-000000000000	00000000-0000-0000-0000-000000000000		"Process Create:
RuleName: -
UtcTime: 2022-01-04 19:47:06.860
ProcessGuid: {ec47ca29-a43a-61d4-dc0a-000000008600}
ProcessId: 12120
Image: C:\Windows\System32\svchost.exe
FileVersion: 10.0.19041.546 (WinBuild.160101.0800)
Description: Host Process for Windows Services
Product: Microsoft® Windows® Operating System
Company: Microsoft Corporation
OriginalFileName: svchost.exe
CommandLine: C:\Windows\system32\svchost.exe -k netsvcs -p -s XblAuthManager
CurrentDirectory: C:\Windows\system32\
User: NT AUTHORITY\SYSTEM
LogonGuid: {ec47ca29-70be-61d3-e703-000000000000}
LogonId: 0x3E7
TerminalSessionId: 0
IntegrityLevel: System
Hashes: SHA256=643EC58E82E0272C97C2A59F6020970D881AF19C0AD5029DB9C958C13B6558C7
ParentProcessGuid: {00000000-0000-0000-0000-000000000000}
ParentProcessId: 944
ParentImage: -
ParentCommandLine: -
ParentUser: -"
Information	1/4/2022 2:47:06 PM	Microsoft-Windows-Sysmon	1	Process Create (rule: ProcessCreate)	S-1-5-18	Microsoft-Windows-Sysmon/Operational		Info	DESKTOP-JP20VPR	14108	3560						00000000-0000-0000-0000-000000000000	00000000-0000-0000-0000-000000000000		"Process Create:
RuleName: -
UtcTime: 2022-01-04 19:47:06.842
ProcessGuid: {ec47ca29-a43a-61d4-db0a-000000008600}
ProcessId: 19928
Image: C:\Windows\System32\GameBarPresenceWriter.exe
FileVersion: 10.0.19041.1202 (WinBuild.160101.0800)
Description: Gamebar Presence Writer
Product: Microsoft® Windows® Operating System
Company: Microsoft Corporation
OriginalFileName: GamebarPresenceWriter.exe
CommandLine: ""C:\Windows\System32\GameBarPresenceWriter.exe"" -ServerName:Windows.Gaming.GameBar.Internal.PresenceWriterServer
CurrentDirectory: C:\Windows\system32\
User: DESKTOP-JP20VPR\BobWe
LogonGuid: {ec47ca29-70bf-61d3-9db4-020000000000}
LogonId: 0x2B49D
TerminalSessionId: 1
IntegrityLevel: Medium
Hashes: SHA256=3ECC7154B78472777AB5325525AE4BF394ED7AA1A9F00906D20AD973E27D2ED0
ParentProcessGuid: {ec47ca29-70be-61d3-0d00-000000008600}
ParentProcessId: 1056
ParentImage: C:\Windows\System32\svchost.exe
ParentCommandLine: C:\Windows\system32\svchost.exe -k DcomLaunch -p
ParentUser: NT AUTHORITY\SYSTEM"
Information	1/4/2022 2:47:04 PM	Microsoft-Windows-Sysmon	5	Process terminated (rule: ProcessTerminate)	S-1-5-18	Microsoft-Windows-Sysmon/Operational		Info	DESKTOP-JP20VPR	14108	3560						00000000-0000-0000-0000-000000000000	00000000-0000-0000-0000-000000000000		"Process terminated:
RuleName: -
UtcTime: 2022-01-04 19:47:04.186
ProcessGuid: {ec47ca29-9e49-61d4-9b09-000000008600}
ProcessId: 4412
Image: C:\Program Files\Google\Chrome\Application\chrome.exe
User: DESKTOP-JP20VPR\BobWe"
Information	1/4/2022 2:47:03 PM	Microsoft-Windows-Sysmon	5	Process terminated (rule: ProcessTerminate)	S-1-5-18	Microsoft-Windows-Sysmon/Operational		Info	DESKTOP-JP20VPR	14108	3560						00000000-0000-0000-0000-000000000000	00000000-0000-0000-0000-000000000000		"Process terminated:
RuleName: -
UtcTime: 2022-01-04 19:47:03.719
ProcessGuid: {ec47ca29-9f51-61d4-a309-000000008600}
ProcessId: 9124
Image: C:\Program Files\Google\Chrome\Application\chrome.exe
User: DESKTOP-JP20VPR\BobWe"
Information	1/4/2022 2:47:03 PM	Microsoft-Windows-Sysmon	5	Process terminated (rule: ProcessTerminate)	S-1-5-18	Microsoft-Windows-Sysmon/Operational		Info	DESKTOP-JP20VPR	14108	3560						00000000-0000-0000-0000-000000000000	00000000-0000-0000-0000-000000000000		"Process terminated:
RuleName: -
UtcTime: 2022-01-04 19:47:03.719
ProcessGuid: {ec47ca29-9f53-61d4-a609-000000008600}
ProcessId: 11228
Image: C:\Program Files\Google\Chrome\Application\chrome.exe
User: DESKTOP-JP20VPR\BobWe"
Information	1/4/2022 2:47:03 PM	Microsoft-Windows-Sysmon	5	Process terminated (rule: ProcessTerminate)	S-1-5-18	Microsoft-Windows-Sysmon/Operational		Info	DESKTOP-JP20VPR	14108	3560						00000000-0000-0000-0000-000000000000	00000000-0000-0000-0000-000000000000		"Process terminated:
RuleName: -
UtcTime: 2022-01-04 19:47:03.713
ProcessGuid: {ec47ca29-9ffc-61d4-aa09-000000008600}
ProcessId: 11420
Image: C:\Program Files\Google\Chrome\Application\chrome.exe
User: DESKTOP-JP20VPR\BobWe"
Information	1/4/2022 2:47:03 PM	Microsoft-Windows-Sysmon	5	Process terminated (rule: ProcessTerminate)	S-1-5-18	Microsoft-Windows-Sysmon/Operational		Info	DESKTOP-JP20VPR	14108	3560						00000000-0000-0000-0000-000000000000	00000000-0000-0000-0000-000000000000		"Process terminated:
RuleName: -
UtcTime: 2022-01-04 19:47:03.704
ProcessGuid: {ec47ca29-9f50-61d4-a009-000000008600}
ProcessId: 17320
Image: C:\Program Files\Google\Chrome\Application\chrome.exe
User: DESKTOP-JP20VPR\BobWe"
Information	1/4/2022 2:47:03 PM	Microsoft-Windows-Sysmon	5	Process terminated (rule: ProcessTerminate)	S-1-5-18	Microsoft-Windows-Sysmon/Operational		Info	DESKTOP-JP20VPR	14108	3560						00000000-0000-0000-0000-000000000000	00000000-0000-0000-0000-000000000000		"Process terminated:
RuleName: -
UtcTime: 2022-01-04 19:47:03.704
ProcessGuid: {ec47ca29-9f51-61d4-a109-000000008600}
ProcessId: 11104
Image: C:\Program Files\Google\Chrome\Application\chrome.exe
User: DESKTOP-JP20VPR\BobWe"
Information	1/4/2022 2:46:22 PM	Microsoft-Windows-Sysmon	5	Process terminated (rule: ProcessTerminate)	S-1-5-18	Microsoft-Windows-Sysmon/Operational		Info	DESKTOP-JP20VPR	14108	3560						00000000-0000-0000-0000-000000000000	00000000-0000-0000-0000-000000000000		"Process terminated:
RuleName: -
UtcTime: 2022-01-04 19:46:22.662
ProcessGuid: {ec47ca29-a355-61d4-c40a-000000008600}
ProcessId: 13052
Image: C:\Windows\System32\svchost.exe
User: NT AUTHORITY\SYSTEM"
Information	1/4/2022 2:45:22 PM	Microsoft-Windows-Sysmon	5	Process terminated (rule: ProcessTerminate)	S-1-5-18	Microsoft-Windows-Sysmon/Operational		Info	DESKTOP-JP20VPR	14108	3560						00000000-0000-0000-0000-000000000000	00000000-0000-0000-0000-000000000000		"Process terminated:
RuleName: -
UtcTime: 2022-01-04 19:45:22.872
ProcessGuid: {ec47ca29-a355-61d4-c70a-000000008600}
ProcessId: 20904
Image: C:\Program Files (x86)\Microsoft\Edge\Application\96.0.1054.62\identity_helper.exe
User: DESKTOP-JP20VPR\BobWe"
Information	1/4/2022 2:45:20 PM	Microsoft-Windows-Sysmon	5	Process terminated (rule: ProcessTerminate)	S-1-5-18	Microsoft-Windows-Sysmon/Operational		Info	DESKTOP-JP20VPR	14108	3560						00000000-0000-0000-0000-000000000000	00000000-0000-0000-0000-000000000000		"Process terminated:
RuleName: -
UtcTime: 2022-01-04 19:45:20.803
ProcessGuid: {ec47ca29-a36a-61d4-cf0a-000000008600}
ProcessId: 5492
Image: C:\Windows\System32\SearchFilterHost.exe
User: NT AUTHORITY\SYSTEM"
Information	1/4/2022 2:45:20 PM	Microsoft-Windows-Sysmon	5	Process terminated (rule: ProcessTerminate)	S-1-5-18	Microsoft-Windows-Sysmon/Operational		Info	DESKTOP-JP20VPR	14108	3560						00000000-0000-0000-0000-000000000000	00000000-0000-0000-0000-000000000000		"Process terminated:
RuleName: -
UtcTime: 2022-01-04 19:45:20.798
ProcessGuid: {ec47ca29-a36a-61d4-ce0a-000000008600}
ProcessId: 4968
Image: C:\Windows\System32\SearchProtocolHost.exe
User: NT AUTHORITY\SYSTEM"
Information	1/4/2022 2:45:17 PM	Microsoft-Windows-Sysmon	5	Process terminated (rule: ProcessTerminate)	S-1-5-18	Microsoft-Windows-Sysmon/Operational		Info	DESKTOP-JP20VPR	14108	3560						00000000-0000-0000-0000-000000000000	00000000-0000-0000-0000-000000000000		"Process terminated:
RuleName: -
UtcTime: 2022-01-04 19:45:17.875
ProcessGuid: {ec47ca29-a3cd-61d4-da0a-000000008600}
ProcessId: 3832
Image: C:\Program Files (x86)\Microsoft\Edge\Application\msedge.exe
User: DESKTOP-JP20VPR\BobWe"
Information	1/4/2022 2:45:17 PM	Microsoft-Windows-Sysmon	1	Process Create (rule: ProcessCreate)	S-1-5-18	Microsoft-Windows-Sysmon/Operational		Info	DESKTOP-JP20VPR	14108	3560						00000000-0000-0000-0000-000000000000	00000000-0000-0000-0000-000000000000		"Process Create:
RuleName: -
UtcTime: 2022-01-04 19:45:17.644
ProcessGuid: {ec47ca29-a3cd-61d4-da0a-000000008600}
ProcessId: 3832
Image: C:\Program Files (x86)\Microsoft\Edge\Application\msedge.exe
FileVersion: 96.0.1054.62
Description: Microsoft Edge
Product: Microsoft Edge
Company: Microsoft Corporation
OriginalFileName: msedge.exe
CommandLine: ""C:\Program Files (x86)\Microsoft\Edge\Application\msedge.exe"" --type=gpu-process --field-trial-handle=2140,10265005294367883278,6768637997801284738,131072 --disable-gpu-sandbox --use-gl=disabled --gpu-vendor-id=4318 --gpu-device-id=7809 --gpu-sub-system-id=2266370115 --gpu-revision=161 --gpu-driver-version=30.0.14.7151 --gpu-preferences=UAAAAAAAAADoAAAYAAAAAAAAAAAAAAAAAABgAAAIAAAwAAAAAAAAAAAAAAAAAAAAAAAAAAAAAAAAAAAAAAAAAEgAAAAAAAAASAAAAAAAAAAYAAAAAgAAABAAAAAAAAAAGAAAAAAAAAAQAAAAAAAAAAAAAAANAAAAEAAAAAAAAAABAAAADQAAAAgAAAAAAAAACAAAAAAAAAA= --mojo-platform-channel-handle=3316 /prefetch:2
CurrentDirectory: C:\Program Files (x86)\Microsoft\Edge\Application\96.0.1054.62\
User: DESKTOP-JP20VPR\BobWe
LogonGuid: {ec47ca29-70bf-61d3-9db4-020000000000}
LogonId: 0x2B49D
TerminalSessionId: 1
IntegrityLevel: Medium
Hashes: SHA256=18A839142796D6E4D0FA44F5A75E0CD79CC5C1A5FDE39B7CC00FAEC50A899B6D
ParentProcessGuid: {ec47ca29-a355-61d4-be0a-000000008600}
ParentProcessId: 8680
ParentImage: C:\Program Files (x86)\Microsoft\Edge\Application\msedge.exe
ParentCommandLine: ""C:\Program Files (x86)\Microsoft\Edge\Application\msedge.exe"" --no-startup-window /prefetch:5
ParentUser: DESKTOP-JP20VPR\BobWe"
Information	1/4/2022 2:44:53 PM	Microsoft-Windows-Sysmon	5	Process terminated (rule: ProcessTerminate)	S-1-5-18	Microsoft-Windows-Sysmon/Operational		Info	DESKTOP-JP20VPR	14108	3560						00000000-0000-0000-0000-000000000000	00000000-0000-0000-0000-000000000000		"Process terminated:
RuleName: -
UtcTime: 2022-01-04 19:44:53.293
ProcessGuid: {ec47ca29-a076-61d4-030a-000000008600}
ProcessId: 7528
Image: C:\Program Files\Google\Chrome\Application\chrome.exe
User: DESKTOP-JP20VPR\BobWe"
Information	1/4/2022 2:44:46 PM	Microsoft-Windows-Sysmon	5	Process terminated (rule: ProcessTerminate)	S-1-5-18	Microsoft-Windows-Sysmon/Operational		Info	DESKTOP-JP20VPR	14108	3560						00000000-0000-0000-0000-000000000000	00000000-0000-0000-0000-000000000000		"Process terminated:
RuleName: -
UtcTime: 2022-01-04 19:44:46.666
ProcessGuid: {ec47ca29-a3ab-61d4-d90a-000000008600}
ProcessId: 21272
Image: C:\Program Files (x86)\Steam\bin\cef\cef.win7x64\steamwebhelper.exe
User: DESKTOP-JP20VPR\BobWe"
Information	1/4/2022 2:44:43 PM	Microsoft-Windows-Sysmon	1	Process Create (rule: ProcessCreate)	S-1-5-18	Microsoft-Windows-Sysmon/Operational		Info	DESKTOP-JP20VPR	14108	3560						00000000-0000-0000-0000-000000000000	00000000-0000-0000-0000-000000000000		"Process Create:
RuleName: -
UtcTime: 2022-01-04 19:44:43.730
ProcessGuid: {ec47ca29-a3ab-61d4-d90a-000000008600}
ProcessId: 21272
Image: C:\Program Files (x86)\Steam\bin\cef\cef.win7x64\steamwebhelper.exe
FileVersion: 06.96.74.78
Description: Steam Client WebHelper
Product: Steam Client WebHelper
Company: Valve Corporation
OriginalFileName: steamwebhelper.exe
CommandLine: ""C:\Program Files (x86)\Steam\bin\cef\cef.win7x64\steamwebhelper.exe"" --type=renderer --log-file=""C:\Program Files (x86)\Steam\logs\cef_log.txt"" --field-trial-handle=1692,5481244301588789581,3716453313082021609,131072 --enable-features=CastMediaRouteProvider --disable-features=OutOfBlinkCors --enable-blink-features=ResizeObserver,Worklet,AudioWorklet --lang=en-US --log-file=""C:\Program Files (x86)\Steam\logs\cef_log.txt"" --product-version=""Valve Steam Client"" --buildid=1639697812 --steamid=0 --device-scale-factor=1 --num-raster-threads=4 --enable-main-frame-before-activation --renderer-client-id=16 --mojo-platform-channel-handle=3980 /prefetch:1
CurrentDirectory: C:\Program Files (x86)\Steam\
User: DESKTOP-JP20VPR\BobWe
LogonGuid: {ec47ca29-70bf-61d3-9db4-020000000000}
LogonId: 0x2B49D
TerminalSessionId: 1
IntegrityLevel: Low
Hashes: SHA256=9F960F6FE51DA3271E17B6F68F792791A3D373CFF1390374AA09C57221A99863
ParentProcessGuid: {ec47ca29-70da-61d3-4301-000000008600}
ParentProcessId: 13648
ParentImage: C:\Program Files (x86)\Steam\bin\cef\cef.win7x64\steamwebhelper.exe
ParentCommandLine: ""C:\Program Files (x86)\Steam\bin\cef\cef.win7x64\steamwebhelper.exe"" ""-lang=en_US"" ""-cachedir=C:\Users\BobWe\AppData\Local\Steam\htmlcache"" ""-steampid=8900"" ""-buildid=1639697812"" ""-steamid=0"" ""-logdir=C:\Program Files (x86)\Steam\logs"" ""-composer-mode=0"" ""-steamuniverse=Public"" ""-realm=Global"" ""-clientui=C:\Program Files (x86)\Steam\clientui"" --enable-blink-features=ResizeObserver,Worklet,AudioWorklet --enable-media-stream --enable-smooth-scrolling --enable-direct-write ""--log-file=C:\Program Files (x86)\Steam\logs\cef_log.txt"" --disable-quick-menu
ParentUser: DESKTOP-JP20VPR\BobWe"
Information	1/4/2022 2:44:37 PM	Microsoft-Windows-Sysmon	1	Process Create (rule: ProcessCreate)	S-1-5-18	Microsoft-Windows-Sysmon/Operational		Info	DESKTOP-JP20VPR	14108	3560						00000000-0000-0000-0000-000000000000	00000000-0000-0000-0000-000000000000		"Process Create:
RuleName: -
UtcTime: 2022-01-04 19:44:37.159
ProcessGuid: {ec47ca29-a3a5-61d4-d80a-000000008600}
ProcessId: 6452
Image: C:\Program Files\Google\Chrome\Application\chrome.exe
FileVersion: 96.0.4664.110
Description: Google Chrome
Product: Google Chrome
Company: Google LLC
OriginalFileName: chrome.exe
CommandLine: ""C:\Program Files\Google\Chrome\Application\chrome.exe"" --type=renderer --display-capture-permissions-policy-allowed --origin-trial-disabled-features=CaptureHandle --field-trial-handle=1704,4209033002119389492,12267350203109084414,131072 --lang=en-US --device-scale-factor=1 --num-raster-threads=4 --enable-main-frame-before-activation --renderer-client-id=495 --mojo-platform-channel-handle=15208 /prefetch:1
CurrentDirectory: C:\Program Files\Google\Chrome\Application\96.0.4664.110\
User: DESKTOP-JP20VPR\BobWe
LogonGuid: {ec47ca29-70bf-61d3-9db4-020000000000}
LogonId: 0x2B49D
TerminalSessionId: 1
IntegrityLevel: Low
Hashes: SHA256=ACFB588D8780EE19C192515D376CE7F9B2B0F936487008D3733F9730425E657B
ParentProcessGuid: {ec47ca29-70dd-61d3-6101-000000008600}
ParentProcessId: 1976
ParentImage: C:\Program Files\Google\Chrome\Application\chrome.exe
ParentCommandLine: ""C:\Program Files\Google\Chrome\Application\chrome.exe"" --no-startup-window /prefetch:5
ParentUser: DESKTOP-JP20VPR\BobWe"
Information	1/4/2022 2:44:16 PM	Microsoft-Windows-Sysmon	1	Process Create (rule: ProcessCreate)	S-1-5-18	Microsoft-Windows-Sysmon/Operational		Info	DESKTOP-JP20VPR	14108	3560						00000000-0000-0000-0000-000000000000	00000000-0000-0000-0000-000000000000		"Process Create:
RuleName: -
UtcTime: 2022-01-04 19:44:16.836
ProcessGuid: {ec47ca29-a390-61d4-d70a-000000008600}
ProcessId: 20100
Image: C:\Windows\System32\svchost.exe
FileVersion: 10.0.19041.546 (WinBuild.160101.0800)
Description: Host Process for Windows Services
Product: Microsoft® Windows® Operating System
Company: Microsoft Corporation
OriginalFileName: svchost.exe
CommandLine: C:\Windows\system32\svchost.exe -k wsappx -p -s AppXSvc
CurrentDirectory: C:\Windows\system32\
User: NT AUTHORITY\SYSTEM
LogonGuid: {ec47ca29-70be-61d3-e703-000000000000}
LogonId: 0x3E7
TerminalSessionId: 0
IntegrityLevel: System
Hashes: SHA256=643EC58E82E0272C97C2A59F6020970D881AF19C0AD5029DB9C958C13B6558C7
ParentProcessGuid: {00000000-0000-0000-0000-000000000000}
ParentProcessId: 944
ParentImage: -
ParentCommandLine: -
ParentUser: -"
Information	1/4/2022 2:44:10 PM	Microsoft-Windows-Sysmon	1	Process Create (rule: ProcessCreate)	S-1-5-18	Microsoft-Windows-Sysmon/Operational		Info	DESKTOP-JP20VPR	14108	3560						00000000-0000-0000-0000-000000000000	00000000-0000-0000-0000-000000000000		"Process Create:
RuleName: -
UtcTime: 2022-01-04 19:44:10.689
ProcessGuid: {ec47ca29-a38a-61d4-d60a-000000008600}
ProcessId: 20312
Image: C:\Windows\System32\svchost.exe
FileVersion: 10.0.19041.546 (WinBuild.160101.0800)
Description: Host Process for Windows Services
Product: Microsoft® Windows® Operating System
Company: Microsoft Corporation
OriginalFileName: svchost.exe
CommandLine: C:\Windows\System32\svchost.exe -k GraphicsPerfSvcGroup -s GraphicsPerfSvc
CurrentDirectory: C:\Windows\system32\
User: NT AUTHORITY\SYSTEM
LogonGuid: {ec47ca29-70be-61d3-e703-000000000000}
LogonId: 0x3E7
TerminalSessionId: 0
IntegrityLevel: System
Hashes: SHA256=643EC58E82E0272C97C2A59F6020970D881AF19C0AD5029DB9C958C13B6558C7
ParentProcessGuid: {00000000-0000-0000-0000-000000000000}
ParentProcessId: 944
ParentImage: -
ParentCommandLine: -
ParentUser: -"
Information	1/4/2022 2:44:10 PM	Microsoft-Windows-Sysmon	1	Process Create (rule: ProcessCreate)	S-1-5-18	Microsoft-Windows-Sysmon/Operational		Info	DESKTOP-JP20VPR	14108	3560						00000000-0000-0000-0000-000000000000	00000000-0000-0000-0000-000000000000		"Process Create:
RuleName: -
UtcTime: 2022-01-04 19:44:10.521
ProcessGuid: {ec47ca29-a38a-61d4-d50a-000000008600}
ProcessId: 20148
Image: C:\Program Files (x86)\Steam\bin\cef\cef.win7x64\steamwebhelper.exe
FileVersion: 06.96.74.78
Description: Steam Client WebHelper
Product: Steam Client WebHelper
Company: Valve Corporation
OriginalFileName: steamwebhelper.exe
CommandLine: ""C:\Program Files (x86)\Steam\bin\cef\cef.win7x64\steamwebhelper.exe"" --type=renderer --log-file=""C:\Program Files (x86)\Steam\logs\cef_log.txt"" --field-trial-handle=1692,5481244301588789581,3716453313082021609,131072 --enable-features=CastMediaRouteProvider --disable-features=OutOfBlinkCors --enable-blink-features=ResizeObserver,Worklet,AudioWorklet --lang=en-US --log-file=""C:\Program Files (x86)\Steam\logs\cef_log.txt"" --product-version=""Valve Steam Client"" --buildid=1639697812 --steamid=0 --device-scale-factor=1 --num-raster-threads=4 --enable-main-frame-before-activation --renderer-client-id=15 --mojo-platform-channel-handle=2652 /prefetch:1
CurrentDirectory: C:\Program Files (x86)\Steam\
User: DESKTOP-JP20VPR\BobWe
LogonGuid: {ec47ca29-70bf-61d3-9db4-020000000000}
LogonId: 0x2B49D
TerminalSessionId: 1
IntegrityLevel: Low
Hashes: SHA256=9F960F6FE51DA3271E17B6F68F792791A3D373CFF1390374AA09C57221A99863
ParentProcessGuid: {ec47ca29-70da-61d3-4301-000000008600}
ParentProcessId: 13648
ParentImage: C:\Program Files (x86)\Steam\bin\cef\cef.win7x64\steamwebhelper.exe
ParentCommandLine: ""C:\Program Files (x86)\Steam\bin\cef\cef.win7x64\steamwebhelper.exe"" ""-lang=en_US"" ""-cachedir=C:\Users\BobWe\AppData\Local\Steam\htmlcache"" ""-steampid=8900"" ""-buildid=1639697812"" ""-steamid=0"" ""-logdir=C:\Program Files (x86)\Steam\logs"" ""-composer-mode=0"" ""-steamuniverse=Public"" ""-realm=Global"" ""-clientui=C:\Program Files (x86)\Steam\clientui"" --enable-blink-features=ResizeObserver,Worklet,AudioWorklet --enable-media-stream --enable-smooth-scrolling --enable-direct-write ""--log-file=C:\Program Files (x86)\Steam\logs\cef_log.txt"" --disable-quick-menu
ParentUser: DESKTOP-JP20VPR\BobWe"
Information	1/4/2022 2:44:10 PM	Microsoft-Windows-Sysmon	1	Process Create (rule: ProcessCreate)	S-1-5-18	Microsoft-Windows-Sysmon/Operational		Info	DESKTOP-JP20VPR	14108	3560						00000000-0000-0000-0000-000000000000	00000000-0000-0000-0000-000000000000		"Process Create:
RuleName: -
UtcTime: 2022-01-04 19:44:10.254
ProcessGuid: {ec47ca29-a38a-61d4-d40a-000000008600}
ProcessId: 19784
Image: C:\Program Files (x86)\Steam\GameOverlayUI.exe
FileVersion: 06.96.74.78
Description: gameoverlayui.exe
Product: Steam
Company: Valve Corporation
OriginalFileName: gameoverlayui.exe
CommandLine: ""C:\Program Files (x86)\Steam\GameOverlayUI.exe"" -pid 2256 -steampid 8900 -manuallyclearframes 0 -gameid 1250410 -webmicrotxn
CurrentDirectory: C:\Program Files (x86)\Steam\
User: DESKTOP-JP20VPR\BobWe
LogonGuid: {ec47ca29-70bf-61d3-9db4-020000000000}
LogonId: 0x2B49D
TerminalSessionId: 1
IntegrityLevel: Medium
Hashes: SHA256=0C91FD46FC540059E93CFCA119CE219945DE99D8379CABF58A19C74311F4F525
ParentProcessGuid: {ec47ca29-70d8-61d3-3f01-000000008600}
ParentProcessId: 8900
ParentImage: C:\Program Files (x86)\Steam\steam.exe
ParentCommandLine: ""C:\Program Files (x86)\Steam\steam.exe"" -silent
ParentUser: DESKTOP-JP20VPR\BobWe"
Information	1/4/2022 2:43:47 PM	Microsoft-Windows-Sysmon	5	Process terminated (rule: ProcessTerminate)	S-1-5-18	Microsoft-Windows-Sysmon/Operational		Info	DESKTOP-JP20VPR	14108	3560						00000000-0000-0000-0000-000000000000	00000000-0000-0000-0000-000000000000		"Process terminated:
RuleName: -
UtcTime: 2022-01-04 19:43:47.756
ProcessGuid: {ec47ca29-a355-61d4-c30a-000000008600}
ProcessId: 21292
Image: C:\Program Files (x86)\Microsoft\Edge\Application\msedge.exe
User: DESKTOP-JP20VPR\BobWe"
Information	1/4/2022 2:43:47 PM	Microsoft-Windows-Sysmon	5	Process terminated (rule: ProcessTerminate)	S-1-5-18	Microsoft-Windows-Sysmon/Operational		Info	DESKTOP-JP20VPR	14108	3560						00000000-0000-0000-0000-000000000000	00000000-0000-0000-0000-000000000000		"Process terminated:
RuleName: -
UtcTime: 2022-01-04 19:43:47.687
ProcessGuid: {ec47ca29-a373-61d4-d20a-000000008600}
ProcessId: 20612
Image: C:\Program Files (x86)\Microsoft\Edge\Application\msedge.exe
User: DESKTOP-JP20VPR\BobWe"
Information	1/4/2022 2:43:47 PM	Microsoft-Windows-Sysmon	5	Process terminated (rule: ProcessTerminate)	S-1-5-18	Microsoft-Windows-Sysmon/Operational		Info	DESKTOP-JP20VPR	14108	3560						00000000-0000-0000-0000-000000000000	00000000-0000-0000-0000-000000000000		"Process terminated:
RuleName: -
UtcTime: 2022-01-04 19:43:47.686
ProcessGuid: {ec47ca29-a373-61d4-d30a-000000008600}
ProcessId: 2844
Image: C:\Program Files (x86)\Microsoft\Edge\Application\msedge.exe
User: DESKTOP-JP20VPR\BobWe"
Information	1/4/2022 2:43:47 PM	Microsoft-Windows-Sysmon	1	Process Create (rule: ProcessCreate)	S-1-5-18	Microsoft-Windows-Sysmon/Operational		Info	DESKTOP-JP20VPR	14108	3560						00000000-0000-0000-0000-000000000000	00000000-0000-0000-0000-000000000000		"Process Create:
RuleName: -
UtcTime: 2022-01-04 19:43:47.648
ProcessGuid: {ec47ca29-a373-61d4-d30a-000000008600}
ProcessId: 2844
Image: C:\Program Files (x86)\Microsoft\Edge\Application\msedge.exe
FileVersion: 96.0.1054.62
Description: Microsoft Edge
Product: Microsoft Edge
Company: Microsoft Corporation
OriginalFileName: msedge.exe
CommandLine: ""C:\Program Files (x86)\Microsoft\Edge\Application\msedge.exe"" --type=utility --utility-sub-type=chrome.mojom.UtilWin --field-trial-handle=2140,10265005294367883278,6768637997801284738,131072 --lang=en-US --service-sandbox-type=none --mojo-platform-channel-handle=5256 /prefetch:8
CurrentDirectory: C:\Program Files (x86)\Microsoft\Edge\Application\96.0.1054.62\
User: DESKTOP-JP20VPR\BobWe
LogonGuid: {ec47ca29-70bf-61d3-9db4-020000000000}
LogonId: 0x2B49D
TerminalSessionId: 1
IntegrityLevel: Medium
Hashes: SHA256=18A839142796D6E4D0FA44F5A75E0CD79CC5C1A5FDE39B7CC00FAEC50A899B6D
ParentProcessGuid: {ec47ca29-a355-61d4-be0a-000000008600}
ParentProcessId: 8680
ParentImage: C:\Program Files (x86)\Microsoft\Edge\Application\msedge.exe
ParentCommandLine: ""C:\Program Files (x86)\Microsoft\Edge\Application\msedge.exe"" --no-startup-window /prefetch:5
ParentUser: DESKTOP-JP20VPR\BobWe"
Information	1/4/2022 2:43:47 PM	Microsoft-Windows-Sysmon	1	Process Create (rule: ProcessCreate)	S-1-5-18	Microsoft-Windows-Sysmon/Operational		Info	DESKTOP-JP20VPR	14108	3560						00000000-0000-0000-0000-000000000000	00000000-0000-0000-0000-000000000000		"Process Create:
RuleName: -
UtcTime: 2022-01-04 19:43:47.646
ProcessGuid: {ec47ca29-a373-61d4-d20a-000000008600}
ProcessId: 20612
Image: C:\Program Files (x86)\Microsoft\Edge\Application\msedge.exe
FileVersion: 96.0.1054.62
Description: Microsoft Edge
Product: Microsoft Edge
Company: Microsoft Corporation
OriginalFileName: msedge.exe
CommandLine: ""C:\Program Files (x86)\Microsoft\Edge\Application\msedge.exe"" --type=utility --utility-sub-type=chrome.mojom.UtilWin --field-trial-handle=2140,10265005294367883278,6768637997801284738,131072 --lang=en-US --service-sandbox-type=none --mojo-platform-channel-handle=2276 /prefetch:8
CurrentDirectory: C:\Program Files (x86)\Microsoft\Edge\Application\96.0.1054.62\
User: DESKTOP-JP20VPR\BobWe
LogonGuid: {ec47ca29-70bf-61d3-9db4-020000000000}
LogonId: 0x2B49D
TerminalSessionId: 1
IntegrityLevel: Medium
Hashes: SHA256=18A839142796D6E4D0FA44F5A75E0CD79CC5C1A5FDE39B7CC00FAEC50A899B6D
ParentProcessGuid: {ec47ca29-a355-61d4-be0a-000000008600}
ParentProcessId: 8680
ParentImage: C:\Program Files (x86)\Microsoft\Edge\Application\msedge.exe
ParentCommandLine: ""C:\Program Files (x86)\Microsoft\Edge\Application\msedge.exe"" --no-startup-window /prefetch:5
ParentUser: DESKTOP-JP20VPR\BobWe"
Information	1/4/2022 2:43:38 PM	Microsoft-Windows-Sysmon	5	Process terminated (rule: ProcessTerminate)	S-1-5-18	Microsoft-Windows-Sysmon/Operational		Info	DESKTOP-JP20VPR	14108	3560						00000000-0000-0000-0000-000000000000	00000000-0000-0000-0000-000000000000		"Process terminated:
RuleName: -
UtcTime: 2022-01-04 19:43:38.223
ProcessGuid: {ec47ca29-a36a-61d4-d10a-000000008600}
ProcessId: 20228
Image: C:\Program Files (x86)\Steam\bin\x64launcher.exe
User: DESKTOP-JP20VPR\BobWe"
Information	1/4/2022 2:43:38 PM	Microsoft-Windows-Sysmon	1	Process Create (rule: ProcessCreate)	S-1-5-18	Microsoft-Windows-Sysmon/Operational		Info	DESKTOP-JP20VPR	14108	3560						00000000-0000-0000-0000-000000000000	00000000-0000-0000-0000-000000000000		"Process Create:
RuleName: -
UtcTime: 2022-01-04 19:43:38.218
ProcessGuid: {ec47ca29-a36a-61d4-d10a-000000008600}
ProcessId: 20228
Image: C:\Program Files (x86)\Steam\bin\x64launcher.exe
FileVersion: 06.96.74.78
Description: x64launcher.exe
Product: Steam
Company: Valve Corporation
OriginalFileName: x64launcher.exe
CommandLine: ""C:\Program Files (x86)\Steam\bin\x64launcher.exe"" -hproc 544 -hthread 518 -baseoverlayname C:\Program Files (x86)\Steam\gameoverlayrenderer64.dll
CurrentDirectory: C:\Program Files (x86)\Steam\
User: DESKTOP-JP20VPR\BobWe
LogonGuid: {ec47ca29-70bf-61d3-9db4-020000000000}
LogonId: 0x2B49D
TerminalSessionId: 1
IntegrityLevel: Medium
Hashes: SHA256=644C6FBE51B6AE139B1765CD4CDBEF1FDB4E134CBB1052A47BD6D2E28F5C5244
ParentProcessGuid: {ec47ca29-70d8-61d3-3f01-000000008600}
ParentProcessId: 8900
ParentImage: C:\Program Files (x86)\Steam\steam.exe
ParentCommandLine: ""C:\Program Files (x86)\Steam\steam.exe"" -silent
ParentUser: DESKTOP-JP20VPR\BobWe"
Information	1/4/2022 2:43:38 PM	Microsoft-Windows-Sysmon	1	Process Create (rule: ProcessCreate)	S-1-5-18	Microsoft-Windows-Sysmon/Operational		Info	DESKTOP-JP20VPR	14108	3560						00000000-0000-0000-0000-000000000000	00000000-0000-0000-0000-000000000000		"Process Create:
RuleName: -
UtcTime: 2022-01-04 19:43:38.216
ProcessGuid: {ec47ca29-a36a-61d4-d00a-000000008600}
ProcessId: 2256
Image: D:\Program Files (x86)\steamapps\common\MicrosoftFlightSimulator\FlightSimulator.exe
FileVersion: 1,21,13,0
Description: -
Product: -
Company: Asobo Studio
OriginalFileName: -
CommandLine: ""D:\Program Files (x86)\steamapps\common\MicrosoftFlightSimulator\FlightSimulator.exe""
CurrentDirectory: D:\Program Files (x86)\steamapps\common\MicrosoftFlightSimulator\
User: DESKTOP-JP20VPR\BobWe
LogonGuid: {ec47ca29-70bf-61d3-9db4-020000000000}
LogonId: 0x2B49D
TerminalSessionId: 1
IntegrityLevel: Medium
Hashes: SHA256=4C22676142E03717C857C2D335DBB3B455C96FFB70D6968FDDF80A113F9BD606
ParentProcessGuid: {ec47ca29-70d8-61d3-3f01-000000008600}
ParentProcessId: 8900
ParentImage: C:\Program Files (x86)\Steam\steam.exe
ParentCommandLine: ""C:\Program Files (x86)\Steam\steam.exe"" -silent
ParentUser: DESKTOP-JP20VPR\BobWe"
