Information	1/4/2022 2:33:56 PM	Microsoft-Windows-Sysmon	1	Process Create (rule: ProcessCreate)	S-1-5-18	Microsoft-Windows-Sysmon/Operational		Info	DESKTOP-JP20VPR	14108	3560						00000000-0000-0000-0000-000000000000	00000000-0000-0000-0000-000000000000		"Process Create:
RuleName: -
UtcTime: 2022-01-04 19:33:56.752
ProcessGuid: {ec47ca29-a124-61d4-5d0a-000000008600}
ProcessId: 21060
Image: C:\Program Files (x86)\Microsoft\Edge\Application\msedge.exe
FileVersion: 96.0.1054.62
Description: Microsoft Edge
Product: Microsoft Edge
Company: Microsoft Corporation
OriginalFileName: msedge.exe
CommandLine: ""C:\Program Files (x86)\Microsoft\Edge\Application\msedge.exe"" --type=renderer --disable-client-side-phishing-detection --display-capture-permissions-policy-allowed --field-trial-handle=2308,14150179790966226464,16948066822318633601,131072 --lang=en-US --device-scale-factor=1 --num-raster-threads=4 --enable-main-frame-before-activation --renderer-client-id=170 --mojo-platform-channel-handle=7940 /prefetch:1
CurrentDirectory: C:\Program Files (x86)\Microsoft\Edge\Application\96.0.1054.62\
User: DESKTOP-JP20VPR\BobWe
LogonGuid: {ec47ca29-70bf-61d3-9db4-020000000000}
LogonId: 0x2B49D
TerminalSessionId: 1
IntegrityLevel: Low
Hashes: SHA256=18A839142796D6E4D0FA44F5A75E0CD79CC5C1A5FDE39B7CC00FAEC50A899B6D
ParentProcessGuid: {ec47ca29-70db-61d3-4801-000000008600}
ParentProcessId: 11916
ParentImage: C:\Program Files (x86)\Microsoft\Edge\Application\msedge.exe
ParentCommandLine: ""C:\Program Files (x86)\Microsoft\Edge\Application\msedge.exe"" --no-startup-window --win-session-start /prefetch:5
ParentUser: DESKTOP-JP20VPR\BobWe"
Information	1/4/2022 2:33:38 PM	Microsoft-Windows-Sysmon	5	Process terminated (rule: ProcessTerminate)	S-1-5-18	Microsoft-Windows-Sysmon/Operational		Info	DESKTOP-JP20VPR	14108	3560						00000000-0000-0000-0000-000000000000	00000000-0000-0000-0000-000000000000		"Process terminated:
RuleName: -
UtcTime: 2022-01-04 19:33:38.850
ProcessGuid: {ec47ca29-a10a-61d4-590a-000000008600}
ProcessId: 21264
Image: C:\Program Files (x86)\Microsoft\Edge\Application\msedge.exe
User: DESKTOP-JP20VPR\BobWe"
Information	1/4/2022 2:33:38 PM	Microsoft-Windows-Sysmon	5	Process terminated (rule: ProcessTerminate)	S-1-5-18	Microsoft-Windows-Sysmon/Operational		Info	DESKTOP-JP20VPR	14108	3560						00000000-0000-0000-0000-000000000000	00000000-0000-0000-0000-000000000000		"Process terminated:
RuleName: -
UtcTime: 2022-01-04 19:33:38.850
ProcessGuid: {ec47ca29-a110-61d4-5b0a-000000008600}
ProcessId: 8980
Image: C:\Program Files (x86)\Microsoft\Edge\Application\msedge.exe
User: DESKTOP-JP20VPR\BobWe"
Information	1/4/2022 2:33:38 PM	Microsoft-Windows-Sysmon	5	Process terminated (rule: ProcessTerminate)	S-1-5-18	Microsoft-Windows-Sysmon/Operational		Info	DESKTOP-JP20VPR	14108	3560						00000000-0000-0000-0000-000000000000	00000000-0000-0000-0000-000000000000		"Process terminated:
RuleName: -
UtcTime: 2022-01-04 19:33:38.849
ProcessGuid: {ec47ca29-a110-61d4-5a0a-000000008600}
ProcessId: 15160
Image: C:\Program Files (x86)\Microsoft\Edge\Application\msedge.exe
User: DESKTOP-JP20VPR\BobWe"
Information	1/4/2022 2:33:36 PM	Microsoft-Windows-Sysmon	1	Process Create (rule: ProcessCreate)	S-1-5-18	Microsoft-Windows-Sysmon/Operational		Info	DESKTOP-JP20VPR	14108	3560						00000000-0000-0000-0000-000000000000	00000000-0000-0000-0000-000000000000		"Process Create:
RuleName: -
UtcTime: 2022-01-04 19:33:36.168
ProcessGuid: {ec47ca29-a110-61d4-5c0a-000000008600}
ProcessId: 12144
Image: C:\Program Files (x86)\Microsoft\Edge\Application\msedge.exe
FileVersion: 96.0.1054.62
Description: Microsoft Edge
Product: Microsoft Edge
Company: Microsoft Corporation
OriginalFileName: msedge.exe
CommandLine: ""C:\Program Files (x86)\Microsoft\Edge\Application\msedge.exe"" --type=renderer --disable-client-side-phishing-detection --display-capture-permissions-policy-allowed --field-trial-handle=2308,14150179790966226464,16948066822318633601,131072 --lang=en-US --device-scale-factor=1 --num-raster-threads=4 --enable-main-frame-before-activation --renderer-client-id=169 --mojo-platform-channel-handle=7392 /prefetch:1
CurrentDirectory: C:\Program Files (x86)\Microsoft\Edge\Application\96.0.1054.62\
User: DESKTOP-JP20VPR\BobWe
LogonGuid: {ec47ca29-70bf-61d3-9db4-020000000000}
LogonId: 0x2B49D
TerminalSessionId: 1
IntegrityLevel: Low
Hashes: SHA256=18A839142796D6E4D0FA44F5A75E0CD79CC5C1A5FDE39B7CC00FAEC50A899B6D
ParentProcessGuid: {ec47ca29-70db-61d3-4801-000000008600}
ParentProcessId: 11916
ParentImage: C:\Program Files (x86)\Microsoft\Edge\Application\msedge.exe
ParentCommandLine: ""C:\Program Files (x86)\Microsoft\Edge\Application\msedge.exe"" --no-startup-window --win-session-start /prefetch:5
ParentUser: DESKTOP-JP20VPR\BobWe"
Information	1/4/2022 2:33:36 PM	Microsoft-Windows-Sysmon	1	Process Create (rule: ProcessCreate)	S-1-5-18	Microsoft-Windows-Sysmon/Operational		Info	DESKTOP-JP20VPR	14108	3560						00000000-0000-0000-0000-000000000000	00000000-0000-0000-0000-000000000000		"Process Create:
RuleName: -
UtcTime: 2022-01-04 19:33:36.159
ProcessGuid: {ec47ca29-a110-61d4-5b0a-000000008600}
ProcessId: 8980
Image: C:\Program Files (x86)\Microsoft\Edge\Application\msedge.exe
FileVersion: 96.0.1054.62
Description: Microsoft Edge
Product: Microsoft Edge
Company: Microsoft Corporation
OriginalFileName: msedge.exe
CommandLine: ""C:\Program Files (x86)\Microsoft\Edge\Application\msedge.exe"" --type=renderer --disable-client-side-phishing-detection --display-capture-permissions-policy-allowed --field-trial-handle=2308,14150179790966226464,16948066822318633601,131072 --lang=en-US --device-scale-factor=1 --num-raster-threads=4 --enable-main-frame-before-activation --renderer-client-id=168 --mojo-platform-channel-handle=4164 /prefetch:1
CurrentDirectory: C:\Program Files (x86)\Microsoft\Edge\Application\96.0.1054.62\
User: DESKTOP-JP20VPR\BobWe
LogonGuid: {ec47ca29-70bf-61d3-9db4-020000000000}
LogonId: 0x2B49D
TerminalSessionId: 1
IntegrityLevel: Low
Hashes: SHA256=18A839142796D6E4D0FA44F5A75E0CD79CC5C1A5FDE39B7CC00FAEC50A899B6D
ParentProcessGuid: {ec47ca29-70db-61d3-4801-000000008600}
ParentProcessId: 11916
ParentImage: C:\Program Files (x86)\Microsoft\Edge\Application\msedge.exe
ParentCommandLine: ""C:\Program Files (x86)\Microsoft\Edge\Application\msedge.exe"" --no-startup-window --win-session-start /prefetch:5
ParentUser: DESKTOP-JP20VPR\BobWe"
Information	1/4/2022 2:33:36 PM	Microsoft-Windows-Sysmon	1	Process Create (rule: ProcessCreate)	S-1-5-18	Microsoft-Windows-Sysmon/Operational		Info	DESKTOP-JP20VPR	14108	3560						00000000-0000-0000-0000-000000000000	00000000-0000-0000-0000-000000000000		"Process Create:
RuleName: -
UtcTime: 2022-01-04 19:33:36.153
ProcessGuid: {ec47ca29-a110-61d4-5a0a-000000008600}
ProcessId: 15160
Image: C:\Program Files (x86)\Microsoft\Edge\Application\msedge.exe
FileVersion: 96.0.1054.62
Description: Microsoft Edge
Product: Microsoft Edge
Company: Microsoft Corporation
OriginalFileName: msedge.exe
CommandLine: ""C:\Program Files (x86)\Microsoft\Edge\Application\msedge.exe"" --type=renderer --disable-client-side-phishing-detection --display-capture-permissions-policy-allowed --field-trial-handle=2308,14150179790966226464,16948066822318633601,131072 --lang=en-US --device-scale-factor=1 --num-raster-threads=4 --enable-main-frame-before-activation --renderer-client-id=167 --mojo-platform-channel-handle=10476 /prefetch:1
CurrentDirectory: C:\Program Files (x86)\Microsoft\Edge\Application\96.0.1054.62\
User: DESKTOP-JP20VPR\BobWe
LogonGuid: {ec47ca29-70bf-61d3-9db4-020000000000}
LogonId: 0x2B49D
TerminalSessionId: 1
IntegrityLevel: Low
Hashes: SHA256=18A839142796D6E4D0FA44F5A75E0CD79CC5C1A5FDE39B7CC00FAEC50A899B6D
ParentProcessGuid: {ec47ca29-70db-61d3-4801-000000008600}
ParentProcessId: 11916
ParentImage: C:\Program Files (x86)\Microsoft\Edge\Application\msedge.exe
ParentCommandLine: ""C:\Program Files (x86)\Microsoft\Edge\Application\msedge.exe"" --no-startup-window --win-session-start /prefetch:5
ParentUser: DESKTOP-JP20VPR\BobWe"
Information	1/4/2022 2:33:33 PM	Microsoft-Windows-Sysmon	5	Process terminated (rule: ProcessTerminate)	S-1-5-18	Microsoft-Windows-Sysmon/Operational		Info	DESKTOP-JP20VPR	14108	3560						00000000-0000-0000-0000-000000000000	00000000-0000-0000-0000-000000000000		"Process terminated:
RuleName: -
UtcTime: 2022-01-04 19:33:33.383
ProcessGuid: {ec47ca29-a10a-61d4-580a-000000008600}
ProcessId: 21344
Image: C:\Program Files (x86)\Microsoft\Edge\Application\msedge.exe
User: DESKTOP-JP20VPR\BobWe"
Information	1/4/2022 2:33:33 PM	Microsoft-Windows-Sysmon	5	Process terminated (rule: ProcessTerminate)	S-1-5-18	Microsoft-Windows-Sysmon/Operational		Info	DESKTOP-JP20VPR	14108	3560						00000000-0000-0000-0000-000000000000	00000000-0000-0000-0000-000000000000		"Process terminated:
RuleName: -
UtcTime: 2022-01-04 19:33:33.383
ProcessGuid: {ec47ca29-a105-61d4-560a-000000008600}
ProcessId: 19908
Image: C:\Program Files (x86)\Microsoft\Edge\Application\msedge.exe
User: DESKTOP-JP20VPR\BobWe"
Information	1/4/2022 2:33:33 PM	Microsoft-Windows-Sysmon	5	Process terminated (rule: ProcessTerminate)	S-1-5-18	Microsoft-Windows-Sysmon/Operational		Info	DESKTOP-JP20VPR	14108	3560						00000000-0000-0000-0000-000000000000	00000000-0000-0000-0000-000000000000		"Process terminated:
RuleName: -
UtcTime: 2022-01-04 19:33:33.383
ProcessGuid: {ec47ca29-a10a-61d4-570a-000000008600}
ProcessId: 21300
Image: C:\Program Files (x86)\Microsoft\Edge\Application\msedge.exe
User: DESKTOP-JP20VPR\BobWe"
Information	1/4/2022 2:33:30 PM	Microsoft-Windows-Sysmon	1	Process Create (rule: ProcessCreate)	S-1-5-18	Microsoft-Windows-Sysmon/Operational		Info	DESKTOP-JP20VPR	14108	3560						00000000-0000-0000-0000-000000000000	00000000-0000-0000-0000-000000000000		"Process Create:
RuleName: -
UtcTime: 2022-01-04 19:33:30.648
ProcessGuid: {ec47ca29-a10a-61d4-590a-000000008600}
ProcessId: 21264
Image: C:\Program Files (x86)\Microsoft\Edge\Application\msedge.exe
FileVersion: 96.0.1054.62
Description: Microsoft Edge
Product: Microsoft Edge
Company: Microsoft Corporation
OriginalFileName: msedge.exe
CommandLine: ""C:\Program Files (x86)\Microsoft\Edge\Application\msedge.exe"" --type=renderer --disable-client-side-phishing-detection --display-capture-permissions-policy-allowed --field-trial-handle=2308,14150179790966226464,16948066822318633601,131072 --lang=en-US --device-scale-factor=1 --num-raster-threads=4 --enable-main-frame-before-activation --renderer-client-id=166 --mojo-platform-channel-handle=4904 /prefetch:1
CurrentDirectory: C:\Program Files (x86)\Microsoft\Edge\Application\96.0.1054.62\
User: DESKTOP-JP20VPR\BobWe
LogonGuid: {ec47ca29-70bf-61d3-9db4-020000000000}
LogonId: 0x2B49D
TerminalSessionId: 1
IntegrityLevel: Low
Hashes: SHA256=18A839142796D6E4D0FA44F5A75E0CD79CC5C1A5FDE39B7CC00FAEC50A899B6D
ParentProcessGuid: {ec47ca29-70db-61d3-4801-000000008600}
ParentProcessId: 11916
ParentImage: C:\Program Files (x86)\Microsoft\Edge\Application\msedge.exe
ParentCommandLine: ""C:\Program Files (x86)\Microsoft\Edge\Application\msedge.exe"" --no-startup-window --win-session-start /prefetch:5
ParentUser: DESKTOP-JP20VPR\BobWe"
Information	1/4/2022 2:33:30 PM	Microsoft-Windows-Sysmon	1	Process Create (rule: ProcessCreate)	S-1-5-18	Microsoft-Windows-Sysmon/Operational		Info	DESKTOP-JP20VPR	14108	3560						00000000-0000-0000-0000-000000000000	00000000-0000-0000-0000-000000000000		"Process Create:
RuleName: -
UtcTime: 2022-01-04 19:33:30.633
ProcessGuid: {ec47ca29-a10a-61d4-580a-000000008600}
ProcessId: 21344
Image: C:\Program Files (x86)\Microsoft\Edge\Application\msedge.exe
FileVersion: 96.0.1054.62
Description: Microsoft Edge
Product: Microsoft Edge
Company: Microsoft Corporation
OriginalFileName: msedge.exe
CommandLine: ""C:\Program Files (x86)\Microsoft\Edge\Application\msedge.exe"" --type=renderer --disable-client-side-phishing-detection --display-capture-permissions-policy-allowed --field-trial-handle=2308,14150179790966226464,16948066822318633601,131072 --lang=en-US --device-scale-factor=1 --num-raster-threads=4 --enable-main-frame-before-activation --renderer-client-id=165 --mojo-platform-channel-handle=10744 /prefetch:1
CurrentDirectory: C:\Program Files (x86)\Microsoft\Edge\Application\96.0.1054.62\
User: DESKTOP-JP20VPR\BobWe
LogonGuid: {ec47ca29-70bf-61d3-9db4-020000000000}
LogonId: 0x2B49D
TerminalSessionId: 1
IntegrityLevel: Low
Hashes: SHA256=18A839142796D6E4D0FA44F5A75E0CD79CC5C1A5FDE39B7CC00FAEC50A899B6D
ParentProcessGuid: {ec47ca29-70db-61d3-4801-000000008600}
ParentProcessId: 11916
ParentImage: C:\Program Files (x86)\Microsoft\Edge\Application\msedge.exe
ParentCommandLine: ""C:\Program Files (x86)\Microsoft\Edge\Application\msedge.exe"" --no-startup-window --win-session-start /prefetch:5
ParentUser: DESKTOP-JP20VPR\BobWe"
Information	1/4/2022 2:33:30 PM	Microsoft-Windows-Sysmon	1	Process Create (rule: ProcessCreate)	S-1-5-18	Microsoft-Windows-Sysmon/Operational		Info	DESKTOP-JP20VPR	14108	3560						00000000-0000-0000-0000-000000000000	00000000-0000-0000-0000-000000000000		"Process Create:
RuleName: -
UtcTime: 2022-01-04 19:33:30.627
ProcessGuid: {ec47ca29-a10a-61d4-570a-000000008600}
ProcessId: 21300
Image: C:\Program Files (x86)\Microsoft\Edge\Application\msedge.exe
FileVersion: 96.0.1054.62
Description: Microsoft Edge
Product: Microsoft Edge
Company: Microsoft Corporation
OriginalFileName: msedge.exe
CommandLine: ""C:\Program Files (x86)\Microsoft\Edge\Application\msedge.exe"" --type=renderer --disable-client-side-phishing-detection --display-capture-permissions-policy-allowed --field-trial-handle=2308,14150179790966226464,16948066822318633601,131072 --lang=en-US --device-scale-factor=1 --num-raster-threads=4 --enable-main-frame-before-activation --renderer-client-id=164 --mojo-platform-channel-handle=10716 /prefetch:1
CurrentDirectory: C:\Program Files (x86)\Microsoft\Edge\Application\96.0.1054.62\
User: DESKTOP-JP20VPR\BobWe
LogonGuid: {ec47ca29-70bf-61d3-9db4-020000000000}
LogonId: 0x2B49D
TerminalSessionId: 1
IntegrityLevel: Low
Hashes: SHA256=18A839142796D6E4D0FA44F5A75E0CD79CC5C1A5FDE39B7CC00FAEC50A899B6D
ParentProcessGuid: {ec47ca29-70db-61d3-4801-000000008600}
ParentProcessId: 11916
ParentImage: C:\Program Files (x86)\Microsoft\Edge\Application\msedge.exe
ParentCommandLine: ""C:\Program Files (x86)\Microsoft\Edge\Application\msedge.exe"" --no-startup-window --win-session-start /prefetch:5
ParentUser: DESKTOP-JP20VPR\BobWe"
Information	1/4/2022 2:33:28 PM	Microsoft-Windows-Sysmon	5	Process terminated (rule: ProcessTerminate)	S-1-5-18	Microsoft-Windows-Sysmon/Operational		Info	DESKTOP-JP20VPR	14108	3560						00000000-0000-0000-0000-000000000000	00000000-0000-0000-0000-000000000000		"Process terminated:
RuleName: -
UtcTime: 2022-01-04 19:33:28.207
ProcessGuid: {ec47ca29-a105-61d4-550a-000000008600}
ProcessId: 6972
Image: C:\Program Files (x86)\Microsoft\Edge\Application\msedge.exe
User: DESKTOP-JP20VPR\BobWe"
Information	1/4/2022 2:33:28 PM	Microsoft-Windows-Sysmon	5	Process terminated (rule: ProcessTerminate)	S-1-5-18	Microsoft-Windows-Sysmon/Operational		Info	DESKTOP-JP20VPR	14108	3560						00000000-0000-0000-0000-000000000000	00000000-0000-0000-0000-000000000000		"Process terminated:
RuleName: -
UtcTime: 2022-01-04 19:33:28.207
ProcessGuid: {ec47ca29-a105-61d4-540a-000000008600}
ProcessId: 20892
Image: C:\Program Files (x86)\Microsoft\Edge\Application\msedge.exe
User: DESKTOP-JP20VPR\BobWe"
Information	1/4/2022 2:33:28 PM	Microsoft-Windows-Sysmon	5	Process terminated (rule: ProcessTerminate)	S-1-5-18	Microsoft-Windows-Sysmon/Operational		Info	DESKTOP-JP20VPR	14108	3560						00000000-0000-0000-0000-000000000000	00000000-0000-0000-0000-000000000000		"Process terminated:
RuleName: -
UtcTime: 2022-01-04 19:33:28.206
ProcessGuid: {ec47ca29-a0ff-61d4-530a-000000008600}
ProcessId: 21032
Image: C:\Program Files (x86)\Microsoft\Edge\Application\msedge.exe
User: DESKTOP-JP20VPR\BobWe"
Information	1/4/2022 2:33:25 PM	Microsoft-Windows-Sysmon	1	Process Create (rule: ProcessCreate)	S-1-5-18	Microsoft-Windows-Sysmon/Operational		Info	DESKTOP-JP20VPR	14108	3560						00000000-0000-0000-0000-000000000000	00000000-0000-0000-0000-000000000000		"Process Create:
RuleName: -
UtcTime: 2022-01-04 19:33:25.344
ProcessGuid: {ec47ca29-a105-61d4-560a-000000008600}
ProcessId: 19908
Image: C:\Program Files (x86)\Microsoft\Edge\Application\msedge.exe
FileVersion: 96.0.1054.62
Description: Microsoft Edge
Product: Microsoft Edge
Company: Microsoft Corporation
OriginalFileName: msedge.exe
CommandLine: ""C:\Program Files (x86)\Microsoft\Edge\Application\msedge.exe"" --type=renderer --disable-client-side-phishing-detection --display-capture-permissions-policy-allowed --field-trial-handle=2308,14150179790966226464,16948066822318633601,131072 --lang=en-US --device-scale-factor=1 --num-raster-threads=4 --enable-main-frame-before-activation --renderer-client-id=163 --mojo-platform-channel-handle=8220 /prefetch:1
CurrentDirectory: C:\Program Files (x86)\Microsoft\Edge\Application\96.0.1054.62\
User: DESKTOP-JP20VPR\BobWe
LogonGuid: {ec47ca29-70bf-61d3-9db4-020000000000}
LogonId: 0x2B49D
TerminalSessionId: 1
IntegrityLevel: Low
Hashes: SHA256=18A839142796D6E4D0FA44F5A75E0CD79CC5C1A5FDE39B7CC00FAEC50A899B6D
ParentProcessGuid: {ec47ca29-70db-61d3-4801-000000008600}
ParentProcessId: 11916
ParentImage: C:\Program Files (x86)\Microsoft\Edge\Application\msedge.exe
ParentCommandLine: ""C:\Program Files (x86)\Microsoft\Edge\Application\msedge.exe"" --no-startup-window --win-session-start /prefetch:5
ParentUser: DESKTOP-JP20VPR\BobWe"
Information	1/4/2022 2:33:25 PM	Microsoft-Windows-Sysmon	1	Process Create (rule: ProcessCreate)	S-1-5-18	Microsoft-Windows-Sysmon/Operational		Info	DESKTOP-JP20VPR	14108	3560						00000000-0000-0000-0000-000000000000	00000000-0000-0000-0000-000000000000		"Process Create:
RuleName: -
UtcTime: 2022-01-04 19:33:25.338
ProcessGuid: {ec47ca29-a105-61d4-550a-000000008600}
ProcessId: 6972
Image: C:\Program Files (x86)\Microsoft\Edge\Application\msedge.exe
FileVersion: 96.0.1054.62
Description: Microsoft Edge
Product: Microsoft Edge
Company: Microsoft Corporation
OriginalFileName: msedge.exe
CommandLine: ""C:\Program Files (x86)\Microsoft\Edge\Application\msedge.exe"" --type=renderer --disable-client-side-phishing-detection --display-capture-permissions-policy-allowed --field-trial-handle=2308,14150179790966226464,16948066822318633601,131072 --lang=en-US --device-scale-factor=1 --num-raster-threads=4 --enable-main-frame-before-activation --renderer-client-id=162 --mojo-platform-channel-handle=11188 /prefetch:1
CurrentDirectory: C:\Program Files (x86)\Microsoft\Edge\Application\96.0.1054.62\
User: DESKTOP-JP20VPR\BobWe
LogonGuid: {ec47ca29-70bf-61d3-9db4-020000000000}
LogonId: 0x2B49D
TerminalSessionId: 1
IntegrityLevel: Low
Hashes: SHA256=18A839142796D6E4D0FA44F5A75E0CD79CC5C1A5FDE39B7CC00FAEC50A899B6D
ParentProcessGuid: {ec47ca29-70db-61d3-4801-000000008600}
ParentProcessId: 11916
ParentImage: C:\Program Files (x86)\Microsoft\Edge\Application\msedge.exe
ParentCommandLine: ""C:\Program Files (x86)\Microsoft\Edge\Application\msedge.exe"" --no-startup-window --win-session-start /prefetch:5
ParentUser: DESKTOP-JP20VPR\BobWe"
Information	1/4/2022 2:33:25 PM	Microsoft-Windows-Sysmon	1	Process Create (rule: ProcessCreate)	S-1-5-18	Microsoft-Windows-Sysmon/Operational		Info	DESKTOP-JP20VPR	14108	3560						00000000-0000-0000-0000-000000000000	00000000-0000-0000-0000-000000000000		"Process Create:
RuleName: -
UtcTime: 2022-01-04 19:33:25.335
ProcessGuid: {ec47ca29-a105-61d4-540a-000000008600}
ProcessId: 20892
Image: C:\Program Files (x86)\Microsoft\Edge\Application\msedge.exe
FileVersion: 96.0.1054.62
Description: Microsoft Edge
Product: Microsoft Edge
Company: Microsoft Corporation
OriginalFileName: msedge.exe
CommandLine: ""C:\Program Files (x86)\Microsoft\Edge\Application\msedge.exe"" --type=renderer --disable-client-side-phishing-detection --display-capture-permissions-policy-allowed --field-trial-handle=2308,14150179790966226464,16948066822318633601,131072 --lang=en-US --device-scale-factor=1 --num-raster-threads=4 --enable-main-frame-before-activation --renderer-client-id=161 --mojo-platform-channel-handle=10404 /prefetch:1
CurrentDirectory: C:\Program Files (x86)\Microsoft\Edge\Application\96.0.1054.62\
User: DESKTOP-JP20VPR\BobWe
LogonGuid: {ec47ca29-70bf-61d3-9db4-020000000000}
LogonId: 0x2B49D
TerminalSessionId: 1
IntegrityLevel: Low
Hashes: SHA256=18A839142796D6E4D0FA44F5A75E0CD79CC5C1A5FDE39B7CC00FAEC50A899B6D
ParentProcessGuid: {ec47ca29-70db-61d3-4801-000000008600}
ParentProcessId: 11916
ParentImage: C:\Program Files (x86)\Microsoft\Edge\Application\msedge.exe
ParentCommandLine: ""C:\Program Files (x86)\Microsoft\Edge\Application\msedge.exe"" --no-startup-window --win-session-start /prefetch:5
ParentUser: DESKTOP-JP20VPR\BobWe"
Information	1/4/2022 2:33:22 PM	Microsoft-Windows-Sysmon	5	Process terminated (rule: ProcessTerminate)	S-1-5-18	Microsoft-Windows-Sysmon/Operational		Info	DESKTOP-JP20VPR	14108	3560						00000000-0000-0000-0000-000000000000	00000000-0000-0000-0000-000000000000		"Process terminated:
RuleName: -
UtcTime: 2022-01-04 19:33:22.601
ProcessGuid: {ec47ca29-a0ff-61d4-520a-000000008600}
ProcessId: 13868
Image: C:\Program Files (x86)\Microsoft\Edge\Application\msedge.exe
User: DESKTOP-JP20VPR\BobWe"
Information	1/4/2022 2:33:22 PM	Microsoft-Windows-Sysmon	5	Process terminated (rule: ProcessTerminate)	S-1-5-18	Microsoft-Windows-Sysmon/Operational		Info	DESKTOP-JP20VPR	14108	3560						00000000-0000-0000-0000-000000000000	00000000-0000-0000-0000-000000000000		"Process terminated:
RuleName: -
UtcTime: 2022-01-04 19:33:22.601
ProcessGuid: {ec47ca29-a0fa-61d4-500a-000000008600}
ProcessId: 19768
Image: C:\Program Files (x86)\Microsoft\Edge\Application\msedge.exe
User: DESKTOP-JP20VPR\BobWe"
Information	1/4/2022 2:33:22 PM	Microsoft-Windows-Sysmon	5	Process terminated (rule: ProcessTerminate)	S-1-5-18	Microsoft-Windows-Sysmon/Operational		Info	DESKTOP-JP20VPR	14108	3560						00000000-0000-0000-0000-000000000000	00000000-0000-0000-0000-000000000000		"Process terminated:
RuleName: -
UtcTime: 2022-01-04 19:33:22.601
ProcessGuid: {ec47ca29-a0ff-61d4-510a-000000008600}
ProcessId: 11980
Image: C:\Program Files (x86)\Microsoft\Edge\Application\msedge.exe
User: DESKTOP-JP20VPR\BobWe"
Information	1/4/2022 2:33:19 PM	Microsoft-Windows-Sysmon	1	Process Create (rule: ProcessCreate)	S-1-5-18	Microsoft-Windows-Sysmon/Operational		Info	DESKTOP-JP20VPR	14108	3560						00000000-0000-0000-0000-000000000000	00000000-0000-0000-0000-000000000000		"Process Create:
RuleName: -
UtcTime: 2022-01-04 19:33:19.766
ProcessGuid: {ec47ca29-a0ff-61d4-530a-000000008600}
ProcessId: 21032
Image: C:\Program Files (x86)\Microsoft\Edge\Application\msedge.exe
FileVersion: 96.0.1054.62
Description: Microsoft Edge
Product: Microsoft Edge
Company: Microsoft Corporation
OriginalFileName: msedge.exe
CommandLine: ""C:\Program Files (x86)\Microsoft\Edge\Application\msedge.exe"" --type=renderer --disable-client-side-phishing-detection --display-capture-permissions-policy-allowed --field-trial-handle=2308,14150179790966226464,16948066822318633601,131072 --lang=en-US --device-scale-factor=1 --num-raster-threads=4 --enable-main-frame-before-activation --renderer-client-id=160 --mojo-platform-channel-handle=11236 /prefetch:1
CurrentDirectory: C:\Program Files (x86)\Microsoft\Edge\Application\96.0.1054.62\
User: DESKTOP-JP20VPR\BobWe
LogonGuid: {ec47ca29-70bf-61d3-9db4-020000000000}
LogonId: 0x2B49D
TerminalSessionId: 1
IntegrityLevel: Low
Hashes: SHA256=18A839142796D6E4D0FA44F5A75E0CD79CC5C1A5FDE39B7CC00FAEC50A899B6D
ParentProcessGuid: {ec47ca29-70db-61d3-4801-000000008600}
ParentProcessId: 11916
ParentImage: C:\Program Files (x86)\Microsoft\Edge\Application\msedge.exe
ParentCommandLine: ""C:\Program Files (x86)\Microsoft\Edge\Application\msedge.exe"" --no-startup-window --win-session-start /prefetch:5
ParentUser: DESKTOP-JP20VPR\BobWe"
Information	1/4/2022 2:33:19 PM	Microsoft-Windows-Sysmon	1	Process Create (rule: ProcessCreate)	S-1-5-18	Microsoft-Windows-Sysmon/Operational		Info	DESKTOP-JP20VPR	14108	3560						00000000-0000-0000-0000-000000000000	00000000-0000-0000-0000-000000000000		"Process Create:
RuleName: -
UtcTime: 2022-01-04 19:33:19.754
ProcessGuid: {ec47ca29-a0ff-61d4-520a-000000008600}
ProcessId: 13868
Image: C:\Program Files (x86)\Microsoft\Edge\Application\msedge.exe
FileVersion: 96.0.1054.62
Description: Microsoft Edge
Product: Microsoft Edge
Company: Microsoft Corporation
OriginalFileName: msedge.exe
CommandLine: ""C:\Program Files (x86)\Microsoft\Edge\Application\msedge.exe"" --type=renderer --disable-client-side-phishing-detection --display-capture-permissions-policy-allowed --field-trial-handle=2308,14150179790966226464,16948066822318633601,131072 --lang=en-US --device-scale-factor=1 --num-raster-threads=4 --enable-main-frame-before-activation --renderer-client-id=159 --mojo-platform-channel-handle=7824 /prefetch:1
CurrentDirectory: C:\Program Files (x86)\Microsoft\Edge\Application\96.0.1054.62\
User: DESKTOP-JP20VPR\BobWe
LogonGuid: {ec47ca29-70bf-61d3-9db4-020000000000}
LogonId: 0x2B49D
TerminalSessionId: 1
IntegrityLevel: Low
Hashes: SHA256=18A839142796D6E4D0FA44F5A75E0CD79CC5C1A5FDE39B7CC00FAEC50A899B6D
ParentProcessGuid: {ec47ca29-70db-61d3-4801-000000008600}
ParentProcessId: 11916
ParentImage: C:\Program Files (x86)\Microsoft\Edge\Application\msedge.exe
ParentCommandLine: ""C:\Program Files (x86)\Microsoft\Edge\Application\msedge.exe"" --no-startup-window --win-session-start /prefetch:5
ParentUser: DESKTOP-JP20VPR\BobWe"
Information	1/4/2022 2:33:19 PM	Microsoft-Windows-Sysmon	1	Process Create (rule: ProcessCreate)	S-1-5-18	Microsoft-Windows-Sysmon/Operational		Info	DESKTOP-JP20VPR	14108	3560						00000000-0000-0000-0000-000000000000	00000000-0000-0000-0000-000000000000		"Process Create:
RuleName: -
UtcTime: 2022-01-04 19:33:19.748
ProcessGuid: {ec47ca29-a0ff-61d4-510a-000000008600}
ProcessId: 11980
Image: C:\Program Files (x86)\Microsoft\Edge\Application\msedge.exe
FileVersion: 96.0.1054.62
Description: Microsoft Edge
Product: Microsoft Edge
Company: Microsoft Corporation
OriginalFileName: msedge.exe
CommandLine: ""C:\Program Files (x86)\Microsoft\Edge\Application\msedge.exe"" --type=renderer --disable-client-side-phishing-detection --display-capture-permissions-policy-allowed --field-trial-handle=2308,14150179790966226464,16948066822318633601,131072 --lang=en-US --device-scale-factor=1 --num-raster-threads=4 --enable-main-frame-before-activation --renderer-client-id=158 --mojo-platform-channel-handle=5676 /prefetch:1
CurrentDirectory: C:\Program Files (x86)\Microsoft\Edge\Application\96.0.1054.62\
User: DESKTOP-JP20VPR\BobWe
LogonGuid: {ec47ca29-70bf-61d3-9db4-020000000000}
LogonId: 0x2B49D
TerminalSessionId: 1
IntegrityLevel: Low
Hashes: SHA256=18A839142796D6E4D0FA44F5A75E0CD79CC5C1A5FDE39B7CC00FAEC50A899B6D
ParentProcessGuid: {ec47ca29-70db-61d3-4801-000000008600}
ParentProcessId: 11916
ParentImage: C:\Program Files (x86)\Microsoft\Edge\Application\msedge.exe
ParentCommandLine: ""C:\Program Files (x86)\Microsoft\Edge\Application\msedge.exe"" --no-startup-window --win-session-start /prefetch:5
ParentUser: DESKTOP-JP20VPR\BobWe"
Information	1/4/2022 2:33:17 PM	Microsoft-Windows-Sysmon	5	Process terminated (rule: ProcessTerminate)	S-1-5-18	Microsoft-Windows-Sysmon/Operational		Info	DESKTOP-JP20VPR	14108	3560						00000000-0000-0000-0000-000000000000	00000000-0000-0000-0000-000000000000		"Process terminated:
RuleName: -
UtcTime: 2022-01-04 19:33:17.122
ProcessGuid: {ec47ca29-a0fa-61d4-4f0a-000000008600}
ProcessId: 8804
Image: C:\Program Files (x86)\Microsoft\Edge\Application\msedge.exe
User: DESKTOP-JP20VPR\BobWe"
Information	1/4/2022 2:33:17 PM	Microsoft-Windows-Sysmon	5	Process terminated (rule: ProcessTerminate)	S-1-5-18	Microsoft-Windows-Sysmon/Operational		Info	DESKTOP-JP20VPR	14108	3560						00000000-0000-0000-0000-000000000000	00000000-0000-0000-0000-000000000000		"Process terminated:
RuleName: -
UtcTime: 2022-01-04 19:33:17.121
ProcessGuid: {ec47ca29-a0f4-61d4-4d0a-000000008600}
ProcessId: 21276
Image: C:\Program Files (x86)\Microsoft\Edge\Application\msedge.exe
User: DESKTOP-JP20VPR\BobWe"
Information	1/4/2022 2:33:17 PM	Microsoft-Windows-Sysmon	5	Process terminated (rule: ProcessTerminate)	S-1-5-18	Microsoft-Windows-Sysmon/Operational		Info	DESKTOP-JP20VPR	14108	3560						00000000-0000-0000-0000-000000000000	00000000-0000-0000-0000-000000000000		"Process terminated:
RuleName: -
UtcTime: 2022-01-04 19:33:17.121
ProcessGuid: {ec47ca29-a0fa-61d4-4e0a-000000008600}
ProcessId: 13232
Image: C:\Program Files (x86)\Microsoft\Edge\Application\msedge.exe
User: DESKTOP-JP20VPR\BobWe"
Information	1/4/2022 2:33:14 PM	Microsoft-Windows-Sysmon	1	Process Create (rule: ProcessCreate)	S-1-5-18	Microsoft-Windows-Sysmon/Operational		Info	DESKTOP-JP20VPR	14108	3560						00000000-0000-0000-0000-000000000000	00000000-0000-0000-0000-000000000000		"Process Create:
RuleName: -
UtcTime: 2022-01-04 19:33:14.450
ProcessGuid: {ec47ca29-a0fa-61d4-500a-000000008600}
ProcessId: 19768
Image: C:\Program Files (x86)\Microsoft\Edge\Application\msedge.exe
FileVersion: 96.0.1054.62
Description: Microsoft Edge
Product: Microsoft Edge
Company: Microsoft Corporation
OriginalFileName: msedge.exe
CommandLine: ""C:\Program Files (x86)\Microsoft\Edge\Application\msedge.exe"" --type=renderer --disable-client-side-phishing-detection --display-capture-permissions-policy-allowed --field-trial-handle=2308,14150179790966226464,16948066822318633601,131072 --lang=en-US --device-scale-factor=1 --num-raster-threads=4 --enable-main-frame-before-activation --renderer-client-id=157 --mojo-platform-channel-handle=9700 /prefetch:1
CurrentDirectory: C:\Program Files (x86)\Microsoft\Edge\Application\96.0.1054.62\
User: DESKTOP-JP20VPR\BobWe
LogonGuid: {ec47ca29-70bf-61d3-9db4-020000000000}
LogonId: 0x2B49D
TerminalSessionId: 1
IntegrityLevel: Low
Hashes: SHA256=18A839142796D6E4D0FA44F5A75E0CD79CC5C1A5FDE39B7CC00FAEC50A899B6D
ParentProcessGuid: {ec47ca29-70db-61d3-4801-000000008600}
ParentProcessId: 11916
ParentImage: C:\Program Files (x86)\Microsoft\Edge\Application\msedge.exe
ParentCommandLine: ""C:\Program Files (x86)\Microsoft\Edge\Application\msedge.exe"" --no-startup-window --win-session-start /prefetch:5
ParentUser: DESKTOP-JP20VPR\BobWe"
Information	1/4/2022 2:33:14 PM	Microsoft-Windows-Sysmon	1	Process Create (rule: ProcessCreate)	S-1-5-18	Microsoft-Windows-Sysmon/Operational		Info	DESKTOP-JP20VPR	14108	3560						00000000-0000-0000-0000-000000000000	00000000-0000-0000-0000-000000000000		"Process Create:
RuleName: -
UtcTime: 2022-01-04 19:33:14.436
ProcessGuid: {ec47ca29-a0fa-61d4-4f0a-000000008600}
ProcessId: 8804
Image: C:\Program Files (x86)\Microsoft\Edge\Application\msedge.exe
FileVersion: 96.0.1054.62
Description: Microsoft Edge
Product: Microsoft Edge
Company: Microsoft Corporation
OriginalFileName: msedge.exe
CommandLine: ""C:\Program Files (x86)\Microsoft\Edge\Application\msedge.exe"" --type=renderer --disable-client-side-phishing-detection --display-capture-permissions-policy-allowed --field-trial-handle=2308,14150179790966226464,16948066822318633601,131072 --lang=en-US --device-scale-factor=1 --num-raster-threads=4 --enable-main-frame-before-activation --renderer-client-id=156 --mojo-platform-channel-handle=4336 /prefetch:1
CurrentDirectory: C:\Program Files (x86)\Microsoft\Edge\Application\96.0.1054.62\
User: DESKTOP-JP20VPR\BobWe
LogonGuid: {ec47ca29-70bf-61d3-9db4-020000000000}
LogonId: 0x2B49D
TerminalSessionId: 1
IntegrityLevel: Low
Hashes: SHA256=18A839142796D6E4D0FA44F5A75E0CD79CC5C1A5FDE39B7CC00FAEC50A899B6D
ParentProcessGuid: {ec47ca29-70db-61d3-4801-000000008600}
ParentProcessId: 11916
ParentImage: C:\Program Files (x86)\Microsoft\Edge\Application\msedge.exe
ParentCommandLine: ""C:\Program Files (x86)\Microsoft\Edge\Application\msedge.exe"" --no-startup-window --win-session-start /prefetch:5
ParentUser: DESKTOP-JP20VPR\BobWe"
Information	1/4/2022 2:33:14 PM	Microsoft-Windows-Sysmon	1	Process Create (rule: ProcessCreate)	S-1-5-18	Microsoft-Windows-Sysmon/Operational		Info	DESKTOP-JP20VPR	14108	3560						00000000-0000-0000-0000-000000000000	00000000-0000-0000-0000-000000000000		"Process Create:
RuleName: -
UtcTime: 2022-01-04 19:33:14.431
ProcessGuid: {ec47ca29-a0fa-61d4-4e0a-000000008600}
ProcessId: 13232
Image: C:\Program Files (x86)\Microsoft\Edge\Application\msedge.exe
FileVersion: 96.0.1054.62
Description: Microsoft Edge
Product: Microsoft Edge
Company: Microsoft Corporation
OriginalFileName: msedge.exe
CommandLine: ""C:\Program Files (x86)\Microsoft\Edge\Application\msedge.exe"" --type=renderer --disable-client-side-phishing-detection --display-capture-permissions-policy-allowed --field-trial-handle=2308,14150179790966226464,16948066822318633601,131072 --lang=en-US --device-scale-factor=1 --num-raster-threads=4 --enable-main-frame-before-activation --renderer-client-id=155 --mojo-platform-channel-handle=11224 /prefetch:1
CurrentDirectory: C:\Program Files (x86)\Microsoft\Edge\Application\96.0.1054.62\
User: DESKTOP-JP20VPR\BobWe
LogonGuid: {ec47ca29-70bf-61d3-9db4-020000000000}
LogonId: 0x2B49D
TerminalSessionId: 1
IntegrityLevel: Low
Hashes: SHA256=18A839142796D6E4D0FA44F5A75E0CD79CC5C1A5FDE39B7CC00FAEC50A899B6D
ParentProcessGuid: {ec47ca29-70db-61d3-4801-000000008600}
ParentProcessId: 11916
ParentImage: C:\Program Files (x86)\Microsoft\Edge\Application\msedge.exe
ParentCommandLine: ""C:\Program Files (x86)\Microsoft\Edge\Application\msedge.exe"" --no-startup-window --win-session-start /prefetch:5
ParentUser: DESKTOP-JP20VPR\BobWe"
Information	1/4/2022 2:33:13 PM	Microsoft-Windows-Sysmon	5	Process terminated (rule: ProcessTerminate)	S-1-5-18	Microsoft-Windows-Sysmon/Operational		Info	DESKTOP-JP20VPR	14108	3560						00000000-0000-0000-0000-000000000000	00000000-0000-0000-0000-000000000000		"Process terminated:
RuleName: -
UtcTime: 2022-01-04 19:33:13.824
ProcessGuid: {ec47ca29-a0e8-61d4-430a-000000008600}
ProcessId: 18104
Image: C:\Program Files (x86)\Microsoft\Edge\Application\msedge.exe
User: DESKTOP-JP20VPR\BobWe"
Information	1/4/2022 2:33:11 PM	Microsoft-Windows-Sysmon	5	Process terminated (rule: ProcessTerminate)	S-1-5-18	Microsoft-Windows-Sysmon/Operational		Info	DESKTOP-JP20VPR	14108	3560						00000000-0000-0000-0000-000000000000	00000000-0000-0000-0000-000000000000		"Process terminated:
RuleName: -
UtcTime: 2022-01-04 19:33:11.942
ProcessGuid: {ec47ca29-a0f4-61d4-4c0a-000000008600}
ProcessId: 21268
Image: C:\Program Files (x86)\Microsoft\Edge\Application\msedge.exe
User: DESKTOP-JP20VPR\BobWe"
Information	1/4/2022 2:33:11 PM	Microsoft-Windows-Sysmon	5	Process terminated (rule: ProcessTerminate)	S-1-5-18	Microsoft-Windows-Sysmon/Operational		Info	DESKTOP-JP20VPR	14108	3560						00000000-0000-0000-0000-000000000000	00000000-0000-0000-0000-000000000000		"Process terminated:
RuleName: -
UtcTime: 2022-01-04 19:33:11.941
ProcessGuid: {ec47ca29-a0f4-61d4-4b0a-000000008600}
ProcessId: 21260
Image: C:\Program Files (x86)\Microsoft\Edge\Application\msedge.exe
User: DESKTOP-JP20VPR\BobWe"
Information	1/4/2022 2:33:11 PM	Microsoft-Windows-Sysmon	5	Process terminated (rule: ProcessTerminate)	S-1-5-18	Microsoft-Windows-Sysmon/Operational		Info	DESKTOP-JP20VPR	14108	3560						00000000-0000-0000-0000-000000000000	00000000-0000-0000-0000-000000000000		"Process terminated:
RuleName: -
UtcTime: 2022-01-04 19:33:11.940
ProcessGuid: {ec47ca29-a0ee-61d4-4a0a-000000008600}
ProcessId: 20804
Image: C:\Program Files (x86)\Microsoft\Edge\Application\msedge.exe
User: DESKTOP-JP20VPR\BobWe"
Information	1/4/2022 2:33:10 PM	Microsoft-Windows-Sysmon	5	Process terminated (rule: ProcessTerminate)	S-1-5-18	Microsoft-Windows-Sysmon/Operational		Info	DESKTOP-JP20VPR	14108	3560						00000000-0000-0000-0000-000000000000	00000000-0000-0000-0000-000000000000		"Process terminated:
RuleName: -
UtcTime: 2022-01-04 19:33:10.356
ProcessGuid: {ec47ca29-a0c5-61d4-160a-000000008600}
ProcessId: 18396
Image: C:\Program Files (x86)\Microsoft\Edge\Application\msedge.exe
User: DESKTOP-JP20VPR\BobWe"
Information	1/4/2022 2:33:08 PM	Microsoft-Windows-Sysmon	1	Process Create (rule: ProcessCreate)	S-1-5-18	Microsoft-Windows-Sysmon/Operational		Info	DESKTOP-JP20VPR	14108	3560						00000000-0000-0000-0000-000000000000	00000000-0000-0000-0000-000000000000		"Process Create:
RuleName: -
UtcTime: 2022-01-04 19:33:08.758
ProcessGuid: {ec47ca29-a0f4-61d4-4d0a-000000008600}
ProcessId: 21276
Image: C:\Program Files (x86)\Microsoft\Edge\Application\msedge.exe
FileVersion: 96.0.1054.62
Description: Microsoft Edge
Product: Microsoft Edge
Company: Microsoft Corporation
OriginalFileName: msedge.exe
CommandLine: ""C:\Program Files (x86)\Microsoft\Edge\Application\msedge.exe"" --type=renderer --disable-client-side-phishing-detection --display-capture-permissions-policy-allowed --field-trial-handle=2308,14150179790966226464,16948066822318633601,131072 --lang=en-US --device-scale-factor=1 --num-raster-threads=4 --enable-main-frame-before-activation --renderer-client-id=154 --mojo-platform-channel-handle=11096 /prefetch:1
CurrentDirectory: C:\Program Files (x86)\Microsoft\Edge\Application\96.0.1054.62\
User: DESKTOP-JP20VPR\BobWe
LogonGuid: {ec47ca29-70bf-61d3-9db4-020000000000}
LogonId: 0x2B49D
TerminalSessionId: 1
IntegrityLevel: Low
Hashes: SHA256=18A839142796D6E4D0FA44F5A75E0CD79CC5C1A5FDE39B7CC00FAEC50A899B6D
ParentProcessGuid: {ec47ca29-70db-61d3-4801-000000008600}
ParentProcessId: 11916
ParentImage: C:\Program Files (x86)\Microsoft\Edge\Application\msedge.exe
ParentCommandLine: ""C:\Program Files (x86)\Microsoft\Edge\Application\msedge.exe"" --no-startup-window --win-session-start /prefetch:5
ParentUser: DESKTOP-JP20VPR\BobWe"
Information	1/4/2022 2:33:08 PM	Microsoft-Windows-Sysmon	1	Process Create (rule: ProcessCreate)	S-1-5-18	Microsoft-Windows-Sysmon/Operational		Info	DESKTOP-JP20VPR	14108	3560						00000000-0000-0000-0000-000000000000	00000000-0000-0000-0000-000000000000		"Process Create:
RuleName: -
UtcTime: 2022-01-04 19:33:08.744
ProcessGuid: {ec47ca29-a0f4-61d4-4c0a-000000008600}
ProcessId: 21268
Image: C:\Program Files (x86)\Microsoft\Edge\Application\msedge.exe
FileVersion: 96.0.1054.62
Description: Microsoft Edge
Product: Microsoft Edge
Company: Microsoft Corporation
OriginalFileName: msedge.exe
CommandLine: ""C:\Program Files (x86)\Microsoft\Edge\Application\msedge.exe"" --type=renderer --disable-client-side-phishing-detection --display-capture-permissions-policy-allowed --field-trial-handle=2308,14150179790966226464,16948066822318633601,131072 --lang=en-US --device-scale-factor=1 --num-raster-threads=4 --enable-main-frame-before-activation --renderer-client-id=153 --mojo-platform-channel-handle=11032 /prefetch:1
CurrentDirectory: C:\Program Files (x86)\Microsoft\Edge\Application\96.0.1054.62\
User: DESKTOP-JP20VPR\BobWe
LogonGuid: {ec47ca29-70bf-61d3-9db4-020000000000}
LogonId: 0x2B49D
TerminalSessionId: 1
IntegrityLevel: Low
Hashes: SHA256=18A839142796D6E4D0FA44F5A75E0CD79CC5C1A5FDE39B7CC00FAEC50A899B6D
ParentProcessGuid: {ec47ca29-70db-61d3-4801-000000008600}
ParentProcessId: 11916
ParentImage: C:\Program Files (x86)\Microsoft\Edge\Application\msedge.exe
ParentCommandLine: ""C:\Program Files (x86)\Microsoft\Edge\Application\msedge.exe"" --no-startup-window --win-session-start /prefetch:5
ParentUser: DESKTOP-JP20VPR\BobWe"
Information	1/4/2022 2:33:08 PM	Microsoft-Windows-Sysmon	1	Process Create (rule: ProcessCreate)	S-1-5-18	Microsoft-Windows-Sysmon/Operational		Info	DESKTOP-JP20VPR	14108	3560						00000000-0000-0000-0000-000000000000	00000000-0000-0000-0000-000000000000		"Process Create:
RuleName: -
UtcTime: 2022-01-04 19:33:08.741
ProcessGuid: {ec47ca29-a0f4-61d4-4b0a-000000008600}
ProcessId: 21260
Image: C:\Program Files (x86)\Microsoft\Edge\Application\msedge.exe
FileVersion: 96.0.1054.62
Description: Microsoft Edge
Product: Microsoft Edge
Company: Microsoft Corporation
OriginalFileName: msedge.exe
CommandLine: ""C:\Program Files (x86)\Microsoft\Edge\Application\msedge.exe"" --type=renderer --disable-client-side-phishing-detection --display-capture-permissions-policy-allowed --field-trial-handle=2308,14150179790966226464,16948066822318633601,131072 --lang=en-US --device-scale-factor=1 --num-raster-threads=4 --enable-main-frame-before-activation --renderer-client-id=152 --mojo-platform-channel-handle=10776 /prefetch:1
CurrentDirectory: C:\Program Files (x86)\Microsoft\Edge\Application\96.0.1054.62\
User: DESKTOP-JP20VPR\BobWe
LogonGuid: {ec47ca29-70bf-61d3-9db4-020000000000}
LogonId: 0x2B49D
TerminalSessionId: 1
IntegrityLevel: Low
Hashes: SHA256=18A839142796D6E4D0FA44F5A75E0CD79CC5C1A5FDE39B7CC00FAEC50A899B6D
ParentProcessGuid: {ec47ca29-70db-61d3-4801-000000008600}
ParentProcessId: 11916
ParentImage: C:\Program Files (x86)\Microsoft\Edge\Application\msedge.exe
ParentCommandLine: ""C:\Program Files (x86)\Microsoft\Edge\Application\msedge.exe"" --no-startup-window --win-session-start /prefetch:5
ParentUser: DESKTOP-JP20VPR\BobWe"
Information	1/4/2022 2:33:06 PM	Microsoft-Windows-Sysmon	5	Process terminated (rule: ProcessTerminate)	S-1-5-18	Microsoft-Windows-Sysmon/Operational		Info	DESKTOP-JP20VPR	14108	3560						00000000-0000-0000-0000-000000000000	00000000-0000-0000-0000-000000000000		"Process terminated:
RuleName: -
UtcTime: 2022-01-04 19:33:06.101
ProcessGuid: {ec47ca29-a0ee-61d4-480a-000000008600}
ProcessId: 20788
Image: C:\Program Files (x86)\Microsoft\Edge\Application\msedge.exe
User: DESKTOP-JP20VPR\BobWe"
Information	1/4/2022 2:33:06 PM	Microsoft-Windows-Sysmon	5	Process terminated (rule: ProcessTerminate)	S-1-5-18	Microsoft-Windows-Sysmon/Operational		Info	DESKTOP-JP20VPR	14108	3560						00000000-0000-0000-0000-000000000000	00000000-0000-0000-0000-000000000000		"Process terminated:
RuleName: -
UtcTime: 2022-01-04 19:33:06.100
ProcessGuid: {ec47ca29-a0ea-61d4-470a-000000008600}
ProcessId: 20524
Image: C:\Program Files (x86)\Microsoft\Edge\Application\msedge.exe
User: DESKTOP-JP20VPR\BobWe"
Information	1/4/2022 2:33:06 PM	Microsoft-Windows-Sysmon	5	Process terminated (rule: ProcessTerminate)	S-1-5-18	Microsoft-Windows-Sysmon/Operational		Info	DESKTOP-JP20VPR	14108	3560						00000000-0000-0000-0000-000000000000	00000000-0000-0000-0000-000000000000		"Process terminated:
RuleName: -
UtcTime: 2022-01-04 19:33:06.099
ProcessGuid: {ec47ca29-a0ee-61d4-490a-000000008600}
ProcessId: 20796
Image: C:\Program Files (x86)\Microsoft\Edge\Application\msedge.exe
User: DESKTOP-JP20VPR\BobWe"
Information	1/4/2022 2:33:02 PM	Microsoft-Windows-Sysmon	1	Process Create (rule: ProcessCreate)	S-1-5-18	Microsoft-Windows-Sysmon/Operational		Info	DESKTOP-JP20VPR	14108	3560						00000000-0000-0000-0000-000000000000	00000000-0000-0000-0000-000000000000		"Process Create:
RuleName: -
UtcTime: 2022-01-04 19:33:02.497
ProcessGuid: {ec47ca29-a0ee-61d4-4a0a-000000008600}
ProcessId: 20804
Image: C:\Program Files (x86)\Microsoft\Edge\Application\msedge.exe
FileVersion: 96.0.1054.62
Description: Microsoft Edge
Product: Microsoft Edge
Company: Microsoft Corporation
OriginalFileName: msedge.exe
CommandLine: ""C:\Program Files (x86)\Microsoft\Edge\Application\msedge.exe"" --type=renderer --disable-client-side-phishing-detection --display-capture-permissions-policy-allowed --field-trial-handle=2308,14150179790966226464,16948066822318633601,131072 --lang=en-US --device-scale-factor=1 --num-raster-threads=4 --enable-main-frame-before-activation --renderer-client-id=151 --mojo-platform-channel-handle=9588 /prefetch:1
CurrentDirectory: C:\Program Files (x86)\Microsoft\Edge\Application\96.0.1054.62\
User: DESKTOP-JP20VPR\BobWe
LogonGuid: {ec47ca29-70bf-61d3-9db4-020000000000}
LogonId: 0x2B49D
TerminalSessionId: 1
IntegrityLevel: Low
Hashes: SHA256=18A839142796D6E4D0FA44F5A75E0CD79CC5C1A5FDE39B7CC00FAEC50A899B6D
ParentProcessGuid: {ec47ca29-70db-61d3-4801-000000008600}
ParentProcessId: 11916
ParentImage: C:\Program Files (x86)\Microsoft\Edge\Application\msedge.exe
ParentCommandLine: ""C:\Program Files (x86)\Microsoft\Edge\Application\msedge.exe"" --no-startup-window --win-session-start /prefetch:5
ParentUser: DESKTOP-JP20VPR\BobWe"
Information	1/4/2022 2:33:02 PM	Microsoft-Windows-Sysmon	1	Process Create (rule: ProcessCreate)	S-1-5-18	Microsoft-Windows-Sysmon/Operational		Info	DESKTOP-JP20VPR	14108	3560						00000000-0000-0000-0000-000000000000	00000000-0000-0000-0000-000000000000		"Process Create:
RuleName: -
UtcTime: 2022-01-04 19:33:02.493
ProcessGuid: {ec47ca29-a0ee-61d4-490a-000000008600}
ProcessId: 20796
Image: C:\Program Files (x86)\Microsoft\Edge\Application\msedge.exe
FileVersion: 96.0.1054.62
Description: Microsoft Edge
Product: Microsoft Edge
Company: Microsoft Corporation
OriginalFileName: msedge.exe
CommandLine: ""C:\Program Files (x86)\Microsoft\Edge\Application\msedge.exe"" --type=renderer --disable-client-side-phishing-detection --display-capture-permissions-policy-allowed --field-trial-handle=2308,14150179790966226464,16948066822318633601,131072 --lang=en-US --device-scale-factor=1 --num-raster-threads=4 --enable-main-frame-before-activation --renderer-client-id=150 --mojo-platform-channel-handle=6232 /prefetch:1
CurrentDirectory: C:\Program Files (x86)\Microsoft\Edge\Application\96.0.1054.62\
User: DESKTOP-JP20VPR\BobWe
LogonGuid: {ec47ca29-70bf-61d3-9db4-020000000000}
LogonId: 0x2B49D
TerminalSessionId: 1
IntegrityLevel: Low
Hashes: SHA256=18A839142796D6E4D0FA44F5A75E0CD79CC5C1A5FDE39B7CC00FAEC50A899B6D
ParentProcessGuid: {ec47ca29-70db-61d3-4801-000000008600}
ParentProcessId: 11916
ParentImage: C:\Program Files (x86)\Microsoft\Edge\Application\msedge.exe
ParentCommandLine: ""C:\Program Files (x86)\Microsoft\Edge\Application\msedge.exe"" --no-startup-window --win-session-start /prefetch:5
ParentUser: DESKTOP-JP20VPR\BobWe"
Information	1/4/2022 2:33:02 PM	Microsoft-Windows-Sysmon	1	Process Create (rule: ProcessCreate)	S-1-5-18	Microsoft-Windows-Sysmon/Operational		Info	DESKTOP-JP20VPR	14108	3560						00000000-0000-0000-0000-000000000000	00000000-0000-0000-0000-000000000000		"Process Create:
RuleName: -
UtcTime: 2022-01-04 19:33:02.476
ProcessGuid: {ec47ca29-a0ee-61d4-480a-000000008600}
ProcessId: 20788
Image: C:\Program Files (x86)\Microsoft\Edge\Application\msedge.exe
FileVersion: 96.0.1054.62
Description: Microsoft Edge
Product: Microsoft Edge
Company: Microsoft Corporation
OriginalFileName: msedge.exe
CommandLine: ""C:\Program Files (x86)\Microsoft\Edge\Application\msedge.exe"" --type=renderer --disable-client-side-phishing-detection --display-capture-permissions-policy-allowed --field-trial-handle=2308,14150179790966226464,16948066822318633601,131072 --lang=en-US --device-scale-factor=1 --num-raster-threads=4 --enable-main-frame-before-activation --renderer-client-id=149 --mojo-platform-channel-handle=10508 /prefetch:1
CurrentDirectory: C:\Program Files (x86)\Microsoft\Edge\Application\96.0.1054.62\
User: DESKTOP-JP20VPR\BobWe
LogonGuid: {ec47ca29-70bf-61d3-9db4-020000000000}
LogonId: 0x2B49D
TerminalSessionId: 1
IntegrityLevel: Low
Hashes: SHA256=18A839142796D6E4D0FA44F5A75E0CD79CC5C1A5FDE39B7CC00FAEC50A899B6D
ParentProcessGuid: {ec47ca29-70db-61d3-4801-000000008600}
ParentProcessId: 11916
ParentImage: C:\Program Files (x86)\Microsoft\Edge\Application\msedge.exe
ParentCommandLine: ""C:\Program Files (x86)\Microsoft\Edge\Application\msedge.exe"" --no-startup-window --win-session-start /prefetch:5
ParentUser: DESKTOP-JP20VPR\BobWe"
Information	1/4/2022 2:32:59 PM	Microsoft-Windows-Sysmon	5	Process terminated (rule: ProcessTerminate)	S-1-5-18	Microsoft-Windows-Sysmon/Operational		Info	DESKTOP-JP20VPR	14108	3560						00000000-0000-0000-0000-000000000000	00000000-0000-0000-0000-000000000000		"Process terminated:
RuleName: -
UtcTime: 2022-01-04 19:32:59.409
ProcessGuid: {ec47ca29-a0e6-61d4-3a0a-000000008600}
ProcessId: 20088
Image: C:\Program Files (x86)\Microsoft\Edge\Application\msedge.exe
User: DESKTOP-JP20VPR\BobWe"
Information	1/4/2022 2:32:58 PM	Microsoft-Windows-Sysmon	5	Process terminated (rule: ProcessTerminate)	S-1-5-18	Microsoft-Windows-Sysmon/Operational		Info	DESKTOP-JP20VPR	14108	3560						00000000-0000-0000-0000-000000000000	00000000-0000-0000-0000-000000000000		"Process terminated:
RuleName: -
UtcTime: 2022-01-04 19:32:58.915
ProcessGuid: {ec47ca29-a0e7-61d4-3b0a-000000008600}
ProcessId: 7452
Image: C:\Program Files (x86)\Microsoft\Edge\Application\msedge.exe
User: DESKTOP-JP20VPR\BobWe"
Information	1/4/2022 2:32:58 PM	Microsoft-Windows-Sysmon	5	Process terminated (rule: ProcessTerminate)	S-1-5-18	Microsoft-Windows-Sysmon/Operational		Info	DESKTOP-JP20VPR	14108	3560						00000000-0000-0000-0000-000000000000	00000000-0000-0000-0000-000000000000		"Process terminated:
RuleName: -
UtcTime: 2022-01-04 19:32:58.915
ProcessGuid: {ec47ca29-a0e7-61d4-3e0a-000000008600}
ProcessId: 20208
Image: C:\Program Files (x86)\Microsoft\Edge\Application\msedge.exe
User: DESKTOP-JP20VPR\BobWe"
