Information	1/4/2022 1:19:56 PM	Microsoft-Windows-Sysmon	1	Process Create (rule: ProcessCreate)	S-1-5-18	Microsoft-Windows-Sysmon/Operational		Info	DESKTOP-JP20VPR	14108	3560						00000000-0000-0000-0000-000000000000	00000000-0000-0000-0000-000000000000		"Process Create:
RuleName: -
UtcTime: 2022-01-04 18:19:56.217
ProcessGuid: {ec47ca29-8fcc-61d4-6109-000000008600}
ProcessId: 19344
Image: C:\Windows\System32\svchost.exe
FileVersion: 10.0.19041.546 (WinBuild.160101.0800)
Description: Host Process for Windows Services
Product: Microsoft® Windows® Operating System
Company: Microsoft Corporation
OriginalFileName: svchost.exe
CommandLine: C:\Windows\system32\svchost.exe -k netsvcs -p -s wlidsvc
CurrentDirectory: C:\Windows\system32\
User: NT AUTHORITY\SYSTEM
LogonGuid: {ec47ca29-70be-61d3-e703-000000000000}
LogonId: 0x3E7
TerminalSessionId: 0
IntegrityLevel: System
Hashes: SHA256=643EC58E82E0272C97C2A59F6020970D881AF19C0AD5029DB9C958C13B6558C7
ParentProcessGuid: {00000000-0000-0000-0000-000000000000}
ParentProcessId: 944
ParentImage: -
ParentCommandLine: -
ParentUser: -"
Information	1/4/2022 1:17:12 PM	Microsoft-Windows-Sysmon	5	Process terminated (rule: ProcessTerminate)	S-1-5-18	Microsoft-Windows-Sysmon/Operational		Info	DESKTOP-JP20VPR	14108	3560						00000000-0000-0000-0000-000000000000	00000000-0000-0000-0000-000000000000		"Process terminated:
RuleName: -
UtcTime: 2022-01-04 18:17:12.178
ProcessGuid: {ec47ca29-8f11-61d4-6009-000000008600}
ProcessId: 10424
Image: C:\Program Files\Microsoft Office\root\Office16\SDXHelper.exe
User: DESKTOP-JP20VPR\BobWe"
Information	1/4/2022 1:16:49 PM	Microsoft-Windows-Sysmon	5	Process terminated (rule: ProcessTerminate)	S-1-5-18	Microsoft-Windows-Sysmon/Operational		Info	DESKTOP-JP20VPR	14108	3560						00000000-0000-0000-0000-000000000000	00000000-0000-0000-0000-000000000000		"Process terminated:
RuleName: -
UtcTime: 2022-01-04 18:16:49.333
ProcessGuid: {ec47ca29-8f10-61d4-5f09-000000008600}
ProcessId: 13912
Image: C:\Program Files\Microsoft Office\root\Office16\SDXHelper.exe
User: DESKTOP-JP20VPR\BobWe"
Information	1/4/2022 1:16:49 PM	Microsoft-Windows-Sysmon	1	Process Create (rule: ProcessCreate)	S-1-5-18	Microsoft-Windows-Sysmon/Operational		Info	DESKTOP-JP20VPR	14108	3560						00000000-0000-0000-0000-000000000000	00000000-0000-0000-0000-000000000000		"Process Create:
RuleName: -
UtcTime: 2022-01-04 18:16:49.080
ProcessGuid: {ec47ca29-8f11-61d4-6009-000000008600}
ProcessId: 10424
Image: C:\Program Files\Microsoft Office\root\Office16\SDXHelper.exe
FileVersion: 16.0.14701.20262
Description: Microsoft Office SDX Helper
Product: Microsoft Office
Company: Microsoft Corporation
OriginalFileName: SDXHELPER.EXE
CommandLine: ""C:\Program Files\Microsoft Office\Root\Office16\SDXHelper.exe"" -Embedding
CurrentDirectory: C:\Windows\system32\
User: DESKTOP-JP20VPR\BobWe
LogonGuid: {ec47ca29-70bf-61d3-9db4-020000000000}
LogonId: 0x2B49D
TerminalSessionId: 1
IntegrityLevel: Medium
Hashes: SHA256=BB2C046E9134548D5828D01C469A33F8C3712B284E24CE10B407A9276A769344
ParentProcessGuid: {ec47ca29-70be-61d3-0d00-000000008600}
ParentProcessId: 1056
ParentImage: C:\Windows\System32\svchost.exe
ParentCommandLine: C:\Windows\system32\svchost.exe -k DcomLaunch -p
ParentUser: NT AUTHORITY\SYSTEM"
Information	1/4/2022 1:16:48 PM	Microsoft-Windows-Sysmon	1	Process Create (rule: ProcessCreate)	S-1-5-18	Microsoft-Windows-Sysmon/Operational		Info	DESKTOP-JP20VPR	14108	3560						00000000-0000-0000-0000-000000000000	00000000-0000-0000-0000-000000000000		"Process Create:
RuleName: -
UtcTime: 2022-01-04 18:16:48.937
ProcessGuid: {ec47ca29-8f10-61d4-5f09-000000008600}
ProcessId: 13912
Image: C:\Program Files\Microsoft Office\root\Office16\SDXHelper.exe
FileVersion: 16.0.14701.20262
Description: Microsoft Office SDX Helper
Product: Microsoft Office
Company: Microsoft Corporation
OriginalFileName: SDXHELPER.EXE
CommandLine: ""C:\Program Files\Microsoft Office\root\Office16\sdxhelper.exe""
CurrentDirectory: C:\Windows\system32\
User: DESKTOP-JP20VPR\BobWe
LogonGuid: {ec47ca29-70bf-61d3-9db4-020000000000}
LogonId: 0x2B49D
TerminalSessionId: 1
IntegrityLevel: Medium
Hashes: SHA256=BB2C046E9134548D5828D01C469A33F8C3712B284E24CE10B407A9276A769344
ParentProcessGuid: {ec47ca29-70bf-61d3-1c00-000000008600}
ParentProcessId: 1716
ParentImage: C:\Windows\System32\svchost.exe
ParentCommandLine: C:\Windows\system32\svchost.exe -k netsvcs -p -s Schedule
ParentUser: NT AUTHORITY\SYSTEM"
Information	1/4/2022 1:11:22 PM	Microsoft-Windows-Sysmon	5	Process terminated (rule: ProcessTerminate)	S-1-5-18	Microsoft-Windows-Sysmon/Operational		Info	DESKTOP-JP20VPR	14108	3560						00000000-0000-0000-0000-000000000000	00000000-0000-0000-0000-000000000000		"Process terminated:
RuleName: -
UtcTime: 2022-01-04 18:11:22.330
ProcessGuid: {ec47ca29-8c62-61d4-5b09-000000008600}
ProcessId: 3124
Image: C:\Windows\System32\svchost.exe
User: NT AUTHORITY\SYSTEM"
Information	1/4/2022 1:10:52 PM	Microsoft-Windows-Sysmon	5	Process terminated (rule: ProcessTerminate)	S-1-5-18	Microsoft-Windows-Sysmon/Operational		Info	DESKTOP-JP20VPR	14108	3560						00000000-0000-0000-0000-000000000000	00000000-0000-0000-0000-000000000000		"Process terminated:
RuleName: -
UtcTime: 2022-01-04 18:10:52.283
ProcessGuid: {ec47ca29-8da2-61d4-5e09-000000008600}
ProcessId: 11140
Image: C:\Program Files (x86)\Microsoft\Edge\Application\96.0.1054.62\identity_helper.exe
User: DESKTOP-JP20VPR\BobWe"
Information	1/4/2022 1:10:42 PM	Microsoft-Windows-Sysmon	1	Process Create (rule: ProcessCreate)	S-1-5-18	Microsoft-Windows-Sysmon/Operational		Info	DESKTOP-JP20VPR	14108	3560						00000000-0000-0000-0000-000000000000	00000000-0000-0000-0000-000000000000		"Process Create:
RuleName: -
UtcTime: 2022-01-04 18:10:42.151
ProcessGuid: {ec47ca29-8da2-61d4-5e09-000000008600}
ProcessId: 11140
Image: C:\Program Files (x86)\Microsoft\Edge\Application\96.0.1054.62\identity_helper.exe
FileVersion: 96.0.1054.62
Description: PWA Identity Proxy Host
Product: Microsoft Edge
Company: Microsoft Corporation
OriginalFileName: identity_helper.exe
CommandLine: ""C:\Program Files (x86)\Microsoft\Edge\Application\96.0.1054.62\identity_helper.exe"" --type=utility --utility-sub-type=winrt_app_id.mojom.WinrtAppIdService --field-trial-handle=2308,14150179790966226464,16948066822318633601,131072 --lang=en-US --service-sandbox-type=none --mojo-platform-channel-handle=3440 /prefetch:8
CurrentDirectory: C:\Program Files (x86)\Microsoft\Edge\Application\96.0.1054.62\
User: DESKTOP-JP20VPR\BobWe
LogonGuid: {ec47ca29-70bf-61d3-9db4-020000000000}
LogonId: 0x2B49D
TerminalSessionId: 1
IntegrityLevel: Medium
Hashes: SHA256=7914D38736F3CE4F89432E15816711FFFDFD9002FA50CE7205C1176AF9142AB4
ParentProcessGuid: {ec47ca29-70db-61d3-4801-000000008600}
ParentProcessId: 11916
ParentImage: C:\Program Files (x86)\Microsoft\Edge\Application\msedge.exe
ParentCommandLine: ""C:\Program Files (x86)\Microsoft\Edge\Application\msedge.exe"" --no-startup-window --win-session-start /prefetch:5
ParentUser: DESKTOP-JP20VPR\BobWe"
Information	1/4/2022 1:10:42 PM	Microsoft-Windows-Sysmon	5	Process terminated (rule: ProcessTerminate)	S-1-5-18	Microsoft-Windows-Sysmon/Operational		Info	DESKTOP-JP20VPR	14108	3560						00000000-0000-0000-0000-000000000000	00000000-0000-0000-0000-000000000000		"Process terminated:
RuleName: -
UtcTime: 2022-01-04 18:10:42.143
ProcessGuid: {ec47ca29-8da2-61d4-5d09-000000008600}
ProcessId: 1256
Image: C:\Program Files (x86)\Microsoft\Edge\Application\96.0.1054.62\identity_helper.exe
User: DESKTOP-JP20VPR\BobWe"
Information	1/4/2022 1:10:42 PM	Microsoft-Windows-Sysmon	1	Process Create (rule: ProcessCreate)	S-1-5-18	Microsoft-Windows-Sysmon/Operational		Info	DESKTOP-JP20VPR	14108	3560						00000000-0000-0000-0000-000000000000	00000000-0000-0000-0000-000000000000		"Process Create:
RuleName: -
UtcTime: 2022-01-04 18:10:42.133
ProcessGuid: {ec47ca29-8da2-61d4-5d09-000000008600}
ProcessId: 1256
Image: C:\Program Files (x86)\Microsoft\Edge\Application\96.0.1054.62\identity_helper.exe
FileVersion: 96.0.1054.62
Description: PWA Identity Proxy Host
Product: Microsoft Edge
Company: Microsoft Corporation
OriginalFileName: identity_helper.exe
CommandLine: ""C:\Program Files (x86)\Microsoft\Edge\Application\96.0.1054.62\identity_helper.exe"" --type=utility --utility-sub-type=winrt_app_id.mojom.WinrtAppIdService --field-trial-handle=2308,14150179790966226464,16948066822318633601,131072 --lang=en-US --service-sandbox-type=none --mojo-platform-channel-handle=3440 /prefetch:8
CurrentDirectory: C:\Program Files (x86)\Microsoft\Edge\Application\96.0.1054.62\
User: DESKTOP-JP20VPR\BobWe
LogonGuid: {ec47ca29-70bf-61d3-9db4-020000000000}
LogonId: 0x2B49D
TerminalSessionId: 1
IntegrityLevel: Medium
Hashes: SHA256=7914D38736F3CE4F89432E15816711FFFDFD9002FA50CE7205C1176AF9142AB4
ParentProcessGuid: {ec47ca29-70db-61d3-4801-000000008600}
ParentProcessId: 11916
ParentImage: C:\Program Files (x86)\Microsoft\Edge\Application\msedge.exe
ParentCommandLine: ""C:\Program Files (x86)\Microsoft\Edge\Application\msedge.exe"" --no-startup-window --win-session-start /prefetch:5
ParentUser: DESKTOP-JP20VPR\BobWe"
Information	1/4/2022 1:10:22 PM	Microsoft-Windows-Sysmon	5	Process terminated (rule: ProcessTerminate)	S-1-5-18	Microsoft-Windows-Sysmon/Operational		Info	DESKTOP-JP20VPR	14108	3560						00000000-0000-0000-0000-000000000000	00000000-0000-0000-0000-000000000000		"Process terminated:
RuleName: -
UtcTime: 2022-01-04 18:10:22.194
ProcessGuid: {ec47ca29-8866-61d4-3b09-000000008600}
ProcessId: 11528
Image: C:\Windows\System32\svchost.exe
User: NT AUTHORITY\SYSTEM"
Information	1/4/2022 1:09:59 PM	Microsoft-Windows-Sysmon	5	Process terminated (rule: ProcessTerminate)	S-1-5-18	Microsoft-Windows-Sysmon/Operational		Info	DESKTOP-JP20VPR	14108	3560						00000000-0000-0000-0000-000000000000	00000000-0000-0000-0000-000000000000		"Process terminated:
RuleName: -
UtcTime: 2022-01-04 18:09:59.635
ProcessGuid: {ec47ca29-8ba8-61d4-5409-000000008600}
ProcessId: 12152
Image: C:\Program Files (x86)\ASUS\Update\AsusUpdate.exe
User: NT AUTHORITY\SYSTEM"
Information	1/4/2022 1:06:52 PM	Microsoft-Windows-Sysmon	5	Process terminated (rule: ProcessTerminate)	S-1-5-18	Microsoft-Windows-Sysmon/Operational		Info	DESKTOP-JP20VPR	14108	3560						00000000-0000-0000-0000-000000000000	00000000-0000-0000-0000-000000000000		"Process terminated:
RuleName: -
UtcTime: 2022-01-04 18:06:52.292
ProcessGuid: {ec47ca29-8c62-61d4-5c09-000000008600}
ProcessId: 1964
Image: C:\Windows\System32\RuntimeBroker.exe
User: DESKTOP-JP20VPR\BobWe"
Information	1/4/2022 1:06:22 PM	Microsoft-Windows-Sysmon	5	Process terminated (rule: ProcessTerminate)	S-1-5-18	Microsoft-Windows-Sysmon/Operational		Info	DESKTOP-JP20VPR	14108	3560						00000000-0000-0000-0000-000000000000	00000000-0000-0000-0000-000000000000		"Process terminated:
RuleName: -
UtcTime: 2022-01-04 18:06:22.288
ProcessGuid: {ec47ca29-8c62-61d4-5a09-000000008600}
ProcessId: 5564
Image: C:\Windows\System32\backgroundTaskHost.exe
User: DESKTOP-JP20VPR\BobWe"
Information	1/4/2022 1:05:22 PM	Microsoft-Windows-Sysmon	1	Process Create (rule: ProcessCreate)	S-1-5-18	Microsoft-Windows-Sysmon/Operational		Info	DESKTOP-JP20VPR	14108	3560						00000000-0000-0000-0000-000000000000	00000000-0000-0000-0000-000000000000		"Process Create:
RuleName: -
UtcTime: 2022-01-04 18:05:22.254
ProcessGuid: {ec47ca29-8c62-61d4-5c09-000000008600}
ProcessId: 1964
Image: C:\Windows\System32\RuntimeBroker.exe
FileVersion: 10.0.19041.746 (WinBuild.160101.0800)
Description: Runtime Broker
Product: Microsoft® Windows® Operating System
Company: Microsoft Corporation
OriginalFileName: RuntimeBroker.exe
CommandLine: C:\Windows\System32\RuntimeBroker.exe -Embedding
CurrentDirectory: C:\Windows\system32\
User: DESKTOP-JP20VPR\BobWe
LogonGuid: {ec47ca29-70bf-61d3-9db4-020000000000}
LogonId: 0x2B49D
TerminalSessionId: 1
IntegrityLevel: Medium
Hashes: SHA256=E86870769EE6C797E09457BD99C58D9BF2303CF0193A24EF9B1222C2C3DAF628
ParentProcessGuid: {ec47ca29-70be-61d3-0d00-000000008600}
ParentProcessId: 1056
ParentImage: C:\Windows\System32\svchost.exe
ParentCommandLine: C:\Windows\system32\svchost.exe -k DcomLaunch -p
ParentUser: NT AUTHORITY\SYSTEM"
Information	1/4/2022 1:05:22 PM	Microsoft-Windows-Sysmon	1	Process Create (rule: ProcessCreate)	S-1-5-18	Microsoft-Windows-Sysmon/Operational		Info	DESKTOP-JP20VPR	14108	3560						00000000-0000-0000-0000-000000000000	00000000-0000-0000-0000-000000000000		"Process Create:
RuleName: -
UtcTime: 2022-01-04 18:05:22.197
ProcessGuid: {ec47ca29-8c62-61d4-5b09-000000008600}
ProcessId: 3124
Image: C:\Windows\System32\svchost.exe
FileVersion: 10.0.19041.546 (WinBuild.160101.0800)
Description: Host Process for Windows Services
Product: Microsoft® Windows® Operating System
Company: Microsoft Corporation
OriginalFileName: svchost.exe
CommandLine: C:\Windows\System32\svchost.exe -k wsappx -p -s ClipSVC
CurrentDirectory: C:\Windows\system32\
User: NT AUTHORITY\SYSTEM
LogonGuid: {ec47ca29-70be-61d3-e703-000000000000}
LogonId: 0x3E7
TerminalSessionId: 0
IntegrityLevel: System
Hashes: SHA256=643EC58E82E0272C97C2A59F6020970D881AF19C0AD5029DB9C958C13B6558C7
ParentProcessGuid: {00000000-0000-0000-0000-000000000000}
ParentProcessId: 944
ParentImage: -
ParentCommandLine: -
ParentUser: -"
Information	1/4/2022 1:05:22 PM	Microsoft-Windows-Sysmon	1	Process Create (rule: ProcessCreate)	S-1-5-18	Microsoft-Windows-Sysmon/Operational		Info	DESKTOP-JP20VPR	14108	3560						00000000-0000-0000-0000-000000000000	00000000-0000-0000-0000-000000000000		"Process Create:
RuleName: -
UtcTime: 2022-01-04 18:05:22.178
ProcessGuid: {ec47ca29-8c62-61d4-5a09-000000008600}
ProcessId: 5564
Image: C:\Windows\System32\backgroundTaskHost.exe
FileVersion: 10.0.19041.546 (WinBuild.160101.0800)
Description: Background Task Host
Product: Microsoft® Windows® Operating System
Company: Microsoft Corporation
OriginalFileName: backgroundTaskHost.exe
CommandLine: ""C:\Windows\system32\backgroundTaskHost.exe"" -ServerName:Microsoft.MicrosoftOfficeHub.AppX54h2e8jwdm50fj5ha8987vz1etpx7czd.mca
CurrentDirectory: C:\Program Files\WindowsApps\Microsoft.MicrosoftOfficeHub_18.2110.13110.0_x64__8wekyb3d8bbwe\
User: DESKTOP-JP20VPR\BobWe
LogonGuid: {ec47ca29-70bf-61d3-9db4-020000000000}
LogonId: 0x2B49D
TerminalSessionId: 1
IntegrityLevel: AppContainer
Hashes: SHA256=20330D3CA71D58F4AEB432676CB6A3D5B97005954E45132FB083E90782EFDD50
ParentProcessGuid: {ec47ca29-70be-61d3-0d00-000000008600}
ParentProcessId: 1056
ParentImage: C:\Windows\System32\svchost.exe
ParentCommandLine: C:\Windows\system32\svchost.exe -k DcomLaunch -p
ParentUser: NT AUTHORITY\SYSTEM"
Information	1/4/2022 1:03:51 PM	Microsoft-Windows-Sysmon	5	Process terminated (rule: ProcessTerminate)	S-1-5-18	Microsoft-Windows-Sysmon/Operational		Info	DESKTOP-JP20VPR	14108	3560						00000000-0000-0000-0000-000000000000	00000000-0000-0000-0000-000000000000		"Process terminated:
RuleName: -
UtcTime: 2022-01-04 18:03:51.488
ProcessGuid: {ec47ca29-8b17-61d4-5009-000000008600}
ProcessId: 19432
Image: C:\Windows\System32\svchost.exe
User: NT AUTHORITY\SYSTEM"
Information	1/4/2022 1:03:22 PM	Microsoft-Windows-Sysmon	5	Process terminated (rule: ProcessTerminate)	S-1-5-18	Microsoft-Windows-Sysmon/Operational		Info	DESKTOP-JP20VPR	14108	3560						00000000-0000-0000-0000-000000000000	00000000-0000-0000-0000-000000000000		"Process terminated:
RuleName: -
UtcTime: 2022-01-04 18:03:22.375
ProcessGuid: {ec47ca29-8a82-61d4-4e09-000000008600}
ProcessId: 14088
Image: C:\Windows\System32\svchost.exe
User: NT AUTHORITY\SYSTEM"
Information	1/4/2022 1:02:16 PM	Microsoft-Windows-Sysmon	5	Process terminated (rule: ProcessTerminate)	S-1-5-18	Microsoft-Windows-Sysmon/Operational		Info	DESKTOP-JP20VPR	14108	3560						00000000-0000-0000-0000-000000000000	00000000-0000-0000-0000-000000000000		"Process terminated:
RuleName: -
UtcTime: 2022-01-04 18:02:16.825
ProcessGuid: {ec47ca29-8ba8-61d4-5709-000000008600}
ProcessId: 11220
Image: C:\Program Files (x86)\ASUS\Update\AsusUpdate.exe
User: NT AUTHORITY\SYSTEM"
Information	1/4/2022 1:02:16 PM	Microsoft-Windows-Sysmon	5	Process terminated (rule: ProcessTerminate)	S-1-5-18	Microsoft-Windows-Sysmon/Operational		Info	DESKTOP-JP20VPR	14108	3560						00000000-0000-0000-0000-000000000000	00000000-0000-0000-0000-000000000000		"Process terminated:
RuleName: -
UtcTime: 2022-01-04 18:02:16.821
ProcessGuid: {ec47ca29-8ba8-61d4-5809-000000008600}
ProcessId: 12852
Image: C:\Program Files (x86)\ASUS\Update\1.3.107.65\Get-AppxVersion.exe
User: NT AUTHORITY\SYSTEM"
Information	1/4/2022 1:02:16 PM	Microsoft-Windows-Sysmon	5	Process terminated (rule: ProcessTerminate)	S-1-5-18	Microsoft-Windows-Sysmon/Operational		Info	DESKTOP-JP20VPR	14108	3560						00000000-0000-0000-0000-000000000000	00000000-0000-0000-0000-000000000000		"Process terminated:
RuleName: -
UtcTime: 2022-01-04 18:02:16.817
ProcessGuid: {ec47ca29-8ba8-61d4-5909-000000008600}
ProcessId: 11016
Image: C:\Program Files (x86)\ASUS\Update\1.3.107.65\Get-AppxVersion.exe
User: DESKTOP-JP20VPR\BobWe"
Information	1/4/2022 1:02:16 PM	Microsoft-Windows-Sysmon	1	Process Create (rule: ProcessCreate)	S-1-5-18	Microsoft-Windows-Sysmon/Operational		Info	DESKTOP-JP20VPR	14108	3560						00000000-0000-0000-0000-000000000000	00000000-0000-0000-0000-000000000000		"Process Create:
RuleName: -
UtcTime: 2022-01-04 18:02:16.782
ProcessGuid: {ec47ca29-8ba8-61d4-5909-000000008600}
ProcessId: 11016
Image: C:\Program Files (x86)\ASUS\Update\1.3.107.65\Get-AppxVersion.exe
FileVersion: 1.4.1.0
Description: Get-AppxVersion
Product: Get-AppxVersion
Company: -
OriginalFileName: Get-AppxVersion.exe
CommandLine: ""C:\Program Files (x86)\ASUS\Update\1.3.107.65\Get-AppxVersion.exe"" ui
CurrentDirectory: C:\Program Files (x86)\ASUS\Update\1.3.107.65\
User: DESKTOP-JP20VPR\BobWe
LogonGuid: {ec47ca29-70bf-61d3-9db4-020000000000}
LogonId: 0x2B49D
TerminalSessionId: 1
IntegrityLevel: Medium
Hashes: SHA256=674AC1E401A5F0C13032D1C89CFF8AB61F0B3C82B2A8B1D6FAB9DEC6CA2DFF86
ParentProcessGuid: {ec47ca29-8ba8-61d4-5809-000000008600}
ParentProcessId: 12852
ParentImage: C:\Program Files (x86)\ASUS\Update\1.3.107.65\Get-AppxVersion.exe
ParentCommandLine: ""C:\Program Files (x86)\ASUS\Update\1.3.107.65\Get-AppxVersion.exe"" ALL
ParentUser: NT AUTHORITY\SYSTEM"
Information	1/4/2022 1:02:16 PM	Microsoft-Windows-Sysmon	1	Process Create (rule: ProcessCreate)	S-1-5-18	Microsoft-Windows-Sysmon/Operational		Info	DESKTOP-JP20VPR	14108	3560						00000000-0000-0000-0000-000000000000	00000000-0000-0000-0000-000000000000		"Process Create:
RuleName: -
UtcTime: 2022-01-04 18:02:16.748
ProcessGuid: {ec47ca29-8ba8-61d4-5809-000000008600}
ProcessId: 12852
Image: C:\Program Files (x86)\ASUS\Update\1.3.107.65\Get-AppxVersion.exe
FileVersion: 1.4.1.0
Description: Get-AppxVersion
Product: Get-AppxVersion
Company: -
OriginalFileName: Get-AppxVersion.exe
CommandLine: ""C:\Program Files (x86)\ASUS\Update\1.3.107.65\Get-AppxVersion.exe"" ALL
CurrentDirectory: C:\Program Files (x86)\ASUS\Update\1.3.107.65\
User: NT AUTHORITY\SYSTEM
LogonGuid: {ec47ca29-70be-61d3-e703-000000000000}
LogonId: 0x3E7
TerminalSessionId: 0
IntegrityLevel: System
Hashes: SHA256=674AC1E401A5F0C13032D1C89CFF8AB61F0B3C82B2A8B1D6FAB9DEC6CA2DFF86
ParentProcessGuid: {ec47ca29-8ba8-61d4-5709-000000008600}
ParentProcessId: 11220
ParentImage: C:\Program Files (x86)\ASUS\Update\AsusUpdate.exe
ParentCommandLine: ""C:\Program Files (x86)\ASUS\Update\AsusUpdate.exe"" /ua /installsource core
ParentUser: NT AUTHORITY\SYSTEM"
Information	1/4/2022 1:02:16 PM	Microsoft-Windows-Sysmon	5	Process terminated (rule: ProcessTerminate)	S-1-5-18	Microsoft-Windows-Sysmon/Operational		Info	DESKTOP-JP20VPR	14108	3560						00000000-0000-0000-0000-000000000000	00000000-0000-0000-0000-000000000000		"Process terminated:
RuleName: -
UtcTime: 2022-01-04 18:02:16.725
ProcessGuid: {ec47ca29-8ba8-61d4-5609-000000008600}
ProcessId: 4188
Image: C:\Program Files (x86)\ASUS\Update\1.3.107.65\AsusCrashHandler64.exe
User: NT AUTHORITY\SYSTEM"
Information	1/4/2022 1:02:16 PM	Microsoft-Windows-Sysmon	5	Process terminated (rule: ProcessTerminate)	S-1-5-18	Microsoft-Windows-Sysmon/Operational		Info	DESKTOP-JP20VPR	14108	3560						00000000-0000-0000-0000-000000000000	00000000-0000-0000-0000-000000000000		"Process terminated:
RuleName: -
UtcTime: 2022-01-04 18:02:16.723
ProcessGuid: {ec47ca29-8ba8-61d4-5509-000000008600}
ProcessId: 2092
Image: C:\Program Files (x86)\ASUS\Update\1.3.107.65\AsusCrashHandler.exe
User: NT AUTHORITY\SYSTEM"
Information	1/4/2022 1:02:16 PM	Microsoft-Windows-Sysmon	5	Process terminated (rule: ProcessTerminate)	S-1-5-18	Microsoft-Windows-Sysmon/Operational		Info	DESKTOP-JP20VPR	14108	3560						00000000-0000-0000-0000-000000000000	00000000-0000-0000-0000-000000000000		"Process terminated:
RuleName: -
UtcTime: 2022-01-04 18:02:16.714
ProcessGuid: {ec47ca29-8ba8-61d4-5109-000000008600}
ProcessId: 9476
Image: C:\Program Files (x86)\ASUS\Update\AsusUpdate.exe
User: NT AUTHORITY\SYSTEM"
Information	1/4/2022 1:02:16 PM	Microsoft-Windows-Sysmon	1	Process Create (rule: ProcessCreate)	S-1-5-18	Microsoft-Windows-Sysmon/Operational		Info	DESKTOP-JP20VPR	14108	3560						00000000-0000-0000-0000-000000000000	00000000-0000-0000-0000-000000000000		"Process Create:
RuleName: -
UtcTime: 2022-01-04 18:02:16.714
ProcessGuid: {ec47ca29-8ba8-61d4-5709-000000008600}
ProcessId: 11220
Image: C:\Program Files (x86)\ASUS\Update\AsusUpdate.exe
FileVersion: 1.3.107.15
Description: ASUS Update
Product: ASUS Update
Company: ASUSTeK Computer Inc.
OriginalFileName: AsusUpdate.exe
CommandLine: ""C:\Program Files (x86)\ASUS\Update\AsusUpdate.exe"" /ua /installsource core
CurrentDirectory: C:\Program Files (x86)\ASUS\Update\1.3.107.65\
User: NT AUTHORITY\SYSTEM
LogonGuid: {ec47ca29-70be-61d3-e703-000000000000}
LogonId: 0x3E7
TerminalSessionId: 0
IntegrityLevel: System
Hashes: SHA256=F7971A3CECAF05B6270DFFC0C5895F36BDDED4B062A01D3FDB24D36E83AACAB7
ParentProcessGuid: {ec47ca29-8ba8-61d4-5409-000000008600}
ParentProcessId: 12152
ParentImage: C:\Program Files (x86)\ASUS\Update\AsusUpdate.exe
ParentCommandLine: ""C:\Program Files (x86)\ASUS\Update\AsusUpdate.exe"" /c
ParentUser: NT AUTHORITY\SYSTEM"
Information	1/4/2022 1:02:16 PM	Microsoft-Windows-Sysmon	5	Process terminated (rule: ProcessTerminate)	S-1-5-18	Microsoft-Windows-Sysmon/Operational		Info	DESKTOP-JP20VPR	14108	3560						00000000-0000-0000-0000-000000000000	00000000-0000-0000-0000-000000000000		"Process terminated:
RuleName: -
UtcTime: 2022-01-04 18:02:16.709
ProcessGuid: {ec47ca29-8ba8-61d4-5209-000000008600}
ProcessId: 6704
Image: C:\Program Files (x86)\ASUS\Update\1.3.107.65\Get-AppxVersion.exe
User: NT AUTHORITY\SYSTEM"
Information	1/4/2022 1:02:16 PM	Microsoft-Windows-Sysmon	1	Process Create (rule: ProcessCreate)	S-1-5-18	Microsoft-Windows-Sysmon/Operational		Info	DESKTOP-JP20VPR	14108	3560						00000000-0000-0000-0000-000000000000	00000000-0000-0000-0000-000000000000		"Process Create:
RuleName: -
UtcTime: 2022-01-04 18:02:16.705
ProcessGuid: {ec47ca29-8ba8-61d4-5609-000000008600}
ProcessId: 4188
Image: C:\Program Files (x86)\ASUS\Update\1.3.107.65\AsusCrashHandler64.exe
FileVersion: 1.3.107.65
Description: ASUS Update
Product: ASUS Update
Company: ASUSTeK Computer Inc.
OriginalFileName: AsusUpdate.exe
CommandLine: ""C:\Program Files (x86)\ASUS\Update\1.3.107.65\AsusCrashHandler64.exe""
CurrentDirectory: C:\Program Files (x86)\ASUS\Update\1.3.107.65\
User: NT AUTHORITY\SYSTEM
LogonGuid: {ec47ca29-70be-61d3-e703-000000000000}
LogonId: 0x3E7
TerminalSessionId: 0
IntegrityLevel: System
Hashes: SHA256=77F859777D251854023A764A007CBF60FF3D29ED250A8A2CFE249BBECC3C90E3
ParentProcessGuid: {ec47ca29-8ba8-61d4-5409-000000008600}
ParentProcessId: 12152
ParentImage: C:\Program Files (x86)\ASUS\Update\AsusUpdate.exe
ParentCommandLine: ""C:\Program Files (x86)\ASUS\Update\AsusUpdate.exe"" /c
ParentUser: NT AUTHORITY\SYSTEM"
Information	1/4/2022 1:02:16 PM	Microsoft-Windows-Sysmon	5	Process terminated (rule: ProcessTerminate)	S-1-5-18	Microsoft-Windows-Sysmon/Operational		Info	DESKTOP-JP20VPR	14108	3560						00000000-0000-0000-0000-000000000000	00000000-0000-0000-0000-000000000000		"Process terminated:
RuleName: -
UtcTime: 2022-01-04 18:02:16.705
ProcessGuid: {ec47ca29-8ba8-61d4-5309-000000008600}
ProcessId: 18516
Image: C:\Program Files (x86)\ASUS\Update\1.3.107.65\Get-AppxVersion.exe
User: DESKTOP-JP20VPR\BobWe"
Information	1/4/2022 1:02:16 PM	Microsoft-Windows-Sysmon	1	Process Create (rule: ProcessCreate)	S-1-5-18	Microsoft-Windows-Sysmon/Operational		Info	DESKTOP-JP20VPR	14108	3560						00000000-0000-0000-0000-000000000000	00000000-0000-0000-0000-000000000000		"Process Create:
RuleName: -
UtcTime: 2022-01-04 18:02:16.700
ProcessGuid: {ec47ca29-8ba8-61d4-5509-000000008600}
ProcessId: 2092
Image: C:\Program Files (x86)\ASUS\Update\1.3.107.65\AsusCrashHandler.exe
FileVersion: 1.3.107.65
Description: ASUS Update
Product: ASUS Update
Company: ASUSTeK Computer Inc.
OriginalFileName: AsusUpdate.exe
CommandLine: ""C:\Program Files (x86)\ASUS\Update\1.3.107.65\AsusCrashHandler.exe""
CurrentDirectory: C:\Program Files (x86)\ASUS\Update\1.3.107.65\
User: NT AUTHORITY\SYSTEM
LogonGuid: {ec47ca29-70be-61d3-e703-000000000000}
LogonId: 0x3E7
TerminalSessionId: 0
IntegrityLevel: System
Hashes: SHA256=3D97A7C63AADC7FDDBC1F6B3B9025E64F23603B8EDCE575C73FE05803F2A2CE7
ParentProcessGuid: {ec47ca29-8ba8-61d4-5409-000000008600}
ParentProcessId: 12152
ParentImage: C:\Program Files (x86)\ASUS\Update\AsusUpdate.exe
ParentCommandLine: ""C:\Program Files (x86)\ASUS\Update\AsusUpdate.exe"" /c
ParentUser: NT AUTHORITY\SYSTEM"
Information	1/4/2022 1:02:16 PM	Microsoft-Windows-Sysmon	1	Process Create (rule: ProcessCreate)	S-1-5-18	Microsoft-Windows-Sysmon/Operational		Info	DESKTOP-JP20VPR	14108	3560						00000000-0000-0000-0000-000000000000	00000000-0000-0000-0000-000000000000		"Process Create:
RuleName: -
UtcTime: 2022-01-04 18:02:16.676
ProcessGuid: {ec47ca29-8ba8-61d4-5409-000000008600}
ProcessId: 12152
Image: C:\Program Files (x86)\ASUS\Update\AsusUpdate.exe
FileVersion: 1.3.107.15
Description: ASUS Update
Product: ASUS Update
Company: ASUSTeK Computer Inc.
OriginalFileName: AsusUpdate.exe
CommandLine: ""C:\Program Files (x86)\ASUS\Update\AsusUpdate.exe"" /c
CurrentDirectory: C:\Windows\system32\
User: NT AUTHORITY\SYSTEM
LogonGuid: {ec47ca29-70be-61d3-e703-000000000000}
LogonId: 0x3E7
TerminalSessionId: 0
IntegrityLevel: System
Hashes: SHA256=F7971A3CECAF05B6270DFFC0C5895F36BDDED4B062A01D3FDB24D36E83AACAB7
ParentProcessGuid: {ec47ca29-70bf-61d3-1c00-000000008600}
ParentProcessId: 1716
ParentImage: C:\Windows\System32\svchost.exe
ParentCommandLine: C:\Windows\system32\svchost.exe -k netsvcs -p -s Schedule
ParentUser: NT AUTHORITY\SYSTEM"
Information	1/4/2022 1:02:16 PM	Microsoft-Windows-Sysmon	1	Process Create (rule: ProcessCreate)	S-1-5-18	Microsoft-Windows-Sysmon/Operational		Info	DESKTOP-JP20VPR	14108	3560						00000000-0000-0000-0000-000000000000	00000000-0000-0000-0000-000000000000		"Process Create:
RuleName: -
UtcTime: 2022-01-04 18:02:16.670
ProcessGuid: {ec47ca29-8ba8-61d4-5309-000000008600}
ProcessId: 18516
Image: C:\Program Files (x86)\ASUS\Update\1.3.107.65\Get-AppxVersion.exe
FileVersion: 1.4.1.0
Description: Get-AppxVersion
Product: Get-AppxVersion
Company: -
OriginalFileName: Get-AppxVersion.exe
CommandLine: ""C:\Program Files (x86)\ASUS\Update\1.3.107.65\Get-AppxVersion.exe"" ui
CurrentDirectory: C:\Program Files (x86)\ASUS\Update\1.3.107.65\
User: DESKTOP-JP20VPR\BobWe
LogonGuid: {ec47ca29-70bf-61d3-9db4-020000000000}
LogonId: 0x2B49D
TerminalSessionId: 1
IntegrityLevel: Medium
Hashes: SHA256=674AC1E401A5F0C13032D1C89CFF8AB61F0B3C82B2A8B1D6FAB9DEC6CA2DFF86
ParentProcessGuid: {ec47ca29-8ba8-61d4-5209-000000008600}
ParentProcessId: 6704
ParentImage: C:\Program Files (x86)\ASUS\Update\1.3.107.65\Get-AppxVersion.exe
ParentCommandLine: ""C:\Program Files (x86)\ASUS\Update\1.3.107.65\Get-AppxVersion.exe"" ALL
ParentUser: NT AUTHORITY\SYSTEM"
Information	1/4/2022 1:02:16 PM	Microsoft-Windows-Sysmon	1	Process Create (rule: ProcessCreate)	S-1-5-18	Microsoft-Windows-Sysmon/Operational		Info	DESKTOP-JP20VPR	14108	3560						00000000-0000-0000-0000-000000000000	00000000-0000-0000-0000-000000000000		"Process Create:
RuleName: -
UtcTime: 2022-01-04 18:02:16.599
ProcessGuid: {ec47ca29-8ba8-61d4-5209-000000008600}
ProcessId: 6704
Image: C:\Program Files (x86)\ASUS\Update\1.3.107.65\Get-AppxVersion.exe
FileVersion: 1.4.1.0
Description: Get-AppxVersion
Product: Get-AppxVersion
Company: -
OriginalFileName: Get-AppxVersion.exe
CommandLine: ""C:\Program Files (x86)\ASUS\Update\1.3.107.65\Get-AppxVersion.exe"" ALL
CurrentDirectory: C:\Program Files (x86)\ASUS\Update\1.3.107.65\
User: NT AUTHORITY\SYSTEM
LogonGuid: {ec47ca29-70be-61d3-e703-000000000000}
LogonId: 0x3E7
TerminalSessionId: 0
IntegrityLevel: System
Hashes: SHA256=674AC1E401A5F0C13032D1C89CFF8AB61F0B3C82B2A8B1D6FAB9DEC6CA2DFF86
ParentProcessGuid: {ec47ca29-8ba8-61d4-5109-000000008600}
ParentProcessId: 9476
ParentImage: C:\Program Files (x86)\ASUS\Update\AsusUpdate.exe
ParentCommandLine: ""C:\Program Files (x86)\ASUS\Update\AsusUpdate.exe"" /ua /installsource scheduler
ParentUser: NT AUTHORITY\SYSTEM"
Information	1/4/2022 1:02:16 PM	Microsoft-Windows-Sysmon	1	Process Create (rule: ProcessCreate)	S-1-5-18	Microsoft-Windows-Sysmon/Operational		Info	DESKTOP-JP20VPR	14108	3560						00000000-0000-0000-0000-000000000000	00000000-0000-0000-0000-000000000000		"Process Create:
RuleName: -
UtcTime: 2022-01-04 18:02:16.510
ProcessGuid: {ec47ca29-8ba8-61d4-5109-000000008600}
ProcessId: 9476
Image: C:\Program Files (x86)\ASUS\Update\AsusUpdate.exe
FileVersion: 1.3.107.15
Description: ASUS Update
Product: ASUS Update
Company: ASUSTeK Computer Inc.
OriginalFileName: AsusUpdate.exe
CommandLine: ""C:\Program Files (x86)\ASUS\Update\AsusUpdate.exe"" /ua /installsource scheduler
CurrentDirectory: C:\Windows\system32\
User: NT AUTHORITY\SYSTEM
LogonGuid: {ec47ca29-70be-61d3-e703-000000000000}
LogonId: 0x3E7
TerminalSessionId: 0
IntegrityLevel: System
Hashes: SHA256=F7971A3CECAF05B6270DFFC0C5895F36BDDED4B062A01D3FDB24D36E83AACAB7
ParentProcessGuid: {ec47ca29-70bf-61d3-1c00-000000008600}
ParentProcessId: 1716
ParentImage: C:\Windows\System32\svchost.exe
ParentCommandLine: C:\Windows\system32\svchost.exe -k netsvcs -p -s Schedule
ParentUser: NT AUTHORITY\SYSTEM"
Information	1/4/2022 12:59:51 PM	Microsoft-Windows-Sysmon	1	Process Create (rule: ProcessCreate)	S-1-5-18	Microsoft-Windows-Sysmon/Operational		Info	DESKTOP-JP20VPR	14108	3560						00000000-0000-0000-0000-000000000000	00000000-0000-0000-0000-000000000000		"Process Create:
RuleName: -
UtcTime: 2022-01-04 17:59:51.529
ProcessGuid: {ec47ca29-8b17-61d4-5009-000000008600}
ProcessId: 19432
Image: C:\Windows\System32\svchost.exe
FileVersion: 10.0.19041.546 (WinBuild.160101.0800)
Description: Host Process for Windows Services
Product: Microsoft® Windows® Operating System
Company: Microsoft Corporation
OriginalFileName: svchost.exe
CommandLine: C:\Windows\system32\svchost.exe -k netsvcs -p -s wlidsvc
CurrentDirectory: C:\Windows\system32\
User: NT AUTHORITY\SYSTEM
LogonGuid: {ec47ca29-70be-61d3-e703-000000000000}
LogonId: 0x3E7
TerminalSessionId: 0
IntegrityLevel: System
Hashes: SHA256=643EC58E82E0272C97C2A59F6020970D881AF19C0AD5029DB9C958C13B6558C7
ParentProcessGuid: {00000000-0000-0000-0000-000000000000}
ParentProcessId: 944
ParentImage: -
ParentCommandLine: -
ParentUser: -"
Information	1/4/2022 12:59:32 PM	Microsoft-Windows-Sysmon	5	Process terminated (rule: ProcessTerminate)	S-1-5-18	Microsoft-Windows-Sysmon/Operational		Info	DESKTOP-JP20VPR	14108	3560						00000000-0000-0000-0000-000000000000	00000000-0000-0000-0000-000000000000		"Process terminated:
RuleName: -
UtcTime: 2022-01-04 17:59:32.867
ProcessGuid: {ec47ca29-8992-61d4-4409-000000008600}
ProcessId: 10424
Image: C:\Windows\System32\svchost.exe
User: NT AUTHORITY\SYSTEM"
Information	1/4/2022 12:59:03 PM	Microsoft-Windows-Sysmon	5	Process terminated (rule: ProcessTerminate)	S-1-5-18	Microsoft-Windows-Sysmon/Operational		Info	DESKTOP-JP20VPR	14108	3560						00000000-0000-0000-0000-000000000000	00000000-0000-0000-0000-000000000000		"Process terminated:
RuleName: -
UtcTime: 2022-01-04 17:59:03.420
ProcessGuid: {ec47ca29-8a5a-61d4-4909-000000008600}
ProcessId: 8480
Image: C:\Windows\System32\svchost.exe
User: NT AUTHORITY\SYSTEM"
Information	1/4/2022 12:58:52 PM	Microsoft-Windows-Sysmon	5	Process terminated (rule: ProcessTerminate)	S-1-5-18	Microsoft-Windows-Sysmon/Operational		Info	DESKTOP-JP20VPR	14108	3560						00000000-0000-0000-0000-000000000000	00000000-0000-0000-0000-000000000000		"Process terminated:
RuleName: -
UtcTime: 2022-01-04 17:58:52.348
ProcessGuid: {ec47ca29-8a82-61d4-4f09-000000008600}
ProcessId: 16468
Image: C:\Windows\System32\RuntimeBroker.exe
User: DESKTOP-JP20VPR\BobWe"
Information	1/4/2022 12:58:22 PM	Microsoft-Windows-Sysmon	5	Process terminated (rule: ProcessTerminate)	S-1-5-18	Microsoft-Windows-Sysmon/Operational		Info	DESKTOP-JP20VPR	14108	3560						00000000-0000-0000-0000-000000000000	00000000-0000-0000-0000-000000000000		"Process terminated:
RuleName: -
UtcTime: 2022-01-04 17:58:22.336
ProcessGuid: {ec47ca29-8a82-61d4-4d09-000000008600}
ProcessId: 3856
Image: C:\Windows\System32\backgroundTaskHost.exe
User: DESKTOP-JP20VPR\BobWe"
Information	1/4/2022 12:57:22 PM	Microsoft-Windows-Sysmon	1	Process Create (rule: ProcessCreate)	S-1-5-18	Microsoft-Windows-Sysmon/Operational		Info	DESKTOP-JP20VPR	14108	3560						00000000-0000-0000-0000-000000000000	00000000-0000-0000-0000-000000000000		"Process Create:
RuleName: -
UtcTime: 2022-01-04 17:57:22.230
ProcessGuid: {ec47ca29-8a82-61d4-4f09-000000008600}
ProcessId: 16468
Image: C:\Windows\System32\RuntimeBroker.exe
FileVersion: 10.0.19041.746 (WinBuild.160101.0800)
Description: Runtime Broker
Product: Microsoft® Windows® Operating System
Company: Microsoft Corporation
OriginalFileName: RuntimeBroker.exe
CommandLine: C:\Windows\System32\RuntimeBroker.exe -Embedding
CurrentDirectory: C:\Windows\system32\
User: DESKTOP-JP20VPR\BobWe
LogonGuid: {ec47ca29-70bf-61d3-9db4-020000000000}
LogonId: 0x2B49D
TerminalSessionId: 1
IntegrityLevel: Medium
Hashes: SHA256=E86870769EE6C797E09457BD99C58D9BF2303CF0193A24EF9B1222C2C3DAF628
ParentProcessGuid: {ec47ca29-70be-61d3-0d00-000000008600}
ParentProcessId: 1056
ParentImage: C:\Windows\System32\svchost.exe
ParentCommandLine: C:\Windows\system32\svchost.exe -k DcomLaunch -p
ParentUser: NT AUTHORITY\SYSTEM"
Information	1/4/2022 12:57:22 PM	Microsoft-Windows-Sysmon	1	Process Create (rule: ProcessCreate)	S-1-5-18	Microsoft-Windows-Sysmon/Operational		Info	DESKTOP-JP20VPR	14108	3560						00000000-0000-0000-0000-000000000000	00000000-0000-0000-0000-000000000000		"Process Create:
RuleName: -
UtcTime: 2022-01-04 17:57:22.155
ProcessGuid: {ec47ca29-8a82-61d4-4e09-000000008600}
ProcessId: 14088
Image: C:\Windows\System32\svchost.exe
FileVersion: 10.0.19041.546 (WinBuild.160101.0800)
Description: Host Process for Windows Services
Product: Microsoft® Windows® Operating System
Company: Microsoft Corporation
OriginalFileName: svchost.exe
CommandLine: C:\Windows\System32\svchost.exe -k wsappx -p -s ClipSVC
CurrentDirectory: C:\Windows\system32\
User: NT AUTHORITY\SYSTEM
LogonGuid: {ec47ca29-70be-61d3-e703-000000000000}
LogonId: 0x3E7
TerminalSessionId: 0
IntegrityLevel: System
Hashes: SHA256=643EC58E82E0272C97C2A59F6020970D881AF19C0AD5029DB9C958C13B6558C7
ParentProcessGuid: {00000000-0000-0000-0000-000000000000}
ParentProcessId: 944
ParentImage: -
ParentCommandLine: -
ParentUser: -"
Information	1/4/2022 12:57:22 PM	Microsoft-Windows-Sysmon	1	Process Create (rule: ProcessCreate)	S-1-5-18	Microsoft-Windows-Sysmon/Operational		Info	DESKTOP-JP20VPR	14108	3560						00000000-0000-0000-0000-000000000000	00000000-0000-0000-0000-000000000000		"Process Create:
RuleName: -
UtcTime: 2022-01-04 17:57:22.134
ProcessGuid: {ec47ca29-8a82-61d4-4d09-000000008600}
ProcessId: 3856
Image: C:\Windows\System32\backgroundTaskHost.exe
FileVersion: 10.0.19041.546 (WinBuild.160101.0800)
Description: Background Task Host
Product: Microsoft® Windows® Operating System
Company: Microsoft Corporation
OriginalFileName: backgroundTaskHost.exe
CommandLine: ""C:\Windows\system32\backgroundTaskHost.exe"" -ServerName:App.AppX3yypww7qrft4zqhh57xaatcrnp803bj7.mca
CurrentDirectory: C:\Program Files\WindowsApps\B9ECED6F.ASUSPCAssistant_3.0.34.0_x64__qmba6cd70vzyy\
User: DESKTOP-JP20VPR\BobWe
LogonGuid: {ec47ca29-70bf-61d3-9db4-020000000000}
LogonId: 0x2B49D
TerminalSessionId: 1
IntegrityLevel: AppContainer
Hashes: SHA256=20330D3CA71D58F4AEB432676CB6A3D5B97005954E45132FB083E90782EFDD50
ParentProcessGuid: {ec47ca29-70be-61d3-0d00-000000008600}
ParentProcessId: 1056
ParentImage: C:\Windows\System32\svchost.exe
ParentCommandLine: C:\Windows\system32\svchost.exe -k DcomLaunch -p
ParentUser: NT AUTHORITY\SYSTEM"
Information	1/4/2022 12:57:03 PM	Microsoft-Windows-Sysmon	5	Process terminated (rule: ProcessTerminate)	S-1-5-18	Microsoft-Windows-Sysmon/Operational		Info	DESKTOP-JP20VPR	14108	3560						00000000-0000-0000-0000-000000000000	00000000-0000-0000-0000-000000000000		"Process terminated:
RuleName: -
UtcTime: 2022-01-04 17:57:03.439
ProcessGuid: {ec47ca29-8a6f-61d4-4c09-000000008600}
ProcessId: 9956
Image: C:\Program Files\Google\Chrome\Application\chrome.exe
User: DESKTOP-JP20VPR\BobWe"
Information	1/4/2022 12:57:03 PM	Microsoft-Windows-Sysmon	1	Process Create (rule: ProcessCreate)	S-1-5-18	Microsoft-Windows-Sysmon/Operational		Info	DESKTOP-JP20VPR	14108	3560						00000000-0000-0000-0000-000000000000	00000000-0000-0000-0000-000000000000		"Process Create:
RuleName: -
UtcTime: 2022-01-04 17:57:03.409
ProcessGuid: {ec47ca29-8a6f-61d4-4c09-000000008600}
ProcessId: 9956
Image: C:\Program Files\Google\Chrome\Application\chrome.exe
FileVersion: 96.0.4664.110
Description: Google Chrome
Product: Google Chrome
Company: Google LLC
OriginalFileName: chrome.exe
CommandLine: ""C:\Program Files\Google\Chrome\Application\chrome.exe"" --type=utility --utility-sub-type=patch.mojom.FilePatcher --field-trial-handle=1704,4209033002119389492,12267350203109084414,131072 --lang=en-US --service-sandbox-type=utility --mojo-platform-channel-handle=15820 /prefetch:8
CurrentDirectory: C:\Program Files\Google\Chrome\Application\96.0.4664.110\
User: DESKTOP-JP20VPR\BobWe
LogonGuid: {ec47ca29-70bf-61d3-9db4-020000000000}
LogonId: 0x2B49D
TerminalSessionId: 1
IntegrityLevel: Low
Hashes: SHA256=ACFB588D8780EE19C192515D376CE7F9B2B0F936487008D3733F9730425E657B
ParentProcessGuid: {ec47ca29-70dd-61d3-6101-000000008600}
ParentProcessId: 1976
ParentImage: C:\Program Files\Google\Chrome\Application\chrome.exe
ParentCommandLine: ""C:\Program Files\Google\Chrome\Application\chrome.exe"" --no-startup-window /prefetch:5
ParentUser: DESKTOP-JP20VPR\BobWe"
Information	1/4/2022 12:57:03 PM	Microsoft-Windows-Sysmon	5	Process terminated (rule: ProcessTerminate)	S-1-5-18	Microsoft-Windows-Sysmon/Operational		Info	DESKTOP-JP20VPR	14108	3560						00000000-0000-0000-0000-000000000000	00000000-0000-0000-0000-000000000000		"Process terminated:
RuleName: -
UtcTime: 2022-01-04 17:57:03.409
ProcessGuid: {ec47ca29-8a6f-61d4-4b09-000000008600}
ProcessId: 14472
Image: C:\Program Files\Google\Chrome\Application\chrome.exe
User: DESKTOP-JP20VPR\BobWe"
Information	1/4/2022 12:57:03 PM	Microsoft-Windows-Sysmon	1	Process Create (rule: ProcessCreate)	S-1-5-18	Microsoft-Windows-Sysmon/Operational		Info	DESKTOP-JP20VPR	14108	3560						00000000-0000-0000-0000-000000000000	00000000-0000-0000-0000-000000000000		"Process Create:
RuleName: -
UtcTime: 2022-01-04 17:57:03.351
ProcessGuid: {ec47ca29-8a6f-61d4-4b09-000000008600}
ProcessId: 14472
Image: C:\Program Files\Google\Chrome\Application\chrome.exe
FileVersion: 96.0.4664.110
Description: Google Chrome
Product: Google Chrome
Company: Google LLC
OriginalFileName: chrome.exe
CommandLine: ""C:\Program Files\Google\Chrome\Application\chrome.exe"" --type=utility --utility-sub-type=unzip.mojom.Unzipper --field-trial-handle=1704,4209033002119389492,12267350203109084414,131072 --lang=en-US --service-sandbox-type=utility --mojo-platform-channel-handle=16464 /prefetch:8
CurrentDirectory: C:\Program Files\Google\Chrome\Application\96.0.4664.110\
User: DESKTOP-JP20VPR\BobWe
LogonGuid: {ec47ca29-70bf-61d3-9db4-020000000000}
LogonId: 0x2B49D
TerminalSessionId: 1
IntegrityLevel: Low
Hashes: SHA256=ACFB588D8780EE19C192515D376CE7F9B2B0F936487008D3733F9730425E657B
ParentProcessGuid: {ec47ca29-70dd-61d3-6101-000000008600}
ParentProcessId: 1976
ParentImage: C:\Program Files\Google\Chrome\Application\chrome.exe
ParentCommandLine: ""C:\Program Files\Google\Chrome\Application\chrome.exe"" --no-startup-window /prefetch:5
ParentUser: DESKTOP-JP20VPR\BobWe"
Information	1/4/2022 12:56:59 PM	Microsoft-Windows-Sysmon	5	Process terminated (rule: ProcessTerminate)	S-1-5-18	Microsoft-Windows-Sysmon/Operational		Info	DESKTOP-JP20VPR	14108	3560						00000000-0000-0000-0000-000000000000	00000000-0000-0000-0000-000000000000		"Process terminated:
RuleName: -
UtcTime: 2022-01-04 17:56:59.318
ProcessGuid: {ec47ca29-8a6b-61d4-4a09-000000008600}
ProcessId: 10348
Image: C:\Program Files\Google\Chrome\Application\chrome.exe
User: DESKTOP-JP20VPR\BobWe"
Information	1/4/2022 12:56:59 PM	Microsoft-Windows-Sysmon	1	Process Create (rule: ProcessCreate)	S-1-5-18	Microsoft-Windows-Sysmon/Operational		Info	DESKTOP-JP20VPR	14108	3560						00000000-0000-0000-0000-000000000000	00000000-0000-0000-0000-000000000000		"Process Create:
RuleName: -
UtcTime: 2022-01-04 17:56:59.229
ProcessGuid: {ec47ca29-8a6b-61d4-4a09-000000008600}
ProcessId: 10348
Image: C:\Program Files\Google\Chrome\Application\chrome.exe
FileVersion: 96.0.4664.110
Description: Google Chrome
Product: Google Chrome
Company: Google LLC
OriginalFileName: chrome.exe
CommandLine: ""C:\Program Files\Google\Chrome\Application\chrome.exe"" --type=utility --utility-sub-type=unzip.mojom.Unzipper --field-trial-handle=1704,4209033002119389492,12267350203109084414,131072 --lang=en-US --service-sandbox-type=utility --mojo-platform-channel-handle=17420 /prefetch:8
CurrentDirectory: C:\Program Files\Google\Chrome\Application\96.0.4664.110\
User: DESKTOP-JP20VPR\BobWe
LogonGuid: {ec47ca29-70bf-61d3-9db4-020000000000}
LogonId: 0x2B49D
TerminalSessionId: 1
IntegrityLevel: Low
Hashes: SHA256=ACFB588D8780EE19C192515D376CE7F9B2B0F936487008D3733F9730425E657B
ParentProcessGuid: {ec47ca29-70dd-61d3-6101-000000008600}
ParentProcessId: 1976
ParentImage: C:\Program Files\Google\Chrome\Application\chrome.exe
ParentCommandLine: ""C:\Program Files\Google\Chrome\Application\chrome.exe"" --no-startup-window /prefetch:5
ParentUser: DESKTOP-JP20VPR\BobWe"
Information	1/4/2022 12:56:42 PM	Microsoft-Windows-Sysmon	1	Process Create (rule: ProcessCreate)	S-1-5-18	Microsoft-Windows-Sysmon/Operational		Info	DESKTOP-JP20VPR	14108	3560						00000000-0000-0000-0000-000000000000	00000000-0000-0000-0000-000000000000		"Process Create:
RuleName: -
UtcTime: 2022-01-04 17:56:42.882
ProcessGuid: {ec47ca29-8a5a-61d4-4909-000000008600}
ProcessId: 8480
Image: C:\Windows\System32\svchost.exe
FileVersion: 10.0.19041.546 (WinBuild.160101.0800)
Description: Host Process for Windows Services
Product: Microsoft® Windows® Operating System
Company: Microsoft Corporation
OriginalFileName: svchost.exe
CommandLine: C:\Windows\System32\svchost.exe -k netsvcs -p -s BITS
CurrentDirectory: C:\Windows\system32\
User: NT AUTHORITY\SYSTEM
LogonGuid: {ec47ca29-70be-61d3-e703-000000000000}
LogonId: 0x3E7
TerminalSessionId: 0
IntegrityLevel: System
Hashes: SHA256=643EC58E82E0272C97C2A59F6020970D881AF19C0AD5029DB9C958C13B6558C7
ParentProcessGuid: {00000000-0000-0000-0000-000000000000}
ParentProcessId: 944
ParentImage: -
ParentCommandLine: -
ParentUser: -"
Information	1/4/2022 12:56:22 PM	Microsoft-Windows-Sysmon	5	Process terminated (rule: ProcessTerminate)	S-1-5-18	Microsoft-Windows-Sysmon/Operational		Info	DESKTOP-JP20VPR	14108	3560						00000000-0000-0000-0000-000000000000	00000000-0000-0000-0000-000000000000		"Process terminated:
RuleName: -
UtcTime: 2022-01-04 17:56:22.775
ProcessGuid: {ec47ca29-8866-61d4-3c09-000000008600}
ProcessId: 11476
Image: C:\Windows\System32\svchost.exe
User: NT AUTHORITY\SYSTEM"
Information	1/4/2022 12:55:52 PM	Microsoft-Windows-Sysmon	5	Process terminated (rule: ProcessTerminate)	S-1-5-18	Microsoft-Windows-Sysmon/Operational		Info	DESKTOP-JP20VPR	14108	3560						00000000-0000-0000-0000-000000000000	00000000-0000-0000-0000-000000000000		"Process terminated:
RuleName: -
UtcTime: 2022-01-04 17:55:52.243
ProcessGuid: {ec47ca29-8a1e-61d4-4809-000000008600}
ProcessId: 13064
Image: C:\Program Files (x86)\Microsoft\Edge\Application\96.0.1054.62\identity_helper.exe
User: DESKTOP-JP20VPR\BobWe"
Information	1/4/2022 12:55:42 PM	Microsoft-Windows-Sysmon	1	Process Create (rule: ProcessCreate)	S-1-5-18	Microsoft-Windows-Sysmon/Operational		Info	DESKTOP-JP20VPR	14108	3560						00000000-0000-0000-0000-000000000000	00000000-0000-0000-0000-000000000000		"Process Create:
RuleName: -
UtcTime: 2022-01-04 17:55:42.134
ProcessGuid: {ec47ca29-8a1e-61d4-4809-000000008600}
ProcessId: 13064
Image: C:\Program Files (x86)\Microsoft\Edge\Application\96.0.1054.62\identity_helper.exe
FileVersion: 96.0.1054.62
Description: PWA Identity Proxy Host
Product: Microsoft Edge
Company: Microsoft Corporation
OriginalFileName: identity_helper.exe
CommandLine: ""C:\Program Files (x86)\Microsoft\Edge\Application\96.0.1054.62\identity_helper.exe"" --type=utility --utility-sub-type=winrt_app_id.mojom.WinrtAppIdService --field-trial-handle=2308,14150179790966226464,16948066822318633601,131072 --lang=en-US --service-sandbox-type=none --mojo-platform-channel-handle=4036 /prefetch:8
CurrentDirectory: C:\Program Files (x86)\Microsoft\Edge\Application\96.0.1054.62\
User: DESKTOP-JP20VPR\BobWe
LogonGuid: {ec47ca29-70bf-61d3-9db4-020000000000}
LogonId: 0x2B49D
TerminalSessionId: 1
IntegrityLevel: Medium
Hashes: SHA256=7914D38736F3CE4F89432E15816711FFFDFD9002FA50CE7205C1176AF9142AB4
ParentProcessGuid: {ec47ca29-70db-61d3-4801-000000008600}
ParentProcessId: 11916
ParentImage: C:\Program Files (x86)\Microsoft\Edge\Application\msedge.exe
ParentCommandLine: ""C:\Program Files (x86)\Microsoft\Edge\Application\msedge.exe"" --no-startup-window --win-session-start /prefetch:5
ParentUser: DESKTOP-JP20VPR\BobWe"
Information	1/4/2022 12:55:42 PM	Microsoft-Windows-Sysmon	5	Process terminated (rule: ProcessTerminate)	S-1-5-18	Microsoft-Windows-Sysmon/Operational		Info	DESKTOP-JP20VPR	14108	3560						00000000-0000-0000-0000-000000000000	00000000-0000-0000-0000-000000000000		"Process terminated:
RuleName: -
UtcTime: 2022-01-04 17:55:42.132
ProcessGuid: {ec47ca29-8a1e-61d4-4709-000000008600}
ProcessId: 8384
Image: C:\Program Files (x86)\Microsoft\Edge\Application\96.0.1054.62\identity_helper.exe
User: DESKTOP-JP20VPR\BobWe"
Information	1/4/2022 12:55:42 PM	Microsoft-Windows-Sysmon	1	Process Create (rule: ProcessCreate)	S-1-5-18	Microsoft-Windows-Sysmon/Operational		Info	DESKTOP-JP20VPR	14108	3560						00000000-0000-0000-0000-000000000000	00000000-0000-0000-0000-000000000000		"Process Create:
RuleName: -
UtcTime: 2022-01-04 17:55:42.127
ProcessGuid: {ec47ca29-8a1e-61d4-4709-000000008600}
ProcessId: 8384
Image: C:\Program Files (x86)\Microsoft\Edge\Application\96.0.1054.62\identity_helper.exe
FileVersion: 96.0.1054.62
Description: PWA Identity Proxy Host
Product: Microsoft Edge
Company: Microsoft Corporation
OriginalFileName: identity_helper.exe
CommandLine: ""C:\Program Files (x86)\Microsoft\Edge\Application\96.0.1054.62\identity_helper.exe"" --type=utility --utility-sub-type=winrt_app_id.mojom.WinrtAppIdService --field-trial-handle=2308,14150179790966226464,16948066822318633601,131072 --lang=en-US --service-sandbox-type=none --mojo-platform-channel-handle=4036 /prefetch:8
CurrentDirectory: C:\Program Files (x86)\Microsoft\Edge\Application\96.0.1054.62\
User: DESKTOP-JP20VPR\BobWe
LogonGuid: {ec47ca29-70bf-61d3-9db4-020000000000}
LogonId: 0x2B49D
TerminalSessionId: 1
IntegrityLevel: Medium
Hashes: SHA256=7914D38736F3CE4F89432E15816711FFFDFD9002FA50CE7205C1176AF9142AB4
ParentProcessGuid: {ec47ca29-70db-61d3-4801-000000008600}
ParentProcessId: 11916
ParentImage: C:\Program Files (x86)\Microsoft\Edge\Application\msedge.exe
ParentCommandLine: ""C:\Program Files (x86)\Microsoft\Edge\Application\msedge.exe"" --no-startup-window --win-session-start /prefetch:5
ParentUser: DESKTOP-JP20VPR\BobWe"
Information	1/4/2022 12:55:40 PM	Microsoft-Windows-Sysmon	5	Process terminated (rule: ProcessTerminate)	S-1-5-18	Microsoft-Windows-Sysmon/Operational		Info	DESKTOP-JP20VPR	14108	3560						00000000-0000-0000-0000-000000000000	00000000-0000-0000-0000-000000000000		"Process terminated:
RuleName: -
UtcTime: 2022-01-04 17:55:40.576
ProcessGuid: {ec47ca29-8a1c-61d4-4609-000000008600}
ProcessId: 9620
Image: C:\Windows\System32\backgroundTaskHost.exe
User: DESKTOP-JP20VPR\BobWe"
