Information	1/4/2022 2:36:08 PM	Microsoft-Windows-Sysmon	1	Process Create (rule: ProcessCreate)	S-1-5-18	Microsoft-Windows-Sysmon/Operational		Info	DESKTOP-JP20VPR	14108	3560						00000000-0000-0000-0000-000000000000	00000000-0000-0000-0000-000000000000		"Process Create:
RuleName: -
UtcTime: 2022-01-04 19:36:08.155
ProcessGuid: {ec47ca29-a1a8-61d4-8c0a-000000008600}
ProcessId: 21340
Image: C:\Program Files (x86)\Microsoft\Edge\Application\msedge.exe
FileVersion: 96.0.1054.62
Description: Microsoft Edge
Product: Microsoft Edge
Company: Microsoft Corporation
OriginalFileName: msedge.exe
CommandLine: ""C:\Program Files (x86)\Microsoft\Edge\Application\msedge.exe"" --type=renderer --disable-client-side-phishing-detection --display-capture-permissions-policy-allowed --field-trial-handle=2308,14150179790966226464,16948066822318633601,131072 --lang=en-US --device-scale-factor=1 --num-raster-threads=4 --enable-main-frame-before-activation --renderer-client-id=214 --mojo-platform-channel-handle=5512 /prefetch:1
CurrentDirectory: C:\Program Files (x86)\Microsoft\Edge\Application\96.0.1054.62\
User: DESKTOP-JP20VPR\BobWe
LogonGuid: {ec47ca29-70bf-61d3-9db4-020000000000}
LogonId: 0x2B49D
TerminalSessionId: 1
IntegrityLevel: Low
Hashes: SHA256=18A839142796D6E4D0FA44F5A75E0CD79CC5C1A5FDE39B7CC00FAEC50A899B6D
ParentProcessGuid: {ec47ca29-70db-61d3-4801-000000008600}
ParentProcessId: 11916
ParentImage: C:\Program Files (x86)\Microsoft\Edge\Application\msedge.exe
ParentCommandLine: ""C:\Program Files (x86)\Microsoft\Edge\Application\msedge.exe"" --no-startup-window --win-session-start /prefetch:5
ParentUser: DESKTOP-JP20VPR\BobWe"
Information	1/4/2022 2:35:59 PM	Microsoft-Windows-Sysmon	5	Process terminated (rule: ProcessTerminate)	S-1-5-18	Microsoft-Windows-Sysmon/Operational		Info	DESKTOP-JP20VPR	14108	3560						00000000-0000-0000-0000-000000000000	00000000-0000-0000-0000-000000000000		"Process terminated:
RuleName: -
UtcTime: 2022-01-04 19:35:59.592
ProcessGuid: {ec47ca29-a190-61d4-870a-000000008600}
ProcessId: 19376
Image: C:\Program Files (x86)\Microsoft\Edge\Application\msedge.exe
User: DESKTOP-JP20VPR\BobWe"
Information	1/4/2022 2:35:59 PM	Microsoft-Windows-Sysmon	5	Process terminated (rule: ProcessTerminate)	S-1-5-18	Microsoft-Windows-Sysmon/Operational		Info	DESKTOP-JP20VPR	14108	3560						00000000-0000-0000-0000-000000000000	00000000-0000-0000-0000-000000000000		"Process terminated:
RuleName: -
UtcTime: 2022-01-04 19:35:59.096
ProcessGuid: {ec47ca29-a19c-61d4-8a0a-000000008600}
ProcessId: 19708
Image: C:\Program Files (x86)\Microsoft\Edge\Application\msedge.exe
User: DESKTOP-JP20VPR\BobWe"
Information	1/4/2022 2:35:59 PM	Microsoft-Windows-Sysmon	5	Process terminated (rule: ProcessTerminate)	S-1-5-18	Microsoft-Windows-Sysmon/Operational		Info	DESKTOP-JP20VPR	14108	3560						00000000-0000-0000-0000-000000000000	00000000-0000-0000-0000-000000000000		"Process terminated:
RuleName: -
UtcTime: 2022-01-04 19:35:59.095
ProcessGuid: {ec47ca29-a19c-61d4-880a-000000008600}
ProcessId: 7524
Image: C:\Program Files (x86)\Microsoft\Edge\Application\msedge.exe
User: DESKTOP-JP20VPR\BobWe"
Information	1/4/2022 2:35:59 PM	Microsoft-Windows-Sysmon	5	Process terminated (rule: ProcessTerminate)	S-1-5-18	Microsoft-Windows-Sysmon/Operational		Info	DESKTOP-JP20VPR	14108	3560						00000000-0000-0000-0000-000000000000	00000000-0000-0000-0000-000000000000		"Process terminated:
RuleName: -
UtcTime: 2022-01-04 19:35:59.095
ProcessGuid: {ec47ca29-a19c-61d4-890a-000000008600}
ProcessId: 21092
Image: C:\Program Files (x86)\Microsoft\Edge\Application\msedge.exe
User: DESKTOP-JP20VPR\BobWe"
Information	1/4/2022 2:35:56 PM	Microsoft-Windows-Sysmon	1	Process Create (rule: ProcessCreate)	S-1-5-18	Microsoft-Windows-Sysmon/Operational		Info	DESKTOP-JP20VPR	14108	3560						00000000-0000-0000-0000-000000000000	00000000-0000-0000-0000-000000000000		"Process Create:
RuleName: -
UtcTime: 2022-01-04 19:35:56.084
ProcessGuid: {ec47ca29-a19c-61d4-8b0a-000000008600}
ProcessId: 17100
Image: C:\Program Files (x86)\Microsoft\Edge\Application\msedge.exe
FileVersion: 96.0.1054.62
Description: Microsoft Edge
Product: Microsoft Edge
Company: Microsoft Corporation
OriginalFileName: msedge.exe
CommandLine: ""C:\Program Files (x86)\Microsoft\Edge\Application\msedge.exe"" --type=renderer --disable-client-side-phishing-detection --display-capture-permissions-policy-allowed --field-trial-handle=2308,14150179790966226464,16948066822318633601,131072 --lang=en-US --device-scale-factor=1 --num-raster-threads=4 --enable-main-frame-before-activation --renderer-client-id=213 --mojo-platform-channel-handle=1080 /prefetch:1
CurrentDirectory: C:\Program Files (x86)\Microsoft\Edge\Application\96.0.1054.62\
User: DESKTOP-JP20VPR\BobWe
LogonGuid: {ec47ca29-70bf-61d3-9db4-020000000000}
LogonId: 0x2B49D
TerminalSessionId: 1
IntegrityLevel: Low
Hashes: SHA256=18A839142796D6E4D0FA44F5A75E0CD79CC5C1A5FDE39B7CC00FAEC50A899B6D
ParentProcessGuid: {ec47ca29-70db-61d3-4801-000000008600}
ParentProcessId: 11916
ParentImage: C:\Program Files (x86)\Microsoft\Edge\Application\msedge.exe
ParentCommandLine: ""C:\Program Files (x86)\Microsoft\Edge\Application\msedge.exe"" --no-startup-window --win-session-start /prefetch:5
ParentUser: DESKTOP-JP20VPR\BobWe"
Information	1/4/2022 2:35:56 PM	Microsoft-Windows-Sysmon	1	Process Create (rule: ProcessCreate)	S-1-5-18	Microsoft-Windows-Sysmon/Operational		Info	DESKTOP-JP20VPR	14108	3560						00000000-0000-0000-0000-000000000000	00000000-0000-0000-0000-000000000000		"Process Create:
RuleName: -
UtcTime: 2022-01-04 19:35:56.081
ProcessGuid: {ec47ca29-a19c-61d4-8a0a-000000008600}
ProcessId: 19708
Image: C:\Program Files (x86)\Microsoft\Edge\Application\msedge.exe
FileVersion: 96.0.1054.62
Description: Microsoft Edge
Product: Microsoft Edge
Company: Microsoft Corporation
OriginalFileName: msedge.exe
CommandLine: ""C:\Program Files (x86)\Microsoft\Edge\Application\msedge.exe"" --type=renderer --disable-client-side-phishing-detection --display-capture-permissions-policy-allowed --field-trial-handle=2308,14150179790966226464,16948066822318633601,131072 --lang=en-US --device-scale-factor=1 --num-raster-threads=4 --enable-main-frame-before-activation --renderer-client-id=212 --mojo-platform-channel-handle=9044 /prefetch:1
CurrentDirectory: C:\Program Files (x86)\Microsoft\Edge\Application\96.0.1054.62\
User: DESKTOP-JP20VPR\BobWe
LogonGuid: {ec47ca29-70bf-61d3-9db4-020000000000}
LogonId: 0x2B49D
TerminalSessionId: 1
IntegrityLevel: Low
Hashes: SHA256=18A839142796D6E4D0FA44F5A75E0CD79CC5C1A5FDE39B7CC00FAEC50A899B6D
ParentProcessGuid: {ec47ca29-70db-61d3-4801-000000008600}
ParentProcessId: 11916
ParentImage: C:\Program Files (x86)\Microsoft\Edge\Application\msedge.exe
ParentCommandLine: ""C:\Program Files (x86)\Microsoft\Edge\Application\msedge.exe"" --no-startup-window --win-session-start /prefetch:5
ParentUser: DESKTOP-JP20VPR\BobWe"
Information	1/4/2022 2:35:56 PM	Microsoft-Windows-Sysmon	1	Process Create (rule: ProcessCreate)	S-1-5-18	Microsoft-Windows-Sysmon/Operational		Info	DESKTOP-JP20VPR	14108	3560						00000000-0000-0000-0000-000000000000	00000000-0000-0000-0000-000000000000		"Process Create:
RuleName: -
UtcTime: 2022-01-04 19:35:56.077
ProcessGuid: {ec47ca29-a19c-61d4-890a-000000008600}
ProcessId: 21092
Image: C:\Program Files (x86)\Microsoft\Edge\Application\msedge.exe
FileVersion: 96.0.1054.62
Description: Microsoft Edge
Product: Microsoft Edge
Company: Microsoft Corporation
OriginalFileName: msedge.exe
CommandLine: ""C:\Program Files (x86)\Microsoft\Edge\Application\msedge.exe"" --type=renderer --disable-client-side-phishing-detection --display-capture-permissions-policy-allowed --field-trial-handle=2308,14150179790966226464,16948066822318633601,131072 --lang=en-US --device-scale-factor=1 --num-raster-threads=4 --enable-main-frame-before-activation --renderer-client-id=211 --mojo-platform-channel-handle=5576 /prefetch:1
CurrentDirectory: C:\Program Files (x86)\Microsoft\Edge\Application\96.0.1054.62\
User: DESKTOP-JP20VPR\BobWe
LogonGuid: {ec47ca29-70bf-61d3-9db4-020000000000}
LogonId: 0x2B49D
TerminalSessionId: 1
IntegrityLevel: Low
Hashes: SHA256=18A839142796D6E4D0FA44F5A75E0CD79CC5C1A5FDE39B7CC00FAEC50A899B6D
ParentProcessGuid: {ec47ca29-70db-61d3-4801-000000008600}
ParentProcessId: 11916
ParentImage: C:\Program Files (x86)\Microsoft\Edge\Application\msedge.exe
ParentCommandLine: ""C:\Program Files (x86)\Microsoft\Edge\Application\msedge.exe"" --no-startup-window --win-session-start /prefetch:5
ParentUser: DESKTOP-JP20VPR\BobWe"
Information	1/4/2022 2:35:56 PM	Microsoft-Windows-Sysmon	1	Process Create (rule: ProcessCreate)	S-1-5-18	Microsoft-Windows-Sysmon/Operational		Info	DESKTOP-JP20VPR	14108	3560						00000000-0000-0000-0000-000000000000	00000000-0000-0000-0000-000000000000		"Process Create:
RuleName: -
UtcTime: 2022-01-04 19:35:56.067
ProcessGuid: {ec47ca29-a19c-61d4-880a-000000008600}
ProcessId: 7524
Image: C:\Program Files (x86)\Microsoft\Edge\Application\msedge.exe
FileVersion: 96.0.1054.62
Description: Microsoft Edge
Product: Microsoft Edge
Company: Microsoft Corporation
OriginalFileName: msedge.exe
CommandLine: ""C:\Program Files (x86)\Microsoft\Edge\Application\msedge.exe"" --type=renderer --disable-client-side-phishing-detection --display-capture-permissions-policy-allowed --field-trial-handle=2308,14150179790966226464,16948066822318633601,131072 --lang=en-US --device-scale-factor=1 --num-raster-threads=4 --enable-main-frame-before-activation --renderer-client-id=210 --mojo-platform-channel-handle=5812 /prefetch:1
CurrentDirectory: C:\Program Files (x86)\Microsoft\Edge\Application\96.0.1054.62\
User: DESKTOP-JP20VPR\BobWe
LogonGuid: {ec47ca29-70bf-61d3-9db4-020000000000}
LogonId: 0x2B49D
TerminalSessionId: 1
IntegrityLevel: Low
Hashes: SHA256=18A839142796D6E4D0FA44F5A75E0CD79CC5C1A5FDE39B7CC00FAEC50A899B6D
ParentProcessGuid: {ec47ca29-70db-61d3-4801-000000008600}
ParentProcessId: 11916
ParentImage: C:\Program Files (x86)\Microsoft\Edge\Application\msedge.exe
ParentCommandLine: ""C:\Program Files (x86)\Microsoft\Edge\Application\msedge.exe"" --no-startup-window --win-session-start /prefetch:5
ParentUser: DESKTOP-JP20VPR\BobWe"
Information	1/4/2022 2:35:47 PM	Microsoft-Windows-Sysmon	5	Process terminated (rule: ProcessTerminate)	S-1-5-18	Microsoft-Windows-Sysmon/Operational		Info	DESKTOP-JP20VPR	14108	3560						00000000-0000-0000-0000-000000000000	00000000-0000-0000-0000-000000000000		"Process terminated:
RuleName: -
UtcTime: 2022-01-04 19:35:47.247
ProcessGuid: {ec47ca29-a190-61d4-840a-000000008600}
ProcessId: 20624
Image: C:\Program Files (x86)\Microsoft\Edge\Application\msedge.exe
User: DESKTOP-JP20VPR\BobWe"
Information	1/4/2022 2:35:46 PM	Microsoft-Windows-Sysmon	5	Process terminated (rule: ProcessTerminate)	S-1-5-18	Microsoft-Windows-Sysmon/Operational		Info	DESKTOP-JP20VPR	14108	3560						00000000-0000-0000-0000-000000000000	00000000-0000-0000-0000-000000000000		"Process terminated:
RuleName: -
UtcTime: 2022-01-04 19:35:46.762
ProcessGuid: {ec47ca29-a184-61d4-830a-000000008600}
ProcessId: 3372
Image: C:\Program Files (x86)\Microsoft\Edge\Application\msedge.exe
User: DESKTOP-JP20VPR\BobWe"
Information	1/4/2022 2:35:46 PM	Microsoft-Windows-Sysmon	5	Process terminated (rule: ProcessTerminate)	S-1-5-18	Microsoft-Windows-Sysmon/Operational		Info	DESKTOP-JP20VPR	14108	3560						00000000-0000-0000-0000-000000000000	00000000-0000-0000-0000-000000000000		"Process terminated:
RuleName: -
UtcTime: 2022-01-04 19:35:46.761
ProcessGuid: {ec47ca29-a190-61d4-860a-000000008600}
ProcessId: 21280
Image: C:\Program Files (x86)\Microsoft\Edge\Application\msedge.exe
User: DESKTOP-JP20VPR\BobWe"
Information	1/4/2022 2:35:46 PM	Microsoft-Windows-Sysmon	5	Process terminated (rule: ProcessTerminate)	S-1-5-18	Microsoft-Windows-Sysmon/Operational		Info	DESKTOP-JP20VPR	14108	3560						00000000-0000-0000-0000-000000000000	00000000-0000-0000-0000-000000000000		"Process terminated:
RuleName: -
UtcTime: 2022-01-04 19:35:46.756
ProcessGuid: {ec47ca29-a190-61d4-850a-000000008600}
ProcessId: 20172
Image: C:\Program Files (x86)\Microsoft\Edge\Application\msedge.exe
User: DESKTOP-JP20VPR\BobWe"
Information	1/4/2022 2:35:44 PM	Microsoft-Windows-Sysmon	1	Process Create (rule: ProcessCreate)	S-1-5-18	Microsoft-Windows-Sysmon/Operational		Info	DESKTOP-JP20VPR	14108	3560						00000000-0000-0000-0000-000000000000	00000000-0000-0000-0000-000000000000		"Process Create:
RuleName: -
UtcTime: 2022-01-04 19:35:44.057
ProcessGuid: {ec47ca29-a190-61d4-870a-000000008600}
ProcessId: 19376
Image: C:\Program Files (x86)\Microsoft\Edge\Application\msedge.exe
FileVersion: 96.0.1054.62
Description: Microsoft Edge
Product: Microsoft Edge
Company: Microsoft Corporation
OriginalFileName: msedge.exe
CommandLine: ""C:\Program Files (x86)\Microsoft\Edge\Application\msedge.exe"" --type=renderer --disable-client-side-phishing-detection --display-capture-permissions-policy-allowed --field-trial-handle=2308,14150179790966226464,16948066822318633601,131072 --lang=en-US --device-scale-factor=1 --num-raster-threads=4 --enable-main-frame-before-activation --renderer-client-id=209 --mojo-platform-channel-handle=7920 /prefetch:1
CurrentDirectory: C:\Program Files (x86)\Microsoft\Edge\Application\96.0.1054.62\
User: DESKTOP-JP20VPR\BobWe
LogonGuid: {ec47ca29-70bf-61d3-9db4-020000000000}
LogonId: 0x2B49D
TerminalSessionId: 1
IntegrityLevel: Low
Hashes: SHA256=18A839142796D6E4D0FA44F5A75E0CD79CC5C1A5FDE39B7CC00FAEC50A899B6D
ParentProcessGuid: {ec47ca29-70db-61d3-4801-000000008600}
ParentProcessId: 11916
ParentImage: C:\Program Files (x86)\Microsoft\Edge\Application\msedge.exe
ParentCommandLine: ""C:\Program Files (x86)\Microsoft\Edge\Application\msedge.exe"" --no-startup-window --win-session-start /prefetch:5
ParentUser: DESKTOP-JP20VPR\BobWe"
Information	1/4/2022 2:35:44 PM	Microsoft-Windows-Sysmon	1	Process Create (rule: ProcessCreate)	S-1-5-18	Microsoft-Windows-Sysmon/Operational		Info	DESKTOP-JP20VPR	14108	3560						00000000-0000-0000-0000-000000000000	00000000-0000-0000-0000-000000000000		"Process Create:
RuleName: -
UtcTime: 2022-01-04 19:35:44.053
ProcessGuid: {ec47ca29-a190-61d4-860a-000000008600}
ProcessId: 21280
Image: C:\Program Files (x86)\Microsoft\Edge\Application\msedge.exe
FileVersion: 96.0.1054.62
Description: Microsoft Edge
Product: Microsoft Edge
Company: Microsoft Corporation
OriginalFileName: msedge.exe
CommandLine: ""C:\Program Files (x86)\Microsoft\Edge\Application\msedge.exe"" --type=renderer --disable-client-side-phishing-detection --display-capture-permissions-policy-allowed --field-trial-handle=2308,14150179790966226464,16948066822318633601,131072 --lang=en-US --device-scale-factor=1 --num-raster-threads=4 --enable-main-frame-before-activation --renderer-client-id=208 --mojo-platform-channel-handle=10720 /prefetch:1
CurrentDirectory: C:\Program Files (x86)\Microsoft\Edge\Application\96.0.1054.62\
User: DESKTOP-JP20VPR\BobWe
LogonGuid: {ec47ca29-70bf-61d3-9db4-020000000000}
LogonId: 0x2B49D
TerminalSessionId: 1
IntegrityLevel: Low
Hashes: SHA256=18A839142796D6E4D0FA44F5A75E0CD79CC5C1A5FDE39B7CC00FAEC50A899B6D
ParentProcessGuid: {ec47ca29-70db-61d3-4801-000000008600}
ParentProcessId: 11916
ParentImage: C:\Program Files (x86)\Microsoft\Edge\Application\msedge.exe
ParentCommandLine: ""C:\Program Files (x86)\Microsoft\Edge\Application\msedge.exe"" --no-startup-window --win-session-start /prefetch:5
ParentUser: DESKTOP-JP20VPR\BobWe"
Information	1/4/2022 2:35:44 PM	Microsoft-Windows-Sysmon	1	Process Create (rule: ProcessCreate)	S-1-5-18	Microsoft-Windows-Sysmon/Operational		Info	DESKTOP-JP20VPR	14108	3560						00000000-0000-0000-0000-000000000000	00000000-0000-0000-0000-000000000000		"Process Create:
RuleName: -
UtcTime: 2022-01-04 19:35:44.049
ProcessGuid: {ec47ca29-a190-61d4-850a-000000008600}
ProcessId: 20172
Image: C:\Program Files (x86)\Microsoft\Edge\Application\msedge.exe
FileVersion: 96.0.1054.62
Description: Microsoft Edge
Product: Microsoft Edge
Company: Microsoft Corporation
OriginalFileName: msedge.exe
CommandLine: ""C:\Program Files (x86)\Microsoft\Edge\Application\msedge.exe"" --type=renderer --disable-client-side-phishing-detection --display-capture-permissions-policy-allowed --field-trial-handle=2308,14150179790966226464,16948066822318633601,131072 --lang=en-US --device-scale-factor=1 --num-raster-threads=4 --enable-main-frame-before-activation --renderer-client-id=207 --mojo-platform-channel-handle=6416 /prefetch:1
CurrentDirectory: C:\Program Files (x86)\Microsoft\Edge\Application\96.0.1054.62\
User: DESKTOP-JP20VPR\BobWe
LogonGuid: {ec47ca29-70bf-61d3-9db4-020000000000}
LogonId: 0x2B49D
TerminalSessionId: 1
IntegrityLevel: Low
Hashes: SHA256=18A839142796D6E4D0FA44F5A75E0CD79CC5C1A5FDE39B7CC00FAEC50A899B6D
ParentProcessGuid: {ec47ca29-70db-61d3-4801-000000008600}
ParentProcessId: 11916
ParentImage: C:\Program Files (x86)\Microsoft\Edge\Application\msedge.exe
ParentCommandLine: ""C:\Program Files (x86)\Microsoft\Edge\Application\msedge.exe"" --no-startup-window --win-session-start /prefetch:5
ParentUser: DESKTOP-JP20VPR\BobWe"
Information	1/4/2022 2:35:44 PM	Microsoft-Windows-Sysmon	1	Process Create (rule: ProcessCreate)	S-1-5-18	Microsoft-Windows-Sysmon/Operational		Info	DESKTOP-JP20VPR	14108	3560						00000000-0000-0000-0000-000000000000	00000000-0000-0000-0000-000000000000		"Process Create:
RuleName: -
UtcTime: 2022-01-04 19:35:44.041
ProcessGuid: {ec47ca29-a190-61d4-840a-000000008600}
ProcessId: 20624
Image: C:\Program Files (x86)\Microsoft\Edge\Application\msedge.exe
FileVersion: 96.0.1054.62
Description: Microsoft Edge
Product: Microsoft Edge
Company: Microsoft Corporation
OriginalFileName: msedge.exe
CommandLine: ""C:\Program Files (x86)\Microsoft\Edge\Application\msedge.exe"" --type=renderer --disable-client-side-phishing-detection --display-capture-permissions-policy-allowed --field-trial-handle=2308,14150179790966226464,16948066822318633601,131072 --lang=en-US --device-scale-factor=1 --num-raster-threads=4 --enable-main-frame-before-activation --renderer-client-id=206 --mojo-platform-channel-handle=7480 /prefetch:1
CurrentDirectory: C:\Program Files (x86)\Microsoft\Edge\Application\96.0.1054.62\
User: DESKTOP-JP20VPR\BobWe
LogonGuid: {ec47ca29-70bf-61d3-9db4-020000000000}
LogonId: 0x2B49D
TerminalSessionId: 1
IntegrityLevel: Low
Hashes: SHA256=18A839142796D6E4D0FA44F5A75E0CD79CC5C1A5FDE39B7CC00FAEC50A899B6D
ParentProcessGuid: {ec47ca29-70db-61d3-4801-000000008600}
ParentProcessId: 11916
ParentImage: C:\Program Files (x86)\Microsoft\Edge\Application\msedge.exe
ParentCommandLine: ""C:\Program Files (x86)\Microsoft\Edge\Application\msedge.exe"" --no-startup-window --win-session-start /prefetch:5
ParentUser: DESKTOP-JP20VPR\BobWe"
Information	1/4/2022 2:35:35 PM	Microsoft-Windows-Sysmon	5	Process terminated (rule: ProcessTerminate)	S-1-5-18	Microsoft-Windows-Sysmon/Operational		Info	DESKTOP-JP20VPR	14108	3560						00000000-0000-0000-0000-000000000000	00000000-0000-0000-0000-000000000000		"Process terminated:
RuleName: -
UtcTime: 2022-01-04 19:35:35.632
ProcessGuid: {ec47ca29-a184-61d4-810a-000000008600}
ProcessId: 21160
Image: C:\Program Files (x86)\Microsoft\Edge\Application\msedge.exe
User: DESKTOP-JP20VPR\BobWe"
Information	1/4/2022 2:35:35 PM	Microsoft-Windows-Sysmon	5	Process terminated (rule: ProcessTerminate)	S-1-5-18	Microsoft-Windows-Sysmon/Operational		Info	DESKTOP-JP20VPR	14108	3560						00000000-0000-0000-0000-000000000000	00000000-0000-0000-0000-000000000000		"Process terminated:
RuleName: -
UtcTime: 2022-01-04 19:35:35.145
ProcessGuid: {ec47ca29-a184-61d4-820a-000000008600}
ProcessId: 6864
Image: C:\Program Files (x86)\Microsoft\Edge\Application\msedge.exe
User: DESKTOP-JP20VPR\BobWe"
Information	1/4/2022 2:35:35 PM	Microsoft-Windows-Sysmon	5	Process terminated (rule: ProcessTerminate)	S-1-5-18	Microsoft-Windows-Sysmon/Operational		Info	DESKTOP-JP20VPR	14108	3560						00000000-0000-0000-0000-000000000000	00000000-0000-0000-0000-000000000000		"Process terminated:
RuleName: -
UtcTime: 2022-01-04 19:35:35.143
ProcessGuid: {ec47ca29-a184-61d4-800a-000000008600}
ProcessId: 20580
Image: C:\Program Files (x86)\Microsoft\Edge\Application\msedge.exe
User: DESKTOP-JP20VPR\BobWe"
Information	1/4/2022 2:35:35 PM	Microsoft-Windows-Sysmon	5	Process terminated (rule: ProcessTerminate)	S-1-5-18	Microsoft-Windows-Sysmon/Operational		Info	DESKTOP-JP20VPR	14108	3560						00000000-0000-0000-0000-000000000000	00000000-0000-0000-0000-000000000000		"Process terminated:
RuleName: -
UtcTime: 2022-01-04 19:35:35.143
ProcessGuid: {ec47ca29-a178-61d4-7c0a-000000008600}
ProcessId: 21348
Image: C:\Program Files (x86)\Microsoft\Edge\Application\msedge.exe
User: DESKTOP-JP20VPR\BobWe"
Information	1/4/2022 2:35:32 PM	Microsoft-Windows-Sysmon	1	Process Create (rule: ProcessCreate)	S-1-5-18	Microsoft-Windows-Sysmon/Operational		Info	DESKTOP-JP20VPR	14108	3560						00000000-0000-0000-0000-000000000000	00000000-0000-0000-0000-000000000000		"Process Create:
RuleName: -
UtcTime: 2022-01-04 19:35:32.292
ProcessGuid: {ec47ca29-a184-61d4-830a-000000008600}
ProcessId: 3372
Image: C:\Program Files (x86)\Microsoft\Edge\Application\msedge.exe
FileVersion: 96.0.1054.62
Description: Microsoft Edge
Product: Microsoft Edge
Company: Microsoft Corporation
OriginalFileName: msedge.exe
CommandLine: ""C:\Program Files (x86)\Microsoft\Edge\Application\msedge.exe"" --type=renderer --disable-client-side-phishing-detection --display-capture-permissions-policy-allowed --field-trial-handle=2308,14150179790966226464,16948066822318633601,131072 --lang=en-US --device-scale-factor=1 --num-raster-threads=4 --enable-main-frame-before-activation --renderer-client-id=205 --mojo-platform-channel-handle=9968 /prefetch:1
CurrentDirectory: C:\Program Files (x86)\Microsoft\Edge\Application\96.0.1054.62\
User: DESKTOP-JP20VPR\BobWe
LogonGuid: {ec47ca29-70bf-61d3-9db4-020000000000}
LogonId: 0x2B49D
TerminalSessionId: 1
IntegrityLevel: Low
Hashes: SHA256=18A839142796D6E4D0FA44F5A75E0CD79CC5C1A5FDE39B7CC00FAEC50A899B6D
ParentProcessGuid: {ec47ca29-70db-61d3-4801-000000008600}
ParentProcessId: 11916
ParentImage: C:\Program Files (x86)\Microsoft\Edge\Application\msedge.exe
ParentCommandLine: ""C:\Program Files (x86)\Microsoft\Edge\Application\msedge.exe"" --no-startup-window --win-session-start /prefetch:5
ParentUser: DESKTOP-JP20VPR\BobWe"
Information	1/4/2022 2:35:32 PM	Microsoft-Windows-Sysmon	1	Process Create (rule: ProcessCreate)	S-1-5-18	Microsoft-Windows-Sysmon/Operational		Info	DESKTOP-JP20VPR	14108	3560						00000000-0000-0000-0000-000000000000	00000000-0000-0000-0000-000000000000		"Process Create:
RuleName: -
UtcTime: 2022-01-04 19:35:32.284
ProcessGuid: {ec47ca29-a184-61d4-820a-000000008600}
ProcessId: 6864
Image: C:\Program Files (x86)\Microsoft\Edge\Application\msedge.exe
FileVersion: 96.0.1054.62
Description: Microsoft Edge
Product: Microsoft Edge
Company: Microsoft Corporation
OriginalFileName: msedge.exe
CommandLine: ""C:\Program Files (x86)\Microsoft\Edge\Application\msedge.exe"" --type=renderer --disable-client-side-phishing-detection --display-capture-permissions-policy-allowed --field-trial-handle=2308,14150179790966226464,16948066822318633601,131072 --lang=en-US --device-scale-factor=1 --num-raster-threads=4 --enable-main-frame-before-activation --renderer-client-id=204 --mojo-platform-channel-handle=6716 /prefetch:1
CurrentDirectory: C:\Program Files (x86)\Microsoft\Edge\Application\96.0.1054.62\
User: DESKTOP-JP20VPR\BobWe
LogonGuid: {ec47ca29-70bf-61d3-9db4-020000000000}
LogonId: 0x2B49D
TerminalSessionId: 1
IntegrityLevel: Low
Hashes: SHA256=18A839142796D6E4D0FA44F5A75E0CD79CC5C1A5FDE39B7CC00FAEC50A899B6D
ParentProcessGuid: {ec47ca29-70db-61d3-4801-000000008600}
ParentProcessId: 11916
ParentImage: C:\Program Files (x86)\Microsoft\Edge\Application\msedge.exe
ParentCommandLine: ""C:\Program Files (x86)\Microsoft\Edge\Application\msedge.exe"" --no-startup-window --win-session-start /prefetch:5
ParentUser: DESKTOP-JP20VPR\BobWe"
Information	1/4/2022 2:35:32 PM	Microsoft-Windows-Sysmon	1	Process Create (rule: ProcessCreate)	S-1-5-18	Microsoft-Windows-Sysmon/Operational		Info	DESKTOP-JP20VPR	14108	3560						00000000-0000-0000-0000-000000000000	00000000-0000-0000-0000-000000000000		"Process Create:
RuleName: -
UtcTime: 2022-01-04 19:35:32.281
ProcessGuid: {ec47ca29-a184-61d4-810a-000000008600}
ProcessId: 21160
Image: C:\Program Files (x86)\Microsoft\Edge\Application\msedge.exe
FileVersion: 96.0.1054.62
Description: Microsoft Edge
Product: Microsoft Edge
Company: Microsoft Corporation
OriginalFileName: msedge.exe
CommandLine: ""C:\Program Files (x86)\Microsoft\Edge\Application\msedge.exe"" --type=renderer --disable-client-side-phishing-detection --display-capture-permissions-policy-allowed --field-trial-handle=2308,14150179790966226464,16948066822318633601,131072 --lang=en-US --device-scale-factor=1 --num-raster-threads=4 --enable-main-frame-before-activation --renderer-client-id=203 --mojo-platform-channel-handle=10720 /prefetch:1
CurrentDirectory: C:\Program Files (x86)\Microsoft\Edge\Application\96.0.1054.62\
User: DESKTOP-JP20VPR\BobWe
LogonGuid: {ec47ca29-70bf-61d3-9db4-020000000000}
LogonId: 0x2B49D
TerminalSessionId: 1
IntegrityLevel: Low
Hashes: SHA256=18A839142796D6E4D0FA44F5A75E0CD79CC5C1A5FDE39B7CC00FAEC50A899B6D
ParentProcessGuid: {ec47ca29-70db-61d3-4801-000000008600}
ParentProcessId: 11916
ParentImage: C:\Program Files (x86)\Microsoft\Edge\Application\msedge.exe
ParentCommandLine: ""C:\Program Files (x86)\Microsoft\Edge\Application\msedge.exe"" --no-startup-window --win-session-start /prefetch:5
ParentUser: DESKTOP-JP20VPR\BobWe"
Information	1/4/2022 2:35:32 PM	Microsoft-Windows-Sysmon	1	Process Create (rule: ProcessCreate)	S-1-5-18	Microsoft-Windows-Sysmon/Operational		Info	DESKTOP-JP20VPR	14108	3560						00000000-0000-0000-0000-000000000000	00000000-0000-0000-0000-000000000000		"Process Create:
RuleName: -
UtcTime: 2022-01-04 19:35:32.277
ProcessGuid: {ec47ca29-a184-61d4-800a-000000008600}
ProcessId: 20580
Image: C:\Program Files (x86)\Microsoft\Edge\Application\msedge.exe
FileVersion: 96.0.1054.62
Description: Microsoft Edge
Product: Microsoft Edge
Company: Microsoft Corporation
OriginalFileName: msedge.exe
CommandLine: ""C:\Program Files (x86)\Microsoft\Edge\Application\msedge.exe"" --type=renderer --disable-client-side-phishing-detection --display-capture-permissions-policy-allowed --field-trial-handle=2308,14150179790966226464,16948066822318633601,131072 --lang=en-US --device-scale-factor=1 --num-raster-threads=4 --enable-main-frame-before-activation --renderer-client-id=202 --mojo-platform-channel-handle=5604 /prefetch:1
CurrentDirectory: C:\Program Files (x86)\Microsoft\Edge\Application\96.0.1054.62\
User: DESKTOP-JP20VPR\BobWe
LogonGuid: {ec47ca29-70bf-61d3-9db4-020000000000}
LogonId: 0x2B49D
TerminalSessionId: 1
IntegrityLevel: Low
Hashes: SHA256=18A839142796D6E4D0FA44F5A75E0CD79CC5C1A5FDE39B7CC00FAEC50A899B6D
ParentProcessGuid: {ec47ca29-70db-61d3-4801-000000008600}
ParentProcessId: 11916
ParentImage: C:\Program Files (x86)\Microsoft\Edge\Application\msedge.exe
ParentCommandLine: ""C:\Program Files (x86)\Microsoft\Edge\Application\msedge.exe"" --no-startup-window --win-session-start /prefetch:5
ParentUser: DESKTOP-JP20VPR\BobWe"
Information	1/4/2022 2:35:23 PM	Microsoft-Windows-Sysmon	5	Process terminated (rule: ProcessTerminate)	S-1-5-18	Microsoft-Windows-Sysmon/Operational		Info	DESKTOP-JP20VPR	14108	3560						00000000-0000-0000-0000-000000000000	00000000-0000-0000-0000-000000000000		"Process terminated:
RuleName: -
UtcTime: 2022-01-04 19:35:23.979
ProcessGuid: {ec47ca29-a0c6-61d4-180a-000000008600}
ProcessId: 11592
Image: C:\Windows\System32\svchost.exe
User: NT AUTHORITY\SYSTEM"
Information	1/4/2022 2:35:23 PM	Microsoft-Windows-Sysmon	5	Process terminated (rule: ProcessTerminate)	S-1-5-18	Microsoft-Windows-Sysmon/Operational		Info	DESKTOP-JP20VPR	14108	3560						00000000-0000-0000-0000-000000000000	00000000-0000-0000-0000-000000000000		"Process terminated:
RuleName: -
UtcTime: 2022-01-04 19:35:23.926
ProcessGuid: {ec47ca29-a178-61d4-7b0a-000000008600}
ProcessId: 20296
Image: C:\Program Files (x86)\Microsoft\Edge\Application\msedge.exe
User: DESKTOP-JP20VPR\BobWe"
Information	1/4/2022 2:35:23 PM	Microsoft-Windows-Sysmon	5	Process terminated (rule: ProcessTerminate)	S-1-5-18	Microsoft-Windows-Sysmon/Operational		Info	DESKTOP-JP20VPR	14108	3560						00000000-0000-0000-0000-000000000000	00000000-0000-0000-0000-000000000000		"Process terminated:
RuleName: -
UtcTime: 2022-01-04 19:35:23.422
ProcessGuid: {ec47ca29-a178-61d4-7a0a-000000008600}
ProcessId: 19912
Image: C:\Program Files (x86)\Microsoft\Edge\Application\msedge.exe
User: DESKTOP-JP20VPR\BobWe"
Information	1/4/2022 2:35:23 PM	Microsoft-Windows-Sysmon	5	Process terminated (rule: ProcessTerminate)	S-1-5-18	Microsoft-Windows-Sysmon/Operational		Info	DESKTOP-JP20VPR	14108	3560						00000000-0000-0000-0000-000000000000	00000000-0000-0000-0000-000000000000		"Process terminated:
RuleName: -
UtcTime: 2022-01-04 19:35:23.421
ProcessGuid: {ec47ca29-a178-61d4-790a-000000008600}
ProcessId: 19980
Image: C:\Program Files (x86)\Microsoft\Edge\Application\msedge.exe
User: DESKTOP-JP20VPR\BobWe"
Information	1/4/2022 2:35:23 PM	Microsoft-Windows-Sysmon	5	Process terminated (rule: ProcessTerminate)	S-1-5-18	Microsoft-Windows-Sysmon/Operational		Info	DESKTOP-JP20VPR	14108	3560						00000000-0000-0000-0000-000000000000	00000000-0000-0000-0000-000000000000		"Process terminated:
RuleName: -
UtcTime: 2022-01-04 19:35:23.421
ProcessGuid: {ec47ca29-a16d-61d4-780a-000000008600}
ProcessId: 13508
Image: C:\Program Files (x86)\Microsoft\Edge\Application\msedge.exe
User: DESKTOP-JP20VPR\BobWe"
Information	1/4/2022 2:35:22 PM	Microsoft-Windows-Sysmon	1	Process Create (rule: ProcessCreate)	S-1-5-18	Microsoft-Windows-Sysmon/Operational		Info	DESKTOP-JP20VPR	14108	3560						00000000-0000-0000-0000-000000000000	00000000-0000-0000-0000-000000000000		"Process Create:
RuleName: -
UtcTime: 2022-01-04 19:35:22.419
ProcessGuid: {ec47ca29-a17a-61d4-7f0a-000000008600}
ProcessId: 20028
Image: C:\Windows\System32\RuntimeBroker.exe
FileVersion: 10.0.19041.746 (WinBuild.160101.0800)
Description: Runtime Broker
Product: Microsoft® Windows® Operating System
Company: Microsoft Corporation
OriginalFileName: RuntimeBroker.exe
CommandLine: C:\Windows\System32\RuntimeBroker.exe -Embedding
CurrentDirectory: C:\Windows\system32\
User: DESKTOP-JP20VPR\BobWe
LogonGuid: {ec47ca29-70bf-61d3-9db4-020000000000}
LogonId: 0x2B49D
TerminalSessionId: 1
IntegrityLevel: Medium
Hashes: SHA256=E86870769EE6C797E09457BD99C58D9BF2303CF0193A24EF9B1222C2C3DAF628
ParentProcessGuid: {ec47ca29-70be-61d3-0d00-000000008600}
ParentProcessId: 1056
ParentImage: C:\Windows\System32\svchost.exe
ParentCommandLine: C:\Windows\system32\svchost.exe -k DcomLaunch -p
ParentUser: NT AUTHORITY\SYSTEM"
Information	1/4/2022 2:35:22 PM	Microsoft-Windows-Sysmon	1	Process Create (rule: ProcessCreate)	S-1-5-18	Microsoft-Windows-Sysmon/Operational		Info	DESKTOP-JP20VPR	14108	3560						00000000-0000-0000-0000-000000000000	00000000-0000-0000-0000-000000000000		"Process Create:
RuleName: -
UtcTime: 2022-01-04 19:35:22.351
ProcessGuid: {ec47ca29-a17a-61d4-7e0a-000000008600}
ProcessId: 10068
Image: C:\Windows\System32\svchost.exe
FileVersion: 10.0.19041.546 (WinBuild.160101.0800)
Description: Host Process for Windows Services
Product: Microsoft® Windows® Operating System
Company: Microsoft Corporation
OriginalFileName: svchost.exe
CommandLine: C:\Windows\System32\svchost.exe -k wsappx -p -s ClipSVC
CurrentDirectory: C:\Windows\system32\
User: NT AUTHORITY\SYSTEM
LogonGuid: {ec47ca29-70be-61d3-e703-000000000000}
LogonId: 0x3E7
TerminalSessionId: 0
IntegrityLevel: System
Hashes: SHA256=643EC58E82E0272C97C2A59F6020970D881AF19C0AD5029DB9C958C13B6558C7
ParentProcessGuid: {00000000-0000-0000-0000-000000000000}
ParentProcessId: 944
ParentImage: -
ParentCommandLine: -
ParentUser: -"
Information	1/4/2022 2:35:22 PM	Microsoft-Windows-Sysmon	1	Process Create (rule: ProcessCreate)	S-1-5-18	Microsoft-Windows-Sysmon/Operational		Info	DESKTOP-JP20VPR	14108	3560						00000000-0000-0000-0000-000000000000	00000000-0000-0000-0000-000000000000		"Process Create:
RuleName: -
UtcTime: 2022-01-04 19:35:22.342
ProcessGuid: {ec47ca29-a17a-61d4-7d0a-000000008600}
ProcessId: 9816
Image: C:\Windows\System32\backgroundTaskHost.exe
FileVersion: 10.0.19041.546 (WinBuild.160101.0800)
Description: Background Task Host
Product: Microsoft® Windows® Operating System
Company: Microsoft Corporation
OriginalFileName: backgroundTaskHost.exe
CommandLine: ""C:\Windows\system32\backgroundTaskHost.exe"" -ServerName:Microsoft.MicrosoftOfficeHub.AppX54h2e8jwdm50fj5ha8987vz1etpx7czd.mca
CurrentDirectory: C:\Program Files\WindowsApps\Microsoft.MicrosoftOfficeHub_18.2110.13110.0_x64__8wekyb3d8bbwe\
User: DESKTOP-JP20VPR\BobWe
LogonGuid: {ec47ca29-70bf-61d3-9db4-020000000000}
LogonId: 0x2B49D
TerminalSessionId: 1
IntegrityLevel: AppContainer
Hashes: SHA256=20330D3CA71D58F4AEB432676CB6A3D5B97005954E45132FB083E90782EFDD50
ParentProcessGuid: {ec47ca29-70be-61d3-0d00-000000008600}
ParentProcessId: 1056
ParentImage: C:\Windows\System32\svchost.exe
ParentCommandLine: C:\Windows\system32\svchost.exe -k DcomLaunch -p
ParentUser: NT AUTHORITY\SYSTEM"
Information	1/4/2022 2:35:20 PM	Microsoft-Windows-Sysmon	1	Process Create (rule: ProcessCreate)	S-1-5-18	Microsoft-Windows-Sysmon/Operational		Info	DESKTOP-JP20VPR	14108	3560						00000000-0000-0000-0000-000000000000	00000000-0000-0000-0000-000000000000		"Process Create:
RuleName: -
UtcTime: 2022-01-04 19:35:20.743
ProcessGuid: {ec47ca29-a178-61d4-7c0a-000000008600}
ProcessId: 21348
Image: C:\Program Files (x86)\Microsoft\Edge\Application\msedge.exe
FileVersion: 96.0.1054.62
Description: Microsoft Edge
Product: Microsoft Edge
Company: Microsoft Corporation
OriginalFileName: msedge.exe
CommandLine: ""C:\Program Files (x86)\Microsoft\Edge\Application\msedge.exe"" --type=renderer --disable-client-side-phishing-detection --display-capture-permissions-policy-allowed --field-trial-handle=2308,14150179790966226464,16948066822318633601,131072 --lang=en-US --device-scale-factor=1 --num-raster-threads=4 --enable-main-frame-before-activation --renderer-client-id=201 --mojo-platform-channel-handle=7832 /prefetch:1
CurrentDirectory: C:\Program Files (x86)\Microsoft\Edge\Application\96.0.1054.62\
User: DESKTOP-JP20VPR\BobWe
LogonGuid: {ec47ca29-70bf-61d3-9db4-020000000000}
LogonId: 0x2B49D
TerminalSessionId: 1
IntegrityLevel: Low
Hashes: SHA256=18A839142796D6E4D0FA44F5A75E0CD79CC5C1A5FDE39B7CC00FAEC50A899B6D
ParentProcessGuid: {ec47ca29-70db-61d3-4801-000000008600}
ParentProcessId: 11916
ParentImage: C:\Program Files (x86)\Microsoft\Edge\Application\msedge.exe
ParentCommandLine: ""C:\Program Files (x86)\Microsoft\Edge\Application\msedge.exe"" --no-startup-window --win-session-start /prefetch:5
ParentUser: DESKTOP-JP20VPR\BobWe"
Information	1/4/2022 2:35:20 PM	Microsoft-Windows-Sysmon	1	Process Create (rule: ProcessCreate)	S-1-5-18	Microsoft-Windows-Sysmon/Operational		Info	DESKTOP-JP20VPR	14108	3560						00000000-0000-0000-0000-000000000000	00000000-0000-0000-0000-000000000000		"Process Create:
RuleName: -
UtcTime: 2022-01-04 19:35:20.736
ProcessGuid: {ec47ca29-a178-61d4-7b0a-000000008600}
ProcessId: 20296
Image: C:\Program Files (x86)\Microsoft\Edge\Application\msedge.exe
FileVersion: 96.0.1054.62
Description: Microsoft Edge
Product: Microsoft Edge
Company: Microsoft Corporation
OriginalFileName: msedge.exe
CommandLine: ""C:\Program Files (x86)\Microsoft\Edge\Application\msedge.exe"" --type=renderer --disable-client-side-phishing-detection --display-capture-permissions-policy-allowed --field-trial-handle=2308,14150179790966226464,16948066822318633601,131072 --lang=en-US --device-scale-factor=1 --num-raster-threads=4 --enable-main-frame-before-activation --renderer-client-id=200 --mojo-platform-channel-handle=10932 /prefetch:1
CurrentDirectory: C:\Program Files (x86)\Microsoft\Edge\Application\96.0.1054.62\
User: DESKTOP-JP20VPR\BobWe
LogonGuid: {ec47ca29-70bf-61d3-9db4-020000000000}
LogonId: 0x2B49D
TerminalSessionId: 1
IntegrityLevel: Low
Hashes: SHA256=18A839142796D6E4D0FA44F5A75E0CD79CC5C1A5FDE39B7CC00FAEC50A899B6D
ParentProcessGuid: {ec47ca29-70db-61d3-4801-000000008600}
ParentProcessId: 11916
ParentImage: C:\Program Files (x86)\Microsoft\Edge\Application\msedge.exe
ParentCommandLine: ""C:\Program Files (x86)\Microsoft\Edge\Application\msedge.exe"" --no-startup-window --win-session-start /prefetch:5
ParentUser: DESKTOP-JP20VPR\BobWe"
Information	1/4/2022 2:35:20 PM	Microsoft-Windows-Sysmon	1	Process Create (rule: ProcessCreate)	S-1-5-18	Microsoft-Windows-Sysmon/Operational		Info	DESKTOP-JP20VPR	14108	3560						00000000-0000-0000-0000-000000000000	00000000-0000-0000-0000-000000000000		"Process Create:
RuleName: -
UtcTime: 2022-01-04 19:35:20.733
ProcessGuid: {ec47ca29-a178-61d4-7a0a-000000008600}
ProcessId: 19912
Image: C:\Program Files (x86)\Microsoft\Edge\Application\msedge.exe
FileVersion: 96.0.1054.62
Description: Microsoft Edge
Product: Microsoft Edge
Company: Microsoft Corporation
OriginalFileName: msedge.exe
CommandLine: ""C:\Program Files (x86)\Microsoft\Edge\Application\msedge.exe"" --type=renderer --disable-client-side-phishing-detection --display-capture-permissions-policy-allowed --field-trial-handle=2308,14150179790966226464,16948066822318633601,131072 --lang=en-US --device-scale-factor=1 --num-raster-threads=4 --enable-main-frame-before-activation --renderer-client-id=199 --mojo-platform-channel-handle=10380 /prefetch:1
CurrentDirectory: C:\Program Files (x86)\Microsoft\Edge\Application\96.0.1054.62\
User: DESKTOP-JP20VPR\BobWe
LogonGuid: {ec47ca29-70bf-61d3-9db4-020000000000}
LogonId: 0x2B49D
TerminalSessionId: 1
IntegrityLevel: Low
Hashes: SHA256=18A839142796D6E4D0FA44F5A75E0CD79CC5C1A5FDE39B7CC00FAEC50A899B6D
ParentProcessGuid: {ec47ca29-70db-61d3-4801-000000008600}
ParentProcessId: 11916
ParentImage: C:\Program Files (x86)\Microsoft\Edge\Application\msedge.exe
ParentCommandLine: ""C:\Program Files (x86)\Microsoft\Edge\Application\msedge.exe"" --no-startup-window --win-session-start /prefetch:5
ParentUser: DESKTOP-JP20VPR\BobWe"
Information	1/4/2022 2:35:20 PM	Microsoft-Windows-Sysmon	1	Process Create (rule: ProcessCreate)	S-1-5-18	Microsoft-Windows-Sysmon/Operational		Info	DESKTOP-JP20VPR	14108	3560						00000000-0000-0000-0000-000000000000	00000000-0000-0000-0000-000000000000		"Process Create:
RuleName: -
UtcTime: 2022-01-04 19:35:20.729
ProcessGuid: {ec47ca29-a178-61d4-790a-000000008600}
ProcessId: 19980
Image: C:\Program Files (x86)\Microsoft\Edge\Application\msedge.exe
FileVersion: 96.0.1054.62
Description: Microsoft Edge
Product: Microsoft Edge
Company: Microsoft Corporation
OriginalFileName: msedge.exe
CommandLine: ""C:\Program Files (x86)\Microsoft\Edge\Application\msedge.exe"" --type=renderer --disable-client-side-phishing-detection --display-capture-permissions-policy-allowed --field-trial-handle=2308,14150179790966226464,16948066822318633601,131072 --lang=en-US --device-scale-factor=1 --num-raster-threads=4 --enable-main-frame-before-activation --renderer-client-id=198 --mojo-platform-channel-handle=10356 /prefetch:1
CurrentDirectory: C:\Program Files (x86)\Microsoft\Edge\Application\96.0.1054.62\
User: DESKTOP-JP20VPR\BobWe
LogonGuid: {ec47ca29-70bf-61d3-9db4-020000000000}
LogonId: 0x2B49D
TerminalSessionId: 1
IntegrityLevel: Low
Hashes: SHA256=18A839142796D6E4D0FA44F5A75E0CD79CC5C1A5FDE39B7CC00FAEC50A899B6D
ParentProcessGuid: {ec47ca29-70db-61d3-4801-000000008600}
ParentProcessId: 11916
ParentImage: C:\Program Files (x86)\Microsoft\Edge\Application\msedge.exe
ParentCommandLine: ""C:\Program Files (x86)\Microsoft\Edge\Application\msedge.exe"" --no-startup-window --win-session-start /prefetch:5
ParentUser: DESKTOP-JP20VPR\BobWe"
Information	1/4/2022 2:35:12 PM	Microsoft-Windows-Sysmon	5	Process terminated (rule: ProcessTerminate)	S-1-5-18	Microsoft-Windows-Sysmon/Operational		Info	DESKTOP-JP20VPR	14108	3560						00000000-0000-0000-0000-000000000000	00000000-0000-0000-0000-000000000000		"Process terminated:
RuleName: -
UtcTime: 2022-01-04 19:35:12.369
ProcessGuid: {ec47ca29-a161-61d4-740a-000000008600}
ProcessId: 9892
Image: C:\Program Files (x86)\Microsoft\Edge\Application\msedge.exe
User: DESKTOP-JP20VPR\BobWe"
Information	1/4/2022 2:35:11 PM	Microsoft-Windows-Sysmon	5	Process terminated (rule: ProcessTerminate)	S-1-5-18	Microsoft-Windows-Sysmon/Operational		Info	DESKTOP-JP20VPR	14108	3560						00000000-0000-0000-0000-000000000000	00000000-0000-0000-0000-000000000000		"Process terminated:
RuleName: -
UtcTime: 2022-01-04 19:35:11.893
ProcessGuid: {ec47ca29-a16d-61d4-750a-000000008600}
ProcessId: 8552
Image: C:\Program Files (x86)\Microsoft\Edge\Application\msedge.exe
User: DESKTOP-JP20VPR\BobWe"
Information	1/4/2022 2:35:11 PM	Microsoft-Windows-Sysmon	5	Process terminated (rule: ProcessTerminate)	S-1-5-18	Microsoft-Windows-Sysmon/Operational		Info	DESKTOP-JP20VPR	14108	3560						00000000-0000-0000-0000-000000000000	00000000-0000-0000-0000-000000000000		"Process terminated:
RuleName: -
UtcTime: 2022-01-04 19:35:11.893
ProcessGuid: {ec47ca29-a16d-61d4-760a-000000008600}
ProcessId: 20952
Image: C:\Program Files (x86)\Microsoft\Edge\Application\msedge.exe
User: DESKTOP-JP20VPR\BobWe"
Information	1/4/2022 2:35:11 PM	Microsoft-Windows-Sysmon	5	Process terminated (rule: ProcessTerminate)	S-1-5-18	Microsoft-Windows-Sysmon/Operational		Info	DESKTOP-JP20VPR	14108	3560						00000000-0000-0000-0000-000000000000	00000000-0000-0000-0000-000000000000		"Process terminated:
RuleName: -
UtcTime: 2022-01-04 19:35:11.893
ProcessGuid: {ec47ca29-a16d-61d4-770a-000000008600}
ProcessId: 20576
Image: C:\Program Files (x86)\Microsoft\Edge\Application\msedge.exe
User: DESKTOP-JP20VPR\BobWe"
Information	1/4/2022 2:35:09 PM	Microsoft-Windows-Sysmon	1	Process Create (rule: ProcessCreate)	S-1-5-18	Microsoft-Windows-Sysmon/Operational		Info	DESKTOP-JP20VPR	14108	3560						00000000-0000-0000-0000-000000000000	00000000-0000-0000-0000-000000000000		"Process Create:
RuleName: -
UtcTime: 2022-01-04 19:35:09.150
ProcessGuid: {ec47ca29-a16d-61d4-780a-000000008600}
ProcessId: 13508
Image: C:\Program Files (x86)\Microsoft\Edge\Application\msedge.exe
FileVersion: 96.0.1054.62
Description: Microsoft Edge
Product: Microsoft Edge
Company: Microsoft Corporation
OriginalFileName: msedge.exe
CommandLine: ""C:\Program Files (x86)\Microsoft\Edge\Application\msedge.exe"" --type=renderer --disable-client-side-phishing-detection --display-capture-permissions-policy-allowed --field-trial-handle=2308,14150179790966226464,16948066822318633601,131072 --lang=en-US --device-scale-factor=1 --num-raster-threads=4 --enable-main-frame-before-activation --renderer-client-id=197 --mojo-platform-channel-handle=10324 /prefetch:1
CurrentDirectory: C:\Program Files (x86)\Microsoft\Edge\Application\96.0.1054.62\
User: DESKTOP-JP20VPR\BobWe
LogonGuid: {ec47ca29-70bf-61d3-9db4-020000000000}
LogonId: 0x2B49D
TerminalSessionId: 1
IntegrityLevel: Low
Hashes: SHA256=18A839142796D6E4D0FA44F5A75E0CD79CC5C1A5FDE39B7CC00FAEC50A899B6D
ParentProcessGuid: {ec47ca29-70db-61d3-4801-000000008600}
ParentProcessId: 11916
ParentImage: C:\Program Files (x86)\Microsoft\Edge\Application\msedge.exe
ParentCommandLine: ""C:\Program Files (x86)\Microsoft\Edge\Application\msedge.exe"" --no-startup-window --win-session-start /prefetch:5
ParentUser: DESKTOP-JP20VPR\BobWe"
Information	1/4/2022 2:35:09 PM	Microsoft-Windows-Sysmon	1	Process Create (rule: ProcessCreate)	S-1-5-18	Microsoft-Windows-Sysmon/Operational		Info	DESKTOP-JP20VPR	14108	3560						00000000-0000-0000-0000-000000000000	00000000-0000-0000-0000-000000000000		"Process Create:
RuleName: -
UtcTime: 2022-01-04 19:35:09.140
ProcessGuid: {ec47ca29-a16d-61d4-770a-000000008600}
ProcessId: 20576
Image: C:\Program Files (x86)\Microsoft\Edge\Application\msedge.exe
FileVersion: 96.0.1054.62
Description: Microsoft Edge
Product: Microsoft Edge
Company: Microsoft Corporation
OriginalFileName: msedge.exe
CommandLine: ""C:\Program Files (x86)\Microsoft\Edge\Application\msedge.exe"" --type=renderer --disable-client-side-phishing-detection --display-capture-permissions-policy-allowed --field-trial-handle=2308,14150179790966226464,16948066822318633601,131072 --lang=en-US --device-scale-factor=1 --num-raster-threads=4 --enable-main-frame-before-activation --renderer-client-id=196 --mojo-platform-channel-handle=10452 /prefetch:1
CurrentDirectory: C:\Program Files (x86)\Microsoft\Edge\Application\96.0.1054.62\
User: DESKTOP-JP20VPR\BobWe
LogonGuid: {ec47ca29-70bf-61d3-9db4-020000000000}
LogonId: 0x2B49D
TerminalSessionId: 1
IntegrityLevel: Low
Hashes: SHA256=18A839142796D6E4D0FA44F5A75E0CD79CC5C1A5FDE39B7CC00FAEC50A899B6D
ParentProcessGuid: {ec47ca29-70db-61d3-4801-000000008600}
ParentProcessId: 11916
ParentImage: C:\Program Files (x86)\Microsoft\Edge\Application\msedge.exe
ParentCommandLine: ""C:\Program Files (x86)\Microsoft\Edge\Application\msedge.exe"" --no-startup-window --win-session-start /prefetch:5
ParentUser: DESKTOP-JP20VPR\BobWe"
Information	1/4/2022 2:35:09 PM	Microsoft-Windows-Sysmon	1	Process Create (rule: ProcessCreate)	S-1-5-18	Microsoft-Windows-Sysmon/Operational		Info	DESKTOP-JP20VPR	14108	3560						00000000-0000-0000-0000-000000000000	00000000-0000-0000-0000-000000000000		"Process Create:
RuleName: -
UtcTime: 2022-01-04 19:35:09.134
ProcessGuid: {ec47ca29-a16d-61d4-760a-000000008600}
ProcessId: 20952
Image: C:\Program Files (x86)\Microsoft\Edge\Application\msedge.exe
FileVersion: 96.0.1054.62
Description: Microsoft Edge
Product: Microsoft Edge
Company: Microsoft Corporation
OriginalFileName: msedge.exe
CommandLine: ""C:\Program Files (x86)\Microsoft\Edge\Application\msedge.exe"" --type=renderer --disable-client-side-phishing-detection --display-capture-permissions-policy-allowed --field-trial-handle=2308,14150179790966226464,16948066822318633601,131072 --lang=en-US --device-scale-factor=1 --num-raster-threads=4 --enable-main-frame-before-activation --renderer-client-id=195 --mojo-platform-channel-handle=5044 /prefetch:1
CurrentDirectory: C:\Program Files (x86)\Microsoft\Edge\Application\96.0.1054.62\
User: DESKTOP-JP20VPR\BobWe
LogonGuid: {ec47ca29-70bf-61d3-9db4-020000000000}
LogonId: 0x2B49D
TerminalSessionId: 1
IntegrityLevel: Low
Hashes: SHA256=18A839142796D6E4D0FA44F5A75E0CD79CC5C1A5FDE39B7CC00FAEC50A899B6D
ParentProcessGuid: {ec47ca29-70db-61d3-4801-000000008600}
ParentProcessId: 11916
ParentImage: C:\Program Files (x86)\Microsoft\Edge\Application\msedge.exe
ParentCommandLine: ""C:\Program Files (x86)\Microsoft\Edge\Application\msedge.exe"" --no-startup-window --win-session-start /prefetch:5
ParentUser: DESKTOP-JP20VPR\BobWe"
Information	1/4/2022 2:35:09 PM	Microsoft-Windows-Sysmon	1	Process Create (rule: ProcessCreate)	S-1-5-18	Microsoft-Windows-Sysmon/Operational		Info	DESKTOP-JP20VPR	14108	3560						00000000-0000-0000-0000-000000000000	00000000-0000-0000-0000-000000000000		"Process Create:
RuleName: -
UtcTime: 2022-01-04 19:35:09.129
ProcessGuid: {ec47ca29-a16d-61d4-750a-000000008600}
ProcessId: 8552
Image: C:\Program Files (x86)\Microsoft\Edge\Application\msedge.exe
FileVersion: 96.0.1054.62
Description: Microsoft Edge
Product: Microsoft Edge
Company: Microsoft Corporation
OriginalFileName: msedge.exe
CommandLine: ""C:\Program Files (x86)\Microsoft\Edge\Application\msedge.exe"" --type=renderer --disable-client-side-phishing-detection --display-capture-permissions-policy-allowed --field-trial-handle=2308,14150179790966226464,16948066822318633601,131072 --lang=en-US --device-scale-factor=1 --num-raster-threads=4 --enable-main-frame-before-activation --renderer-client-id=194 --mojo-platform-channel-handle=5388 /prefetch:1
CurrentDirectory: C:\Program Files (x86)\Microsoft\Edge\Application\96.0.1054.62\
User: DESKTOP-JP20VPR\BobWe
LogonGuid: {ec47ca29-70bf-61d3-9db4-020000000000}
LogonId: 0x2B49D
TerminalSessionId: 1
IntegrityLevel: Low
Hashes: SHA256=18A839142796D6E4D0FA44F5A75E0CD79CC5C1A5FDE39B7CC00FAEC50A899B6D
ParentProcessGuid: {ec47ca29-70db-61d3-4801-000000008600}
ParentProcessId: 11916
ParentImage: C:\Program Files (x86)\Microsoft\Edge\Application\msedge.exe
ParentCommandLine: ""C:\Program Files (x86)\Microsoft\Edge\Application\msedge.exe"" --no-startup-window --win-session-start /prefetch:5
ParentUser: DESKTOP-JP20VPR\BobWe"
Information	1/4/2022 2:35:00 PM	Microsoft-Windows-Sysmon	5	Process terminated (rule: ProcessTerminate)	S-1-5-18	Microsoft-Windows-Sysmon/Operational		Info	DESKTOP-JP20VPR	14108	3560						00000000-0000-0000-0000-000000000000	00000000-0000-0000-0000-000000000000		"Process terminated:
RuleName: -
UtcTime: 2022-01-04 19:35:00.716
ProcessGuid: {ec47ca29-a161-61d4-720a-000000008600}
ProcessId: 2236
Image: C:\Program Files (x86)\Microsoft\Edge\Application\msedge.exe
User: DESKTOP-JP20VPR\BobWe"
