Information	1/4/2022 2:30:51 PM	Microsoft-Windows-Sysmon	1	Process Create (rule: ProcessCreate)	S-1-5-18	Microsoft-Windows-Sysmon/Operational		Info	DESKTOP-JP20VPR	14108	3560						00000000-0000-0000-0000-000000000000	00000000-0000-0000-0000-000000000000		"Process Create:
RuleName: -
UtcTime: 2022-01-04 19:30:51.526
ProcessGuid: {ec47ca29-a06b-61d4-e809-000000008600}
ProcessId: 2016
Image: C:\Program Files\Git\mingw64\bin\git.exe
FileVersion: -
Description: Git for Windows
Product: Git
Company: The Git Development Community
OriginalFileName: git.exe
CommandLine: git.exe -c core.quotepath=false -c log.showSignature=false config --null --get user.name
CurrentDirectory: C:\Users\BobWe\OneDrive\Desktop\Projects\Projects2021\RummikubSimulator\
User: DESKTOP-JP20VPR\BobWe
LogonGuid: {ec47ca29-70bf-61d3-9db4-020000000000}
LogonId: 0x2B49D
TerminalSessionId: 1
IntegrityLevel: Medium
Hashes: SHA256=24A968B7F02C5B1168871E187F2C790B5D9511496226AD98327F9301532ED3D4
ParentProcessGuid: {ec47ca29-a06b-61d4-e409-000000008600}
ParentProcessId: 15600
ParentImage: C:\Program Files\Git\cmd\git.exe
ParentCommandLine: ""C:\Program Files\Git\cmd\git.exe"" -c core.quotepath=false -c log.showSignature=false config --null --get user.name
ParentUser: DESKTOP-JP20VPR\BobWe"
Information	1/4/2022 2:30:51 PM	Microsoft-Windows-Sysmon	1	Process Create (rule: ProcessCreate)	S-1-5-18	Microsoft-Windows-Sysmon/Operational		Info	DESKTOP-JP20VPR	14108	3560						00000000-0000-0000-0000-000000000000	00000000-0000-0000-0000-000000000000		"Process Create:
RuleName: -
UtcTime: 2022-01-04 19:30:51.523
ProcessGuid: {ec47ca29-a06b-61d4-e709-000000008600}
ProcessId: 9920
Image: C:\Program Files\Git\cmd\git.exe
FileVersion: -
Description: Git for Windows
Product: Git
Company: The Git Development Community
OriginalFileName: git.exe
CommandLine: ""C:\Program Files\Git\cmd\git.exe"" -c credential.helper= -c core.quotepath=false -c log.showSignature=false status --porcelain -z --untracked-files=no --ignored=no -- .
CurrentDirectory: C:\Users\BobWe\OneDrive\Desktop\Projects\Projects2021\RummikubSimulator\
User: DESKTOP-JP20VPR\BobWe
LogonGuid: {ec47ca29-70bf-61d3-9db4-020000000000}
LogonId: 0x2B49D
TerminalSessionId: 1
IntegrityLevel: Medium
Hashes: SHA256=E5326C66D1FE8E8C66CCFE39068A450A7B8E1713F17957FC8FC947AF96386FC2
ParentProcessGuid: {ec47ca29-a06b-61d4-e109-000000008600}
ParentProcessId: 1524
ParentImage: D:\Program Files\JetBrains\PyCharm Community Edition 2021.2.3\bin\runnerw.exe
ParentCommandLine: ""D:\Program Files\JetBrains\PyCharm Community Edition 2021.2.3\bin\runnerw.exe"" ""C:\Program Files\Git\cmd\git.exe"" -c credential.helper= -c core.quotepath=false -c log.showSignature=false status --porcelain -z --untracked-files=no --ignored=no -- .
ParentUser: DESKTOP-JP20VPR\BobWe"
Information	1/4/2022 2:30:51 PM	Microsoft-Windows-Sysmon	1	Process Create (rule: ProcessCreate)	S-1-5-18	Microsoft-Windows-Sysmon/Operational		Info	DESKTOP-JP20VPR	14108	3560						00000000-0000-0000-0000-000000000000	00000000-0000-0000-0000-000000000000		"Process Create:
RuleName: -
UtcTime: 2022-01-04 19:30:51.521
ProcessGuid: {ec47ca29-a06b-61d4-e509-000000008600}
ProcessId: 1952
Image: C:\Program Files\Git\cmd\git.exe
FileVersion: -
Description: Git for Windows
Product: Git
Company: The Git Development Community
OriginalFileName: git.exe
CommandLine: ""C:\Program Files\Git\cmd\git.exe"" -c core.quotepath=false -c log.showSignature=false config commit.template
CurrentDirectory: C:\Users\BobWe\OneDrive\Desktop\Projects\Projects2021\RummikubSimulator\
User: DESKTOP-JP20VPR\BobWe
LogonGuid: {ec47ca29-70bf-61d3-9db4-020000000000}
LogonId: 0x2B49D
TerminalSessionId: 1
IntegrityLevel: Medium
Hashes: SHA256=E5326C66D1FE8E8C66CCFE39068A450A7B8E1713F17957FC8FC947AF96386FC2
ParentProcessGuid: {ec47ca29-a06b-61d4-df09-000000008600}
ParentProcessId: 3832
ParentImage: D:\Program Files\JetBrains\PyCharm Community Edition 2021.2.3\bin\runnerw.exe
ParentCommandLine: ""D:\Program Files\JetBrains\PyCharm Community Edition 2021.2.3\bin\runnerw.exe"" ""C:\Program Files\Git\cmd\git.exe"" -c core.quotepath=false -c log.showSignature=false config commit.template
ParentUser: DESKTOP-JP20VPR\BobWe"
Information	1/4/2022 2:30:51 PM	Microsoft-Windows-Sysmon	1	Process Create (rule: ProcessCreate)	S-1-5-18	Microsoft-Windows-Sysmon/Operational		Info	DESKTOP-JP20VPR	14108	3560						00000000-0000-0000-0000-000000000000	00000000-0000-0000-0000-000000000000		"Process Create:
RuleName: -
UtcTime: 2022-01-04 19:30:51.521
ProcessGuid: {ec47ca29-a06b-61d4-e609-000000008600}
ProcessId: 1604
Image: C:\Program Files\Git\cmd\git.exe
FileVersion: -
Description: Git for Windows
Product: Git
Company: The Git Development Community
OriginalFileName: git.exe
CommandLine: ""C:\Program Files\Git\cmd\git.exe"" -c credential.helper= -c core.quotepath=false -c log.showSignature=false status --porcelain -z --no-renames --untracked-files=all --ignored=matching --
CurrentDirectory: C:\Users\BobWe\OneDrive\Desktop\Projects\Projects2021\RummikubSimulator\
User: DESKTOP-JP20VPR\BobWe
LogonGuid: {ec47ca29-70bf-61d3-9db4-020000000000}
LogonId: 0x2B49D
TerminalSessionId: 1
IntegrityLevel: Medium
Hashes: SHA256=E5326C66D1FE8E8C66CCFE39068A450A7B8E1713F17957FC8FC947AF96386FC2
ParentProcessGuid: {ec47ca29-a06b-61d4-dd09-000000008600}
ParentProcessId: 15164
ParentImage: D:\Program Files\JetBrains\PyCharm Community Edition 2021.2.3\bin\runnerw.exe
ParentCommandLine: ""D:\Program Files\JetBrains\PyCharm Community Edition 2021.2.3\bin\runnerw.exe"" ""C:\Program Files\Git\cmd\git.exe"" -c credential.helper= -c core.quotepath=false -c log.showSignature=false status --porcelain -z --no-renames --untracked-files=all --ignored=matching --
ParentUser: DESKTOP-JP20VPR\BobWe"
Information	1/4/2022 2:30:51 PM	Microsoft-Windows-Sysmon	1	Process Create (rule: ProcessCreate)	S-1-5-18	Microsoft-Windows-Sysmon/Operational		Info	DESKTOP-JP20VPR	14108	3560						00000000-0000-0000-0000-000000000000	00000000-0000-0000-0000-000000000000		"Process Create:
RuleName: -
UtcTime: 2022-01-04 19:30:51.519
ProcessGuid: {ec47ca29-a06b-61d4-e409-000000008600}
ProcessId: 15600
Image: C:\Program Files\Git\cmd\git.exe
FileVersion: -
Description: Git for Windows
Product: Git
Company: The Git Development Community
OriginalFileName: git.exe
CommandLine: ""C:\Program Files\Git\cmd\git.exe"" -c core.quotepath=false -c log.showSignature=false config --null --get user.name
CurrentDirectory: C:\Users\BobWe\OneDrive\Desktop\Projects\Projects2021\RummikubSimulator\
User: DESKTOP-JP20VPR\BobWe
LogonGuid: {ec47ca29-70bf-61d3-9db4-020000000000}
LogonId: 0x2B49D
TerminalSessionId: 1
IntegrityLevel: Medium
Hashes: SHA256=E5326C66D1FE8E8C66CCFE39068A450A7B8E1713F17957FC8FC947AF96386FC2
ParentProcessGuid: {ec47ca29-a06b-61d4-dc09-000000008600}
ParentProcessId: 920
ParentImage: D:\Program Files\JetBrains\PyCharm Community Edition 2021.2.3\bin\runnerw.exe
ParentCommandLine: ""D:\Program Files\JetBrains\PyCharm Community Edition 2021.2.3\bin\runnerw.exe"" ""C:\Program Files\Git\cmd\git.exe"" -c core.quotepath=false -c log.showSignature=false config --null --get user.name
ParentUser: DESKTOP-JP20VPR\BobWe"
Information	1/4/2022 2:30:51 PM	Microsoft-Windows-Sysmon	1	Process Create (rule: ProcessCreate)	S-1-5-18	Microsoft-Windows-Sysmon/Operational		Info	DESKTOP-JP20VPR	14108	3560						00000000-0000-0000-0000-000000000000	00000000-0000-0000-0000-000000000000		"Process Create:
RuleName: -
UtcTime: 2022-01-04 19:30:51.500
ProcessGuid: {ec47ca29-a06b-61d4-e309-000000008600}
ProcessId: 5412
Image: C:\Windows\System32\conhost.exe
FileVersion: 10.0.19041.1320 (WinBuild.160101.0800)
Description: Console Window Host
Product: Microsoft® Windows® Operating System
Company: Microsoft Corporation
OriginalFileName: CONHOST.EXE
CommandLine: \??\C:\Windows\system32\conhost.exe 0xffffffff -ForceV1
CurrentDirectory: C:\Windows
User: DESKTOP-JP20VPR\BobWe
LogonGuid: {ec47ca29-70bf-61d3-9db4-020000000000}
LogonId: 0x2B49D
TerminalSessionId: 1
IntegrityLevel: Medium
Hashes: SHA256=22117361C2C34CB18BEEE2CA9770B3AA6C8D032A0941991454DD222BEC6D9295
ParentProcessGuid: {ec47ca29-a06b-61d4-e109-000000008600}
ParentProcessId: 1524
ParentImage: D:\Program Files\JetBrains\PyCharm Community Edition 2021.2.3\bin\runnerw.exe
ParentCommandLine: ""D:\Program Files\JetBrains\PyCharm Community Edition 2021.2.3\bin\runnerw.exe"" ""C:\Program Files\Git\cmd\git.exe"" -c credential.helper= -c core.quotepath=false -c log.showSignature=false status --porcelain -z --untracked-files=no --ignored=no -- .
ParentUser: DESKTOP-JP20VPR\BobWe"
Information	1/4/2022 2:30:51 PM	Microsoft-Windows-Sysmon	1	Process Create (rule: ProcessCreate)	S-1-5-18	Microsoft-Windows-Sysmon/Operational		Info	DESKTOP-JP20VPR	14108	3560						00000000-0000-0000-0000-000000000000	00000000-0000-0000-0000-000000000000		"Process Create:
RuleName: -
UtcTime: 2022-01-04 19:30:51.496
ProcessGuid: {ec47ca29-a06b-61d4-e209-000000008600}
ProcessId: 2012
Image: C:\Windows\System32\conhost.exe
FileVersion: 10.0.19041.1320 (WinBuild.160101.0800)
Description: Console Window Host
Product: Microsoft® Windows® Operating System
Company: Microsoft Corporation
OriginalFileName: CONHOST.EXE
CommandLine: \??\C:\Windows\system32\conhost.exe 0xffffffff -ForceV1
CurrentDirectory: C:\Windows
User: DESKTOP-JP20VPR\BobWe
LogonGuid: {ec47ca29-70bf-61d3-9db4-020000000000}
LogonId: 0x2B49D
TerminalSessionId: 1
IntegrityLevel: Medium
Hashes: SHA256=22117361C2C34CB18BEEE2CA9770B3AA6C8D032A0941991454DD222BEC6D9295
ParentProcessGuid: {ec47ca29-a06b-61d4-df09-000000008600}
ParentProcessId: 3832
ParentImage: D:\Program Files\JetBrains\PyCharm Community Edition 2021.2.3\bin\runnerw.exe
ParentCommandLine: ""D:\Program Files\JetBrains\PyCharm Community Edition 2021.2.3\bin\runnerw.exe"" ""C:\Program Files\Git\cmd\git.exe"" -c core.quotepath=false -c log.showSignature=false config commit.template
ParentUser: DESKTOP-JP20VPR\BobWe"
Information	1/4/2022 2:30:51 PM	Microsoft-Windows-Sysmon	1	Process Create (rule: ProcessCreate)	S-1-5-18	Microsoft-Windows-Sysmon/Operational		Info	DESKTOP-JP20VPR	14108	3560						00000000-0000-0000-0000-000000000000	00000000-0000-0000-0000-000000000000		"Process Create:
RuleName: -
UtcTime: 2022-01-04 19:30:51.495
ProcessGuid: {ec47ca29-a06b-61d4-e009-000000008600}
ProcessId: 8340
Image: C:\Windows\System32\conhost.exe
FileVersion: 10.0.19041.1320 (WinBuild.160101.0800)
Description: Console Window Host
Product: Microsoft® Windows® Operating System
Company: Microsoft Corporation
OriginalFileName: CONHOST.EXE
CommandLine: \??\C:\Windows\system32\conhost.exe 0xffffffff -ForceV1
CurrentDirectory: C:\Windows
User: DESKTOP-JP20VPR\BobWe
LogonGuid: {ec47ca29-70bf-61d3-9db4-020000000000}
LogonId: 0x2B49D
TerminalSessionId: 1
IntegrityLevel: Medium
Hashes: SHA256=22117361C2C34CB18BEEE2CA9770B3AA6C8D032A0941991454DD222BEC6D9295
ParentProcessGuid: {ec47ca29-a06b-61d4-dd09-000000008600}
ParentProcessId: 15164
ParentImage: D:\Program Files\JetBrains\PyCharm Community Edition 2021.2.3\bin\runnerw.exe
ParentCommandLine: ""D:\Program Files\JetBrains\PyCharm Community Edition 2021.2.3\bin\runnerw.exe"" ""C:\Program Files\Git\cmd\git.exe"" -c credential.helper= -c core.quotepath=false -c log.showSignature=false status --porcelain -z --no-renames --untracked-files=all --ignored=matching --
ParentUser: DESKTOP-JP20VPR\BobWe"
Information	1/4/2022 2:30:51 PM	Microsoft-Windows-Sysmon	1	Process Create (rule: ProcessCreate)	S-1-5-18	Microsoft-Windows-Sysmon/Operational		Info	DESKTOP-JP20VPR	14108	3560						00000000-0000-0000-0000-000000000000	00000000-0000-0000-0000-000000000000		"Process Create:
RuleName: -
UtcTime: 2022-01-04 19:30:51.493
ProcessGuid: {ec47ca29-a06b-61d4-de09-000000008600}
ProcessId: 17752
Image: C:\Windows\System32\conhost.exe
FileVersion: 10.0.19041.1320 (WinBuild.160101.0800)
Description: Console Window Host
Product: Microsoft® Windows® Operating System
Company: Microsoft Corporation
OriginalFileName: CONHOST.EXE
CommandLine: \??\C:\Windows\system32\conhost.exe 0xffffffff -ForceV1
CurrentDirectory: C:\Windows
User: DESKTOP-JP20VPR\BobWe
LogonGuid: {ec47ca29-70bf-61d3-9db4-020000000000}
LogonId: 0x2B49D
TerminalSessionId: 1
IntegrityLevel: Medium
Hashes: SHA256=22117361C2C34CB18BEEE2CA9770B3AA6C8D032A0941991454DD222BEC6D9295
ParentProcessGuid: {ec47ca29-a06b-61d4-dc09-000000008600}
ParentProcessId: 920
ParentImage: D:\Program Files\JetBrains\PyCharm Community Edition 2021.2.3\bin\runnerw.exe
ParentCommandLine: ""D:\Program Files\JetBrains\PyCharm Community Edition 2021.2.3\bin\runnerw.exe"" ""C:\Program Files\Git\cmd\git.exe"" -c core.quotepath=false -c log.showSignature=false config --null --get user.name
ParentUser: DESKTOP-JP20VPR\BobWe"
Information	1/4/2022 2:30:51 PM	Microsoft-Windows-Sysmon	1	Process Create (rule: ProcessCreate)	S-1-5-18	Microsoft-Windows-Sysmon/Operational		Info	DESKTOP-JP20VPR	14108	3560						00000000-0000-0000-0000-000000000000	00000000-0000-0000-0000-000000000000		"Process Create:
RuleName: -
UtcTime: 2022-01-04 19:30:51.496
ProcessGuid: {ec47ca29-a06b-61d4-e109-000000008600}
ProcessId: 1524
Image: D:\Program Files\JetBrains\PyCharm Community Edition 2021.2.3\bin\runnerw.exe
FileVersion: 1.0.0.1
Description: Command line runner
Product: IntelliJ Platform
Company: JetBrains s.r.o.
OriginalFileName: runnerw.exe
CommandLine: ""D:\Program Files\JetBrains\PyCharm Community Edition 2021.2.3\bin\runnerw.exe"" ""C:\Program Files\Git\cmd\git.exe"" -c credential.helper= -c core.quotepath=false -c log.showSignature=false status --porcelain -z --untracked-files=no --ignored=no -- .
CurrentDirectory: C:\Users\BobWe\OneDrive\Desktop\Projects\Projects2021\RummikubSimulator\
User: DESKTOP-JP20VPR\BobWe
LogonGuid: {ec47ca29-70bf-61d3-9db4-020000000000}
LogonId: 0x2B49D
TerminalSessionId: 1
IntegrityLevel: Medium
Hashes: SHA256=FA90256C0A1FFB19B58D96065AB449ED5DC92B323DCABFD826462AEA6148A309
ParentProcessGuid: {ec47ca29-a04c-61d4-ba09-000000008600}
ParentProcessId: 9976
ParentImage: D:\Program Files\JetBrains\PyCharm Community Edition 2021.2.3\bin\pycharm64.exe
ParentCommandLine: ""D:\Program Files\JetBrains\PyCharm Community Edition 2021.2.3\bin\pycharm64.exe"" 
ParentUser: DESKTOP-JP20VPR\BobWe"
Information	1/4/2022 2:30:51 PM	Microsoft-Windows-Sysmon	1	Process Create (rule: ProcessCreate)	S-1-5-18	Microsoft-Windows-Sysmon/Operational		Info	DESKTOP-JP20VPR	14108	3560						00000000-0000-0000-0000-000000000000	00000000-0000-0000-0000-000000000000		"Process Create:
RuleName: -
UtcTime: 2022-01-04 19:30:51.494
ProcessGuid: {ec47ca29-a06b-61d4-df09-000000008600}
ProcessId: 3832
Image: D:\Program Files\JetBrains\PyCharm Community Edition 2021.2.3\bin\runnerw.exe
FileVersion: 1.0.0.1
Description: Command line runner
Product: IntelliJ Platform
Company: JetBrains s.r.o.
OriginalFileName: runnerw.exe
CommandLine: ""D:\Program Files\JetBrains\PyCharm Community Edition 2021.2.3\bin\runnerw.exe"" ""C:\Program Files\Git\cmd\git.exe"" -c core.quotepath=false -c log.showSignature=false config commit.template
CurrentDirectory: C:\Users\BobWe\OneDrive\Desktop\Projects\Projects2021\RummikubSimulator\
User: DESKTOP-JP20VPR\BobWe
LogonGuid: {ec47ca29-70bf-61d3-9db4-020000000000}
LogonId: 0x2B49D
TerminalSessionId: 1
IntegrityLevel: Medium
Hashes: SHA256=FA90256C0A1FFB19B58D96065AB449ED5DC92B323DCABFD826462AEA6148A309
ParentProcessGuid: {ec47ca29-a04c-61d4-ba09-000000008600}
ParentProcessId: 9976
ParentImage: D:\Program Files\JetBrains\PyCharm Community Edition 2021.2.3\bin\pycharm64.exe
ParentCommandLine: ""D:\Program Files\JetBrains\PyCharm Community Edition 2021.2.3\bin\pycharm64.exe"" 
ParentUser: DESKTOP-JP20VPR\BobWe"
Information	1/4/2022 2:30:51 PM	Microsoft-Windows-Sysmon	1	Process Create (rule: ProcessCreate)	S-1-5-18	Microsoft-Windows-Sysmon/Operational		Info	DESKTOP-JP20VPR	14108	3560						00000000-0000-0000-0000-000000000000	00000000-0000-0000-0000-000000000000		"Process Create:
RuleName: -
UtcTime: 2022-01-04 19:30:51.493
ProcessGuid: {ec47ca29-a06b-61d4-dd09-000000008600}
ProcessId: 15164
Image: D:\Program Files\JetBrains\PyCharm Community Edition 2021.2.3\bin\runnerw.exe
FileVersion: 1.0.0.1
Description: Command line runner
Product: IntelliJ Platform
Company: JetBrains s.r.o.
OriginalFileName: runnerw.exe
CommandLine: ""D:\Program Files\JetBrains\PyCharm Community Edition 2021.2.3\bin\runnerw.exe"" ""C:\Program Files\Git\cmd\git.exe"" -c credential.helper= -c core.quotepath=false -c log.showSignature=false status --porcelain -z --no-renames --untracked-files=all --ignored=matching --
CurrentDirectory: C:\Users\BobWe\OneDrive\Desktop\Projects\Projects2021\RummikubSimulator\
User: DESKTOP-JP20VPR\BobWe
LogonGuid: {ec47ca29-70bf-61d3-9db4-020000000000}
LogonId: 0x2B49D
TerminalSessionId: 1
IntegrityLevel: Medium
Hashes: SHA256=FA90256C0A1FFB19B58D96065AB449ED5DC92B323DCABFD826462AEA6148A309
ParentProcessGuid: {ec47ca29-a04c-61d4-ba09-000000008600}
ParentProcessId: 9976
ParentImage: D:\Program Files\JetBrains\PyCharm Community Edition 2021.2.3\bin\pycharm64.exe
ParentCommandLine: ""D:\Program Files\JetBrains\PyCharm Community Edition 2021.2.3\bin\pycharm64.exe"" 
ParentUser: DESKTOP-JP20VPR\BobWe"
Information	1/4/2022 2:30:51 PM	Microsoft-Windows-Sysmon	1	Process Create (rule: ProcessCreate)	S-1-5-18	Microsoft-Windows-Sysmon/Operational		Info	DESKTOP-JP20VPR	14108	3560						00000000-0000-0000-0000-000000000000	00000000-0000-0000-0000-000000000000		"Process Create:
RuleName: -
UtcTime: 2022-01-04 19:30:51.491
ProcessGuid: {ec47ca29-a06b-61d4-dc09-000000008600}
ProcessId: 920
Image: D:\Program Files\JetBrains\PyCharm Community Edition 2021.2.3\bin\runnerw.exe
FileVersion: 1.0.0.1
Description: Command line runner
Product: IntelliJ Platform
Company: JetBrains s.r.o.
OriginalFileName: runnerw.exe
CommandLine: ""D:\Program Files\JetBrains\PyCharm Community Edition 2021.2.3\bin\runnerw.exe"" ""C:\Program Files\Git\cmd\git.exe"" -c core.quotepath=false -c log.showSignature=false config --null --get user.name
CurrentDirectory: C:\Users\BobWe\OneDrive\Desktop\Projects\Projects2021\RummikubSimulator\
User: DESKTOP-JP20VPR\BobWe
LogonGuid: {ec47ca29-70bf-61d3-9db4-020000000000}
LogonId: 0x2B49D
TerminalSessionId: 1
IntegrityLevel: Medium
Hashes: SHA256=FA90256C0A1FFB19B58D96065AB449ED5DC92B323DCABFD826462AEA6148A309
ParentProcessGuid: {ec47ca29-a04c-61d4-ba09-000000008600}
ParentProcessId: 9976
ParentImage: D:\Program Files\JetBrains\PyCharm Community Edition 2021.2.3\bin\pycharm64.exe
ParentCommandLine: ""D:\Program Files\JetBrains\PyCharm Community Edition 2021.2.3\bin\pycharm64.exe"" 
ParentUser: DESKTOP-JP20VPR\BobWe"
Information	1/4/2022 2:30:51 PM	Microsoft-Windows-Sysmon	5	Process terminated (rule: ProcessTerminate)	S-1-5-18	Microsoft-Windows-Sysmon/Operational		Info	DESKTOP-JP20VPR	14108	3560						00000000-0000-0000-0000-000000000000	00000000-0000-0000-0000-000000000000		"Process terminated:
RuleName: -
UtcTime: 2022-01-04 19:30:51.487
ProcessGuid: {ec47ca29-a066-61d4-d509-000000008600}
ProcessId: 16864
Image: C:\Windows\System32\conhost.exe
User: DESKTOP-JP20VPR\BobWe"
Information	1/4/2022 2:30:51 PM	Microsoft-Windows-Sysmon	5	Process terminated (rule: ProcessTerminate)	S-1-5-18	Microsoft-Windows-Sysmon/Operational		Info	DESKTOP-JP20VPR	14108	3560						00000000-0000-0000-0000-000000000000	00000000-0000-0000-0000-000000000000		"Process terminated:
RuleName: -
UtcTime: 2022-01-04 19:30:51.487
ProcessGuid: {ec47ca29-a065-61d4-c909-000000008600}
ProcessId: 14980
Image: C:\Windows\System32\conhost.exe
User: DESKTOP-JP20VPR\BobWe"
Information	1/4/2022 2:30:51 PM	Microsoft-Windows-Sysmon	5	Process terminated (rule: ProcessTerminate)	S-1-5-18	Microsoft-Windows-Sysmon/Operational		Info	DESKTOP-JP20VPR	14108	3560						00000000-0000-0000-0000-000000000000	00000000-0000-0000-0000-000000000000		"Process terminated:
RuleName: -
UtcTime: 2022-01-04 19:30:51.485
ProcessGuid: {ec47ca29-a066-61d4-d409-000000008600}
ProcessId: 2280
Image: C:\Windows\System32\cmd.exe
User: DESKTOP-JP20VPR\BobWe"
Information	1/4/2022 2:30:51 PM	Microsoft-Windows-Sysmon	5	Process terminated (rule: ProcessTerminate)	S-1-5-18	Microsoft-Windows-Sysmon/Operational		Info	DESKTOP-JP20VPR	14108	3560						00000000-0000-0000-0000-000000000000	00000000-0000-0000-0000-000000000000		"Process terminated:
RuleName: -
UtcTime: 2022-01-04 19:30:51.485
ProcessGuid: {ec47ca29-a065-61d4-c809-000000008600}
ProcessId: 19400
Image: C:\Windows\System32\cmd.exe
User: DESKTOP-JP20VPR\BobWe"
Information	1/4/2022 2:30:51 PM	Microsoft-Windows-Sysmon	5	Process terminated (rule: ProcessTerminate)	S-1-5-18	Microsoft-Windows-Sysmon/Operational		Info	DESKTOP-JP20VPR	14108	3560						00000000-0000-0000-0000-000000000000	00000000-0000-0000-0000-000000000000		"Process terminated:
RuleName: -
UtcTime: 2022-01-04 19:30:51.476
ProcessGuid: {ec47ca29-a06b-61d4-d809-000000008600}
ProcessId: 19024
Image: D:\Program Files\JetBrains\PyCharm Community Edition 2021.2.3\jbr\bin\java.exe
User: DESKTOP-JP20VPR\BobWe"
Information	1/4/2022 2:30:51 PM	Microsoft-Windows-Sysmon	5	Process terminated (rule: ProcessTerminate)	S-1-5-18	Microsoft-Windows-Sysmon/Operational		Info	DESKTOP-JP20VPR	14108	3560						00000000-0000-0000-0000-000000000000	00000000-0000-0000-0000-000000000000		"Process terminated:
RuleName: -
UtcTime: 2022-01-04 19:30:51.476
ProcessGuid: {ec47ca29-a06b-61d4-db09-000000008600}
ProcessId: 14456
Image: D:\Program Files\JetBrains\PyCharm Community Edition 2021.2.3\jbr\bin\java.exe
User: DESKTOP-JP20VPR\BobWe"
Information	1/4/2022 2:30:51 PM	Microsoft-Windows-Sysmon	5	Process terminated (rule: ProcessTerminate)	S-1-5-18	Microsoft-Windows-Sysmon/Operational		Info	DESKTOP-JP20VPR	14108	3560						00000000-0000-0000-0000-000000000000	00000000-0000-0000-0000-000000000000		"Process terminated:
RuleName: -
UtcTime: 2022-01-04 19:30:51.472
ProcessGuid: {ec47ca29-a066-61d4-d109-000000008600}
ProcessId: 16888
Image: C:\Windows\System32\conhost.exe
User: DESKTOP-JP20VPR\BobWe"
Information	1/4/2022 2:30:51 PM	Microsoft-Windows-Sysmon	5	Process terminated (rule: ProcessTerminate)	S-1-5-18	Microsoft-Windows-Sysmon/Operational		Info	DESKTOP-JP20VPR	14108	3560						00000000-0000-0000-0000-000000000000	00000000-0000-0000-0000-000000000000		"Process terminated:
RuleName: -
UtcTime: 2022-01-04 19:30:51.471
ProcessGuid: {ec47ca29-a066-61d4-cd09-000000008600}
ProcessId: 8236
Image: C:\Windows\System32\conhost.exe
User: DESKTOP-JP20VPR\BobWe"
Information	1/4/2022 2:30:51 PM	Microsoft-Windows-Sysmon	5	Process terminated (rule: ProcessTerminate)	S-1-5-18	Microsoft-Windows-Sysmon/Operational		Info	DESKTOP-JP20VPR	14108	3560						00000000-0000-0000-0000-000000000000	00000000-0000-0000-0000-000000000000		"Process terminated:
RuleName: -
UtcTime: 2022-01-04 19:30:51.469
ProcessGuid: {ec47ca29-a066-61d4-d009-000000008600}
ProcessId: 16320
Image: C:\Windows\System32\cmd.exe
User: DESKTOP-JP20VPR\BobWe"
Information	1/4/2022 2:30:51 PM	Microsoft-Windows-Sysmon	5	Process terminated (rule: ProcessTerminate)	S-1-5-18	Microsoft-Windows-Sysmon/Operational		Info	DESKTOP-JP20VPR	14108	3560						00000000-0000-0000-0000-000000000000	00000000-0000-0000-0000-000000000000		"Process terminated:
RuleName: -
UtcTime: 2022-01-04 19:30:51.469
ProcessGuid: {ec47ca29-a066-61d4-cc09-000000008600}
ProcessId: 3984
Image: C:\Windows\System32\cmd.exe
User: DESKTOP-JP20VPR\BobWe"
Information	1/4/2022 2:30:51 PM	Microsoft-Windows-Sysmon	5	Process terminated (rule: ProcessTerminate)	S-1-5-18	Microsoft-Windows-Sysmon/Operational		Info	DESKTOP-JP20VPR	14108	3560						00000000-0000-0000-0000-000000000000	00000000-0000-0000-0000-000000000000		"Process terminated:
RuleName: -
UtcTime: 2022-01-04 19:30:51.461
ProcessGuid: {ec47ca29-a06b-61d4-da09-000000008600}
ProcessId: 2960
Image: D:\Program Files\JetBrains\PyCharm Community Edition 2021.2.3\jbr\bin\java.exe
User: DESKTOP-JP20VPR\BobWe"
Information	1/4/2022 2:30:51 PM	Microsoft-Windows-Sysmon	5	Process terminated (rule: ProcessTerminate)	S-1-5-18	Microsoft-Windows-Sysmon/Operational		Info	DESKTOP-JP20VPR	14108	3560						00000000-0000-0000-0000-000000000000	00000000-0000-0000-0000-000000000000		"Process terminated:
RuleName: -
UtcTime: 2022-01-04 19:30:51.461
ProcessGuid: {ec47ca29-a06b-61d4-d909-000000008600}
ProcessId: 8532
Image: D:\Program Files\JetBrains\PyCharm Community Edition 2021.2.3\jbr\bin\java.exe
User: DESKTOP-JP20VPR\BobWe"
Information	1/4/2022 2:30:51 PM	Microsoft-Windows-Sysmon	1	Process Create (rule: ProcessCreate)	S-1-5-18	Microsoft-Windows-Sysmon/Operational		Info	DESKTOP-JP20VPR	14108	3560						00000000-0000-0000-0000-000000000000	00000000-0000-0000-0000-000000000000		"Process Create:
RuleName: -
UtcTime: 2022-01-04 19:30:51.194
ProcessGuid: {ec47ca29-a06b-61d4-db09-000000008600}
ProcessId: 14456
Image: D:\Program Files\JetBrains\PyCharm Community Edition 2021.2.3\jbr\bin\java.exe
FileVersion: 11.0.12
Description: OpenJDK Platform binary
Product: OpenJDK Platform 11
Company: JetBrains s.r.o.
OriginalFileName: java.exe
CommandLine: ""D:\Program Files\JetBrains\PyCharm Community Edition 2021.2.3\jbr\bin\java""  -cp ""D:\Program Files\JetBrains\PyCharm Community Edition 2021.2.3\lib\util.jar"" com.intellij.util.ReadEnv C:\Users\BobWe\AppData\Local\Temp\intellij-cmd-env.9482602338268418330.tmp 
CurrentDirectory: D:\Users\BobWe\anaconda3\Scripts\
User: DESKTOP-JP20VPR\BobWe
LogonGuid: {ec47ca29-70bf-61d3-9db4-020000000000}
LogonId: 0x2B49D
TerminalSessionId: 1
IntegrityLevel: Medium
Hashes: SHA256=07A5C972C472D6361DEAB3353393F906FE13ADE59A1608BE813BED7051817509
ParentProcessGuid: {ec47ca29-a065-61d4-c809-000000008600}
ParentProcessId: 19400
ParentImage: C:\Windows\System32\cmd.exe
ParentCommandLine: cmd.exe /c ""call D:\Users\BobWe\anaconda3\Scripts\activate.bat D:\Users\BobWe\anaconda3 && ""D:\Program Files\JetBrains\PyCharm Community Edition 2021.2.3\jbr\bin\java"" -cp ""D:\Program Files\JetBrains\PyCharm Community Edition 2021.2.3\lib\util.jar"" com.intellij.util.ReadEnv C:\Users\BobWe\AppData\Local\Temp\intellij-cmd-env.9482602338268418330.tmp || exit /B %ERRORLEVEL%""
ParentUser: DESKTOP-JP20VPR\BobWe"
Information	1/4/2022 2:30:51 PM	Microsoft-Windows-Sysmon	1	Process Create (rule: ProcessCreate)	S-1-5-18	Microsoft-Windows-Sysmon/Operational		Info	DESKTOP-JP20VPR	14108	3560						00000000-0000-0000-0000-000000000000	00000000-0000-0000-0000-000000000000		"Process Create:
RuleName: -
UtcTime: 2022-01-04 19:30:51.194
ProcessGuid: {ec47ca29-a06b-61d4-d909-000000008600}
ProcessId: 8532
Image: D:\Program Files\JetBrains\PyCharm Community Edition 2021.2.3\jbr\bin\java.exe
FileVersion: 11.0.12
Description: OpenJDK Platform binary
Product: OpenJDK Platform 11
Company: JetBrains s.r.o.
OriginalFileName: java.exe
CommandLine: ""D:\Program Files\JetBrains\PyCharm Community Edition 2021.2.3\jbr\bin\java""  -cp ""D:\Program Files\JetBrains\PyCharm Community Edition 2021.2.3\lib\util.jar"" com.intellij.util.ReadEnv C:\Users\BobWe\AppData\Local\Temp\intellij-cmd-env.14570695828286906679.tmp 
CurrentDirectory: D:\Users\BobWe\anaconda3\Scripts\
User: DESKTOP-JP20VPR\BobWe
LogonGuid: {ec47ca29-70bf-61d3-9db4-020000000000}
LogonId: 0x2B49D
TerminalSessionId: 1
IntegrityLevel: Medium
Hashes: SHA256=07A5C972C472D6361DEAB3353393F906FE13ADE59A1608BE813BED7051817509
ParentProcessGuid: {ec47ca29-a066-61d4-d009-000000008600}
ParentProcessId: 16320
ParentImage: C:\Windows\System32\cmd.exe
ParentCommandLine: cmd.exe /c ""call D:\Users\BobWe\anaconda3\Scripts\activate.bat D:\Users\BobWe\anaconda3 && ""D:\Program Files\JetBrains\PyCharm Community Edition 2021.2.3\jbr\bin\java"" -cp ""D:\Program Files\JetBrains\PyCharm Community Edition 2021.2.3\lib\util.jar"" com.intellij.util.ReadEnv C:\Users\BobWe\AppData\Local\Temp\intellij-cmd-env.14570695828286906679.tmp || exit /B %ERRORLEVEL%""
ParentUser: DESKTOP-JP20VPR\BobWe"
Information	1/4/2022 2:30:51 PM	Microsoft-Windows-Sysmon	1	Process Create (rule: ProcessCreate)	S-1-5-18	Microsoft-Windows-Sysmon/Operational		Info	DESKTOP-JP20VPR	14108	3560						00000000-0000-0000-0000-000000000000	00000000-0000-0000-0000-000000000000		"Process Create:
RuleName: -
UtcTime: 2022-01-04 19:30:51.194
ProcessGuid: {ec47ca29-a06b-61d4-da09-000000008600}
ProcessId: 2960
Image: D:\Program Files\JetBrains\PyCharm Community Edition 2021.2.3\jbr\bin\java.exe
FileVersion: 11.0.12
Description: OpenJDK Platform binary
Product: OpenJDK Platform 11
Company: JetBrains s.r.o.
OriginalFileName: java.exe
CommandLine: ""D:\Program Files\JetBrains\PyCharm Community Edition 2021.2.3\jbr\bin\java""  -cp ""D:\Program Files\JetBrains\PyCharm Community Edition 2021.2.3\lib\util.jar"" com.intellij.util.ReadEnv C:\Users\BobWe\AppData\Local\Temp\intellij-cmd-env.5889532553357205397.tmp 
CurrentDirectory: D:\Users\BobWe\anaconda3\Scripts\
User: DESKTOP-JP20VPR\BobWe
LogonGuid: {ec47ca29-70bf-61d3-9db4-020000000000}
LogonId: 0x2B49D
TerminalSessionId: 1
IntegrityLevel: Medium
Hashes: SHA256=07A5C972C472D6361DEAB3353393F906FE13ADE59A1608BE813BED7051817509
ParentProcessGuid: {ec47ca29-a066-61d4-cc09-000000008600}
ParentProcessId: 3984
ParentImage: C:\Windows\System32\cmd.exe
ParentCommandLine: cmd.exe /c ""call D:\Users\BobWe\anaconda3\Scripts\activate.bat D:\Users\BobWe\anaconda3 && ""D:\Program Files\JetBrains\PyCharm Community Edition 2021.2.3\jbr\bin\java"" -cp ""D:\Program Files\JetBrains\PyCharm Community Edition 2021.2.3\lib\util.jar"" com.intellij.util.ReadEnv C:\Users\BobWe\AppData\Local\Temp\intellij-cmd-env.5889532553357205397.tmp || exit /B %ERRORLEVEL%""
ParentUser: DESKTOP-JP20VPR\BobWe"
Information	1/4/2022 2:30:51 PM	Microsoft-Windows-Sysmon	1	Process Create (rule: ProcessCreate)	S-1-5-18	Microsoft-Windows-Sysmon/Operational		Info	DESKTOP-JP20VPR	14108	3560						00000000-0000-0000-0000-000000000000	00000000-0000-0000-0000-000000000000		"Process Create:
RuleName: -
UtcTime: 2022-01-04 19:30:51.194
ProcessGuid: {ec47ca29-a06b-61d4-d809-000000008600}
ProcessId: 19024
Image: D:\Program Files\JetBrains\PyCharm Community Edition 2021.2.3\jbr\bin\java.exe
FileVersion: 11.0.12
Description: OpenJDK Platform binary
Product: OpenJDK Platform 11
Company: JetBrains s.r.o.
OriginalFileName: java.exe
CommandLine: ""D:\Program Files\JetBrains\PyCharm Community Edition 2021.2.3\jbr\bin\java""  -cp ""D:\Program Files\JetBrains\PyCharm Community Edition 2021.2.3\lib\util.jar"" com.intellij.util.ReadEnv C:\Users\BobWe\AppData\Local\Temp\intellij-cmd-env.13755863298705414092.tmp 
CurrentDirectory: D:\Users\BobWe\anaconda3\Scripts\
User: DESKTOP-JP20VPR\BobWe
LogonGuid: {ec47ca29-70bf-61d3-9db4-020000000000}
LogonId: 0x2B49D
TerminalSessionId: 1
IntegrityLevel: Medium
Hashes: SHA256=07A5C972C472D6361DEAB3353393F906FE13ADE59A1608BE813BED7051817509
ParentProcessGuid: {ec47ca29-a066-61d4-d409-000000008600}
ParentProcessId: 2280
ParentImage: C:\Windows\System32\cmd.exe
ParentCommandLine: cmd.exe /c ""call D:\Users\BobWe\anaconda3\Scripts\activate.bat D:\Users\BobWe\anaconda3 && ""D:\Program Files\JetBrains\PyCharm Community Edition 2021.2.3\jbr\bin\java"" -cp ""D:\Program Files\JetBrains\PyCharm Community Edition 2021.2.3\lib\util.jar"" com.intellij.util.ReadEnv C:\Users\BobWe\AppData\Local\Temp\intellij-cmd-env.13755863298705414092.tmp || exit /B %ERRORLEVEL%""
ParentUser: DESKTOP-JP20VPR\BobWe"
Information	1/4/2022 2:30:51 PM	Microsoft-Windows-Sysmon	5	Process terminated (rule: ProcessTerminate)	S-1-5-18	Microsoft-Windows-Sysmon/Operational		Info	DESKTOP-JP20VPR	14108	3560						00000000-0000-0000-0000-000000000000	00000000-0000-0000-0000-000000000000		"Process terminated:
RuleName: -
UtcTime: 2022-01-04 19:30:51.156
ProcessGuid: {ec47ca29-a066-61d4-d609-000000008600}
ProcessId: 8304
Image: D:\Users\BobWe\anaconda3\Scripts\conda.exe
User: DESKTOP-JP20VPR\BobWe"
Information	1/4/2022 2:30:51 PM	Microsoft-Windows-Sysmon	5	Process terminated (rule: ProcessTerminate)	S-1-5-18	Microsoft-Windows-Sysmon/Operational		Info	DESKTOP-JP20VPR	14108	3560						00000000-0000-0000-0000-000000000000	00000000-0000-0000-0000-000000000000		"Process terminated:
RuleName: -
UtcTime: 2022-01-04 19:30:51.154
ProcessGuid: {ec47ca29-a066-61d4-d709-000000008600}
ProcessId: 10272
Image: D:\Users\BobWe\anaconda3\python.exe
User: DESKTOP-JP20VPR\BobWe"
Information	1/4/2022 2:30:51 PM	Microsoft-Windows-Sysmon	5	Process terminated (rule: ProcessTerminate)	S-1-5-18	Microsoft-Windows-Sysmon/Operational		Info	DESKTOP-JP20VPR	14108	3560						00000000-0000-0000-0000-000000000000	00000000-0000-0000-0000-000000000000		"Process terminated:
RuleName: -
UtcTime: 2022-01-04 19:30:51.147
ProcessGuid: {ec47ca29-a065-61d4-ca09-000000008600}
ProcessId: 13364
Image: D:\Users\BobWe\anaconda3\Scripts\conda.exe
User: DESKTOP-JP20VPR\BobWe"
Information	1/4/2022 2:30:51 PM	Microsoft-Windows-Sysmon	5	Process terminated (rule: ProcessTerminate)	S-1-5-18	Microsoft-Windows-Sysmon/Operational		Info	DESKTOP-JP20VPR	14108	3560						00000000-0000-0000-0000-000000000000	00000000-0000-0000-0000-000000000000		"Process terminated:
RuleName: -
UtcTime: 2022-01-04 19:30:51.147
ProcessGuid: {ec47ca29-a066-61d4-ce09-000000008600}
ProcessId: 3076
Image: D:\Users\BobWe\anaconda3\Scripts\conda.exe
User: DESKTOP-JP20VPR\BobWe"
Information	1/4/2022 2:30:51 PM	Microsoft-Windows-Sysmon	5	Process terminated (rule: ProcessTerminate)	S-1-5-18	Microsoft-Windows-Sysmon/Operational		Info	DESKTOP-JP20VPR	14108	3560						00000000-0000-0000-0000-000000000000	00000000-0000-0000-0000-000000000000		"Process terminated:
RuleName: -
UtcTime: 2022-01-04 19:30:51.147
ProcessGuid: {ec47ca29-a066-61d4-d209-000000008600}
ProcessId: 12812
Image: D:\Users\BobWe\anaconda3\Scripts\conda.exe
User: DESKTOP-JP20VPR\BobWe"
Information	1/4/2022 2:30:51 PM	Microsoft-Windows-Sysmon	5	Process terminated (rule: ProcessTerminate)	S-1-5-18	Microsoft-Windows-Sysmon/Operational		Info	DESKTOP-JP20VPR	14108	3560						00000000-0000-0000-0000-000000000000	00000000-0000-0000-0000-000000000000		"Process terminated:
RuleName: -
UtcTime: 2022-01-04 19:30:51.145
ProcessGuid: {ec47ca29-a065-61d4-cb09-000000008600}
ProcessId: 6632
Image: D:\Users\BobWe\anaconda3\python.exe
User: DESKTOP-JP20VPR\BobWe"
Information	1/4/2022 2:30:51 PM	Microsoft-Windows-Sysmon	5	Process terminated (rule: ProcessTerminate)	S-1-5-18	Microsoft-Windows-Sysmon/Operational		Info	DESKTOP-JP20VPR	14108	3560						00000000-0000-0000-0000-000000000000	00000000-0000-0000-0000-000000000000		"Process terminated:
RuleName: -
UtcTime: 2022-01-04 19:30:51.145
ProcessGuid: {ec47ca29-a066-61d4-cf09-000000008600}
ProcessId: 11968
Image: D:\Users\BobWe\anaconda3\python.exe
User: DESKTOP-JP20VPR\BobWe"
Information	1/4/2022 2:30:51 PM	Microsoft-Windows-Sysmon	5	Process terminated (rule: ProcessTerminate)	S-1-5-18	Microsoft-Windows-Sysmon/Operational		Info	DESKTOP-JP20VPR	14108	3560						00000000-0000-0000-0000-000000000000	00000000-0000-0000-0000-000000000000		"Process terminated:
RuleName: -
UtcTime: 2022-01-04 19:30:51.145
ProcessGuid: {ec47ca29-a066-61d4-d309-000000008600}
ProcessId: 12364
Image: D:\Users\BobWe\anaconda3\python.exe
User: DESKTOP-JP20VPR\BobWe"
Information	1/4/2022 2:30:46 PM	Microsoft-Windows-Sysmon	1	Process Create (rule: ProcessCreate)	S-1-5-18	Microsoft-Windows-Sysmon/Operational		Info	DESKTOP-JP20VPR	14108	3560						00000000-0000-0000-0000-000000000000	00000000-0000-0000-0000-000000000000		"Process Create:
RuleName: -
UtcTime: 2022-01-04 19:30:46.349
ProcessGuid: {ec47ca29-a066-61d4-d709-000000008600}
ProcessId: 10272
Image: D:\Users\BobWe\anaconda3\python.exe
FileVersion: 3.8.5
Description: Python
Product: Python
Company: Python Software Foundation
OriginalFileName: python.exe
CommandLine: D:\Users\BobWe\anaconda3\python.exe ""D:\Users\BobWe\anaconda3\Scripts\conda-script.py"" ""shell.cmd.exe"" ""activate"" ""D:\Users\BobWe\anaconda3""
CurrentDirectory: D:\Users\BobWe\anaconda3\Scripts\
User: DESKTOP-JP20VPR\BobWe
LogonGuid: {ec47ca29-70bf-61d3-9db4-020000000000}
LogonId: 0x2B49D
TerminalSessionId: 1
IntegrityLevel: Medium
Hashes: SHA256=CD0BDE1121A87F11DDD930487B3E94DEEE8F1751C7BAF46099B7E56DF9C1862D
ParentProcessGuid: {ec47ca29-a066-61d4-d609-000000008600}
ParentProcessId: 8304
ParentImage: D:\Users\BobWe\anaconda3\Scripts\conda.exe
ParentCommandLine: ""D:\Users\BobWe\anaconda3\condabin\..\Scripts\conda.exe""    shell.cmd.exe activate D:\Users\BobWe\anaconda3 
ParentUser: DESKTOP-JP20VPR\BobWe"
Information	1/4/2022 2:30:46 PM	Microsoft-Windows-Sysmon	1	Process Create (rule: ProcessCreate)	S-1-5-18	Microsoft-Windows-Sysmon/Operational		Info	DESKTOP-JP20VPR	14108	3560						00000000-0000-0000-0000-000000000000	00000000-0000-0000-0000-000000000000		"Process Create:
RuleName: -
UtcTime: 2022-01-04 19:30:46.344
ProcessGuid: {ec47ca29-a066-61d4-d609-000000008600}
ProcessId: 8304
Image: D:\Users\BobWe\anaconda3\Scripts\conda.exe
FileVersion: -
Description: -
Product: -
Company: -
OriginalFileName: -
CommandLine: ""D:\Users\BobWe\anaconda3\condabin\..\Scripts\conda.exe""    shell.cmd.exe activate D:\Users\BobWe\anaconda3 
CurrentDirectory: D:\Users\BobWe\anaconda3\Scripts\
User: DESKTOP-JP20VPR\BobWe
LogonGuid: {ec47ca29-70bf-61d3-9db4-020000000000}
LogonId: 0x2B49D
TerminalSessionId: 1
IntegrityLevel: Medium
Hashes: SHA256=28B001BB9A72AE7A24242BFAB248D767A1AC5DEC981C672A3944F7A072375E9A
ParentProcessGuid: {ec47ca29-a066-61d4-d409-000000008600}
ParentProcessId: 2280
ParentImage: C:\Windows\System32\cmd.exe
ParentCommandLine: cmd.exe /c ""call D:\Users\BobWe\anaconda3\Scripts\activate.bat D:\Users\BobWe\anaconda3 && ""D:\Program Files\JetBrains\PyCharm Community Edition 2021.2.3\jbr\bin\java"" -cp ""D:\Program Files\JetBrains\PyCharm Community Edition 2021.2.3\lib\util.jar"" com.intellij.util.ReadEnv C:\Users\BobWe\AppData\Local\Temp\intellij-cmd-env.13755863298705414092.tmp || exit /B %ERRORLEVEL%""
ParentUser: DESKTOP-JP20VPR\BobWe"
Information	1/4/2022 2:30:46 PM	Microsoft-Windows-Sysmon	1	Process Create (rule: ProcessCreate)	S-1-5-18	Microsoft-Windows-Sysmon/Operational		Info	DESKTOP-JP20VPR	14108	3560						00000000-0000-0000-0000-000000000000	00000000-0000-0000-0000-000000000000		"Process Create:
RuleName: -
UtcTime: 2022-01-04 19:30:46.316
ProcessGuid: {ec47ca29-a066-61d4-d509-000000008600}
ProcessId: 16864
Image: C:\Windows\System32\conhost.exe
FileVersion: 10.0.19041.1320 (WinBuild.160101.0800)
Description: Console Window Host
Product: Microsoft® Windows® Operating System
Company: Microsoft Corporation
OriginalFileName: CONHOST.EXE
CommandLine: \??\C:\Windows\system32\conhost.exe 0xffffffff -ForceV1
CurrentDirectory: C:\Windows
User: DESKTOP-JP20VPR\BobWe
LogonGuid: {ec47ca29-70bf-61d3-9db4-020000000000}
LogonId: 0x2B49D
TerminalSessionId: 1
IntegrityLevel: Medium
Hashes: SHA256=22117361C2C34CB18BEEE2CA9770B3AA6C8D032A0941991454DD222BEC6D9295
ParentProcessGuid: {ec47ca29-a066-61d4-d409-000000008600}
ParentProcessId: 2280
ParentImage: C:\Windows\System32\cmd.exe
ParentCommandLine: cmd.exe /c ""call D:\Users\BobWe\anaconda3\Scripts\activate.bat D:\Users\BobWe\anaconda3 && ""D:\Program Files\JetBrains\PyCharm Community Edition 2021.2.3\jbr\bin\java"" -cp ""D:\Program Files\JetBrains\PyCharm Community Edition 2021.2.3\lib\util.jar"" com.intellij.util.ReadEnv C:\Users\BobWe\AppData\Local\Temp\intellij-cmd-env.13755863298705414092.tmp || exit /B %ERRORLEVEL%""
ParentUser: DESKTOP-JP20VPR\BobWe"
Information	1/4/2022 2:30:46 PM	Microsoft-Windows-Sysmon	1	Process Create (rule: ProcessCreate)	S-1-5-18	Microsoft-Windows-Sysmon/Operational		Info	DESKTOP-JP20VPR	14108	3560						00000000-0000-0000-0000-000000000000	00000000-0000-0000-0000-000000000000		"Process Create:
RuleName: -
UtcTime: 2022-01-04 19:30:46.312
ProcessGuid: {ec47ca29-a066-61d4-d409-000000008600}
ProcessId: 2280
Image: C:\Windows\System32\cmd.exe
FileVersion: 10.0.19041.746 (WinBuild.160101.0800)
Description: Windows Command Processor
Product: Microsoft® Windows® Operating System
Company: Microsoft Corporation
OriginalFileName: Cmd.Exe
CommandLine: cmd.exe /c ""call D:\Users\BobWe\anaconda3\Scripts\activate.bat D:\Users\BobWe\anaconda3 && ""D:\Program Files\JetBrains\PyCharm Community Edition 2021.2.3\jbr\bin\java"" -cp ""D:\Program Files\JetBrains\PyCharm Community Edition 2021.2.3\lib\util.jar"" com.intellij.util.ReadEnv C:\Users\BobWe\AppData\Local\Temp\intellij-cmd-env.13755863298705414092.tmp || exit /B %%ERRORLEVEL%%""
CurrentDirectory: D:\Users\BobWe\anaconda3\Scripts\
User: DESKTOP-JP20VPR\BobWe
LogonGuid: {ec47ca29-70bf-61d3-9db4-020000000000}
LogonId: 0x2B49D
TerminalSessionId: 1
IntegrityLevel: Medium
Hashes: SHA256=B99D61D874728EDC0918CA0EB10EAB93D381E7367E377406E65963366C874450
ParentProcessGuid: {ec47ca29-a04c-61d4-ba09-000000008600}
ParentProcessId: 9976
ParentImage: D:\Program Files\JetBrains\PyCharm Community Edition 2021.2.3\bin\pycharm64.exe
ParentCommandLine: ""D:\Program Files\JetBrains\PyCharm Community Edition 2021.2.3\bin\pycharm64.exe"" 
ParentUser: DESKTOP-JP20VPR\BobWe"
Information	1/4/2022 2:30:46 PM	Microsoft-Windows-Sysmon	1	Process Create (rule: ProcessCreate)	S-1-5-18	Microsoft-Windows-Sysmon/Operational		Info	DESKTOP-JP20VPR	14108	3560						00000000-0000-0000-0000-000000000000	00000000-0000-0000-0000-000000000000		"Process Create:
RuleName: -
UtcTime: 2022-01-04 19:30:46.250
ProcessGuid: {ec47ca29-a066-61d4-d309-000000008600}
ProcessId: 12364
Image: D:\Users\BobWe\anaconda3\python.exe
FileVersion: 3.8.5
Description: Python
Product: Python
Company: Python Software Foundation
OriginalFileName: python.exe
CommandLine: D:\Users\BobWe\anaconda3\python.exe ""D:\Users\BobWe\anaconda3\Scripts\conda-script.py"" ""shell.cmd.exe"" ""activate"" ""D:\Users\BobWe\anaconda3""
CurrentDirectory: D:\Users\BobWe\anaconda3\Scripts\
User: DESKTOP-JP20VPR\BobWe
LogonGuid: {ec47ca29-70bf-61d3-9db4-020000000000}
LogonId: 0x2B49D
TerminalSessionId: 1
IntegrityLevel: Medium
Hashes: SHA256=CD0BDE1121A87F11DDD930487B3E94DEEE8F1751C7BAF46099B7E56DF9C1862D
ParentProcessGuid: {ec47ca29-a066-61d4-d209-000000008600}
ParentProcessId: 12812
ParentImage: D:\Users\BobWe\anaconda3\Scripts\conda.exe
ParentCommandLine: ""D:\Users\BobWe\anaconda3\condabin\..\Scripts\conda.exe""    shell.cmd.exe activate D:\Users\BobWe\anaconda3 
ParentUser: DESKTOP-JP20VPR\BobWe"
Information	1/4/2022 2:30:46 PM	Microsoft-Windows-Sysmon	1	Process Create (rule: ProcessCreate)	S-1-5-18	Microsoft-Windows-Sysmon/Operational		Info	DESKTOP-JP20VPR	14108	3560						00000000-0000-0000-0000-000000000000	00000000-0000-0000-0000-000000000000		"Process Create:
RuleName: -
UtcTime: 2022-01-04 19:30:46.247
ProcessGuid: {ec47ca29-a066-61d4-d209-000000008600}
ProcessId: 12812
Image: D:\Users\BobWe\anaconda3\Scripts\conda.exe
FileVersion: -
Description: -
Product: -
Company: -
OriginalFileName: -
CommandLine: ""D:\Users\BobWe\anaconda3\condabin\..\Scripts\conda.exe""    shell.cmd.exe activate D:\Users\BobWe\anaconda3 
CurrentDirectory: D:\Users\BobWe\anaconda3\Scripts\
User: DESKTOP-JP20VPR\BobWe
LogonGuid: {ec47ca29-70bf-61d3-9db4-020000000000}
LogonId: 0x2B49D
TerminalSessionId: 1
IntegrityLevel: Medium
Hashes: SHA256=28B001BB9A72AE7A24242BFAB248D767A1AC5DEC981C672A3944F7A072375E9A
ParentProcessGuid: {ec47ca29-a066-61d4-d009-000000008600}
ParentProcessId: 16320
ParentImage: C:\Windows\System32\cmd.exe
ParentCommandLine: cmd.exe /c ""call D:\Users\BobWe\anaconda3\Scripts\activate.bat D:\Users\BobWe\anaconda3 && ""D:\Program Files\JetBrains\PyCharm Community Edition 2021.2.3\jbr\bin\java"" -cp ""D:\Program Files\JetBrains\PyCharm Community Edition 2021.2.3\lib\util.jar"" com.intellij.util.ReadEnv C:\Users\BobWe\AppData\Local\Temp\intellij-cmd-env.14570695828286906679.tmp || exit /B %ERRORLEVEL%""
ParentUser: DESKTOP-JP20VPR\BobWe"
Information	1/4/2022 2:30:46 PM	Microsoft-Windows-Sysmon	1	Process Create (rule: ProcessCreate)	S-1-5-18	Microsoft-Windows-Sysmon/Operational		Info	DESKTOP-JP20VPR	14108	3560						00000000-0000-0000-0000-000000000000	00000000-0000-0000-0000-000000000000		"Process Create:
RuleName: -
UtcTime: 2022-01-04 19:30:46.186
ProcessGuid: {ec47ca29-a066-61d4-d109-000000008600}
ProcessId: 16888
Image: C:\Windows\System32\conhost.exe
FileVersion: 10.0.19041.1320 (WinBuild.160101.0800)
Description: Console Window Host
Product: Microsoft® Windows® Operating System
Company: Microsoft Corporation
OriginalFileName: CONHOST.EXE
CommandLine: \??\C:\Windows\system32\conhost.exe 0xffffffff -ForceV1
CurrentDirectory: C:\Windows
User: DESKTOP-JP20VPR\BobWe
LogonGuid: {ec47ca29-70bf-61d3-9db4-020000000000}
LogonId: 0x2B49D
TerminalSessionId: 1
IntegrityLevel: Medium
Hashes: SHA256=22117361C2C34CB18BEEE2CA9770B3AA6C8D032A0941991454DD222BEC6D9295
ParentProcessGuid: {ec47ca29-a066-61d4-d009-000000008600}
ParentProcessId: 16320
ParentImage: C:\Windows\System32\cmd.exe
ParentCommandLine: cmd.exe /c ""call D:\Users\BobWe\anaconda3\Scripts\activate.bat D:\Users\BobWe\anaconda3 && ""D:\Program Files\JetBrains\PyCharm Community Edition 2021.2.3\jbr\bin\java"" -cp ""D:\Program Files\JetBrains\PyCharm Community Edition 2021.2.3\lib\util.jar"" com.intellij.util.ReadEnv C:\Users\BobWe\AppData\Local\Temp\intellij-cmd-env.14570695828286906679.tmp || exit /B %ERRORLEVEL%""
ParentUser: DESKTOP-JP20VPR\BobWe"
Information	1/4/2022 2:30:46 PM	Microsoft-Windows-Sysmon	1	Process Create (rule: ProcessCreate)	S-1-5-18	Microsoft-Windows-Sysmon/Operational		Info	DESKTOP-JP20VPR	14108	3560						00000000-0000-0000-0000-000000000000	00000000-0000-0000-0000-000000000000		"Process Create:
RuleName: -
UtcTime: 2022-01-04 19:30:46.184
ProcessGuid: {ec47ca29-a066-61d4-d009-000000008600}
ProcessId: 16320
Image: C:\Windows\System32\cmd.exe
FileVersion: 10.0.19041.746 (WinBuild.160101.0800)
Description: Windows Command Processor
Product: Microsoft® Windows® Operating System
Company: Microsoft Corporation
OriginalFileName: Cmd.Exe
CommandLine: cmd.exe /c ""call D:\Users\BobWe\anaconda3\Scripts\activate.bat D:\Users\BobWe\anaconda3 && ""D:\Program Files\JetBrains\PyCharm Community Edition 2021.2.3\jbr\bin\java"" -cp ""D:\Program Files\JetBrains\PyCharm Community Edition 2021.2.3\lib\util.jar"" com.intellij.util.ReadEnv C:\Users\BobWe\AppData\Local\Temp\intellij-cmd-env.14570695828286906679.tmp || exit /B %%ERRORLEVEL%%""
CurrentDirectory: D:\Users\BobWe\anaconda3\Scripts\
User: DESKTOP-JP20VPR\BobWe
LogonGuid: {ec47ca29-70bf-61d3-9db4-020000000000}
LogonId: 0x2B49D
TerminalSessionId: 1
IntegrityLevel: Medium
Hashes: SHA256=B99D61D874728EDC0918CA0EB10EAB93D381E7367E377406E65963366C874450
ParentProcessGuid: {ec47ca29-a04c-61d4-ba09-000000008600}
ParentProcessId: 9976
ParentImage: D:\Program Files\JetBrains\PyCharm Community Edition 2021.2.3\bin\pycharm64.exe
ParentCommandLine: ""D:\Program Files\JetBrains\PyCharm Community Edition 2021.2.3\bin\pycharm64.exe"" 
ParentUser: DESKTOP-JP20VPR\BobWe"
Information	1/4/2022 2:30:46 PM	Microsoft-Windows-Sysmon	1	Process Create (rule: ProcessCreate)	S-1-5-18	Microsoft-Windows-Sysmon/Operational		Info	DESKTOP-JP20VPR	14108	3560						00000000-0000-0000-0000-000000000000	00000000-0000-0000-0000-000000000000		"Process Create:
RuleName: -
UtcTime: 2022-01-04 19:30:46.132
ProcessGuid: {ec47ca29-a066-61d4-cf09-000000008600}
ProcessId: 11968
Image: D:\Users\BobWe\anaconda3\python.exe
FileVersion: 3.8.5
Description: Python
Product: Python
Company: Python Software Foundation
OriginalFileName: python.exe
CommandLine: D:\Users\BobWe\anaconda3\python.exe ""D:\Users\BobWe\anaconda3\Scripts\conda-script.py"" ""shell.cmd.exe"" ""activate"" ""D:\Users\BobWe\anaconda3""
CurrentDirectory: D:\Users\BobWe\anaconda3\Scripts\
User: DESKTOP-JP20VPR\BobWe
LogonGuid: {ec47ca29-70bf-61d3-9db4-020000000000}
LogonId: 0x2B49D
TerminalSessionId: 1
IntegrityLevel: Medium
Hashes: SHA256=CD0BDE1121A87F11DDD930487B3E94DEEE8F1751C7BAF46099B7E56DF9C1862D
ParentProcessGuid: {ec47ca29-a066-61d4-ce09-000000008600}
ParentProcessId: 3076
ParentImage: D:\Users\BobWe\anaconda3\Scripts\conda.exe
ParentCommandLine: ""D:\Users\BobWe\anaconda3\condabin\..\Scripts\conda.exe""    shell.cmd.exe activate D:\Users\BobWe\anaconda3 
ParentUser: DESKTOP-JP20VPR\BobWe"
