Level	Date and Time	Source	Event ID	Task Category	User	Log	Keywords	Operational Code	Computer	Process ID	Thread ID	Processor ID	Session ID	Kernel Time	User Time	Processor Time	Correlation Id	Relative Correlation Id	Event Source Name
Information	1/4/2022 2:56:42 PM	Microsoft-Windows-Sysmon	5	Process terminated (rule: ProcessTerminate)	S-1-5-18	Microsoft-Windows-Sysmon/Operational		Info	DESKTOP-JP20VPR	14108	3560						00000000-0000-0000-0000-000000000000	00000000-0000-0000-0000-000000000000		"Process terminated:
RuleName: -
UtcTime: 2022-01-04 19:56:42.685
ProcessGuid: {ec47ca29-a48b-61d4-e50a-000000008600}
ProcessId: 20044
Image: C:\Windows\System32\smartscreen.exe
User: DESKTOP-JP20VPR\BobWe"
Information	1/4/2022 2:56:17 PM	Microsoft-Windows-Sysmon	5	Process terminated (rule: ProcessTerminate)	S-1-5-18	Microsoft-Windows-Sysmon/Operational		Info	DESKTOP-JP20VPR	14108	3560						00000000-0000-0000-0000-000000000000	00000000-0000-0000-0000-000000000000		"Process terminated:
RuleName: -
UtcTime: 2022-01-04 19:56:17.862
ProcessGuid: {ec47ca29-a65b-61d4-190b-000000008600}
ProcessId: 12888
Image: C:\Program Files\Microsoft OneDrive\21.230.1107.0004\FileCoAuth.exe
User: DESKTOP-JP20VPR\BobWe"
Information	1/4/2022 2:56:12 PM	Microsoft-Windows-Sysmon	1	Process Create (rule: ProcessCreate)	S-1-5-18	Microsoft-Windows-Sysmon/Operational		Info	DESKTOP-JP20VPR	14108	3560						00000000-0000-0000-0000-000000000000	00000000-0000-0000-0000-000000000000		"Process Create:
RuleName: -
UtcTime: 2022-01-04 19:56:12.634
ProcessGuid: {ec47ca29-a65c-61d4-1b0b-000000008600}
ProcessId: 8920
Image: C:\Windows\System32\SearchFilterHost.exe
FileVersion: 7.0.19041.1387 (WinBuild.160101.0800)
Description: Microsoft Windows Search Filter Host
Product: Windows® Search
Company: Microsoft Corporation
OriginalFileName: SearchFilterHost.exe
CommandLine: ""C:\Windows\system32\SearchFilterHost.exe"" 0 820 824 832 8192 828 800 
CurrentDirectory: C:\Windows\system32\
User: NT AUTHORITY\SYSTEM
LogonGuid: {ec47ca29-70be-61d3-e703-000000000000}
LogonId: 0x3E7
TerminalSessionId: 0
IntegrityLevel: Medium
Hashes: SHA256=47A88BCFAC10FCA3E1F3C3920327FBE16C2B41B0E3489233C1E087AE0F85A02E
ParentProcessGuid: {ec47ca29-70c3-61d3-8300-000000008600}
ParentProcessId: 6936
ParentImage: C:\Windows\System32\SearchIndexer.exe
ParentCommandLine: C:\Windows\system32\SearchIndexer.exe /Embedding
ParentUser: NT AUTHORITY\SYSTEM"
Information	1/4/2022 2:56:12 PM	Microsoft-Windows-Sysmon	1	Process Create (rule: ProcessCreate)	S-1-5-18	Microsoft-Windows-Sysmon/Operational		Info	DESKTOP-JP20VPR	14108	3560						00000000-0000-0000-0000-000000000000	00000000-0000-0000-0000-000000000000		"Process Create:
RuleName: -
UtcTime: 2022-01-04 19:56:12.605
ProcessGuid: {ec47ca29-a65c-61d4-1a0b-000000008600}
ProcessId: 19472
Image: C:\Windows\System32\SearchProtocolHost.exe
FileVersion: 7.0.19041.1387 (WinBuild.160101.0800)
Description: Microsoft Windows Search Protocol Host
Product: Windows® Search
Company: Microsoft Corporation
OriginalFileName: SearchProtocolHost.exe
CommandLine: ""C:\Windows\system32\SearchProtocolHost.exe"" Global\UsGthrFltPipeMssGthrPipe21_ Global\UsGthrCtrlFltPipeMssGthrPipe21 1 -2147483646 ""Software\Microsoft\Windows Search"" ""Mozilla/4.0 (compatible; MSIE 6.0; Windows NT; MS Search 4.0 Robot)"" ""C:\ProgramData\Microsoft\Search\Data\Temp\usgthrsvc"" ""DownLevelDaemon"" 
CurrentDirectory: C:\Windows\system32\
User: NT AUTHORITY\SYSTEM
LogonGuid: {ec47ca29-70be-61d3-e703-000000000000}
LogonId: 0x3E7
TerminalSessionId: 0
IntegrityLevel: System
Hashes: SHA256=90F7291A0E1F0095CF145CC92294856DBFD78D7F1EE33C2D64C09ED95AA4F5D1
ParentProcessGuid: {ec47ca29-70c3-61d3-8300-000000008600}
ParentProcessId: 6936
ParentImage: C:\Windows\System32\SearchIndexer.exe
ParentCommandLine: C:\Windows\system32\SearchIndexer.exe /Embedding
ParentUser: NT AUTHORITY\SYSTEM"
Information	1/4/2022 2:56:11 PM	Microsoft-Windows-Sysmon	1	Process Create (rule: ProcessCreate)	S-1-5-18	Microsoft-Windows-Sysmon/Operational		Info	DESKTOP-JP20VPR	14108	3560						00000000-0000-0000-0000-000000000000	00000000-0000-0000-0000-000000000000		"Process Create:
RuleName: -
UtcTime: 2022-01-04 19:56:11.681
ProcessGuid: {ec47ca29-a65b-61d4-190b-000000008600}
ProcessId: 12888
Image: C:\Program Files\Microsoft OneDrive\21.230.1107.0004\FileCoAuth.exe
FileVersion: 21.230.1107.0004
Description: Microsoft OneDriveFile Co-Authoring Executable
Product: Microsoft OneDrive
Company: Microsoft Corporation
OriginalFileName: FileCoAuth.exe
CommandLine: ""C:\Program Files\Microsoft OneDrive\21.230.1107.0004\FileCoAuth.exe"" -Embedding
CurrentDirectory: C:\Windows\system32\
User: DESKTOP-JP20VPR\BobWe
LogonGuid: {ec47ca29-70bf-61d3-7aae-020000000000}
LogonId: 0x2AE7A
TerminalSessionId: 1
IntegrityLevel: High
Hashes: SHA256=65FA9EA7161AECA034301CAD4A237A939F95561CC41EF5E2388645FF9CCFB65C
ParentProcessGuid: {ec47ca29-70be-61d3-0d00-000000008600}
ParentProcessId: 1056
ParentImage: C:\Windows\System32\svchost.exe
ParentCommandLine: C:\Windows\system32\svchost.exe -k DcomLaunch -p
ParentUser: NT AUTHORITY\SYSTEM"
Information	1/4/2022 2:56:11 PM	Microsoft-Windows-Sysmon	1	Process Create (rule: ProcessCreate)	S-1-5-18	Microsoft-Windows-Sysmon/Operational		Info	DESKTOP-JP20VPR	14108	3560						00000000-0000-0000-0000-000000000000	00000000-0000-0000-0000-000000000000		"Process Create:
RuleName: -
UtcTime: 2022-01-04 19:56:11.677
ProcessGuid: {ec47ca29-a65b-61d4-180b-000000008600}
ProcessId: 20920
Image: C:\Program Files\Google\Drive File Stream\54.0.2.0\crashpad_handler.exe
FileVersion: -
Description: -
Product: -
Company: -
OriginalFileName: -
CommandLine: ""C:\Program Files\Google\Drive File Stream\54.0.2.0\crashpad_handler.exe"" --database=C:\Users\BobWe\AppData\Local\Google\DriveFS\Crashpad --url=https://clients2.google.com/cr/report --annotation=application=mmc.exe --annotation=prod=DriveFS --annotation=ver=54.0.2.0 --initial-client-data=0x100c,0x109c,0x1034,0x101c,0x10a8,0x7ff837690960,0x7ff837690970,0x7ff837690980
CurrentDirectory: C:\Windows\system32\
User: DESKTOP-JP20VPR\BobWe
LogonGuid: {ec47ca29-70bf-61d3-7aae-020000000000}
LogonId: 0x2AE7A
TerminalSessionId: 1
IntegrityLevel: High
Hashes: SHA256=332E51B73959544162E707B79073FDD0561C251E49E4F3AAC20315D34299BD20
ParentProcessGuid: {ec47ca29-824f-61d4-2909-000000008600}
ParentProcessId: 7240
ParentImage: C:\Windows\System32\mmc.exe
ParentCommandLine: ""C:\Windows\system32\mmc.exe"" ""C:\Windows\system32\eventvwr.msc"" /s
ParentUser: DESKTOP-JP20VPR\BobWe"
Information	1/4/2022 2:55:33 PM	Microsoft-Windows-Sysmon	1	Process Create (rule: ProcessCreate)	S-1-5-18	Microsoft-Windows-Sysmon/Operational		Info	DESKTOP-JP20VPR	14108	3560						00000000-0000-0000-0000-000000000000	00000000-0000-0000-0000-000000000000		"Process Create:
RuleName: -
UtcTime: 2022-01-04 19:55:33.416
ProcessGuid: {ec47ca29-a635-61d4-170b-000000008600}
ProcessId: 20356
Image: C:\Windows\System32\svchost.exe
FileVersion: 10.0.19041.546 (WinBuild.160101.0800)
Description: Host Process for Windows Services
Product: Microsoft® Windows® Operating System
Company: Microsoft Corporation
OriginalFileName: svchost.exe
CommandLine: C:\Windows\system32\svchost.exe -k netsvcs -p -s wlidsvc
CurrentDirectory: C:\Windows\system32\
User: NT AUTHORITY\SYSTEM
LogonGuid: {ec47ca29-70be-61d3-e703-000000000000}
LogonId: 0x3E7
TerminalSessionId: 0
IntegrityLevel: System
Hashes: SHA256=643EC58E82E0272C97C2A59F6020970D881AF19C0AD5029DB9C958C13B6558C7
ParentProcessGuid: {00000000-0000-0000-0000-000000000000}
ParentProcessId: 944
ParentImage: -
ParentCommandLine: -
ParentUser: -"
Information	1/4/2022 2:55:22 PM	Microsoft-Windows-Sysmon	5	Process terminated (rule: ProcessTerminate)	S-1-5-18	Microsoft-Windows-Sysmon/Operational		Info	DESKTOP-JP20VPR	14108	3560						00000000-0000-0000-0000-000000000000	00000000-0000-0000-0000-000000000000		"Process terminated:
RuleName: -
UtcTime: 2022-01-04 19:55:22.104
ProcessGuid: {ec47ca29-a62a-61d4-160b-000000008600}
ProcessId: 6532
Image: C:\Windows\System32\DriverStore\FileRepository\asussci2.inf_amd64_d385bdc0d33d66f9\ASUSSoftwareManager\AsusUpdateChecker.exe
User: DESKTOP-JP20VPR\BobWe"
Information	1/4/2022 2:55:22 PM	Microsoft-Windows-Sysmon	1	Process Create (rule: ProcessCreate)	S-1-5-18	Microsoft-Windows-Sysmon/Operational		Info	DESKTOP-JP20VPR	14108	3560						00000000-0000-0000-0000-000000000000	00000000-0000-0000-0000-000000000000		"Process Create:
RuleName: -
UtcTime: 2022-01-04 19:55:22.048
ProcessGuid: {ec47ca29-a62a-61d4-160b-000000008600}
ProcessId: 6532
Image: C:\Windows\System32\DriverStore\FileRepository\asussci2.inf_amd64_d385bdc0d33d66f9\ASUSSoftwareManager\AsusUpdateChecker.exe
FileVersion: 1.0.28.0
Description: ASUS Update Checker
Product: ASUS Update Checker
Company: ASUSTeK COMPUTER INC.
OriginalFileName: AsusUpdateChecker.exe
CommandLine: C:\Windows\System32\DriverStore\FileRepository\asussci2.inf_amd64_d385bdc0d33d66f9\ASUSSoftwareManager\AsusUpdateChecker.exe
CurrentDirectory: C:\Windows\system32\
User: DESKTOP-JP20VPR\BobWe
LogonGuid: {ec47ca29-70bf-61d3-7aae-020000000000}
LogonId: 0x2AE7A
TerminalSessionId: 1
IntegrityLevel: High
Hashes: SHA256=250D981BEC690B039CCF40941E6555FCA7A8C997AC6975E00BD3C35300498E7C
ParentProcessGuid: {ec47ca29-70bf-61d3-1c00-000000008600}
ParentProcessId: 1716
ParentImage: C:\Windows\System32\svchost.exe
ParentCommandLine: C:\Windows\system32\svchost.exe -k netsvcs -p -s Schedule
ParentUser: NT AUTHORITY\SYSTEM"
Information	1/4/2022 2:53:35 PM	Microsoft-Windows-Sysmon	5	Process terminated (rule: ProcessTerminate)	S-1-5-18	Microsoft-Windows-Sysmon/Operational		Info	DESKTOP-JP20VPR	14108	3560						00000000-0000-0000-0000-000000000000	00000000-0000-0000-0000-000000000000		"Process terminated:
RuleName: -
UtcTime: 2022-01-04 19:53:35.725
ProcessGuid: {ec47ca29-a563-61d4-100b-000000008600}
ProcessId: 14828
Image: C:\Windows\System32\GameBarPresenceWriter.exe
User: DESKTOP-JP20VPR\BobWe"
Information	1/4/2022 2:53:30 PM	Microsoft-Windows-Sysmon	5	Process terminated (rule: ProcessTerminate)	S-1-5-18	Microsoft-Windows-Sysmon/Operational		Info	DESKTOP-JP20VPR	14108	3560						00000000-0000-0000-0000-000000000000	00000000-0000-0000-0000-000000000000		"Process terminated:
RuleName: -
UtcTime: 2022-01-04 19:53:30.020
ProcessGuid: {ec47ca29-a564-61d4-110b-000000008600}
ProcessId: 3288
Image: C:\Program Files (x86)\Steam\GameOverlayUI.exe
User: DESKTOP-JP20VPR\BobWe"
Information	1/4/2022 2:53:29 PM	Microsoft-Windows-Sysmon	5	Process terminated (rule: ProcessTerminate)	S-1-5-18	Microsoft-Windows-Sysmon/Operational		Info	DESKTOP-JP20VPR	14108	3560						00000000-0000-0000-0000-000000000000	00000000-0000-0000-0000-000000000000		"Process terminated:
RuleName: -
UtcTime: 2022-01-04 19:53:29.893
ProcessGuid: {ec47ca29-a565-61d4-120b-000000008600}
ProcessId: 6552
Image: C:\Program Files (x86)\Steam\bin\cef\cef.win7x64\steamwebhelper.exe
User: DESKTOP-JP20VPR\BobWe"
Information	1/4/2022 2:53:28 PM	Microsoft-Windows-Sysmon	5	Process terminated (rule: ProcessTerminate)	S-1-5-18	Microsoft-Windows-Sysmon/Operational		Info	DESKTOP-JP20VPR	14108	3560						00000000-0000-0000-0000-000000000000	00000000-0000-0000-0000-000000000000		"Process terminated:
RuleName: -
UtcTime: 2022-01-04 19:53:28.886
ProcessGuid: {ec47ca29-a562-61d4-0d0b-000000008600}
ProcessId: 11736
Image: D:\Program Files (x86)\steamapps\common\Quake 2\quake2.exe
User: DESKTOP-JP20VPR\BobWe"
Information	1/4/2022 2:53:20 PM	Microsoft-Windows-Sysmon	5	Process terminated (rule: ProcessTerminate)	S-1-5-18	Microsoft-Windows-Sysmon/Operational		Info	DESKTOP-JP20VPR	14108	3560						00000000-0000-0000-0000-000000000000	00000000-0000-0000-0000-000000000000		"Process terminated:
RuleName: -
UtcTime: 2022-01-04 19:53:20.825
ProcessGuid: {ec47ca29-a562-61d4-0f0b-000000008600}
ProcessId: 16156
Image: C:\Windows\System32\SearchFilterHost.exe
User: NT AUTHORITY\SYSTEM"
Information	1/4/2022 2:53:20 PM	Microsoft-Windows-Sysmon	5	Process terminated (rule: ProcessTerminate)	S-1-5-18	Microsoft-Windows-Sysmon/Operational		Info	DESKTOP-JP20VPR	14108	3560						00000000-0000-0000-0000-000000000000	00000000-0000-0000-0000-000000000000		"Process terminated:
RuleName: -
UtcTime: 2022-01-04 19:53:20.821
ProcessGuid: {ec47ca29-a562-61d4-0e0b-000000008600}
ProcessId: 16652
Image: C:\Windows\System32\SearchProtocolHost.exe
User: NT AUTHORITY\SYSTEM"
Information	1/4/2022 2:53:17 PM	Microsoft-Windows-Sysmon	5	Process terminated (rule: ProcessTerminate)	S-1-5-18	Microsoft-Windows-Sysmon/Operational		Info	DESKTOP-JP20VPR	14108	3560						00000000-0000-0000-0000-000000000000	00000000-0000-0000-0000-000000000000		"Process terminated:
RuleName: -
UtcTime: 2022-01-04 19:53:17.778
ProcessGuid: {ec47ca29-a355-61d4-c50a-000000008600}
ProcessId: 12212
Image: C:\Windows\System32\svchost.exe
User: NT AUTHORITY\SYSTEM"
Information	1/4/2022 2:52:38 PM	Microsoft-Windows-Sysmon	5	Process terminated (rule: ProcessTerminate)	S-1-5-18	Microsoft-Windows-Sysmon/Operational		Info	DESKTOP-JP20VPR	14108	3560						00000000-0000-0000-0000-000000000000	00000000-0000-0000-0000-000000000000		"Process terminated:
RuleName: -
UtcTime: 2022-01-04 19:52:38.263
ProcessGuid: {ec47ca29-a585-61d4-140b-000000008600}
ProcessId: 7512
Image: C:\Program Files\Mozilla Firefox\firefox.exe
User: DESKTOP-JP20VPR\BobWe"
Information	1/4/2022 2:52:38 PM	Microsoft-Windows-Sysmon	5	Process terminated (rule: ProcessTerminate)	S-1-5-18	Microsoft-Windows-Sysmon/Operational		Info	DESKTOP-JP20VPR	14108	3560						00000000-0000-0000-0000-000000000000	00000000-0000-0000-0000-000000000000		"Process terminated:
RuleName: -
UtcTime: 2022-01-04 19:52:38.255
ProcessGuid: {ec47ca29-a585-61d4-150b-000000008600}
ProcessId: 19452
Image: C:\Program Files\Mozilla Firefox\firefox.exe
User: DESKTOP-JP20VPR\BobWe"
Information	1/4/2022 2:52:37 PM	Microsoft-Windows-Sysmon	5	Process terminated (rule: ProcessTerminate)	S-1-5-18	Microsoft-Windows-Sysmon/Operational		Info	DESKTOP-JP20VPR	14108	3560						00000000-0000-0000-0000-000000000000	00000000-0000-0000-0000-000000000000		"Process terminated:
RuleName: -
UtcTime: 2022-01-04 19:52:37.397
ProcessGuid: {ec47ca29-a43b-61d4-e20a-000000008600}
ProcessId: 19824
Image: C:\Windows\System32\RuntimeBroker.exe
User: DESKTOP-JP20VPR\BobWe"
Information	1/4/2022 2:52:37 PM	Microsoft-Windows-Sysmon	1	Process Create (rule: ProcessCreate)	S-1-5-18	Microsoft-Windows-Sysmon/Operational		Info	DESKTOP-JP20VPR	14108	3560						00000000-0000-0000-0000-000000000000	00000000-0000-0000-0000-000000000000		"Process Create:
RuleName: -
UtcTime: 2022-01-04 19:52:37.152
ProcessGuid: {ec47ca29-a585-61d4-150b-000000008600}
ProcessId: 19452
Image: C:\Program Files\Mozilla Firefox\firefox.exe
FileVersion: 95.0.2
Description: Firefox
Product: Firefox
Company: Mozilla Corporation
OriginalFileName: firefox.exe
CommandLine: ""C:\Program Files\Mozilla Firefox\firefox.exe"" --MOZ_LOG sync,prependheader,timestamp,append,maxsize:1,Dump:5 --MOZ_LOG_FILE C:\ProgramData\Mozilla\updates\308046B0AF4A39CB\backgroundupdate.moz_log --backgroundtask backgroundupdate
CurrentDirectory: C:\ProgramData\Mozilla\updates\308046B0AF4A39CB\
User: DESKTOP-JP20VPR\BobWe
LogonGuid: {ec47ca29-70bf-61d3-9db4-020000000000}
LogonId: 0x2B49D
TerminalSessionId: 1
IntegrityLevel: Medium
Hashes: SHA256=18E361D2C7C143442AC65EB33B581BFA022C943EC82205FC89C6C4D727C5E7CF
ParentProcessGuid: {ec47ca29-a585-61d4-140b-000000008600}
ParentProcessId: 7512
ParentImage: C:\Program Files\Mozilla Firefox\firefox.exe
ParentCommandLine: ""C:\Program Files\Mozilla Firefox\firefox.exe"" --MOZ_LOG sync,prependheader,timestamp,append,maxsize:1,Dump:5 --MOZ_LOG_FILE C:\ProgramData\Mozilla\updates\308046B0AF4A39CB\backgroundupdate.moz_log --backgroundtask backgroundupdate
ParentUser: DESKTOP-JP20VPR\BobWe"
Information	1/4/2022 2:52:37 PM	Microsoft-Windows-Sysmon	1	Process Create (rule: ProcessCreate)	S-1-5-18	Microsoft-Windows-Sysmon/Operational		Info	DESKTOP-JP20VPR	14108	3560						00000000-0000-0000-0000-000000000000	00000000-0000-0000-0000-000000000000		"Process Create:
RuleName: -
UtcTime: 2022-01-04 19:52:37.145
ProcessGuid: {ec47ca29-a585-61d4-140b-000000008600}
ProcessId: 7512
Image: C:\Program Files\Mozilla Firefox\firefox.exe
FileVersion: 95.0.2
Description: Firefox
Product: Firefox
Company: Mozilla Corporation
OriginalFileName: firefox.exe
CommandLine: ""C:\Program Files\Mozilla Firefox\firefox.exe"" --MOZ_LOG sync,prependheader,timestamp,append,maxsize:1,Dump:5 --MOZ_LOG_FILE C:\ProgramData\Mozilla\updates\308046B0AF4A39CB\backgroundupdate.moz_log --backgroundtask backgroundupdate
CurrentDirectory: C:\ProgramData\Mozilla\updates\308046B0AF4A39CB\
User: DESKTOP-JP20VPR\BobWe
LogonGuid: {ec47ca29-70bf-61d3-9db4-020000000000}
LogonId: 0x2B49D
TerminalSessionId: 1
IntegrityLevel: Medium
Hashes: SHA256=18E361D2C7C143442AC65EB33B581BFA022C943EC82205FC89C6C4D727C5E7CF
ParentProcessGuid: {ec47ca29-70bf-61d3-1c00-000000008600}
ParentProcessId: 1716
ParentImage: C:\Windows\System32\svchost.exe
ParentCommandLine: C:\Windows\system32\svchost.exe -k netsvcs -p -s Schedule
ParentUser: NT AUTHORITY\SYSTEM"
Information	1/4/2022 2:52:34 PM	Microsoft-Windows-Sysmon	5	Process terminated (rule: ProcessTerminate)	S-1-5-18	Microsoft-Windows-Sysmon/Operational		Info	DESKTOP-JP20VPR	14108	3560						00000000-0000-0000-0000-000000000000	00000000-0000-0000-0000-000000000000		"Process terminated:
RuleName: -
UtcTime: 2022-01-04 19:52:34.552
ProcessGuid: {ec47ca29-a505-61d4-000b-000000008600}
ProcessId: 19636
Image: C:\Program Files (x86)\Microsoft\Edge\Application\96.0.1054.62\identity_helper.exe
User: DESKTOP-JP20VPR\BobWe"
Information	1/4/2022 2:52:29 PM	Microsoft-Windows-Sysmon	5	Process terminated (rule: ProcessTerminate)	S-1-5-18	Microsoft-Windows-Sysmon/Operational		Info	DESKTOP-JP20VPR	14108	3560						00000000-0000-0000-0000-000000000000	00000000-0000-0000-0000-000000000000		"Process terminated:
RuleName: -
UtcTime: 2022-01-04 19:52:29.565
ProcessGuid: {ec47ca29-a57d-61d4-130b-000000008600}
ProcessId: 15748
Image: C:\Program Files (x86)\Microsoft\Edge\Application\msedge.exe
User: DESKTOP-JP20VPR\BobWe"
Information	1/4/2022 2:52:29 PM	Microsoft-Windows-Sysmon	1	Process Create (rule: ProcessCreate)	S-1-5-18	Microsoft-Windows-Sysmon/Operational		Info	DESKTOP-JP20VPR	14108	3560						00000000-0000-0000-0000-000000000000	00000000-0000-0000-0000-000000000000		"Process Create:
RuleName: -
UtcTime: 2022-01-04 19:52:29.338
ProcessGuid: {ec47ca29-a57d-61d4-130b-000000008600}
ProcessId: 15748
Image: C:\Program Files (x86)\Microsoft\Edge\Application\msedge.exe
FileVersion: 96.0.1054.62
Description: Microsoft Edge
Product: Microsoft Edge
Company: Microsoft Corporation
OriginalFileName: msedge.exe
CommandLine: ""C:\Program Files (x86)\Microsoft\Edge\Application\msedge.exe"" --type=gpu-process --field-trial-handle=2012,1244110510371170435,8152594815629963759,131072 --disable-gpu-sandbox --use-gl=disabled --gpu-vendor-id=4318 --gpu-device-id=7809 --gpu-sub-system-id=2266370115 --gpu-revision=161 --gpu-driver-version=30.0.14.7151 --gpu-preferences=UAAAAAAAAADoAAAYAAAAAAAAAAAAAAAAAABgAAAIAAAwAAAAAAAAAAAAAAAAAAAAAAAAAAAAAAAAAAAAAAAAAEgAAAAAAAAASAAAAAAAAAAYAAAAAgAAABAAAAAAAAAAGAAAAAAAAAAQAAAAAAAAAAAAAAANAAAAEAAAAAAAAAABAAAADQAAAAgAAAAAAAAACAAAAAAAAAA= --mojo-platform-channel-handle=3964 /prefetch:2
CurrentDirectory: C:\Program Files (x86)\Microsoft\Edge\Application\96.0.1054.62\
User: DESKTOP-JP20VPR\BobWe
LogonGuid: {ec47ca29-70bf-61d3-9db4-020000000000}
LogonId: 0x2B49D
TerminalSessionId: 1
IntegrityLevel: Medium
Hashes: SHA256=18A839142796D6E4D0FA44F5A75E0CD79CC5C1A5FDE39B7CC00FAEC50A899B6D
ParentProcessGuid: {ec47ca29-a505-61d4-f90a-000000008600}
ParentProcessId: 10628
ParentImage: C:\Program Files (x86)\Microsoft\Edge\Application\msedge.exe
ParentCommandLine: ""C:\Program Files (x86)\Microsoft\Edge\Application\msedge.exe"" --no-startup-window /prefetch:5
ParentUser: DESKTOP-JP20VPR\BobWe"
Information	1/4/2022 2:52:20 PM	Microsoft-Windows-Sysmon	5	Process terminated (rule: ProcessTerminate)	S-1-5-18	Microsoft-Windows-Sysmon/Operational		Info	DESKTOP-JP20VPR	14108	3560						00000000-0000-0000-0000-000000000000	00000000-0000-0000-0000-000000000000		"Process terminated:
RuleName: -
UtcTime: 2022-01-04 19:52:20.356
ProcessGuid: {ec47ca29-a43a-61d4-de0a-000000008600}
ProcessId: 20232
Image: C:\Windows\System32\svchost.exe
User: NT AUTHORITY\SYSTEM"
Information	1/4/2022 2:52:17 PM	Microsoft-Windows-Sysmon	5	Process terminated (rule: ProcessTerminate)	S-1-5-18	Microsoft-Windows-Sysmon/Operational		Info	DESKTOP-JP20VPR	14108	3560						00000000-0000-0000-0000-000000000000	00000000-0000-0000-0000-000000000000		"Process terminated:
RuleName: -
UtcTime: 2022-01-04 19:52:17.414
ProcessGuid: {ec47ca29-a43b-61d4-e10a-000000008600}
ProcessId: 20376
Image: C:\Program Files\WindowsApps\Microsoft.XboxGamingOverlay_5.721.12013.0_x64__8wekyb3d8bbwe\GameBarFTServer.exe
User: DESKTOP-JP20VPR\BobWe"
Information	1/4/2022 2:52:07 PM	Microsoft-Windows-Sysmon	5	Process terminated (rule: ProcessTerminate)	S-1-5-18	Microsoft-Windows-Sysmon/Operational		Info	DESKTOP-JP20VPR	14108	3560						00000000-0000-0000-0000-000000000000	00000000-0000-0000-0000-000000000000		"Process terminated:
RuleName: -
UtcTime: 2022-01-04 19:52:07.379
ProcessGuid: {ec47ca29-a43a-61d4-dd0a-000000008600}
ProcessId: 12812
Image: C:\Program Files\WindowsApps\Microsoft.XboxGamingOverlay_5.721.12013.0_x64__8wekyb3d8bbwe\GameBar.exe
User: DESKTOP-JP20VPR\BobWe"
Information	1/4/2022 2:52:05 PM	Microsoft-Windows-Sysmon	1	Process Create (rule: ProcessCreate)	S-1-5-18	Microsoft-Windows-Sysmon/Operational		Info	DESKTOP-JP20VPR	14108	3560						00000000-0000-0000-0000-000000000000	00000000-0000-0000-0000-000000000000		"Process Create:
RuleName: -
UtcTime: 2022-01-04 19:52:05.058
ProcessGuid: {ec47ca29-a565-61d4-120b-000000008600}
ProcessId: 6552
Image: C:\Program Files (x86)\Steam\bin\cef\cef.win7x64\steamwebhelper.exe
FileVersion: 06.96.74.78
Description: Steam Client WebHelper
Product: Steam Client WebHelper
Company: Valve Corporation
OriginalFileName: steamwebhelper.exe
CommandLine: ""C:\Program Files (x86)\Steam\bin\cef\cef.win7x64\steamwebhelper.exe"" --type=renderer --log-file=""C:\Program Files (x86)\Steam\logs\cef_log.txt"" --field-trial-handle=1692,5481244301588789581,3716453313082021609,131072 --enable-features=CastMediaRouteProvider --disable-features=OutOfBlinkCors --enable-blink-features=ResizeObserver,Worklet,AudioWorklet --lang=en-US --log-file=""C:\Program Files (x86)\Steam\logs\cef_log.txt"" --product-version=""Valve Steam Client"" --buildid=1639697812 --steamid=0 --device-scale-factor=1 --num-raster-threads=4 --enable-main-frame-before-activation --renderer-client-id=17 --mojo-platform-channel-handle=3940 /prefetch:1
CurrentDirectory: C:\Program Files (x86)\Steam\
User: DESKTOP-JP20VPR\BobWe
LogonGuid: {ec47ca29-70bf-61d3-9db4-020000000000}
LogonId: 0x2B49D
TerminalSessionId: 1
IntegrityLevel: Low
Hashes: SHA256=9F960F6FE51DA3271E17B6F68F792791A3D373CFF1390374AA09C57221A99863
ParentProcessGuid: {ec47ca29-70da-61d3-4301-000000008600}
ParentProcessId: 13648
ParentImage: C:\Program Files (x86)\Steam\bin\cef\cef.win7x64\steamwebhelper.exe
ParentCommandLine: ""C:\Program Files (x86)\Steam\bin\cef\cef.win7x64\steamwebhelper.exe"" ""-lang=en_US"" ""-cachedir=C:\Users\BobWe\AppData\Local\Steam\htmlcache"" ""-steampid=8900"" ""-buildid=1639697812"" ""-steamid=0"" ""-logdir=C:\Program Files (x86)\Steam\logs"" ""-composer-mode=0"" ""-steamuniverse=Public"" ""-realm=Global"" ""-clientui=C:\Program Files (x86)\Steam\clientui"" --enable-blink-features=ResizeObserver,Worklet,AudioWorklet --enable-media-stream --enable-smooth-scrolling --enable-direct-write ""--log-file=C:\Program Files (x86)\Steam\logs\cef_log.txt"" --disable-quick-menu
ParentUser: DESKTOP-JP20VPR\BobWe"
Information	1/4/2022 2:52:04 PM	Microsoft-Windows-Sysmon	1	Process Create (rule: ProcessCreate)	S-1-5-18	Microsoft-Windows-Sysmon/Operational		Info	DESKTOP-JP20VPR	14108	3560						00000000-0000-0000-0000-000000000000	00000000-0000-0000-0000-000000000000		"Process Create:
RuleName: -
UtcTime: 2022-01-04 19:52:04.768
ProcessGuid: {ec47ca29-a564-61d4-110b-000000008600}
ProcessId: 3288
Image: C:\Program Files (x86)\Steam\GameOverlayUI.exe
FileVersion: 06.96.74.78
Description: gameoverlayui.exe
Product: Steam
Company: Valve Corporation
OriginalFileName: gameoverlayui.exe
CommandLine: ""C:\Program Files (x86)\Steam\GameOverlayUI.exe"" -pid 11736 -steampid 8900 -manuallyclearframes 0 -gameid 2320 -webmicrotxn
CurrentDirectory: C:\Program Files (x86)\Steam\
User: DESKTOP-JP20VPR\BobWe
LogonGuid: {ec47ca29-70bf-61d3-9db4-020000000000}
LogonId: 0x2B49D
TerminalSessionId: 1
IntegrityLevel: Medium
Hashes: SHA256=0C91FD46FC540059E93CFCA119CE219945DE99D8379CABF58A19C74311F4F525
ParentProcessGuid: {ec47ca29-70d8-61d3-3f01-000000008600}
ParentProcessId: 8900
ParentImage: C:\Program Files (x86)\Steam\steam.exe
ParentCommandLine: ""C:\Program Files (x86)\Steam\steam.exe"" -silent
ParentUser: DESKTOP-JP20VPR\BobWe"
Information	1/4/2022 2:52:03 PM	Microsoft-Windows-Sysmon	1	Process Create (rule: ProcessCreate)	S-1-5-18	Microsoft-Windows-Sysmon/Operational		Info	DESKTOP-JP20VPR	14108	3560						00000000-0000-0000-0000-000000000000	00000000-0000-0000-0000-000000000000		"Process Create:
RuleName: -
UtcTime: 2022-01-04 19:52:03.799
ProcessGuid: {ec47ca29-a563-61d4-100b-000000008600}
ProcessId: 14828
Image: C:\Windows\System32\GameBarPresenceWriter.exe
FileVersion: 10.0.19041.1202 (WinBuild.160101.0800)
Description: Gamebar Presence Writer
Product: Microsoft® Windows® Operating System
Company: Microsoft Corporation
OriginalFileName: GamebarPresenceWriter.exe
CommandLine: ""C:\Windows\System32\GameBarPresenceWriter.exe"" -ServerName:Windows.Gaming.GameBar.Internal.PresenceWriterServer
CurrentDirectory: C:\Windows\system32\
User: DESKTOP-JP20VPR\BobWe
LogonGuid: {ec47ca29-70bf-61d3-9db4-020000000000}
LogonId: 0x2B49D
TerminalSessionId: 1
IntegrityLevel: Medium
Hashes: SHA256=3ECC7154B78472777AB5325525AE4BF394ED7AA1A9F00906D20AD973E27D2ED0
ParentProcessGuid: {ec47ca29-70be-61d3-0d00-000000008600}
ParentProcessId: 1056
ParentImage: C:\Windows\System32\svchost.exe
ParentCommandLine: C:\Windows\system32\svchost.exe -k DcomLaunch -p
ParentUser: NT AUTHORITY\SYSTEM"
Information	1/4/2022 2:52:02 PM	Microsoft-Windows-Sysmon	1	Process Create (rule: ProcessCreate)	S-1-5-18	Microsoft-Windows-Sysmon/Operational		Info	DESKTOP-JP20VPR	14108	3560						00000000-0000-0000-0000-000000000000	00000000-0000-0000-0000-000000000000		"Process Create:
RuleName: -
UtcTime: 2022-01-04 19:52:02.539
ProcessGuid: {ec47ca29-a562-61d4-0f0b-000000008600}
ProcessId: 16156
Image: C:\Windows\System32\SearchFilterHost.exe
FileVersion: 7.0.19041.1387 (WinBuild.160101.0800)
Description: Microsoft Windows Search Filter Host
Product: Windows® Search
Company: Microsoft Corporation
OriginalFileName: SearchFilterHost.exe
CommandLine: ""C:\Windows\system32\SearchFilterHost.exe"" 0 820 824 832 8192 828 800 
CurrentDirectory: C:\Windows\system32\
User: NT AUTHORITY\SYSTEM
LogonGuid: {ec47ca29-70be-61d3-e703-000000000000}
LogonId: 0x3E7
TerminalSessionId: 0
IntegrityLevel: Medium
Hashes: SHA256=47A88BCFAC10FCA3E1F3C3920327FBE16C2B41B0E3489233C1E087AE0F85A02E
ParentProcessGuid: {ec47ca29-70c3-61d3-8300-000000008600}
ParentProcessId: 6936
ParentImage: C:\Windows\System32\SearchIndexer.exe
ParentCommandLine: C:\Windows\system32\SearchIndexer.exe /Embedding
ParentUser: NT AUTHORITY\SYSTEM"
Information	1/4/2022 2:52:02 PM	Microsoft-Windows-Sysmon	1	Process Create (rule: ProcessCreate)	S-1-5-18	Microsoft-Windows-Sysmon/Operational		Info	DESKTOP-JP20VPR	14108	3560						00000000-0000-0000-0000-000000000000	00000000-0000-0000-0000-000000000000		"Process Create:
RuleName: -
UtcTime: 2022-01-04 19:52:02.527
ProcessGuid: {ec47ca29-a562-61d4-0e0b-000000008600}
ProcessId: 16652
Image: C:\Windows\System32\SearchProtocolHost.exe
FileVersion: 7.0.19041.1387 (WinBuild.160101.0800)
Description: Microsoft Windows Search Protocol Host
Product: Windows® Search
Company: Microsoft Corporation
OriginalFileName: SearchProtocolHost.exe
CommandLine: ""C:\Windows\system32\SearchProtocolHost.exe"" Global\UsGthrFltPipeMssGthrPipe20_ Global\UsGthrCtrlFltPipeMssGthrPipe20 1 -2147483646 ""Software\Microsoft\Windows Search"" ""Mozilla/4.0 (compatible; MSIE 6.0; Windows NT; MS Search 4.0 Robot)"" ""C:\ProgramData\Microsoft\Search\Data\Temp\usgthrsvc"" ""DownLevelDaemon"" 
CurrentDirectory: C:\Windows\system32\
User: NT AUTHORITY\SYSTEM
LogonGuid: {ec47ca29-70be-61d3-e703-000000000000}
LogonId: 0x3E7
TerminalSessionId: 0
IntegrityLevel: System
Hashes: SHA256=90F7291A0E1F0095CF145CC92294856DBFD78D7F1EE33C2D64C09ED95AA4F5D1
ParentProcessGuid: {ec47ca29-70c3-61d3-8300-000000008600}
ParentProcessId: 6936
ParentImage: C:\Windows\System32\SearchIndexer.exe
ParentCommandLine: C:\Windows\system32\SearchIndexer.exe /Embedding
ParentUser: NT AUTHORITY\SYSTEM"
Information	1/4/2022 2:52:02 PM	Microsoft-Windows-Sysmon	1	Process Create (rule: ProcessCreate)	S-1-5-18	Microsoft-Windows-Sysmon/Operational		Info	DESKTOP-JP20VPR	14108	3560						00000000-0000-0000-0000-000000000000	00000000-0000-0000-0000-000000000000		"Process Create:
RuleName: -
UtcTime: 2022-01-04 19:52:02.470
ProcessGuid: {ec47ca29-a562-61d4-0d0b-000000008600}
ProcessId: 11736
Image: D:\Program Files (x86)\steamapps\common\Quake 2\quake2.exe
FileVersion: -
Description: -
Product: -
Company: -
OriginalFileName: -
CommandLine: ""D:\Program Files (x86)\steamapps\common\Quake 2\quake2.exe""
CurrentDirectory: D:\Program Files (x86)\steamapps\common\Quake 2\
User: DESKTOP-JP20VPR\BobWe
LogonGuid: {ec47ca29-70bf-61d3-9db4-020000000000}
LogonId: 0x2B49D
TerminalSessionId: 1
IntegrityLevel: Medium
Hashes: SHA256=8C9D5A798055FBAED2718156108AE081877156311AE5FB159F64A778F02C2ADE
ParentProcessGuid: {ec47ca29-70d8-61d3-3f01-000000008600}
ParentProcessId: 8900
ParentImage: C:\Program Files (x86)\Steam\steam.exe
ParentCommandLine: ""C:\Program Files (x86)\Steam\steam.exe"" -silent
ParentUser: DESKTOP-JP20VPR\BobWe"
Information	1/4/2022 2:52:01 PM	Microsoft-Windows-Sysmon	5	Process terminated (rule: ProcessTerminate)	S-1-5-18	Microsoft-Windows-Sysmon/Operational		Info	DESKTOP-JP20VPR	14108	3560						00000000-0000-0000-0000-000000000000	00000000-0000-0000-0000-000000000000		"Process terminated:
RuleName: -
UtcTime: 2022-01-04 19:52:01.534
ProcessGuid: {ec47ca29-a561-61d4-0c0b-000000008600}
ProcessId: 16356
Image: C:\Program Files (x86)\Steam\steam.exe
User: DESKTOP-JP20VPR\BobWe"
Information	1/4/2022 2:52:01 PM	Microsoft-Windows-Sysmon	1	Process Create (rule: ProcessCreate)	S-1-5-18	Microsoft-Windows-Sysmon/Operational		Info	DESKTOP-JP20VPR	14108	3560						00000000-0000-0000-0000-000000000000	00000000-0000-0000-0000-000000000000		"Process Create:
RuleName: -
UtcTime: 2022-01-04 19:52:01.516
ProcessGuid: {ec47ca29-a561-61d4-0c0b-000000008600}
ProcessId: 16356
Image: C:\Program Files (x86)\Steam\steam.exe
FileVersion: 06.96.74.78
Description: Steam
Product: Steam
Company: Valve Corporation
OriginalFileName: steam.exe
CommandLine: ""C:\Program Files (x86)\Steam\steam.exe"" -- ""steam://rungameid/2320""
CurrentDirectory: C:\Windows\system32\
User: DESKTOP-JP20VPR\BobWe
LogonGuid: {ec47ca29-70bf-61d3-9db4-020000000000}
LogonId: 0x2B49D
TerminalSessionId: 1
IntegrityLevel: Medium
Hashes: SHA256=FFC0541718F663955E4865C924BD4500197A8DD2D6E18C14495848C4DC96ECAA
ParentProcessGuid: {ec47ca29-70c9-61d3-ef00-000000008600}
ParentProcessId: 8932
ParentImage: C:\Windows\explorer.exe
ParentCommandLine: C:\Windows\Explorer.EXE
ParentUser: DESKTOP-JP20VPR\BobWe"
Information	1/4/2022 2:51:52 PM	Microsoft-Windows-Sysmon	5	Process terminated (rule: ProcessTerminate)	S-1-5-18	Microsoft-Windows-Sysmon/Operational		Info	DESKTOP-JP20VPR	14108	3560						00000000-0000-0000-0000-000000000000	00000000-0000-0000-0000-000000000000		"Process terminated:
RuleName: -
UtcTime: 2022-01-04 19:51:52.638
ProcessGuid: {ec47ca29-a4fe-61d4-f80a-000000008600}
ProcessId: 6220
Image: C:\Windows\System32\RuntimeBroker.exe
User: DESKTOP-JP20VPR\BobWe"
Information	1/4/2022 2:51:44 PM	Microsoft-Windows-Sysmon	1	Process Create (rule: ProcessCreate)	S-1-5-18	Microsoft-Windows-Sysmon/Operational		Info	DESKTOP-JP20VPR	14108	3560						00000000-0000-0000-0000-000000000000	00000000-0000-0000-0000-000000000000		"Process Create:
RuleName: -
UtcTime: 2022-01-04 19:51:44.291
ProcessGuid: {ec47ca29-a550-61d4-0b0b-000000008600}
ProcessId: 15588
Image: C:\Windows\System32\conhost.exe
FileVersion: 10.0.19041.1320 (WinBuild.160101.0800)
Description: Console Window Host
Product: Microsoft® Windows® Operating System
Company: Microsoft Corporation
OriginalFileName: CONHOST.EXE
CommandLine: \??\C:\Windows\system32\conhost.exe 0xffffffff -ForceV1
CurrentDirectory: C:\Windows
User: DESKTOP-JP20VPR\BobWe
LogonGuid: {ec47ca29-70bf-61d3-9db4-020000000000}
LogonId: 0x2B49D
TerminalSessionId: 1
IntegrityLevel: Medium
Hashes: SHA256=22117361C2C34CB18BEEE2CA9770B3AA6C8D032A0941991454DD222BEC6D9295
ParentProcessGuid: {ec47ca29-a550-61d4-070b-000000008600}
ParentProcessId: 18896
ParentImage: C:\Users\BobWe\AppData\Local\Programs\Polarity\PolarityCE\PolarityProcessor.exe
ParentCommandLine: C:\Users\BobWe\AppData\Local\Programs\Polarity\PolarityCE\PolarityProcessor  -id 1 C:\Users\BobWe\AppData\Local\Programs\Polarity\PolarityCE\PolarityX.exe c:\users\bobwe\appdata\local\programs\polarity\polarityce\polarityx.exe -no-launcher
ParentUser: DESKTOP-JP20VPR\BobWe"
Information	1/4/2022 2:51:44 PM	Microsoft-Windows-Sysmon	1	Process Create (rule: ProcessCreate)	S-1-5-18	Microsoft-Windows-Sysmon/Operational		Info	DESKTOP-JP20VPR	14108	3560						00000000-0000-0000-0000-000000000000	00000000-0000-0000-0000-000000000000		"Process Create:
RuleName: -
UtcTime: 2022-01-04 19:51:44.198
ProcessGuid: {ec47ca29-a550-61d4-070b-000000008600}
ProcessId: 18896
Image: C:\Users\BobWe\AppData\Local\Programs\Polarity\PolarityCE\PolarityProcessor.exe
FileVersion: -
Description: -
Product: -
Company: -
OriginalFileName: -
CommandLine: C:\Users\BobWe\AppData\Local\Programs\Polarity\PolarityCE\PolarityProcessor  -id 1 C:\Users\BobWe\AppData\Local\Programs\Polarity\PolarityCE\PolarityX.exe c:\users\bobwe\appdata\local\programs\polarity\polarityce\polarityx.exe -no-launcher
CurrentDirectory: C:\Users\BobWe\AppData\Local\Programs\Polarity\PolarityCE\
User: DESKTOP-JP20VPR\BobWe
LogonGuid: {ec47ca29-70bf-61d3-9db4-020000000000}
LogonId: 0x2B49D
TerminalSessionId: 1
IntegrityLevel: Medium
Hashes: SHA256=8AAF15D0829308C006487506CBD8D9335C62F6DB7A1D83039B273BC7EF2E1989
ParentProcessGuid: {ec47ca29-a54e-61d4-050b-000000008600}
ParentProcessId: 13424
ParentImage: C:\Users\BobWe\AppData\Local\Programs\Polarity\PolarityCE\PolarityX.exe
ParentCommandLine: C:\Users\BobWe\AppData\Local\Programs\Polarity\PolarityCE\PolarityX.exe  c:\users\bobwe\appdata\local\programs\polarity\polarityce\polarityx.exe -no-launcher
ParentUser: DESKTOP-JP20VPR\BobWe"
Information	1/4/2022 2:51:44 PM	Microsoft-Windows-Sysmon	1	Process Create (rule: ProcessCreate)	S-1-5-18	Microsoft-Windows-Sysmon/Operational		Info	DESKTOP-JP20VPR	14108	3560						00000000-0000-0000-0000-000000000000	00000000-0000-0000-0000-000000000000		"Process Create:
RuleName: -
UtcTime: 2022-01-04 19:51:44.241
ProcessGuid: {ec47ca29-a550-61d4-0a0b-000000008600}
ProcessId: 13320
Image: C:\Users\BobWe\AppData\Local\Programs\Polarity\PolarityCE\QtWebEngineProcess.exe
FileVersion: 5.15.2.0
Description: C++ Application Development Framework
Product: Qt5
Company: The Qt Company Ltd.
OriginalFileName: QtWebEngineProcess.exe
CommandLine: ""C:\Users\BobWe\AppData\Local\Programs\Polarity\PolarityCE\QtWebEngineProcess.exe"" --type=renderer --disable-speech-api --enable-threaded-compositing --enable-features=AllowContentInitiatedDataUrlNavigations,TracingServiceInProcess --disable-features=BackgroundFetch,ConsolidatedMovementXY,DnsOverHttpsUpgrade,FormControlsRefresh,MojoVideoCapture,PictureInPicture,SmsReceiver,UseSkiaRenderer,WebPayments,WebUSB --lang=en-US --webengine-schemes=polarity:slLW;qrc:sLV --device-scale-factor=1 --num-raster-threads=4 --enable-main-frame-before-activation --renderer-client-id=6 --mojo-platform-channel-handle=3960 /prefetch:1
CurrentDirectory: C:\Users\BobWe\AppData\Local\Programs\Polarity\PolarityCE\
User: DESKTOP-JP20VPR\BobWe
LogonGuid: {ec47ca29-70bf-61d3-9db4-020000000000}
LogonId: 0x2B49D
TerminalSessionId: 1
IntegrityLevel: Low
Hashes: SHA256=1652A9C82AF5128D15B5B233BAD2E782ADC9E425F57013B45EDC057EC7801A3B
ParentProcessGuid: {ec47ca29-a54e-61d4-050b-000000008600}
ParentProcessId: 13424
ParentImage: C:\Users\BobWe\AppData\Local\Programs\Polarity\PolarityCE\PolarityX.exe
ParentCommandLine: C:\Users\BobWe\AppData\Local\Programs\Polarity\PolarityCE\PolarityX.exe  c:\users\bobwe\appdata\local\programs\polarity\polarityce\polarityx.exe -no-launcher
ParentUser: DESKTOP-JP20VPR\BobWe"
Information	1/4/2022 2:51:44 PM	Microsoft-Windows-Sysmon	1	Process Create (rule: ProcessCreate)	S-1-5-18	Microsoft-Windows-Sysmon/Operational		Info	DESKTOP-JP20VPR	14108	3560						00000000-0000-0000-0000-000000000000	00000000-0000-0000-0000-000000000000		"Process Create:
RuleName: -
UtcTime: 2022-01-04 19:51:44.237
ProcessGuid: {ec47ca29-a550-61d4-090b-000000008600}
ProcessId: 21400
Image: C:\Users\BobWe\AppData\Local\Programs\Polarity\PolarityCE\QtWebEngineProcess.exe
FileVersion: 5.15.2.0
Description: C++ Application Development Framework
Product: Qt5
Company: The Qt Company Ltd.
OriginalFileName: QtWebEngineProcess.exe
CommandLine: ""C:\Users\BobWe\AppData\Local\Programs\Polarity\PolarityCE\QtWebEngineProcess.exe"" --type=renderer --disable-speech-api --enable-threaded-compositing --enable-features=AllowContentInitiatedDataUrlNavigations,TracingServiceInProcess --disable-features=BackgroundFetch,ConsolidatedMovementXY,DnsOverHttpsUpgrade,FormControlsRefresh,MojoVideoCapture,PictureInPicture,SmsReceiver,UseSkiaRenderer,WebPayments,WebUSB --lang=en-US --webengine-schemes=polarity:slLW;qrc:sLV --device-scale-factor=1 --num-raster-threads=4 --enable-main-frame-before-activation --renderer-client-id=5 --mojo-platform-channel-handle=3904 /prefetch:1
CurrentDirectory: C:\Users\BobWe\AppData\Local\Programs\Polarity\PolarityCE\
User: DESKTOP-JP20VPR\BobWe
LogonGuid: {ec47ca29-70bf-61d3-9db4-020000000000}
LogonId: 0x2B49D
TerminalSessionId: 1
IntegrityLevel: Low
Hashes: SHA256=1652A9C82AF5128D15B5B233BAD2E782ADC9E425F57013B45EDC057EC7801A3B
ParentProcessGuid: {ec47ca29-a54e-61d4-050b-000000008600}
ParentProcessId: 13424
ParentImage: C:\Users\BobWe\AppData\Local\Programs\Polarity\PolarityCE\PolarityX.exe
ParentCommandLine: C:\Users\BobWe\AppData\Local\Programs\Polarity\PolarityCE\PolarityX.exe  c:\users\bobwe\appdata\local\programs\polarity\polarityce\polarityx.exe -no-launcher
ParentUser: DESKTOP-JP20VPR\BobWe"
Information	1/4/2022 2:51:44 PM	Microsoft-Windows-Sysmon	1	Process Create (rule: ProcessCreate)	S-1-5-18	Microsoft-Windows-Sysmon/Operational		Info	DESKTOP-JP20VPR	14108	3560						00000000-0000-0000-0000-000000000000	00000000-0000-0000-0000-000000000000		"Process Create:
RuleName: -
UtcTime: 2022-01-04 19:51:44.233
ProcessGuid: {ec47ca29-a550-61d4-080b-000000008600}
ProcessId: 16908
Image: C:\Users\BobWe\AppData\Local\Programs\Polarity\PolarityCE\QtWebEngineProcess.exe
FileVersion: 5.15.2.0
Description: C++ Application Development Framework
Product: Qt5
Company: The Qt Company Ltd.
OriginalFileName: QtWebEngineProcess.exe
CommandLine: ""C:\Users\BobWe\AppData\Local\Programs\Polarity\PolarityCE\QtWebEngineProcess.exe"" --type=renderer --disable-speech-api --enable-threaded-compositing --enable-features=AllowContentInitiatedDataUrlNavigations,TracingServiceInProcess --disable-features=BackgroundFetch,ConsolidatedMovementXY,DnsOverHttpsUpgrade,FormControlsRefresh,MojoVideoCapture,PictureInPicture,SmsReceiver,UseSkiaRenderer,WebPayments,WebUSB --lang=en-US --webengine-schemes=polarity:slLW;qrc:sLV --device-scale-factor=1 --num-raster-threads=4 --enable-main-frame-before-activation --renderer-client-id=4 --mojo-platform-channel-handle=3796 /prefetch:1
CurrentDirectory: C:\Users\BobWe\AppData\Local\Programs\Polarity\PolarityCE\
User: DESKTOP-JP20VPR\BobWe
LogonGuid: {ec47ca29-70bf-61d3-9db4-020000000000}
LogonId: 0x2B49D
TerminalSessionId: 1
IntegrityLevel: Low
Hashes: SHA256=1652A9C82AF5128D15B5B233BAD2E782ADC9E425F57013B45EDC057EC7801A3B
ParentProcessGuid: {ec47ca29-a54e-61d4-050b-000000008600}
ParentProcessId: 13424
ParentImage: C:\Users\BobWe\AppData\Local\Programs\Polarity\PolarityCE\PolarityX.exe
ParentCommandLine: C:\Users\BobWe\AppData\Local\Programs\Polarity\PolarityCE\PolarityX.exe  c:\users\bobwe\appdata\local\programs\polarity\polarityce\polarityx.exe -no-launcher
ParentUser: DESKTOP-JP20VPR\BobWe"
Information	1/4/2022 2:51:44 PM	Microsoft-Windows-Sysmon	1	Process Create (rule: ProcessCreate)	S-1-5-18	Microsoft-Windows-Sysmon/Operational		Info	DESKTOP-JP20VPR	14108	3560						00000000-0000-0000-0000-000000000000	00000000-0000-0000-0000-000000000000		"Process Create:
RuleName: -
UtcTime: 2022-01-04 19:51:44.149
ProcessGuid: {ec47ca29-a550-61d4-060b-000000008600}
ProcessId: 21480
Image: C:\Users\BobWe\AppData\Local\Programs\Polarity\PolarityCE\QtWebEngineProcess.exe
FileVersion: 5.15.2.0
Description: C++ Application Development Framework
Product: Qt5
Company: The Qt Company Ltd.
OriginalFileName: QtWebEngineProcess.exe
CommandLine: ""C:\Users\BobWe\AppData\Local\Programs\Polarity\PolarityCE\QtWebEngineProcess.exe"" --type=utility --enable-features=AllowContentInitiatedDataUrlNavigations,TracingServiceInProcess --disable-features=BackgroundFetch,ConsolidatedMovementXY,DnsOverHttpsUpgrade,FormControlsRefresh,MojoVideoCapture,PictureInPicture,SmsReceiver,UseSkiaRenderer,WebPayments,WebUSB --lang=en-US --service-sandbox-type=network --use-gl=desktop --application-name=PolarityCE --webengine-schemes=polarity:slLW;qrc:sLV --mojo-platform-channel-handle=3740 /prefetch:8
CurrentDirectory: C:\Users\BobWe\AppData\Local\Programs\Polarity\PolarityCE\
User: DESKTOP-JP20VPR\BobWe
LogonGuid: {ec47ca29-70bf-61d3-9db4-020000000000}
LogonId: 0x2B49D
TerminalSessionId: 1
IntegrityLevel: Medium
Hashes: SHA256=1652A9C82AF5128D15B5B233BAD2E782ADC9E425F57013B45EDC057EC7801A3B
ParentProcessGuid: {ec47ca29-a54e-61d4-050b-000000008600}
ParentProcessId: 13424
ParentImage: C:\Users\BobWe\AppData\Local\Programs\Polarity\PolarityCE\PolarityX.exe
ParentCommandLine: C:\Users\BobWe\AppData\Local\Programs\Polarity\PolarityCE\PolarityX.exe  c:\users\bobwe\appdata\local\programs\polarity\polarityce\polarityx.exe -no-launcher
ParentUser: DESKTOP-JP20VPR\BobWe"
Information	1/4/2022 2:51:42 PM	Microsoft-Windows-Sysmon	1	Process Create (rule: ProcessCreate)	S-1-5-18	Microsoft-Windows-Sysmon/Operational		Info	DESKTOP-JP20VPR	14108	3560						00000000-0000-0000-0000-000000000000	00000000-0000-0000-0000-000000000000		"Process Create:
RuleName: -
UtcTime: 2022-01-04 19:51:42.898
ProcessGuid: {ec47ca29-a54e-61d4-050b-000000008600}
ProcessId: 13424
Image: C:\Users\BobWe\AppData\Local\Programs\Polarity\PolarityCE\PolarityX.exe
FileVersion: -
Description: -
Product: -
Company: -
OriginalFileName: -
CommandLine: C:\Users\BobWe\AppData\Local\Programs\Polarity\PolarityCE\PolarityX.exe  c:\users\bobwe\appdata\local\programs\polarity\polarityce\polarityx.exe -no-launcher
CurrentDirectory: C:\Users\BobWe\AppData\Local\Programs\Polarity\PolarityCE\
User: DESKTOP-JP20VPR\BobWe
LogonGuid: {ec47ca29-70bf-61d3-9db4-020000000000}
LogonId: 0x2B49D
TerminalSessionId: 1
IntegrityLevel: Medium
Hashes: SHA256=3C947B3BEE1A5CBE3C02F1D235243D8CD4B8C0E1B62FB3EC6F81400A648CC504
ParentProcessGuid: {ec47ca29-a54e-61d4-040b-000000008600}
ParentProcessId: 9260
ParentImage: C:\Users\BobWe\AppData\Local\Programs\Polarity\PolarityCE\PolarityX.exe
ParentCommandLine: ""C:\Users\BobWe\AppData\Local\Programs\Polarity\PolarityCE\PolarityX.exe"" 
ParentUser: DESKTOP-JP20VPR\BobWe"
Information	1/4/2022 2:51:42 PM	Microsoft-Windows-Sysmon	1	Process Create (rule: ProcessCreate)	S-1-5-18	Microsoft-Windows-Sysmon/Operational		Info	DESKTOP-JP20VPR	14108	3560						00000000-0000-0000-0000-000000000000	00000000-0000-0000-0000-000000000000		"Process Create:
RuleName: -
UtcTime: 2022-01-04 19:51:42.646
ProcessGuid: {ec47ca29-a54e-61d4-040b-000000008600}
ProcessId: 9260
Image: C:\Users\BobWe\AppData\Local\Programs\Polarity\PolarityCE\PolarityX.exe
FileVersion: -
Description: -
Product: -
Company: -
OriginalFileName: -
CommandLine: ""C:\Users\BobWe\AppData\Local\Programs\Polarity\PolarityCE\PolarityX.exe"" 
CurrentDirectory: C:\Users\BobWe\AppData\Local\Programs\Polarity\PolarityCE\
User: DESKTOP-JP20VPR\BobWe
LogonGuid: {ec47ca29-70bf-61d3-9db4-020000000000}
LogonId: 0x2B49D
TerminalSessionId: 1
IntegrityLevel: Medium
Hashes: SHA256=3C947B3BEE1A5CBE3C02F1D235243D8CD4B8C0E1B62FB3EC6F81400A648CC504
ParentProcessGuid: {ec47ca29-70c9-61d3-ef00-000000008600}
ParentProcessId: 8932
ParentImage: C:\Windows\explorer.exe
ParentCommandLine: C:\Windows\Explorer.EXE
ParentUser: DESKTOP-JP20VPR\BobWe"
Information	1/4/2022 2:51:22 PM	Microsoft-Windows-Sysmon	5	Process terminated (rule: ProcessTerminate)	S-1-5-18	Microsoft-Windows-Sysmon/Operational		Info	DESKTOP-JP20VPR	14108	3560						00000000-0000-0000-0000-000000000000	00000000-0000-0000-0000-000000000000		"Process terminated:
RuleName: -
UtcTime: 2022-01-04 19:51:22.629
ProcessGuid: {ec47ca29-a4fe-61d4-f70a-000000008600}
ProcessId: 6648
Image: C:\Windows\System32\backgroundTaskHost.exe
User: DESKTOP-JP20VPR\BobWe"
Information	1/4/2022 2:50:59 PM	Microsoft-Windows-Sysmon	5	Process terminated (rule: ProcessTerminate)	S-1-5-18	Microsoft-Windows-Sysmon/Operational		Info	DESKTOP-JP20VPR	14108	3560						00000000-0000-0000-0000-000000000000	00000000-0000-0000-0000-000000000000		"Process terminated:
RuleName: -
UtcTime: 2022-01-04 19:50:59.442
ProcessGuid: {ec47ca29-a505-61d4-fe0a-000000008600}
ProcessId: 17204
Image: C:\Program Files (x86)\Microsoft\Edge\Application\msedge.exe
User: DESKTOP-JP20VPR\BobWe"
Information	1/4/2022 2:50:59 PM	Microsoft-Windows-Sysmon	5	Process terminated (rule: ProcessTerminate)	S-1-5-18	Microsoft-Windows-Sysmon/Operational		Info	DESKTOP-JP20VPR	14108	3560						00000000-0000-0000-0000-000000000000	00000000-0000-0000-0000-000000000000		"Process terminated:
RuleName: -
UtcTime: 2022-01-04 19:50:59.385
ProcessGuid: {ec47ca29-a523-61d4-030b-000000008600}
ProcessId: 21424
Image: C:\Program Files (x86)\Microsoft\Edge\Application\msedge.exe
User: DESKTOP-JP20VPR\BobWe"
Information	1/4/2022 2:50:59 PM	Microsoft-Windows-Sysmon	5	Process terminated (rule: ProcessTerminate)	S-1-5-18	Microsoft-Windows-Sysmon/Operational		Info	DESKTOP-JP20VPR	14108	3560						00000000-0000-0000-0000-000000000000	00000000-0000-0000-0000-000000000000		"Process terminated:
RuleName: -
UtcTime: 2022-01-04 19:50:59.385
ProcessGuid: {ec47ca29-a523-61d4-020b-000000008600}
ProcessId: 15416
Image: C:\Program Files (x86)\Microsoft\Edge\Application\msedge.exe
User: DESKTOP-JP20VPR\BobWe"
Information	1/4/2022 2:50:59 PM	Microsoft-Windows-Sysmon	1	Process Create (rule: ProcessCreate)	S-1-5-18	Microsoft-Windows-Sysmon/Operational		Info	DESKTOP-JP20VPR	14108	3560						00000000-0000-0000-0000-000000000000	00000000-0000-0000-0000-000000000000		"Process Create:
RuleName: -
UtcTime: 2022-01-04 19:50:59.335
ProcessGuid: {ec47ca29-a523-61d4-030b-000000008600}
ProcessId: 21424
Image: C:\Program Files (x86)\Microsoft\Edge\Application\msedge.exe
FileVersion: 96.0.1054.62
Description: Microsoft Edge
Product: Microsoft Edge
Company: Microsoft Corporation
OriginalFileName: msedge.exe
CommandLine: ""C:\Program Files (x86)\Microsoft\Edge\Application\msedge.exe"" --type=utility --utility-sub-type=chrome.mojom.UtilWin --field-trial-handle=2012,1244110510371170435,8152594815629963759,131072 --lang=en-US --service-sandbox-type=none --mojo-platform-channel-handle=2448 /prefetch:8
CurrentDirectory: C:\Program Files (x86)\Microsoft\Edge\Application\96.0.1054.62\
User: DESKTOP-JP20VPR\BobWe
LogonGuid: {ec47ca29-70bf-61d3-9db4-020000000000}
LogonId: 0x2B49D
TerminalSessionId: 1
IntegrityLevel: Medium
Hashes: SHA256=18A839142796D6E4D0FA44F5A75E0CD79CC5C1A5FDE39B7CC00FAEC50A899B6D
ParentProcessGuid: {ec47ca29-a505-61d4-f90a-000000008600}
ParentProcessId: 10628
ParentImage: C:\Program Files (x86)\Microsoft\Edge\Application\msedge.exe
ParentCommandLine: ""C:\Program Files (x86)\Microsoft\Edge\Application\msedge.exe"" --no-startup-window /prefetch:5
ParentUser: DESKTOP-JP20VPR\BobWe"
