Information,1/3/2022 6:02:16 PM,Microsoft-Windows-Sysmon,5,Process terminated (rule: ProcessTerminate),S-1-5-18,Microsoft-Windows-Sysmon/Operational,,Info,DESKTOP-JP20VPR,14108,3560,,,,,,00000000-0000-0000-0000-000000000000,00000000-0000-0000-0000-000000000000,,"Process terminated:
RuleName: -
UtcTime: 2022-01-03 23:02:16.700
ProcessGuid: {ec47ca29-8078-61d3-c503-000000008600}
ProcessId: 16524
Image: C:\Program Files (x86)\ASUS\Update\1.3.107.65\Get-AppxVersion.exe
User: NT AUTHORITY\SYSTEM"
Information,1/3/2022 6:02:16 PM,Microsoft-Windows-Sysmon,5,Process terminated (rule: ProcessTerminate),S-1-5-18,Microsoft-Windows-Sysmon/Operational,,Info,DESKTOP-JP20VPR,14108,3560,,,,,,00000000-0000-0000-0000-000000000000,00000000-0000-0000-0000-000000000000,,"Process terminated:
RuleName: -
UtcTime: 2022-01-03 23:02:16.697
ProcessGuid: {ec47ca29-8078-61d3-c603-000000008600}
ProcessId: 7964
Image: C:\Program Files (x86)\ASUS\Update\1.3.107.65\Get-AppxVersion.exe
User: DESKTOP-JP20VPR\BobWe"
Information,1/3/2022 6:02:16 PM,Microsoft-Windows-Sysmon,1,Process Create (rule: ProcessCreate),S-1-5-18,Microsoft-Windows-Sysmon/Operational,,Info,DESKTOP-JP20VPR,14108,3560,,,,,,00000000-0000-0000-0000-000000000000,00000000-0000-0000-0000-000000000000,,"Process Create:
RuleName: -
UtcTime: 2022-01-03 23:02:16.663
ProcessGuid: {ec47ca29-8078-61d3-c603-000000008600}
ProcessId: 7964
Image: C:\Program Files (x86)\ASUS\Update\1.3.107.65\Get-AppxVersion.exe
FileVersion: 1.4.1.0
Description: Get-AppxVersion
Product: Get-AppxVersion
Company: -
OriginalFileName: Get-AppxVersion.exe
CommandLine: ""C:\Program Files (x86)\ASUS\Update\1.3.107.65\Get-AppxVersion.exe"" ui
CurrentDirectory: C:\Program Files (x86)\ASUS\Update\1.3.107.65\
User: DESKTOP-JP20VPR\BobWe
LogonGuid: {ec47ca29-70bf-61d3-9db4-020000000000}
LogonId: 0x2B49D
TerminalSessionId: 1
IntegrityLevel: Medium
Hashes: SHA256=674AC1E401A5F0C13032D1C89CFF8AB61F0B3C82B2A8B1D6FAB9DEC6CA2DFF86
ParentProcessGuid: {ec47ca29-8078-61d3-c503-000000008600}
ParentProcessId: 16524
ParentImage: C:\Program Files (x86)\ASUS\Update\1.3.107.65\Get-AppxVersion.exe
ParentCommandLine: ""C:\Program Files (x86)\ASUS\Update\1.3.107.65\Get-AppxVersion.exe"" ALL
ParentUser: NT AUTHORITY\SYSTEM"
Information,1/3/2022 6:02:16 PM,Microsoft-Windows-Sysmon,1,Process Create (rule: ProcessCreate),S-1-5-18,Microsoft-Windows-Sysmon/Operational,,Info,DESKTOP-JP20VPR,14108,3560,,,,,,00000000-0000-0000-0000-000000000000,00000000-0000-0000-0000-000000000000,,"Process Create:
RuleName: -
UtcTime: 2022-01-03 23:02:16.617
ProcessGuid: {ec47ca29-8078-61d3-c503-000000008600}
ProcessId: 16524
Image: C:\Program Files (x86)\ASUS\Update\1.3.107.65\Get-AppxVersion.exe
FileVersion: 1.4.1.0
Description: Get-AppxVersion
Product: Get-AppxVersion
Company: -
OriginalFileName: Get-AppxVersion.exe
CommandLine: ""C:\Program Files (x86)\ASUS\Update\1.3.107.65\Get-AppxVersion.exe"" ALL
CurrentDirectory: C:\Program Files (x86)\ASUS\Update\1.3.107.65\
User: NT AUTHORITY\SYSTEM
LogonGuid: {ec47ca29-70be-61d3-e703-000000000000}
LogonId: 0x3E7
TerminalSessionId: 0
IntegrityLevel: System
Hashes: SHA256=674AC1E401A5F0C13032D1C89CFF8AB61F0B3C82B2A8B1D6FAB9DEC6CA2DFF86
ParentProcessGuid: {ec47ca29-8078-61d3-c403-000000008600}
ParentProcessId: 16688
ParentImage: C:\Program Files (x86)\ASUS\Update\AsusUpdate.exe
ParentCommandLine: ""C:\Program Files (x86)\ASUS\Update\AsusUpdate.exe"" /ua /installsource scheduler
ParentUser: NT AUTHORITY\SYSTEM"
Information,1/3/2022 6:02:16 PM,Microsoft-Windows-Sysmon,1,Process Create (rule: ProcessCreate),S-1-5-18,Microsoft-Windows-Sysmon/Operational,,Info,DESKTOP-JP20VPR,14108,3560,,,,,,00000000-0000-0000-0000-000000000000,00000000-0000-0000-0000-000000000000,,"Process Create:
RuleName: -
UtcTime: 2022-01-03 23:02:16.509
ProcessGuid: {ec47ca29-8078-61d3-c403-000000008600}
ProcessId: 16688
Image: C:\Program Files (x86)\ASUS\Update\AsusUpdate.exe
FileVersion: 1.3.107.15
Description: ASUS Update
Product: ASUS Update
Company: ASUSTeK Computer Inc.
OriginalFileName: AsusUpdate.exe
CommandLine: ""C:\Program Files (x86)\ASUS\Update\AsusUpdate.exe"" /ua /installsource scheduler
CurrentDirectory: C:\Windows\system32\
User: NT AUTHORITY\SYSTEM
LogonGuid: {ec47ca29-70be-61d3-e703-000000000000}
LogonId: 0x3E7
TerminalSessionId: 0
IntegrityLevel: System
Hashes: SHA256=F7971A3CECAF05B6270DFFC0C5895F36BDDED4B062A01D3FDB24D36E83AACAB7
ParentProcessGuid: {ec47ca29-70bf-61d3-1c00-000000008600}
ParentProcessId: 1716
ParentImage: C:\Windows\System32\svchost.exe
ParentCommandLine: C:\Windows\system32\svchost.exe -k netsvcs -p -s Schedule
ParentUser: NT AUTHORITY\SYSTEM"
Information,1/3/2022 6:00:03 PM,Microsoft-Windows-Sysmon,5,Process terminated (rule: ProcessTerminate),S-1-5-18,Microsoft-Windows-Sysmon/Operational,,Info,DESKTOP-JP20VPR,14108,3560,,,,,,00000000-0000-0000-0000-000000000000,00000000-0000-0000-0000-000000000000,,"Process terminated:
RuleName: -
UtcTime: 2022-01-03 23:00:03.037
ProcessGuid: {ec47ca29-7ff2-61d3-c303-000000008600}
ProcessId: 6220
Image: C:\Windows\System32\conhost.exe
User: DESKTOP-JP20VPR\BobWe"
Information,1/3/2022 6:00:03 PM,Microsoft-Windows-Sysmon,5,Process terminated (rule: ProcessTerminate),S-1-5-18,Microsoft-Windows-Sysmon/Operational,,Info,DESKTOP-JP20VPR,14108,3560,,,,,,00000000-0000-0000-0000-000000000000,00000000-0000-0000-0000-000000000000,,"Process terminated:
RuleName: -
UtcTime: 2022-01-03 23:00:03.030
ProcessGuid: {ec47ca29-7ff2-61d3-c203-000000008600}
ProcessId: 6888
Image: C:\Program Files\Mozilla Firefox\pingsender.exe
User: DESKTOP-JP20VPR\BobWe"
Information,1/3/2022 6:00:02 PM,Microsoft-Windows-Sysmon,5,Process terminated (rule: ProcessTerminate),S-1-5-18,Microsoft-Windows-Sysmon/Operational,,Info,DESKTOP-JP20VPR,14108,3560,,,,,,00000000-0000-0000-0000-000000000000,00000000-0000-0000-0000-000000000000,,"Process terminated:
RuleName: -
UtcTime: 2022-01-03 23:00:02.982
ProcessGuid: {ec47ca29-7ff2-61d3-bf03-000000008600}
ProcessId: 7728
Image: C:\Windows\System32\conhost.exe
User: DESKTOP-JP20VPR\BobWe"
Information,1/3/2022 6:00:02 PM,Microsoft-Windows-Sysmon,5,Process terminated (rule: ProcessTerminate),S-1-5-18,Microsoft-Windows-Sysmon/Operational,,Info,DESKTOP-JP20VPR,14108,3560,,,,,,00000000-0000-0000-0000-000000000000,00000000-0000-0000-0000-000000000000,,"Process terminated:
RuleName: -
UtcTime: 2022-01-03 23:00:02.980
ProcessGuid: {ec47ca29-7ff2-61d3-be03-000000008600}
ProcessId: 19188
Image: C:\Program Files\Mozilla Firefox\pingsender.exe
User: DESKTOP-JP20VPR\BobWe"
Information,1/3/2022 6:00:02 PM,Microsoft-Windows-Sysmon,5,Process terminated (rule: ProcessTerminate),S-1-5-18,Microsoft-Windows-Sysmon/Operational,,Info,DESKTOP-JP20VPR,14108,3560,,,,,,00000000-0000-0000-0000-000000000000,00000000-0000-0000-0000-000000000000,,"Process terminated:
RuleName: -
UtcTime: 2022-01-03 23:00:02.941
ProcessGuid: {ec47ca29-7ff2-61d3-c103-000000008600}
ProcessId: 14868
Image: C:\Windows\System32\conhost.exe
User: DESKTOP-JP20VPR\BobWe"
Information,1/3/2022 6:00:02 PM,Microsoft-Windows-Sysmon,5,Process terminated (rule: ProcessTerminate),S-1-5-18,Microsoft-Windows-Sysmon/Operational,,Info,DESKTOP-JP20VPR,14108,3560,,,,,,00000000-0000-0000-0000-000000000000,00000000-0000-0000-0000-000000000000,,"Process terminated:
RuleName: -
UtcTime: 2022-01-03 23:00:02.939
ProcessGuid: {ec47ca29-7ff2-61d3-c003-000000008600}
ProcessId: 2396
Image: C:\Program Files\Mozilla Firefox\pingsender.exe
User: DESKTOP-JP20VPR\BobWe"
Information,1/3/2022 6:00:02 PM,Microsoft-Windows-Sysmon,5,Process terminated (rule: ProcessTerminate),S-1-5-18,Microsoft-Windows-Sysmon/Operational,,Info,DESKTOP-JP20VPR,14108,3560,,,,,,00000000-0000-0000-0000-000000000000,00000000-0000-0000-0000-000000000000,,"Process terminated:
RuleName: -
UtcTime: 2022-01-03 23:00:02.770
ProcessGuid: {ec47ca29-7fd9-61d3-a803-000000008600}
ProcessId: 6240
Image: C:\Program Files\Mozilla Firefox\firefox.exe
User: DESKTOP-JP20VPR\BobWe"
Information,1/3/2022 6:00:02 PM,Microsoft-Windows-Sysmon,5,Process terminated (rule: ProcessTerminate),S-1-5-18,Microsoft-Windows-Sysmon/Operational,,Info,DESKTOP-JP20VPR,14108,3560,,,,,,00000000-0000-0000-0000-000000000000,00000000-0000-0000-0000-000000000000,,"Process terminated:
RuleName: -
UtcTime: 2022-01-03 23:00:02.749
ProcessGuid: {ec47ca29-7fd9-61d3-a703-000000008600}
ProcessId: 13416
Image: C:\Program Files\Mozilla Firefox\firefox.exe
User: DESKTOP-JP20VPR\BobWe"
Information,1/3/2022 6:00:02 PM,Microsoft-Windows-Sysmon,5,Process terminated (rule: ProcessTerminate),S-1-5-18,Microsoft-Windows-Sysmon/Operational,,Info,DESKTOP-JP20VPR,14108,3560,,,,,,00000000-0000-0000-0000-000000000000,00000000-0000-0000-0000-000000000000,,"Process terminated:
RuleName: -
UtcTime: 2022-01-03 23:00:02.724
ProcessGuid: {ec47ca29-7fe2-61d3-b503-000000008600}
ProcessId: 18524
Image: C:\Program Files\Mozilla Firefox\firefox.exe
User: DESKTOP-JP20VPR\BobWe"
Information,1/3/2022 6:00:02 PM,Microsoft-Windows-Sysmon,1,Process Create (rule: ProcessCreate),S-1-5-18,Microsoft-Windows-Sysmon/Operational,,Info,DESKTOP-JP20VPR,14108,3560,,,,,,00000000-0000-0000-0000-000000000000,00000000-0000-0000-0000-000000000000,,"Process Create:
RuleName: -
UtcTime: 2022-01-03 23:00:02.710
ProcessGuid: {ec47ca29-7ff2-61d3-c303-000000008600}
ProcessId: 6220
Image: C:\Windows\System32\conhost.exe
FileVersion: 10.0.19041.1320 (WinBuild.160101.0800)
Description: Console Window Host
Product: Microsoft® Windows® Operating System
Company: Microsoft Corporation
OriginalFileName: CONHOST.EXE
CommandLine: \??\C:\Windows\system32\conhost.exe 0xffffffff -ForceV1
CurrentDirectory: C:\Windows
User: DESKTOP-JP20VPR\BobWe
LogonGuid: {ec47ca29-70bf-61d3-9db4-020000000000}
LogonId: 0x2B49D
TerminalSessionId: 1
IntegrityLevel: Medium
Hashes: SHA256=22117361C2C34CB18BEEE2CA9770B3AA6C8D032A0941991454DD222BEC6D9295
ParentProcessGuid: {ec47ca29-7ff2-61d3-c203-000000008600}
ParentProcessId: 6888
ParentImage: C:\Program Files\Mozilla Firefox\pingsender.exe
ParentCommandLine: ""C:\Program Files\Mozilla Firefox\pingsender.exe"" https://incoming.telemetry.mozilla.org/submit/telemetry/e60a1417-293f-44d2-9141-0aa64f7b5154/main/Firefox/95.0.2/release/20211218203254?v=4 C:\Users\BobWe\AppData\Roaming\Mozilla\Firefox\Profiles\a0yoc0a3.default-release\saved-telemetry-pings\e60a1417-293f-44d2-9141-0aa64f7b5154
ParentUser: DESKTOP-JP20VPR\BobWe"
Information,1/3/2022 6:00:02 PM,Microsoft-Windows-Sysmon,1,Process Create (rule: ProcessCreate),S-1-5-18,Microsoft-Windows-Sysmon/Operational,,Info,DESKTOP-JP20VPR,14108,3560,,,,,,00000000-0000-0000-0000-000000000000,00000000-0000-0000-0000-000000000000,,"Process Create:
RuleName: -
UtcTime: 2022-01-03 23:00:02.708
ProcessGuid: {ec47ca29-7ff2-61d3-c203-000000008600}
ProcessId: 6888
Image: C:\Program Files\Mozilla Firefox\pingsender.exe
FileVersion: 95.0.2
Description: -
Product: Firefox
Company: Mozilla Foundation
OriginalFileName: pingsender.exe
CommandLine: ""C:\Program Files\Mozilla Firefox\pingsender.exe"" https://incoming.telemetry.mozilla.org/submit/telemetry/e60a1417-293f-44d2-9141-0aa64f7b5154/main/Firefox/95.0.2/release/20211218203254?v=4 C:\Users\BobWe\AppData\Roaming\Mozilla\Firefox\Profiles\a0yoc0a3.default-release\saved-telemetry-pings\e60a1417-293f-44d2-9141-0aa64f7b5154
CurrentDirectory: C:\Program Files\Mozilla Firefox\
User: DESKTOP-JP20VPR\BobWe
LogonGuid: {ec47ca29-70bf-61d3-9db4-020000000000}
LogonId: 0x2B49D
TerminalSessionId: 1
IntegrityLevel: Medium
Hashes: SHA256=AB7C9CBD3984B108A250B57B7F272A3D4A7D5915D7AF9CED08AD79E67DEEC8E2
ParentProcessGuid: {ec47ca29-7fd9-61d3-a703-000000008600}
ParentProcessId: 13416
ParentImage: C:\Program Files\Mozilla Firefox\firefox.exe
ParentCommandLine: ""C:\Program Files\Mozilla Firefox\firefox.exe""
ParentUser: DESKTOP-JP20VPR\BobWe"
Information,1/3/2022 6:00:02 PM,Microsoft-Windows-Sysmon,1,Process Create (rule: ProcessCreate),S-1-5-18,Microsoft-Windows-Sysmon/Operational,,Info,DESKTOP-JP20VPR,14108,3560,,,,,,00000000-0000-0000-0000-000000000000,00000000-0000-0000-0000-000000000000,,"Process Create:
RuleName: -
UtcTime: 2022-01-03 23:00:02.697
ProcessGuid: {ec47ca29-7ff2-61d3-c103-000000008600}
ProcessId: 14868
Image: C:\Windows\System32\conhost.exe
FileVersion: 10.0.19041.1320 (WinBuild.160101.0800)
Description: Console Window Host
Product: Microsoft® Windows® Operating System
Company: Microsoft Corporation
OriginalFileName: CONHOST.EXE
CommandLine: \??\C:\Windows\system32\conhost.exe 0xffffffff -ForceV1
CurrentDirectory: C:\Windows
User: DESKTOP-JP20VPR\BobWe
LogonGuid: {ec47ca29-70bf-61d3-9db4-020000000000}
LogonId: 0x2B49D
TerminalSessionId: 1
IntegrityLevel: Medium
Hashes: SHA256=22117361C2C34CB18BEEE2CA9770B3AA6C8D032A0941991454DD222BEC6D9295
ParentProcessGuid: {ec47ca29-7ff2-61d3-c003-000000008600}
ParentProcessId: 2396
ParentImage: C:\Program Files\Mozilla Firefox\pingsender.exe
ParentCommandLine: ""C:\Program Files\Mozilla Firefox\pingsender.exe"" https://incoming.telemetry.mozilla.org/submit/telemetry/225e3603-030c-43f1-8c3b-07da935733ce/health/Firefox/95.0.2/release/20211218203254?v=4 C:\Users\BobWe\AppData\Roaming\Mozilla\Firefox\Profiles\a0yoc0a3.default-release\saved-telemetry-pings\225e3603-030c-43f1-8c3b-07da935733ce
ParentUser: DESKTOP-JP20VPR\BobWe"
Information,1/3/2022 6:00:02 PM,Microsoft-Windows-Sysmon,1,Process Create (rule: ProcessCreate),S-1-5-18,Microsoft-Windows-Sysmon/Operational,,Info,DESKTOP-JP20VPR,14108,3560,,,,,,00000000-0000-0000-0000-000000000000,00000000-0000-0000-0000-000000000000,,"Process Create:
RuleName: -
UtcTime: 2022-01-03 23:00:02.690
ProcessGuid: {ec47ca29-7ff2-61d3-bf03-000000008600}
ProcessId: 7728
Image: C:\Windows\System32\conhost.exe
FileVersion: 10.0.19041.1320 (WinBuild.160101.0800)
Description: Console Window Host
Product: Microsoft® Windows® Operating System
Company: Microsoft Corporation
OriginalFileName: CONHOST.EXE
CommandLine: \??\C:\Windows\system32\conhost.exe 0xffffffff -ForceV1
CurrentDirectory: C:\Windows
User: DESKTOP-JP20VPR\BobWe
LogonGuid: {ec47ca29-70bf-61d3-9db4-020000000000}
LogonId: 0x2B49D
TerminalSessionId: 1
IntegrityLevel: Medium
Hashes: SHA256=22117361C2C34CB18BEEE2CA9770B3AA6C8D032A0941991454DD222BEC6D9295
ParentProcessGuid: {ec47ca29-7ff2-61d3-be03-000000008600}
ParentProcessId: 19188
ParentImage: C:\Program Files\Mozilla Firefox\pingsender.exe
ParentCommandLine: ""C:\Program Files\Mozilla Firefox\pingsender.exe"" https://incoming.telemetry.mozilla.org/submit/telemetry/54098d38-803c-4fe9-aba0-bbc1f91c3932/event/Firefox/95.0.2/release/20211218203254?v=4 C:\Users\BobWe\AppData\Roaming\Mozilla\Firefox\Profiles\a0yoc0a3.default-release\saved-telemetry-pings\54098d38-803c-4fe9-aba0-bbc1f91c3932
ParentUser: DESKTOP-JP20VPR\BobWe"
Information,1/3/2022 6:00:02 PM,Microsoft-Windows-Sysmon,1,Process Create (rule: ProcessCreate),S-1-5-18,Microsoft-Windows-Sysmon/Operational,,Info,DESKTOP-JP20VPR,14108,3560,,,,,,00000000-0000-0000-0000-000000000000,00000000-0000-0000-0000-000000000000,,"Process Create:
RuleName: -
UtcTime: 2022-01-03 23:00:02.693
ProcessGuid: {ec47ca29-7ff2-61d3-c003-000000008600}
ProcessId: 2396
Image: C:\Program Files\Mozilla Firefox\pingsender.exe
FileVersion: 95.0.2
Description: -
Product: Firefox
Company: Mozilla Foundation
OriginalFileName: pingsender.exe
CommandLine: ""C:\Program Files\Mozilla Firefox\pingsender.exe"" https://incoming.telemetry.mozilla.org/submit/telemetry/225e3603-030c-43f1-8c3b-07da935733ce/health/Firefox/95.0.2/release/20211218203254?v=4 C:\Users\BobWe\AppData\Roaming\Mozilla\Firefox\Profiles\a0yoc0a3.default-release\saved-telemetry-pings\225e3603-030c-43f1-8c3b-07da935733ce
CurrentDirectory: C:\Program Files\Mozilla Firefox\
User: DESKTOP-JP20VPR\BobWe
LogonGuid: {ec47ca29-70bf-61d3-9db4-020000000000}
LogonId: 0x2B49D
TerminalSessionId: 1
IntegrityLevel: Medium
Hashes: SHA256=AB7C9CBD3984B108A250B57B7F272A3D4A7D5915D7AF9CED08AD79E67DEEC8E2
ParentProcessGuid: {ec47ca29-7fd9-61d3-a703-000000008600}
ParentProcessId: 13416
ParentImage: C:\Program Files\Mozilla Firefox\firefox.exe
ParentCommandLine: ""C:\Program Files\Mozilla Firefox\firefox.exe""
ParentUser: DESKTOP-JP20VPR\BobWe"
Information,1/3/2022 6:00:02 PM,Microsoft-Windows-Sysmon,1,Process Create (rule: ProcessCreate),S-1-5-18,Microsoft-Windows-Sysmon/Operational,,Info,DESKTOP-JP20VPR,14108,3560,,,,,,00000000-0000-0000-0000-000000000000,00000000-0000-0000-0000-000000000000,,"Process Create:
RuleName: -
UtcTime: 2022-01-03 23:00:02.683
ProcessGuid: {ec47ca29-7ff2-61d3-be03-000000008600}
ProcessId: 19188
Image: C:\Program Files\Mozilla Firefox\pingsender.exe
FileVersion: 95.0.2
Description: -
Product: Firefox
Company: Mozilla Foundation
OriginalFileName: pingsender.exe
CommandLine: ""C:\Program Files\Mozilla Firefox\pingsender.exe"" https://incoming.telemetry.mozilla.org/submit/telemetry/54098d38-803c-4fe9-aba0-bbc1f91c3932/event/Firefox/95.0.2/release/20211218203254?v=4 C:\Users\BobWe\AppData\Roaming\Mozilla\Firefox\Profiles\a0yoc0a3.default-release\saved-telemetry-pings\54098d38-803c-4fe9-aba0-bbc1f91c3932
CurrentDirectory: C:\Program Files\Mozilla Firefox\
User: DESKTOP-JP20VPR\BobWe
LogonGuid: {ec47ca29-70bf-61d3-9db4-020000000000}
LogonId: 0x2B49D
TerminalSessionId: 1
IntegrityLevel: Medium
Hashes: SHA256=AB7C9CBD3984B108A250B57B7F272A3D4A7D5915D7AF9CED08AD79E67DEEC8E2
ParentProcessGuid: {ec47ca29-7fd9-61d3-a703-000000008600}
ParentProcessId: 13416
ParentImage: C:\Program Files\Mozilla Firefox\firefox.exe
ParentCommandLine: ""C:\Program Files\Mozilla Firefox\firefox.exe""
ParentUser: DESKTOP-JP20VPR\BobWe"
Information,1/3/2022 6:00:02 PM,Microsoft-Windows-Sysmon,5,Process terminated (rule: ProcessTerminate),S-1-5-18,Microsoft-Windows-Sysmon/Operational,,Info,DESKTOP-JP20VPR,14108,3560,,,,,,00000000-0000-0000-0000-000000000000,00000000-0000-0000-0000-000000000000,,"Process terminated:
RuleName: -
UtcTime: 2022-01-03 23:00:02.609
ProcessGuid: {ec47ca29-7fe5-61d3-bc03-000000008600}
ProcessId: 10120
Image: C:\Program Files\Mozilla Firefox\firefox.exe
User: DESKTOP-JP20VPR\BobWe"
Information,1/3/2022 6:00:02 PM,Microsoft-Windows-Sysmon,5,Process terminated (rule: ProcessTerminate),S-1-5-18,Microsoft-Windows-Sysmon/Operational,,Info,DESKTOP-JP20VPR,14108,3560,,,,,,00000000-0000-0000-0000-000000000000,00000000-0000-0000-0000-000000000000,,"Process terminated:
RuleName: -
UtcTime: 2022-01-03 23:00:02.608
ProcessGuid: {ec47ca29-7fe5-61d3-bb03-000000008600}
ProcessId: 7056
Image: C:\Program Files\Mozilla Firefox\firefox.exe
User: DESKTOP-JP20VPR\BobWe"
Information,1/3/2022 6:00:02 PM,Microsoft-Windows-Sysmon,5,Process terminated (rule: ProcessTerminate),S-1-5-18,Microsoft-Windows-Sysmon/Operational,,Info,DESKTOP-JP20VPR,14108,3560,,,,,,00000000-0000-0000-0000-000000000000,00000000-0000-0000-0000-000000000000,,"Process terminated:
RuleName: -
UtcTime: 2022-01-03 23:00:02.608
ProcessGuid: {ec47ca29-7fe5-61d3-ba03-000000008600}
ProcessId: 7292
Image: C:\Program Files\Mozilla Firefox\firefox.exe
User: DESKTOP-JP20VPR\BobWe"
Information,1/3/2022 6:00:02 PM,Microsoft-Windows-Sysmon,5,Process terminated (rule: ProcessTerminate),S-1-5-18,Microsoft-Windows-Sysmon/Operational,,Info,DESKTOP-JP20VPR,14108,3560,,,,,,00000000-0000-0000-0000-000000000000,00000000-0000-0000-0000-000000000000,,"Process terminated:
RuleName: -
UtcTime: 2022-01-03 23:00:02.607
ProcessGuid: {ec47ca29-7fda-61d3-a903-000000008600}
ProcessId: 3044
Image: C:\Program Files\Mozilla Firefox\firefox.exe
User: DESKTOP-JP20VPR\BobWe"
Information,1/3/2022 6:00:02 PM,Microsoft-Windows-Sysmon,5,Process terminated (rule: ProcessTerminate),S-1-5-18,Microsoft-Windows-Sysmon/Operational,,Info,DESKTOP-JP20VPR,14108,3560,,,,,,00000000-0000-0000-0000-000000000000,00000000-0000-0000-0000-000000000000,,"Process terminated:
RuleName: -
UtcTime: 2022-01-03 23:00:02.569
ProcessGuid: {ec47ca29-7fe1-61d3-b303-000000008600}
ProcessId: 14612
Image: C:\Program Files\Mozilla Firefox\firefox.exe
User: DESKTOP-JP20VPR\BobWe"
Information,1/3/2022 6:00:02 PM,Microsoft-Windows-Sysmon,5,Process terminated (rule: ProcessTerminate),S-1-5-18,Microsoft-Windows-Sysmon/Operational,,Info,DESKTOP-JP20VPR,14108,3560,,,,,,00000000-0000-0000-0000-000000000000,00000000-0000-0000-0000-000000000000,,"Process terminated:
RuleName: -
UtcTime: 2022-01-03 23:00:02.569
ProcessGuid: {ec47ca29-7fe5-61d3-b903-000000008600}
ProcessId: 15296
Image: C:\Program Files\Mozilla Firefox\firefox.exe
User: DESKTOP-JP20VPR\BobWe"
Information,1/3/2022 6:00:02 PM,Microsoft-Windows-Sysmon,5,Process terminated (rule: ProcessTerminate),S-1-5-18,Microsoft-Windows-Sysmon/Operational,,Info,DESKTOP-JP20VPR,14108,3560,,,,,,00000000-0000-0000-0000-000000000000,00000000-0000-0000-0000-000000000000,,"Process terminated:
RuleName: -
UtcTime: 2022-01-03 23:00:02.568
ProcessGuid: {ec47ca29-7fe4-61d3-b803-000000008600}
ProcessId: 16364
Image: C:\Program Files\Mozilla Firefox\firefox.exe
User: DESKTOP-JP20VPR\BobWe"
Information,1/3/2022 6:00:02 PM,Microsoft-Windows-Sysmon,5,Process terminated (rule: ProcessTerminate),S-1-5-18,Microsoft-Windows-Sysmon/Operational,,Info,DESKTOP-JP20VPR,14108,3560,,,,,,00000000-0000-0000-0000-000000000000,00000000-0000-0000-0000-000000000000,,"Process terminated:
RuleName: -
UtcTime: 2022-01-03 23:00:02.568
ProcessGuid: {ec47ca29-7fe1-61d3-b203-000000008600}
ProcessId: 9252
Image: C:\Program Files\Mozilla Firefox\firefox.exe
User: DESKTOP-JP20VPR\BobWe"
Information,1/3/2022 6:00:02 PM,Microsoft-Windows-Sysmon,5,Process terminated (rule: ProcessTerminate),S-1-5-18,Microsoft-Windows-Sysmon/Operational,,Info,DESKTOP-JP20VPR,14108,3560,,,,,,00000000-0000-0000-0000-000000000000,00000000-0000-0000-0000-000000000000,,"Process terminated:
RuleName: -
UtcTime: 2022-01-03 23:00:02.568
ProcessGuid: {ec47ca29-7fe2-61d3-b403-000000008600}
ProcessId: 5816
Image: C:\Program Files\Mozilla Firefox\firefox.exe
User: DESKTOP-JP20VPR\BobWe"
Information,1/3/2022 6:00:02 PM,Microsoft-Windows-Sysmon,5,Process terminated (rule: ProcessTerminate),S-1-5-18,Microsoft-Windows-Sysmon/Operational,,Info,DESKTOP-JP20VPR,14108,3560,,,,,,00000000-0000-0000-0000-000000000000,00000000-0000-0000-0000-000000000000,,"Process terminated:
RuleName: -
UtcTime: 2022-01-03 23:00:02.568
ProcessGuid: {ec47ca29-7fe2-61d3-b603-000000008600}
ProcessId: 6964
Image: C:\Program Files\Mozilla Firefox\firefox.exe
User: DESKTOP-JP20VPR\BobWe"
Information,1/3/2022 6:00:02 PM,Microsoft-Windows-Sysmon,5,Process terminated (rule: ProcessTerminate),S-1-5-18,Microsoft-Windows-Sysmon/Operational,,Info,DESKTOP-JP20VPR,14108,3560,,,,,,00000000-0000-0000-0000-000000000000,00000000-0000-0000-0000-000000000000,,"Process terminated:
RuleName: -
UtcTime: 2022-01-03 23:00:02.566
ProcessGuid: {ec47ca29-7fe1-61d3-af03-000000008600}
ProcessId: 12492
Image: C:\Program Files\Mozilla Firefox\firefox.exe
User: DESKTOP-JP20VPR\BobWe"
Information,1/3/2022 6:00:02 PM,Microsoft-Windows-Sysmon,5,Process terminated (rule: ProcessTerminate),S-1-5-18,Microsoft-Windows-Sysmon/Operational,,Info,DESKTOP-JP20VPR,14108,3560,,,,,,00000000-0000-0000-0000-000000000000,00000000-0000-0000-0000-000000000000,,"Process terminated:
RuleName: -
UtcTime: 2022-01-03 23:00:02.563
ProcessGuid: {ec47ca29-7fdb-61d3-ad03-000000008600}
ProcessId: 8760
Image: C:\Program Files\Mozilla Firefox\firefox.exe
User: DESKTOP-JP20VPR\BobWe"
Information,1/3/2022 6:00:02 PM,Microsoft-Windows-Sysmon,5,Process terminated (rule: ProcessTerminate),S-1-5-18,Microsoft-Windows-Sysmon/Operational,,Info,DESKTOP-JP20VPR,14108,3560,,,,,,00000000-0000-0000-0000-000000000000,00000000-0000-0000-0000-000000000000,,"Process terminated:
RuleName: -
UtcTime: 2022-01-03 23:00:02.563
ProcessGuid: {ec47ca29-7fe1-61d3-b003-000000008600}
ProcessId: 12520
Image: C:\Program Files\Mozilla Firefox\firefox.exe
User: DESKTOP-JP20VPR\BobWe"
Information,1/3/2022 6:00:02 PM,Microsoft-Windows-Sysmon,5,Process terminated (rule: ProcessTerminate),S-1-5-18,Microsoft-Windows-Sysmon/Operational,,Info,DESKTOP-JP20VPR,14108,3560,,,,,,00000000-0000-0000-0000-000000000000,00000000-0000-0000-0000-000000000000,,"Process terminated:
RuleName: -
UtcTime: 2022-01-03 23:00:02.561
ProcessGuid: {ec47ca29-7fe1-61d3-b103-000000008600}
ProcessId: 17012
Image: C:\Program Files\Mozilla Firefox\firefox.exe
User: DESKTOP-JP20VPR\BobWe"
Information,1/3/2022 6:00:02 PM,Microsoft-Windows-Sysmon,5,Process terminated (rule: ProcessTerminate),S-1-5-18,Microsoft-Windows-Sysmon/Operational,,Info,DESKTOP-JP20VPR,14108,3560,,,,,,00000000-0000-0000-0000-000000000000,00000000-0000-0000-0000-000000000000,,"Process terminated:
RuleName: -
UtcTime: 2022-01-03 23:00:02.561
ProcessGuid: {ec47ca29-7fdf-61d3-ae03-000000008600}
ProcessId: 4408
Image: C:\Program Files\Mozilla Firefox\firefox.exe
User: DESKTOP-JP20VPR\BobWe"
Information,1/3/2022 6:00:02 PM,Microsoft-Windows-Sysmon,5,Process terminated (rule: ProcessTerminate),S-1-5-18,Microsoft-Windows-Sysmon/Operational,,Info,DESKTOP-JP20VPR,14108,3560,,,,,,00000000-0000-0000-0000-000000000000,00000000-0000-0000-0000-000000000000,,"Process terminated:
RuleName: -
UtcTime: 2022-01-03 23:00:02.560
ProcessGuid: {ec47ca29-7fdb-61d3-ac03-000000008600}
ProcessId: 6748
Image: C:\Program Files\Mozilla Firefox\firefox.exe
User: DESKTOP-JP20VPR\BobWe"
Information,1/3/2022 6:00:02 PM,Microsoft-Windows-Sysmon,5,Process terminated (rule: ProcessTerminate),S-1-5-18,Microsoft-Windows-Sysmon/Operational,,Info,DESKTOP-JP20VPR,14108,3560,,,,,,00000000-0000-0000-0000-000000000000,00000000-0000-0000-0000-000000000000,,"Process terminated:
RuleName: -
UtcTime: 2022-01-03 23:00:02.558
ProcessGuid: {ec47ca29-7fdb-61d3-ab03-000000008600}
ProcessId: 13464
Image: C:\Program Files\Mozilla Firefox\firefox.exe
User: DESKTOP-JP20VPR\BobWe"
Information,1/3/2022 6:00:02 PM,Microsoft-Windows-Sysmon,5,Process terminated (rule: ProcessTerminate),S-1-5-18,Microsoft-Windows-Sysmon/Operational,,Info,DESKTOP-JP20VPR,14108,3560,,,,,,00000000-0000-0000-0000-000000000000,00000000-0000-0000-0000-000000000000,,"Process terminated:
RuleName: -
UtcTime: 2022-01-03 23:00:02.555
ProcessGuid: {ec47ca29-7fda-61d3-aa03-000000008600}
ProcessId: 9412
Image: C:\Program Files\Mozilla Firefox\firefox.exe
User: DESKTOP-JP20VPR\BobWe"
Information,1/3/2022 6:00:01 PM,Microsoft-Windows-Sysmon,5,Process terminated (rule: ProcessTerminate),S-1-5-18,Microsoft-Windows-Sysmon/Operational,,Info,DESKTOP-JP20VPR,14108,3560,,,,,,00000000-0000-0000-0000-000000000000,00000000-0000-0000-0000-000000000000,,"Process terminated:
RuleName: -
UtcTime: 2022-01-03 23:00:01.156
ProcessGuid: {ec47ca29-7ff1-61d3-bd03-000000008600}
ProcessId: 4396
Image: C:\Windows\System32\wsqmcons.exe
User: NT AUTHORITY\SYSTEM"
Information,1/3/2022 6:00:01 PM,Microsoft-Windows-Sysmon,1,Process Create (rule: ProcessCreate),S-1-5-18,Microsoft-Windows-Sysmon/Operational,,Info,DESKTOP-JP20VPR,14108,3560,,,,,,00000000-0000-0000-0000-000000000000,00000000-0000-0000-0000-000000000000,,"Process Create:
RuleName: -
UtcTime: 2022-01-03 23:00:01.148
ProcessGuid: {ec47ca29-7ff1-61d3-bd03-000000008600}
ProcessId: 4396
Image: C:\Windows\System32\wsqmcons.exe
FileVersion: 10.0.19041.1387 (WinBuild.160101.0800)
Description: Windows SQM Consolidator
Product: Microsoft® Windows® Operating System
Company: Microsoft Corporation
OriginalFileName: wsqmcons.exe
CommandLine: C:\Windows\System32\wsqmcons.exe
CurrentDirectory: C:\Windows\system32\
User: NT AUTHORITY\SYSTEM
LogonGuid: {ec47ca29-70be-61d3-e703-000000000000}
LogonId: 0x3E7
TerminalSessionId: 0
IntegrityLevel: System
Hashes: SHA256=9225EC00AD573F893DBE07FD21E584B718F63B0126008C05C2522CFA1106AFBE
ParentProcessGuid: {ec47ca29-70bf-61d3-1c00-000000008600}
ParentProcessId: 1716
ParentImage: C:\Windows\System32\svchost.exe
ParentCommandLine: C:\Windows\system32\svchost.exe -k netsvcs -p -s Schedule
ParentUser: NT AUTHORITY\SYSTEM"
Information,1/3/2022 5:59:49 PM,Microsoft-Windows-Sysmon,1,Process Create (rule: ProcessCreate),S-1-5-18,Microsoft-Windows-Sysmon/Operational,,Info,DESKTOP-JP20VPR,14108,3560,,,,,,00000000-0000-0000-0000-000000000000,00000000-0000-0000-0000-000000000000,,"Process Create:
RuleName: -
UtcTime: 2022-01-03 22:59:49.676
ProcessGuid: {ec47ca29-7fe5-61d3-bc03-000000008600}
ProcessId: 10120
Image: C:\Program Files\Mozilla Firefox\firefox.exe
FileVersion: 95.0.2
Description: Firefox
Product: Firefox
Company: Mozilla Corporation
OriginalFileName: firefox.exe
CommandLine: ""C:\Program Files\Mozilla Firefox\firefox.exe"" -contentproc --channel=""13416.35.1815625564\647918362"" -childID 18 -isForBrowser -prefsHandle 6840 -prefMapHandle 6836 -prefsLen 6849 -prefMapSize 251046 -jsInitHandle 1324 -jsInitLen 278884 -parentBuildID 20211218203254 -appDir ""C:\Program Files\Mozilla Firefox\browser"" - 13416 ""\\.\pipe\gecko-crash-server-pipe.13416"" 6808 11a7b906f38 tab
CurrentDirectory: C:\Program Files\Mozilla Firefox\
User: DESKTOP-JP20VPR\BobWe
LogonGuid: {ec47ca29-70bf-61d3-9db4-020000000000}
LogonId: 0x2B49D
TerminalSessionId: 1
IntegrityLevel: Low
Hashes: SHA256=18E361D2C7C143442AC65EB33B581BFA022C943EC82205FC89C6C4D727C5E7CF
ParentProcessGuid: {ec47ca29-7fd9-61d3-a703-000000008600}
ParentProcessId: 13416
ParentImage: C:\Program Files\Mozilla Firefox\firefox.exe
ParentCommandLine: ""C:\Program Files\Mozilla Firefox\firefox.exe""
ParentUser: DESKTOP-JP20VPR\BobWe"
Information,1/3/2022 5:59:49 PM,Microsoft-Windows-Sysmon,1,Process Create (rule: ProcessCreate),S-1-5-18,Microsoft-Windows-Sysmon/Operational,,Info,DESKTOP-JP20VPR,14108,3560,,,,,,00000000-0000-0000-0000-000000000000,00000000-0000-0000-0000-000000000000,,"Process Create:
RuleName: -
UtcTime: 2022-01-03 22:59:49.666
ProcessGuid: {ec47ca29-7fe5-61d3-bb03-000000008600}
ProcessId: 7056
Image: C:\Program Files\Mozilla Firefox\firefox.exe
FileVersion: 95.0.2
Description: Firefox
Product: Firefox
Company: Mozilla Corporation
OriginalFileName: firefox.exe
CommandLine: ""C:\Program Files\Mozilla Firefox\firefox.exe"" -contentproc --channel=""13416.34.554615886\1810902347"" -childID 17 -isForBrowser -prefsHandle 6992 -prefMapHandle 6988 -prefsLen 6849 -prefMapSize 251046 -jsInitHandle 1324 -jsInitLen 278884 -parentBuildID 20211218203254 -appDir ""C:\Program Files\Mozilla Firefox\browser"" - 13416 ""\\.\pipe\gecko-crash-server-pipe.13416"" 10148 11a7b907738 tab
CurrentDirectory: C:\Program Files\Mozilla Firefox\
User: DESKTOP-JP20VPR\BobWe
LogonGuid: {ec47ca29-70bf-61d3-9db4-020000000000}
LogonId: 0x2B49D
TerminalSessionId: 1
IntegrityLevel: Low
Hashes: SHA256=18E361D2C7C143442AC65EB33B581BFA022C943EC82205FC89C6C4D727C5E7CF
ParentProcessGuid: {ec47ca29-7fd9-61d3-a703-000000008600}
ParentProcessId: 13416
ParentImage: C:\Program Files\Mozilla Firefox\firefox.exe
ParentCommandLine: ""C:\Program Files\Mozilla Firefox\firefox.exe""
ParentUser: DESKTOP-JP20VPR\BobWe"
Information,1/3/2022 5:59:49 PM,Microsoft-Windows-Sysmon,1,Process Create (rule: ProcessCreate),S-1-5-18,Microsoft-Windows-Sysmon/Operational,,Info,DESKTOP-JP20VPR,14108,3560,,,,,,00000000-0000-0000-0000-000000000000,00000000-0000-0000-0000-000000000000,,"Process Create:
RuleName: -
UtcTime: 2022-01-03 22:59:49.656
ProcessGuid: {ec47ca29-7fe5-61d3-ba03-000000008600}
ProcessId: 7292
Image: C:\Program Files\Mozilla Firefox\firefox.exe
FileVersion: 95.0.2
Description: Firefox
Product: Firefox
Company: Mozilla Corporation
OriginalFileName: firefox.exe
CommandLine: ""C:\Program Files\Mozilla Firefox\firefox.exe"" -contentproc --channel=""13416.33.1152491819\2106773282"" -childID 16 -isForBrowser -prefsHandle 7092 -prefMapHandle 7088 -prefsLen 6849 -prefMapSize 251046 -jsInitHandle 1324 -jsInitLen 278884 -parentBuildID 20211218203254 -appDir ""C:\Program Files\Mozilla Firefox\browser"" - 13416 ""\\.\pipe\gecko-crash-server-pipe.13416"" 7300 11a79468938 tab
CurrentDirectory: C:\Program Files\Mozilla Firefox\
User: DESKTOP-JP20VPR\BobWe
LogonGuid: {ec47ca29-70bf-61d3-9db4-020000000000}
LogonId: 0x2B49D
TerminalSessionId: 1
IntegrityLevel: Low
Hashes: SHA256=18E361D2C7C143442AC65EB33B581BFA022C943EC82205FC89C6C4D727C5E7CF
ParentProcessGuid: {ec47ca29-7fd9-61d3-a703-000000008600}
ParentProcessId: 13416
ParentImage: C:\Program Files\Mozilla Firefox\firefox.exe
ParentCommandLine: ""C:\Program Files\Mozilla Firefox\firefox.exe""
ParentUser: DESKTOP-JP20VPR\BobWe"
Information,1/3/2022 5:59:49 PM,Microsoft-Windows-Sysmon,1,Process Create (rule: ProcessCreate),S-1-5-18,Microsoft-Windows-Sysmon/Operational,,Info,DESKTOP-JP20VPR,14108,3560,,,,,,00000000-0000-0000-0000-000000000000,00000000-0000-0000-0000-000000000000,,"Process Create:
RuleName: -
UtcTime: 2022-01-03 22:59:49.001
ProcessGuid: {ec47ca29-7fe5-61d3-b903-000000008600}
ProcessId: 15296
Image: C:\Program Files\Mozilla Firefox\firefox.exe
FileVersion: 95.0.2
Description: Firefox
Product: Firefox
Company: Mozilla Corporation
OriginalFileName: firefox.exe
CommandLine: ""C:\Program Files\Mozilla Firefox\firefox.exe"" -contentproc --channel=""13416.31.403268443\806409180"" -childID 15 -isForBrowser -prefsHandle 7300 -prefMapHandle 7228 -prefsLen 6849 -prefMapSize 251046 -jsInitHandle 1324 -jsInitLen 278884 -parentBuildID 20211218203254 -appDir ""C:\Program Files\Mozilla Firefox\browser"" - 13416 ""\\.\pipe\gecko-crash-server-pipe.13416"" 7212 11a7b6ea138 tab
CurrentDirectory: C:\Program Files\Mozilla Firefox\
User: DESKTOP-JP20VPR\BobWe
LogonGuid: {ec47ca29-70bf-61d3-9db4-020000000000}
LogonId: 0x2B49D
TerminalSessionId: 1
IntegrityLevel: Low
Hashes: SHA256=18E361D2C7C143442AC65EB33B581BFA022C943EC82205FC89C6C4D727C5E7CF
ParentProcessGuid: {ec47ca29-7fd9-61d3-a703-000000008600}
ParentProcessId: 13416
ParentImage: C:\Program Files\Mozilla Firefox\firefox.exe
ParentCommandLine: ""C:\Program Files\Mozilla Firefox\firefox.exe""
ParentUser: DESKTOP-JP20VPR\BobWe"
Information,1/3/2022 5:59:48 PM,Microsoft-Windows-Sysmon,1,Process Create (rule: ProcessCreate),S-1-5-18,Microsoft-Windows-Sysmon/Operational,,Info,DESKTOP-JP20VPR,14108,3560,,,,,,00000000-0000-0000-0000-000000000000,00000000-0000-0000-0000-000000000000,,"Process Create:
RuleName: -
UtcTime: 2022-01-03 22:59:48.756
ProcessGuid: {ec47ca29-7fe4-61d3-b803-000000008600}
ProcessId: 16364
Image: C:\Program Files\Mozilla Firefox\firefox.exe
FileVersion: 95.0.2
Description: Firefox
Product: Firefox
Company: Mozilla Corporation
OriginalFileName: firefox.exe
CommandLine: ""C:\Program Files\Mozilla Firefox\firefox.exe"" -contentproc --channel=""13416.29.436942620\534518753"" -childID 14 -isForBrowser -prefsHandle 7504 -prefMapHandle 7316 -prefsLen 6849 -prefMapSize 251046 -jsInitHandle 1324 -jsInitLen 278884 -parentBuildID 20211218203254 -appDir ""C:\Program Files\Mozilla Firefox\browser"" - 13416 ""\\.\pipe\gecko-crash-server-pipe.13416"" 7184 11a7ae9ef38 tab
CurrentDirectory: C:\Program Files\Mozilla Firefox\
User: DESKTOP-JP20VPR\BobWe
LogonGuid: {ec47ca29-70bf-61d3-9db4-020000000000}
LogonId: 0x2B49D
TerminalSessionId: 1
IntegrityLevel: Low
Hashes: SHA256=18E361D2C7C143442AC65EB33B581BFA022C943EC82205FC89C6C4D727C5E7CF
ParentProcessGuid: {ec47ca29-7fd9-61d3-a703-000000008600}
ParentProcessId: 13416
ParentImage: C:\Program Files\Mozilla Firefox\firefox.exe
ParentCommandLine: ""C:\Program Files\Mozilla Firefox\firefox.exe""
ParentUser: DESKTOP-JP20VPR\BobWe"
Information,1/3/2022 5:59:47 PM,Microsoft-Windows-Sysmon,1,Process Create (rule: ProcessCreate),S-1-5-18,Microsoft-Windows-Sysmon/Operational,,Info,DESKTOP-JP20VPR,14108,3560,,,,,,00000000-0000-0000-0000-000000000000,00000000-0000-0000-0000-000000000000,,"Process Create:
RuleName: -
UtcTime: 2022-01-03 22:59:47.401
ProcessGuid: {ec47ca29-7fe3-61d3-b703-000000008600}
ProcessId: 7524
Image: C:\Windows\System32\svchost.exe
FileVersion: 10.0.19041.546 (WinBuild.160101.0800)
Description: Host Process for Windows Services
Product: Microsoft® Windows® Operating System
Company: Microsoft Corporation
OriginalFileName: svchost.exe
CommandLine: C:\Windows\System32\svchost.exe -k LocalSystemNetworkRestricted -p -s WdiSystemHost
CurrentDirectory: C:\Windows\system32\
User: NT AUTHORITY\SYSTEM
LogonGuid: {ec47ca29-70be-61d3-e703-000000000000}
LogonId: 0x3E7
TerminalSessionId: 0
IntegrityLevel: System
Hashes: SHA256=643EC58E82E0272C97C2A59F6020970D881AF19C0AD5029DB9C958C13B6558C7
ParentProcessGuid: {00000000-0000-0000-0000-000000000000}
ParentProcessId: 944
ParentImage: -
ParentCommandLine: -
ParentUser: -"
Information,1/3/2022 5:59:46 PM,Microsoft-Windows-Sysmon,1,Process Create (rule: ProcessCreate),S-1-5-18,Microsoft-Windows-Sysmon/Operational,,Info,DESKTOP-JP20VPR,14108,3560,,,,,,00000000-0000-0000-0000-000000000000,00000000-0000-0000-0000-000000000000,,"Process Create:
RuleName: -
UtcTime: 2022-01-03 22:59:46.976
ProcessGuid: {ec47ca29-7fe2-61d3-b603-000000008600}
ProcessId: 6964
Image: C:\Program Files\Mozilla Firefox\firefox.exe
FileVersion: 95.0.2
Description: Firefox
Product: Firefox
Company: Mozilla Corporation
OriginalFileName: firefox.exe
CommandLine: ""C:\Program Files\Mozilla Firefox\firefox.exe"" -contentproc --channel=""13416.27.1917997549\1607294225"" -childID 13 -isForBrowser -prefsHandle 7580 -prefMapHandle 7644 -prefsLen 6849 -prefMapSize 251046 -jsInitHandle 1324 -jsInitLen 278884 -parentBuildID 20211218203254 -appDir ""C:\Program Files\Mozilla Firefox\browser"" - 13416 ""\\.\pipe\gecko-crash-server-pipe.13416"" 7368 11a867b4738 tab
CurrentDirectory: C:\Program Files\Mozilla Firefox\
User: DESKTOP-JP20VPR\BobWe
LogonGuid: {ec47ca29-70bf-61d3-9db4-020000000000}
LogonId: 0x2B49D
TerminalSessionId: 1
IntegrityLevel: Low
Hashes: SHA256=18E361D2C7C143442AC65EB33B581BFA022C943EC82205FC89C6C4D727C5E7CF
ParentProcessGuid: {ec47ca29-7fd9-61d3-a703-000000008600}
ParentProcessId: 13416
ParentImage: C:\Program Files\Mozilla Firefox\firefox.exe
ParentCommandLine: ""C:\Program Files\Mozilla Firefox\firefox.exe""
ParentUser: DESKTOP-JP20VPR\BobWe"
Information,1/3/2022 5:59:46 PM,Microsoft-Windows-Sysmon,1,Process Create (rule: ProcessCreate),S-1-5-18,Microsoft-Windows-Sysmon/Operational,,Info,DESKTOP-JP20VPR,14108,3560,,,,,,00000000-0000-0000-0000-000000000000,00000000-0000-0000-0000-000000000000,,"Process Create:
RuleName: -
UtcTime: 2022-01-03 22:59:46.627
ProcessGuid: {ec47ca29-7fe2-61d3-b503-000000008600}
ProcessId: 18524
Image: C:\Program Files\Mozilla Firefox\firefox.exe
FileVersion: 95.0.2
Description: Firefox
Product: Firefox
Company: Mozilla Corporation
OriginalFileName: firefox.exe
CommandLine: ""C:\Program Files\Mozilla Firefox\firefox.exe"" -contentproc --channel=""13416.25.52863466\1660401028"" -parentBuildID 20211218203254 -prefsHandle 8812 -prefMapHandle 7552 -prefsLen 6849 -prefMapSize 251046 -appDir ""C:\Program Files\Mozilla Firefox\browser"" - 13416 ""\\.\pipe\gecko-crash-server-pipe.13416"" 7524 11a86eade38 socket
CurrentDirectory: C:\Program Files\Mozilla Firefox\
User: DESKTOP-JP20VPR\BobWe
LogonGuid: {ec47ca29-70bf-61d3-9db4-020000000000}
LogonId: 0x2B49D
TerminalSessionId: 1
IntegrityLevel: Low
Hashes: SHA256=18E361D2C7C143442AC65EB33B581BFA022C943EC82205FC89C6C4D727C5E7CF
ParentProcessGuid: {ec47ca29-7fd9-61d3-a703-000000008600}
ParentProcessId: 13416
ParentImage: C:\Program Files\Mozilla Firefox\firefox.exe
ParentCommandLine: ""C:\Program Files\Mozilla Firefox\firefox.exe""
ParentUser: DESKTOP-JP20VPR\BobWe"
Information,1/3/2022 5:59:46 PM,Microsoft-Windows-Sysmon,1,Process Create (rule: ProcessCreate),S-1-5-18,Microsoft-Windows-Sysmon/Operational,,Info,DESKTOP-JP20VPR,14108,3560,,,,,,00000000-0000-0000-0000-000000000000,00000000-0000-0000-0000-000000000000,,"Process Create:
RuleName: -
UtcTime: 2022-01-03 22:59:46.248
ProcessGuid: {ec47ca29-7fe2-61d3-b403-000000008600}
ProcessId: 5816
Image: C:\Program Files\Mozilla Firefox\firefox.exe
FileVersion: 95.0.2
Description: Firefox
Product: Firefox
Company: Mozilla Corporation
OriginalFileName: firefox.exe
CommandLine: ""C:\Program Files\Mozilla Firefox\firefox.exe"" -contentproc --channel=""13416.23.1190286334\2025745649"" -childID 12 -isForBrowser -prefsHandle 7708 -prefMapHandle 7696 -prefsLen 6849 -prefMapSize 251046 -jsInitHandle 1324 -jsInitLen 278884 -parentBuildID 20211218203254 -appDir ""C:\Program Files\Mozilla Firefox\browser"" - 13416 ""\\.\pipe\gecko-crash-server-pipe.13416"" 7756 11a867b6b38 tab
CurrentDirectory: C:\Program Files\Mozilla Firefox\
User: DESKTOP-JP20VPR\BobWe
LogonGuid: {ec47ca29-70bf-61d3-9db4-020000000000}
LogonId: 0x2B49D
TerminalSessionId: 1
IntegrityLevel: Low
Hashes: SHA256=18E361D2C7C143442AC65EB33B581BFA022C943EC82205FC89C6C4D727C5E7CF
ParentProcessGuid: {ec47ca29-7fd9-61d3-a703-000000008600}
ParentProcessId: 13416
ParentImage: C:\Program Files\Mozilla Firefox\firefox.exe
ParentCommandLine: ""C:\Program Files\Mozilla Firefox\firefox.exe""
ParentUser: DESKTOP-JP20VPR\BobWe"
Information,1/3/2022 5:59:45 PM,Microsoft-Windows-Sysmon,1,Process Create (rule: ProcessCreate),S-1-5-18,Microsoft-Windows-Sysmon/Operational,,Info,DESKTOP-JP20VPR,14108,3560,,,,,,00000000-0000-0000-0000-000000000000,00000000-0000-0000-0000-000000000000,,"Process Create:
RuleName: -
UtcTime: 2022-01-03 22:59:45.423
ProcessGuid: {ec47ca29-7fe1-61d3-b303-000000008600}
ProcessId: 14612
Image: C:\Program Files\Mozilla Firefox\firefox.exe
FileVersion: 95.0.2
Description: Firefox
Product: Firefox
Company: Mozilla Corporation
OriginalFileName: firefox.exe
CommandLine: ""C:\Program Files\Mozilla Firefox\firefox.exe"" -contentproc --channel=""13416.19.1619339632\837077132"" -childID 11 -isForBrowser -prefsHandle 8128 -prefMapHandle 8092 -prefsLen 6849 -prefMapSize 251046 -jsInitHandle 1324 -jsInitLen 278884 -parentBuildID 20211218203254 -appDir ""C:\Program Files\Mozilla Firefox\browser"" - 13416 ""\\.\pipe\gecko-crash-server-pipe.13416"" 7984 11a86255b38 tab
CurrentDirectory: C:\Program Files\Mozilla Firefox\
User: DESKTOP-JP20VPR\BobWe
LogonGuid: {ec47ca29-70bf-61d3-9db4-020000000000}
LogonId: 0x2B49D
TerminalSessionId: 1
IntegrityLevel: Low
Hashes: SHA256=18E361D2C7C143442AC65EB33B581BFA022C943EC82205FC89C6C4D727C5E7CF
ParentProcessGuid: {ec47ca29-7fd9-61d3-a703-000000008600}
ParentProcessId: 13416
ParentImage: C:\Program Files\Mozilla Firefox\firefox.exe
ParentCommandLine: ""C:\Program Files\Mozilla Firefox\firefox.exe""
ParentUser: DESKTOP-JP20VPR\BobWe"
Information,1/3/2022 5:59:45 PM,Microsoft-Windows-Sysmon,1,Process Create (rule: ProcessCreate),S-1-5-18,Microsoft-Windows-Sysmon/Operational,,Info,DESKTOP-JP20VPR,14108,3560,,,,,,00000000-0000-0000-0000-000000000000,00000000-0000-0000-0000-000000000000,,"Process Create:
RuleName: -
UtcTime: 2022-01-03 22:59:45.413
ProcessGuid: {ec47ca29-7fe1-61d3-b203-000000008600}
ProcessId: 9252
Image: C:\Program Files\Mozilla Firefox\firefox.exe
FileVersion: 95.0.2
Description: Firefox
Product: Firefox
Company: Mozilla Corporation
OriginalFileName: firefox.exe
CommandLine: ""C:\Program Files\Mozilla Firefox\firefox.exe"" -contentproc --channel=""13416.18.1120042384\509703455"" -childID 10 -isForBrowser -prefsHandle 8200 -prefMapHandle 8220 -prefsLen 6849 -prefMapSize 251046 -jsInitHandle 1324 -jsInitLen 278884 -parentBuildID 20211218203254 -appDir ""C:\Program Files\Mozilla Firefox\browser"" - 13416 ""\\.\pipe\gecko-crash-server-pipe.13416"" 8160 11a86256d38 tab
CurrentDirectory: C:\Program Files\Mozilla Firefox\
User: DESKTOP-JP20VPR\BobWe
LogonGuid: {ec47ca29-70bf-61d3-9db4-020000000000}
LogonId: 0x2B49D
TerminalSessionId: 1
IntegrityLevel: Low
Hashes: SHA256=18E361D2C7C143442AC65EB33B581BFA022C943EC82205FC89C6C4D727C5E7CF
ParentProcessGuid: {ec47ca29-7fd9-61d3-a703-000000008600}
ParentProcessId: 13416
ParentImage: C:\Program Files\Mozilla Firefox\firefox.exe
ParentCommandLine: ""C:\Program Files\Mozilla Firefox\firefox.exe""
ParentUser: DESKTOP-JP20VPR\BobWe"
Information,1/3/2022 5:59:45 PM,Microsoft-Windows-Sysmon,1,Process Create (rule: ProcessCreate),S-1-5-18,Microsoft-Windows-Sysmon/Operational,,Info,DESKTOP-JP20VPR,14108,3560,,,,,,00000000-0000-0000-0000-000000000000,00000000-0000-0000-0000-000000000000,,"Process Create:
RuleName: -
UtcTime: 2022-01-03 22:59:45.404
ProcessGuid: {ec47ca29-7fe1-61d3-b103-000000008600}
ProcessId: 17012
Image: C:\Program Files\Mozilla Firefox\firefox.exe
FileVersion: 95.0.2
Description: Firefox
Product: Firefox
Company: Mozilla Corporation
OriginalFileName: firefox.exe
CommandLine: ""C:\Program Files\Mozilla Firefox\firefox.exe"" -contentproc --channel=""13416.17.152100764\1837933568"" -childID 9 -isForBrowser -prefsHandle 8136 -prefMapHandle 4456 -prefsLen 6849 -prefMapSize 251046 -jsInitHandle 1324 -jsInitLen 278884 -parentBuildID 20211218203254 -appDir ""C:\Program Files\Mozilla Firefox\browser"" - 13416 ""\\.\pipe\gecko-crash-server-pipe.13416"" 8128 11a86254d38 tab
CurrentDirectory: C:\Program Files\Mozilla Firefox\
User: DESKTOP-JP20VPR\BobWe
LogonGuid: {ec47ca29-70bf-61d3-9db4-020000000000}
LogonId: 0x2B49D
TerminalSessionId: 1
IntegrityLevel: Low
Hashes: SHA256=18E361D2C7C143442AC65EB33B581BFA022C943EC82205FC89C6C4D727C5E7CF
ParentProcessGuid: {ec47ca29-7fd9-61d3-a703-000000008600}
ParentProcessId: 13416
ParentImage: C:\Program Files\Mozilla Firefox\firefox.exe
ParentCommandLine: ""C:\Program Files\Mozilla Firefox\firefox.exe""
ParentUser: DESKTOP-JP20VPR\BobWe"
Information,1/3/2022 5:59:45 PM,Microsoft-Windows-Sysmon,1,Process Create (rule: ProcessCreate),S-1-5-18,Microsoft-Windows-Sysmon/Operational,,Info,DESKTOP-JP20VPR,14108,3560,,,,,,00000000-0000-0000-0000-000000000000,00000000-0000-0000-0000-000000000000,,"Process Create:
RuleName: -
UtcTime: 2022-01-03 22:59:45.194
ProcessGuid: {ec47ca29-7fe1-61d3-b003-000000008600}
ProcessId: 12520
Image: C:\Program Files\Mozilla Firefox\firefox.exe
FileVersion: 95.0.2
Description: Firefox
Product: Firefox
Company: Mozilla Corporation
OriginalFileName: firefox.exe
CommandLine: ""C:\Program Files\Mozilla Firefox\firefox.exe"" -contentproc --channel=""13416.15.2028401122\655610089"" -childID 8 -isForBrowser -prefsHandle 8376 -prefMapHandle 8504 -prefsLen 6849 -prefMapSize 251046 -jsInitHandle 1324 -jsInitLen 278884 -parentBuildID 20211218203254 -appDir ""C:\Program Files\Mozilla Firefox\browser"" - 13416 ""\\.\pipe\gecko-crash-server-pipe.13416"" 8384 11a7e0d8938 tab
CurrentDirectory: C:\Program Files\Mozilla Firefox\
User: DESKTOP-JP20VPR\BobWe
LogonGuid: {ec47ca29-70bf-61d3-9db4-020000000000}
LogonId: 0x2B49D
TerminalSessionId: 1
IntegrityLevel: Low
Hashes: SHA256=18E361D2C7C143442AC65EB33B581BFA022C943EC82205FC89C6C4D727C5E7CF
ParentProcessGuid: {ec47ca29-7fd9-61d3-a703-000000008600}
ParentProcessId: 13416
ParentImage: C:\Program Files\Mozilla Firefox\firefox.exe
ParentCommandLine: ""C:\Program Files\Mozilla Firefox\firefox.exe""
ParentUser: DESKTOP-JP20VPR\BobWe"
Information,1/3/2022 5:59:45 PM,Microsoft-Windows-Sysmon,1,Process Create (rule: ProcessCreate),S-1-5-18,Microsoft-Windows-Sysmon/Operational,,Info,DESKTOP-JP20VPR,14108,3560,,,,,,00000000-0000-0000-0000-000000000000,00000000-0000-0000-0000-000000000000,,"Process Create:
RuleName: -
UtcTime: 2022-01-03 22:59:45.163
ProcessGuid: {ec47ca29-7fe1-61d3-af03-000000008600}
ProcessId: 12492
Image: C:\Program Files\Mozilla Firefox\firefox.exe
FileVersion: 95.0.2
Description: Firefox
Product: Firefox
Company: Mozilla Corporation
OriginalFileName: firefox.exe
CommandLine: ""C:\Program Files\Mozilla Firefox\firefox.exe"" -contentproc --channel=""13416.13.1018682811\2106870806"" -childID 7 -isForBrowser -prefsHandle 8508 -prefMapHandle 8788 -prefsLen 6849 -prefMapSize 251046 -jsInitHandle 1324 -jsInitLen 278884 -parentBuildID 20211218203254 -appDir ""C:\Program Files\Mozilla Firefox\browser"" - 13416 ""\\.\pipe\gecko-crash-server-pipe.13416"" 8420 11a86250d38 tab
CurrentDirectory: C:\Program Files\Mozilla Firefox\
User: DESKTOP-JP20VPR\BobWe
LogonGuid: {ec47ca29-70bf-61d3-9db4-020000000000}
LogonId: 0x2B49D
TerminalSessionId: 1
IntegrityLevel: Low
Hashes: SHA256=18E361D2C7C143442AC65EB33B581BFA022C943EC82205FC89C6C4D727C5E7CF
ParentProcessGuid: {ec47ca29-7fd9-61d3-a703-000000008600}
ParentProcessId: 13416
ParentImage: C:\Program Files\Mozilla Firefox\firefox.exe
ParentCommandLine: ""C:\Program Files\Mozilla Firefox\firefox.exe""
ParentUser: DESKTOP-JP20VPR\BobWe"
