Level,Date and Time,Source,Event ID,Task Category,User,Log,Keywords,Operational Code,Computer,Process ID,Thread ID,Processor ID,Session ID,Kernel Time,User Time,Processor Time,Correlation Id,Relative Correlation Id,Event Source Name
Information,1/3/2022 7:30:12 PM,Microsoft-Windows-Sysmon,5,Process terminated (rule: ProcessTerminate),S-1-5-18,Microsoft-Windows-Sysmon/Operational,,Info,DESKTOP-JP20VPR,14108,3560,,,,,,00000000-0000-0000-0000-000000000000,00000000-0000-0000-0000-000000000000,,"Process terminated:
RuleName: -
UtcTime: 2022-01-04 00:30:12.162
ProcessGuid: {ec47ca29-950e-61d3-7f04-000000008600}
ProcessId: 14340
Image: C:\Program Files\Microsoft OneDrive\21.230.1107.0004\FileCoAuth.exe
User: DESKTOP-JP20VPR\BobWe"
Information,1/3/2022 7:30:06 PM,Microsoft-Windows-Sysmon,1,Process Create (rule: ProcessCreate),S-1-5-18,Microsoft-Windows-Sysmon/Operational,,Info,DESKTOP-JP20VPR,14108,3560,,,,,,00000000-0000-0000-0000-000000000000,00000000-0000-0000-0000-000000000000,,"Process Create:
RuleName: -
UtcTime: 2022-01-04 00:30:06.038
ProcessGuid: {ec47ca29-950e-61d3-7f04-000000008600}
ProcessId: 14340
Image: C:\Program Files\Microsoft OneDrive\21.230.1107.0004\FileCoAuth.exe
FileVersion: 21.230.1107.0004
Description: Microsoft OneDriveFile Co-Authoring Executable
Product: Microsoft OneDrive
Company: Microsoft Corporation
OriginalFileName: FileCoAuth.exe
CommandLine: ""C:\Program Files\Microsoft OneDrive\21.230.1107.0004\FileCoAuth.exe"" -Embedding
CurrentDirectory: C:\Windows\system32\
User: DESKTOP-JP20VPR\BobWe
LogonGuid: {ec47ca29-70bf-61d3-7aae-020000000000}
LogonId: 0x2AE7A
TerminalSessionId: 1
IntegrityLevel: High
Hashes: SHA256=65FA9EA7161AECA034301CAD4A237A939F95561CC41EF5E2388645FF9CCFB65C
ParentProcessGuid: {ec47ca29-70be-61d3-0d00-000000008600}
ParentProcessId: 1056
ParentImage: C:\Windows\System32\svchost.exe
ParentCommandLine: C:\Windows\system32\svchost.exe -k DcomLaunch -p
ParentUser: NT AUTHORITY\SYSTEM"
Information,1/3/2022 7:29:57 PM,Microsoft-Windows-Sysmon,5,Process terminated (rule: ProcessTerminate),S-1-5-18,Microsoft-Windows-Sysmon/Operational,,Info,DESKTOP-JP20VPR,14108,3560,,,,,,00000000-0000-0000-0000-000000000000,00000000-0000-0000-0000-000000000000,,"Process terminated:
RuleName: -
UtcTime: 2022-01-04 00:29:57.415
ProcessGuid: {ec47ca29-94f9-61d3-7d04-000000008600}
ProcessId: 10840
Image: C:\Windows\System32\svchost.exe
User: DESKTOP-JP20VPR\BobWe"
Information,1/3/2022 7:29:50 PM,Microsoft-Windows-Sysmon,5,Process terminated (rule: ProcessTerminate),S-1-5-18,Microsoft-Windows-Sysmon/Operational,,Info,DESKTOP-JP20VPR,14108,3560,,,,,,00000000-0000-0000-0000-000000000000,00000000-0000-0000-0000-000000000000,,"Process terminated:
RuleName: -
UtcTime: 2022-01-04 00:29:50.503
ProcessGuid: {ec47ca29-92da-61d3-7304-000000008600}
ProcessId: 16900
Image: C:\Program Files (x86)\Steam\GameOverlayUI.exe
User: DESKTOP-JP20VPR\BobWe"
Information,1/3/2022 7:29:50 PM,Microsoft-Windows-Sysmon,5,Process terminated (rule: ProcessTerminate),S-1-5-18,Microsoft-Windows-Sysmon/Operational,,Info,DESKTOP-JP20VPR,14108,3560,,,,,,00000000-0000-0000-0000-000000000000,00000000-0000-0000-0000-000000000000,,"Process terminated:
RuleName: -
UtcTime: 2022-01-04 00:29:50.375
ProcessGuid: {ec47ca29-92db-61d3-7404-000000008600}
ProcessId: 3908
Image: C:\Program Files (x86)\Steam\bin\cef\cef.win7x64\steamwebhelper.exe
User: DESKTOP-JP20VPR\BobWe"
Information,1/3/2022 7:29:49 PM,Microsoft-Windows-Sysmon,5,Process terminated (rule: ProcessTerminate),S-1-5-18,Microsoft-Windows-Sysmon/Operational,,Info,DESKTOP-JP20VPR,14108,3560,,,,,,00000000-0000-0000-0000-000000000000,00000000-0000-0000-0000-000000000000,,"Process terminated:
RuleName: -
UtcTime: 2022-01-04 00:29:49.488
ProcessGuid: {ec47ca29-92bb-61d3-6e04-000000008600}
ProcessId: 17484
Image: D:\Program Files (x86)\steamapps\common\MicrosoftFlightSimulator\FlightSimulator.exe
User: DESKTOP-JP20VPR\BobWe"
Information,1/3/2022 7:29:48 PM,Microsoft-Windows-Sysmon,5,Process terminated (rule: ProcessTerminate),S-1-5-18,Microsoft-Windows-Sysmon/Operational,,Info,DESKTOP-JP20VPR,14108,3560,,,,,,00000000-0000-0000-0000-000000000000,00000000-0000-0000-0000-000000000000,,"Process terminated:
RuleName: -
UtcTime: 2022-01-04 00:29:48.514
ProcessGuid: {ec47ca29-92d9-61d3-7204-000000008600}
ProcessId: 9464
Image: C:\Windows\System32\GameBarPresenceWriter.exe
User: DESKTOP-JP20VPR\BobWe"
Information,1/3/2022 7:29:45 PM,Microsoft-Windows-Sysmon,1,Process Create (rule: ProcessCreate),S-1-5-18,Microsoft-Windows-Sysmon/Operational,,Info,DESKTOP-JP20VPR,14108,3560,,,,,,00000000-0000-0000-0000-000000000000,00000000-0000-0000-0000-000000000000,,"Process Create:
RuleName: -
UtcTime: 2022-01-04 00:29:45.346
ProcessGuid: {ec47ca29-94f9-61d3-7e04-000000008600}
ProcessId: 6124
Image: C:\Windows\System32\backgroundTaskHost.exe
FileVersion: 10.0.19041.546 (WinBuild.160101.0800)
Description: Background Task Host
Product: Microsoft® Windows® Operating System
Company: Microsoft Corporation
OriginalFileName: backgroundTaskHost.exe
CommandLine: ""C:\Windows\system32\backgroundTaskHost.exe"" -ServerName:ShellFeedsUI.AppXnj65k2d1a1rnztt2t2nng5ctmk3e76pn.mca
CurrentDirectory: C:\Windows\SystemApps\Microsoft.Windows.Search_cw5n1h2txyewy\
User: DESKTOP-JP20VPR\BobWe
LogonGuid: {ec47ca29-70bf-61d3-9db4-020000000000}
LogonId: 0x2B49D
TerminalSessionId: 1
IntegrityLevel: AppContainer
Hashes: SHA256=20330D3CA71D58F4AEB432676CB6A3D5B97005954E45132FB083E90782EFDD50
ParentProcessGuid: {ec47ca29-70be-61d3-0d00-000000008600}
ParentProcessId: 1056
ParentImage: C:\Windows\System32\svchost.exe
ParentCommandLine: C:\Windows\system32\svchost.exe -k DcomLaunch -p
ParentUser: NT AUTHORITY\SYSTEM"
Information,1/3/2022 7:29:45 PM,Microsoft-Windows-Sysmon,1,Process Create (rule: ProcessCreate),S-1-5-18,Microsoft-Windows-Sysmon/Operational,,Info,DESKTOP-JP20VPR,14108,3560,,,,,,00000000-0000-0000-0000-000000000000,00000000-0000-0000-0000-000000000000,,"Process Create:
RuleName: -
UtcTime: 2022-01-04 00:29:45.344
ProcessGuid: {ec47ca29-94f9-61d3-7d04-000000008600}
ProcessId: 10840
Image: C:\Windows\System32\svchost.exe
FileVersion: 10.0.19041.546 (WinBuild.160101.0800)
Description: Host Process for Windows Services
Product: Microsoft® Windows® Operating System
Company: Microsoft Corporation
OriginalFileName: svchost.exe
CommandLine: C:\Windows\system32\svchost.exe -k BcastDVRUserService -s BcastDVRUserService
CurrentDirectory: C:\Windows\system32\
User: DESKTOP-JP20VPR\BobWe
LogonGuid: {ec47ca29-70bf-61d3-9db4-020000000000}
LogonId: 0x2B49D
TerminalSessionId: 1
IntegrityLevel: Medium
Hashes: SHA256=643EC58E82E0272C97C2A59F6020970D881AF19C0AD5029DB9C958C13B6558C7
ParentProcessGuid: {00000000-0000-0000-0000-000000000000}
ParentProcessId: 944
ParentImage: -
ParentCommandLine: -
ParentUser: -"
Information,1/3/2022 7:29:23 PM,Microsoft-Windows-Sysmon,5,Process terminated (rule: ProcessTerminate),S-1-5-18,Microsoft-Windows-Sysmon/Operational,,Info,DESKTOP-JP20VPR,14108,3560,,,,,,00000000-0000-0000-0000-000000000000,00000000-0000-0000-0000-000000000000,,"Process terminated:
RuleName: -
UtcTime: 2022-01-04 00:29:23.835
ProcessGuid: {ec47ca29-93f3-61d3-7704-000000008600}
ProcessId: 6868
Image: C:\Windows\System32\svchost.exe
User: NT AUTHORITY\SYSTEM"
Information,1/3/2022 7:28:38 PM,Microsoft-Windows-Sysmon,5,Process terminated (rule: ProcessTerminate),S-1-5-18,Microsoft-Windows-Sysmon/Operational,,Info,DESKTOP-JP20VPR,14108,3560,,,,,,00000000-0000-0000-0000-000000000000,00000000-0000-0000-0000-000000000000,,"Process terminated:
RuleName: -
UtcTime: 2022-01-04 00:28:38.619
ProcessGuid: {ec47ca29-94b6-61d3-7c04-000000008600}
ProcessId: 3316
Image: C:\Windows\System32\conhost.exe
User: NT AUTHORITY\SYSTEM"
Information,1/3/2022 7:28:38 PM,Microsoft-Windows-Sysmon,5,Process terminated (rule: ProcessTerminate),S-1-5-18,Microsoft-Windows-Sysmon/Operational,,Info,DESKTOP-JP20VPR,14108,3560,,,,,,00000000-0000-0000-0000-000000000000,00000000-0000-0000-0000-000000000000,,"Process terminated:
RuleName: -
UtcTime: 2022-01-04 00:28:38.618
ProcessGuid: {ec47ca29-94b6-61d3-7b04-000000008600}
ProcessId: 5816
Image: C:\Windows\System32\dmclient.exe
User: NT AUTHORITY\SYSTEM"
Information,1/3/2022 7:28:38 PM,Microsoft-Windows-Sysmon,1,Process Create (rule: ProcessCreate),S-1-5-18,Microsoft-Windows-Sysmon/Operational,,Info,DESKTOP-JP20VPR,14108,3560,,,,,,00000000-0000-0000-0000-000000000000,00000000-0000-0000-0000-000000000000,,"Process Create:
RuleName: -
UtcTime: 2022-01-04 00:28:38.583
ProcessGuid: {ec47ca29-94b6-61d3-7c04-000000008600}
ProcessId: 3316
Image: C:\Windows\System32\conhost.exe
FileVersion: 10.0.19041.1320 (WinBuild.160101.0800)
Description: Console Window Host
Product: Microsoft® Windows® Operating System
Company: Microsoft Corporation
OriginalFileName: CONHOST.EXE
CommandLine: \??\C:\Windows\system32\conhost.exe 0xffffffff -ForceV1
CurrentDirectory: C:\Windows
User: NT AUTHORITY\SYSTEM
LogonGuid: {ec47ca29-70be-61d3-e703-000000000000}
LogonId: 0x3E7
TerminalSessionId: 0
IntegrityLevel: System
Hashes: SHA256=22117361C2C34CB18BEEE2CA9770B3AA6C8D032A0941991454DD222BEC6D9295
ParentProcessGuid: {ec47ca29-94b6-61d3-7b04-000000008600}
ParentProcessId: 5816
ParentImage: C:\Windows\System32\dmclient.exe
ParentCommandLine: C:\Windows\system32\dmclient.exe utcwnf
ParentUser: NT AUTHORITY\SYSTEM"
Information,1/3/2022 7:28:38 PM,Microsoft-Windows-Sysmon,1,Process Create (rule: ProcessCreate),S-1-5-18,Microsoft-Windows-Sysmon/Operational,,Info,DESKTOP-JP20VPR,14108,3560,,,,,,00000000-0000-0000-0000-000000000000,00000000-0000-0000-0000-000000000000,,"Process Create:
RuleName: -
UtcTime: 2022-01-04 00:28:38.579
ProcessGuid: {ec47ca29-94b6-61d3-7b04-000000008600}
ProcessId: 5816
Image: C:\Windows\System32\dmclient.exe
FileVersion: 10.0.19041.1202 (WinBuild.160101.0800)
Description: Microsoft Feedback SIUF Deployment Manager Client
Product: Microsoft® Windows® Operating System
Company: Microsoft Corporation
OriginalFileName: dmclient.exe
CommandLine: C:\Windows\system32\dmclient.exe utcwnf
CurrentDirectory: C:\Windows\system32\
User: NT AUTHORITY\SYSTEM
LogonGuid: {ec47ca29-70be-61d3-e703-000000000000}
LogonId: 0x3E7
TerminalSessionId: 0
IntegrityLevel: System
Hashes: SHA256=C41258FA588B650483DEE87057AA82F7B855EB257D3D25BE41F71E90C8CA9746
ParentProcessGuid: {ec47ca29-70bf-61d3-1c00-000000008600}
ParentProcessId: 1716
ParentImage: C:\Windows\System32\svchost.exe
ParentCommandLine: C:\Windows\system32\svchost.exe -k netsvcs -p -s Schedule
ParentUser: NT AUTHORITY\SYSTEM"
Information,1/3/2022 7:27:11 PM,Microsoft-Windows-Sysmon,5,Process terminated (rule: ProcessTerminate),S-1-5-18,Microsoft-Windows-Sysmon/Operational,,Info,DESKTOP-JP20VPR,14108,3560,,,,,,00000000-0000-0000-0000-000000000000,00000000-0000-0000-0000-000000000000,,"Process terminated:
RuleName: -
UtcTime: 2022-01-04 00:27:11.161
ProcessGuid: {ec47ca29-91ca-61d3-6604-000000008600}
ProcessId: 10340
Image: C:\Windows\System32\svchost.exe
User: DESKTOP-JP20VPR\BobWe"
Information,1/3/2022 7:27:11 PM,Microsoft-Windows-Sysmon,1,Process Create (rule: ProcessCreate),S-1-5-18,Microsoft-Windows-Sysmon/Operational,,Info,DESKTOP-JP20VPR,14108,3560,,,,,,00000000-0000-0000-0000-000000000000,00000000-0000-0000-0000-000000000000,,"Process Create:
RuleName: -
UtcTime: 2022-01-04 00:27:11.138
ProcessGuid: {ec47ca29-945f-61d3-7a04-000000008600}
ProcessId: 7312
Image: C:\Windows\System32\svchost.exe
FileVersion: 10.0.19041.546 (WinBuild.160101.0800)
Description: Host Process for Windows Services
Product: Microsoft® Windows® Operating System
Company: Microsoft Corporation
OriginalFileName: svchost.exe
CommandLine: C:\Windows\system32\svchost.exe -k wsappx -p -s AppXSvc
CurrentDirectory: C:\Windows\system32\
User: NT AUTHORITY\SYSTEM
LogonGuid: {ec47ca29-70be-61d3-e703-000000000000}
LogonId: 0x3E7
TerminalSessionId: 0
IntegrityLevel: System
Hashes: SHA256=643EC58E82E0272C97C2A59F6020970D881AF19C0AD5029DB9C958C13B6558C7
ParentProcessGuid: {00000000-0000-0000-0000-000000000000}
ParentProcessId: 944
ParentImage: -
ParentCommandLine: -
ParentUser: -"
Information,1/3/2022 7:26:22 PM,Microsoft-Windows-Sysmon,5,Process terminated (rule: ProcessTerminate),S-1-5-18,Microsoft-Windows-Sysmon/Operational,,Info,DESKTOP-JP20VPR,14108,3560,,,,,,00000000-0000-0000-0000-000000000000,00000000-0000-0000-0000-000000000000,,"Process terminated:
RuleName: -
UtcTime: 2022-01-04 00:26:22.393
ProcessGuid: {ec47ca29-91ca-61d3-6504-000000008600}
ProcessId: 10996
Image: C:\Windows\System32\svchost.exe
User: NT AUTHORITY\SYSTEM"
Information,1/3/2022 7:26:09 PM,Microsoft-Windows-Sysmon,5,Process terminated (rule: ProcessTerminate),S-1-5-18,Microsoft-Windows-Sysmon/Operational,,Info,DESKTOP-JP20VPR,14108,3560,,,,,,00000000-0000-0000-0000-000000000000,00000000-0000-0000-0000-000000000000,,"Process terminated:
RuleName: -
UtcTime: 2022-01-04 00:26:09.807
ProcessGuid: {ec47ca29-91c3-61d3-6204-000000008600}
ProcessId: 18068
Image: C:\Windows\System32\svchost.exe
User: NT AUTHORITY\SYSTEM"
Information,1/3/2022 7:25:51 PM,Microsoft-Windows-Sysmon,5,Process terminated (rule: ProcessTerminate),S-1-5-18,Microsoft-Windows-Sysmon/Operational,,Info,DESKTOP-JP20VPR,14108,3560,,,,,,00000000-0000-0000-0000-000000000000,00000000-0000-0000-0000-000000000000,,"Process terminated:
RuleName: -
UtcTime: 2022-01-04 00:25:51.600
ProcessGuid: {ec47ca29-9405-61d3-7904-000000008600}
ProcessId: 13136
Image: C:\Program Files (x86)\Microsoft\Edge\Application\96.0.1054.62\identity_helper.exe
User: DESKTOP-JP20VPR\BobWe"
Information,1/3/2022 7:25:41 PM,Microsoft-Windows-Sysmon,1,Process Create (rule: ProcessCreate),S-1-5-18,Microsoft-Windows-Sysmon/Operational,,Info,DESKTOP-JP20VPR,14108,3560,,,,,,00000000-0000-0000-0000-000000000000,00000000-0000-0000-0000-000000000000,,"Process Create:
RuleName: -
UtcTime: 2022-01-04 00:25:41.519
ProcessGuid: {ec47ca29-9405-61d3-7904-000000008600}
ProcessId: 13136
Image: C:\Program Files (x86)\Microsoft\Edge\Application\96.0.1054.62\identity_helper.exe
FileVersion: 96.0.1054.62
Description: PWA Identity Proxy Host
Product: Microsoft Edge
Company: Microsoft Corporation
OriginalFileName: identity_helper.exe
CommandLine: ""C:\Program Files (x86)\Microsoft\Edge\Application\96.0.1054.62\identity_helper.exe"" --type=utility --utility-sub-type=winrt_app_id.mojom.WinrtAppIdService --field-trial-handle=2308,14150179790966226464,16948066822318633601,131072 --lang=en-US --service-sandbox-type=none --mojo-platform-channel-handle=1768 /prefetch:8
CurrentDirectory: C:\Program Files (x86)\Microsoft\Edge\Application\96.0.1054.62\
User: DESKTOP-JP20VPR\BobWe
LogonGuid: {ec47ca29-70bf-61d3-9db4-020000000000}
LogonId: 0x2B49D
TerminalSessionId: 1
IntegrityLevel: Medium
Hashes: SHA256=7914D38736F3CE4F89432E15816711FFFDFD9002FA50CE7205C1176AF9142AB4
ParentProcessGuid: {ec47ca29-70db-61d3-4801-000000008600}
ParentProcessId: 11916
ParentImage: C:\Program Files (x86)\Microsoft\Edge\Application\msedge.exe
ParentCommandLine: ""C:\Program Files (x86)\Microsoft\Edge\Application\msedge.exe"" --no-startup-window --win-session-start /prefetch:5
ParentUser: DESKTOP-JP20VPR\BobWe"
Information,1/3/2022 7:25:41 PM,Microsoft-Windows-Sysmon,5,Process terminated (rule: ProcessTerminate),S-1-5-18,Microsoft-Windows-Sysmon/Operational,,Info,DESKTOP-JP20VPR,14108,3560,,,,,,00000000-0000-0000-0000-000000000000,00000000-0000-0000-0000-000000000000,,"Process terminated:
RuleName: -
UtcTime: 2022-01-04 00:25:41.518
ProcessGuid: {ec47ca29-9405-61d3-7804-000000008600}
ProcessId: 8668
Image: C:\Program Files (x86)\Microsoft\Edge\Application\96.0.1054.62\identity_helper.exe
User: DESKTOP-JP20VPR\BobWe"
Information,1/3/2022 7:25:41 PM,Microsoft-Windows-Sysmon,1,Process Create (rule: ProcessCreate),S-1-5-18,Microsoft-Windows-Sysmon/Operational,,Info,DESKTOP-JP20VPR,14108,3560,,,,,,00000000-0000-0000-0000-000000000000,00000000-0000-0000-0000-000000000000,,"Process Create:
RuleName: -
UtcTime: 2022-01-04 00:25:41.515
ProcessGuid: {ec47ca29-9405-61d3-7804-000000008600}
ProcessId: 8668
Image: C:\Program Files (x86)\Microsoft\Edge\Application\96.0.1054.62\identity_helper.exe
FileVersion: 96.0.1054.62
Description: PWA Identity Proxy Host
Product: Microsoft Edge
Company: Microsoft Corporation
OriginalFileName: identity_helper.exe
CommandLine: ""C:\Program Files (x86)\Microsoft\Edge\Application\96.0.1054.62\identity_helper.exe"" --type=utility --utility-sub-type=winrt_app_id.mojom.WinrtAppIdService --field-trial-handle=2308,14150179790966226464,16948066822318633601,131072 --lang=en-US --service-sandbox-type=none --mojo-platform-channel-handle=1768 /prefetch:8
CurrentDirectory: C:\Program Files (x86)\Microsoft\Edge\Application\96.0.1054.62\
User: DESKTOP-JP20VPR\BobWe
LogonGuid: {ec47ca29-70bf-61d3-9db4-020000000000}
LogonId: 0x2B49D
TerminalSessionId: 1
IntegrityLevel: Medium
Hashes: SHA256=7914D38736F3CE4F89432E15816711FFFDFD9002FA50CE7205C1176AF9142AB4
ParentProcessGuid: {ec47ca29-70db-61d3-4801-000000008600}
ParentProcessId: 11916
ParentImage: C:\Program Files (x86)\Microsoft\Edge\Application\msedge.exe
ParentCommandLine: ""C:\Program Files (x86)\Microsoft\Edge\Application\msedge.exe"" --no-startup-window --win-session-start /prefetch:5
ParentUser: DESKTOP-JP20VPR\BobWe"
Information,1/3/2022 7:25:23 PM,Microsoft-Windows-Sysmon,1,Process Create (rule: ProcessCreate),S-1-5-18,Microsoft-Windows-Sysmon/Operational,,Info,DESKTOP-JP20VPR,14108,3560,,,,,,00000000-0000-0000-0000-000000000000,00000000-0000-0000-0000-000000000000,,"Process Create:
RuleName: -
UtcTime: 2022-01-04 00:25:23.841
ProcessGuid: {ec47ca29-93f3-61d3-7704-000000008600}
ProcessId: 6868
Image: C:\Windows\System32\svchost.exe
FileVersion: 10.0.19041.546 (WinBuild.160101.0800)
Description: Host Process for Windows Services
Product: Microsoft® Windows® Operating System
Company: Microsoft Corporation
OriginalFileName: svchost.exe
CommandLine: C:\Windows\system32\svchost.exe -k netsvcs -p -s wlidsvc
CurrentDirectory: C:\Windows\system32\
User: NT AUTHORITY\SYSTEM
LogonGuid: {ec47ca29-70be-61d3-e703-000000000000}
LogonId: 0x3E7
TerminalSessionId: 0
IntegrityLevel: System
Hashes: SHA256=643EC58E82E0272C97C2A59F6020970D881AF19C0AD5029DB9C958C13B6558C7
ParentProcessGuid: {00000000-0000-0000-0000-000000000000}
ParentProcessId: 944
ParentImage: -
ParentCommandLine: -
ParentUser: -"
Information,1/3/2022 7:25:06 PM,Microsoft-Windows-Sysmon,5,Process terminated (rule: ProcessTerminate),S-1-5-18,Microsoft-Windows-Sysmon/Operational,,Info,DESKTOP-JP20VPR,14108,3560,,,,,,00000000-0000-0000-0000-000000000000,00000000-0000-0000-0000-000000000000,,"Process terminated:
RuleName: -
UtcTime: 2022-01-04 00:25:06.362
ProcessGuid: {ec47ca29-92b6-61d3-6904-000000008600}
ProcessId: 17964
Image: C:\Windows\System32\smartscreen.exe
User: DESKTOP-JP20VPR\BobWe"
Information,1/3/2022 7:24:02 PM,Microsoft-Windows-Sysmon,5,Process terminated (rule: ProcessTerminate),S-1-5-18,Microsoft-Windows-Sysmon/Operational,,Info,DESKTOP-JP20VPR,14108,3560,,,,,,00000000-0000-0000-0000-000000000000,00000000-0000-0000-0000-000000000000,,"Process terminated:
RuleName: -
UtcTime: 2022-01-04 00:24:02.536
ProcessGuid: {ec47ca29-93a2-61d3-7604-000000008600}
ProcessId: 1232
Image: C:\Program Files (x86)\Microsoft\EdgeUpdate\MicrosoftEdgeUpdate.exe
User: NT AUTHORITY\SYSTEM"
Information,1/3/2022 7:24:02 PM,Microsoft-Windows-Sysmon,1,Process Create (rule: ProcessCreate),S-1-5-18,Microsoft-Windows-Sysmon/Operational,,Info,DESKTOP-JP20VPR,14108,3560,,,,,,00000000-0000-0000-0000-000000000000,00000000-0000-0000-0000-000000000000,,"Process Create:
RuleName: -
UtcTime: 2022-01-04 00:24:02.502
ProcessGuid: {ec47ca29-93a2-61d3-7604-000000008600}
ProcessId: 1232
Image: C:\Program Files (x86)\Microsoft\EdgeUpdate\MicrosoftEdgeUpdate.exe
FileVersion: 1.3.119.43
Description: Microsoft Edge Update
Product: Microsoft Edge Update
Company: Microsoft Corporation
OriginalFileName: msedgeupdate.dll
CommandLine: ""C:\Program Files (x86)\Microsoft\EdgeUpdate\MicrosoftEdgeUpdate.exe"" /ua /installsource scheduler
CurrentDirectory: C:\Windows\system32\
User: NT AUTHORITY\SYSTEM
LogonGuid: {ec47ca29-70be-61d3-e703-000000000000}
LogonId: 0x3E7
TerminalSessionId: 0
IntegrityLevel: System
Hashes: SHA256=7209D144D97CA57288E829FB5F026B5C4576433AAA7F5FB0ADC6504A33B21656
ParentProcessGuid: {ec47ca29-70bf-61d3-1c00-000000008600}
ParentProcessId: 1716
ParentImage: C:\Windows\System32\svchost.exe
ParentCommandLine: C:\Windows\system32\svchost.exe -k netsvcs -p -s Schedule
ParentUser: NT AUTHORITY\SYSTEM"
Information,1/3/2022 7:21:52 PM,Microsoft-Windows-Sysmon,5,Process terminated (rule: ProcessTerminate),S-1-5-18,Microsoft-Windows-Sysmon/Operational,,Info,DESKTOP-JP20VPR,14108,3560,,,,,,00000000-0000-0000-0000-000000000000,00000000-0000-0000-0000-000000000000,,"Process terminated:
RuleName: -
UtcTime: 2022-01-04 00:21:52.382
ProcessGuid: {ec47ca29-92c6-61d3-7104-000000008600}
ProcessId: 1452
Image: C:\Windows\System32\RuntimeBroker.exe
User: DESKTOP-JP20VPR\BobWe"
Information,1/3/2022 7:21:39 PM,Microsoft-Windows-Sysmon,5,Process terminated (rule: ProcessTerminate),S-1-5-18,Microsoft-Windows-Sysmon/Operational,,Info,DESKTOP-JP20VPR,14108,3560,,,,,,00000000-0000-0000-0000-000000000000,00000000-0000-0000-0000-000000000000,,"Process terminated:
RuleName: -
UtcTime: 2022-01-04 00:21:39.830
ProcessGuid: {ec47ca29-77d2-61d3-f602-000000008600}
ProcessId: 18124
Image: C:\Windows\System32\RuntimeBroker.exe
User: DESKTOP-JP20VPR\BobWe"
Information,1/3/2022 7:21:22 PM,Microsoft-Windows-Sysmon,5,Process terminated (rule: ProcessTerminate),S-1-5-18,Microsoft-Windows-Sysmon/Operational,,Info,DESKTOP-JP20VPR,14108,3560,,,,,,00000000-0000-0000-0000-000000000000,00000000-0000-0000-0000-000000000000,,"Process terminated:
RuleName: -
UtcTime: 2022-01-04 00:21:22.377
ProcessGuid: {ec47ca29-92c6-61d3-7004-000000008600}
ProcessId: 9812
Image: C:\Windows\System32\backgroundTaskHost.exe
User: DESKTOP-JP20VPR\BobWe"
Information,1/3/2022 7:21:15 PM,Microsoft-Windows-Sysmon,5,Process terminated (rule: ProcessTerminate),S-1-5-18,Microsoft-Windows-Sysmon/Operational,,Info,DESKTOP-JP20VPR,14108,3560,,,,,,00000000-0000-0000-0000-000000000000,00000000-0000-0000-0000-000000000000,,"Process terminated:
RuleName: -
UtcTime: 2022-01-04 00:21:15.631
ProcessGuid: {ec47ca29-92f8-61d3-7504-000000008600}
ProcessId: 11400
Image: C:\Program Files (x86)\Steam\bin\cef\cef.win7x64\steamwebhelper.exe
User: DESKTOP-JP20VPR\BobWe"
Information,1/3/2022 7:21:12 PM,Microsoft-Windows-Sysmon,1,Process Create (rule: ProcessCreate),S-1-5-18,Microsoft-Windows-Sysmon/Operational,,Info,DESKTOP-JP20VPR,14108,3560,,,,,,00000000-0000-0000-0000-000000000000,00000000-0000-0000-0000-000000000000,,"Process Create:
RuleName: -
UtcTime: 2022-01-04 00:21:12.613
ProcessGuid: {ec47ca29-92f8-61d3-7504-000000008600}
ProcessId: 11400
Image: C:\Program Files (x86)\Steam\bin\cef\cef.win7x64\steamwebhelper.exe
FileVersion: 06.96.74.78
Description: Steam Client WebHelper
Product: Steam Client WebHelper
Company: Valve Corporation
OriginalFileName: steamwebhelper.exe
CommandLine: ""C:\Program Files (x86)\Steam\bin\cef\cef.win7x64\steamwebhelper.exe"" --type=renderer --log-file=""C:\Program Files (x86)\Steam\logs\cef_log.txt"" --field-trial-handle=1692,5481244301588789581,3716453313082021609,131072 --enable-features=CastMediaRouteProvider --disable-features=OutOfBlinkCors --enable-blink-features=ResizeObserver,Worklet,AudioWorklet --lang=en-US --log-file=""C:\Program Files (x86)\Steam\logs\cef_log.txt"" --product-version=""Valve Steam Client"" --buildid=1639697812 --steamid=0 --device-scale-factor=1 --num-raster-threads=4 --enable-main-frame-before-activation --renderer-client-id=14 --mojo-platform-channel-handle=3904 /prefetch:1
CurrentDirectory: C:\Program Files (x86)\Steam\
User: DESKTOP-JP20VPR\BobWe
LogonGuid: {ec47ca29-70bf-61d3-9db4-020000000000}
LogonId: 0x2B49D
TerminalSessionId: 1
IntegrityLevel: Low
Hashes: SHA256=9F960F6FE51DA3271E17B6F68F792791A3D373CFF1390374AA09C57221A99863
ParentProcessGuid: {ec47ca29-70da-61d3-4301-000000008600}
ParentProcessId: 13648
ParentImage: C:\Program Files (x86)\Steam\bin\cef\cef.win7x64\steamwebhelper.exe
ParentCommandLine: ""C:\Program Files (x86)\Steam\bin\cef\cef.win7x64\steamwebhelper.exe"" ""-lang=en_US"" ""-cachedir=C:\Users\BobWe\AppData\Local\Steam\htmlcache"" ""-steampid=8900"" ""-buildid=1639697812"" ""-steamid=0"" ""-logdir=C:\Program Files (x86)\Steam\logs"" ""-composer-mode=0"" ""-steamuniverse=Public"" ""-realm=Global"" ""-clientui=C:\Program Files (x86)\Steam\clientui"" --enable-blink-features=ResizeObserver,Worklet,AudioWorklet --enable-media-stream --enable-smooth-scrolling --enable-direct-write ""--log-file=C:\Program Files (x86)\Steam\logs\cef_log.txt"" --disable-quick-menu
ParentUser: DESKTOP-JP20VPR\BobWe"
Information,1/3/2022 7:21:09 PM,Microsoft-Windows-Sysmon,5,Process terminated (rule: ProcessTerminate),S-1-5-18,Microsoft-Windows-Sysmon/Operational,,Info,DESKTOP-JP20VPR,14108,3560,,,,,,00000000-0000-0000-0000-000000000000,00000000-0000-0000-0000-000000000000,,"Process terminated:
RuleName: -
UtcTime: 2022-01-04 00:21:09.860
ProcessGuid: {ec47ca29-77d2-61d3-f702-000000008600}
ProcessId: 7768
Image: C:\Program Files\WindowsApps\Microsoft.XboxGamingOverlay_5.721.12013.0_x64__8wekyb3d8bbwe\GameBarFTServer.exe
User: DESKTOP-JP20VPR\BobWe"
Information,1/3/2022 7:21:09 PM,Microsoft-Windows-Sysmon,5,Process terminated (rule: ProcessTerminate),S-1-5-18,Microsoft-Windows-Sysmon/Operational,,Info,DESKTOP-JP20VPR,14108,3560,,,,,,00000000-0000-0000-0000-000000000000,00000000-0000-0000-0000-000000000000,,"Process terminated:
RuleName: -
UtcTime: 2022-01-04 00:21:09.823
ProcessGuid: {ec47ca29-77d1-61d3-eb02-000000008600}
ProcessId: 13796
Image: C:\Program Files\WindowsApps\Microsoft.XboxGamingOverlay_5.721.12013.0_x64__8wekyb3d8bbwe\GameBar.exe
User: DESKTOP-JP20VPR\BobWe"
Information,1/3/2022 7:20:43 PM,Microsoft-Windows-Sysmon,1,Process Create (rule: ProcessCreate),S-1-5-18,Microsoft-Windows-Sysmon/Operational,,Info,DESKTOP-JP20VPR,14108,3560,,,,,,00000000-0000-0000-0000-000000000000,00000000-0000-0000-0000-000000000000,,"Process Create:
RuleName: -
UtcTime: 2022-01-04 00:20:43.105
ProcessGuid: {ec47ca29-92db-61d3-7404-000000008600}
ProcessId: 3908
Image: C:\Program Files (x86)\Steam\bin\cef\cef.win7x64\steamwebhelper.exe
FileVersion: 06.96.74.78
Description: Steam Client WebHelper
Product: Steam Client WebHelper
Company: Valve Corporation
OriginalFileName: steamwebhelper.exe
CommandLine: ""C:\Program Files (x86)\Steam\bin\cef\cef.win7x64\steamwebhelper.exe"" --type=renderer --log-file=""C:\Program Files (x86)\Steam\logs\cef_log.txt"" --field-trial-handle=1692,5481244301588789581,3716453313082021609,131072 --enable-features=CastMediaRouteProvider --disable-features=OutOfBlinkCors --enable-blink-features=ResizeObserver,Worklet,AudioWorklet --lang=en-US --log-file=""C:\Program Files (x86)\Steam\logs\cef_log.txt"" --product-version=""Valve Steam Client"" --buildid=1639697812 --steamid=0 --device-scale-factor=1 --num-raster-threads=4 --enable-main-frame-before-activation --renderer-client-id=13 --mojo-platform-channel-handle=3768 /prefetch:1
CurrentDirectory: C:\Program Files (x86)\Steam\
User: DESKTOP-JP20VPR\BobWe
LogonGuid: {ec47ca29-70bf-61d3-9db4-020000000000}
LogonId: 0x2B49D
TerminalSessionId: 1
IntegrityLevel: Low
Hashes: SHA256=9F960F6FE51DA3271E17B6F68F792791A3D373CFF1390374AA09C57221A99863
ParentProcessGuid: {ec47ca29-70da-61d3-4301-000000008600}
ParentProcessId: 13648
ParentImage: C:\Program Files (x86)\Steam\bin\cef\cef.win7x64\steamwebhelper.exe
ParentCommandLine: ""C:\Program Files (x86)\Steam\bin\cef\cef.win7x64\steamwebhelper.exe"" ""-lang=en_US"" ""-cachedir=C:\Users\BobWe\AppData\Local\Steam\htmlcache"" ""-steampid=8900"" ""-buildid=1639697812"" ""-steamid=0"" ""-logdir=C:\Program Files (x86)\Steam\logs"" ""-composer-mode=0"" ""-steamuniverse=Public"" ""-realm=Global"" ""-clientui=C:\Program Files (x86)\Steam\clientui"" --enable-blink-features=ResizeObserver,Worklet,AudioWorklet --enable-media-stream --enable-smooth-scrolling --enable-direct-write ""--log-file=C:\Program Files (x86)\Steam\logs\cef_log.txt"" --disable-quick-menu
ParentUser: DESKTOP-JP20VPR\BobWe"
Information,1/3/2022 7:20:42 PM,Microsoft-Windows-Sysmon,1,Process Create (rule: ProcessCreate),S-1-5-18,Microsoft-Windows-Sysmon/Operational,,Info,DESKTOP-JP20VPR,14108,3560,,,,,,00000000-0000-0000-0000-000000000000,00000000-0000-0000-0000-000000000000,,"Process Create:
RuleName: -
UtcTime: 2022-01-04 00:20:42.815
ProcessGuid: {ec47ca29-92da-61d3-7304-000000008600}
ProcessId: 16900
Image: C:\Program Files (x86)\Steam\GameOverlayUI.exe
FileVersion: 06.96.74.78
Description: gameoverlayui.exe
Product: Steam
Company: Valve Corporation
OriginalFileName: gameoverlayui.exe
CommandLine: ""C:\Program Files (x86)\Steam\GameOverlayUI.exe"" -pid 17484 -steampid 8900 -manuallyclearframes 0 -gameid 1250410 -webmicrotxn
CurrentDirectory: C:\Program Files (x86)\Steam\
User: DESKTOP-JP20VPR\BobWe
LogonGuid: {ec47ca29-70bf-61d3-9db4-020000000000}
LogonId: 0x2B49D
TerminalSessionId: 1
IntegrityLevel: Medium
Hashes: SHA256=0C91FD46FC540059E93CFCA119CE219945DE99D8379CABF58A19C74311F4F525
ParentProcessGuid: {ec47ca29-70d8-61d3-3f01-000000008600}
ParentProcessId: 8900
ParentImage: C:\Program Files (x86)\Steam\steam.exe
ParentCommandLine: ""C:\Program Files (x86)\Steam\steam.exe"" -silent
ParentUser: DESKTOP-JP20VPR\BobWe"
Information,1/3/2022 7:20:41 PM,Microsoft-Windows-Sysmon,1,Process Create (rule: ProcessCreate),S-1-5-18,Microsoft-Windows-Sysmon/Operational,,Info,DESKTOP-JP20VPR,14108,3560,,,,,,00000000-0000-0000-0000-000000000000,00000000-0000-0000-0000-000000000000,,"Process Create:
RuleName: -
UtcTime: 2022-01-04 00:20:41.888
ProcessGuid: {ec47ca29-92d9-61d3-7204-000000008600}
ProcessId: 9464
Image: C:\Windows\System32\GameBarPresenceWriter.exe
FileVersion: 10.0.19041.1202 (WinBuild.160101.0800)
Description: Gamebar Presence Writer
Product: Microsoft® Windows® Operating System
Company: Microsoft Corporation
OriginalFileName: GamebarPresenceWriter.exe
CommandLine: ""C:\Windows\System32\GameBarPresenceWriter.exe"" -ServerName:Windows.Gaming.GameBar.Internal.PresenceWriterServer
CurrentDirectory: C:\Windows\system32\
User: DESKTOP-JP20VPR\BobWe
LogonGuid: {ec47ca29-70bf-61d3-9db4-020000000000}
LogonId: 0x2B49D
TerminalSessionId: 1
IntegrityLevel: Medium
Hashes: SHA256=3ECC7154B78472777AB5325525AE4BF394ED7AA1A9F00906D20AD973E27D2ED0
ParentProcessGuid: {ec47ca29-70be-61d3-0d00-000000008600}
ParentProcessId: 1056
ParentImage: C:\Windows\System32\svchost.exe
ParentCommandLine: C:\Windows\system32\svchost.exe -k DcomLaunch -p
ParentUser: NT AUTHORITY\SYSTEM"
Information,1/3/2022 7:20:22 PM,Microsoft-Windows-Sysmon,1,Process Create (rule: ProcessCreate),S-1-5-18,Microsoft-Windows-Sysmon/Operational,,Info,DESKTOP-JP20VPR,14108,3560,,,,,,00000000-0000-0000-0000-000000000000,00000000-0000-0000-0000-000000000000,,"Process Create:
RuleName: -
UtcTime: 2022-01-04 00:20:22.333
ProcessGuid: {ec47ca29-92c6-61d3-7104-000000008600}
ProcessId: 1452
Image: C:\Windows\System32\RuntimeBroker.exe
FileVersion: 10.0.19041.746 (WinBuild.160101.0800)
Description: Runtime Broker
Product: Microsoft® Windows® Operating System
Company: Microsoft Corporation
OriginalFileName: RuntimeBroker.exe
CommandLine: C:\Windows\System32\RuntimeBroker.exe -Embedding
CurrentDirectory: C:\Windows\system32\
User: DESKTOP-JP20VPR\BobWe
LogonGuid: {ec47ca29-70bf-61d3-9db4-020000000000}
LogonId: 0x2B49D
TerminalSessionId: 1
IntegrityLevel: Medium
Hashes: SHA256=E86870769EE6C797E09457BD99C58D9BF2303CF0193A24EF9B1222C2C3DAF628
ParentProcessGuid: {ec47ca29-70be-61d3-0d00-000000008600}
ParentProcessId: 1056
ParentImage: C:\Windows\System32\svchost.exe
ParentCommandLine: C:\Windows\system32\svchost.exe -k DcomLaunch -p
ParentUser: NT AUTHORITY\SYSTEM"
Information,1/3/2022 7:20:22 PM,Microsoft-Windows-Sysmon,1,Process Create (rule: ProcessCreate),S-1-5-18,Microsoft-Windows-Sysmon/Operational,,Info,DESKTOP-JP20VPR,14108,3560,,,,,,00000000-0000-0000-0000-000000000000,00000000-0000-0000-0000-000000000000,,"Process Create:
RuleName: -
UtcTime: 2022-01-04 00:20:22.278
ProcessGuid: {ec47ca29-92c6-61d3-7004-000000008600}
ProcessId: 9812
Image: C:\Windows\System32\backgroundTaskHost.exe
FileVersion: 10.0.19041.546 (WinBuild.160101.0800)
Description: Background Task Host
Product: Microsoft® Windows® Operating System
Company: Microsoft Corporation
OriginalFileName: backgroundTaskHost.exe
CommandLine: ""C:\Windows\system32\backgroundTaskHost.exe"" -ServerName:Microsoft.MicrosoftOfficeHub.AppX54h2e8jwdm50fj5ha8987vz1etpx7czd.mca
CurrentDirectory: C:\Program Files\WindowsApps\Microsoft.MicrosoftOfficeHub_18.2110.13110.0_x64__8wekyb3d8bbwe\
User: DESKTOP-JP20VPR\BobWe
LogonGuid: {ec47ca29-70bf-61d3-9db4-020000000000}
LogonId: 0x2B49D
TerminalSessionId: 1
IntegrityLevel: AppContainer
Hashes: SHA256=20330D3CA71D58F4AEB432676CB6A3D5B97005954E45132FB083E90782EFDD50
ParentProcessGuid: {ec47ca29-70be-61d3-0d00-000000008600}
ParentProcessId: 1056
ParentImage: C:\Windows\System32\svchost.exe
ParentCommandLine: C:\Windows\system32\svchost.exe -k DcomLaunch -p
ParentUser: NT AUTHORITY\SYSTEM"
Information,1/3/2022 7:20:13 PM,Microsoft-Windows-Sysmon,5,Process terminated (rule: ProcessTerminate),S-1-5-18,Microsoft-Windows-Sysmon/Operational,,Info,DESKTOP-JP20VPR,14108,3560,,,,,,00000000-0000-0000-0000-000000000000,00000000-0000-0000-0000-000000000000,,"Process terminated:
RuleName: -
UtcTime: 2022-01-04 00:20:13.377
ProcessGuid: {ec47ca29-92b8-61d3-6c04-000000008600}
ProcessId: 4148
Image: C:\Program Files (x86)\Steam\bin\cef\cef.win7x64\steamwebhelper.exe
User: DESKTOP-JP20VPR\BobWe"
Information,1/3/2022 7:20:11 PM,Microsoft-Windows-Sysmon,5,Process terminated (rule: ProcessTerminate),S-1-5-18,Microsoft-Windows-Sysmon/Operational,,Info,DESKTOP-JP20VPR,14108,3560,,,,,,00000000-0000-0000-0000-000000000000,00000000-0000-0000-0000-000000000000,,"Process terminated:
RuleName: -
UtcTime: 2022-01-04 00:20:11.318
ProcessGuid: {ec47ca29-92bb-61d3-6f04-000000008600}
ProcessId: 7060
Image: C:\Program Files (x86)\Steam\bin\x64launcher.exe
User: DESKTOP-JP20VPR\BobWe"
Information,1/3/2022 7:20:11 PM,Microsoft-Windows-Sysmon,1,Process Create (rule: ProcessCreate),S-1-5-18,Microsoft-Windows-Sysmon/Operational,,Info,DESKTOP-JP20VPR,14108,3560,,,,,,00000000-0000-0000-0000-000000000000,00000000-0000-0000-0000-000000000000,,"Process Create:
RuleName: -
UtcTime: 2022-01-04 00:20:11.311
ProcessGuid: {ec47ca29-92bb-61d3-6f04-000000008600}
ProcessId: 7060
Image: C:\Program Files (x86)\Steam\bin\x64launcher.exe
FileVersion: 06.96.74.78
Description: x64launcher.exe
Product: Steam
Company: Valve Corporation
OriginalFileName: x64launcher.exe
CommandLine: ""C:\Program Files (x86)\Steam\bin\x64launcher.exe"" -hproc 11ac -hthread 11a8 -baseoverlayname C:\Program Files (x86)\Steam\gameoverlayrenderer64.dll
CurrentDirectory: C:\Program Files (x86)\Steam\
User: DESKTOP-JP20VPR\BobWe
LogonGuid: {ec47ca29-70bf-61d3-9db4-020000000000}
LogonId: 0x2B49D
TerminalSessionId: 1
IntegrityLevel: Medium
Hashes: SHA256=644C6FBE51B6AE139B1765CD4CDBEF1FDB4E134CBB1052A47BD6D2E28F5C5244
ParentProcessGuid: {ec47ca29-70d8-61d3-3f01-000000008600}
ParentProcessId: 8900
ParentImage: C:\Program Files (x86)\Steam\steam.exe
ParentCommandLine: ""C:\Program Files (x86)\Steam\steam.exe"" -silent
ParentUser: DESKTOP-JP20VPR\BobWe"
Information,1/3/2022 7:20:11 PM,Microsoft-Windows-Sysmon,1,Process Create (rule: ProcessCreate),S-1-5-18,Microsoft-Windows-Sysmon/Operational,,Info,DESKTOP-JP20VPR,14108,3560,,,,,,00000000-0000-0000-0000-000000000000,00000000-0000-0000-0000-000000000000,,"Process Create:
RuleName: -
UtcTime: 2022-01-04 00:20:11.306
ProcessGuid: {ec47ca29-92bb-61d3-6e04-000000008600}
ProcessId: 17484
Image: D:\Program Files (x86)\steamapps\common\MicrosoftFlightSimulator\FlightSimulator.exe
FileVersion: 1,21,13,0
Description: -
Product: -
Company: Asobo Studio
OriginalFileName: -
CommandLine: ""D:\Program Files (x86)\steamapps\common\MicrosoftFlightSimulator\FlightSimulator.exe""
CurrentDirectory: D:\Program Files (x86)\steamapps\common\MicrosoftFlightSimulator\
User: DESKTOP-JP20VPR\BobWe
LogonGuid: {ec47ca29-70bf-61d3-9db4-020000000000}
LogonId: 0x2B49D
TerminalSessionId: 1
IntegrityLevel: Medium
Hashes: SHA256=4C22676142E03717C857C2D335DBB3B455C96FFB70D6968FDDF80A113F9BD606
ParentProcessGuid: {ec47ca29-70d8-61d3-3f01-000000008600}
ParentProcessId: 8900
ParentImage: C:\Program Files (x86)\Steam\steam.exe
ParentCommandLine: ""C:\Program Files (x86)\Steam\steam.exe"" -silent
ParentUser: DESKTOP-JP20VPR\BobWe"
Information,1/3/2022 7:20:10 PM,Microsoft-Windows-Sysmon,5,Process terminated (rule: ProcessTerminate),S-1-5-18,Microsoft-Windows-Sysmon/Operational,,Info,DESKTOP-JP20VPR,14108,3560,,,,,,00000000-0000-0000-0000-000000000000,00000000-0000-0000-0000-000000000000,,"Process terminated:
RuleName: -
UtcTime: 2022-01-04 00:20:10.800
ProcessGuid: {ec47ca29-92ba-61d3-6d04-000000008600}
ProcessId: 12264
Image: C:\Program Files (x86)\Steam\steam.exe
User: DESKTOP-JP20VPR\BobWe"
Information,1/3/2022 7:20:10 PM,Microsoft-Windows-Sysmon,1,Process Create (rule: ProcessCreate),S-1-5-18,Microsoft-Windows-Sysmon/Operational,,Info,DESKTOP-JP20VPR,14108,3560,,,,,,00000000-0000-0000-0000-000000000000,00000000-0000-0000-0000-000000000000,,"Process Create:
RuleName: -
UtcTime: 2022-01-04 00:20:10.790
ProcessGuid: {ec47ca29-92ba-61d3-6d04-000000008600}
ProcessId: 12264
Image: C:\Program Files (x86)\Steam\steam.exe
FileVersion: 06.96.74.78
Description: Steam
Product: Steam
Company: Valve Corporation
OriginalFileName: steam.exe
CommandLine: ""C:\Program Files (x86)\Steam\steam.exe"" -- ""steam://rungameid/1250410""
CurrentDirectory: C:\Windows\system32\
User: DESKTOP-JP20VPR\BobWe
LogonGuid: {ec47ca29-70bf-61d3-9db4-020000000000}
LogonId: 0x2B49D
TerminalSessionId: 1
IntegrityLevel: Medium
Hashes: SHA256=FFC0541718F663955E4865C924BD4500197A8DD2D6E18C14495848C4DC96ECAA
ParentProcessGuid: {ec47ca29-70c9-61d3-ef00-000000008600}
ParentProcessId: 8932
ParentImage: C:\Windows\explorer.exe
ParentCommandLine: C:\Windows\Explorer.EXE
ParentUser: DESKTOP-JP20VPR\BobWe"
Information,1/3/2022 7:20:10 PM,Microsoft-Windows-Sysmon,5,Process terminated (rule: ProcessTerminate),S-1-5-18,Microsoft-Windows-Sysmon/Operational,,Info,DESKTOP-JP20VPR,14108,3560,,,,,,00000000-0000-0000-0000-000000000000,00000000-0000-0000-0000-000000000000,,"Process terminated:
RuleName: -
UtcTime: 2022-01-04 00:20:10.285
ProcessGuid: {ec47ca29-91ca-61d3-6404-000000008600}
ProcessId: 1932
Image: C:\Windows\System32\svchost.exe
User: NT AUTHORITY\SYSTEM"
Information,1/3/2022 7:20:08 PM,Microsoft-Windows-Sysmon,1,Process Create (rule: ProcessCreate),S-1-5-18,Microsoft-Windows-Sysmon/Operational,,Info,DESKTOP-JP20VPR,14108,3560,,,,,,00000000-0000-0000-0000-000000000000,00000000-0000-0000-0000-000000000000,,"Process Create:
RuleName: -
UtcTime: 2022-01-04 00:20:08.325
ProcessGuid: {ec47ca29-92b8-61d3-6c04-000000008600}
ProcessId: 4148
Image: C:\Program Files (x86)\Steam\bin\cef\cef.win7x64\steamwebhelper.exe
FileVersion: 06.96.74.78
Description: Steam Client WebHelper
Product: Steam Client WebHelper
Company: Valve Corporation
OriginalFileName: steamwebhelper.exe
CommandLine: ""C:\Program Files (x86)\Steam\bin\cef\cef.win7x64\steamwebhelper.exe"" --type=utility --utility-sub-type=video_capture.mojom.VideoCaptureService --field-trial-handle=1692,5481244301588789581,3716453313082021609,131072 --enable-features=CastMediaRouteProvider --disable-features=OutOfBlinkCors --lang=en-US --service-sandbox-type=video_capture --log-file=""C:\Program Files (x86)\Steam\logs\cef_log.txt"" --product-version=""Valve Steam Client"" --lang=en-US --buildid=1639697812 --steamid=0 --log-file=""C:\Program Files (x86)\Steam\logs\cef_log.txt"" --mojo-platform-channel-handle=2644 /prefetch:8
CurrentDirectory: C:\Program Files (x86)\Steam\
User: DESKTOP-JP20VPR\BobWe
LogonGuid: {ec47ca29-70bf-61d3-9db4-020000000000}
LogonId: 0x2B49D
TerminalSessionId: 1
IntegrityLevel: Medium
Hashes: SHA256=9F960F6FE51DA3271E17B6F68F792791A3D373CFF1390374AA09C57221A99863
ParentProcessGuid: {ec47ca29-70da-61d3-4301-000000008600}
ParentProcessId: 13648
ParentImage: C:\Program Files (x86)\Steam\bin\cef\cef.win7x64\steamwebhelper.exe
ParentCommandLine: ""C:\Program Files (x86)\Steam\bin\cef\cef.win7x64\steamwebhelper.exe"" ""-lang=en_US"" ""-cachedir=C:\Users\BobWe\AppData\Local\Steam\htmlcache"" ""-steampid=8900"" ""-buildid=1639697812"" ""-steamid=0"" ""-logdir=C:\Program Files (x86)\Steam\logs"" ""-composer-mode=0"" ""-steamuniverse=Public"" ""-realm=Global"" ""-clientui=C:\Program Files (x86)\Steam\clientui"" --enable-blink-features=ResizeObserver,Worklet,AudioWorklet --enable-media-stream --enable-smooth-scrolling --enable-direct-write ""--log-file=C:\Program Files (x86)\Steam\logs\cef_log.txt"" --disable-quick-menu
ParentUser: DESKTOP-JP20VPR\BobWe"
Information,1/3/2022 7:20:08 PM,Microsoft-Windows-Sysmon,1,Process Create (rule: ProcessCreate),S-1-5-18,Microsoft-Windows-Sysmon/Operational,,Info,DESKTOP-JP20VPR,14108,3560,,,,,,00000000-0000-0000-0000-000000000000,00000000-0000-0000-0000-000000000000,,"Process Create:
RuleName: -
UtcTime: 2022-01-04 00:20:08.323
ProcessGuid: {ec47ca29-92b8-61d3-6b04-000000008600}
ProcessId: 7284
Image: C:\Program Files (x86)\Steam\bin\cef\cef.win7x64\steamwebhelper.exe
FileVersion: 06.96.74.78
Description: Steam Client WebHelper
Product: Steam Client WebHelper
Company: Valve Corporation
OriginalFileName: steamwebhelper.exe
CommandLine: ""C:\Program Files (x86)\Steam\bin\cef\cef.win7x64\steamwebhelper.exe"" --type=utility --utility-sub-type=audio.mojom.AudioService --field-trial-handle=1692,5481244301588789581,3716453313082021609,131072 --enable-features=CastMediaRouteProvider --disable-features=OutOfBlinkCors --lang=en-US --service-sandbox-type=audio --log-file=""C:\Program Files (x86)\Steam\logs\cef_log.txt"" --product-version=""Valve Steam Client"" --lang=en-US --buildid=1639697812 --steamid=0 --log-file=""C:\Program Files (x86)\Steam\logs\cef_log.txt"" --mojo-platform-channel-handle=2676 /prefetch:8
CurrentDirectory: C:\Program Files (x86)\Steam\
User: DESKTOP-JP20VPR\BobWe
LogonGuid: {ec47ca29-70bf-61d3-9db4-020000000000}
LogonId: 0x2B49D
TerminalSessionId: 1
IntegrityLevel: Medium
Hashes: SHA256=9F960F6FE51DA3271E17B6F68F792791A3D373CFF1390374AA09C57221A99863
ParentProcessGuid: {ec47ca29-70da-61d3-4301-000000008600}
ParentProcessId: 13648
ParentImage: C:\Program Files (x86)\Steam\bin\cef\cef.win7x64\steamwebhelper.exe
ParentCommandLine: ""C:\Program Files (x86)\Steam\bin\cef\cef.win7x64\steamwebhelper.exe"" ""-lang=en_US"" ""-cachedir=C:\Users\BobWe\AppData\Local\Steam\htmlcache"" ""-steampid=8900"" ""-buildid=1639697812"" ""-steamid=0"" ""-logdir=C:\Program Files (x86)\Steam\logs"" ""-composer-mode=0"" ""-steamuniverse=Public"" ""-realm=Global"" ""-clientui=C:\Program Files (x86)\Steam\clientui"" --enable-blink-features=ResizeObserver,Worklet,AudioWorklet --enable-media-stream --enable-smooth-scrolling --enable-direct-write ""--log-file=C:\Program Files (x86)\Steam\logs\cef_log.txt"" --disable-quick-menu
ParentUser: DESKTOP-JP20VPR\BobWe"
Information,1/3/2022 7:20:06 PM,Microsoft-Windows-Sysmon,5,Process terminated (rule: ProcessTerminate),S-1-5-18,Microsoft-Windows-Sysmon/Operational,,Info,DESKTOP-JP20VPR,14108,3560,,,,,,00000000-0000-0000-0000-000000000000,00000000-0000-0000-0000-000000000000,,"Process terminated:
RuleName: -
UtcTime: 2022-01-04 00:20:06.174
ProcessGuid: {ec47ca29-92b6-61d3-6a04-000000008600}
ProcessId: 5980
Image: C:\Program Files (x86)\Steam\steam.exe
User: DESKTOP-JP20VPR\BobWe"
Information,1/3/2022 7:20:06 PM,Microsoft-Windows-Sysmon,1,Process Create (rule: ProcessCreate),S-1-5-18,Microsoft-Windows-Sysmon/Operational,,Info,DESKTOP-JP20VPR,14108,3560,,,,,,00000000-0000-0000-0000-000000000000,00000000-0000-0000-0000-000000000000,,"Process Create:
RuleName: -
UtcTime: 2022-01-04 00:20:06.163
ProcessGuid: {ec47ca29-92b6-61d3-6a04-000000008600}
ProcessId: 5980
Image: C:\Program Files (x86)\Steam\steam.exe
FileVersion: 06.96.74.78
Description: Steam
Product: Steam
Company: Valve Corporation
OriginalFileName: steam.exe
CommandLine: ""C:\Program Files (x86)\Steam\Steam.exe"" 
CurrentDirectory: C:\Program Files (x86)\Steam\
User: DESKTOP-JP20VPR\BobWe
LogonGuid: {ec47ca29-70bf-61d3-9db4-020000000000}
LogonId: 0x2B49D
TerminalSessionId: 1
IntegrityLevel: Medium
Hashes: SHA256=FFC0541718F663955E4865C924BD4500197A8DD2D6E18C14495848C4DC96ECAA
ParentProcessGuid: {ec47ca29-70c9-61d3-ef00-000000008600}
ParentProcessId: 8932
ParentImage: C:\Windows\explorer.exe
ParentCommandLine: C:\Windows\Explorer.EXE
ParentUser: DESKTOP-JP20VPR\BobWe"
Information,1/3/2022 7:20:06 PM,Microsoft-Windows-Sysmon,1,Process Create (rule: ProcessCreate),S-1-5-18,Microsoft-Windows-Sysmon/Operational,,Info,DESKTOP-JP20VPR,14108,3560,,,,,,00000000-0000-0000-0000-000000000000,00000000-0000-0000-0000-000000000000,,"Process Create:
RuleName: -
UtcTime: 2022-01-04 00:20:06.100
ProcessGuid: {ec47ca29-92b6-61d3-6904-000000008600}
ProcessId: 17964
Image: C:\Windows\System32\smartscreen.exe
FileVersion: 10.0.19041.1052 (WinBuild.160101.0800)
Description: Windows Defender SmartScreen
Product: Microsoft® Windows® Operating System
Company: Microsoft Corporation
OriginalFileName: smartscreen.exe
CommandLine: C:\Windows\System32\smartscreen.exe -Embedding
CurrentDirectory: C:\Windows\system32\
User: DESKTOP-JP20VPR\BobWe
LogonGuid: {ec47ca29-70bf-61d3-9db4-020000000000}
LogonId: 0x2B49D
TerminalSessionId: 1
IntegrityLevel: Medium
Hashes: SHA256=9605680FC164ACB985C031ECA2C8BC4909CF8B749C571DB6DE2B0B2C204C2163
ParentProcessGuid: {ec47ca29-70be-61d3-0d00-000000008600}
ParentProcessId: 1056
ParentImage: C:\Windows\System32\svchost.exe
ParentCommandLine: C:\Windows\system32\svchost.exe -k DcomLaunch -p
ParentUser: NT AUTHORITY\SYSTEM"
Information,1/3/2022 7:20:02 PM,Microsoft-Windows-Sysmon,5,Process terminated (rule: ProcessTerminate),S-1-5-18,Microsoft-Windows-Sysmon/Operational,,Info,DESKTOP-JP20VPR,14108,3560,,,,,,00000000-0000-0000-0000-000000000000,00000000-0000-0000-0000-000000000000,,"Process terminated:
RuleName: -
UtcTime: 2022-01-04 00:20:02.888
ProcessGuid: {ec47ca29-91ca-61d3-6304-000000008600}
ProcessId: 9796
Image: C:\Windows\System32\GameBarPresenceWriter.exe
User: DESKTOP-JP20VPR\BobWe"
Information,1/3/2022 7:19:56 PM,Microsoft-Windows-Sysmon,5,Process terminated (rule: ProcessTerminate),S-1-5-18,Microsoft-Windows-Sysmon/Operational,,Info,DESKTOP-JP20VPR,14108,3560,,,,,,00000000-0000-0000-0000-000000000000,00000000-0000-0000-0000-000000000000,,"Process terminated:
RuleName: -
UtcTime: 2022-01-04 00:19:56.927
ProcessGuid: {ec47ca29-91b9-61d3-5e04-000000008600}
ProcessId: 12980
Image: C:\Program Files (x86)\Steam\GameOverlayUI.exe
User: DESKTOP-JP20VPR\BobWe"
Information,1/3/2022 7:19:56 PM,Microsoft-Windows-Sysmon,5,Process terminated (rule: ProcessTerminate),S-1-5-18,Microsoft-Windows-Sysmon/Operational,,Info,DESKTOP-JP20VPR,14108,3560,,,,,,00000000-0000-0000-0000-000000000000,00000000-0000-0000-0000-000000000000,,"Process terminated:
RuleName: -
UtcTime: 2022-01-04 00:19:56.832
ProcessGuid: {ec47ca29-91ba-61d3-5f04-000000008600}
ProcessId: 9360
Image: C:\Program Files (x86)\Steam\bin\cef\cef.win7x64\steamwebhelper.exe
User: DESKTOP-JP20VPR\BobWe"
Information,1/3/2022 7:19:56 PM,Microsoft-Windows-Sysmon,5,Process terminated (rule: ProcessTerminate),S-1-5-18,Microsoft-Windows-Sysmon/Operational,,Info,DESKTOP-JP20VPR,14108,3560,,,,,,00000000-0000-0000-0000-000000000000,00000000-0000-0000-0000-000000000000,,"Process terminated:
RuleName: -
UtcTime: 2022-01-04 00:19:56.045
ProcessGuid: {ec47ca29-9195-61d3-5b04-000000008600}
ProcessId: 18188
Image: D:\Program Files (x86)\steamapps\common\MicrosoftFlightSimulator\FlightSimulator.exe
User: DESKTOP-JP20VPR\BobWe"
Information,1/3/2022 7:19:14 PM,Microsoft-Windows-Sysmon,5,Process terminated (rule: ProcessTerminate),S-1-5-18,Microsoft-Windows-Sysmon/Operational,,Info,DESKTOP-JP20VPR,14108,3560,,,,,,00000000-0000-0000-0000-000000000000,00000000-0000-0000-0000-000000000000,,"Process terminated:
RuleName: -
UtcTime: 2022-01-04 00:19:14.096
ProcessGuid: {ec47ca29-9282-61d3-6804-000000008600}
ProcessId: 15160
Image: C:\Windows\System32\taskhostw.exe
User: NT AUTHORITY\SYSTEM"
