Information	1/4/2022 2:21:44 PM	Microsoft-Windows-Sysmon	1	Process Create (rule: ProcessCreate)	S-1-5-18	Microsoft-Windows-Sysmon/Operational		Info	DESKTOP-JP20VPR	14108	3560						00000000-0000-0000-0000-000000000000	00000000-0000-0000-0000-000000000000		"Process Create:
RuleName: -
UtcTime: 2022-01-04 19:21:44.912
ProcessGuid: {ec47ca29-9e48-61d4-9a09-000000008600}
ProcessId: 10040
Image: C:\Program Files\Google\Chrome\Application\chrome.exe
FileVersion: 96.0.4664.110
Description: Google Chrome
Product: Google Chrome
Company: Google LLC
OriginalFileName: chrome.exe
CommandLine: ""C:\Program Files\Google\Chrome\Application\chrome.exe"" --type=renderer --display-capture-permissions-policy-allowed --origin-trial-disabled-features=CaptureHandle --field-trial-handle=1704,4209033002119389492,12267350203109084414,131072 --lang=en-US --device-scale-factor=1 --num-raster-threads=4 --enable-main-frame-before-activation --renderer-client-id=481 --mojo-platform-channel-handle=5700 /prefetch:1
CurrentDirectory: C:\Program Files\Google\Chrome\Application\96.0.4664.110\
User: DESKTOP-JP20VPR\BobWe
LogonGuid: {ec47ca29-70bf-61d3-9db4-020000000000}
LogonId: 0x2B49D
TerminalSessionId: 1
IntegrityLevel: Low
Hashes: SHA256=ACFB588D8780EE19C192515D376CE7F9B2B0F936487008D3733F9730425E657B
ParentProcessGuid: {ec47ca29-70dd-61d3-6101-000000008600}
ParentProcessId: 1976
ParentImage: C:\Program Files\Google\Chrome\Application\chrome.exe
ParentCommandLine: ""C:\Program Files\Google\Chrome\Application\chrome.exe"" --no-startup-window /prefetch:5
ParentUser: DESKTOP-JP20VPR\BobWe"
Information	1/4/2022 2:21:44 PM	Microsoft-Windows-Sysmon	1	Process Create (rule: ProcessCreate)	S-1-5-18	Microsoft-Windows-Sysmon/Operational		Info	DESKTOP-JP20VPR	14108	3560						00000000-0000-0000-0000-000000000000	00000000-0000-0000-0000-000000000000		"Process Create:
RuleName: -
UtcTime: 2022-01-04 19:21:44.854
ProcessGuid: {ec47ca29-9e48-61d4-9909-000000008600}
ProcessId: 11476
Image: C:\Program Files\Google\Chrome\Application\chrome.exe
FileVersion: 96.0.4664.110
Description: Google Chrome
Product: Google Chrome
Company: Google LLC
OriginalFileName: chrome.exe
CommandLine: ""C:\Program Files\Google\Chrome\Application\chrome.exe"" --type=utility --utility-sub-type=data_decoder.mojom.DataDecoderService --field-trial-handle=1704,4209033002119389492,12267350203109084414,131072 --lang=en-US --service-sandbox-type=service --mojo-platform-channel-handle=12424 /prefetch:8
CurrentDirectory: C:\Program Files\Google\Chrome\Application\96.0.4664.110\
User: DESKTOP-JP20VPR\BobWe
LogonGuid: {ec47ca29-70bf-61d3-9db4-020000000000}
LogonId: 0x2B49D
TerminalSessionId: 1
IntegrityLevel: Low
Hashes: SHA256=ACFB588D8780EE19C192515D376CE7F9B2B0F936487008D3733F9730425E657B
ParentProcessGuid: {ec47ca29-70dd-61d3-6101-000000008600}
ParentProcessId: 1976
ParentImage: C:\Program Files\Google\Chrome\Application\chrome.exe
ParentCommandLine: ""C:\Program Files\Google\Chrome\Application\chrome.exe"" --no-startup-window /prefetch:5
ParentUser: DESKTOP-JP20VPR\BobWe"
Information	1/4/2022 2:21:42 PM	Microsoft-Windows-Sysmon	5	Process terminated (rule: ProcessTerminate)	S-1-5-18	Microsoft-Windows-Sysmon/Operational		Info	DESKTOP-JP20VPR	14108	3560						00000000-0000-0000-0000-000000000000	00000000-0000-0000-0000-000000000000		"Process terminated:
RuleName: -
UtcTime: 2022-01-04 19:21:42.290
ProcessGuid: {ec47ca29-9e46-61d4-9809-000000008600}
ProcessId: 19112
Image: C:\Program Files\Google\Chrome\Application\chrome.exe
User: DESKTOP-JP20VPR\BobWe"
Information	1/4/2022 2:21:42 PM	Microsoft-Windows-Sysmon	1	Process Create (rule: ProcessCreate)	S-1-5-18	Microsoft-Windows-Sysmon/Operational		Info	DESKTOP-JP20VPR	14108	3560						00000000-0000-0000-0000-000000000000	00000000-0000-0000-0000-000000000000		"Process Create:
RuleName: -
UtcTime: 2022-01-04 19:21:42.260
ProcessGuid: {ec47ca29-9e46-61d4-9809-000000008600}
ProcessId: 19112
Image: C:\Program Files\Google\Chrome\Application\chrome.exe
FileVersion: 96.0.4664.110
Description: Google Chrome
Product: Google Chrome
Company: Google LLC
OriginalFileName: chrome.exe
CommandLine: ""C:\Program Files\Google\Chrome\Application\chrome.exe"" --type=utility --utility-sub-type=data_decoder.mojom.DataDecoderService --field-trial-handle=1704,4209033002119389492,12267350203109084414,131072 --lang=en-US --service-sandbox-type=service --mojo-platform-channel-handle=16364 /prefetch:8
CurrentDirectory: C:\Program Files\Google\Chrome\Application\96.0.4664.110\
User: DESKTOP-JP20VPR\BobWe
LogonGuid: {ec47ca29-70bf-61d3-9db4-020000000000}
LogonId: 0x2B49D
TerminalSessionId: 1
IntegrityLevel: Low
Hashes: SHA256=ACFB588D8780EE19C192515D376CE7F9B2B0F936487008D3733F9730425E657B
ParentProcessGuid: {ec47ca29-70dd-61d3-6101-000000008600}
ParentProcessId: 1976
ParentImage: C:\Program Files\Google\Chrome\Application\chrome.exe
ParentCommandLine: ""C:\Program Files\Google\Chrome\Application\chrome.exe"" --no-startup-window /prefetch:5
ParentUser: DESKTOP-JP20VPR\BobWe"
Information	1/4/2022 2:21:42 PM	Microsoft-Windows-Sysmon	5	Process terminated (rule: ProcessTerminate)	S-1-5-18	Microsoft-Windows-Sysmon/Operational		Info	DESKTOP-JP20VPR	14108	3560						00000000-0000-0000-0000-000000000000	00000000-0000-0000-0000-000000000000		"Process terminated:
RuleName: -
UtcTime: 2022-01-04 19:21:42.247
ProcessGuid: {ec47ca29-9e46-61d4-9609-000000008600}
ProcessId: 17216
Image: C:\Program Files\Google\Chrome\Application\chrome.exe
User: DESKTOP-JP20VPR\BobWe"
Information	1/4/2022 2:21:42 PM	Microsoft-Windows-Sysmon	5	Process terminated (rule: ProcessTerminate)	S-1-5-18	Microsoft-Windows-Sysmon/Operational		Info	DESKTOP-JP20VPR	14108	3560						00000000-0000-0000-0000-000000000000	00000000-0000-0000-0000-000000000000		"Process terminated:
RuleName: -
UtcTime: 2022-01-04 19:21:42.245
ProcessGuid: {ec47ca29-9e46-61d4-9709-000000008600}
ProcessId: 13784
Image: C:\Program Files\Google\Chrome\Application\chrome.exe
User: DESKTOP-JP20VPR\BobWe"
Information	1/4/2022 2:21:42 PM	Microsoft-Windows-Sysmon	1	Process Create (rule: ProcessCreate)	S-1-5-18	Microsoft-Windows-Sysmon/Operational		Info	DESKTOP-JP20VPR	14108	3560						00000000-0000-0000-0000-000000000000	00000000-0000-0000-0000-000000000000		"Process Create:
RuleName: -
UtcTime: 2022-01-04 19:21:42.217
ProcessGuid: {ec47ca29-9e46-61d4-9709-000000008600}
ProcessId: 13784
Image: C:\Program Files\Google\Chrome\Application\chrome.exe
FileVersion: 96.0.4664.110
Description: Google Chrome
Product: Google Chrome
Company: Google LLC
OriginalFileName: chrome.exe
CommandLine: ""C:\Program Files\Google\Chrome\Application\chrome.exe"" --type=utility --utility-sub-type=data_decoder.mojom.DataDecoderService --field-trial-handle=1704,4209033002119389492,12267350203109084414,131072 --lang=en-US --service-sandbox-type=service --mojo-platform-channel-handle=18016 /prefetch:8
CurrentDirectory: C:\Program Files\Google\Chrome\Application\96.0.4664.110\
User: DESKTOP-JP20VPR\BobWe
LogonGuid: {ec47ca29-70bf-61d3-9db4-020000000000}
LogonId: 0x2B49D
TerminalSessionId: 1
IntegrityLevel: Low
Hashes: SHA256=ACFB588D8780EE19C192515D376CE7F9B2B0F936487008D3733F9730425E657B
ParentProcessGuid: {ec47ca29-70dd-61d3-6101-000000008600}
ParentProcessId: 1976
ParentImage: C:\Program Files\Google\Chrome\Application\chrome.exe
ParentCommandLine: ""C:\Program Files\Google\Chrome\Application\chrome.exe"" --no-startup-window /prefetch:5
ParentUser: DESKTOP-JP20VPR\BobWe"
Information	1/4/2022 2:21:42 PM	Microsoft-Windows-Sysmon	1	Process Create (rule: ProcessCreate)	S-1-5-18	Microsoft-Windows-Sysmon/Operational		Info	DESKTOP-JP20VPR	14108	3560						00000000-0000-0000-0000-000000000000	00000000-0000-0000-0000-000000000000		"Process Create:
RuleName: -
UtcTime: 2022-01-04 19:21:42.215
ProcessGuid: {ec47ca29-9e46-61d4-9609-000000008600}
ProcessId: 17216
Image: C:\Program Files\Google\Chrome\Application\chrome.exe
FileVersion: 96.0.4664.110
Description: Google Chrome
Product: Google Chrome
Company: Google LLC
OriginalFileName: chrome.exe
CommandLine: ""C:\Program Files\Google\Chrome\Application\chrome.exe"" --type=utility --utility-sub-type=data_decoder.mojom.DataDecoderService --field-trial-handle=1704,4209033002119389492,12267350203109084414,131072 --lang=en-US --service-sandbox-type=service --mojo-platform-channel-handle=14472 /prefetch:8
CurrentDirectory: C:\Program Files\Google\Chrome\Application\96.0.4664.110\
User: DESKTOP-JP20VPR\BobWe
LogonGuid: {ec47ca29-70bf-61d3-9db4-020000000000}
LogonId: 0x2B49D
TerminalSessionId: 1
IntegrityLevel: Low
Hashes: SHA256=ACFB588D8780EE19C192515D376CE7F9B2B0F936487008D3733F9730425E657B
ParentProcessGuid: {ec47ca29-70dd-61d3-6101-000000008600}
ParentProcessId: 1976
ParentImage: C:\Program Files\Google\Chrome\Application\chrome.exe
ParentCommandLine: ""C:\Program Files\Google\Chrome\Application\chrome.exe"" --no-startup-window /prefetch:5
ParentUser: DESKTOP-JP20VPR\BobWe"
Information	1/4/2022 2:21:42 PM	Microsoft-Windows-Sysmon	1	Process Create (rule: ProcessCreate)	S-1-5-18	Microsoft-Windows-Sysmon/Operational		Info	DESKTOP-JP20VPR	14108	3560						00000000-0000-0000-0000-000000000000	00000000-0000-0000-0000-000000000000		"Process Create:
RuleName: -
UtcTime: 2022-01-04 19:21:42.148
ProcessGuid: {ec47ca29-9e46-61d4-9509-000000008600}
ProcessId: 13772
Image: C:\Program Files\Google\Chrome\Application\chrome.exe
FileVersion: 96.0.4664.110
Description: Google Chrome
Product: Google Chrome
Company: Google LLC
OriginalFileName: chrome.exe
CommandLine: ""C:\Program Files\Google\Chrome\Application\chrome.exe"" --type=renderer --display-capture-permissions-policy-allowed --origin-trial-disabled-features=CaptureHandle --field-trial-handle=1704,4209033002119389492,12267350203109084414,131072 --lang=en-US --device-scale-factor=1 --num-raster-threads=4 --enable-main-frame-before-activation --renderer-client-id=476 --mojo-platform-channel-handle=15544 /prefetch:1
CurrentDirectory: C:\Program Files\Google\Chrome\Application\96.0.4664.110\
User: DESKTOP-JP20VPR\BobWe
LogonGuid: {ec47ca29-70bf-61d3-9db4-020000000000}
LogonId: 0x2B49D
TerminalSessionId: 1
IntegrityLevel: Low
Hashes: SHA256=ACFB588D8780EE19C192515D376CE7F9B2B0F936487008D3733F9730425E657B
ParentProcessGuid: {ec47ca29-70dd-61d3-6101-000000008600}
ParentProcessId: 1976
ParentImage: C:\Program Files\Google\Chrome\Application\chrome.exe
ParentCommandLine: ""C:\Program Files\Google\Chrome\Application\chrome.exe"" --no-startup-window /prefetch:5
ParentUser: DESKTOP-JP20VPR\BobWe"
Information	1/4/2022 2:21:42 PM	Microsoft-Windows-Sysmon	1	Process Create (rule: ProcessCreate)	S-1-5-18	Microsoft-Windows-Sysmon/Operational		Info	DESKTOP-JP20VPR	14108	3560						00000000-0000-0000-0000-000000000000	00000000-0000-0000-0000-000000000000		"Process Create:
RuleName: -
UtcTime: 2022-01-04 19:21:42.013
ProcessGuid: {ec47ca29-9e46-61d4-9409-000000008600}
ProcessId: 3984
Image: C:\Program Files\Google\Chrome\Application\chrome.exe
FileVersion: 96.0.4664.110
Description: Google Chrome
Product: Google Chrome
Company: Google LLC
OriginalFileName: chrome.exe
CommandLine: ""C:\Program Files\Google\Chrome\Application\chrome.exe"" --type=renderer --display-capture-permissions-policy-allowed --origin-trial-disabled-features=CaptureHandle --field-trial-handle=1704,4209033002119389492,12267350203109084414,131072 --lang=en-US --device-scale-factor=1 --num-raster-threads=4 --enable-main-frame-before-activation --renderer-client-id=475 --mojo-platform-channel-handle=16876 /prefetch:1
CurrentDirectory: C:\Program Files\Google\Chrome\Application\96.0.4664.110\
User: DESKTOP-JP20VPR\BobWe
LogonGuid: {ec47ca29-70bf-61d3-9db4-020000000000}
LogonId: 0x2B49D
TerminalSessionId: 1
IntegrityLevel: Low
Hashes: SHA256=ACFB588D8780EE19C192515D376CE7F9B2B0F936487008D3733F9730425E657B
ParentProcessGuid: {ec47ca29-70dd-61d3-6101-000000008600}
ParentProcessId: 1976
ParentImage: C:\Program Files\Google\Chrome\Application\chrome.exe
ParentCommandLine: ""C:\Program Files\Google\Chrome\Application\chrome.exe"" --no-startup-window /prefetch:5
ParentUser: DESKTOP-JP20VPR\BobWe"
Information	1/4/2022 2:21:22 PM	Microsoft-Windows-Sysmon	5	Process terminated (rule: ProcessTerminate)	S-1-5-18	Microsoft-Windows-Sysmon/Operational		Info	DESKTOP-JP20VPR	14108	3560						00000000-0000-0000-0000-000000000000	00000000-0000-0000-0000-000000000000		"Process terminated:
RuleName: -
UtcTime: 2022-01-04 19:21:22.447
ProcessGuid: {ec47ca29-9df6-61d4-9109-000000008600}
ProcessId: 6396
Image: C:\Windows\System32\backgroundTaskHost.exe
User: DESKTOP-JP20VPR\BobWe"
Information	1/4/2022 2:20:22 PM	Microsoft-Windows-Sysmon	1	Process Create (rule: ProcessCreate)	S-1-5-18	Microsoft-Windows-Sysmon/Operational		Info	DESKTOP-JP20VPR	14108	3560						00000000-0000-0000-0000-000000000000	00000000-0000-0000-0000-000000000000		"Process Create:
RuleName: -
UtcTime: 2022-01-04 19:20:22.415
ProcessGuid: {ec47ca29-9df6-61d4-9309-000000008600}
ProcessId: 5812
Image: C:\Windows\System32\RuntimeBroker.exe
FileVersion: 10.0.19041.746 (WinBuild.160101.0800)
Description: Runtime Broker
Product: Microsoft® Windows® Operating System
Company: Microsoft Corporation
OriginalFileName: RuntimeBroker.exe
CommandLine: C:\Windows\System32\RuntimeBroker.exe -Embedding
CurrentDirectory: C:\Windows\system32\
User: DESKTOP-JP20VPR\BobWe
LogonGuid: {ec47ca29-70bf-61d3-9db4-020000000000}
LogonId: 0x2B49D
TerminalSessionId: 1
IntegrityLevel: Medium
Hashes: SHA256=E86870769EE6C797E09457BD99C58D9BF2303CF0193A24EF9B1222C2C3DAF628
ParentProcessGuid: {ec47ca29-70be-61d3-0d00-000000008600}
ParentProcessId: 1056
ParentImage: C:\Windows\System32\svchost.exe
ParentCommandLine: C:\Windows\system32\svchost.exe -k DcomLaunch -p
ParentUser: NT AUTHORITY\SYSTEM"
Information	1/4/2022 2:20:22 PM	Microsoft-Windows-Sysmon	1	Process Create (rule: ProcessCreate)	S-1-5-18	Microsoft-Windows-Sysmon/Operational		Info	DESKTOP-JP20VPR	14108	3560						00000000-0000-0000-0000-000000000000	00000000-0000-0000-0000-000000000000		"Process Create:
RuleName: -
UtcTime: 2022-01-04 19:20:22.329
ProcessGuid: {ec47ca29-9df6-61d4-9209-000000008600}
ProcessId: 11192
Image: C:\Windows\System32\svchost.exe
FileVersion: 10.0.19041.546 (WinBuild.160101.0800)
Description: Host Process for Windows Services
Product: Microsoft® Windows® Operating System
Company: Microsoft Corporation
OriginalFileName: svchost.exe
CommandLine: C:\Windows\System32\svchost.exe -k wsappx -p -s ClipSVC
CurrentDirectory: C:\Windows\system32\
User: NT AUTHORITY\SYSTEM
LogonGuid: {ec47ca29-70be-61d3-e703-000000000000}
LogonId: 0x3E7
TerminalSessionId: 0
IntegrityLevel: System
Hashes: SHA256=643EC58E82E0272C97C2A59F6020970D881AF19C0AD5029DB9C958C13B6558C7
ParentProcessGuid: {00000000-0000-0000-0000-000000000000}
ParentProcessId: 944
ParentImage: -
ParentCommandLine: -
ParentUser: -"
Information	1/4/2022 2:20:22 PM	Microsoft-Windows-Sysmon	1	Process Create (rule: ProcessCreate)	S-1-5-18	Microsoft-Windows-Sysmon/Operational		Info	DESKTOP-JP20VPR	14108	3560						00000000-0000-0000-0000-000000000000	00000000-0000-0000-0000-000000000000		"Process Create:
RuleName: -
UtcTime: 2022-01-04 19:20:22.317
ProcessGuid: {ec47ca29-9df6-61d4-9109-000000008600}
ProcessId: 6396
Image: C:\Windows\System32\backgroundTaskHost.exe
FileVersion: 10.0.19041.546 (WinBuild.160101.0800)
Description: Background Task Host
Product: Microsoft® Windows® Operating System
Company: Microsoft Corporation
OriginalFileName: backgroundTaskHost.exe
CommandLine: ""C:\Windows\system32\backgroundTaskHost.exe"" -ServerName:Microsoft.MicrosoftOfficeHub.AppX54h2e8jwdm50fj5ha8987vz1etpx7czd.mca
CurrentDirectory: C:\Program Files\WindowsApps\Microsoft.MicrosoftOfficeHub_18.2110.13110.0_x64__8wekyb3d8bbwe\
User: DESKTOP-JP20VPR\BobWe
LogonGuid: {ec47ca29-70bf-61d3-9db4-020000000000}
LogonId: 0x2B49D
TerminalSessionId: 1
IntegrityLevel: AppContainer
Hashes: SHA256=20330D3CA71D58F4AEB432676CB6A3D5B97005954E45132FB083E90782EFDD50
ParentProcessGuid: {ec47ca29-70be-61d3-0d00-000000008600}
ParentProcessId: 1056
ParentImage: C:\Windows\System32\svchost.exe
ParentCommandLine: C:\Windows\system32\svchost.exe -k DcomLaunch -p
ParentUser: NT AUTHORITY\SYSTEM"
Information	1/4/2022 2:20:22 PM	Microsoft-Windows-Sysmon	1	Process Create (rule: ProcessCreate)	S-1-5-18	Microsoft-Windows-Sysmon/Operational		Info	DESKTOP-JP20VPR	14108	3560						00000000-0000-0000-0000-000000000000	00000000-0000-0000-0000-000000000000		"Process Create:
RuleName: -
UtcTime: 2022-01-04 19:20:22.223
ProcessGuid: {ec47ca29-9df6-61d4-9009-000000008600}
ProcessId: 9812
Image: C:\Windows\System32\svchost.exe
FileVersion: 10.0.19041.546 (WinBuild.160101.0800)
Description: Host Process for Windows Services
Product: Microsoft® Windows® Operating System
Company: Microsoft Corporation
OriginalFileName: svchost.exe
CommandLine: C:\Windows\system32\svchost.exe -k wsappx -p -s AppXSvc
CurrentDirectory: C:\Windows\system32\
User: NT AUTHORITY\SYSTEM
LogonGuid: {ec47ca29-70be-61d3-e703-000000000000}
LogonId: 0x3E7
TerminalSessionId: 0
IntegrityLevel: System
Hashes: SHA256=643EC58E82E0272C97C2A59F6020970D881AF19C0AD5029DB9C958C13B6558C7
ParentProcessGuid: {00000000-0000-0000-0000-000000000000}
ParentProcessId: 944
ParentImage: -
ParentCommandLine: -
ParentUser: -"
Information	1/4/2022 2:19:56 PM	Microsoft-Windows-Sysmon	1	Process Create (rule: ProcessCreate)	S-1-5-18	Microsoft-Windows-Sysmon/Operational		Info	DESKTOP-JP20VPR	14108	3560						00000000-0000-0000-0000-000000000000	00000000-0000-0000-0000-000000000000		"Process Create:
RuleName: -
UtcTime: 2022-01-04 19:19:56.230
ProcessGuid: {ec47ca29-9ddc-61d4-8f09-000000008600}
ProcessId: 3128
Image: C:\Windows\System32\svchost.exe
FileVersion: 10.0.19041.546 (WinBuild.160101.0800)
Description: Host Process for Windows Services
Product: Microsoft® Windows® Operating System
Company: Microsoft Corporation
OriginalFileName: svchost.exe
CommandLine: C:\Windows\system32\svchost.exe -k netsvcs -p -s wlidsvc
CurrentDirectory: C:\Windows\system32\
User: NT AUTHORITY\SYSTEM
LogonGuid: {ec47ca29-70be-61d3-e703-000000000000}
LogonId: 0x3E7
TerminalSessionId: 0
IntegrityLevel: System
Hashes: SHA256=643EC58E82E0272C97C2A59F6020970D881AF19C0AD5029DB9C958C13B6558C7
ParentProcessGuid: {00000000-0000-0000-0000-000000000000}
ParentProcessId: 944
ParentImage: -
ParentCommandLine: -
ParentUser: -"
Information	1/4/2022 2:11:22 PM	Microsoft-Windows-Sysmon	5	Process terminated (rule: ProcessTerminate)	S-1-5-18	Microsoft-Windows-Sysmon/Operational		Info	DESKTOP-JP20VPR	14108	3560						00000000-0000-0000-0000-000000000000	00000000-0000-0000-0000-000000000000		"Process terminated:
RuleName: -
UtcTime: 2022-01-04 19:11:22.389
ProcessGuid: {ec47ca29-9a72-61d4-8a09-000000008600}
ProcessId: 13924
Image: C:\Windows\System32\svchost.exe
User: NT AUTHORITY\SYSTEM"
Information	1/4/2022 2:10:52 PM	Microsoft-Windows-Sysmon	5	Process terminated (rule: ProcessTerminate)	S-1-5-18	Microsoft-Windows-Sysmon/Operational		Info	DESKTOP-JP20VPR	14108	3560						00000000-0000-0000-0000-000000000000	00000000-0000-0000-0000-000000000000		"Process terminated:
RuleName: -
UtcTime: 2022-01-04 19:10:52.321
ProcessGuid: {ec47ca29-9bb2-61d4-8e09-000000008600}
ProcessId: 6432
Image: C:\Program Files (x86)\Microsoft\Edge\Application\96.0.1054.62\identity_helper.exe
User: DESKTOP-JP20VPR\BobWe"
Information	1/4/2022 2:10:42 PM	Microsoft-Windows-Sysmon	1	Process Create (rule: ProcessCreate)	S-1-5-18	Microsoft-Windows-Sysmon/Operational		Info	DESKTOP-JP20VPR	14108	3560						00000000-0000-0000-0000-000000000000	00000000-0000-0000-0000-000000000000		"Process Create:
RuleName: -
UtcTime: 2022-01-04 19:10:42.185
ProcessGuid: {ec47ca29-9bb2-61d4-8e09-000000008600}
ProcessId: 6432
Image: C:\Program Files (x86)\Microsoft\Edge\Application\96.0.1054.62\identity_helper.exe
FileVersion: 96.0.1054.62
Description: PWA Identity Proxy Host
Product: Microsoft Edge
Company: Microsoft Corporation
OriginalFileName: identity_helper.exe
CommandLine: ""C:\Program Files (x86)\Microsoft\Edge\Application\96.0.1054.62\identity_helper.exe"" --type=utility --utility-sub-type=winrt_app_id.mojom.WinrtAppIdService --field-trial-handle=2308,14150179790966226464,16948066822318633601,131072 --lang=en-US --service-sandbox-type=none --mojo-platform-channel-handle=5036 /prefetch:8
CurrentDirectory: C:\Program Files (x86)\Microsoft\Edge\Application\96.0.1054.62\
User: DESKTOP-JP20VPR\BobWe
LogonGuid: {ec47ca29-70bf-61d3-9db4-020000000000}
LogonId: 0x2B49D
TerminalSessionId: 1
IntegrityLevel: Medium
Hashes: SHA256=7914D38736F3CE4F89432E15816711FFFDFD9002FA50CE7205C1176AF9142AB4
ParentProcessGuid: {ec47ca29-70db-61d3-4801-000000008600}
ParentProcessId: 11916
ParentImage: C:\Program Files (x86)\Microsoft\Edge\Application\msedge.exe
ParentCommandLine: ""C:\Program Files (x86)\Microsoft\Edge\Application\msedge.exe"" --no-startup-window --win-session-start /prefetch:5
ParentUser: DESKTOP-JP20VPR\BobWe"
Information	1/4/2022 2:10:42 PM	Microsoft-Windows-Sysmon	5	Process terminated (rule: ProcessTerminate)	S-1-5-18	Microsoft-Windows-Sysmon/Operational		Info	DESKTOP-JP20VPR	14108	3560						00000000-0000-0000-0000-000000000000	00000000-0000-0000-0000-000000000000		"Process terminated:
RuleName: -
UtcTime: 2022-01-04 19:10:42.178
ProcessGuid: {ec47ca29-9bb2-61d4-8d09-000000008600}
ProcessId: 11476
Image: C:\Program Files (x86)\Microsoft\Edge\Application\96.0.1054.62\identity_helper.exe
User: DESKTOP-JP20VPR\BobWe"
Information	1/4/2022 2:10:42 PM	Microsoft-Windows-Sysmon	1	Process Create (rule: ProcessCreate)	S-1-5-18	Microsoft-Windows-Sysmon/Operational		Info	DESKTOP-JP20VPR	14108	3560						00000000-0000-0000-0000-000000000000	00000000-0000-0000-0000-000000000000		"Process Create:
RuleName: -
UtcTime: 2022-01-04 19:10:42.166
ProcessGuid: {ec47ca29-9bb2-61d4-8d09-000000008600}
ProcessId: 11476
Image: C:\Program Files (x86)\Microsoft\Edge\Application\96.0.1054.62\identity_helper.exe
FileVersion: 96.0.1054.62
Description: PWA Identity Proxy Host
Product: Microsoft Edge
Company: Microsoft Corporation
OriginalFileName: identity_helper.exe
CommandLine: ""C:\Program Files (x86)\Microsoft\Edge\Application\96.0.1054.62\identity_helper.exe"" --type=utility --utility-sub-type=winrt_app_id.mojom.WinrtAppIdService --field-trial-handle=2308,14150179790966226464,16948066822318633601,131072 --lang=en-US --service-sandbox-type=none --mojo-platform-channel-handle=5036 /prefetch:8
CurrentDirectory: C:\Program Files (x86)\Microsoft\Edge\Application\96.0.1054.62\
User: DESKTOP-JP20VPR\BobWe
LogonGuid: {ec47ca29-70bf-61d3-9db4-020000000000}
LogonId: 0x2B49D
TerminalSessionId: 1
IntegrityLevel: Medium
Hashes: SHA256=7914D38736F3CE4F89432E15816711FFFDFD9002FA50CE7205C1176AF9142AB4
ParentProcessGuid: {ec47ca29-70db-61d3-4801-000000008600}
ParentProcessId: 11916
ParentImage: C:\Program Files (x86)\Microsoft\Edge\Application\msedge.exe
ParentCommandLine: ""C:\Program Files (x86)\Microsoft\Edge\Application\msedge.exe"" --no-startup-window --win-session-start /prefetch:5
ParentUser: DESKTOP-JP20VPR\BobWe"
Information	1/4/2022 2:10:22 PM	Microsoft-Windows-Sysmon	5	Process terminated (rule: ProcessTerminate)	S-1-5-18	Microsoft-Windows-Sysmon/Operational		Info	DESKTOP-JP20VPR	14108	3560						00000000-0000-0000-0000-000000000000	00000000-0000-0000-0000-000000000000		"Process terminated:
RuleName: -
UtcTime: 2022-01-04 19:10:22.222
ProcessGuid: {ec47ca29-99b8-61d4-8609-000000008600}
ProcessId: 10492
Image: C:\Windows\System32\svchost.exe
User: NT AUTHORITY\SYSTEM"
Information	1/4/2022 2:07:22 PM	Microsoft-Windows-Sysmon	5	Process terminated (rule: ProcessTerminate)	S-1-5-18	Microsoft-Windows-Sysmon/Operational		Info	DESKTOP-JP20VPR	14108	3560						00000000-0000-0000-0000-000000000000	00000000-0000-0000-0000-000000000000		"Process terminated:
RuleName: -
UtcTime: 2022-01-04 19:07:22.540
ProcessGuid: {ec47ca29-9aea-61d4-8c09-000000008600}
ProcessId: 8980
Image: C:\Program Files (x86)\Common Files\Adobe\ARM\1.0\AdobeARM.exe
User: DESKTOP-JP20VPR\BobWe"
Information	1/4/2022 2:07:22 PM	Microsoft-Windows-Sysmon	1	Process Create (rule: ProcessCreate)	S-1-5-18	Microsoft-Windows-Sysmon/Operational		Info	DESKTOP-JP20VPR	14108	3560						00000000-0000-0000-0000-000000000000	00000000-0000-0000-0000-000000000000		"Process Create:
RuleName: -
UtcTime: 2022-01-04 19:07:22.066
ProcessGuid: {ec47ca29-9aea-61d4-8c09-000000008600}
ProcessId: 8980
Image: C:\Program Files (x86)\Common Files\Adobe\ARM\1.0\AdobeARM.exe
FileVersion: 1.824.44.8449
Description: Adobe Reader and Acrobat Manager
Product: Adobe Reader and Acrobat Manager
Company: Adobe Inc.
OriginalFileName: AdobeARM.exe
CommandLine: ""C:\Program Files (x86)\Common Files\Adobe\ARM\1.0\AdobeARM.exe""
CurrentDirectory: C:\Windows\system32\
User: DESKTOP-JP20VPR\BobWe
LogonGuid: {ec47ca29-70bf-61d3-9db4-020000000000}
LogonId: 0x2B49D
TerminalSessionId: 1
IntegrityLevel: Medium
Hashes: SHA256=5DED8A12139AD93D44491706F2F0124F532D0B43A136179604AE905E2D1CCB01
ParentProcessGuid: {ec47ca29-70bf-61d3-1c00-000000008600}
ParentProcessId: 1716
ParentImage: C:\Windows\System32\svchost.exe
ParentCommandLine: C:\Windows\system32\svchost.exe -k netsvcs -p -s Schedule
ParentUser: NT AUTHORITY\SYSTEM"
Information	1/4/2022 2:06:52 PM	Microsoft-Windows-Sysmon	5	Process terminated (rule: ProcessTerminate)	S-1-5-18	Microsoft-Windows-Sysmon/Operational		Info	DESKTOP-JP20VPR	14108	3560						00000000-0000-0000-0000-000000000000	00000000-0000-0000-0000-000000000000		"Process terminated:
RuleName: -
UtcTime: 2022-01-04 19:06:52.360
ProcessGuid: {ec47ca29-9a72-61d4-8b09-000000008600}
ProcessId: 16820
Image: C:\Windows\System32\RuntimeBroker.exe
User: DESKTOP-JP20VPR\BobWe"
Information	1/4/2022 2:06:22 PM	Microsoft-Windows-Sysmon	5	Process terminated (rule: ProcessTerminate)	S-1-5-18	Microsoft-Windows-Sysmon/Operational		Info	DESKTOP-JP20VPR	14108	3560						00000000-0000-0000-0000-000000000000	00000000-0000-0000-0000-000000000000		"Process terminated:
RuleName: -
UtcTime: 2022-01-04 19:06:22.344
ProcessGuid: {ec47ca29-9a72-61d4-8909-000000008600}
ProcessId: 7652
Image: C:\Windows\System32\backgroundTaskHost.exe
User: DESKTOP-JP20VPR\BobWe"
Information	1/4/2022 2:05:22 PM	Microsoft-Windows-Sysmon	1	Process Create (rule: ProcessCreate)	S-1-5-18	Microsoft-Windows-Sysmon/Operational		Info	DESKTOP-JP20VPR	14108	3560						00000000-0000-0000-0000-000000000000	00000000-0000-0000-0000-000000000000		"Process Create:
RuleName: -
UtcTime: 2022-01-04 19:05:22.308
ProcessGuid: {ec47ca29-9a72-61d4-8b09-000000008600}
ProcessId: 16820
Image: C:\Windows\System32\RuntimeBroker.exe
FileVersion: 10.0.19041.746 (WinBuild.160101.0800)
Description: Runtime Broker
Product: Microsoft® Windows® Operating System
Company: Microsoft Corporation
OriginalFileName: RuntimeBroker.exe
CommandLine: C:\Windows\System32\RuntimeBroker.exe -Embedding
CurrentDirectory: C:\Windows\system32\
User: DESKTOP-JP20VPR\BobWe
LogonGuid: {ec47ca29-70bf-61d3-9db4-020000000000}
LogonId: 0x2B49D
TerminalSessionId: 1
IntegrityLevel: Medium
Hashes: SHA256=E86870769EE6C797E09457BD99C58D9BF2303CF0193A24EF9B1222C2C3DAF628
ParentProcessGuid: {ec47ca29-70be-61d3-0d00-000000008600}
ParentProcessId: 1056
ParentImage: C:\Windows\System32\svchost.exe
ParentCommandLine: C:\Windows\system32\svchost.exe -k DcomLaunch -p
ParentUser: NT AUTHORITY\SYSTEM"
Information	1/4/2022 2:05:22 PM	Microsoft-Windows-Sysmon	1	Process Create (rule: ProcessCreate)	S-1-5-18	Microsoft-Windows-Sysmon/Operational		Info	DESKTOP-JP20VPR	14108	3560						00000000-0000-0000-0000-000000000000	00000000-0000-0000-0000-000000000000		"Process Create:
RuleName: -
UtcTime: 2022-01-04 19:05:22.234
ProcessGuid: {ec47ca29-9a72-61d4-8a09-000000008600}
ProcessId: 13924
Image: C:\Windows\System32\svchost.exe
FileVersion: 10.0.19041.546 (WinBuild.160101.0800)
Description: Host Process for Windows Services
Product: Microsoft® Windows® Operating System
Company: Microsoft Corporation
OriginalFileName: svchost.exe
CommandLine: C:\Windows\System32\svchost.exe -k wsappx -p -s ClipSVC
CurrentDirectory: C:\Windows\system32\
User: NT AUTHORITY\SYSTEM
LogonGuid: {ec47ca29-70be-61d3-e703-000000000000}
LogonId: 0x3E7
TerminalSessionId: 0
IntegrityLevel: System
Hashes: SHA256=643EC58E82E0272C97C2A59F6020970D881AF19C0AD5029DB9C958C13B6558C7
ParentProcessGuid: {00000000-0000-0000-0000-000000000000}
ParentProcessId: 944
ParentImage: -
ParentCommandLine: -
ParentUser: -"
Information	1/4/2022 2:05:22 PM	Microsoft-Windows-Sysmon	1	Process Create (rule: ProcessCreate)	S-1-5-18	Microsoft-Windows-Sysmon/Operational		Info	DESKTOP-JP20VPR	14108	3560						00000000-0000-0000-0000-000000000000	00000000-0000-0000-0000-000000000000		"Process Create:
RuleName: -
UtcTime: 2022-01-04 19:05:22.219
ProcessGuid: {ec47ca29-9a72-61d4-8909-000000008600}
ProcessId: 7652
Image: C:\Windows\System32\backgroundTaskHost.exe
FileVersion: 10.0.19041.546 (WinBuild.160101.0800)
Description: Background Task Host
Product: Microsoft® Windows® Operating System
Company: Microsoft Corporation
OriginalFileName: backgroundTaskHost.exe
CommandLine: ""C:\Windows\system32\backgroundTaskHost.exe"" -ServerName:Microsoft.MicrosoftOfficeHub.AppX54h2e8jwdm50fj5ha8987vz1etpx7czd.mca
CurrentDirectory: C:\Program Files\WindowsApps\Microsoft.MicrosoftOfficeHub_18.2110.13110.0_x64__8wekyb3d8bbwe\
User: DESKTOP-JP20VPR\BobWe
LogonGuid: {ec47ca29-70bf-61d3-9db4-020000000000}
LogonId: 0x2B49D
TerminalSessionId: 1
IntegrityLevel: AppContainer
Hashes: SHA256=20330D3CA71D58F4AEB432676CB6A3D5B97005954E45132FB083E90782EFDD50
ParentProcessGuid: {ec47ca29-70be-61d3-0d00-000000008600}
ParentProcessId: 1056
ParentImage: C:\Windows\System32\svchost.exe
ParentCommandLine: C:\Windows\system32\svchost.exe -k DcomLaunch -p
ParentUser: NT AUTHORITY\SYSTEM"
Information	1/4/2022 2:04:36 PM	Microsoft-Windows-Sysmon	5	Process terminated (rule: ProcessTerminate)	S-1-5-18	Microsoft-Windows-Sysmon/Operational		Info	DESKTOP-JP20VPR	14108	3560						00000000-0000-0000-0000-000000000000	00000000-0000-0000-0000-000000000000		"Process terminated:
RuleName: -
UtcTime: 2022-01-04 19:04:36.308
ProcessGuid: {ec47ca29-99fa-61d4-8809-000000008600}
ProcessId: 2612
Image: C:\Windows\System32\backgroundTaskHost.exe
User: DESKTOP-JP20VPR\BobWe"
Information	1/4/2022 2:03:22 PM	Microsoft-Windows-Sysmon	1	Process Create (rule: ProcessCreate)	S-1-5-18	Microsoft-Windows-Sysmon/Operational		Info	DESKTOP-JP20VPR	14108	3560						00000000-0000-0000-0000-000000000000	00000000-0000-0000-0000-000000000000		"Process Create:
RuleName: -
UtcTime: 2022-01-04 19:03:22.206
ProcessGuid: {ec47ca29-99fa-61d4-8809-000000008600}
ProcessId: 2612
Image: C:\Windows\System32\backgroundTaskHost.exe
FileVersion: 10.0.19041.546 (WinBuild.160101.0800)
Description: Background Task Host
Product: Microsoft® Windows® Operating System
Company: Microsoft Corporation
OriginalFileName: backgroundTaskHost.exe
CommandLine: ""C:\Windows\system32\backgroundTaskHost.exe"" -ServerName:ShellFeedsUI.AppXnj65k2d1a1rnztt2t2nng5ctmk3e76pn.mca
CurrentDirectory: C:\Windows\SystemApps\Microsoft.Windows.Search_cw5n1h2txyewy\
User: DESKTOP-JP20VPR\BobWe
LogonGuid: {ec47ca29-70bf-61d3-9db4-020000000000}
LogonId: 0x2B49D
TerminalSessionId: 1
IntegrityLevel: AppContainer
Hashes: SHA256=20330D3CA71D58F4AEB432676CB6A3D5B97005954E45132FB083E90782EFDD50
ParentProcessGuid: {ec47ca29-70be-61d3-0d00-000000008600}
ParentProcessId: 1056
ParentImage: C:\Windows\System32\svchost.exe
ParentCommandLine: C:\Windows\system32\svchost.exe -k DcomLaunch -p
ParentUser: NT AUTHORITY\SYSTEM"
Information	1/4/2022 2:03:00 PM	Microsoft-Windows-Sysmon	5	Process terminated (rule: ProcessTerminate)	S-1-5-18	Microsoft-Windows-Sysmon/Operational		Info	DESKTOP-JP20VPR	14108	3560						00000000-0000-0000-0000-000000000000	00000000-0000-0000-0000-000000000000		"Process terminated:
RuleName: -
UtcTime: 2022-01-04 19:03:00.760
ProcessGuid: {ec47ca29-987c-61d4-8209-000000008600}
ProcessId: 3904
Image: C:\Windows\System32\svchost.exe
User: NT AUTHORITY\SYSTEM"
Information	1/4/2022 2:02:16 PM	Microsoft-Windows-Sysmon	5	Process terminated (rule: ProcessTerminate)	S-1-5-18	Microsoft-Windows-Sysmon/Operational		Info	DESKTOP-JP20VPR	14108	3560						00000000-0000-0000-0000-000000000000	00000000-0000-0000-0000-000000000000		"Process terminated:
RuleName: -
UtcTime: 2022-01-04 19:02:16.766
ProcessGuid: {ec47ca29-99b8-61d4-8409-000000008600}
ProcessId: 920
Image: C:\Program Files (x86)\ASUS\Update\AsusUpdate.exe
User: NT AUTHORITY\SYSTEM"
Information	1/4/2022 2:02:16 PM	Microsoft-Windows-Sysmon	5	Process terminated (rule: ProcessTerminate)	S-1-5-18	Microsoft-Windows-Sysmon/Operational		Info	DESKTOP-JP20VPR	14108	3560						00000000-0000-0000-0000-000000000000	00000000-0000-0000-0000-000000000000		"Process terminated:
RuleName: -
UtcTime: 2022-01-04 19:02:16.758
ProcessGuid: {ec47ca29-99b8-61d4-8509-000000008600}
ProcessId: 4120
Image: C:\Program Files (x86)\ASUS\Update\1.3.107.65\Get-AppxVersion.exe
User: NT AUTHORITY\SYSTEM"
Information	1/4/2022 2:02:16 PM	Microsoft-Windows-Sysmon	5	Process terminated (rule: ProcessTerminate)	S-1-5-18	Microsoft-Windows-Sysmon/Operational		Info	DESKTOP-JP20VPR	14108	3560						00000000-0000-0000-0000-000000000000	00000000-0000-0000-0000-000000000000		"Process terminated:
RuleName: -
UtcTime: 2022-01-04 19:02:16.756
ProcessGuid: {ec47ca29-99b8-61d4-8709-000000008600}
ProcessId: 1728
Image: C:\Program Files (x86)\ASUS\Update\1.3.107.65\Get-AppxVersion.exe
User: DESKTOP-JP20VPR\BobWe"
Information	1/4/2022 2:02:16 PM	Microsoft-Windows-Sysmon	1	Process Create (rule: ProcessCreate)	S-1-5-18	Microsoft-Windows-Sysmon/Operational		Info	DESKTOP-JP20VPR	14108	3560						00000000-0000-0000-0000-000000000000	00000000-0000-0000-0000-000000000000		"Process Create:
RuleName: -
UtcTime: 2022-01-04 19:02:16.719
ProcessGuid: {ec47ca29-99b8-61d4-8709-000000008600}
ProcessId: 1728
Image: C:\Program Files (x86)\ASUS\Update\1.3.107.65\Get-AppxVersion.exe
FileVersion: 1.4.1.0
Description: Get-AppxVersion
Product: Get-AppxVersion
Company: -
OriginalFileName: Get-AppxVersion.exe
CommandLine: ""C:\Program Files (x86)\ASUS\Update\1.3.107.65\Get-AppxVersion.exe"" ui
CurrentDirectory: C:\Program Files (x86)\ASUS\Update\1.3.107.65\
User: DESKTOP-JP20VPR\BobWe
LogonGuid: {ec47ca29-70bf-61d3-9db4-020000000000}
LogonId: 0x2B49D
TerminalSessionId: 1
IntegrityLevel: Medium
Hashes: SHA256=674AC1E401A5F0C13032D1C89CFF8AB61F0B3C82B2A8B1D6FAB9DEC6CA2DFF86
ParentProcessGuid: {ec47ca29-99b8-61d4-8509-000000008600}
ParentProcessId: 4120
ParentImage: C:\Program Files (x86)\ASUS\Update\1.3.107.65\Get-AppxVersion.exe
ParentCommandLine: ""C:\Program Files (x86)\ASUS\Update\1.3.107.65\Get-AppxVersion.exe"" ALL
ParentUser: NT AUTHORITY\SYSTEM"
Information	1/4/2022 2:02:16 PM	Microsoft-Windows-Sysmon	1	Process Create (rule: ProcessCreate)	S-1-5-18	Microsoft-Windows-Sysmon/Operational		Info	DESKTOP-JP20VPR	14108	3560						00000000-0000-0000-0000-000000000000	00000000-0000-0000-0000-000000000000		"Process Create:
RuleName: -
UtcTime: 2022-01-04 19:02:16.684
ProcessGuid: {ec47ca29-99b8-61d4-8609-000000008600}
ProcessId: 10492
Image: C:\Windows\System32\svchost.exe
FileVersion: 10.0.19041.546 (WinBuild.160101.0800)
Description: Host Process for Windows Services
Product: Microsoft® Windows® Operating System
Company: Microsoft Corporation
OriginalFileName: svchost.exe
CommandLine: C:\Windows\system32\svchost.exe -k wsappx -p -s AppXSvc
CurrentDirectory: C:\Windows\system32\
User: NT AUTHORITY\SYSTEM
LogonGuid: {ec47ca29-70be-61d3-e703-000000000000}
LogonId: 0x3E7
TerminalSessionId: 0
IntegrityLevel: System
Hashes: SHA256=643EC58E82E0272C97C2A59F6020970D881AF19C0AD5029DB9C958C13B6558C7
ParentProcessGuid: {00000000-0000-0000-0000-000000000000}
ParentProcessId: 944
ParentImage: -
ParentCommandLine: -
ParentUser: -"
Information	1/4/2022 2:02:16 PM	Microsoft-Windows-Sysmon	1	Process Create (rule: ProcessCreate)	S-1-5-18	Microsoft-Windows-Sysmon/Operational		Info	DESKTOP-JP20VPR	14108	3560						00000000-0000-0000-0000-000000000000	00000000-0000-0000-0000-000000000000		"Process Create:
RuleName: -
UtcTime: 2022-01-04 19:02:16.611
ProcessGuid: {ec47ca29-99b8-61d4-8509-000000008600}
ProcessId: 4120
Image: C:\Program Files (x86)\ASUS\Update\1.3.107.65\Get-AppxVersion.exe
FileVersion: 1.4.1.0
Description: Get-AppxVersion
Product: Get-AppxVersion
Company: -
OriginalFileName: Get-AppxVersion.exe
CommandLine: ""C:\Program Files (x86)\ASUS\Update\1.3.107.65\Get-AppxVersion.exe"" ALL
CurrentDirectory: C:\Program Files (x86)\ASUS\Update\1.3.107.65\
User: NT AUTHORITY\SYSTEM
LogonGuid: {ec47ca29-70be-61d3-e703-000000000000}
LogonId: 0x3E7
TerminalSessionId: 0
IntegrityLevel: System
Hashes: SHA256=674AC1E401A5F0C13032D1C89CFF8AB61F0B3C82B2A8B1D6FAB9DEC6CA2DFF86
ParentProcessGuid: {ec47ca29-99b8-61d4-8409-000000008600}
ParentProcessId: 920
ParentImage: C:\Program Files (x86)\ASUS\Update\AsusUpdate.exe
ParentCommandLine: ""C:\Program Files (x86)\ASUS\Update\AsusUpdate.exe"" /ua /installsource scheduler
ParentUser: NT AUTHORITY\SYSTEM"
Information	1/4/2022 2:02:16 PM	Microsoft-Windows-Sysmon	1	Process Create (rule: ProcessCreate)	S-1-5-18	Microsoft-Windows-Sysmon/Operational		Info	DESKTOP-JP20VPR	14108	3560						00000000-0000-0000-0000-000000000000	00000000-0000-0000-0000-000000000000		"Process Create:
RuleName: -
UtcTime: 2022-01-04 19:02:16.513
ProcessGuid: {ec47ca29-99b8-61d4-8409-000000008600}
ProcessId: 920
Image: C:\Program Files (x86)\ASUS\Update\AsusUpdate.exe
FileVersion: 1.3.107.15
Description: ASUS Update
Product: ASUS Update
Company: ASUSTeK Computer Inc.
OriginalFileName: AsusUpdate.exe
CommandLine: ""C:\Program Files (x86)\ASUS\Update\AsusUpdate.exe"" /ua /installsource scheduler
CurrentDirectory: C:\Windows\system32\
User: NT AUTHORITY\SYSTEM
LogonGuid: {ec47ca29-70be-61d3-e703-000000000000}
LogonId: 0x3E7
TerminalSessionId: 0
IntegrityLevel: System
Hashes: SHA256=F7971A3CECAF05B6270DFFC0C5895F36BDDED4B062A01D3FDB24D36E83AACAB7
ParentProcessGuid: {ec47ca29-70bf-61d3-1c00-000000008600}
ParentProcessId: 1716
ParentImage: C:\Windows\System32\svchost.exe
ParentCommandLine: C:\Windows\system32\svchost.exe -k netsvcs -p -s Schedule
ParentUser: NT AUTHORITY\SYSTEM"
Information	1/4/2022 2:02:00 PM	Microsoft-Windows-Sysmon	5	Process terminated (rule: ProcessTerminate)	S-1-5-18	Microsoft-Windows-Sysmon/Operational		Info	DESKTOP-JP20VPR	14108	3560						00000000-0000-0000-0000-000000000000	00000000-0000-0000-0000-000000000000		"Process terminated:
RuleName: -
UtcTime: 2022-01-04 19:02:00.568
ProcessGuid: {ec47ca29-982c-61d4-7d09-000000008600}
ProcessId: 8808
Image: C:\Windows\System32\svchost.exe
User: NT AUTHORITY\SYSTEM"
Information	1/4/2022 1:59:33 PM	Microsoft-Windows-Sysmon	5	Process terminated (rule: ProcessTerminate)	S-1-5-18	Microsoft-Windows-Sysmon/Operational		Info	DESKTOP-JP20VPR	14108	3560						00000000-0000-0000-0000-000000000000	00000000-0000-0000-0000-000000000000		"Process terminated:
RuleName: -
UtcTime: 2022-01-04 18:59:33.092
ProcessGuid: {ec47ca29-9825-61d4-7c09-000000008600}
ProcessId: 19136
Image: C:\Windows\System32\svchost.exe
User: NT AUTHORITY\SYSTEM"
Information	1/4/2022 1:58:30 PM	Microsoft-Windows-Sysmon	5	Process terminated (rule: ProcessTerminate)	S-1-5-18	Microsoft-Windows-Sysmon/Operational		Info	DESKTOP-JP20VPR	14108	3560						00000000-0000-0000-0000-000000000000	00000000-0000-0000-0000-000000000000		"Process terminated:
RuleName: -
UtcTime: 2022-01-04 18:58:30.742
ProcessGuid: {ec47ca29-987c-61d4-8309-000000008600}
ProcessId: 4060
Image: C:\Windows\System32\RuntimeBroker.exe
User: DESKTOP-JP20VPR\BobWe"
Information	1/4/2022 1:58:00 PM	Microsoft-Windows-Sysmon	5	Process terminated (rule: ProcessTerminate)	S-1-5-18	Microsoft-Windows-Sysmon/Operational		Info	DESKTOP-JP20VPR	14108	3560						00000000-0000-0000-0000-000000000000	00000000-0000-0000-0000-000000000000		"Process terminated:
RuleName: -
UtcTime: 2022-01-04 18:58:00.738
ProcessGuid: {ec47ca29-987c-61d4-8109-000000008600}
ProcessId: 14628
Image: C:\Windows\System32\backgroundTaskHost.exe
User: DESKTOP-JP20VPR\BobWe"
Information	1/4/2022 1:57:00 PM	Microsoft-Windows-Sysmon	1	Process Create (rule: ProcessCreate)	S-1-5-18	Microsoft-Windows-Sysmon/Operational		Info	DESKTOP-JP20VPR	14108	3560						00000000-0000-0000-0000-000000000000	00000000-0000-0000-0000-000000000000		"Process Create:
RuleName: -
UtcTime: 2022-01-04 18:57:00.660
ProcessGuid: {ec47ca29-987c-61d4-8309-000000008600}
ProcessId: 4060
Image: C:\Windows\System32\RuntimeBroker.exe
FileVersion: 10.0.19041.746 (WinBuild.160101.0800)
Description: Runtime Broker
Product: Microsoft® Windows® Operating System
Company: Microsoft Corporation
OriginalFileName: RuntimeBroker.exe
CommandLine: C:\Windows\System32\RuntimeBroker.exe -Embedding
CurrentDirectory: C:\Windows\system32\
User: DESKTOP-JP20VPR\BobWe
LogonGuid: {ec47ca29-70bf-61d3-9db4-020000000000}
LogonId: 0x2B49D
TerminalSessionId: 1
IntegrityLevel: Medium
Hashes: SHA256=E86870769EE6C797E09457BD99C58D9BF2303CF0193A24EF9B1222C2C3DAF628
ParentProcessGuid: {ec47ca29-70be-61d3-0d00-000000008600}
ParentProcessId: 1056
ParentImage: C:\Windows\System32\svchost.exe
ParentCommandLine: C:\Windows\system32\svchost.exe -k DcomLaunch -p
ParentUser: NT AUTHORITY\SYSTEM"
Information	1/4/2022 1:57:00 PM	Microsoft-Windows-Sysmon	1	Process Create (rule: ProcessCreate)	S-1-5-18	Microsoft-Windows-Sysmon/Operational		Info	DESKTOP-JP20VPR	14108	3560						00000000-0000-0000-0000-000000000000	00000000-0000-0000-0000-000000000000		"Process Create:
RuleName: -
UtcTime: 2022-01-04 18:57:00.603
ProcessGuid: {ec47ca29-987c-61d4-8209-000000008600}
ProcessId: 3904
Image: C:\Windows\System32\svchost.exe
FileVersion: 10.0.19041.546 (WinBuild.160101.0800)
Description: Host Process for Windows Services
Product: Microsoft® Windows® Operating System
Company: Microsoft Corporation
OriginalFileName: svchost.exe
CommandLine: C:\Windows\System32\svchost.exe -k wsappx -p -s ClipSVC
CurrentDirectory: C:\Windows\system32\
User: NT AUTHORITY\SYSTEM
LogonGuid: {ec47ca29-70be-61d3-e703-000000000000}
LogonId: 0x3E7
TerminalSessionId: 0
IntegrityLevel: System
Hashes: SHA256=643EC58E82E0272C97C2A59F6020970D881AF19C0AD5029DB9C958C13B6558C7
ParentProcessGuid: {00000000-0000-0000-0000-000000000000}
ParentProcessId: 944
ParentImage: -
ParentCommandLine: -
ParentUser: -"
Information	1/4/2022 1:57:00 PM	Microsoft-Windows-Sysmon	1	Process Create (rule: ProcessCreate)	S-1-5-18	Microsoft-Windows-Sysmon/Operational		Info	DESKTOP-JP20VPR	14108	3560						00000000-0000-0000-0000-000000000000	00000000-0000-0000-0000-000000000000		"Process Create:
RuleName: -
UtcTime: 2022-01-04 18:57:00.580
ProcessGuid: {ec47ca29-987c-61d4-8109-000000008600}
ProcessId: 14628
Image: C:\Windows\System32\backgroundTaskHost.exe
FileVersion: 10.0.19041.546 (WinBuild.160101.0800)
Description: Background Task Host
Product: Microsoft® Windows® Operating System
Company: Microsoft Corporation
OriginalFileName: backgroundTaskHost.exe
CommandLine: ""C:\Windows\system32\backgroundTaskHost.exe"" -ServerName:App.AppX3yypww7qrft4zqhh57xaatcrnp803bj7.mca
CurrentDirectory: C:\Program Files\WindowsApps\B9ECED6F.ASUSPCAssistant_3.0.34.0_x64__qmba6cd70vzyy\
User: DESKTOP-JP20VPR\BobWe
LogonGuid: {ec47ca29-70bf-61d3-9db4-020000000000}
LogonId: 0x2B49D
TerminalSessionId: 1
IntegrityLevel: AppContainer
Hashes: SHA256=20330D3CA71D58F4AEB432676CB6A3D5B97005954E45132FB083E90782EFDD50
ParentProcessGuid: {ec47ca29-70be-61d3-0d00-000000008600}
ParentProcessId: 1056
ParentImage: C:\Windows\System32\svchost.exe
ParentCommandLine: C:\Windows\system32\svchost.exe -k DcomLaunch -p
ParentUser: NT AUTHORITY\SYSTEM"
Information	1/4/2022 1:56:22 PM	Microsoft-Windows-Sysmon	5	Process terminated (rule: ProcessTerminate)	S-1-5-18	Microsoft-Windows-Sysmon/Operational		Info	DESKTOP-JP20VPR	14108	3560						00000000-0000-0000-0000-000000000000	00000000-0000-0000-0000-000000000000		"Process terminated:
RuleName: -
UtcTime: 2022-01-04 18:56:22.764
ProcessGuid: {ec47ca29-9676-61d4-7609-000000008600}
ProcessId: 6384
Image: C:\Windows\System32\svchost.exe
User: NT AUTHORITY\SYSTEM"
Information	1/4/2022 1:55:52 PM	Microsoft-Windows-Sysmon	5	Process terminated (rule: ProcessTerminate)	S-1-5-18	Microsoft-Windows-Sysmon/Operational		Info	DESKTOP-JP20VPR	14108	3560						00000000-0000-0000-0000-000000000000	00000000-0000-0000-0000-000000000000		"Process terminated:
RuleName: -
UtcTime: 2022-01-04 18:55:52.301
ProcessGuid: {ec47ca29-982e-61d4-8009-000000008600}
ProcessId: 11280
Image: C:\Program Files (x86)\Microsoft\Edge\Application\96.0.1054.62\identity_helper.exe
User: DESKTOP-JP20VPR\BobWe"
Information	1/4/2022 1:55:42 PM	Microsoft-Windows-Sysmon	1	Process Create (rule: ProcessCreate)	S-1-5-18	Microsoft-Windows-Sysmon/Operational		Info	DESKTOP-JP20VPR	14108	3560						00000000-0000-0000-0000-000000000000	00000000-0000-0000-0000-000000000000		"Process Create:
RuleName: -
UtcTime: 2022-01-04 18:55:42.169
ProcessGuid: {ec47ca29-982e-61d4-8009-000000008600}
ProcessId: 11280
Image: C:\Program Files (x86)\Microsoft\Edge\Application\96.0.1054.62\identity_helper.exe
FileVersion: 96.0.1054.62
Description: PWA Identity Proxy Host
Product: Microsoft Edge
Company: Microsoft Corporation
OriginalFileName: identity_helper.exe
CommandLine: ""C:\Program Files (x86)\Microsoft\Edge\Application\96.0.1054.62\identity_helper.exe"" --type=utility --utility-sub-type=winrt_app_id.mojom.WinrtAppIdService --field-trial-handle=2308,14150179790966226464,16948066822318633601,131072 --lang=en-US --service-sandbox-type=none --mojo-platform-channel-handle=5844 /prefetch:8
CurrentDirectory: C:\Program Files (x86)\Microsoft\Edge\Application\96.0.1054.62\
User: DESKTOP-JP20VPR\BobWe
LogonGuid: {ec47ca29-70bf-61d3-9db4-020000000000}
LogonId: 0x2B49D
TerminalSessionId: 1
IntegrityLevel: Medium
Hashes: SHA256=7914D38736F3CE4F89432E15816711FFFDFD9002FA50CE7205C1176AF9142AB4
ParentProcessGuid: {ec47ca29-70db-61d3-4801-000000008600}
ParentProcessId: 11916
ParentImage: C:\Program Files (x86)\Microsoft\Edge\Application\msedge.exe
ParentCommandLine: ""C:\Program Files (x86)\Microsoft\Edge\Application\msedge.exe"" --no-startup-window --win-session-start /prefetch:5
ParentUser: DESKTOP-JP20VPR\BobWe"
Information	1/4/2022 1:55:42 PM	Microsoft-Windows-Sysmon	5	Process terminated (rule: ProcessTerminate)	S-1-5-18	Microsoft-Windows-Sysmon/Operational		Info	DESKTOP-JP20VPR	14108	3560						00000000-0000-0000-0000-000000000000	00000000-0000-0000-0000-000000000000		"Process terminated:
RuleName: -
UtcTime: 2022-01-04 18:55:42.164
ProcessGuid: {ec47ca29-982e-61d4-7f09-000000008600}
ProcessId: 1324
Image: C:\Program Files (x86)\Microsoft\Edge\Application\96.0.1054.62\identity_helper.exe
User: DESKTOP-JP20VPR\BobWe"
Information	1/4/2022 1:55:42 PM	Microsoft-Windows-Sysmon	1	Process Create (rule: ProcessCreate)	S-1-5-18	Microsoft-Windows-Sysmon/Operational		Info	DESKTOP-JP20VPR	14108	3560						00000000-0000-0000-0000-000000000000	00000000-0000-0000-0000-000000000000		"Process Create:
RuleName: -
UtcTime: 2022-01-04 18:55:42.157
ProcessGuid: {ec47ca29-982e-61d4-7f09-000000008600}
ProcessId: 1324
Image: C:\Program Files (x86)\Microsoft\Edge\Application\96.0.1054.62\identity_helper.exe
FileVersion: 96.0.1054.62
Description: PWA Identity Proxy Host
Product: Microsoft Edge
Company: Microsoft Corporation
OriginalFileName: identity_helper.exe
CommandLine: ""C:\Program Files (x86)\Microsoft\Edge\Application\96.0.1054.62\identity_helper.exe"" --type=utility --utility-sub-type=winrt_app_id.mojom.WinrtAppIdService --field-trial-handle=2308,14150179790966226464,16948066822318633601,131072 --lang=en-US --service-sandbox-type=none --mojo-platform-channel-handle=5844 /prefetch:8
CurrentDirectory: C:\Program Files (x86)\Microsoft\Edge\Application\96.0.1054.62\
User: DESKTOP-JP20VPR\BobWe
LogonGuid: {ec47ca29-70bf-61d3-9db4-020000000000}
LogonId: 0x2B49D
TerminalSessionId: 1
IntegrityLevel: Medium
Hashes: SHA256=7914D38736F3CE4F89432E15816711FFFDFD9002FA50CE7205C1176AF9142AB4
ParentProcessGuid: {ec47ca29-70db-61d3-4801-000000008600}
ParentProcessId: 11916
ParentImage: C:\Program Files (x86)\Microsoft\Edge\Application\msedge.exe
ParentCommandLine: ""C:\Program Files (x86)\Microsoft\Edge\Application\msedge.exe"" --no-startup-window --win-session-start /prefetch:5
ParentUser: DESKTOP-JP20VPR\BobWe"
Information	1/4/2022 1:55:40 PM	Microsoft-Windows-Sysmon	5	Process terminated (rule: ProcessTerminate)	S-1-5-18	Microsoft-Windows-Sysmon/Operational		Info	DESKTOP-JP20VPR	14108	3560						00000000-0000-0000-0000-000000000000	00000000-0000-0000-0000-000000000000		"Process terminated:
RuleName: -
UtcTime: 2022-01-04 18:55:40.650
ProcessGuid: {ec47ca29-982c-61d4-7e09-000000008600}
ProcessId: 4388
Image: C:\Windows\System32\backgroundTaskHost.exe
User: DESKTOP-JP20VPR\BobWe"
