Information	1/4/2022 9:45:25 AM	Microsoft-Windows-Sysmon	5	Process terminated (rule: ProcessTerminate)	S-1-5-18	Microsoft-Windows-Sysmon/Operational		Info	DESKTOP-JP20VPR	14108	3560						00000000-0000-0000-0000-000000000000	00000000-0000-0000-0000-000000000000		"Process terminated:
RuleName: -
UtcTime: 2022-01-04 14:45:25.356
ProcessGuid: {ec47ca29-5d85-61d4-4f08-000000008600}
ProcessId: 8468
Image: C:\Program Files\Google\Chrome\Application\chrome.exe
User: DESKTOP-JP20VPR\BobWe"
Information	1/4/2022 9:45:25 AM	Microsoft-Windows-Sysmon	1	Process Create (rule: ProcessCreate)	S-1-5-18	Microsoft-Windows-Sysmon/Operational		Info	DESKTOP-JP20VPR	14108	3560						00000000-0000-0000-0000-000000000000	00000000-0000-0000-0000-000000000000		"Process Create:
RuleName: -
UtcTime: 2022-01-04 14:45:25.328
ProcessGuid: {ec47ca29-5d85-61d4-4f08-000000008600}
ProcessId: 8468
Image: C:\Program Files\Google\Chrome\Application\chrome.exe
FileVersion: 96.0.4664.110
Description: Google Chrome
Product: Google Chrome
Company: Google LLC
OriginalFileName: chrome.exe
CommandLine: ""C:\Program Files\Google\Chrome\Application\chrome.exe"" --type=utility --utility-sub-type=data_decoder.mojom.DataDecoderService --field-trial-handle=1704,4209033002119389492,12267350203109084414,131072 --lang=en-US --service-sandbox-type=service --mojo-platform-channel-handle=16264 /prefetch:8
CurrentDirectory: C:\Program Files\Google\Chrome\Application\96.0.4664.110\
User: DESKTOP-JP20VPR\BobWe
LogonGuid: {ec47ca29-70bf-61d3-9db4-020000000000}
LogonId: 0x2B49D
TerminalSessionId: 1
IntegrityLevel: Low
Hashes: SHA256=ACFB588D8780EE19C192515D376CE7F9B2B0F936487008D3733F9730425E657B
ParentProcessGuid: {ec47ca29-70dd-61d3-6101-000000008600}
ParentProcessId: 1976
ParentImage: C:\Program Files\Google\Chrome\Application\chrome.exe
ParentCommandLine: ""C:\Program Files\Google\Chrome\Application\chrome.exe"" --no-startup-window /prefetch:5
ParentUser: DESKTOP-JP20VPR\BobWe"
Information	1/4/2022 9:45:25 AM	Microsoft-Windows-Sysmon	1	Process Create (rule: ProcessCreate)	S-1-5-18	Microsoft-Windows-Sysmon/Operational		Info	DESKTOP-JP20VPR	14108	3560						00000000-0000-0000-0000-000000000000	00000000-0000-0000-0000-000000000000		"Process Create:
RuleName: -
UtcTime: 2022-01-04 14:45:25.326
ProcessGuid: {ec47ca29-5d85-61d4-4e08-000000008600}
ProcessId: 1356
Image: C:\Program Files\Google\Chrome\Application\chrome.exe
FileVersion: 96.0.4664.110
Description: Google Chrome
Product: Google Chrome
Company: Google LLC
OriginalFileName: chrome.exe
CommandLine: ""C:\Program Files\Google\Chrome\Application\chrome.exe"" --type=utility --utility-sub-type=data_decoder.mojom.DataDecoderService --field-trial-handle=1704,4209033002119389492,12267350203109084414,131072 --lang=en-US --service-sandbox-type=service --mojo-platform-channel-handle=13028 /prefetch:8
CurrentDirectory: C:\Program Files\Google\Chrome\Application\96.0.4664.110\
User: DESKTOP-JP20VPR\BobWe
LogonGuid: {ec47ca29-70bf-61d3-9db4-020000000000}
LogonId: 0x2B49D
TerminalSessionId: 1
IntegrityLevel: Low
Hashes: SHA256=ACFB588D8780EE19C192515D376CE7F9B2B0F936487008D3733F9730425E657B
ParentProcessGuid: {ec47ca29-70dd-61d3-6101-000000008600}
ParentProcessId: 1976
ParentImage: C:\Program Files\Google\Chrome\Application\chrome.exe
ParentCommandLine: ""C:\Program Files\Google\Chrome\Application\chrome.exe"" --no-startup-window /prefetch:5
ParentUser: DESKTOP-JP20VPR\BobWe"
Information	1/4/2022 9:45:25 AM	Microsoft-Windows-Sysmon	5	Process terminated (rule: ProcessTerminate)	S-1-5-18	Microsoft-Windows-Sysmon/Operational		Info	DESKTOP-JP20VPR	14108	3560						00000000-0000-0000-0000-000000000000	00000000-0000-0000-0000-000000000000		"Process terminated:
RuleName: -
UtcTime: 2022-01-04 14:45:25.266
ProcessGuid: {ec47ca29-5d85-61d4-4d08-000000008600}
ProcessId: 10160
Image: C:\Program Files\Google\Chrome\Application\chrome.exe
User: DESKTOP-JP20VPR\BobWe"
Information	1/4/2022 9:45:25 AM	Microsoft-Windows-Sysmon	1	Process Create (rule: ProcessCreate)	S-1-5-18	Microsoft-Windows-Sysmon/Operational		Info	DESKTOP-JP20VPR	14108	3560						00000000-0000-0000-0000-000000000000	00000000-0000-0000-0000-000000000000		"Process Create:
RuleName: -
UtcTime: 2022-01-04 14:45:25.235
ProcessGuid: {ec47ca29-5d85-61d4-4d08-000000008600}
ProcessId: 10160
Image: C:\Program Files\Google\Chrome\Application\chrome.exe
FileVersion: 96.0.4664.110
Description: Google Chrome
Product: Google Chrome
Company: Google LLC
OriginalFileName: chrome.exe
CommandLine: ""C:\Program Files\Google\Chrome\Application\chrome.exe"" --type=utility --utility-sub-type=data_decoder.mojom.DataDecoderService --field-trial-handle=1704,4209033002119389492,12267350203109084414,131072 --lang=en-US --service-sandbox-type=service --mojo-platform-channel-handle=13008 /prefetch:8
CurrentDirectory: C:\Program Files\Google\Chrome\Application\96.0.4664.110\
User: DESKTOP-JP20VPR\BobWe
LogonGuid: {ec47ca29-70bf-61d3-9db4-020000000000}
LogonId: 0x2B49D
TerminalSessionId: 1
IntegrityLevel: Low
Hashes: SHA256=ACFB588D8780EE19C192515D376CE7F9B2B0F936487008D3733F9730425E657B
ParentProcessGuid: {ec47ca29-70dd-61d3-6101-000000008600}
ParentProcessId: 1976
ParentImage: C:\Program Files\Google\Chrome\Application\chrome.exe
ParentCommandLine: ""C:\Program Files\Google\Chrome\Application\chrome.exe"" --no-startup-window /prefetch:5
ParentUser: DESKTOP-JP20VPR\BobWe"
Information	1/4/2022 9:45:25 AM	Microsoft-Windows-Sysmon	1	Process Create (rule: ProcessCreate)	S-1-5-18	Microsoft-Windows-Sysmon/Operational		Info	DESKTOP-JP20VPR	14108	3560						00000000-0000-0000-0000-000000000000	00000000-0000-0000-0000-000000000000		"Process Create:
RuleName: -
UtcTime: 2022-01-04 14:45:25.162
ProcessGuid: {ec47ca29-5d85-61d4-4c08-000000008600}
ProcessId: 10280
Image: C:\Program Files\Google\Chrome\Application\chrome.exe
FileVersion: 96.0.4664.110
Description: Google Chrome
Product: Google Chrome
Company: Google LLC
OriginalFileName: chrome.exe
CommandLine: ""C:\Program Files\Google\Chrome\Application\chrome.exe"" --type=renderer --display-capture-permissions-policy-allowed --origin-trial-disabled-features=CaptureHandle --field-trial-handle=1704,4209033002119389492,12267350203109084414,131072 --lang=en-US --device-scale-factor=1 --num-raster-threads=4 --enable-main-frame-before-activation --renderer-client-id=431 --mojo-platform-channel-handle=7212 /prefetch:1
CurrentDirectory: C:\Program Files\Google\Chrome\Application\96.0.4664.110\
User: DESKTOP-JP20VPR\BobWe
LogonGuid: {ec47ca29-70bf-61d3-9db4-020000000000}
LogonId: 0x2B49D
TerminalSessionId: 1
IntegrityLevel: Low
Hashes: SHA256=ACFB588D8780EE19C192515D376CE7F9B2B0F936487008D3733F9730425E657B
ParentProcessGuid: {ec47ca29-70dd-61d3-6101-000000008600}
ParentProcessId: 1976
ParentImage: C:\Program Files\Google\Chrome\Application\chrome.exe
ParentCommandLine: ""C:\Program Files\Google\Chrome\Application\chrome.exe"" --no-startup-window /prefetch:5
ParentUser: DESKTOP-JP20VPR\BobWe"
Information	1/4/2022 9:45:25 AM	Microsoft-Windows-Sysmon	1	Process Create (rule: ProcessCreate)	S-1-5-18	Microsoft-Windows-Sysmon/Operational		Info	DESKTOP-JP20VPR	14108	3560						00000000-0000-0000-0000-000000000000	00000000-0000-0000-0000-000000000000		"Process Create:
RuleName: -
UtcTime: 2022-01-04 14:45:25.033
ProcessGuid: {ec47ca29-5d85-61d4-4b08-000000008600}
ProcessId: 10476
Image: C:\Program Files\Google\Chrome\Application\chrome.exe
FileVersion: 96.0.4664.110
Description: Google Chrome
Product: Google Chrome
Company: Google LLC
OriginalFileName: chrome.exe
CommandLine: ""C:\Program Files\Google\Chrome\Application\chrome.exe"" --type=renderer --display-capture-permissions-policy-allowed --origin-trial-disabled-features=CaptureHandle --field-trial-handle=1704,4209033002119389492,12267350203109084414,131072 --lang=en-US --device-scale-factor=1 --num-raster-threads=4 --enable-main-frame-before-activation --renderer-client-id=430 --mojo-platform-channel-handle=14368 /prefetch:1
CurrentDirectory: C:\Program Files\Google\Chrome\Application\96.0.4664.110\
User: DESKTOP-JP20VPR\BobWe
LogonGuid: {ec47ca29-70bf-61d3-9db4-020000000000}
LogonId: 0x2B49D
TerminalSessionId: 1
IntegrityLevel: Low
Hashes: SHA256=ACFB588D8780EE19C192515D376CE7F9B2B0F936487008D3733F9730425E657B
ParentProcessGuid: {ec47ca29-70dd-61d3-6101-000000008600}
ParentProcessId: 1976
ParentImage: C:\Program Files\Google\Chrome\Application\chrome.exe
ParentCommandLine: ""C:\Program Files\Google\Chrome\Application\chrome.exe"" --no-startup-window /prefetch:5
ParentUser: DESKTOP-JP20VPR\BobWe"
Information	1/4/2022 9:43:40 AM	Microsoft-Windows-Sysmon	5	Process terminated (rule: ProcessTerminate)	S-1-5-18	Microsoft-Windows-Sysmon/Operational		Info	DESKTOP-JP20VPR	14108	3560						00000000-0000-0000-0000-000000000000	00000000-0000-0000-0000-000000000000		"Process terminated:
RuleName: -
UtcTime: 2022-01-04 14:43:40.048
ProcessGuid: {ec47ca29-e459-61d3-6f06-000000008600}
ProcessId: 10080
Image: C:\Program Files\Google\Chrome\Application\chrome.exe
User: DESKTOP-JP20VPR\BobWe"
Information	1/4/2022 9:43:38 AM	Microsoft-Windows-Sysmon	5	Process terminated (rule: ProcessTerminate)	S-1-5-18	Microsoft-Windows-Sysmon/Operational		Info	DESKTOP-JP20VPR	14108	3560						00000000-0000-0000-0000-000000000000	00000000-0000-0000-0000-000000000000		"Process terminated:
RuleName: -
UtcTime: 2022-01-04 14:43:38.203
ProcessGuid: {ec47ca29-d34a-61d3-eb05-000000008600}
ProcessId: 9852
Image: C:\Program Files\Google\Chrome\Application\chrome.exe
User: DESKTOP-JP20VPR\BobWe"
Information	1/4/2022 9:43:10 AM	Microsoft-Windows-Sysmon	5	Process terminated (rule: ProcessTerminate)	S-1-5-18	Microsoft-Windows-Sysmon/Operational		Info	DESKTOP-JP20VPR	14108	3560						00000000-0000-0000-0000-000000000000	00000000-0000-0000-0000-000000000000		"Process terminated:
RuleName: -
UtcTime: 2022-01-04 14:43:10.553
ProcessGuid: {ec47ca29-c621-61d3-6105-000000008600}
ProcessId: 11140
Image: C:\Program Files\Google\Chrome\Application\chrome.exe
User: DESKTOP-JP20VPR\BobWe"
Information	1/4/2022 9:43:10 AM	Microsoft-Windows-Sysmon	5	Process terminated (rule: ProcessTerminate)	S-1-5-18	Microsoft-Windows-Sysmon/Operational		Info	DESKTOP-JP20VPR	14108	3560						00000000-0000-0000-0000-000000000000	00000000-0000-0000-0000-000000000000		"Process terminated:
RuleName: -
UtcTime: 2022-01-04 14:43:10.072
ProcessGuid: {ec47ca29-e459-61d3-7106-000000008600}
ProcessId: 13208
Image: C:\Program Files\Google\Chrome\Application\chrome.exe
User: DESKTOP-JP20VPR\BobWe"
Information	1/4/2022 9:43:10 AM	Microsoft-Windows-Sysmon	5	Process terminated (rule: ProcessTerminate)	S-1-5-18	Microsoft-Windows-Sysmon/Operational		Info	DESKTOP-JP20VPR	14108	3560						00000000-0000-0000-0000-000000000000	00000000-0000-0000-0000-000000000000		"Process terminated:
RuleName: -
UtcTime: 2022-01-04 14:43:10.066
ProcessGuid: {ec47ca29-8819-61d3-0204-000000008600}
ProcessId: 9944
Image: C:\Program Files\Google\Chrome\Application\chrome.exe
User: DESKTOP-JP20VPR\BobWe"
Information	1/4/2022 9:43:08 AM	Microsoft-Windows-Sysmon	5	Process terminated (rule: ProcessTerminate)	S-1-5-18	Microsoft-Windows-Sysmon/Operational		Info	DESKTOP-JP20VPR	14108	3560						00000000-0000-0000-0000-000000000000	00000000-0000-0000-0000-000000000000		"Process terminated:
RuleName: -
UtcTime: 2022-01-04 14:43:08.661
ProcessGuid: {ec47ca29-dd7a-61d3-4006-000000008600}
ProcessId: 10844
Image: C:\Program Files\Google\Chrome\Application\chrome.exe
User: DESKTOP-JP20VPR\BobWe"
Information	1/4/2022 9:43:08 AM	Microsoft-Windows-Sysmon	5	Process terminated (rule: ProcessTerminate)	S-1-5-18	Microsoft-Windows-Sysmon/Operational		Info	DESKTOP-JP20VPR	14108	3560						00000000-0000-0000-0000-000000000000	00000000-0000-0000-0000-000000000000		"Process terminated:
RuleName: -
UtcTime: 2022-01-04 14:43:08.658
ProcessGuid: {ec47ca29-d2fb-61d3-e705-000000008600}
ProcessId: 6512
Image: C:\Program Files\Google\Chrome\Application\chrome.exe
User: DESKTOP-JP20VPR\BobWe"
Information	1/4/2022 9:43:04 AM	Microsoft-Windows-Sysmon	5	Process terminated (rule: ProcessTerminate)	S-1-5-18	Microsoft-Windows-Sysmon/Operational		Info	DESKTOP-JP20VPR	14108	3560						00000000-0000-0000-0000-000000000000	00000000-0000-0000-0000-000000000000		"Process terminated:
RuleName: -
UtcTime: 2022-01-04 14:43:04.378
ProcessGuid: {ec47ca29-d2fa-61d3-e605-000000008600}
ProcessId: 10600
Image: C:\Program Files\Google\Chrome\Application\chrome.exe
User: DESKTOP-JP20VPR\BobWe"
Information	1/4/2022 9:42:59 AM	Microsoft-Windows-Sysmon	5	Process terminated (rule: ProcessTerminate)	S-1-5-18	Microsoft-Windows-Sysmon/Operational		Info	DESKTOP-JP20VPR	14108	3560						00000000-0000-0000-0000-000000000000	00000000-0000-0000-0000-000000000000		"Process terminated:
RuleName: -
UtcTime: 2022-01-04 14:42:59.861
ProcessGuid: {ec47ca29-cb84-61d3-bb05-000000008600}
ProcessId: 13424
Image: C:\Program Files\Google\Chrome\Application\chrome.exe
User: DESKTOP-JP20VPR\BobWe"
Information	1/4/2022 9:42:59 AM	Microsoft-Windows-Sysmon	5	Process terminated (rule: ProcessTerminate)	S-1-5-18	Microsoft-Windows-Sysmon/Operational		Info	DESKTOP-JP20VPR	14108	3560						00000000-0000-0000-0000-000000000000	00000000-0000-0000-0000-000000000000		"Process terminated:
RuleName: -
UtcTime: 2022-01-04 14:42:59.855
ProcessGuid: {ec47ca29-c5e7-61d3-5a05-000000008600}
ProcessId: 14612
Image: C:\Program Files\Google\Chrome\Application\chrome.exe
User: DESKTOP-JP20VPR\BobWe"
Information	1/4/2022 9:42:59 AM	Microsoft-Windows-Sysmon	5	Process terminated (rule: ProcessTerminate)	S-1-5-18	Microsoft-Windows-Sysmon/Operational		Info	DESKTOP-JP20VPR	14108	3560						00000000-0000-0000-0000-000000000000	00000000-0000-0000-0000-000000000000		"Process terminated:
RuleName: -
UtcTime: 2022-01-04 14:42:59.368
ProcessGuid: {ec47ca29-c5fd-61d3-5f05-000000008600}
ProcessId: 11020
Image: C:\Program Files\Google\Chrome\Application\chrome.exe
User: DESKTOP-JP20VPR\BobWe"
Information	1/4/2022 9:42:59 AM	Microsoft-Windows-Sysmon	5	Process terminated (rule: ProcessTerminate)	S-1-5-18	Microsoft-Windows-Sysmon/Operational		Info	DESKTOP-JP20VPR	14108	3560						00000000-0000-0000-0000-000000000000	00000000-0000-0000-0000-000000000000		"Process terminated:
RuleName: -
UtcTime: 2022-01-04 14:42:59.368
ProcessGuid: {ec47ca29-c621-61d3-6005-000000008600}
ProcessId: 8924
Image: C:\Program Files\Google\Chrome\Application\chrome.exe
User: DESKTOP-JP20VPR\BobWe"
Information	1/4/2022 9:42:56 AM	Microsoft-Windows-Sysmon	5	Process terminated (rule: ProcessTerminate)	S-1-5-18	Microsoft-Windows-Sysmon/Operational		Info	DESKTOP-JP20VPR	14108	3560						00000000-0000-0000-0000-000000000000	00000000-0000-0000-0000-000000000000		"Process terminated:
RuleName: -
UtcTime: 2022-01-04 14:42:56.466
ProcessGuid: {ec47ca29-87f5-61d3-fe03-000000008600}
ProcessId: 14308
Image: C:\Program Files\Google\Chrome\Application\chrome.exe
User: DESKTOP-JP20VPR\BobWe"
Information	1/4/2022 9:42:22 AM	Microsoft-Windows-Sysmon	5	Process terminated (rule: ProcessTerminate)	S-1-5-18	Microsoft-Windows-Sysmon/Operational		Info	DESKTOP-JP20VPR	14108	3560						00000000-0000-0000-0000-000000000000	00000000-0000-0000-0000-000000000000		"Process terminated:
RuleName: -
UtcTime: 2022-01-04 14:42:22.758
ProcessGuid: {ec47ca29-8805-61d3-0104-000000008600}
ProcessId: 6228
Image: C:\Program Files\Google\Chrome\Application\chrome.exe
User: DESKTOP-JP20VPR\BobWe"
Information	1/4/2022 9:42:17 AM	Microsoft-Windows-Sysmon	1	Process Create (rule: ProcessCreate)	S-1-5-18	Microsoft-Windows-Sysmon/Operational		Info	DESKTOP-JP20VPR	14108	3560						00000000-0000-0000-0000-000000000000	00000000-0000-0000-0000-000000000000		"Process Create:
RuleName: -
UtcTime: 2022-01-04 14:42:17.120
ProcessGuid: {ec47ca29-5cc9-61d4-4a08-000000008600}
ProcessId: 8556
Image: C:\Program Files\Google\Chrome\Application\chrome.exe
FileVersion: 96.0.4664.110
Description: Google Chrome
Product: Google Chrome
Company: Google LLC
OriginalFileName: chrome.exe
CommandLine: ""C:\Program Files\Google\Chrome\Application\chrome.exe"" --type=renderer --display-capture-permissions-policy-allowed --origin-trial-disabled-features=CaptureHandle --field-trial-handle=1704,4209033002119389492,12267350203109084414,131072 --lang=en-US --device-scale-factor=1 --num-raster-threads=4 --enable-main-frame-before-activation --renderer-client-id=429 --mojo-platform-channel-handle=18376 /prefetch:1
CurrentDirectory: C:\Program Files\Google\Chrome\Application\96.0.4664.110\
User: DESKTOP-JP20VPR\BobWe
LogonGuid: {ec47ca29-70bf-61d3-9db4-020000000000}
LogonId: 0x2B49D
TerminalSessionId: 1
IntegrityLevel: Low
Hashes: SHA256=ACFB588D8780EE19C192515D376CE7F9B2B0F936487008D3733F9730425E657B
ParentProcessGuid: {ec47ca29-70dd-61d3-6101-000000008600}
ParentProcessId: 1976
ParentImage: C:\Program Files\Google\Chrome\Application\chrome.exe
ParentCommandLine: ""C:\Program Files\Google\Chrome\Application\chrome.exe"" --no-startup-window /prefetch:5
ParentUser: DESKTOP-JP20VPR\BobWe"
Information	1/4/2022 9:42:16 AM	Microsoft-Windows-Sysmon	1	Process Create (rule: ProcessCreate)	S-1-5-18	Microsoft-Windows-Sysmon/Operational		Info	DESKTOP-JP20VPR	14108	3560						00000000-0000-0000-0000-000000000000	00000000-0000-0000-0000-000000000000		"Process Create:
RuleName: -
UtcTime: 2022-01-04 14:42:16.902
ProcessGuid: {ec47ca29-5cc8-61d4-4908-000000008600}
ProcessId: 11808
Image: C:\Windows\System32\audiodg.exe
FileVersion: 10.0.19041.1387 (WinBuild.160101.0800)
Description: Windows Audio Device Graph Isolation 
Product: Microsoft® Windows® Operating System
Company: Microsoft Corporation
OriginalFileName: audioadg.exe
CommandLine: C:\Windows\system32\AUDIODG.EXE 0x7e0 0x6f8
CurrentDirectory: C:\Windows\system32\
User: NT AUTHORITY\LOCAL SERVICE
LogonGuid: {ec47ca29-70be-61d3-e503-000000000000}
LogonId: 0x3E5
TerminalSessionId: 0
IntegrityLevel: System
Hashes: SHA256=1D11747D4CAF3ADC9DC47E244B59088053B34E88226C385932BF4506D76A2308
ParentProcessGuid: {ec47ca29-70bf-61d3-4000-000000008600}
ParentProcessId: 3192
ParentImage: C:\Windows\System32\svchost.exe
ParentCommandLine: C:\Windows\System32\svchost.exe -k LocalServiceNetworkRestricted -p
ParentUser: NT AUTHORITY\LOCAL SERVICE"
Information	1/4/2022 9:42:05 AM	Microsoft-Windows-Sysmon	1	Process Create (rule: ProcessCreate)	S-1-5-18	Microsoft-Windows-Sysmon/Operational		Info	DESKTOP-JP20VPR	14108	3560						00000000-0000-0000-0000-000000000000	00000000-0000-0000-0000-000000000000		"Process Create:
RuleName: -
UtcTime: 2022-01-04 14:42:05.714
ProcessGuid: {ec47ca29-5cbd-61d4-4808-000000008600}
ProcessId: 17284
Image: C:\Program Files\Google\Chrome\Application\chrome.exe
FileVersion: 96.0.4664.110
Description: Google Chrome
Product: Google Chrome
Company: Google LLC
OriginalFileName: chrome.exe
CommandLine: ""C:\Program Files\Google\Chrome\Application\chrome.exe"" --type=renderer --display-capture-permissions-policy-allowed --origin-trial-disabled-features=CaptureHandle --field-trial-handle=1704,4209033002119389492,12267350203109084414,131072 --lang=en-US --device-scale-factor=1 --num-raster-threads=4 --enable-main-frame-before-activation --renderer-client-id=428 --mojo-platform-channel-handle=17524 /prefetch:1
CurrentDirectory: C:\Program Files\Google\Chrome\Application\96.0.4664.110\
User: DESKTOP-JP20VPR\BobWe
LogonGuid: {ec47ca29-70bf-61d3-9db4-020000000000}
LogonId: 0x2B49D
TerminalSessionId: 1
IntegrityLevel: Low
Hashes: SHA256=ACFB588D8780EE19C192515D376CE7F9B2B0F936487008D3733F9730425E657B
ParentProcessGuid: {ec47ca29-70dd-61d3-6101-000000008600}
ParentProcessId: 1976
ParentImage: C:\Program Files\Google\Chrome\Application\chrome.exe
ParentCommandLine: ""C:\Program Files\Google\Chrome\Application\chrome.exe"" --no-startup-window /prefetch:5
ParentUser: DESKTOP-JP20VPR\BobWe"
Information	1/4/2022 9:42:04 AM	Microsoft-Windows-Sysmon	5	Process terminated (rule: ProcessTerminate)	S-1-5-18	Microsoft-Windows-Sysmon/Operational		Info	DESKTOP-JP20VPR	14108	3560						00000000-0000-0000-0000-000000000000	00000000-0000-0000-0000-000000000000		"Process terminated:
RuleName: -
UtcTime: 2022-01-04 14:42:04.139
ProcessGuid: {ec47ca29-e817-61d3-8c06-000000008600}
ProcessId: 19340
Image: C:\Program Files\Google\Chrome\Application\chrome.exe
User: DESKTOP-JP20VPR\BobWe"
Information	1/4/2022 9:41:22 AM	Microsoft-Windows-Sysmon	5	Process terminated (rule: ProcessTerminate)	S-1-5-18	Microsoft-Windows-Sysmon/Operational		Info	DESKTOP-JP20VPR	14108	3560						00000000-0000-0000-0000-000000000000	00000000-0000-0000-0000-000000000000		"Process terminated:
RuleName: -
UtcTime: 2022-01-04 14:41:22.139
ProcessGuid: {ec47ca29-5b29-61d4-4208-000000008600}
ProcessId: 6832
Image: C:\Windows\System32\svchost.exe
User: NT AUTHORITY\SYSTEM"
Information	1/4/2022 9:40:52 AM	Microsoft-Windows-Sysmon	5	Process terminated (rule: ProcessTerminate)	S-1-5-18	Microsoft-Windows-Sysmon/Operational		Info	DESKTOP-JP20VPR	14108	3560						00000000-0000-0000-0000-000000000000	00000000-0000-0000-0000-000000000000		"Process terminated:
RuleName: -
UtcTime: 2022-01-04 14:40:52.177
ProcessGuid: {ec47ca29-5c6a-61d4-4708-000000008600}
ProcessId: 15376
Image: C:\Program Files (x86)\Microsoft\Edge\Application\96.0.1054.62\identity_helper.exe
User: DESKTOP-JP20VPR\BobWe"
Information	1/4/2022 9:40:42 AM	Microsoft-Windows-Sysmon	1	Process Create (rule: ProcessCreate)	S-1-5-18	Microsoft-Windows-Sysmon/Operational		Info	DESKTOP-JP20VPR	14108	3560						00000000-0000-0000-0000-000000000000	00000000-0000-0000-0000-000000000000		"Process Create:
RuleName: -
UtcTime: 2022-01-04 14:40:42.026
ProcessGuid: {ec47ca29-5c6a-61d4-4708-000000008600}
ProcessId: 15376
Image: C:\Program Files (x86)\Microsoft\Edge\Application\96.0.1054.62\identity_helper.exe
FileVersion: 96.0.1054.62
Description: PWA Identity Proxy Host
Product: Microsoft Edge
Company: Microsoft Corporation
OriginalFileName: identity_helper.exe
CommandLine: ""C:\Program Files (x86)\Microsoft\Edge\Application\96.0.1054.62\identity_helper.exe"" --type=utility --utility-sub-type=winrt_app_id.mojom.WinrtAppIdService --field-trial-handle=2308,14150179790966226464,16948066822318633601,131072 --lang=en-US --service-sandbox-type=none --mojo-platform-channel-handle=5656 /prefetch:8
CurrentDirectory: C:\Program Files (x86)\Microsoft\Edge\Application\96.0.1054.62\
User: DESKTOP-JP20VPR\BobWe
LogonGuid: {ec47ca29-70bf-61d3-9db4-020000000000}
LogonId: 0x2B49D
TerminalSessionId: 1
IntegrityLevel: Medium
Hashes: SHA256=7914D38736F3CE4F89432E15816711FFFDFD9002FA50CE7205C1176AF9142AB4
ParentProcessGuid: {ec47ca29-70db-61d3-4801-000000008600}
ParentProcessId: 11916
ParentImage: C:\Program Files (x86)\Microsoft\Edge\Application\msedge.exe
ParentCommandLine: ""C:\Program Files (x86)\Microsoft\Edge\Application\msedge.exe"" --no-startup-window --win-session-start /prefetch:5
ParentUser: DESKTOP-JP20VPR\BobWe"
Information	1/4/2022 9:40:42 AM	Microsoft-Windows-Sysmon	5	Process terminated (rule: ProcessTerminate)	S-1-5-18	Microsoft-Windows-Sysmon/Operational		Info	DESKTOP-JP20VPR	14108	3560						00000000-0000-0000-0000-000000000000	00000000-0000-0000-0000-000000000000		"Process terminated:
RuleName: -
UtcTime: 2022-01-04 14:40:42.019
ProcessGuid: {ec47ca29-5c6a-61d4-4608-000000008600}
ProcessId: 8492
Image: C:\Program Files (x86)\Microsoft\Edge\Application\96.0.1054.62\identity_helper.exe
User: DESKTOP-JP20VPR\BobWe"
Information	1/4/2022 9:40:42 AM	Microsoft-Windows-Sysmon	1	Process Create (rule: ProcessCreate)	S-1-5-18	Microsoft-Windows-Sysmon/Operational		Info	DESKTOP-JP20VPR	14108	3560						00000000-0000-0000-0000-000000000000	00000000-0000-0000-0000-000000000000		"Process Create:
RuleName: -
UtcTime: 2022-01-04 14:40:42.008
ProcessGuid: {ec47ca29-5c6a-61d4-4608-000000008600}
ProcessId: 8492
Image: C:\Program Files (x86)\Microsoft\Edge\Application\96.0.1054.62\identity_helper.exe
FileVersion: 96.0.1054.62
Description: PWA Identity Proxy Host
Product: Microsoft Edge
Company: Microsoft Corporation
OriginalFileName: identity_helper.exe
CommandLine: ""C:\Program Files (x86)\Microsoft\Edge\Application\96.0.1054.62\identity_helper.exe"" --type=utility --utility-sub-type=winrt_app_id.mojom.WinrtAppIdService --field-trial-handle=2308,14150179790966226464,16948066822318633601,131072 --lang=en-US --service-sandbox-type=none --mojo-platform-channel-handle=5656 /prefetch:8
CurrentDirectory: C:\Program Files (x86)\Microsoft\Edge\Application\96.0.1054.62\
User: DESKTOP-JP20VPR\BobWe
LogonGuid: {ec47ca29-70bf-61d3-9db4-020000000000}
LogonId: 0x2B49D
TerminalSessionId: 1
IntegrityLevel: Medium
Hashes: SHA256=7914D38736F3CE4F89432E15816711FFFDFD9002FA50CE7205C1176AF9142AB4
ParentProcessGuid: {ec47ca29-70db-61d3-4801-000000008600}
ParentProcessId: 11916
ParentImage: C:\Program Files (x86)\Microsoft\Edge\Application\msedge.exe
ParentCommandLine: ""C:\Program Files (x86)\Microsoft\Edge\Application\msedge.exe"" --no-startup-window --win-session-start /prefetch:5
ParentUser: DESKTOP-JP20VPR\BobWe"
Information	1/4/2022 9:40:21 AM	Microsoft-Windows-Sysmon	5	Process terminated (rule: ProcessTerminate)	S-1-5-18	Microsoft-Windows-Sysmon/Operational		Info	DESKTOP-JP20VPR	14108	3560						00000000-0000-0000-0000-000000000000	00000000-0000-0000-0000-000000000000		"Process terminated:
RuleName: -
UtcTime: 2022-01-04 14:40:21.958
ProcessGuid: {ec47ca29-5ab1-61d4-3f08-000000008600}
ProcessId: 19424
Image: C:\Windows\System32\svchost.exe
User: NT AUTHORITY\SYSTEM"
Information	1/4/2022 9:37:26 AM	Microsoft-Windows-Sysmon	5	Process terminated (rule: ProcessTerminate)	S-1-5-18	Microsoft-Windows-Sysmon/Operational		Info	DESKTOP-JP20VPR	14108	3560						00000000-0000-0000-0000-000000000000	00000000-0000-0000-0000-000000000000		"Process terminated:
RuleName: -
UtcTime: 2022-01-04 14:37:26.839
ProcessGuid: {ec47ca29-5b88-61d4-4508-000000008600}
ProcessId: 13940
Image: C:\Windows\System32\sppsvc.exe
User: NT AUTHORITY\NETWORK SERVICE"
Information	1/4/2022 9:36:56 AM	Microsoft-Windows-Sysmon	5	Process terminated (rule: ProcessTerminate)	S-1-5-18	Microsoft-Windows-Sysmon/Operational		Info	DESKTOP-JP20VPR	14108	3560						00000000-0000-0000-0000-000000000000	00000000-0000-0000-0000-000000000000		"Process terminated:
RuleName: -
UtcTime: 2022-01-04 14:36:56.811
ProcessGuid: {ec47ca29-5b88-61d4-4408-000000008600}
ProcessId: 6864
Image: C:\Windows\System32\taskhostw.exe
User: NT AUTHORITY\SYSTEM"
Information	1/4/2022 9:36:56 AM	Microsoft-Windows-Sysmon	1	Process Create (rule: ProcessCreate)	S-1-5-18	Microsoft-Windows-Sysmon/Operational		Info	DESKTOP-JP20VPR	14108	3560						00000000-0000-0000-0000-000000000000	00000000-0000-0000-0000-000000000000		"Process Create:
RuleName: -
UtcTime: 2022-01-04 14:36:56.441
ProcessGuid: {ec47ca29-5b88-61d4-4508-000000008600}
ProcessId: 13940
Image: C:\Windows\System32\sppsvc.exe
FileVersion: 10.0.19041.1415 (WinBuild.160101.0800)
Description: Microsoft Software Protection Platform Service
Product: Microsoft® Windows® Operating System
Company: Microsoft Corporation
OriginalFileName: sppsvc.exe
CommandLine: C:\Windows\system32\sppsvc.exe
CurrentDirectory: C:\Windows
User: NT AUTHORITY\NETWORK SERVICE
LogonGuid: {ec47ca29-70be-61d3-e403-000000000000}
LogonId: 0x3E4
TerminalSessionId: 0
IntegrityLevel: System
Hashes: SHA256=1905BFE26ADC74F15CD099774B5C0072E6FB28E1037A77B2B02D0D501BC43B50
ParentProcessGuid: {00000000-0000-0000-0000-000000000000}
ParentProcessId: 944
ParentImage: -
ParentCommandLine: -
ParentUser: -"
Information	1/4/2022 9:36:56 AM	Microsoft-Windows-Sysmon	1	Process Create (rule: ProcessCreate)	S-1-5-18	Microsoft-Windows-Sysmon/Operational		Info	DESKTOP-JP20VPR	14108	3560						00000000-0000-0000-0000-000000000000	00000000-0000-0000-0000-000000000000		"Process Create:
RuleName: -
UtcTime: 2022-01-04 14:36:56.019
ProcessGuid: {ec47ca29-5b88-61d4-4408-000000008600}
ProcessId: 6864
Image: C:\Windows\System32\taskhostw.exe
FileVersion: 10.0.19041.906 (WinBuild.160101.0800)
Description: Host Process for Windows Tasks
Product: Microsoft® Windows® Operating System
Company: Microsoft Corporation
OriginalFileName: taskhostw.exe
CommandLine: taskhostw.exe
CurrentDirectory: C:\Windows\system32\
User: NT AUTHORITY\SYSTEM
LogonGuid: {ec47ca29-70be-61d3-e703-000000000000}
LogonId: 0x3E7
TerminalSessionId: 0
IntegrityLevel: System
Hashes: SHA256=0322728DBCE3A577C4A13B907AD7375D27E74880B63F7371384F67D19197A0AD
ParentProcessGuid: {ec47ca29-70bf-61d3-1c00-000000008600}
ParentProcessId: 1716
ParentImage: C:\Windows\System32\svchost.exe
ParentCommandLine: C:\Windows\system32\svchost.exe -k netsvcs -p -s Schedule
ParentUser: NT AUTHORITY\SYSTEM"
Information	1/4/2022 9:36:52 AM	Microsoft-Windows-Sysmon	5	Process terminated (rule: ProcessTerminate)	S-1-5-18	Microsoft-Windows-Sysmon/Operational		Info	DESKTOP-JP20VPR	14108	3560						00000000-0000-0000-0000-000000000000	00000000-0000-0000-0000-000000000000		"Process terminated:
RuleName: -
UtcTime: 2022-01-04 14:36:52.106
ProcessGuid: {ec47ca29-5b2a-61d4-4308-000000008600}
ProcessId: 16908
Image: C:\Windows\System32\RuntimeBroker.exe
User: DESKTOP-JP20VPR\BobWe"
Information	1/4/2022 9:36:22 AM	Microsoft-Windows-Sysmon	5	Process terminated (rule: ProcessTerminate)	S-1-5-18	Microsoft-Windows-Sysmon/Operational		Info	DESKTOP-JP20VPR	14108	3560						00000000-0000-0000-0000-000000000000	00000000-0000-0000-0000-000000000000		"Process terminated:
RuleName: -
UtcTime: 2022-01-04 14:36:22.092
ProcessGuid: {ec47ca29-5b29-61d4-4108-000000008600}
ProcessId: 14472
Image: C:\Windows\System32\backgroundTaskHost.exe
User: DESKTOP-JP20VPR\BobWe"
Information	1/4/2022 9:35:22 AM	Microsoft-Windows-Sysmon	1	Process Create (rule: ProcessCreate)	S-1-5-18	Microsoft-Windows-Sysmon/Operational		Info	DESKTOP-JP20VPR	14108	3560						00000000-0000-0000-0000-000000000000	00000000-0000-0000-0000-000000000000		"Process Create:
RuleName: -
UtcTime: 2022-01-04 14:35:22.049
ProcessGuid: {ec47ca29-5b2a-61d4-4308-000000008600}
ProcessId: 16908
Image: C:\Windows\System32\RuntimeBroker.exe
FileVersion: 10.0.19041.746 (WinBuild.160101.0800)
Description: Runtime Broker
Product: Microsoft® Windows® Operating System
Company: Microsoft Corporation
OriginalFileName: RuntimeBroker.exe
CommandLine: C:\Windows\System32\RuntimeBroker.exe -Embedding
CurrentDirectory: C:\Windows\system32\
User: DESKTOP-JP20VPR\BobWe
LogonGuid: {ec47ca29-70bf-61d3-9db4-020000000000}
LogonId: 0x2B49D
TerminalSessionId: 1
IntegrityLevel: Medium
Hashes: SHA256=E86870769EE6C797E09457BD99C58D9BF2303CF0193A24EF9B1222C2C3DAF628
ParentProcessGuid: {ec47ca29-70be-61d3-0d00-000000008600}
ParentProcessId: 1056
ParentImage: C:\Windows\System32\svchost.exe
ParentCommandLine: C:\Windows\system32\svchost.exe -k DcomLaunch -p
ParentUser: NT AUTHORITY\SYSTEM"
Information	1/4/2022 9:35:21 AM	Microsoft-Windows-Sysmon	1	Process Create (rule: ProcessCreate)	S-1-5-18	Microsoft-Windows-Sysmon/Operational		Info	DESKTOP-JP20VPR	14108	3560						00000000-0000-0000-0000-000000000000	00000000-0000-0000-0000-000000000000		"Process Create:
RuleName: -
UtcTime: 2022-01-04 14:35:21.971
ProcessGuid: {ec47ca29-5b29-61d4-4208-000000008600}
ProcessId: 6832
Image: C:\Windows\System32\svchost.exe
FileVersion: 10.0.19041.546 (WinBuild.160101.0800)
Description: Host Process for Windows Services
Product: Microsoft® Windows® Operating System
Company: Microsoft Corporation
OriginalFileName: svchost.exe
CommandLine: C:\Windows\System32\svchost.exe -k wsappx -p -s ClipSVC
CurrentDirectory: C:\Windows\system32\
User: NT AUTHORITY\SYSTEM
LogonGuid: {ec47ca29-70be-61d3-e703-000000000000}
LogonId: 0x3E7
TerminalSessionId: 0
IntegrityLevel: System
Hashes: SHA256=643EC58E82E0272C97C2A59F6020970D881AF19C0AD5029DB9C958C13B6558C7
ParentProcessGuid: {00000000-0000-0000-0000-000000000000}
ParentProcessId: 944
ParentImage: -
ParentCommandLine: -
ParentUser: -"
Information	1/4/2022 9:35:21 AM	Microsoft-Windows-Sysmon	1	Process Create (rule: ProcessCreate)	S-1-5-18	Microsoft-Windows-Sysmon/Operational		Info	DESKTOP-JP20VPR	14108	3560						00000000-0000-0000-0000-000000000000	00000000-0000-0000-0000-000000000000		"Process Create:
RuleName: -
UtcTime: 2022-01-04 14:35:21.963
ProcessGuid: {ec47ca29-5b29-61d4-4108-000000008600}
ProcessId: 14472
Image: C:\Windows\System32\backgroundTaskHost.exe
FileVersion: 10.0.19041.546 (WinBuild.160101.0800)
Description: Background Task Host
Product: Microsoft® Windows® Operating System
Company: Microsoft Corporation
OriginalFileName: backgroundTaskHost.exe
CommandLine: ""C:\Windows\system32\backgroundTaskHost.exe"" -ServerName:Microsoft.MicrosoftOfficeHub.AppX54h2e8jwdm50fj5ha8987vz1etpx7czd.mca
CurrentDirectory: C:\Program Files\WindowsApps\Microsoft.MicrosoftOfficeHub_18.2110.13110.0_x64__8wekyb3d8bbwe\
User: DESKTOP-JP20VPR\BobWe
LogonGuid: {ec47ca29-70bf-61d3-9db4-020000000000}
LogonId: 0x2B49D
TerminalSessionId: 1
IntegrityLevel: AppContainer
Hashes: SHA256=20330D3CA71D58F4AEB432676CB6A3D5B97005954E45132FB083E90782EFDD50
ParentProcessGuid: {ec47ca29-70be-61d3-0d00-000000008600}
ParentProcessId: 1056
ParentImage: C:\Windows\System32\svchost.exe
ParentCommandLine: C:\Windows\system32\svchost.exe -k DcomLaunch -p
ParentUser: NT AUTHORITY\SYSTEM"
Information	1/4/2022 9:34:22 AM	Microsoft-Windows-Sysmon	5	Process terminated (rule: ProcessTerminate)	S-1-5-18	Microsoft-Windows-Sysmon/Operational		Info	DESKTOP-JP20VPR	14108	3560						00000000-0000-0000-0000-000000000000	00000000-0000-0000-0000-000000000000		"Process terminated:
RuleName: -
UtcTime: 2022-01-04 14:34:22.229
ProcessGuid: {ec47ca29-5ab2-61d4-4008-000000008600}
ProcessId: 9892
Image: C:\Windows\System32\backgroundTaskHost.exe
User: DESKTOP-JP20VPR\BobWe"
Information	1/4/2022 9:33:22 AM	Microsoft-Windows-Sysmon	1	Process Create (rule: ProcessCreate)	S-1-5-18	Microsoft-Windows-Sysmon/Operational		Info	DESKTOP-JP20VPR	14108	3560						00000000-0000-0000-0000-000000000000	00000000-0000-0000-0000-000000000000		"Process Create:
RuleName: -
UtcTime: 2022-01-04 14:33:22.033
ProcessGuid: {ec47ca29-5ab2-61d4-4008-000000008600}
ProcessId: 9892
Image: C:\Windows\System32\backgroundTaskHost.exe
FileVersion: 10.0.19041.546 (WinBuild.160101.0800)
Description: Background Task Host
Product: Microsoft® Windows® Operating System
Company: Microsoft Corporation
OriginalFileName: backgroundTaskHost.exe
CommandLine: ""C:\Windows\system32\backgroundTaskHost.exe"" -ServerName:CortanaUI.AppX3bn25b6f886wmg6twh46972vprk9tnbf.mca
CurrentDirectory: C:\Windows\SystemApps\Microsoft.Windows.Search_cw5n1h2txyewy\
User: DESKTOP-JP20VPR\BobWe
LogonGuid: {ec47ca29-70bf-61d3-9db4-020000000000}
LogonId: 0x2B49D
TerminalSessionId: 1
IntegrityLevel: AppContainer
Hashes: SHA256=20330D3CA71D58F4AEB432676CB6A3D5B97005954E45132FB083E90782EFDD50
ParentProcessGuid: {ec47ca29-70be-61d3-0d00-000000008600}
ParentProcessId: 1056
ParentImage: C:\Windows\System32\svchost.exe
ParentCommandLine: C:\Windows\system32\svchost.exe -k DcomLaunch -p
ParentUser: NT AUTHORITY\SYSTEM"
Information	1/4/2022 9:33:21 AM	Microsoft-Windows-Sysmon	1	Process Create (rule: ProcessCreate)	S-1-5-18	Microsoft-Windows-Sysmon/Operational		Info	DESKTOP-JP20VPR	14108	3560						00000000-0000-0000-0000-000000000000	00000000-0000-0000-0000-000000000000		"Process Create:
RuleName: -
UtcTime: 2022-01-04 14:33:21.950
ProcessGuid: {ec47ca29-5ab1-61d4-3f08-000000008600}
ProcessId: 19424
Image: C:\Windows\System32\svchost.exe
FileVersion: 10.0.19041.546 (WinBuild.160101.0800)
Description: Host Process for Windows Services
Product: Microsoft® Windows® Operating System
Company: Microsoft Corporation
OriginalFileName: svchost.exe
CommandLine: C:\Windows\system32\svchost.exe -k wsappx -p -s AppXSvc
CurrentDirectory: C:\Windows\system32\
User: NT AUTHORITY\SYSTEM
LogonGuid: {ec47ca29-70be-61d3-e703-000000000000}
LogonId: 0x3E7
TerminalSessionId: 0
IntegrityLevel: System
Hashes: SHA256=643EC58E82E0272C97C2A59F6020970D881AF19C0AD5029DB9C958C13B6558C7
ParentProcessGuid: {00000000-0000-0000-0000-000000000000}
ParentProcessId: 944
ParentImage: -
ParentCommandLine: -
ParentUser: -"
Information	1/4/2022 9:29:31 AM	Microsoft-Windows-Sysmon	5	Process terminated (rule: ProcessTerminate)	S-1-5-18	Microsoft-Windows-Sysmon/Operational		Info	DESKTOP-JP20VPR	14108	3560						00000000-0000-0000-0000-000000000000	00000000-0000-0000-0000-000000000000		"Process terminated:
RuleName: -
UtcTime: 2022-01-04 14:29:31.729
ProcessGuid: {ec47ca29-58db-61d4-3c08-000000008600}
ProcessId: 2092
Image: C:\Windows\System32\svchost.exe
User: NT AUTHORITY\SYSTEM"
Information	1/4/2022 9:28:21 AM	Microsoft-Windows-Sysmon	5	Process terminated (rule: ProcessTerminate)	S-1-5-18	Microsoft-Windows-Sysmon/Operational		Info	DESKTOP-JP20VPR	14108	3560						00000000-0000-0000-0000-000000000000	00000000-0000-0000-0000-000000000000		"Process terminated:
RuleName: -
UtcTime: 2022-01-04 14:28:21.873
ProcessGuid: {ec47ca29-57a5-61d4-3608-000000008600}
ProcessId: 10608
Image: C:\Windows\System32\svchost.exe
User: NT AUTHORITY\SYSTEM"
Information	1/4/2022 9:26:22 AM	Microsoft-Windows-Sysmon	5	Process terminated (rule: ProcessTerminate)	S-1-5-18	Microsoft-Windows-Sysmon/Operational		Info	DESKTOP-JP20VPR	14108	3560						00000000-0000-0000-0000-000000000000	00000000-0000-0000-0000-000000000000		"Process terminated:
RuleName: -
UtcTime: 2022-01-04 14:26:22.157
ProcessGuid: {ec47ca29-57a5-61d4-3808-000000008600}
ProcessId: 13236
Image: C:\Windows\System32\svchost.exe
User: NT AUTHORITY\SYSTEM"
Information	1/4/2022 9:25:52 AM	Microsoft-Windows-Sysmon	5	Process terminated (rule: ProcessTerminate)	S-1-5-18	Microsoft-Windows-Sysmon/Operational		Info	DESKTOP-JP20VPR	14108	3560						00000000-0000-0000-0000-000000000000	00000000-0000-0000-0000-000000000000		"Process terminated:
RuleName: -
UtcTime: 2022-01-04 14:25:52.165
ProcessGuid: {ec47ca29-58e6-61d4-3e08-000000008600}
ProcessId: 280
Image: C:\Program Files (x86)\Microsoft\Edge\Application\96.0.1054.62\identity_helper.exe
User: DESKTOP-JP20VPR\BobWe"
Information	1/4/2022 9:25:42 AM	Microsoft-Windows-Sysmon	1	Process Create (rule: ProcessCreate)	S-1-5-18	Microsoft-Windows-Sysmon/Operational		Info	DESKTOP-JP20VPR	14108	3560						00000000-0000-0000-0000-000000000000	00000000-0000-0000-0000-000000000000		"Process Create:
RuleName: -
UtcTime: 2022-01-04 14:25:42.015
ProcessGuid: {ec47ca29-58e6-61d4-3e08-000000008600}
ProcessId: 280
Image: C:\Program Files (x86)\Microsoft\Edge\Application\96.0.1054.62\identity_helper.exe
FileVersion: 96.0.1054.62
Description: PWA Identity Proxy Host
Product: Microsoft Edge
Company: Microsoft Corporation
OriginalFileName: identity_helper.exe
CommandLine: ""C:\Program Files (x86)\Microsoft\Edge\Application\96.0.1054.62\identity_helper.exe"" --type=utility --utility-sub-type=winrt_app_id.mojom.WinrtAppIdService --field-trial-handle=2308,14150179790966226464,16948066822318633601,131072 --lang=en-US --service-sandbox-type=none --mojo-platform-channel-handle=4928 /prefetch:8
CurrentDirectory: C:\Program Files (x86)\Microsoft\Edge\Application\96.0.1054.62\
User: DESKTOP-JP20VPR\BobWe
LogonGuid: {ec47ca29-70bf-61d3-9db4-020000000000}
LogonId: 0x2B49D
TerminalSessionId: 1
IntegrityLevel: Medium
Hashes: SHA256=7914D38736F3CE4F89432E15816711FFFDFD9002FA50CE7205C1176AF9142AB4
ParentProcessGuid: {ec47ca29-70db-61d3-4801-000000008600}
ParentProcessId: 11916
ParentImage: C:\Program Files (x86)\Microsoft\Edge\Application\msedge.exe
ParentCommandLine: ""C:\Program Files (x86)\Microsoft\Edge\Application\msedge.exe"" --no-startup-window --win-session-start /prefetch:5
ParentUser: DESKTOP-JP20VPR\BobWe"
Information	1/4/2022 9:25:42 AM	Microsoft-Windows-Sysmon	5	Process terminated (rule: ProcessTerminate)	S-1-5-18	Microsoft-Windows-Sysmon/Operational		Info	DESKTOP-JP20VPR	14108	3560						00000000-0000-0000-0000-000000000000	00000000-0000-0000-0000-000000000000		"Process terminated:
RuleName: -
UtcTime: 2022-01-04 14:25:42.008
ProcessGuid: {ec47ca29-58e5-61d4-3d08-000000008600}
ProcessId: 18900
Image: C:\Program Files (x86)\Microsoft\Edge\Application\96.0.1054.62\identity_helper.exe
User: DESKTOP-JP20VPR\BobWe"
Information	1/4/2022 9:25:42 AM	Microsoft-Windows-Sysmon	1	Process Create (rule: ProcessCreate)	S-1-5-18	Microsoft-Windows-Sysmon/Operational		Info	DESKTOP-JP20VPR	14108	3560						00000000-0000-0000-0000-000000000000	00000000-0000-0000-0000-000000000000		"Process Create:
RuleName: -
UtcTime: 2022-01-04 14:25:41.998
ProcessGuid: {ec47ca29-58e5-61d4-3d08-000000008600}
ProcessId: 18900
Image: C:\Program Files (x86)\Microsoft\Edge\Application\96.0.1054.62\identity_helper.exe
FileVersion: 96.0.1054.62
Description: PWA Identity Proxy Host
Product: Microsoft Edge
Company: Microsoft Corporation
OriginalFileName: identity_helper.exe
CommandLine: ""C:\Program Files (x86)\Microsoft\Edge\Application\96.0.1054.62\identity_helper.exe"" --type=utility --utility-sub-type=winrt_app_id.mojom.WinrtAppIdService --field-trial-handle=2308,14150179790966226464,16948066822318633601,131072 --lang=en-US --service-sandbox-type=none --mojo-platform-channel-handle=4928 /prefetch:8
CurrentDirectory: C:\Program Files (x86)\Microsoft\Edge\Application\96.0.1054.62\
User: DESKTOP-JP20VPR\BobWe
LogonGuid: {ec47ca29-70bf-61d3-9db4-020000000000}
LogonId: 0x2B49D
TerminalSessionId: 1
IntegrityLevel: Medium
Hashes: SHA256=7914D38736F3CE4F89432E15816711FFFDFD9002FA50CE7205C1176AF9142AB4
ParentProcessGuid: {ec47ca29-70db-61d3-4801-000000008600}
ParentProcessId: 11916
ParentImage: C:\Program Files (x86)\Microsoft\Edge\Application\msedge.exe
ParentCommandLine: ""C:\Program Files (x86)\Microsoft\Edge\Application\msedge.exe"" --no-startup-window --win-session-start /prefetch:5
ParentUser: DESKTOP-JP20VPR\BobWe"
Information	1/4/2022 9:25:31 AM	Microsoft-Windows-Sysmon	1	Process Create (rule: ProcessCreate)	S-1-5-18	Microsoft-Windows-Sysmon/Operational		Info	DESKTOP-JP20VPR	14108	3560						00000000-0000-0000-0000-000000000000	00000000-0000-0000-0000-000000000000		"Process Create:
RuleName: -
UtcTime: 2022-01-04 14:25:31.751
ProcessGuid: {ec47ca29-58db-61d4-3c08-000000008600}
ProcessId: 2092
Image: C:\Windows\System32\svchost.exe
FileVersion: 10.0.19041.546 (WinBuild.160101.0800)
Description: Host Process for Windows Services
Product: Microsoft® Windows® Operating System
Company: Microsoft Corporation
OriginalFileName: svchost.exe
CommandLine: C:\Windows\system32\svchost.exe -k netsvcs -p -s wlidsvc
CurrentDirectory: C:\Windows\system32\
User: NT AUTHORITY\SYSTEM
LogonGuid: {ec47ca29-70be-61d3-e703-000000000000}
LogonId: 0x3E7
TerminalSessionId: 0
IntegrityLevel: System
Hashes: SHA256=643EC58E82E0272C97C2A59F6020970D881AF19C0AD5029DB9C958C13B6558C7
ParentProcessGuid: {00000000-0000-0000-0000-000000000000}
ParentProcessId: 944
ParentImage: -
ParentCommandLine: -
ParentUser: -"
Information	1/4/2022 9:24:23 AM	Microsoft-Windows-Sysmon	5	Process terminated (rule: ProcessTerminate)	S-1-5-18	Microsoft-Windows-Sysmon/Operational		Info	DESKTOP-JP20VPR	14108	3560						00000000-0000-0000-0000-000000000000	00000000-0000-0000-0000-000000000000		"Process terminated:
RuleName: -
UtcTime: 2022-01-04 14:24:23.582
ProcessGuid: {ec47ca29-5859-61d4-3a08-000000008600}
ProcessId: 6480
Image: C:\Windows\System32\backgroundTaskHost.exe
User: DESKTOP-JP20VPR\BobWe"
Information	1/4/2022 9:24:02 AM	Microsoft-Windows-Sysmon	5	Process terminated (rule: ProcessTerminate)	S-1-5-18	Microsoft-Windows-Sysmon/Operational		Info	DESKTOP-JP20VPR	14108	3560						00000000-0000-0000-0000-000000000000	00000000-0000-0000-0000-000000000000		"Process terminated:
RuleName: -
UtcTime: 2022-01-04 14:24:02.735
ProcessGuid: {ec47ca29-5882-61d4-3b08-000000008600}
ProcessId: 3140
Image: C:\Program Files (x86)\Microsoft\EdgeUpdate\MicrosoftEdgeUpdate.exe
User: NT AUTHORITY\SYSTEM"
Information	1/4/2022 9:24:02 AM	Microsoft-Windows-Sysmon	1	Process Create (rule: ProcessCreate)	S-1-5-18	Microsoft-Windows-Sysmon/Operational		Info	DESKTOP-JP20VPR	14108	3560						00000000-0000-0000-0000-000000000000	00000000-0000-0000-0000-000000000000		"Process Create:
RuleName: -
UtcTime: 2022-01-04 14:24:02.643
ProcessGuid: {ec47ca29-5882-61d4-3b08-000000008600}
ProcessId: 3140
Image: C:\Program Files (x86)\Microsoft\EdgeUpdate\MicrosoftEdgeUpdate.exe
FileVersion: 1.3.119.43
Description: Microsoft Edge Update
Product: Microsoft Edge Update
Company: Microsoft Corporation
OriginalFileName: msedgeupdate.dll
CommandLine: ""C:\Program Files (x86)\Microsoft\EdgeUpdate\MicrosoftEdgeUpdate.exe"" /ua /installsource scheduler
CurrentDirectory: C:\Windows\system32\
User: NT AUTHORITY\SYSTEM
LogonGuid: {ec47ca29-70be-61d3-e703-000000000000}
LogonId: 0x3E7
TerminalSessionId: 0
IntegrityLevel: System
Hashes: SHA256=7209D144D97CA57288E829FB5F026B5C4576433AAA7F5FB0ADC6504A33B21656
ParentProcessGuid: {ec47ca29-70bf-61d3-1c00-000000008600}
ParentProcessId: 1716
ParentImage: C:\Windows\System32\svchost.exe
ParentCommandLine: C:\Windows\system32\svchost.exe -k netsvcs -p -s Schedule
ParentUser: NT AUTHORITY\SYSTEM"
Information	1/4/2022 9:23:21 AM	Microsoft-Windows-Sysmon	1	Process Create (rule: ProcessCreate)	S-1-5-18	Microsoft-Windows-Sysmon/Operational		Info	DESKTOP-JP20VPR	14108	3560						00000000-0000-0000-0000-000000000000	00000000-0000-0000-0000-000000000000		"Process Create:
RuleName: -
UtcTime: 2022-01-04 14:23:21.872
ProcessGuid: {ec47ca29-5859-61d4-3a08-000000008600}
ProcessId: 6480
Image: C:\Windows\System32\backgroundTaskHost.exe
FileVersion: 10.0.19041.546 (WinBuild.160101.0800)
Description: Background Task Host
Product: Microsoft® Windows® Operating System
Company: Microsoft Corporation
OriginalFileName: backgroundTaskHost.exe
CommandLine: ""C:\Windows\system32\backgroundTaskHost.exe"" -ServerName:ShellFeedsUI.AppXnj65k2d1a1rnztt2t2nng5ctmk3e76pn.mca
CurrentDirectory: C:\Windows\SystemApps\Microsoft.Windows.Search_cw5n1h2txyewy\
User: DESKTOP-JP20VPR\BobWe
LogonGuid: {ec47ca29-70bf-61d3-9db4-020000000000}
LogonId: 0x2B49D
TerminalSessionId: 1
IntegrityLevel: AppContainer
Hashes: SHA256=20330D3CA71D58F4AEB432676CB6A3D5B97005954E45132FB083E90782EFDD50
ParentProcessGuid: {ec47ca29-70be-61d3-0d00-000000008600}
ParentProcessId: 1056
ParentImage: C:\Windows\System32\svchost.exe
ParentCommandLine: C:\Windows\system32\svchost.exe -k DcomLaunch -p
ParentUser: NT AUTHORITY\SYSTEM"
Information	1/4/2022 9:21:52 AM	Microsoft-Windows-Sysmon	5	Process terminated (rule: ProcessTerminate)	S-1-5-18	Microsoft-Windows-Sysmon/Operational		Info	DESKTOP-JP20VPR	14108	3560						00000000-0000-0000-0000-000000000000	00000000-0000-0000-0000-000000000000		"Process terminated:
RuleName: -
UtcTime: 2022-01-04 14:21:52.131
ProcessGuid: {ec47ca29-57a6-61d4-3908-000000008600}
ProcessId: 13364
Image: C:\Windows\System32\RuntimeBroker.exe
User: DESKTOP-JP20VPR\BobWe"
Information	1/4/2022 9:21:22 AM	Microsoft-Windows-Sysmon	5	Process terminated (rule: ProcessTerminate)	S-1-5-18	Microsoft-Windows-Sysmon/Operational		Info	DESKTOP-JP20VPR	14108	3560						00000000-0000-0000-0000-000000000000	00000000-0000-0000-0000-000000000000		"Process terminated:
RuleName: -
UtcTime: 2022-01-04 14:21:22.122
ProcessGuid: {ec47ca29-57a5-61d4-3708-000000008600}
ProcessId: 18516
Image: C:\Windows\System32\backgroundTaskHost.exe
User: DESKTOP-JP20VPR\BobWe"
Information	1/4/2022 9:20:22 AM	Microsoft-Windows-Sysmon	1	Process Create (rule: ProcessCreate)	S-1-5-18	Microsoft-Windows-Sysmon/Operational		Info	DESKTOP-JP20VPR	14108	3560						00000000-0000-0000-0000-000000000000	00000000-0000-0000-0000-000000000000		"Process Create:
RuleName: -
UtcTime: 2022-01-04 14:20:22.078
ProcessGuid: {ec47ca29-57a6-61d4-3908-000000008600}
ProcessId: 13364
Image: C:\Windows\System32\RuntimeBroker.exe
FileVersion: 10.0.19041.746 (WinBuild.160101.0800)
Description: Runtime Broker
Product: Microsoft® Windows® Operating System
Company: Microsoft Corporation
OriginalFileName: RuntimeBroker.exe
CommandLine: C:\Windows\System32\RuntimeBroker.exe -Embedding
CurrentDirectory: C:\Windows\system32\
User: DESKTOP-JP20VPR\BobWe
LogonGuid: {ec47ca29-70bf-61d3-9db4-020000000000}
LogonId: 0x2B49D
TerminalSessionId: 1
IntegrityLevel: Medium
Hashes: SHA256=E86870769EE6C797E09457BD99C58D9BF2303CF0193A24EF9B1222C2C3DAF628
ParentProcessGuid: {ec47ca29-70be-61d3-0d00-000000008600}
ParentProcessId: 1056
ParentImage: C:\Windows\System32\svchost.exe
ParentCommandLine: C:\Windows\system32\svchost.exe -k DcomLaunch -p
ParentUser: NT AUTHORITY\SYSTEM"
