<Event xmlns='http://schemas.microsoft.com/win/2004/08/events/event'><System><Provider Name='Microsoft-Windows-Sysmon' Guid='{5770385f-c22a-43e0-bf4c-06f5698ffbd9}'/><EventID>1</EventID><Version>5</Version><Level>4</Level><Task>1</Task><Opcode>0</Opcode><Keywords>0x8000000000000000</Keywords><TimeCreated SystemTime='2022-01-04T05:55:54.2377257Z'/><EventRecordID>1744</EventRecordID><Correlation/><Execution ProcessID='14108' ThreadID='3560'/><Channel>Microsoft-Windows-Sysmon/Operational</Channel><Computer>DESKTOP-JP20VPR</Computer><Security UserID='S-1-5-18'/></System><EventData><Data Name='RuleName'>-</Data><Data Name='UtcTime'>2022-01-04 05:55:54.221</Data><Data Name='ProcessGuid'>{ec47ca29-e16a-61d3-5c06-000000008600}</Data><Data Name='ProcessId'>17128</Data><Data Name='Image'>C:\Windows\System32\cmd.exe</Data><Data Name='FileVersion'>10.0.19041.746 (WinBuild.160101.0800)</Data><Data Name='Description'>Windows Command Processor</Data><Data Name='Product'>Microsoft® Windows® Operating System</Data><Data Name='Company'>Microsoft Corporation</Data><Data Name='OriginalFileName'>Cmd.Exe</Data><Data Name='CommandLine'>"cmd.exe" /C netstat.exe -n -o -a -p UDP | findstr /c:":49318 "</Data><Data Name='CurrentDirectory'>C:\Windows\system32\</Data><Data Name='User'>DESKTOP-JP20VPR\BobWe</Data><Data Name='LogonGuid'>{ec47ca29-70bf-61d3-7aae-020000000000}</Data><Data Name='LogonId'>0x2ae7a</Data><Data Name='TerminalSessionId'>1</Data><Data Name='IntegrityLevel'>High</Data><Data Name='Hashes'>SHA256=B99D61D874728EDC0918CA0EB10EAB93D381E7367E377406E65963366C874450</Data><Data Name='ParentProcessGuid'>{ec47ca29-70c9-61d3-e300-000000008600}</Data><Data Name='ParentProcessId'>8320</Data><Data Name='ParentImage'>C:\Program Files (x86)\ASUS\GameFirst\GameTurbo.exe</Data><Data Name='ParentCommandLine'>"C:\Program Files (x86)\ASUS\GameFirst\\GameTurbo.exe" /min /autostart</Data><Data Name='ParentUser'>DESKTOP-JP20VPR\BobWe</Data></EventData></Event><Event xmlns='http://schemas.microsoft.com/win/2004/08/events/event'><System><Provider Name='Microsoft-Windows-Sysmon' Guid='{5770385f-c22a-43e0-bf4c-06f5698ffbd9}'/><EventID>5</EventID><Version>3</Version><Level>4</Level><Task>5</Task><Opcode>0</Opcode><Keywords>0x8000000000000000</Keywords><TimeCreated SystemTime='2022-01-04T05:55:51.8616854Z'/><EventRecordID>1743</EventRecordID><Correlation/><Execution ProcessID='14108' ThreadID='3560'/><Channel>Microsoft-Windows-Sysmon/Operational</Channel><Computer>DESKTOP-JP20VPR</Computer><Security UserID='S-1-5-18'/></System><EventData><Data Name='RuleName'>-</Data><Data Name='UtcTime'>2022-01-04 05:55:51.861</Data><Data Name='ProcessGuid'>{ec47ca29-e15d-61d3-5b06-000000008600}</Data><Data Name='ProcessId'>8360</Data><Data Name='Image'>C:\Program Files (x86)\Microsoft\Edge\Application\96.0.1054.62\identity_helper.exe</Data><Data Name='User'>DESKTOP-JP20VPR\BobWe</Data></EventData></Event><Event xmlns='http://schemas.microsoft.com/win/2004/08/events/event'><System><Provider Name='Microsoft-Windows-Sysmon' Guid='{5770385f-c22a-43e0-bf4c-06f5698ffbd9}'/><EventID>1</EventID><Version>5</Version><Level>4</Level><Task>1</Task><Opcode>0</Opcode><Keywords>0x8000000000000000</Keywords><TimeCreated SystemTime='2022-01-04T05:55:41.7211819Z'/><EventRecordID>1742</EventRecordID><Correlation/><Execution ProcessID='14108' ThreadID='3560'/><Channel>Microsoft-Windows-Sysmon/Operational</Channel><Computer>DESKTOP-JP20VPR</Computer><Security UserID='S-1-5-18'/></System><EventData><Data Name='RuleName'>-</Data><Data Name='UtcTime'>2022-01-04 05:55:41.716</Data><Data Name='ProcessGuid'>{ec47ca29-e15d-61d3-5b06-000000008600}</Data><Data Name='ProcessId'>8360</Data><Data Name='Image'>C:\Program Files (x86)\Microsoft\Edge\Application\96.0.1054.62\identity_helper.exe</Data><Data Name='FileVersion'>96.0.1054.62</Data><Data Name='Description'>PWA Identity Proxy Host</Data><Data Name='Product'>Microsoft Edge</Data><Data Name='Company'>Microsoft Corporation</Data><Data Name='OriginalFileName'>identity_helper.exe</Data><Data Name='CommandLine'>"C:\Program Files (x86)\Microsoft\Edge\Application\96.0.1054.62\identity_helper.exe" --type=utility --utility-sub-type=winrt_app_id.mojom.WinrtAppIdService --field-trial-handle=2308,14150179790966226464,16948066822318633601,131072 --lang=en-US --service-sandbox-type=none --mojo-platform-channel-handle=5228 /prefetch:8</Data><Data Name='CurrentDirectory'>C:\Program Files (x86)\Microsoft\Edge\Application\96.0.1054.62\</Data><Data Name='User'>DESKTOP-JP20VPR\BobWe</Data><Data Name='LogonGuid'>{ec47ca29-70bf-61d3-9db4-020000000000}</Data><Data Name='LogonId'>0x2b49d</Data><Data Name='TerminalSessionId'>1</Data><Data Name='IntegrityLevel'>Medium</Data><Data Name='Hashes'>SHA256=7914D38736F3CE4F89432E15816711FFFDFD9002FA50CE7205C1176AF9142AB4</Data><Data Name='ParentProcessGuid'>{ec47ca29-70db-61d3-4801-000000008600}</Data><Data Name='ParentProcessId'>11916</Data><Data Name='ParentImage'>C:\Program Files (x86)\Microsoft\Edge\Application\msedge.exe</Data><Data Name='ParentCommandLine'>"C:\Program Files (x86)\Microsoft\Edge\Application\msedge.exe" --no-startup-window --win-session-start /prefetch:5</Data><Data Name='ParentUser'>DESKTOP-JP20VPR\BobWe</Data></EventData></Event><Event xmlns='http://schemas.microsoft.com/win/2004/08/events/event'><System><Provider Name='Microsoft-Windows-Sysmon' Guid='{5770385f-c22a-43e0-bf4c-06f5698ffbd9}'/><EventID>5</EventID><Version>3</Version><Level>4</Level><Task>5</Task><Opcode>0</Opcode><Keywords>0x8000000000000000</Keywords><TimeCreated SystemTime='2022-01-04T05:55:41.7099022Z'/><EventRecordID>1741</EventRecordID><Correlation/><Execution ProcessID='14108' ThreadID='3560'/><Channel>Microsoft-Windows-Sysmon/Operational</Channel><Computer>DESKTOP-JP20VPR</Computer><Security UserID='S-1-5-18'/></System><EventData><Data Name='RuleName'>-</Data><Data Name='UtcTime'>2022-01-04 05:55:41.709</Data><Data Name='ProcessGuid'>{ec47ca29-e15d-61d3-5a06-000000008600}</Data><Data Name='ProcessId'>4940</Data><Data Name='Image'>C:\Program Files (x86)\Microsoft\Edge\Application\96.0.1054.62\identity_helper.exe</Data><Data Name='User'>DESKTOP-JP20VPR\BobWe</Data></EventData></Event><Event xmlns='http://schemas.microsoft.com/win/2004/08/events/event'><System><Provider Name='Microsoft-Windows-Sysmon' Guid='{5770385f-c22a-43e0-bf4c-06f5698ffbd9}'/><EventID>1</EventID><Version>5</Version><Level>4</Level><Task>1</Task><Opcode>0</Opcode><Keywords>0x8000000000000000</Keywords><TimeCreated SystemTime='2022-01-04T05:55:41.7033783Z'/><EventRecordID>1740</EventRecordID><Correlation/><Execution ProcessID='14108' ThreadID='3560'/><Channel>Microsoft-Windows-Sysmon/Operational</Channel><Computer>DESKTOP-JP20VPR</Computer><Security UserID='S-1-5-18'/></System><EventData><Data Name='RuleName'>-</Data><Data Name='UtcTime'>2022-01-04 05:55:41.698</Data><Data Name='ProcessGuid'>{ec47ca29-e15d-61d3-5a06-000000008600}</Data><Data Name='ProcessId'>4940</Data><Data Name='Image'>C:\Program Files (x86)\Microsoft\Edge\Application\96.0.1054.62\identity_helper.exe</Data><Data Name='FileVersion'>96.0.1054.62</Data><Data Name='Description'>PWA Identity Proxy Host</Data><Data Name='Product'>Microsoft Edge</Data><Data Name='Company'>Microsoft Corporation</Data><Data Name='OriginalFileName'>identity_helper.exe</Data><Data Name='CommandLine'>"C:\Program Files (x86)\Microsoft\Edge\Application\96.0.1054.62\identity_helper.exe" --type=utility --utility-sub-type=winrt_app_id.mojom.WinrtAppIdService --field-trial-handle=2308,14150179790966226464,16948066822318633601,131072 --lang=en-US --service-sandbox-type=none --mojo-platform-channel-handle=5228 /prefetch:8</Data><Data Name='CurrentDirectory'>C:\Program Files (x86)\Microsoft\Edge\Application\96.0.1054.62\</Data><Data Name='User'>DESKTOP-JP20VPR\BobWe</Data><Data Name='LogonGuid'>{ec47ca29-70bf-61d3-9db4-020000000000}</Data><Data Name='LogonId'>0x2b49d</Data><Data Name='TerminalSessionId'>1</Data><Data Name='IntegrityLevel'>Medium</Data><Data Name='Hashes'>SHA256=7914D38736F3CE4F89432E15816711FFFDFD9002FA50CE7205C1176AF9142AB4</Data><Data Name='ParentProcessGuid'>{ec47ca29-70db-61d3-4801-000000008600}</Data><Data Name='ParentProcessId'>11916</Data><Data Name='ParentImage'>C:\Program Files (x86)\Microsoft\Edge\Application\msedge.exe</Data><Data Name='ParentCommandLine'>"C:\Program Files (x86)\Microsoft\Edge\Application\msedge.exe" --no-startup-window --win-session-start /prefetch:5</Data><Data Name='ParentUser'>DESKTOP-JP20VPR\BobWe</Data></EventData></Event><Event xmlns='http://schemas.microsoft.com/win/2004/08/events/event'><System><Provider Name='Microsoft-Windows-Sysmon' Guid='{5770385f-c22a-43e0-bf4c-06f5698ffbd9}'/><EventID>5</EventID><Version>3</Version><Level>4</Level><Task>5</Task><Opcode>0</Opcode><Keywords>0x8000000000000000</Keywords><TimeCreated SystemTime='2022-01-04T05:55:40.5674462Z'/><EventRecordID>1739</EventRecordID><Correlation/><Execution ProcessID='14108' ThreadID='3560'/><Channel>Microsoft-Windows-Sysmon/Operational</Channel><Computer>DESKTOP-JP20VPR</Computer><Security UserID='S-1-5-18'/></System><EventData><Data Name='RuleName'>-</Data><Data Name='UtcTime'>2022-01-04 05:55:40.566</Data><Data Name='ProcessGuid'>{ec47ca29-e15c-61d3-5906-000000008600}</Data><Data Name='ProcessId'>9148</Data><Data Name='Image'>C:\Windows\System32\backgroundTaskHost.exe</Data><Data Name='User'>DESKTOP-JP20VPR\BobWe</Data></EventData></Event><Event xmlns='http://schemas.microsoft.com/win/2004/08/events/event'><System><Provider Name='Microsoft-Windows-Sysmon' Guid='{5770385f-c22a-43e0-bf4c-06f5698ffbd9}'/><EventID>1</EventID><Version>5</Version><Level>4</Level><Task>1</Task><Opcode>0</Opcode><Keywords>0x8000000000000000</Keywords><TimeCreated SystemTime='2022-01-04T05:55:40.4551239Z'/><EventRecordID>1738</EventRecordID><Correlation/><Execution ProcessID='14108' ThreadID='3560'/><Channel>Microsoft-Windows-Sysmon/Operational</Channel><Computer>DESKTOP-JP20VPR</Computer><Security UserID='S-1-5-18'/></System><EventData><Data Name='RuleName'>-</Data><Data Name='UtcTime'>2022-01-04 05:55:40.453</Data><Data Name='ProcessGuid'>{ec47ca29-e15c-61d3-5906-000000008600}</Data><Data Name='ProcessId'>9148</Data><Data Name='Image'>C:\Windows\System32\backgroundTaskHost.exe</Data><Data Name='FileVersion'>10.0.19041.546 (WinBuild.160101.0800)</Data><Data Name='Description'>Background Task Host</Data><Data Name='Product'>Microsoft® Windows® Operating System</Data><Data Name='Company'>Microsoft Corporation</Data><Data Name='OriginalFileName'>backgroundTaskHost.exe</Data><Data Name='CommandLine'>"C:\Windows\system32\BackgroundTaskHost.exe" -ServerName:BackgroundTaskHost.WebAccountProvider</Data><Data Name='CurrentDirectory'>C:\Windows\SystemApps\Microsoft.AAD.BrokerPlugin_cw5n1h2txyewy\</Data><Data Name='User'>DESKTOP-JP20VPR\BobWe</Data><Data Name='LogonGuid'>{ec47ca29-70bf-61d3-9db4-020000000000}</Data><Data Name='LogonId'>0x2b49d</Data><Data Name='TerminalSessionId'>1</Data><Data Name='IntegrityLevel'>AppContainer</Data><Data Name='Hashes'>SHA256=20330D3CA71D58F4AEB432676CB6A3D5B97005954E45132FB083E90782EFDD50</Data><Data Name='ParentProcessGuid'>{ec47ca29-70be-61d3-0d00-000000008600}</Data><Data Name='ParentProcessId'>1056</Data><Data Name='ParentImage'>C:\Windows\System32\svchost.exe</Data><Data Name='ParentCommandLine'>C:\Windows\system32\svchost.exe -k DcomLaunch -p</Data><Data Name='ParentUser'>NT AUTHORITY\SYSTEM</Data></EventData></Event><Event xmlns='http://schemas.microsoft.com/win/2004/08/events/event'><System><Provider Name='Microsoft-Windows-Sysmon' Guid='{5770385f-c22a-43e0-bf4c-06f5698ffbd9}'/><EventID>1</EventID><Version>5</Version><Level>4</Level><Task>1</Task><Opcode>0</Opcode><Keywords>0x8000000000000000</Keywords><TimeCreated SystemTime='2022-01-04T05:55:40.3976144Z'/><EventRecordID>1737</EventRecordID><Correlation/><Execution ProcessID='14108' ThreadID='3560'/><Channel>Microsoft-Windows-Sysmon/Operational</Channel><Computer>DESKTOP-JP20VPR</Computer><Security UserID='S-1-5-18'/></System><EventData><Data Name='RuleName'>-</Data><Data Name='UtcTime'>2022-01-04 05:55:40.395</Data><Data Name='ProcessGuid'>{ec47ca29-e15c-61d3-5806-000000008600}</Data><Data Name='ProcessId'>8872</Data><Data Name='Image'>C:\Windows\System32\svchost.exe</Data><Data Name='FileVersion'>10.0.19041.546 (WinBuild.160101.0800)</Data><Data Name='Description'>Host Process for Windows Services</Data><Data Name='Product'>Microsoft® Windows® Operating System</Data><Data Name='Company'>Microsoft Corporation</Data><Data Name='OriginalFileName'>svchost.exe</Data><Data Name='CommandLine'>C:\Windows\system32\svchost.exe -k wsappx -p -s AppXSvc</Data><Data Name='CurrentDirectory'>C:\Windows\system32\</Data><Data Name='User'>NT AUTHORITY\SYSTEM</Data><Data Name='LogonGuid'>{ec47ca29-70be-61d3-e703-000000000000}</Data><Data Name='LogonId'>0x3e7</Data><Data Name='TerminalSessionId'>0</Data><Data Name='IntegrityLevel'>System</Data><Data Name='Hashes'>SHA256=643EC58E82E0272C97C2A59F6020970D881AF19C0AD5029DB9C958C13B6558C7</Data><Data Name='ParentProcessGuid'>{00000000-0000-0000-0000-000000000000}</Data><Data Name='ParentProcessId'>944</Data><Data Name='ParentImage'>-</Data><Data Name='ParentCommandLine'>-</Data><Data Name='ParentUser'>-</Data></EventData></Event><Event xmlns='http://schemas.microsoft.com/win/2004/08/events/event'><System><Provider Name='Microsoft-Windows-Sysmon' Guid='{5770385f-c22a-43e0-bf4c-06f5698ffbd9}'/><EventID>5</EventID><Version>3</Version><Level>4</Level><Task>5</Task><Opcode>0</Opcode><Keywords>0x8000000000000000</Keywords><TimeCreated SystemTime='2022-01-04T05:55:37.3776990Z'/><EventRecordID>1736</EventRecordID><Correlation/><Execution ProcessID='14108' ThreadID='3560'/><Channel>Microsoft-Windows-Sysmon/Operational</Channel><Computer>DESKTOP-JP20VPR</Computer><Security UserID='S-1-5-18'/></System><EventData><Data Name='RuleName'>-</Data><Data Name='UtcTime'>2022-01-04 05:55:37.376</Data><Data Name='ProcessGuid'>{ec47ca29-e149-61d3-5006-000000008600}</Data><Data Name='ProcessId'>4004</Data><Data Name='Image'>C:\Windows\System32\DriverStore\FileRepository\asussci2.inf_amd64_d385bdc0d33d66f9\ASUSSoftwareManager\AsusUpdateChecker.exe</Data><Data Name='User'>DESKTOP-JP20VPR\BobWe</Data></EventData></Event><Event xmlns='http://schemas.microsoft.com/win/2004/08/events/event'><System><Provider Name='Microsoft-Windows-Sysmon' Guid='{5770385f-c22a-43e0-bf4c-06f5698ffbd9}'/><EventID>1</EventID><Version>5</Version><Level>4</Level><Task>1</Task><Opcode>0</Opcode><Keywords>0x8000000000000000</Keywords><TimeCreated SystemTime='2022-01-04T05:55:27.5186546Z'/><EventRecordID>1735</EventRecordID><Correlation/><Execution ProcessID='14108' ThreadID='3560'/><Channel>Microsoft-Windows-Sysmon/Operational</Channel><Computer>DESKTOP-JP20VPR</Computer><Security UserID='S-1-5-18'/></System><EventData><Data Name='RuleName'>-</Data><Data Name='UtcTime'>2022-01-04 05:55:27.514</Data><Data Name='ProcessGuid'>{ec47ca29-e14f-61d3-5706-000000008600}</Data><Data Name='ProcessId'>2588</Data><Data Name='Image'>C:\Windows\WinSxS\amd64_microsoft-windows-servicingstack_31bf3856ad364e35_10.0.19041.1371_none_7e1bd7147c8285b0\TiWorker.exe</Data><Data Name='FileVersion'>10.0.19041.1371 (WinBuild.160101.0800)</Data><Data Name='Description'>Windows Modules Installer Worker</Data><Data Name='Product'>Microsoft® Windows® Operating System</Data><Data Name='Company'>Microsoft Corporation</Data><Data Name='OriginalFileName'>TiWorker.exe</Data><Data Name='CommandLine'>C:\Windows\winsxs\amd64_microsoft-windows-servicingstack_31bf3856ad364e35_10.0.19041.1371_none_7e1bd7147c8285b0\TiWorker.exe -Embedding</Data><Data Name='CurrentDirectory'>C:\Windows\system32\</Data><Data Name='User'>NT AUTHORITY\SYSTEM</Data><Data Name='LogonGuid'>{ec47ca29-70be-61d3-e703-000000000000}</Data><Data Name='LogonId'>0x3e7</Data><Data Name='TerminalSessionId'>0</Data><Data Name='IntegrityLevel'>System</Data><Data Name='Hashes'>SHA256=F529760CD82CAC5DACA131CBB4851310B594DA3EC913C8187AED07DBD847D54E</Data><Data Name='ParentProcessGuid'>{ec47ca29-70be-61d3-0d00-000000008600}</Data><Data Name='ParentProcessId'>1056</Data><Data Name='ParentImage'>C:\Windows\System32\svchost.exe</Data><Data Name='ParentCommandLine'>C:\Windows\system32\svchost.exe -k DcomLaunch -p</Data><Data Name='ParentUser'>NT AUTHORITY\SYSTEM</Data></EventData></Event><Event xmlns='http://schemas.microsoft.com/win/2004/08/events/event'><System><Provider Name='Microsoft-Windows-Sysmon' Guid='{5770385f-c22a-43e0-bf4c-06f5698ffbd9}'/><EventID>1</EventID><Version>5</Version><Level>4</Level><Task>1</Task><Opcode>0</Opcode><Keywords>0x8000000000000000</Keywords><TimeCreated SystemTime='2022-01-04T05:55:27.4995351Z'/><EventRecordID>1734</EventRecordID><Correlation/><Execution ProcessID='14108' ThreadID='3560'/><Channel>Microsoft-Windows-Sysmon/Operational</Channel><Computer>DESKTOP-JP20VPR</Computer><Security UserID='S-1-5-18'/></System><EventData><Data Name='RuleName'>-</Data><Data Name='UtcTime'>2022-01-04 05:55:27.491</Data><Data Name='ProcessGuid'>{ec47ca29-e14f-61d3-5606-000000008600}</Data><Data Name='ProcessId'>13944</Data><Data Name='Image'>C:\Windows\servicing\TrustedInstaller.exe</Data><Data Name='FileVersion'>10.0.19041.1320 (WinBuild.160101.0800)</Data><Data Name='Description'>Windows Modules Installer</Data><Data Name='Product'>Microsoft® Windows® Operating System</Data><Data Name='Company'>Microsoft Corporation</Data><Data Name='OriginalFileName'>TrustedInstaller.exe</Data><Data Name='CommandLine'>C:\Windows\servicing\TrustedInstaller.exe</Data><Data Name='CurrentDirectory'>C:\Windows\system32\</Data><Data Name='User'>NT AUTHORITY\SYSTEM</Data><Data Name='LogonGuid'>{ec47ca29-70be-61d3-e703-000000000000}</Data><Data Name='LogonId'>0x3e7</Data><Data Name='TerminalSessionId'>0</Data><Data Name='IntegrityLevel'>System</Data><Data Name='Hashes'>SHA256=A5341F5D560925FB748DFC95531D620BB89C8AEAACCF189BCF8734374C508373</Data><Data Name='ParentProcessGuid'>{00000000-0000-0000-0000-000000000000}</Data><Data Name='ParentProcessId'>944</Data><Data Name='ParentImage'>-</Data><Data Name='ParentCommandLine'>-</Data><Data Name='ParentUser'>-</Data></EventData></Event><Event xmlns='http://schemas.microsoft.com/win/2004/08/events/event'><System><Provider Name='Microsoft-Windows-Sysmon' Guid='{5770385f-c22a-43e0-bf4c-06f5698ffbd9}'/><EventID>1</EventID><Version>5</Version><Level>4</Level><Task>1</Task><Opcode>0</Opcode><Keywords>0x8000000000000000</Keywords><TimeCreated SystemTime='2022-01-04T05:55:26.5714866Z'/><EventRecordID>1733</EventRecordID><Correlation/><Execution ProcessID='14108' ThreadID='3560'/><Channel>Microsoft-Windows-Sysmon/Operational</Channel><Computer>DESKTOP-JP20VPR</Computer><Security UserID='S-1-5-18'/></System><EventData><Data Name='RuleName'>-</Data><Data Name='UtcTime'>2022-01-04 05:55:26.570</Data><Data Name='ProcessGuid'>{ec47ca29-e14e-61d3-5506-000000008600}</Data><Data Name='ProcessId'>2924</Data><Data Name='Image'>C:\Windows\System32\sppsvc.exe</Data><Data Name='FileVersion'>10.0.19041.1415 (WinBuild.160101.0800)</Data><Data Name='Description'>Microsoft Software Protection Platform Service</Data><Data Name='Product'>Microsoft® Windows® Operating System</Data><Data Name='Company'>Microsoft Corporation</Data><Data Name='OriginalFileName'>sppsvc.exe</Data><Data Name='CommandLine'>C:\Windows\system32\sppsvc.exe</Data><Data Name='CurrentDirectory'>C:\Windows</Data><Data Name='User'>NT AUTHORITY\NETWORK SERVICE</Data><Data Name='LogonGuid'>{ec47ca29-70be-61d3-e403-000000000000}</Data><Data Name='LogonId'>0x3e4</Data><Data Name='TerminalSessionId'>0</Data><Data Name='IntegrityLevel'>System</Data><Data Name='Hashes'>SHA256=1905BFE26ADC74F15CD099774B5C0072E6FB28E1037A77B2B02D0D501BC43B50</Data><Data Name='ParentProcessGuid'>{00000000-0000-0000-0000-000000000000}</Data><Data Name='ParentProcessId'>944</Data><Data Name='ParentImage'>-</Data><Data Name='ParentCommandLine'>-</Data><Data Name='ParentUser'>-</Data></EventData></Event><Event xmlns='http://schemas.microsoft.com/win/2004/08/events/event'><System><Provider Name='Microsoft-Windows-Sysmon' Guid='{5770385f-c22a-43e0-bf4c-06f5698ffbd9}'/><EventID>1</EventID><Version>5</Version><Level>4</Level><Task>1</Task><Opcode>0</Opcode><Keywords>0x8000000000000000</Keywords><TimeCreated SystemTime='2022-01-04T05:55:26.1252604Z'/><EventRecordID>1732</EventRecordID><Correlation/><Execution ProcessID='14108' ThreadID='3560'/><Channel>Microsoft-Windows-Sysmon/Operational</Channel><Computer>DESKTOP-JP20VPR</Computer><Security UserID='S-1-5-18'/></System><EventData><Data Name='RuleName'>-</Data><Data Name='UtcTime'>2022-01-04 05:55:26.122</Data><Data Name='ProcessGuid'>{ec47ca29-e14e-61d3-5406-000000008600}</Data><Data Name='ProcessId'>7120</Data><Data Name='Image'>C:\Windows\System32\svchost.exe</Data><Data Name='FileVersion'>10.0.19041.546 (WinBuild.160101.0800)</Data><Data Name='Description'>Host Process for Windows Services</Data><Data Name='Product'>Microsoft® Windows® Operating System</Data><Data Name='Company'>Microsoft Corporation</Data><Data Name='OriginalFileName'>svchost.exe</Data><Data Name='CommandLine'>C:\Windows\system32\svchost.exe -k netsvcs -p -s wlidsvc</Data><Data Name='CurrentDirectory'>C:\Windows\system32\</Data><Data Name='User'>NT AUTHORITY\SYSTEM</Data><Data Name='LogonGuid'>{ec47ca29-70be-61d3-e703-000000000000}</Data><Data Name='LogonId'>0x3e7</Data><Data Name='TerminalSessionId'>0</Data><Data Name='IntegrityLevel'>System</Data><Data Name='Hashes'>SHA256=643EC58E82E0272C97C2A59F6020970D881AF19C0AD5029DB9C958C13B6558C7</Data><Data Name='ParentProcessGuid'>{00000000-0000-0000-0000-000000000000}</Data><Data Name='ParentProcessId'>944</Data><Data Name='ParentImage'>-</Data><Data Name='ParentCommandLine'>-</Data><Data Name='ParentUser'>-</Data></EventData></Event><Event xmlns='http://schemas.microsoft.com/win/2004/08/events/event'><System><Provider Name='Microsoft-Windows-Sysmon' Guid='{5770385f-c22a-43e0-bf4c-06f5698ffbd9}'/><EventID>5</EventID><Version>3</Version><Level>4</Level><Task>5</Task><Opcode>0</Opcode><Keywords>0x8000000000000000</Keywords><TimeCreated SystemTime='2022-01-04T05:55:22.4201944Z'/><EventRecordID>1731</EventRecordID><Correlation/><Execution ProcessID='14108' ThreadID='3560'/><Channel>Microsoft-Windows-Sysmon/Operational</Channel><Computer>DESKTOP-JP20VPR</Computer><Security UserID='S-1-5-18'/></System><EventData><Data Name='RuleName'>-</Data><Data Name='UtcTime'>2022-01-04 05:55:22.419</Data><Data Name='ProcessGuid'>{ec47ca29-dfa6-61d3-4506-000000008600}</Data><Data Name='ProcessId'>3060</Data><Data Name='Image'>C:\Windows\System32\svchost.exe</Data><Data Name='User'>NT AUTHORITY\SYSTEM</Data></EventData></Event><Event xmlns='http://schemas.microsoft.com/win/2004/08/events/event'><System><Provider Name='Microsoft-Windows-Sysmon' Guid='{5770385f-c22a-43e0-bf4c-06f5698ffbd9}'/><EventID>1</EventID><Version>5</Version><Level>4</Level><Task>1</Task><Opcode>0</Opcode><Keywords>0x8000000000000000</Keywords><TimeCreated SystemTime='2022-01-04T05:55:22.2166640Z'/><EventRecordID>1730</EventRecordID><Correlation/><Execution ProcessID='14108' ThreadID='3560'/><Channel>Microsoft-Windows-Sysmon/Operational</Channel><Computer>DESKTOP-JP20VPR</Computer><Security UserID='S-1-5-18'/></System><EventData><Data Name='RuleName'>-</Data><Data Name='UtcTime'>2022-01-04 05:55:22.215</Data><Data Name='ProcessGuid'>{ec47ca29-e14a-61d3-5306-000000008600}</Data><Data Name='ProcessId'>4396</Data><Data Name='Image'>C:\Windows\System32\wbem\WmiPrvSE.exe</Data><Data Name='FileVersion'>10.0.19041.546 (WinBuild.160101.0800)</Data><Data Name='Description'>WMI Provider Host</Data><Data Name='Product'>Microsoft® Windows® Operating System</Data><Data Name='Company'>Microsoft Corporation</Data><Data Name='OriginalFileName'>Wmiprvse.exe</Data><Data Name='CommandLine'>C:\Windows\system32\wbem\wmiprvse.exe -secured -Embedding</Data><Data Name='CurrentDirectory'>C:\Windows\system32\</Data><Data Name='User'>NT AUTHORITY\NETWORK SERVICE</Data><Data Name='LogonGuid'>{ec47ca29-70be-61d3-e403-000000000000}</Data><Data Name='LogonId'>0x3e4</Data><Data Name='TerminalSessionId'>0</Data><Data Name='IntegrityLevel'>System</Data><Data Name='Hashes'>SHA256=2198A7B58BCCB758036B969DDAE6CC2ECE07565E2659A7C541A313A0492231A3</Data><Data Name='ParentProcessGuid'>{ec47ca29-70be-61d3-0d00-000000008600}</Data><Data Name='ParentProcessId'>1056</Data><Data Name='ParentImage'>C:\Windows\System32\svchost.exe</Data><Data Name='ParentCommandLine'>C:\Windows\system32\svchost.exe -k DcomLaunch -p</Data><Data Name='ParentUser'>NT AUTHORITY\SYSTEM</Data></EventData></Event><Event xmlns='http://schemas.microsoft.com/win/2004/08/events/event'><System><Provider Name='Microsoft-Windows-Sysmon' Guid='{5770385f-c22a-43e0-bf4c-06f5698ffbd9}'/><EventID>1</EventID><Version>5</Version><Level>4</Level><Task>1</Task><Opcode>0</Opcode><Keywords>0x8000000000000000</Keywords><TimeCreated SystemTime='2022-01-04T05:55:22.0733796Z'/><EventRecordID>1729</EventRecordID><Correlation/><Execution ProcessID='14108' ThreadID='3560'/><Channel>Microsoft-Windows-Sysmon/Operational</Channel><Computer>DESKTOP-JP20VPR</Computer><Security UserID='S-1-5-18'/></System><EventData><Data Name='RuleName'>-</Data><Data Name='UtcTime'>2022-01-04 05:55:22.071</Data><Data Name='ProcessGuid'>{ec47ca29-e14a-61d3-5206-000000008600}</Data><Data Name='ProcessId'>7368</Data><Data Name='Image'>C:\Windows\System32\svchost.exe</Data><Data Name='FileVersion'>10.0.19041.546 (WinBuild.160101.0800)</Data><Data Name='Description'>Host Process for Windows Services</Data><Data Name='Product'>Microsoft® Windows® Operating System</Data><Data Name='Company'>Microsoft Corporation</Data><Data Name='OriginalFileName'>svchost.exe</Data><Data Name='CommandLine'>C:\Windows\system32\svchost.exe -k netsvcs -p -s wuauserv</Data><Data Name='CurrentDirectory'>C:\Windows\system32\</Data><Data Name='User'>NT AUTHORITY\SYSTEM</Data><Data Name='LogonGuid'>{ec47ca29-70be-61d3-e703-000000000000}</Data><Data Name='LogonId'>0x3e7</Data><Data Name='TerminalSessionId'>0</Data><Data Name='IntegrityLevel'>System</Data><Data Name='Hashes'>SHA256=643EC58E82E0272C97C2A59F6020970D881AF19C0AD5029DB9C958C13B6558C7</Data><Data Name='ParentProcessGuid'>{00000000-0000-0000-0000-000000000000}</Data><Data Name='ParentProcessId'>944</Data><Data Name='ParentImage'>-</Data><Data Name='ParentCommandLine'>-</Data><Data Name='ParentUser'>-</Data></EventData></Event><Event xmlns='http://schemas.microsoft.com/win/2004/08/events/event'><System><Provider Name='Microsoft-Windows-Sysmon' Guid='{5770385f-c22a-43e0-bf4c-06f5698ffbd9}'/><EventID>5</EventID><Version>3</Version><Level>4</Level><Task>5</Task><Opcode>0</Opcode><Keywords>0x8000000000000000</Keywords><TimeCreated SystemTime='2022-01-04T05:55:21.8254934Z'/><EventRecordID>1728</EventRecordID><Correlation/><Execution ProcessID='14108' ThreadID='3560'/><Channel>Microsoft-Windows-Sysmon/Operational</Channel><Computer>DESKTOP-JP20VPR</Computer><Security UserID='S-1-5-18'/></System><EventData><Data Name='RuleName'>-</Data><Data Name='UtcTime'>2022-01-04 05:55:21.825</Data><Data Name='ProcessGuid'>{ec47ca29-e149-61d3-5106-000000008600}</Data><Data Name='ProcessId'>19076</Data><Data Name='Image'>C:\Windows\System32\taskhostw.exe</Data><Data Name='User'>DESKTOP-JP20VPR\BobWe</Data></EventData></Event><Event xmlns='http://schemas.microsoft.com/win/2004/08/events/event'><System><Provider Name='Microsoft-Windows-Sysmon' Guid='{5770385f-c22a-43e0-bf4c-06f5698ffbd9}'/><EventID>1</EventID><Version>5</Version><Level>4</Level><Task>1</Task><Opcode>0</Opcode><Keywords>0x8000000000000000</Keywords><TimeCreated SystemTime='2022-01-04T05:55:21.7485207Z'/><EventRecordID>1727</EventRecordID><Correlation/><Execution ProcessID='14108' ThreadID='3560'/><Channel>Microsoft-Windows-Sysmon/Operational</Channel><Computer>DESKTOP-JP20VPR</Computer><Security UserID='S-1-5-18'/></System><EventData><Data Name='RuleName'>-</Data><Data Name='UtcTime'>2022-01-04 05:55:21.746</Data><Data Name='ProcessGuid'>{ec47ca29-e149-61d3-5106-000000008600}</Data><Data Name='ProcessId'>19076</Data><Data Name='Image'>C:\Windows\System32\taskhostw.exe</Data><Data Name='FileVersion'>10.0.19041.906 (WinBuild.160101.0800)</Data><Data Name='Description'>Host Process for Windows Tasks</Data><Data Name='Product'>Microsoft® Windows® Operating System</Data><Data Name='Company'>Microsoft Corporation</Data><Data Name='OriginalFileName'>taskhostw.exe</Data><Data Name='CommandLine'>taskhostw.exe USER</Data><Data Name='CurrentDirectory'>C:\Windows\system32\</Data><Data Name='User'>DESKTOP-JP20VPR\BobWe</Data><Data Name='LogonGuid'>{ec47ca29-70bf-61d3-9db4-020000000000}</Data><Data Name='LogonId'>0x2b49d</Data><Data Name='TerminalSessionId'>1</Data><Data Name='IntegrityLevel'>Medium</Data><Data Name='Hashes'>SHA256=0322728DBCE3A577C4A13B907AD7375D27E74880B63F7371384F67D19197A0AD</Data><Data Name='ParentProcessGuid'>{ec47ca29-70bf-61d3-1c00-000000008600}</Data><Data Name='ParentProcessId'>1716</Data><Data Name='ParentImage'>C:\Windows\System32\svchost.exe</Data><Data Name='ParentCommandLine'>C:\Windows\system32\svchost.exe -k netsvcs -p -s Schedule</Data><Data Name='ParentUser'>NT AUTHORITY\SYSTEM</Data></EventData></Event><Event xmlns='http://schemas.microsoft.com/win/2004/08/events/event'><System><Provider Name='Microsoft-Windows-Sysmon' Guid='{5770385f-c22a-43e0-bf4c-06f5698ffbd9}'/><EventID>5</EventID><Version>3</Version><Level>4</Level><Task>5</Task><Opcode>0</Opcode><Keywords>0x8000000000000000</Keywords><TimeCreated SystemTime='2022-01-04T05:55:21.6903530Z'/><EventRecordID>1726</EventRecordID><Correlation/><Execution ProcessID='14108' ThreadID='3560'/><Channel>Microsoft-Windows-Sysmon/Operational</Channel><Computer>DESKTOP-JP20VPR</Computer><Security UserID='S-1-5-18'/></System><EventData><Data Name='RuleName'>-</Data><Data Name='UtcTime'>2022-01-04 05:55:21.689</Data><Data Name='ProcessGuid'>{ec47ca29-e149-61d3-4f06-000000008600}</Data><Data Name='ProcessId'>13384</Data><Data Name='Image'>C:\Windows\System32\taskhostw.exe</Data><Data Name='User'>NT AUTHORITY\SYSTEM</Data></EventData></Event><Event xmlns='http://schemas.microsoft.com/win/2004/08/events/event'><System><Provider Name='Microsoft-Windows-Sysmon' Guid='{5770385f-c22a-43e0-bf4c-06f5698ffbd9}'/><EventID>1</EventID><Version>5</Version><Level>4</Level><Task>1</Task><Opcode>0</Opcode><Keywords>0x8000000000000000</Keywords><TimeCreated SystemTime='2022-01-04T05:55:21.6347206Z'/><EventRecordID>1725</EventRecordID><Correlation/><Execution ProcessID='14108' ThreadID='3560'/><Channel>Microsoft-Windows-Sysmon/Operational</Channel><Computer>DESKTOP-JP20VPR</Computer><Security UserID='S-1-5-18'/></System><EventData><Data Name='RuleName'>-</Data><Data Name='UtcTime'>2022-01-04 05:55:21.628</Data><Data Name='ProcessGuid'>{ec47ca29-e149-61d3-5006-000000008600}</Data><Data Name='ProcessId'>4004</Data><Data Name='Image'>C:\Windows\System32\DriverStore\FileRepository\asussci2.inf_amd64_d385bdc0d33d66f9\ASUSSoftwareManager\AsusUpdateChecker.exe</Data><Data Name='FileVersion'>1.0.28.0</Data><Data Name='Description'>ASUS Update Checker</Data><Data Name='Product'>ASUS Update Checker</Data><Data Name='Company'>ASUSTeK COMPUTER INC.</Data><Data Name='OriginalFileName'>AsusUpdateChecker.exe</Data><Data Name='CommandLine'>C:\Windows\System32\DriverStore\FileRepository\asussci2.inf_amd64_d385bdc0d33d66f9\ASUSSoftwareManager\AsusUpdateChecker.exe</Data><Data Name='CurrentDirectory'>C:\Windows\system32\</Data><Data Name='User'>DESKTOP-JP20VPR\BobWe</Data><Data Name='LogonGuid'>{ec47ca29-70bf-61d3-7aae-020000000000}</Data><Data Name='LogonId'>0x2ae7a</Data><Data Name='TerminalSessionId'>1</Data><Data Name='IntegrityLevel'>High</Data><Data Name='Hashes'>SHA256=250D981BEC690B039CCF40941E6555FCA7A8C997AC6975E00BD3C35300498E7C</Data><Data Name='ParentProcessGuid'>{ec47ca29-70bf-61d3-1c00-000000008600}</Data><Data Name='ParentProcessId'>1716</Data><Data Name='ParentImage'>C:\Windows\System32\svchost.exe</Data><Data Name='ParentCommandLine'>C:\Windows\system32\svchost.exe -k netsvcs -p -s Schedule</Data><Data Name='ParentUser'>NT AUTHORITY\SYSTEM</Data></EventData></Event><Event xmlns='http://schemas.microsoft.com/win/2004/08/events/event'><System><Provider Name='Microsoft-Windows-Sysmon' Guid='{5770385f-c22a-43e0-bf4c-06f5698ffbd9}'/><EventID>1</EventID><Version>5</Version><Level>4</Level><Task>1</Task><Opcode>0</Opcode><Keywords>0x8000000000000000</Keywords><TimeCreated SystemTime='2022-01-04T05:55:21.6306574Z'/><EventRecordID>1724</EventRecordID><Correlation/><Execution ProcessID='14108' ThreadID='3560'/><Channel>Microsoft-Windows-Sysmon/Operational</Channel><Computer>DESKTOP-JP20VPR</Computer><Security UserID='S-1-5-18'/></System><EventData><Data Name='RuleName'>-</Data><Data Name='UtcTime'>2022-01-04 05:55:21.625</Data><Data Name='ProcessGuid'>{ec47ca29-e149-61d3-4f06-000000008600}</Data><Data Name='ProcessId'>13384</Data><Data Name='Image'>C:\Windows\System32\taskhostw.exe</Data><Data Name='FileVersion'>10.0.19041.906 (WinBuild.160101.0800)</Data><Data Name='Description'>Host Process for Windows Tasks</Data><Data Name='Product'>Microsoft® Windows® Operating System</Data><Data Name='Company'>Microsoft Corporation</Data><Data Name='OriginalFileName'>taskhostw.exe</Data><Data Name='CommandLine'>taskhostw.exe SYSTEM</Data><Data Name='CurrentDirectory'>C:\Windows\system32\</Data><Data Name='User'>NT AUTHORITY\SYSTEM</Data><Data Name='LogonGuid'>{ec47ca29-70be-61d3-e703-000000000000}</Data><Data Name='LogonId'>0x3e7</Data><Data Name='TerminalSessionId'>0</Data><Data Name='IntegrityLevel'>System</Data><Data Name='Hashes'>SHA256=0322728DBCE3A577C4A13B907AD7375D27E74880B63F7371384F67D19197A0AD</Data><Data Name='ParentProcessGuid'>{ec47ca29-70bf-61d3-1c00-000000008600}</Data><Data Name='ParentProcessId'>1716</Data><Data Name='ParentImage'>C:\Windows\System32\svchost.exe</Data><Data Name='ParentCommandLine'>C:\Windows\system32\svchost.exe -k netsvcs -p -s Schedule</Data><Data Name='ParentUser'>NT AUTHORITY\SYSTEM</Data></EventData></Event><Event xmlns='http://schemas.microsoft.com/win/2004/08/events/event'><System><Provider Name='Microsoft-Windows-Sysmon' Guid='{5770385f-c22a-43e0-bf4c-06f5698ffbd9}'/><EventID>5</EventID><Version>3</Version><Level>4</Level><Task>5</Task><Opcode>0</Opcode><Keywords>0x8000000000000000</Keywords><TimeCreated SystemTime='2022-01-04T05:55:12.2039738Z'/><EventRecordID>1723</EventRecordID><Correlation/><Execution ProcessID='14108' ThreadID='3560'/><Channel>Microsoft-Windows-Sysmon/Operational</Channel><Computer>DESKTOP-JP20VPR</Computer><Security UserID='S-1-5-18'/></System><EventData><Data Name='RuleName'>-</Data><Data Name='UtcTime'>2022-01-04 05:55:12.203</Data><Data Name='ProcessGuid'>{ec47ca29-e140-61d3-4e06-000000008600}</Data><Data Name='ProcessId'>16156</Data><Data Name='Image'>C:\Windows\System32\taskhostw.exe</Data><Data Name='User'>NT AUTHORITY\SYSTEM</Data></EventData></Event><Event xmlns='http://schemas.microsoft.com/win/2004/08/events/event'><System><Provider Name='Microsoft-Windows-Sysmon' Guid='{5770385f-c22a-43e0-bf4c-06f5698ffbd9}'/><EventID>1</EventID><Version>5</Version><Level>4</Level><Task>1</Task><Opcode>0</Opcode><Keywords>0x8000000000000000</Keywords><TimeCreated SystemTime='2022-01-04T05:55:12.1887697Z'/><EventRecordID>1722</EventRecordID><Correlation/><Execution ProcessID='14108' ThreadID='3560'/><Channel>Microsoft-Windows-Sysmon/Operational</Channel><Computer>DESKTOP-JP20VPR</Computer><Security UserID='S-1-5-18'/></System><EventData><Data Name='RuleName'>-</Data><Data Name='UtcTime'>2022-01-04 05:55:12.187</Data><Data Name='ProcessGuid'>{ec47ca29-e140-61d3-4e06-000000008600}</Data><Data Name='ProcessId'>16156</Data><Data Name='Image'>C:\Windows\System32\taskhostw.exe</Data><Data Name='FileVersion'>10.0.19041.906 (WinBuild.160101.0800)</Data><Data Name='Description'>Host Process for Windows Tasks</Data><Data Name='Product'>Microsoft® Windows® Operating System</Data><Data Name='Company'>Microsoft Corporation</Data><Data Name='OriginalFileName'>taskhostw.exe</Data><Data Name='CommandLine'>taskhostw.exe</Data><Data Name='CurrentDirectory'>C:\Windows\system32\</Data><Data Name='User'>NT AUTHORITY\SYSTEM</Data><Data Name='LogonGuid'>{ec47ca29-70be-61d3-e703-000000000000}</Data><Data Name='LogonId'>0x3e7</Data><Data Name='TerminalSessionId'>0</Data><Data Name='IntegrityLevel'>System</Data><Data Name='Hashes'>SHA256=0322728DBCE3A577C4A13B907AD7375D27E74880B63F7371384F67D19197A0AD</Data><Data Name='ParentProcessGuid'>{ec47ca29-70bf-61d3-1c00-000000008600}</Data><Data Name='ParentProcessId'>1716</Data><Data Name='ParentImage'>C:\Windows\System32\svchost.exe</Data><Data Name='ParentCommandLine'>C:\Windows\system32\svchost.exe -k netsvcs -p -s Schedule</Data><Data Name='ParentUser'>NT AUTHORITY\SYSTEM</Data></EventData></Event><Event xmlns='http://schemas.microsoft.com/win/2004/08/events/event'><System><Provider Name='Microsoft-Windows-Sysmon' Guid='{5770385f-c22a-43e0-bf4c-06f5698ffbd9}'/><EventID>5</EventID><Version>3</Version><Level>4</Level><Task>5</Task><Opcode>0</Opcode><Keywords>0x8000000000000000</Keywords><TimeCreated SystemTime='2022-01-04T05:52:38.3479375Z'/><EventRecordID>1721</EventRecordID><Correlation/><Execution ProcessID='14108' ThreadID='3560'/><Channel>Microsoft-Windows-Sysmon/Operational</Channel><Computer>DESKTOP-JP20VPR</Computer><Security UserID='S-1-5-18'/></System><EventData><Data Name='RuleName'>-</Data><Data Name='UtcTime'>2022-01-04 05:52:38.347</Data><Data Name='ProcessGuid'>{ec47ca29-e0a5-61d3-4c06-000000008600}</Data><Data Name='ProcessId'>4644</Data><Data Name='Image'>C:\Program Files\Mozilla Firefox\firefox.exe</Data><Data Name='User'>DESKTOP-JP20VPR\BobWe</Data></EventData></Event><Event xmlns='http://schemas.microsoft.com/win/2004/08/events/event'><System><Provider Name='Microsoft-Windows-Sysmon' Guid='{5770385f-c22a-43e0-bf4c-06f5698ffbd9}'/><EventID>5</EventID><Version>3</Version><Level>4</Level><Task>5</Task><Opcode>0</Opcode><Keywords>0x8000000000000000</Keywords><TimeCreated SystemTime='2022-01-04T05:52:38.3316915Z'/><EventRecordID>1720</EventRecordID><Correlation/><Execution ProcessID='14108' ThreadID='3560'/><Channel>Microsoft-Windows-Sysmon/Operational</Channel><Computer>DESKTOP-JP20VPR</Computer><Security UserID='S-1-5-18'/></System><EventData><Data Name='RuleName'>-</Data><Data Name='UtcTime'>2022-01-04 05:52:38.331</Data><Data Name='ProcessGuid'>{ec47ca29-e0a5-61d3-4d06-000000008600}</Data><Data Name='ProcessId'>11412</Data><Data Name='Image'>C:\Program Files\Mozilla Firefox\firefox.exe</Data><Data Name='User'>DESKTOP-JP20VPR\BobWe</Data></EventData></Event><Event xmlns='http://schemas.microsoft.com/win/2004/08/events/event'><System><Provider Name='Microsoft-Windows-Sysmon' Guid='{5770385f-c22a-43e0-bf4c-06f5698ffbd9}'/><EventID>1</EventID><Version>5</Version><Level>4</Level><Task>1</Task><Opcode>0</Opcode><Keywords>0x8000000000000000</Keywords><TimeCreated SystemTime='2022-01-04T05:52:37.1561954Z'/><EventRecordID>1719</EventRecordID><Correlation/><Execution ProcessID='14108' ThreadID='3560'/><Channel>Microsoft-Windows-Sysmon/Operational</Channel><Computer>DESKTOP-JP20VPR</Computer><Security UserID='S-1-5-18'/></System><EventData><Data Name='RuleName'>-</Data><Data Name='UtcTime'>2022-01-04 05:52:37.151</Data><Data Name='ProcessGuid'>{ec47ca29-e0a5-61d3-4d06-000000008600}</Data><Data Name='ProcessId'>11412</Data><Data Name='Image'>C:\Program Files\Mozilla Firefox\firefox.exe</Data><Data Name='FileVersion'>95.0.2</Data><Data Name='Description'>Firefox</Data><Data Name='Product'>Firefox</Data><Data Name='Company'>Mozilla Corporation</Data><Data Name='OriginalFileName'>firefox.exe</Data><Data Name='CommandLine'>"C:\Program Files\Mozilla Firefox\firefox.exe" --MOZ_LOG sync,prependheader,timestamp,append,maxsize:1,Dump:5 --MOZ_LOG_FILE C:\ProgramData\Mozilla\updates\308046B0AF4A39CB\backgroundupdate.moz_log --backgroundtask backgroundupdate</Data><Data Name='CurrentDirectory'>C:\ProgramData\Mozilla\updates\308046B0AF4A39CB\</Data><Data Name='User'>DESKTOP-JP20VPR\BobWe</Data><Data Name='LogonGuid'>{ec47ca29-70bf-61d3-9db4-020000000000}</Data><Data Name='LogonId'>0x2b49d</Data><Data Name='TerminalSessionId'>1</Data><Data Name='IntegrityLevel'>Medium</Data><Data Name='Hashes'>SHA256=18E361D2C7C143442AC65EB33B581BFA022C943EC82205FC89C6C4D727C5E7CF</Data><Data Name='ParentProcessGuid'>{ec47ca29-e0a5-61d3-4c06-000000008600}</Data><Data Name='ParentProcessId'>4644</Data><Data Name='ParentImage'>C:\Program Files\Mozilla Firefox\firefox.exe</Data><Data Name='ParentCommandLine'>"C:\Program Files\Mozilla Firefox\firefox.exe" --MOZ_LOG sync,prependheader,timestamp,append,maxsize:1,Dump:5 --MOZ_LOG_FILE C:\ProgramData\Mozilla\updates\308046B0AF4A39CB\backgroundupdate.moz_log --backgroundtask backgroundupdate</Data><Data Name='ParentUser'>DESKTOP-JP20VPR\BobWe</Data></EventData></Event><Event xmlns='http://schemas.microsoft.com/win/2004/08/events/event'><System><Provider Name='Microsoft-Windows-Sysmon' Guid='{5770385f-c22a-43e0-bf4c-06f5698ffbd9}'/><EventID>1</EventID><Version>5</Version><Level>4</Level><Task>1</Task><Opcode>0</Opcode><Keywords>0x8000000000000000</Keywords><TimeCreated SystemTime='2022-01-04T05:52:37.1291716Z'/><EventRecordID>1718</EventRecordID><Correlation/><Execution ProcessID='14108' ThreadID='3560'/><Channel>Microsoft-Windows-Sysmon/Operational</Channel><Computer>DESKTOP-JP20VPR</Computer><Security UserID='S-1-5-18'/></System><EventData><Data Name='RuleName'>-</Data><Data Name='UtcTime'>2022-01-04 05:52:37.124</Data><Data Name='ProcessGuid'>{ec47ca29-e0a5-61d3-4c06-000000008600}</Data><Data Name='ProcessId'>4644</Data><Data Name='Image'>C:\Program Files\Mozilla Firefox\firefox.exe</Data><Data Name='FileVersion'>95.0.2</Data><Data Name='Description'>Firefox</Data><Data Name='Product'>Firefox</Data><Data Name='Company'>Mozilla Corporation</Data><Data Name='OriginalFileName'>firefox.exe</Data><Data Name='CommandLine'>"C:\Program Files\Mozilla Firefox\firefox.exe" --MOZ_LOG sync,prependheader,timestamp,append,maxsize:1,Dump:5 --MOZ_LOG_FILE C:\ProgramData\Mozilla\updates\308046B0AF4A39CB\backgroundupdate.moz_log --backgroundtask backgroundupdate</Data><Data Name='CurrentDirectory'>C:\ProgramData\Mozilla\updates\308046B0AF4A39CB\</Data><Data Name='User'>DESKTOP-JP20VPR\BobWe</Data><Data Name='LogonGuid'>{ec47ca29-70bf-61d3-9db4-020000000000}</Data><Data Name='LogonId'>0x2b49d</Data><Data Name='TerminalSessionId'>1</Data><Data Name='IntegrityLevel'>Medium</Data><Data Name='Hashes'>SHA256=18E361D2C7C143442AC65EB33B581BFA022C943EC82205FC89C6C4D727C5E7CF</Data><Data Name='ParentProcessGuid'>{ec47ca29-70bf-61d3-1c00-000000008600}</Data><Data Name='ParentProcessId'>1716</Data><Data Name='ParentImage'>C:\Windows\System32\svchost.exe</Data><Data Name='ParentCommandLine'>C:\Windows\system32\svchost.exe -k netsvcs -p -s Schedule</Data><Data Name='ParentUser'>NT AUTHORITY\SYSTEM</Data></EventData></Event><Event xmlns='http://schemas.microsoft.com/win/2004/08/events/event'><System><Provider Name='Microsoft-Windows-Sysmon' Guid='{5770385f-c22a-43e0-bf4c-06f5698ffbd9}'/><EventID>5</EventID><Version>3</Version><Level>4</Level><Task>5</Task><Opcode>0</Opcode><Keywords>0x8000000000000000</Keywords><TimeCreated SystemTime='2022-01-04T05:51:52.6232700Z'/><EventRecordID>1717</EventRecordID><Correlation/><Execution ProcessID='14108' ThreadID='3560'/><Channel>Microsoft-Windows-Sysmon/Operational</Channel><Computer>DESKTOP-JP20VPR</Computer><Security UserID='S-1-5-18'/></System><EventData><Data Name='RuleName'>-</Data><Data Name='UtcTime'>2022-01-04 05:51:52.622</Data><Data Name='ProcessGuid'>{ec47ca29-e01e-61d3-4b06-000000008600}</Data><Data Name='ProcessId'>17320</Data><Data Name='Image'>C:\Windows\System32\RuntimeBroker.exe</Data><Data Name='User'>DESKTOP-JP20VPR\BobWe</Data></EventData></Event><Event xmlns='http://schemas.microsoft.com/win/2004/08/events/event'><System><Provider Name='Microsoft-Windows-Sysmon' Guid='{5770385f-c22a-43e0-bf4c-06f5698ffbd9}'/><EventID>5</EventID><Version>3</Version><Level>4</Level><Task>5</Task><Opcode>0</Opcode><Keywords>0x8000000000000000</Keywords><TimeCreated SystemTime='2022-01-04T05:51:22.6079880Z'/><EventRecordID>1716</EventRecordID><Correlation/><Execution ProcessID='14108' ThreadID='3560'/><Channel>Microsoft-Windows-Sysmon/Operational</Channel><Computer>DESKTOP-JP20VPR</Computer><Security UserID='S-1-5-18'/></System><EventData><Data Name='RuleName'>-</Data><Data Name='UtcTime'>2022-01-04 05:51:22.607</Data><Data Name='ProcessGuid'>{ec47ca29-e01e-61d3-4a06-000000008600}</Data><Data Name='ProcessId'>17696</Data><Data Name='Image'>C:\Windows\System32\backgroundTaskHost.exe</Data><Data Name='User'>DESKTOP-JP20VPR\BobWe</Data></EventData></Event><Event xmlns='http://schemas.microsoft.com/win/2004/08/events/event'><System><Provider Name='Microsoft-Windows-Sysmon' Guid='{5770385f-c22a-43e0-bf4c-06f5698ffbd9}'/><EventID>1</EventID><Version>5</Version><Level>4</Level><Task>1</Task><Opcode>0</Opcode><Keywords>0x8000000000000000</Keywords><TimeCreated SystemTime='2022-01-04T05:50:22.5400368Z'/><EventRecordID>1715</EventRecordID><Correlation/><Execution ProcessID='14108' ThreadID='3560'/><Channel>Microsoft-Windows-Sysmon/Operational</Channel><Computer>DESKTOP-JP20VPR</Computer><Security UserID='S-1-5-18'/></System><EventData><Data Name='RuleName'>-</Data><Data Name='UtcTime'>2022-01-04 05:50:22.537</Data><Data Name='ProcessGuid'>{ec47ca29-e01e-61d3-4b06-000000008600}</Data><Data Name='ProcessId'>17320</Data><Data Name='Image'>C:\Windows\System32\RuntimeBroker.exe</Data><Data Name='FileVersion'>10.0.19041.746 (WinBuild.160101.0800)</Data><Data Name='Description'>Runtime Broker</Data><Data Name='Product'>Microsoft® Windows® Operating System</Data><Data Name='Company'>Microsoft Corporation</Data><Data Name='OriginalFileName'>RuntimeBroker.exe</Data><Data Name='CommandLine'>C:\Windows\System32\RuntimeBroker.exe -Embedding</Data><Data Name='CurrentDirectory'>C:\Windows\system32\</Data><Data Name='User'>DESKTOP-JP20VPR\BobWe</Data><Data Name='LogonGuid'>{ec47ca29-70bf-61d3-9db4-020000000000}</Data><Data Name='LogonId'>0x2b49d</Data><Data Name='TerminalSessionId'>1</Data><Data Name='IntegrityLevel'>Medium</Data><Data Name='Hashes'>SHA256=E86870769EE6C797E09457BD99C58D9BF2303CF0193A24EF9B1222C2C3DAF628</Data><Data Name='ParentProcessGuid'>{ec47ca29-70be-61d3-0d00-000000008600}</Data><Data Name='ParentProcessId'>1056</Data><Data Name='ParentImage'>C:\Windows\System32\svchost.exe</Data><Data Name='ParentCommandLine'>C:\Windows\system32\svchost.exe -k DcomLaunch -p</Data><Data Name='ParentUser'>NT AUTHORITY\SYSTEM</Data></EventData></Event><Event xmlns='http://schemas.microsoft.com/win/2004/08/events/event'><System><Provider Name='Microsoft-Windows-Sysmon' Guid='{5770385f-c22a-43e0-bf4c-06f5698ffbd9}'/><EventID>1</EventID><Version>5</Version><Level>4</Level><Task>1</Task><Opcode>0</Opcode><Keywords>0x8000000000000000</Keywords><TimeCreated SystemTime='2022-01-04T05:50:22.4309926Z'/><EventRecordID>1714</EventRecordID><Correlation/><Execution ProcessID='14108' ThreadID='3560'/><Channel>Microsoft-Windows-Sysmon/Operational</Channel><Computer>DESKTOP-JP20VPR</Computer><Security UserID='S-1-5-18'/></System><EventData><Data Name='RuleName'>-</Data><Data Name='UtcTime'>2022-01-04 05:50:22.428</Data><Data Name='ProcessGuid'>{ec47ca29-e01e-61d3-4a06-000000008600}</Data><Data Name='ProcessId'>17696</Data><Data Name='Image'>C:\Windows\System32\backgroundTaskHost.exe</Data><Data Name='FileVersion'>10.0.19041.546 (WinBuild.160101.0800)</Data><Data Name='Description'>Background Task Host</Data><Data Name='Product'>Microsoft® Windows® Operating System</Data><Data Name='Company'>Microsoft Corporation</Data><Data Name='OriginalFileName'>backgroundTaskHost.exe</Data><Data Name='CommandLine'>"C:\Windows\system32\backgroundTaskHost.exe" -ServerName:Microsoft.MicrosoftOfficeHub.AppX54h2e8jwdm50fj5ha8987vz1etpx7czd.mca</Data><Data Name='CurrentDirectory'>C:\Program Files\WindowsApps\Microsoft.MicrosoftOfficeHub_18.2110.13110.0_x64__8wekyb3d8bbwe\</Data><Data Name='User'>DESKTOP-JP20VPR\BobWe</Data><Data Name='LogonGuid'>{ec47ca29-70bf-61d3-9db4-020000000000}</Data><Data Name='LogonId'>0x2b49d</Data><Data Name='TerminalSessionId'>1</Data><Data Name='IntegrityLevel'>AppContainer</Data><Data Name='Hashes'>SHA256=20330D3CA71D58F4AEB432676CB6A3D5B97005954E45132FB083E90782EFDD50</Data><Data Name='ParentProcessGuid'>{ec47ca29-70be-61d3-0d00-000000008600}</Data><Data Name='ParentProcessId'>1056</Data><Data Name='ParentImage'>C:\Windows\System32\svchost.exe</Data><Data Name='ParentCommandLine'>C:\Windows\system32\svchost.exe -k DcomLaunch -p</Data><Data Name='ParentUser'>NT AUTHORITY\SYSTEM</Data></EventData></Event><Event xmlns='http://schemas.microsoft.com/win/2004/08/events/event'><System><Provider Name='Microsoft-Windows-Sysmon' Guid='{5770385f-c22a-43e0-bf4c-06f5698ffbd9}'/><EventID>5</EventID><Version>3</Version><Level>4</Level><Task>5</Task><Opcode>0</Opcode><Keywords>0x8000000000000000</Keywords><TimeCreated SystemTime='2022-01-04T05:49:17.7012543Z'/><EventRecordID>1713</EventRecordID><Correlation/><Execution ProcessID='14108' ThreadID='3560'/><Channel>Microsoft-Windows-Sysmon/Operational</Channel><Computer>DESKTOP-JP20VPR</Computer><Security UserID='S-1-5-18'/></System><EventData><Data Name='RuleName'>-</Data><Data Name='UtcTime'>2022-01-04 05:49:17.700</Data><Data Name='ProcessGuid'>{ec47ca29-dfa6-61d3-4806-000000008600}</Data><Data Name='ProcessId'>3080</Data><Data Name='Image'>C:\Windows\System32\RuntimeBroker.exe</Data><Data Name='User'>DESKTOP-JP20VPR\BobWe</Data></EventData></Event>