<Event xmlns='http://schemas.microsoft.com/win/2004/08/events/event'><System><Provider Name='Microsoft-Windows-Sysmon' Guid='{5770385f-c22a-43e0-bf4c-06f5698ffbd9}'/><EventID>1</EventID><Version>5</Version><Level>4</Level><Task>1</Task><Opcode>0</Opcode><Keywords>0x8000000000000000</Keywords><TimeCreated SystemTime='2022-01-04T08:50:22.2853031Z'/><EventRecordID>2079</EventRecordID><Correlation/><Execution ProcessID='14108' ThreadID='3560'/><Channel>Microsoft-Windows-Sysmon/Operational</Channel><Computer>DESKTOP-JP20VPR</Computer><Security UserID='S-1-5-18'/></System><EventData><Data Name='RuleName'>-</Data><Data Name='UtcTime'>2022-01-04 08:50:22.284</Data><Data Name='ProcessGuid'>{ec47ca29-0a4e-61d4-0207-000000008600}</Data><Data Name='ProcessId'>1336</Data><Data Name='Image'>C:\Windows\System32\RuntimeBroker.exe</Data><Data Name='FileVersion'>10.0.19041.746 (WinBuild.160101.0800)</Data><Data Name='Description'>Runtime Broker</Data><Data Name='Product'>Microsoft® Windows® Operating System</Data><Data Name='Company'>Microsoft Corporation</Data><Data Name='OriginalFileName'>RuntimeBroker.exe</Data><Data Name='CommandLine'>C:\Windows\System32\RuntimeBroker.exe -Embedding</Data><Data Name='CurrentDirectory'>C:\Windows\system32\</Data><Data Name='User'>DESKTOP-JP20VPR\BobWe</Data><Data Name='LogonGuid'>{ec47ca29-70bf-61d3-9db4-020000000000}</Data><Data Name='LogonId'>0x2b49d</Data><Data Name='TerminalSessionId'>1</Data><Data Name='IntegrityLevel'>Medium</Data><Data Name='Hashes'>SHA256=E86870769EE6C797E09457BD99C58D9BF2303CF0193A24EF9B1222C2C3DAF628</Data><Data Name='ParentProcessGuid'>{ec47ca29-70be-61d3-0d00-000000008600}</Data><Data Name='ParentProcessId'>1056</Data><Data Name='ParentImage'>C:\Windows\System32\svchost.exe</Data><Data Name='ParentCommandLine'>C:\Windows\system32\svchost.exe -k DcomLaunch -p</Data><Data Name='ParentUser'>NT AUTHORITY\SYSTEM</Data></EventData></Event><Event xmlns='http://schemas.microsoft.com/win/2004/08/events/event'><System><Provider Name='Microsoft-Windows-Sysmon' Guid='{5770385f-c22a-43e0-bf4c-06f5698ffbd9}'/><EventID>1</EventID><Version>5</Version><Level>4</Level><Task>1</Task><Opcode>0</Opcode><Keywords>0x8000000000000000</Keywords><TimeCreated SystemTime='2022-01-04T08:50:22.2133757Z'/><EventRecordID>2078</EventRecordID><Correlation/><Execution ProcessID='14108' ThreadID='3560'/><Channel>Microsoft-Windows-Sysmon/Operational</Channel><Computer>DESKTOP-JP20VPR</Computer><Security UserID='S-1-5-18'/></System><EventData><Data Name='RuleName'>-</Data><Data Name='UtcTime'>2022-01-04 08:50:22.211</Data><Data Name='ProcessGuid'>{ec47ca29-0a4e-61d4-0107-000000008600}</Data><Data Name='ProcessId'>3640</Data><Data Name='Image'>C:\Windows\System32\backgroundTaskHost.exe</Data><Data Name='FileVersion'>10.0.19041.546 (WinBuild.160101.0800)</Data><Data Name='Description'>Background Task Host</Data><Data Name='Product'>Microsoft® Windows® Operating System</Data><Data Name='Company'>Microsoft Corporation</Data><Data Name='OriginalFileName'>backgroundTaskHost.exe</Data><Data Name='CommandLine'>"C:\Windows\system32\backgroundTaskHost.exe" -ServerName:Microsoft.MicrosoftOfficeHub.AppX54h2e8jwdm50fj5ha8987vz1etpx7czd.mca</Data><Data Name='CurrentDirectory'>C:\Program Files\WindowsApps\Microsoft.MicrosoftOfficeHub_18.2110.13110.0_x64__8wekyb3d8bbwe\</Data><Data Name='User'>DESKTOP-JP20VPR\BobWe</Data><Data Name='LogonGuid'>{ec47ca29-70bf-61d3-9db4-020000000000}</Data><Data Name='LogonId'>0x2b49d</Data><Data Name='TerminalSessionId'>1</Data><Data Name='IntegrityLevel'>AppContainer</Data><Data Name='Hashes'>SHA256=20330D3CA71D58F4AEB432676CB6A3D5B97005954E45132FB083E90782EFDD50</Data><Data Name='ParentProcessGuid'>{ec47ca29-70be-61d3-0d00-000000008600}</Data><Data Name='ParentProcessId'>1056</Data><Data Name='ParentImage'>C:\Windows\System32\svchost.exe</Data><Data Name='ParentCommandLine'>C:\Windows\system32\svchost.exe -k DcomLaunch -p</Data><Data Name='ParentUser'>NT AUTHORITY\SYSTEM</Data></EventData></Event><Event xmlns='http://schemas.microsoft.com/win/2004/08/events/event'><System><Provider Name='Microsoft-Windows-Sysmon' Guid='{5770385f-c22a-43e0-bf4c-06f5698ffbd9}'/><EventID>5</EventID><Version>3</Version><Level>4</Level><Task>5</Task><Opcode>0</Opcode><Keywords>0x8000000000000000</Keywords><TimeCreated SystemTime='2022-01-04T08:49:17.4461238Z'/><EventRecordID>2077</EventRecordID><Correlation/><Execution ProcessID='14108' ThreadID='3560'/><Channel>Microsoft-Windows-Sysmon/Operational</Channel><Computer>DESKTOP-JP20VPR</Computer><Security UserID='S-1-5-18'/></System><EventData><Data Name='RuleName'>-</Data><Data Name='UtcTime'>2022-01-04 08:49:17.445</Data><Data Name='ProcessGuid'>{ec47ca29-09d6-61d4-ff06-000000008600}</Data><Data Name='ProcessId'>9760</Data><Data Name='Image'>C:\Windows\System32\RuntimeBroker.exe</Data><Data Name='User'>DESKTOP-JP20VPR\BobWe</Data></EventData></Event><Event xmlns='http://schemas.microsoft.com/win/2004/08/events/event'><System><Provider Name='Microsoft-Windows-Sysmon' Guid='{5770385f-c22a-43e0-bf4c-06f5698ffbd9}'/><EventID>5</EventID><Version>3</Version><Level>4</Level><Task>5</Task><Opcode>0</Opcode><Keywords>0x8000000000000000</Keywords><TimeCreated SystemTime='2022-01-04T08:48:47.4387361Z'/><EventRecordID>2076</EventRecordID><Correlation/><Execution ProcessID='14108' ThreadID='3560'/><Channel>Microsoft-Windows-Sysmon/Operational</Channel><Computer>DESKTOP-JP20VPR</Computer><Security UserID='S-1-5-18'/></System><EventData><Data Name='RuleName'>-</Data><Data Name='UtcTime'>2022-01-04 08:48:47.438</Data><Data Name='ProcessGuid'>{ec47ca29-09d6-61d4-fd06-000000008600}</Data><Data Name='ProcessId'>9124</Data><Data Name='Image'>C:\Program Files\WindowsApps\microsoft.windowscommunicationsapps_16005.14326.20544.0_x64__8wekyb3d8bbwe\HxTsr.exe</Data><Data Name='User'>DESKTOP-JP20VPR\BobWe</Data></EventData></Event><Event xmlns='http://schemas.microsoft.com/win/2004/08/events/event'><System><Provider Name='Microsoft-Windows-Sysmon' Guid='{5770385f-c22a-43e0-bf4c-06f5698ffbd9}'/><EventID>5</EventID><Version>3</Version><Level>4</Level><Task>5</Task><Opcode>0</Opcode><Keywords>0x8000000000000000</Keywords><TimeCreated SystemTime='2022-01-04T08:48:29.6638210Z'/><EventRecordID>2075</EventRecordID><Correlation/><Execution ProcessID='14108' ThreadID='3560'/><Channel>Microsoft-Windows-Sysmon/Operational</Channel><Computer>DESKTOP-JP20VPR</Computer><Security UserID='S-1-5-18'/></System><EventData><Data Name='RuleName'>-</Data><Data Name='UtcTime'>2022-01-04 08:48:29.663</Data><Data Name='ProcessGuid'>{ec47ca29-09dd-61d4-0007-000000008600}</Data><Data Name='ProcessId'>19136</Data><Data Name='Image'>C:\Program Files (x86)\Google\Update\GoogleUpdate.exe</Data><Data Name='User'>NT AUTHORITY\SYSTEM</Data></EventData></Event><Event xmlns='http://schemas.microsoft.com/win/2004/08/events/event'><System><Provider Name='Microsoft-Windows-Sysmon' Guid='{5770385f-c22a-43e0-bf4c-06f5698ffbd9}'/><EventID>1</EventID><Version>5</Version><Level>4</Level><Task>1</Task><Opcode>0</Opcode><Keywords>0x8000000000000000</Keywords><TimeCreated SystemTime='2022-01-04T08:48:29.6017793Z'/><EventRecordID>2074</EventRecordID><Correlation/><Execution ProcessID='14108' ThreadID='3560'/><Channel>Microsoft-Windows-Sysmon/Operational</Channel><Computer>DESKTOP-JP20VPR</Computer><Security UserID='S-1-5-18'/></System><EventData><Data Name='RuleName'>-</Data><Data Name='UtcTime'>2022-01-04 08:48:29.597</Data><Data Name='ProcessGuid'>{ec47ca29-09dd-61d4-0007-000000008600}</Data><Data Name='ProcessId'>19136</Data><Data Name='Image'>C:\Program Files (x86)\Google\Update\GoogleUpdate.exe</Data><Data Name='FileVersion'>1.3.36.31</Data><Data Name='Description'>Google Installer</Data><Data Name='Product'>Google Update</Data><Data Name='Company'>Google LLC</Data><Data Name='OriginalFileName'>GoogleUpdate.exe</Data><Data Name='CommandLine'>"C:\Program Files (x86)\Google\Update\GoogleUpdate.exe" /ua /installsource scheduler</Data><Data Name='CurrentDirectory'>C:\Windows\system32\</Data><Data Name='User'>NT AUTHORITY\SYSTEM</Data><Data Name='LogonGuid'>{ec47ca29-70be-61d3-e703-000000000000}</Data><Data Name='LogonId'>0x3e7</Data><Data Name='TerminalSessionId'>0</Data><Data Name='IntegrityLevel'>System</Data><Data Name='Hashes'>SHA256=7B03A99631843989C71E6F133BD71E243F33F86516BDA3455784FB11D4FF6736</Data><Data Name='ParentProcessGuid'>{ec47ca29-70bf-61d3-1c00-000000008600}</Data><Data Name='ParentProcessId'>1716</Data><Data Name='ParentImage'>C:\Windows\System32\svchost.exe</Data><Data Name='ParentCommandLine'>C:\Windows\system32\svchost.exe -k netsvcs -p -s Schedule</Data><Data Name='ParentUser'>NT AUTHORITY\SYSTEM</Data></EventData></Event><Event xmlns='http://schemas.microsoft.com/win/2004/08/events/event'><System><Provider Name='Microsoft-Windows-Sysmon' Guid='{5770385f-c22a-43e0-bf4c-06f5698ffbd9}'/><EventID>1</EventID><Version>5</Version><Level>4</Level><Task>1</Task><Opcode>0</Opcode><Keywords>0x8000000000000000</Keywords><TimeCreated SystemTime='2022-01-04T08:48:22.3449425Z'/><EventRecordID>2073</EventRecordID><Correlation/><Execution ProcessID='14108' ThreadID='3560'/><Channel>Microsoft-Windows-Sysmon/Operational</Channel><Computer>DESKTOP-JP20VPR</Computer><Security UserID='S-1-5-18'/></System><EventData><Data Name='RuleName'>-</Data><Data Name='UtcTime'>2022-01-04 08:48:22.343</Data><Data Name='ProcessGuid'>{ec47ca29-09d6-61d4-ff06-000000008600}</Data><Data Name='ProcessId'>9760</Data><Data Name='Image'>C:\Windows\System32\RuntimeBroker.exe</Data><Data Name='FileVersion'>10.0.19041.746 (WinBuild.160101.0800)</Data><Data Name='Description'>Runtime Broker</Data><Data Name='Product'>Microsoft® Windows® Operating System</Data><Data Name='Company'>Microsoft Corporation</Data><Data Name='OriginalFileName'>RuntimeBroker.exe</Data><Data Name='CommandLine'>C:\Windows\System32\RuntimeBroker.exe -Embedding</Data><Data Name='CurrentDirectory'>C:\Windows\system32\</Data><Data Name='User'>DESKTOP-JP20VPR\BobWe</Data><Data Name='LogonGuid'>{ec47ca29-70bf-61d3-9db4-020000000000}</Data><Data Name='LogonId'>0x2b49d</Data><Data Name='TerminalSessionId'>1</Data><Data Name='IntegrityLevel'>Medium</Data><Data Name='Hashes'>SHA256=E86870769EE6C797E09457BD99C58D9BF2303CF0193A24EF9B1222C2C3DAF628</Data><Data Name='ParentProcessGuid'>{ec47ca29-70be-61d3-0d00-000000008600}</Data><Data Name='ParentProcessId'>1056</Data><Data Name='ParentImage'>C:\Windows\System32\svchost.exe</Data><Data Name='ParentCommandLine'>C:\Windows\system32\svchost.exe -k DcomLaunch -p</Data><Data Name='ParentUser'>NT AUTHORITY\SYSTEM</Data></EventData></Event><Event xmlns='http://schemas.microsoft.com/win/2004/08/events/event'><System><Provider Name='Microsoft-Windows-Sysmon' Guid='{5770385f-c22a-43e0-bf4c-06f5698ffbd9}'/><EventID>1</EventID><Version>5</Version><Level>4</Level><Task>1</Task><Opcode>0</Opcode><Keywords>0x8000000000000000</Keywords><TimeCreated SystemTime='2022-01-04T08:48:22.3005215Z'/><EventRecordID>2072</EventRecordID><Correlation/><Execution ProcessID='14108' ThreadID='3560'/><Channel>Microsoft-Windows-Sysmon/Operational</Channel><Computer>DESKTOP-JP20VPR</Computer><Security UserID='S-1-5-18'/></System><EventData><Data Name='RuleName'>-</Data><Data Name='UtcTime'>2022-01-04 08:48:22.297</Data><Data Name='ProcessGuid'>{ec47ca29-09d6-61d4-fe06-000000008600}</Data><Data Name='ProcessId'>12964</Data><Data Name='Image'>C:\Windows\System32\svchost.exe</Data><Data Name='FileVersion'>10.0.19041.546 (WinBuild.160101.0800)</Data><Data Name='Description'>Host Process for Windows Services</Data><Data Name='Product'>Microsoft® Windows® Operating System</Data><Data Name='Company'>Microsoft Corporation</Data><Data Name='OriginalFileName'>svchost.exe</Data><Data Name='CommandLine'>C:\Windows\System32\svchost.exe -k wsappx -p -s ClipSVC</Data><Data Name='CurrentDirectory'>C:\Windows\system32\</Data><Data Name='User'>NT AUTHORITY\SYSTEM</Data><Data Name='LogonGuid'>{ec47ca29-70be-61d3-e703-000000000000}</Data><Data Name='LogonId'>0x3e7</Data><Data Name='TerminalSessionId'>0</Data><Data Name='IntegrityLevel'>System</Data><Data Name='Hashes'>SHA256=643EC58E82E0272C97C2A59F6020970D881AF19C0AD5029DB9C958C13B6558C7</Data><Data Name='ParentProcessGuid'>{00000000-0000-0000-0000-000000000000}</Data><Data Name='ParentProcessId'>944</Data><Data Name='ParentImage'>-</Data><Data Name='ParentCommandLine'>-</Data><Data Name='ParentUser'>-</Data></EventData></Event><Event xmlns='http://schemas.microsoft.com/win/2004/08/events/event'><System><Provider Name='Microsoft-Windows-Sysmon' Guid='{5770385f-c22a-43e0-bf4c-06f5698ffbd9}'/><EventID>1</EventID><Version>5</Version><Level>4</Level><Task>1</Task><Opcode>0</Opcode><Keywords>0x8000000000000000</Keywords><TimeCreated SystemTime='2022-01-04T08:48:22.2904057Z'/><EventRecordID>2071</EventRecordID><Correlation/><Execution ProcessID='14108' ThreadID='3560'/><Channel>Microsoft-Windows-Sysmon/Operational</Channel><Computer>DESKTOP-JP20VPR</Computer><Security UserID='S-1-5-18'/></System><EventData><Data Name='RuleName'>-</Data><Data Name='UtcTime'>2022-01-04 08:48:22.287</Data><Data Name='ProcessGuid'>{ec47ca29-09d6-61d4-fd06-000000008600}</Data><Data Name='ProcessId'>9124</Data><Data Name='Image'>C:\Program Files\WindowsApps\microsoft.windowscommunicationsapps_16005.14326.20544.0_x64__8wekyb3d8bbwe\HxTsr.exe</Data><Data Name='FileVersion'>16.0.14326.20544</Data><Data Name='Description'>Microsoft Outlook Communications</Data><Data Name='Product'>Microsoft Office</Data><Data Name='Company'>Microsoft Corporation</Data><Data Name='OriginalFileName'>HxTsr.exe</Data><Data Name='CommandLine'>"C:\Program Files\WindowsApps\microsoft.windowscommunicationsapps_16005.14326.20544.0_x64__8wekyb3d8bbwe\HxTsr.exe" -ServerName:Hx.IPC.Server</Data><Data Name='CurrentDirectory'>C:\Program Files\WindowsApps\microsoft.windowscommunicationsapps_16005.14326.20544.0_x64__8wekyb3d8bbwe\</Data><Data Name='User'>DESKTOP-JP20VPR\BobWe</Data><Data Name='LogonGuid'>{ec47ca29-70bf-61d3-9db4-020000000000}</Data><Data Name='LogonId'>0x2b49d</Data><Data Name='TerminalSessionId'>1</Data><Data Name='IntegrityLevel'>AppContainer</Data><Data Name='Hashes'>SHA256=1E4F8F9E5BA222FEF70583D43F83929F9E29674A6FC9371F99D9492DCCB79E8F</Data><Data Name='ParentProcessGuid'>{ec47ca29-70be-61d3-0d00-000000008600}</Data><Data Name='ParentProcessId'>1056</Data><Data Name='ParentImage'>C:\Windows\System32\svchost.exe</Data><Data Name='ParentCommandLine'>C:\Windows\system32\svchost.exe -k DcomLaunch -p</Data><Data Name='ParentUser'>NT AUTHORITY\SYSTEM</Data></EventData></Event><Event xmlns='http://schemas.microsoft.com/win/2004/08/events/event'><System><Provider Name='Microsoft-Windows-Sysmon' Guid='{5770385f-c22a-43e0-bf4c-06f5698ffbd9}'/><EventID>1</EventID><Version>5</Version><Level>4</Level><Task>1</Task><Opcode>0</Opcode><Keywords>0x8000000000000000</Keywords><TimeCreated SystemTime='2022-01-04T08:48:22.2059741Z'/><EventRecordID>2070</EventRecordID><Correlation/><Execution ProcessID='14108' ThreadID='3560'/><Channel>Microsoft-Windows-Sysmon/Operational</Channel><Computer>DESKTOP-JP20VPR</Computer><Security UserID='S-1-5-18'/></System><EventData><Data Name='RuleName'>-</Data><Data Name='UtcTime'>2022-01-04 08:48:22.202</Data><Data Name='ProcessGuid'>{ec47ca29-09d6-61d4-fc06-000000008600}</Data><Data Name='ProcessId'>7540</Data><Data Name='Image'>C:\Windows\System32\svchost.exe</Data><Data Name='FileVersion'>10.0.19041.546 (WinBuild.160101.0800)</Data><Data Name='Description'>Host Process for Windows Services</Data><Data Name='Product'>Microsoft® Windows® Operating System</Data><Data Name='Company'>Microsoft Corporation</Data><Data Name='OriginalFileName'>svchost.exe</Data><Data Name='CommandLine'>C:\Windows\system32\svchost.exe -k wsappx -p -s AppXSvc</Data><Data Name='CurrentDirectory'>C:\Windows\system32\</Data><Data Name='User'>NT AUTHORITY\SYSTEM</Data><Data Name='LogonGuid'>{ec47ca29-70be-61d3-e703-000000000000}</Data><Data Name='LogonId'>0x3e7</Data><Data Name='TerminalSessionId'>0</Data><Data Name='IntegrityLevel'>System</Data><Data Name='Hashes'>SHA256=643EC58E82E0272C97C2A59F6020970D881AF19C0AD5029DB9C958C13B6558C7</Data><Data Name='ParentProcessGuid'>{00000000-0000-0000-0000-000000000000}</Data><Data Name='ParentProcessId'>944</Data><Data Name='ParentImage'>-</Data><Data Name='ParentCommandLine'>-</Data><Data Name='ParentUser'>-</Data></EventData></Event><Event xmlns='http://schemas.microsoft.com/win/2004/08/events/event'><System><Provider Name='Microsoft-Windows-Sysmon' Guid='{5770385f-c22a-43e0-bf4c-06f5698ffbd9}'/><EventID>5</EventID><Version>3</Version><Level>4</Level><Task>5</Task><Opcode>0</Opcode><Keywords>0x8000000000000000</Keywords><TimeCreated SystemTime='2022-01-04T08:46:22.2323575Z'/><EventRecordID>2069</EventRecordID><Correlation/><Execution ProcessID='14108' ThreadID='3560'/><Channel>Microsoft-Windows-Sysmon/Operational</Channel><Computer>DESKTOP-JP20VPR</Computer><Security UserID='S-1-5-18'/></System><EventData><Data Name='RuleName'>-</Data><Data Name='UtcTime'>2022-01-04 08:46:22.231</Data><Data Name='ProcessGuid'>{ec47ca29-0832-61d4-f806-000000008600}</Data><Data Name='ProcessId'>11884</Data><Data Name='Image'>C:\Windows\System32\svchost.exe</Data><Data Name='User'>NT AUTHORITY\SYSTEM</Data></EventData></Event><Event xmlns='http://schemas.microsoft.com/win/2004/08/events/event'><System><Provider Name='Microsoft-Windows-Sysmon' Guid='{5770385f-c22a-43e0-bf4c-06f5698ffbd9}'/><EventID>5</EventID><Version>3</Version><Level>4</Level><Task>5</Task><Opcode>0</Opcode><Keywords>0x8000000000000000</Keywords><TimeCreated SystemTime='2022-01-04T08:45:54.8511458Z'/><EventRecordID>2068</EventRecordID><Correlation/><Execution ProcessID='14108' ThreadID='3560'/><Channel>Microsoft-Windows-Sysmon/Operational</Channel><Computer>DESKTOP-JP20VPR</Computer><Security UserID='S-1-5-18'/></System><EventData><Data Name='RuleName'>-</Data><Data Name='UtcTime'>2022-01-04 08:45:54.850</Data><Data Name='ProcessGuid'>{ec47ca29-0924-61d4-fb06-000000008600}</Data><Data Name='ProcessId'>3552</Data><Data Name='Image'>C:\Windows\System32\sppsvc.exe</Data><Data Name='User'>NT AUTHORITY\NETWORK SERVICE</Data></EventData></Event><Event xmlns='http://schemas.microsoft.com/win/2004/08/events/event'><System><Provider Name='Microsoft-Windows-Sysmon' Guid='{5770385f-c22a-43e0-bf4c-06f5698ffbd9}'/><EventID>5</EventID><Version>3</Version><Level>4</Level><Task>5</Task><Opcode>0</Opcode><Keywords>0x8000000000000000</Keywords><TimeCreated SystemTime='2022-01-04T08:45:24.8149088Z'/><EventRecordID>2067</EventRecordID><Correlation/><Execution ProcessID='14108' ThreadID='3560'/><Channel>Microsoft-Windows-Sysmon/Operational</Channel><Computer>DESKTOP-JP20VPR</Computer><Security UserID='S-1-5-18'/></System><EventData><Data Name='RuleName'>-</Data><Data Name='UtcTime'>2022-01-04 08:45:24.814</Data><Data Name='ProcessGuid'>{ec47ca29-0924-61d4-fa06-000000008600}</Data><Data Name='ProcessId'>13628</Data><Data Name='Image'>C:\Windows\System32\taskhostw.exe</Data><Data Name='User'>NT AUTHORITY\SYSTEM</Data></EventData></Event><Event xmlns='http://schemas.microsoft.com/win/2004/08/events/event'><System><Provider Name='Microsoft-Windows-Sysmon' Guid='{5770385f-c22a-43e0-bf4c-06f5698ffbd9}'/><EventID>1</EventID><Version>5</Version><Level>4</Level><Task>1</Task><Opcode>0</Opcode><Keywords>0x8000000000000000</Keywords><TimeCreated SystemTime='2022-01-04T08:45:24.4571292Z'/><EventRecordID>2066</EventRecordID><Correlation/><Execution ProcessID='14108' ThreadID='3560'/><Channel>Microsoft-Windows-Sysmon/Operational</Channel><Computer>DESKTOP-JP20VPR</Computer><Security UserID='S-1-5-18'/></System><EventData><Data Name='RuleName'>-</Data><Data Name='UtcTime'>2022-01-04 08:45:24.455</Data><Data Name='ProcessGuid'>{ec47ca29-0924-61d4-fb06-000000008600}</Data><Data Name='ProcessId'>3552</Data><Data Name='Image'>C:\Windows\System32\sppsvc.exe</Data><Data Name='FileVersion'>10.0.19041.1415 (WinBuild.160101.0800)</Data><Data Name='Description'>Microsoft Software Protection Platform Service</Data><Data Name='Product'>Microsoft® Windows® Operating System</Data><Data Name='Company'>Microsoft Corporation</Data><Data Name='OriginalFileName'>sppsvc.exe</Data><Data Name='CommandLine'>C:\Windows\system32\sppsvc.exe</Data><Data Name='CurrentDirectory'>C:\Windows</Data><Data Name='User'>NT AUTHORITY\NETWORK SERVICE</Data><Data Name='LogonGuid'>{ec47ca29-70be-61d3-e403-000000000000}</Data><Data Name='LogonId'>0x3e4</Data><Data Name='TerminalSessionId'>0</Data><Data Name='IntegrityLevel'>System</Data><Data Name='Hashes'>SHA256=1905BFE26ADC74F15CD099774B5C0072E6FB28E1037A77B2B02D0D501BC43B50</Data><Data Name='ParentProcessGuid'>{00000000-0000-0000-0000-000000000000}</Data><Data Name='ParentProcessId'>944</Data><Data Name='ParentImage'>-</Data><Data Name='ParentCommandLine'>-</Data><Data Name='ParentUser'>-</Data></EventData></Event><Event xmlns='http://schemas.microsoft.com/win/2004/08/events/event'><System><Provider Name='Microsoft-Windows-Sysmon' Guid='{5770385f-c22a-43e0-bf4c-06f5698ffbd9}'/><EventID>1</EventID><Version>5</Version><Level>4</Level><Task>1</Task><Opcode>0</Opcode><Keywords>0x8000000000000000</Keywords><TimeCreated SystemTime='2022-01-04T08:45:24.0241678Z'/><EventRecordID>2065</EventRecordID><Correlation/><Execution ProcessID='14108' ThreadID='3560'/><Channel>Microsoft-Windows-Sysmon/Operational</Channel><Computer>DESKTOP-JP20VPR</Computer><Security UserID='S-1-5-18'/></System><EventData><Data Name='RuleName'>-</Data><Data Name='UtcTime'>2022-01-04 08:45:24.018</Data><Data Name='ProcessGuid'>{ec47ca29-0924-61d4-fa06-000000008600}</Data><Data Name='ProcessId'>13628</Data><Data Name='Image'>C:\Windows\System32\taskhostw.exe</Data><Data Name='FileVersion'>10.0.19041.906 (WinBuild.160101.0800)</Data><Data Name='Description'>Host Process for Windows Tasks</Data><Data Name='Product'>Microsoft® Windows® Operating System</Data><Data Name='Company'>Microsoft Corporation</Data><Data Name='OriginalFileName'>taskhostw.exe</Data><Data Name='CommandLine'>taskhostw.exe</Data><Data Name='CurrentDirectory'>C:\Windows\system32\</Data><Data Name='User'>NT AUTHORITY\SYSTEM</Data><Data Name='LogonGuid'>{ec47ca29-70be-61d3-e703-000000000000}</Data><Data Name='LogonId'>0x3e7</Data><Data Name='TerminalSessionId'>0</Data><Data Name='IntegrityLevel'>System</Data><Data Name='Hashes'>SHA256=0322728DBCE3A577C4A13B907AD7375D27E74880B63F7371384F67D19197A0AD</Data><Data Name='ParentProcessGuid'>{ec47ca29-70bf-61d3-1c00-000000008600}</Data><Data Name='ParentProcessId'>1716</Data><Data Name='ParentImage'>C:\Windows\System32\svchost.exe</Data><Data Name='ParentCommandLine'>C:\Windows\system32\svchost.exe -k netsvcs -p -s Schedule</Data><Data Name='ParentUser'>NT AUTHORITY\SYSTEM</Data></EventData></Event><Event xmlns='http://schemas.microsoft.com/win/2004/08/events/event'><System><Provider Name='Microsoft-Windows-Sysmon' Guid='{5770385f-c22a-43e0-bf4c-06f5698ffbd9}'/><EventID>5</EventID><Version>3</Version><Level>4</Level><Task>5</Task><Opcode>0</Opcode><Keywords>0x8000000000000000</Keywords><TimeCreated SystemTime='2022-01-04T08:44:17.3096174Z'/><EventRecordID>2064</EventRecordID><Correlation/><Execution ProcessID='14108' ThreadID='3560'/><Channel>Microsoft-Windows-Sysmon/Operational</Channel><Computer>DESKTOP-JP20VPR</Computer><Security UserID='S-1-5-18'/></System><EventData><Data Name='RuleName'>-</Data><Data Name='UtcTime'>2022-01-04 08:44:17.309</Data><Data Name='ProcessGuid'>{ec47ca29-08e1-61d4-f906-000000008600}</Data><Data Name='ProcessId'>3060</Data><Data Name='Image'>C:\Windows\System32\rundll32.exe</Data><Data Name='User'>NT AUTHORITY\SYSTEM</Data></EventData></Event><Event xmlns='http://schemas.microsoft.com/win/2004/08/events/event'><System><Provider Name='Microsoft-Windows-Sysmon' Guid='{5770385f-c22a-43e0-bf4c-06f5698ffbd9}'/><EventID>1</EventID><Version>5</Version><Level>4</Level><Task>1</Task><Opcode>0</Opcode><Keywords>0x8000000000000000</Keywords><TimeCreated SystemTime='2022-01-04T08:44:17.2783211Z'/><EventRecordID>2063</EventRecordID><Correlation/><Execution ProcessID='14108' ThreadID='3560'/><Channel>Microsoft-Windows-Sysmon/Operational</Channel><Computer>DESKTOP-JP20VPR</Computer><Security UserID='S-1-5-18'/></System><EventData><Data Name='RuleName'>-</Data><Data Name='UtcTime'>2022-01-04 08:44:17.271</Data><Data Name='ProcessGuid'>{ec47ca29-08e1-61d4-f906-000000008600}</Data><Data Name='ProcessId'>3060</Data><Data Name='Image'>C:\Windows\System32\rundll32.exe</Data><Data Name='FileVersion'>10.0.19041.746 (WinBuild.160101.0800)</Data><Data Name='Description'>Windows host process (Rundll32)</Data><Data Name='Product'>Microsoft® Windows® Operating System</Data><Data Name='Company'>Microsoft Corporation</Data><Data Name='OriginalFileName'>RUNDLL32.EXE</Data><Data Name='CommandLine'>C:\Windows\system32\rundll32.exe C:\Windows\system32\PcaSvc.dll,PcaPatchSdbTask</Data><Data Name='CurrentDirectory'>C:\Windows\system32\</Data><Data Name='User'>NT AUTHORITY\SYSTEM</Data><Data Name='LogonGuid'>{ec47ca29-70be-61d3-e703-000000000000}</Data><Data Name='LogonId'>0x3e7</Data><Data Name='TerminalSessionId'>0</Data><Data Name='IntegrityLevel'>System</Data><Data Name='Hashes'>SHA256=B53F3C0CD32D7F20849850768DA6431E5F876B7BFA61DB0AA0700B02873393FA</Data><Data Name='ParentProcessGuid'>{ec47ca29-70bf-61d3-1c00-000000008600}</Data><Data Name='ParentProcessId'>1716</Data><Data Name='ParentImage'>C:\Windows\System32\svchost.exe</Data><Data Name='ParentCommandLine'>C:\Windows\system32\svchost.exe -k netsvcs -p -s Schedule</Data><Data Name='ParentUser'>NT AUTHORITY\SYSTEM</Data></EventData></Event><Event xmlns='http://schemas.microsoft.com/win/2004/08/events/event'><System><Provider Name='Microsoft-Windows-Sysmon' Guid='{5770385f-c22a-43e0-bf4c-06f5698ffbd9}'/><EventID>5</EventID><Version>3</Version><Level>4</Level><Task>5</Task><Opcode>0</Opcode><Keywords>0x8000000000000000</Keywords><TimeCreated SystemTime='2022-01-04T08:41:22.5817248Z'/><EventRecordID>2062</EventRecordID><Correlation/><Execution ProcessID='14108' ThreadID='3560'/><Channel>Microsoft-Windows-Sysmon/Operational</Channel><Computer>DESKTOP-JP20VPR</Computer><Security UserID='S-1-5-18'/></System><EventData><Data Name='RuleName'>-</Data><Data Name='UtcTime'>2022-01-04 08:41:22.580</Data><Data Name='ProcessGuid'>{ec47ca29-06ca-61d4-f306-000000008600}</Data><Data Name='ProcessId'>7704</Data><Data Name='Image'>C:\Windows\System32\svchost.exe</Data><Data Name='User'>NT AUTHORITY\SYSTEM</Data></EventData></Event><Event xmlns='http://schemas.microsoft.com/win/2004/08/events/event'><System><Provider Name='Microsoft-Windows-Sysmon' Guid='{5770385f-c22a-43e0-bf4c-06f5698ffbd9}'/><EventID>1</EventID><Version>5</Version><Level>4</Level><Task>1</Task><Opcode>0</Opcode><Keywords>0x8000000000000000</Keywords><TimeCreated SystemTime='2022-01-04T08:41:22.1535888Z'/><EventRecordID>2061</EventRecordID><Correlation/><Execution ProcessID='14108' ThreadID='3560'/><Channel>Microsoft-Windows-Sysmon/Operational</Channel><Computer>DESKTOP-JP20VPR</Computer><Security UserID='S-1-5-18'/></System><EventData><Data Name='RuleName'>-</Data><Data Name='UtcTime'>2022-01-04 08:41:22.148</Data><Data Name='ProcessGuid'>{ec47ca29-0832-61d4-f806-000000008600}</Data><Data Name='ProcessId'>11884</Data><Data Name='Image'>C:\Windows\System32\svchost.exe</Data><Data Name='FileVersion'>10.0.19041.546 (WinBuild.160101.0800)</Data><Data Name='Description'>Host Process for Windows Services</Data><Data Name='Product'>Microsoft® Windows® Operating System</Data><Data Name='Company'>Microsoft Corporation</Data><Data Name='OriginalFileName'>svchost.exe</Data><Data Name='CommandLine'>C:\Windows\system32\svchost.exe -k wsappx -p -s AppXSvc</Data><Data Name='CurrentDirectory'>C:\Windows\system32\</Data><Data Name='User'>NT AUTHORITY\SYSTEM</Data><Data Name='LogonGuid'>{ec47ca29-70be-61d3-e703-000000000000}</Data><Data Name='LogonId'>0x3e7</Data><Data Name='TerminalSessionId'>0</Data><Data Name='IntegrityLevel'>System</Data><Data Name='Hashes'>SHA256=643EC58E82E0272C97C2A59F6020970D881AF19C0AD5029DB9C958C13B6558C7</Data><Data Name='ParentProcessGuid'>{00000000-0000-0000-0000-000000000000}</Data><Data Name='ParentProcessId'>944</Data><Data Name='ParentImage'>-</Data><Data Name='ParentCommandLine'>-</Data><Data Name='ParentUser'>-</Data></EventData></Event><Event xmlns='http://schemas.microsoft.com/win/2004/08/events/event'><System><Provider Name='Microsoft-Windows-Sysmon' Guid='{5770385f-c22a-43e0-bf4c-06f5698ffbd9}'/><EventID>5</EventID><Version>3</Version><Level>4</Level><Task>5</Task><Opcode>0</Opcode><Keywords>0x8000000000000000</Keywords><TimeCreated SystemTime='2022-01-04T08:40:51.9534834Z'/><EventRecordID>2060</EventRecordID><Correlation/><Execution ProcessID='14108' ThreadID='3560'/><Channel>Microsoft-Windows-Sysmon/Operational</Channel><Computer>DESKTOP-JP20VPR</Computer><Security UserID='S-1-5-18'/></System><EventData><Data Name='RuleName'>-</Data><Data Name='UtcTime'>2022-01-04 08:40:51.953</Data><Data Name='ProcessGuid'>{ec47ca29-0809-61d4-f706-000000008600}</Data><Data Name='ProcessId'>7512</Data><Data Name='Image'>C:\Program Files (x86)\Microsoft\Edge\Application\96.0.1054.62\identity_helper.exe</Data><Data Name='User'>DESKTOP-JP20VPR\BobWe</Data></EventData></Event><Event xmlns='http://schemas.microsoft.com/win/2004/08/events/event'><System><Provider Name='Microsoft-Windows-Sysmon' Guid='{5770385f-c22a-43e0-bf4c-06f5698ffbd9}'/><EventID>1</EventID><Version>5</Version><Level>4</Level><Task>1</Task><Opcode>0</Opcode><Keywords>0x8000000000000000</Keywords><TimeCreated SystemTime='2022-01-04T08:40:41.8192069Z'/><EventRecordID>2059</EventRecordID><Correlation/><Execution ProcessID='14108' ThreadID='3560'/><Channel>Microsoft-Windows-Sysmon/Operational</Channel><Computer>DESKTOP-JP20VPR</Computer><Security UserID='S-1-5-18'/></System><EventData><Data Name='RuleName'>-</Data><Data Name='UtcTime'>2022-01-04 08:40:41.814</Data><Data Name='ProcessGuid'>{ec47ca29-0809-61d4-f706-000000008600}</Data><Data Name='ProcessId'>7512</Data><Data Name='Image'>C:\Program Files (x86)\Microsoft\Edge\Application\96.0.1054.62\identity_helper.exe</Data><Data Name='FileVersion'>96.0.1054.62</Data><Data Name='Description'>PWA Identity Proxy Host</Data><Data Name='Product'>Microsoft Edge</Data><Data Name='Company'>Microsoft Corporation</Data><Data Name='OriginalFileName'>identity_helper.exe</Data><Data Name='CommandLine'>"C:\Program Files (x86)\Microsoft\Edge\Application\96.0.1054.62\identity_helper.exe" --type=utility --utility-sub-type=winrt_app_id.mojom.WinrtAppIdService --field-trial-handle=2308,14150179790966226464,16948066822318633601,131072 --lang=en-US --service-sandbox-type=none --mojo-platform-channel-handle=4236 /prefetch:8</Data><Data Name='CurrentDirectory'>C:\Program Files (x86)\Microsoft\Edge\Application\96.0.1054.62\</Data><Data Name='User'>DESKTOP-JP20VPR\BobWe</Data><Data Name='LogonGuid'>{ec47ca29-70bf-61d3-9db4-020000000000}</Data><Data Name='LogonId'>0x2b49d</Data><Data Name='TerminalSessionId'>1</Data><Data Name='IntegrityLevel'>Medium</Data><Data Name='Hashes'>SHA256=7914D38736F3CE4F89432E15816711FFFDFD9002FA50CE7205C1176AF9142AB4</Data><Data Name='ParentProcessGuid'>{ec47ca29-70db-61d3-4801-000000008600}</Data><Data Name='ParentProcessId'>11916</Data><Data Name='ParentImage'>C:\Program Files (x86)\Microsoft\Edge\Application\msedge.exe</Data><Data Name='ParentCommandLine'>"C:\Program Files (x86)\Microsoft\Edge\Application\msedge.exe" --no-startup-window --win-session-start /prefetch:5</Data><Data Name='ParentUser'>DESKTOP-JP20VPR\BobWe</Data></EventData></Event><Event xmlns='http://schemas.microsoft.com/win/2004/08/events/event'><System><Provider Name='Microsoft-Windows-Sysmon' Guid='{5770385f-c22a-43e0-bf4c-06f5698ffbd9}'/><EventID>5</EventID><Version>3</Version><Level>4</Level><Task>5</Task><Opcode>0</Opcode><Keywords>0x8000000000000000</Keywords><TimeCreated SystemTime='2022-01-04T08:40:41.8083232Z'/><EventRecordID>2058</EventRecordID><Correlation/><Execution ProcessID='14108' ThreadID='3560'/><Channel>Microsoft-Windows-Sysmon/Operational</Channel><Computer>DESKTOP-JP20VPR</Computer><Security UserID='S-1-5-18'/></System><EventData><Data Name='RuleName'>-</Data><Data Name='UtcTime'>2022-01-04 08:40:41.807</Data><Data Name='ProcessGuid'>{ec47ca29-0809-61d4-f606-000000008600}</Data><Data Name='ProcessId'>2192</Data><Data Name='Image'>C:\Program Files (x86)\Microsoft\Edge\Application\96.0.1054.62\identity_helper.exe</Data><Data Name='User'>DESKTOP-JP20VPR\BobWe</Data></EventData></Event><Event xmlns='http://schemas.microsoft.com/win/2004/08/events/event'><System><Provider Name='Microsoft-Windows-Sysmon' Guid='{5770385f-c22a-43e0-bf4c-06f5698ffbd9}'/><EventID>1</EventID><Version>5</Version><Level>4</Level><Task>1</Task><Opcode>0</Opcode><Keywords>0x8000000000000000</Keywords><TimeCreated SystemTime='2022-01-04T08:40:41.8014829Z'/><EventRecordID>2057</EventRecordID><Correlation/><Execution ProcessID='14108' ThreadID='3560'/><Channel>Microsoft-Windows-Sysmon/Operational</Channel><Computer>DESKTOP-JP20VPR</Computer><Security UserID='S-1-5-18'/></System><EventData><Data Name='RuleName'>-</Data><Data Name='UtcTime'>2022-01-04 08:40:41.796</Data><Data Name='ProcessGuid'>{ec47ca29-0809-61d4-f606-000000008600}</Data><Data Name='ProcessId'>2192</Data><Data Name='Image'>C:\Program Files (x86)\Microsoft\Edge\Application\96.0.1054.62\identity_helper.exe</Data><Data Name='FileVersion'>96.0.1054.62</Data><Data Name='Description'>PWA Identity Proxy Host</Data><Data Name='Product'>Microsoft Edge</Data><Data Name='Company'>Microsoft Corporation</Data><Data Name='OriginalFileName'>identity_helper.exe</Data><Data Name='CommandLine'>"C:\Program Files (x86)\Microsoft\Edge\Application\96.0.1054.62\identity_helper.exe" --type=utility --utility-sub-type=winrt_app_id.mojom.WinrtAppIdService --field-trial-handle=2308,14150179790966226464,16948066822318633601,131072 --lang=en-US --service-sandbox-type=none --mojo-platform-channel-handle=4236 /prefetch:8</Data><Data Name='CurrentDirectory'>C:\Program Files (x86)\Microsoft\Edge\Application\96.0.1054.62\</Data><Data Name='User'>DESKTOP-JP20VPR\BobWe</Data><Data Name='LogonGuid'>{ec47ca29-70bf-61d3-9db4-020000000000}</Data><Data Name='LogonId'>0x2b49d</Data><Data Name='TerminalSessionId'>1</Data><Data Name='IntegrityLevel'>Medium</Data><Data Name='Hashes'>SHA256=7914D38736F3CE4F89432E15816711FFFDFD9002FA50CE7205C1176AF9142AB4</Data><Data Name='ParentProcessGuid'>{ec47ca29-70db-61d3-4801-000000008600}</Data><Data Name='ParentProcessId'>11916</Data><Data Name='ParentImage'>C:\Program Files (x86)\Microsoft\Edge\Application\msedge.exe</Data><Data Name='ParentCommandLine'>"C:\Program Files (x86)\Microsoft\Edge\Application\msedge.exe" --no-startup-window --win-session-start /prefetch:5</Data><Data Name='ParentUser'>DESKTOP-JP20VPR\BobWe</Data></EventData></Event><Event xmlns='http://schemas.microsoft.com/win/2004/08/events/event'><System><Provider Name='Microsoft-Windows-Sysmon' Guid='{5770385f-c22a-43e0-bf4c-06f5698ffbd9}'/><EventID>5</EventID><Version>3</Version><Level>4</Level><Task>5</Task><Opcode>0</Opcode><Keywords>0x8000000000000000</Keywords><TimeCreated SystemTime='2022-01-04T08:40:22.4132339Z'/><EventRecordID>2056</EventRecordID><Correlation/><Execution ProcessID='14108' ThreadID='3560'/><Channel>Microsoft-Windows-Sysmon/Operational</Channel><Computer>DESKTOP-JP20VPR</Computer><Security UserID='S-1-5-18'/></System><EventData><Data Name='RuleName'>-</Data><Data Name='UtcTime'>2022-01-04 08:40:22.412</Data><Data Name='ProcessGuid'>{ec47ca29-0652-61d4-ef06-000000008600}</Data><Data Name='ProcessId'>2836</Data><Data Name='Image'>C:\Windows\System32\svchost.exe</Data><Data Name='User'>NT AUTHORITY\SYSTEM</Data></EventData></Event><Event xmlns='http://schemas.microsoft.com/win/2004/08/events/event'><System><Provider Name='Microsoft-Windows-Sysmon' Guid='{5770385f-c22a-43e0-bf4c-06f5698ffbd9}'/><EventID>5</EventID><Version>3</Version><Level>4</Level><Task>5</Task><Opcode>0</Opcode><Keywords>0x8000000000000000</Keywords><TimeCreated SystemTime='2022-01-04T08:37:22.4866992Z'/><EventRecordID>2055</EventRecordID><Correlation/><Execution ProcessID='14108' ThreadID='3560'/><Channel>Microsoft-Windows-Sysmon/Operational</Channel><Computer>DESKTOP-JP20VPR</Computer><Security UserID='S-1-5-18'/></System><EventData><Data Name='RuleName'>-</Data><Data Name='UtcTime'>2022-01-04 08:37:22.486</Data><Data Name='ProcessGuid'>{ec47ca29-0742-61d4-f506-000000008600}</Data><Data Name='ProcessId'>12268</Data><Data Name='Image'>C:\Program Files (x86)\Common Files\Adobe\ARM\1.0\AdobeARM.exe</Data><Data Name='User'>DESKTOP-JP20VPR\BobWe</Data></EventData></Event><Event xmlns='http://schemas.microsoft.com/win/2004/08/events/event'><System><Provider Name='Microsoft-Windows-Sysmon' Guid='{5770385f-c22a-43e0-bf4c-06f5698ffbd9}'/><EventID>1</EventID><Version>5</Version><Level>4</Level><Task>1</Task><Opcode>0</Opcode><Keywords>0x8000000000000000</Keywords><TimeCreated SystemTime='2022-01-04T08:37:22.0691215Z'/><EventRecordID>2054</EventRecordID><Correlation/><Execution ProcessID='14108' ThreadID='3560'/><Channel>Microsoft-Windows-Sysmon/Operational</Channel><Computer>DESKTOP-JP20VPR</Computer><Security UserID='S-1-5-18'/></System><EventData><Data Name='RuleName'>-</Data><Data Name='UtcTime'>2022-01-04 08:37:22.064</Data><Data Name='ProcessGuid'>{ec47ca29-0742-61d4-f506-000000008600}</Data><Data Name='ProcessId'>12268</Data><Data Name='Image'>C:\Program Files (x86)\Common Files\Adobe\ARM\1.0\AdobeARM.exe</Data><Data Name='FileVersion'>1.824.44.8449</Data><Data Name='Description'>Adobe Reader and Acrobat Manager</Data><Data Name='Product'>Adobe Reader and Acrobat Manager</Data><Data Name='Company'>Adobe Inc.</Data><Data Name='OriginalFileName'>AdobeARM.exe</Data><Data Name='CommandLine'>"C:\Program Files (x86)\Common Files\Adobe\ARM\1.0\AdobeARM.exe"</Data><Data Name='CurrentDirectory'>C:\Windows\system32\</Data><Data Name='User'>DESKTOP-JP20VPR\BobWe</Data><Data Name='LogonGuid'>{ec47ca29-70bf-61d3-9db4-020000000000}</Data><Data Name='LogonId'>0x2b49d</Data><Data Name='TerminalSessionId'>1</Data><Data Name='IntegrityLevel'>Medium</Data><Data Name='Hashes'>SHA256=5DED8A12139AD93D44491706F2F0124F532D0B43A136179604AE905E2D1CCB01</Data><Data Name='ParentProcessGuid'>{ec47ca29-70bf-61d3-1c00-000000008600}</Data><Data Name='ParentProcessId'>1716</Data><Data Name='ParentImage'>C:\Windows\System32\svchost.exe</Data><Data Name='ParentCommandLine'>C:\Windows\system32\svchost.exe -k netsvcs -p -s Schedule</Data><Data Name='ParentUser'>NT AUTHORITY\SYSTEM</Data></EventData></Event><Event xmlns='http://schemas.microsoft.com/win/2004/08/events/event'><System><Provider Name='Microsoft-Windows-Sysmon' Guid='{5770385f-c22a-43e0-bf4c-06f5698ffbd9}'/><EventID>5</EventID><Version>3</Version><Level>4</Level><Task>5</Task><Opcode>0</Opcode><Keywords>0x8000000000000000</Keywords><TimeCreated SystemTime='2022-01-04T08:36:52.5492154Z'/><EventRecordID>2053</EventRecordID><Correlation/><Execution ProcessID='14108' ThreadID='3560'/><Channel>Microsoft-Windows-Sysmon/Operational</Channel><Computer>DESKTOP-JP20VPR</Computer><Security UserID='S-1-5-18'/></System><EventData><Data Name='RuleName'>-</Data><Data Name='UtcTime'>2022-01-04 08:36:52.548</Data><Data Name='ProcessGuid'>{ec47ca29-06ca-61d4-f406-000000008600}</Data><Data Name='ProcessId'>19132</Data><Data Name='Image'>C:\Windows\System32\RuntimeBroker.exe</Data><Data Name='User'>DESKTOP-JP20VPR\BobWe</Data></EventData></Event><Event xmlns='http://schemas.microsoft.com/win/2004/08/events/event'><System><Provider Name='Microsoft-Windows-Sysmon' Guid='{5770385f-c22a-43e0-bf4c-06f5698ffbd9}'/><EventID>5</EventID><Version>3</Version><Level>4</Level><Task>5</Task><Opcode>0</Opcode><Keywords>0x8000000000000000</Keywords><TimeCreated SystemTime='2022-01-04T08:36:22.5423399Z'/><EventRecordID>2052</EventRecordID><Correlation/><Execution ProcessID='14108' ThreadID='3560'/><Channel>Microsoft-Windows-Sysmon/Operational</Channel><Computer>DESKTOP-JP20VPR</Computer><Security UserID='S-1-5-18'/></System><EventData><Data Name='RuleName'>-</Data><Data Name='UtcTime'>2022-01-04 08:36:22.541</Data><Data Name='ProcessGuid'>{ec47ca29-06ca-61d4-f206-000000008600}</Data><Data Name='ProcessId'>19280</Data><Data Name='Image'>C:\Windows\System32\backgroundTaskHost.exe</Data><Data Name='User'>DESKTOP-JP20VPR\BobWe</Data></EventData></Event><Event xmlns='http://schemas.microsoft.com/win/2004/08/events/event'><System><Provider Name='Microsoft-Windows-Sysmon' Guid='{5770385f-c22a-43e0-bf4c-06f5698ffbd9}'/><EventID>1</EventID><Version>5</Version><Level>4</Level><Task>1</Task><Opcode>0</Opcode><Keywords>0x8000000000000000</Keywords><TimeCreated SystemTime='2022-01-04T08:35:22.5049265Z'/><EventRecordID>2051</EventRecordID><Correlation/><Execution ProcessID='14108' ThreadID='3560'/><Channel>Microsoft-Windows-Sysmon/Operational</Channel><Computer>DESKTOP-JP20VPR</Computer><Security UserID='S-1-5-18'/></System><EventData><Data Name='RuleName'>-</Data><Data Name='UtcTime'>2022-01-04 08:35:22.503</Data><Data Name='ProcessGuid'>{ec47ca29-06ca-61d4-f406-000000008600}</Data><Data Name='ProcessId'>19132</Data><Data Name='Image'>C:\Windows\System32\RuntimeBroker.exe</Data><Data Name='FileVersion'>10.0.19041.746 (WinBuild.160101.0800)</Data><Data Name='Description'>Runtime Broker</Data><Data Name='Product'>Microsoft® Windows® Operating System</Data><Data Name='Company'>Microsoft Corporation</Data><Data Name='OriginalFileName'>RuntimeBroker.exe</Data><Data Name='CommandLine'>C:\Windows\System32\RuntimeBroker.exe -Embedding</Data><Data Name='CurrentDirectory'>C:\Windows\system32\</Data><Data Name='User'>DESKTOP-JP20VPR\BobWe</Data><Data Name='LogonGuid'>{ec47ca29-70bf-61d3-9db4-020000000000}</Data><Data Name='LogonId'>0x2b49d</Data><Data Name='TerminalSessionId'>1</Data><Data Name='IntegrityLevel'>Medium</Data><Data Name='Hashes'>SHA256=E86870769EE6C797E09457BD99C58D9BF2303CF0193A24EF9B1222C2C3DAF628</Data><Data Name='ParentProcessGuid'>{ec47ca29-70be-61d3-0d00-000000008600}</Data><Data Name='ParentProcessId'>1056</Data><Data Name='ParentImage'>C:\Windows\System32\svchost.exe</Data><Data Name='ParentCommandLine'>C:\Windows\system32\svchost.exe -k DcomLaunch -p</Data><Data Name='ParentUser'>NT AUTHORITY\SYSTEM</Data></EventData></Event><Event xmlns='http://schemas.microsoft.com/win/2004/08/events/event'><System><Provider Name='Microsoft-Windows-Sysmon' Guid='{5770385f-c22a-43e0-bf4c-06f5698ffbd9}'/><EventID>1</EventID><Version>5</Version><Level>4</Level><Task>1</Task><Opcode>0</Opcode><Keywords>0x8000000000000000</Keywords><TimeCreated SystemTime='2022-01-04T08:35:22.4245491Z'/><EventRecordID>2050</EventRecordID><Correlation/><Execution ProcessID='14108' ThreadID='3560'/><Channel>Microsoft-Windows-Sysmon/Operational</Channel><Computer>DESKTOP-JP20VPR</Computer><Security UserID='S-1-5-18'/></System><EventData><Data Name='RuleName'>-</Data><Data Name='UtcTime'>2022-01-04 08:35:22.421</Data><Data Name='ProcessGuid'>{ec47ca29-06ca-61d4-f306-000000008600}</Data><Data Name='ProcessId'>7704</Data><Data Name='Image'>C:\Windows\System32\svchost.exe</Data><Data Name='FileVersion'>10.0.19041.546 (WinBuild.160101.0800)</Data><Data Name='Description'>Host Process for Windows Services</Data><Data Name='Product'>Microsoft® Windows® Operating System</Data><Data Name='Company'>Microsoft Corporation</Data><Data Name='OriginalFileName'>svchost.exe</Data><Data Name='CommandLine'>C:\Windows\System32\svchost.exe -k wsappx -p -s ClipSVC</Data><Data Name='CurrentDirectory'>C:\Windows\system32\</Data><Data Name='User'>NT AUTHORITY\SYSTEM</Data><Data Name='LogonGuid'>{ec47ca29-70be-61d3-e703-000000000000}</Data><Data Name='LogonId'>0x3e7</Data><Data Name='TerminalSessionId'>0</Data><Data Name='IntegrityLevel'>System</Data><Data Name='Hashes'>SHA256=643EC58E82E0272C97C2A59F6020970D881AF19C0AD5029DB9C958C13B6558C7</Data><Data Name='ParentProcessGuid'>{00000000-0000-0000-0000-000000000000}</Data><Data Name='ParentProcessId'>944</Data><Data Name='ParentImage'>-</Data><Data Name='ParentCommandLine'>-</Data><Data Name='ParentUser'>-</Data></EventData></Event><Event xmlns='http://schemas.microsoft.com/win/2004/08/events/event'><System><Provider Name='Microsoft-Windows-Sysmon' Guid='{5770385f-c22a-43e0-bf4c-06f5698ffbd9}'/><EventID>1</EventID><Version>5</Version><Level>4</Level><Task>1</Task><Opcode>0</Opcode><Keywords>0x8000000000000000</Keywords><TimeCreated SystemTime='2022-01-04T08:35:22.4127538Z'/><EventRecordID>2049</EventRecordID><Correlation/><Execution ProcessID='14108' ThreadID='3560'/><Channel>Microsoft-Windows-Sysmon/Operational</Channel><Computer>DESKTOP-JP20VPR</Computer><Security UserID='S-1-5-18'/></System><EventData><Data Name='RuleName'>-</Data><Data Name='UtcTime'>2022-01-04 08:35:22.409</Data><Data Name='ProcessGuid'>{ec47ca29-06ca-61d4-f206-000000008600}</Data><Data Name='ProcessId'>19280</Data><Data Name='Image'>C:\Windows\System32\backgroundTaskHost.exe</Data><Data Name='FileVersion'>10.0.19041.546 (WinBuild.160101.0800)</Data><Data Name='Description'>Background Task Host</Data><Data Name='Product'>Microsoft® Windows® Operating System</Data><Data Name='Company'>Microsoft Corporation</Data><Data Name='OriginalFileName'>backgroundTaskHost.exe</Data><Data Name='CommandLine'>"C:\Windows\system32\backgroundTaskHost.exe" -ServerName:Microsoft.MicrosoftOfficeHub.AppX54h2e8jwdm50fj5ha8987vz1etpx7czd.mca</Data><Data Name='CurrentDirectory'>C:\Program Files\WindowsApps\Microsoft.MicrosoftOfficeHub_18.2110.13110.0_x64__8wekyb3d8bbwe\</Data><Data Name='User'>DESKTOP-JP20VPR\BobWe</Data><Data Name='LogonGuid'>{ec47ca29-70bf-61d3-9db4-020000000000}</Data><Data Name='LogonId'>0x2b49d</Data><Data Name='TerminalSessionId'>1</Data><Data Name='IntegrityLevel'>AppContainer</Data><Data Name='Hashes'>SHA256=20330D3CA71D58F4AEB432676CB6A3D5B97005954E45132FB083E90782EFDD50</Data><Data Name='ParentProcessGuid'>{ec47ca29-70be-61d3-0d00-000000008600}</Data><Data Name='ParentProcessId'>1056</Data><Data Name='ParentImage'>C:\Windows\System32\svchost.exe</Data><Data Name='ParentCommandLine'>C:\Windows\system32\svchost.exe -k DcomLaunch -p</Data><Data Name='ParentUser'>NT AUTHORITY\SYSTEM</Data></EventData></Event><Event xmlns='http://schemas.microsoft.com/win/2004/08/events/event'><System><Provider Name='Microsoft-Windows-Sysmon' Guid='{5770385f-c22a-43e0-bf4c-06f5698ffbd9}'/><EventID>5</EventID><Version>3</Version><Level>4</Level><Task>5</Task><Opcode>0</Opcode><Keywords>0x8000000000000000</Keywords><TimeCreated SystemTime='2022-01-04T08:34:23.0696731Z'/><EventRecordID>2048</EventRecordID><Correlation/><Execution ProcessID='14108' ThreadID='3560'/><Channel>Microsoft-Windows-Sysmon/Operational</Channel><Computer>DESKTOP-JP20VPR</Computer><Security UserID='S-1-5-18'/></System><EventData><Data Name='RuleName'>-</Data><Data Name='UtcTime'>2022-01-04 08:34:23.068</Data><Data Name='ProcessGuid'>{ec47ca29-0652-61d4-f006-000000008600}</Data><Data Name='ProcessId'>10120</Data><Data Name='Image'>C:\Windows\System32\backgroundTaskHost.exe</Data><Data Name='User'>DESKTOP-JP20VPR\BobWe</Data></EventData></Event><Event xmlns='http://schemas.microsoft.com/win/2004/08/events/event'><System><Provider Name='Microsoft-Windows-Sysmon' Guid='{5770385f-c22a-43e0-bf4c-06f5698ffbd9}'/><EventID>5</EventID><Version>3</Version><Level>4</Level><Task>5</Task><Opcode>0</Opcode><Keywords>0x8000000000000000</Keywords><TimeCreated SystemTime='2022-01-04T08:34:22.7128866Z'/><EventRecordID>2047</EventRecordID><Correlation/><Execution ProcessID='14108' ThreadID='3560'/><Channel>Microsoft-Windows-Sysmon/Operational</Channel><Computer>DESKTOP-JP20VPR</Computer><Security UserID='S-1-5-18'/></System><EventData><Data Name='RuleName'>-</Data><Data Name='UtcTime'>2022-01-04 08:34:22.712</Data><Data Name='ProcessGuid'>{ec47ca29-0652-61d4-f106-000000008600}</Data><Data Name='ProcessId'>11016</Data><Data Name='Image'>C:\Windows\System32\backgroundTaskHost.exe</Data><Data Name='User'>DESKTOP-JP20VPR\BobWe</Data></EventData></Event>