Information	1/4/2022 2:30:46 PM	Microsoft-Windows-Sysmon	1	Process Create (rule: ProcessCreate)	S-1-5-18	Microsoft-Windows-Sysmon/Operational		Info	DESKTOP-JP20VPR	14108	3560						00000000-0000-0000-0000-000000000000	00000000-0000-0000-0000-000000000000		"Process Create:
RuleName: -
UtcTime: 2022-01-04 19:30:46.128
ProcessGuid: {ec47ca29-a066-61d4-ce09-000000008600}
ProcessId: 3076
Image: D:\Users\BobWe\anaconda3\Scripts\conda.exe
FileVersion: -
Description: -
Product: -
Company: -
OriginalFileName: -
CommandLine: ""D:\Users\BobWe\anaconda3\condabin\..\Scripts\conda.exe""    shell.cmd.exe activate D:\Users\BobWe\anaconda3 
CurrentDirectory: D:\Users\BobWe\anaconda3\Scripts\
User: DESKTOP-JP20VPR\BobWe
LogonGuid: {ec47ca29-70bf-61d3-9db4-020000000000}
LogonId: 0x2B49D
TerminalSessionId: 1
IntegrityLevel: Medium
Hashes: SHA256=28B001BB9A72AE7A24242BFAB248D767A1AC5DEC981C672A3944F7A072375E9A
ParentProcessGuid: {ec47ca29-a066-61d4-cc09-000000008600}
ParentProcessId: 3984
ParentImage: C:\Windows\System32\cmd.exe
ParentCommandLine: cmd.exe /c ""call D:\Users\BobWe\anaconda3\Scripts\activate.bat D:\Users\BobWe\anaconda3 && ""D:\Program Files\JetBrains\PyCharm Community Edition 2021.2.3\jbr\bin\java"" -cp ""D:\Program Files\JetBrains\PyCharm Community Edition 2021.2.3\lib\util.jar"" com.intellij.util.ReadEnv C:\Users\BobWe\AppData\Local\Temp\intellij-cmd-env.5889532553357205397.tmp || exit /B %ERRORLEVEL%""
ParentUser: DESKTOP-JP20VPR\BobWe"
Information	1/4/2022 2:30:46 PM	Microsoft-Windows-Sysmon	1	Process Create (rule: ProcessCreate)	S-1-5-18	Microsoft-Windows-Sysmon/Operational		Info	DESKTOP-JP20VPR	14108	3560						00000000-0000-0000-0000-000000000000	00000000-0000-0000-0000-000000000000		"Process Create:
RuleName: -
UtcTime: 2022-01-04 19:30:46.101
ProcessGuid: {ec47ca29-a066-61d4-cd09-000000008600}
ProcessId: 8236
Image: C:\Windows\System32\conhost.exe
FileVersion: 10.0.19041.1320 (WinBuild.160101.0800)
Description: Console Window Host
Product: Microsoft® Windows® Operating System
Company: Microsoft Corporation
OriginalFileName: CONHOST.EXE
CommandLine: \??\C:\Windows\system32\conhost.exe 0xffffffff -ForceV1
CurrentDirectory: C:\Windows
User: DESKTOP-JP20VPR\BobWe
LogonGuid: {ec47ca29-70bf-61d3-9db4-020000000000}
LogonId: 0x2B49D
TerminalSessionId: 1
IntegrityLevel: Medium
Hashes: SHA256=22117361C2C34CB18BEEE2CA9770B3AA6C8D032A0941991454DD222BEC6D9295
ParentProcessGuid: {ec47ca29-a066-61d4-cc09-000000008600}
ParentProcessId: 3984
ParentImage: C:\Windows\System32\cmd.exe
ParentCommandLine: cmd.exe /c ""call D:\Users\BobWe\anaconda3\Scripts\activate.bat D:\Users\BobWe\anaconda3 && ""D:\Program Files\JetBrains\PyCharm Community Edition 2021.2.3\jbr\bin\java"" -cp ""D:\Program Files\JetBrains\PyCharm Community Edition 2021.2.3\lib\util.jar"" com.intellij.util.ReadEnv C:\Users\BobWe\AppData\Local\Temp\intellij-cmd-env.5889532553357205397.tmp || exit /B %ERRORLEVEL%""
ParentUser: DESKTOP-JP20VPR\BobWe"
Information	1/4/2022 2:30:46 PM	Microsoft-Windows-Sysmon	1	Process Create (rule: ProcessCreate)	S-1-5-18	Microsoft-Windows-Sysmon/Operational		Info	DESKTOP-JP20VPR	14108	3560						00000000-0000-0000-0000-000000000000	00000000-0000-0000-0000-000000000000		"Process Create:
RuleName: -
UtcTime: 2022-01-04 19:30:46.098
ProcessGuid: {ec47ca29-a066-61d4-cc09-000000008600}
ProcessId: 3984
Image: C:\Windows\System32\cmd.exe
FileVersion: 10.0.19041.746 (WinBuild.160101.0800)
Description: Windows Command Processor
Product: Microsoft® Windows® Operating System
Company: Microsoft Corporation
OriginalFileName: Cmd.Exe
CommandLine: cmd.exe /c ""call D:\Users\BobWe\anaconda3\Scripts\activate.bat D:\Users\BobWe\anaconda3 && ""D:\Program Files\JetBrains\PyCharm Community Edition 2021.2.3\jbr\bin\java"" -cp ""D:\Program Files\JetBrains\PyCharm Community Edition 2021.2.3\lib\util.jar"" com.intellij.util.ReadEnv C:\Users\BobWe\AppData\Local\Temp\intellij-cmd-env.5889532553357205397.tmp || exit /B %%ERRORLEVEL%%""
CurrentDirectory: D:\Users\BobWe\anaconda3\Scripts\
User: DESKTOP-JP20VPR\BobWe
LogonGuid: {ec47ca29-70bf-61d3-9db4-020000000000}
LogonId: 0x2B49D
TerminalSessionId: 1
IntegrityLevel: Medium
Hashes: SHA256=B99D61D874728EDC0918CA0EB10EAB93D381E7367E377406E65963366C874450
ParentProcessGuid: {ec47ca29-a04c-61d4-ba09-000000008600}
ParentProcessId: 9976
ParentImage: D:\Program Files\JetBrains\PyCharm Community Edition 2021.2.3\bin\pycharm64.exe
ParentCommandLine: ""D:\Program Files\JetBrains\PyCharm Community Edition 2021.2.3\bin\pycharm64.exe"" 
ParentUser: DESKTOP-JP20VPR\BobWe"
Information	1/4/2022 2:30:45 PM	Microsoft-Windows-Sysmon	1	Process Create (rule: ProcessCreate)	S-1-5-18	Microsoft-Windows-Sysmon/Operational		Info	DESKTOP-JP20VPR	14108	3560						00000000-0000-0000-0000-000000000000	00000000-0000-0000-0000-000000000000		"Process Create:
RuleName: -
UtcTime: 2022-01-04 19:30:45.949
ProcessGuid: {ec47ca29-a065-61d4-cb09-000000008600}
ProcessId: 6632
Image: D:\Users\BobWe\anaconda3\python.exe
FileVersion: 3.8.5
Description: Python
Product: Python
Company: Python Software Foundation
OriginalFileName: python.exe
CommandLine: D:\Users\BobWe\anaconda3\python.exe ""D:\Users\BobWe\anaconda3\Scripts\conda-script.py"" ""shell.cmd.exe"" ""activate"" ""D:\Users\BobWe\anaconda3""
CurrentDirectory: D:\Users\BobWe\anaconda3\Scripts\
User: DESKTOP-JP20VPR\BobWe
LogonGuid: {ec47ca29-70bf-61d3-9db4-020000000000}
LogonId: 0x2B49D
TerminalSessionId: 1
IntegrityLevel: Medium
Hashes: SHA256=CD0BDE1121A87F11DDD930487B3E94DEEE8F1751C7BAF46099B7E56DF9C1862D
ParentProcessGuid: {ec47ca29-a065-61d4-ca09-000000008600}
ParentProcessId: 13364
ParentImage: D:\Users\BobWe\anaconda3\Scripts\conda.exe
ParentCommandLine: ""D:\Users\BobWe\anaconda3\condabin\..\Scripts\conda.exe""    shell.cmd.exe activate D:\Users\BobWe\anaconda3 
ParentUser: DESKTOP-JP20VPR\BobWe"
Information	1/4/2022 2:30:45 PM	Microsoft-Windows-Sysmon	1	Process Create (rule: ProcessCreate)	S-1-5-18	Microsoft-Windows-Sysmon/Operational		Info	DESKTOP-JP20VPR	14108	3560						00000000-0000-0000-0000-000000000000	00000000-0000-0000-0000-000000000000		"Process Create:
RuleName: -
UtcTime: 2022-01-04 19:30:45.856
ProcessGuid: {ec47ca29-a065-61d4-ca09-000000008600}
ProcessId: 13364
Image: D:\Users\BobWe\anaconda3\Scripts\conda.exe
FileVersion: -
Description: -
Product: -
Company: -
OriginalFileName: -
CommandLine: ""D:\Users\BobWe\anaconda3\condabin\..\Scripts\conda.exe""    shell.cmd.exe activate D:\Users\BobWe\anaconda3 
CurrentDirectory: D:\Users\BobWe\anaconda3\Scripts\
User: DESKTOP-JP20VPR\BobWe
LogonGuid: {ec47ca29-70bf-61d3-9db4-020000000000}
LogonId: 0x2B49D
TerminalSessionId: 1
IntegrityLevel: Medium
Hashes: SHA256=28B001BB9A72AE7A24242BFAB248D767A1AC5DEC981C672A3944F7A072375E9A
ParentProcessGuid: {ec47ca29-a065-61d4-c809-000000008600}
ParentProcessId: 19400
ParentImage: C:\Windows\System32\cmd.exe
ParentCommandLine: cmd.exe /c ""call D:\Users\BobWe\anaconda3\Scripts\activate.bat D:\Users\BobWe\anaconda3 && ""D:\Program Files\JetBrains\PyCharm Community Edition 2021.2.3\jbr\bin\java"" -cp ""D:\Program Files\JetBrains\PyCharm Community Edition 2021.2.3\lib\util.jar"" com.intellij.util.ReadEnv C:\Users\BobWe\AppData\Local\Temp\intellij-cmd-env.9482602338268418330.tmp || exit /B %ERRORLEVEL%""
ParentUser: DESKTOP-JP20VPR\BobWe"
Information	1/4/2022 2:30:45 PM	Microsoft-Windows-Sysmon	1	Process Create (rule: ProcessCreate)	S-1-5-18	Microsoft-Windows-Sysmon/Operational		Info	DESKTOP-JP20VPR	14108	3560						00000000-0000-0000-0000-000000000000	00000000-0000-0000-0000-000000000000		"Process Create:
RuleName: -
UtcTime: 2022-01-04 19:30:45.757
ProcessGuid: {ec47ca29-a065-61d4-c909-000000008600}
ProcessId: 14980
Image: C:\Windows\System32\conhost.exe
FileVersion: 10.0.19041.1320 (WinBuild.160101.0800)
Description: Console Window Host
Product: Microsoft® Windows® Operating System
Company: Microsoft Corporation
OriginalFileName: CONHOST.EXE
CommandLine: \??\C:\Windows\system32\conhost.exe 0xffffffff -ForceV1
CurrentDirectory: C:\Windows
User: DESKTOP-JP20VPR\BobWe
LogonGuid: {ec47ca29-70bf-61d3-9db4-020000000000}
LogonId: 0x2B49D
TerminalSessionId: 1
IntegrityLevel: Medium
Hashes: SHA256=22117361C2C34CB18BEEE2CA9770B3AA6C8D032A0941991454DD222BEC6D9295
ParentProcessGuid: {ec47ca29-a065-61d4-c809-000000008600}
ParentProcessId: 19400
ParentImage: C:\Windows\System32\cmd.exe
ParentCommandLine: cmd.exe /c ""call D:\Users\BobWe\anaconda3\Scripts\activate.bat D:\Users\BobWe\anaconda3 && ""D:\Program Files\JetBrains\PyCharm Community Edition 2021.2.3\jbr\bin\java"" -cp ""D:\Program Files\JetBrains\PyCharm Community Edition 2021.2.3\lib\util.jar"" com.intellij.util.ReadEnv C:\Users\BobWe\AppData\Local\Temp\intellij-cmd-env.9482602338268418330.tmp || exit /B %ERRORLEVEL%""
ParentUser: DESKTOP-JP20VPR\BobWe"
Information	1/4/2022 2:30:45 PM	Microsoft-Windows-Sysmon	1	Process Create (rule: ProcessCreate)	S-1-5-18	Microsoft-Windows-Sysmon/Operational		Info	DESKTOP-JP20VPR	14108	3560						00000000-0000-0000-0000-000000000000	00000000-0000-0000-0000-000000000000		"Process Create:
RuleName: -
UtcTime: 2022-01-04 19:30:45.753
ProcessGuid: {ec47ca29-a065-61d4-c809-000000008600}
ProcessId: 19400
Image: C:\Windows\System32\cmd.exe
FileVersion: 10.0.19041.746 (WinBuild.160101.0800)
Description: Windows Command Processor
Product: Microsoft® Windows® Operating System
Company: Microsoft Corporation
OriginalFileName: Cmd.Exe
CommandLine: cmd.exe /c ""call D:\Users\BobWe\anaconda3\Scripts\activate.bat D:\Users\BobWe\anaconda3 && ""D:\Program Files\JetBrains\PyCharm Community Edition 2021.2.3\jbr\bin\java"" -cp ""D:\Program Files\JetBrains\PyCharm Community Edition 2021.2.3\lib\util.jar"" com.intellij.util.ReadEnv C:\Users\BobWe\AppData\Local\Temp\intellij-cmd-env.9482602338268418330.tmp || exit /B %%ERRORLEVEL%%""
CurrentDirectory: D:\Users\BobWe\anaconda3\Scripts\
User: DESKTOP-JP20VPR\BobWe
LogonGuid: {ec47ca29-70bf-61d3-9db4-020000000000}
LogonId: 0x2B49D
TerminalSessionId: 1
IntegrityLevel: Medium
Hashes: SHA256=B99D61D874728EDC0918CA0EB10EAB93D381E7367E377406E65963366C874450
ParentProcessGuid: {ec47ca29-a04c-61d4-ba09-000000008600}
ParentProcessId: 9976
ParentImage: D:\Program Files\JetBrains\PyCharm Community Edition 2021.2.3\bin\pycharm64.exe
ParentCommandLine: ""D:\Program Files\JetBrains\PyCharm Community Edition 2021.2.3\bin\pycharm64.exe"" 
ParentUser: DESKTOP-JP20VPR\BobWe"
Information	1/4/2022 2:30:45 PM	Microsoft-Windows-Sysmon	5	Process terminated (rule: ProcessTerminate)	S-1-5-18	Microsoft-Windows-Sysmon/Operational		Info	DESKTOP-JP20VPR	14108	3560						00000000-0000-0000-0000-000000000000	00000000-0000-0000-0000-000000000000		"Process terminated:
RuleName: -
UtcTime: 2022-01-04 19:30:45.397
ProcessGuid: {ec47ca29-a065-61d4-c509-000000008600}
ProcessId: 18980
Image: C:\Windows\System32\conhost.exe
User: DESKTOP-JP20VPR\BobWe"
Information	1/4/2022 2:30:45 PM	Microsoft-Windows-Sysmon	5	Process terminated (rule: ProcessTerminate)	S-1-5-18	Microsoft-Windows-Sysmon/Operational		Info	DESKTOP-JP20VPR	14108	3560						00000000-0000-0000-0000-000000000000	00000000-0000-0000-0000-000000000000		"Process terminated:
RuleName: -
UtcTime: 2022-01-04 19:30:45.396
ProcessGuid: {ec47ca29-a065-61d4-c409-000000008600}
ProcessId: 15600
Image: D:\Program Files\JetBrains\PyCharm Community Edition 2021.2.3\bin\runnerw.exe
User: DESKTOP-JP20VPR\BobWe"
Information	1/4/2022 2:30:45 PM	Microsoft-Windows-Sysmon	5	Process terminated (rule: ProcessTerminate)	S-1-5-18	Microsoft-Windows-Sysmon/Operational		Info	DESKTOP-JP20VPR	14108	3560						00000000-0000-0000-0000-000000000000	00000000-0000-0000-0000-000000000000		"Process terminated:
RuleName: -
UtcTime: 2022-01-04 19:30:45.370
ProcessGuid: {ec47ca29-a065-61d4-c609-000000008600}
ProcessId: 484
Image: C:\Program Files\Git\cmd\git.exe
User: DESKTOP-JP20VPR\BobWe"
Information	1/4/2022 2:30:45 PM	Microsoft-Windows-Sysmon	5	Process terminated (rule: ProcessTerminate)	S-1-5-18	Microsoft-Windows-Sysmon/Operational		Info	DESKTOP-JP20VPR	14108	3560						00000000-0000-0000-0000-000000000000	00000000-0000-0000-0000-000000000000		"Process terminated:
RuleName: -
UtcTime: 2022-01-04 19:30:45.369
ProcessGuid: {ec47ca29-a065-61d4-c709-000000008600}
ProcessId: 1172
Image: C:\Program Files\Git\mingw64\bin\git.exe
User: DESKTOP-JP20VPR\BobWe"
Information	1/4/2022 2:30:45 PM	Microsoft-Windows-Sysmon	1	Process Create (rule: ProcessCreate)	S-1-5-18	Microsoft-Windows-Sysmon/Operational		Info	DESKTOP-JP20VPR	14108	3560						00000000-0000-0000-0000-000000000000	00000000-0000-0000-0000-000000000000		"Process Create:
RuleName: -
UtcTime: 2022-01-04 19:30:45.336
ProcessGuid: {ec47ca29-a065-61d4-c709-000000008600}
ProcessId: 1172
Image: C:\Program Files\Git\mingw64\bin\git.exe
FileVersion: -
Description: Git for Windows
Product: Git
Company: The Git Development Community
OriginalFileName: git.exe
CommandLine: git.exe version
CurrentDirectory: D:\Program Files\JetBrains\PyCharm Community Edition 2021.2.3\jbr\bin\
User: DESKTOP-JP20VPR\BobWe
LogonGuid: {ec47ca29-70bf-61d3-9db4-020000000000}
LogonId: 0x2B49D
TerminalSessionId: 1
IntegrityLevel: Medium
Hashes: SHA256=24A968B7F02C5B1168871E187F2C790B5D9511496226AD98327F9301532ED3D4
ParentProcessGuid: {ec47ca29-a065-61d4-c609-000000008600}
ParentProcessId: 484
ParentImage: C:\Program Files\Git\cmd\git.exe
ParentCommandLine: ""C:\Program Files\Git\cmd\git.exe"" version
ParentUser: DESKTOP-JP20VPR\BobWe"
Information	1/4/2022 2:30:45 PM	Microsoft-Windows-Sysmon	1	Process Create (rule: ProcessCreate)	S-1-5-18	Microsoft-Windows-Sysmon/Operational		Info	DESKTOP-JP20VPR	14108	3560						00000000-0000-0000-0000-000000000000	00000000-0000-0000-0000-000000000000		"Process Create:
RuleName: -
UtcTime: 2022-01-04 19:30:45.326
ProcessGuid: {ec47ca29-a065-61d4-c609-000000008600}
ProcessId: 484
Image: C:\Program Files\Git\cmd\git.exe
FileVersion: -
Description: Git for Windows
Product: Git
Company: The Git Development Community
OriginalFileName: git.exe
CommandLine: ""C:\Program Files\Git\cmd\git.exe"" version
CurrentDirectory: D:\Program Files\JetBrains\PyCharm Community Edition 2021.2.3\jbr\bin\
User: DESKTOP-JP20VPR\BobWe
LogonGuid: {ec47ca29-70bf-61d3-9db4-020000000000}
LogonId: 0x2B49D
TerminalSessionId: 1
IntegrityLevel: Medium
Hashes: SHA256=E5326C66D1FE8E8C66CCFE39068A450A7B8E1713F17957FC8FC947AF96386FC2
ParentProcessGuid: {ec47ca29-a065-61d4-c409-000000008600}
ParentProcessId: 15600
ParentImage: D:\Program Files\JetBrains\PyCharm Community Edition 2021.2.3\bin\runnerw.exe
ParentCommandLine: ""D:\Program Files\JetBrains\PyCharm Community Edition 2021.2.3\bin\runnerw.exe"" ""C:\Program Files\Git\cmd\git.exe"" version
ParentUser: DESKTOP-JP20VPR\BobWe"
Information	1/4/2022 2:30:45 PM	Microsoft-Windows-Sysmon	1	Process Create (rule: ProcessCreate)	S-1-5-18	Microsoft-Windows-Sysmon/Operational		Info	DESKTOP-JP20VPR	14108	3560						00000000-0000-0000-0000-000000000000	00000000-0000-0000-0000-000000000000		"Process Create:
RuleName: -
UtcTime: 2022-01-04 19:30:45.302
ProcessGuid: {ec47ca29-a065-61d4-c509-000000008600}
ProcessId: 18980
Image: C:\Windows\System32\conhost.exe
FileVersion: 10.0.19041.1320 (WinBuild.160101.0800)
Description: Console Window Host
Product: Microsoft® Windows® Operating System
Company: Microsoft Corporation
OriginalFileName: CONHOST.EXE
CommandLine: \??\C:\Windows\system32\conhost.exe 0xffffffff -ForceV1
CurrentDirectory: C:\Windows
User: DESKTOP-JP20VPR\BobWe
LogonGuid: {ec47ca29-70bf-61d3-9db4-020000000000}
LogonId: 0x2B49D
TerminalSessionId: 1
IntegrityLevel: Medium
Hashes: SHA256=22117361C2C34CB18BEEE2CA9770B3AA6C8D032A0941991454DD222BEC6D9295
ParentProcessGuid: {ec47ca29-a065-61d4-c409-000000008600}
ParentProcessId: 15600
ParentImage: D:\Program Files\JetBrains\PyCharm Community Edition 2021.2.3\bin\runnerw.exe
ParentCommandLine: ""D:\Program Files\JetBrains\PyCharm Community Edition 2021.2.3\bin\runnerw.exe"" ""C:\Program Files\Git\cmd\git.exe"" version
ParentUser: DESKTOP-JP20VPR\BobWe"
Information	1/4/2022 2:30:45 PM	Microsoft-Windows-Sysmon	1	Process Create (rule: ProcessCreate)	S-1-5-18	Microsoft-Windows-Sysmon/Operational		Info	DESKTOP-JP20VPR	14108	3560						00000000-0000-0000-0000-000000000000	00000000-0000-0000-0000-000000000000		"Process Create:
RuleName: -
UtcTime: 2022-01-04 19:30:45.287
ProcessGuid: {ec47ca29-a065-61d4-c409-000000008600}
ProcessId: 15600
Image: D:\Program Files\JetBrains\PyCharm Community Edition 2021.2.3\bin\runnerw.exe
FileVersion: 1.0.0.1
Description: Command line runner
Product: IntelliJ Platform
Company: JetBrains s.r.o.
OriginalFileName: runnerw.exe
CommandLine: ""D:\Program Files\JetBrains\PyCharm Community Edition 2021.2.3\bin\runnerw.exe"" ""C:\Program Files\Git\cmd\git.exe"" version
CurrentDirectory: D:\Program Files\JetBrains\PyCharm Community Edition 2021.2.3\jbr\bin\
User: DESKTOP-JP20VPR\BobWe
LogonGuid: {ec47ca29-70bf-61d3-9db4-020000000000}
LogonId: 0x2B49D
TerminalSessionId: 1
IntegrityLevel: Medium
Hashes: SHA256=FA90256C0A1FFB19B58D96065AB449ED5DC92B323DCABFD826462AEA6148A309
ParentProcessGuid: {ec47ca29-a04c-61d4-ba09-000000008600}
ParentProcessId: 9976
ParentImage: D:\Program Files\JetBrains\PyCharm Community Edition 2021.2.3\bin\pycharm64.exe
ParentCommandLine: ""D:\Program Files\JetBrains\PyCharm Community Edition 2021.2.3\bin\pycharm64.exe"" 
ParentUser: DESKTOP-JP20VPR\BobWe"
Information	1/4/2022 2:30:45 PM	Microsoft-Windows-Sysmon	5	Process terminated (rule: ProcessTerminate)	S-1-5-18	Microsoft-Windows-Sysmon/Operational		Info	DESKTOP-JP20VPR	14108	3560						00000000-0000-0000-0000-000000000000	00000000-0000-0000-0000-000000000000		"Process terminated:
RuleName: -
UtcTime: 2022-01-04 19:30:45.020
ProcessGuid: {ec47ca29-a064-61d4-c309-000000008600}
ProcessId: 8340
Image: C:\Windows\System32\conhost.exe
User: DESKTOP-JP20VPR\BobWe"
Information	1/4/2022 2:30:45 PM	Microsoft-Windows-Sysmon	5	Process terminated (rule: ProcessTerminate)	S-1-5-18	Microsoft-Windows-Sysmon/Operational		Info	DESKTOP-JP20VPR	14108	3560						00000000-0000-0000-0000-000000000000	00000000-0000-0000-0000-000000000000		"Process terminated:
RuleName: -
UtcTime: 2022-01-04 19:30:45.018
ProcessGuid: {ec47ca29-a064-61d4-c209-000000008600}
ProcessId: 3128
Image: C:\Windows\System32\wsl.exe
User: DESKTOP-JP20VPR\BobWe"
Information	1/4/2022 2:30:44 PM	Microsoft-Windows-Sysmon	1	Process Create (rule: ProcessCreate)	S-1-5-18	Microsoft-Windows-Sysmon/Operational		Info	DESKTOP-JP20VPR	14108	3560						00000000-0000-0000-0000-000000000000	00000000-0000-0000-0000-000000000000		"Process Create:
RuleName: -
UtcTime: 2022-01-04 19:30:44.995
ProcessGuid: {ec47ca29-a064-61d4-c309-000000008600}
ProcessId: 8340
Image: C:\Windows\System32\conhost.exe
FileVersion: 10.0.19041.1320 (WinBuild.160101.0800)
Description: Console Window Host
Product: Microsoft® Windows® Operating System
Company: Microsoft Corporation
OriginalFileName: CONHOST.EXE
CommandLine: \??\C:\Windows\system32\conhost.exe 0xffffffff -ForceV1
CurrentDirectory: C:\Windows
User: DESKTOP-JP20VPR\BobWe
LogonGuid: {ec47ca29-70bf-61d3-9db4-020000000000}
LogonId: 0x2B49D
TerminalSessionId: 1
IntegrityLevel: Medium
Hashes: SHA256=22117361C2C34CB18BEEE2CA9770B3AA6C8D032A0941991454DD222BEC6D9295
ParentProcessGuid: {ec47ca29-a064-61d4-c209-000000008600}
ParentProcessId: 3128
ParentImage: C:\Windows\System32\wsl.exe
ParentCommandLine: C:\Windows\system32\wsl.exe --list --quiet
ParentUser: DESKTOP-JP20VPR\BobWe"
Information	1/4/2022 2:30:44 PM	Microsoft-Windows-Sysmon	1	Process Create (rule: ProcessCreate)	S-1-5-18	Microsoft-Windows-Sysmon/Operational		Info	DESKTOP-JP20VPR	14108	3560						00000000-0000-0000-0000-000000000000	00000000-0000-0000-0000-000000000000		"Process Create:
RuleName: -
UtcTime: 2022-01-04 19:30:44.991
ProcessGuid: {ec47ca29-a064-61d4-c209-000000008600}
ProcessId: 3128
Image: C:\Windows\System32\wsl.exe
FileVersion: 10.0.19041.1320 (WinBuild.160101.0800)
Description: Microsoft Windows Subsystem for Linux Launcher
Product: Microsoft® Windows® Operating System
Company: Microsoft Corporation
OriginalFileName: wsl.exe
CommandLine: C:\Windows\system32\wsl.exe --list --quiet
CurrentDirectory: D:\Program Files\JetBrains\PyCharm Community Edition 2021.2.3\jbr\bin\
User: DESKTOP-JP20VPR\BobWe
LogonGuid: {ec47ca29-70bf-61d3-9db4-020000000000}
LogonId: 0x2B49D
TerminalSessionId: 1
IntegrityLevel: Medium
Hashes: SHA256=9FBB5B45C7E911D37E88F6EDA4D5D237F20F651235667EADAAA097B08EB8CC48
ParentProcessGuid: {ec47ca29-a04c-61d4-ba09-000000008600}
ParentProcessId: 9976
ParentImage: D:\Program Files\JetBrains\PyCharm Community Edition 2021.2.3\bin\pycharm64.exe
ParentCommandLine: ""D:\Program Files\JetBrains\PyCharm Community Edition 2021.2.3\bin\pycharm64.exe"" 
ParentUser: DESKTOP-JP20VPR\BobWe"
Information	1/4/2022 2:30:44 PM	Microsoft-Windows-Sysmon	5	Process terminated (rule: ProcessTerminate)	S-1-5-18	Microsoft-Windows-Sysmon/Operational		Info	DESKTOP-JP20VPR	14108	3560						00000000-0000-0000-0000-000000000000	00000000-0000-0000-0000-000000000000		"Process terminated:
RuleName: -
UtcTime: 2022-01-04 19:30:44.929
ProcessGuid: {ec47ca29-a064-61d4-c109-000000008600}
ProcessId: 16124
Image: C:\Windows\System32\conhost.exe
User: DESKTOP-JP20VPR\BobWe"
Information	1/4/2022 2:30:44 PM	Microsoft-Windows-Sysmon	5	Process terminated (rule: ProcessTerminate)	S-1-5-18	Microsoft-Windows-Sysmon/Operational		Info	DESKTOP-JP20VPR	14108	3560						00000000-0000-0000-0000-000000000000	00000000-0000-0000-0000-000000000000		"Process terminated:
RuleName: -
UtcTime: 2022-01-04 19:30:44.927
ProcessGuid: {ec47ca29-a064-61d4-c009-000000008600}
ProcessId: 1972
Image: C:\Windows\System32\wsl.exe
User: DESKTOP-JP20VPR\BobWe"
Information	1/4/2022 2:30:44 PM	Microsoft-Windows-Sysmon	1	Process Create (rule: ProcessCreate)	S-1-5-18	Microsoft-Windows-Sysmon/Operational		Info	DESKTOP-JP20VPR	14108	3560						00000000-0000-0000-0000-000000000000	00000000-0000-0000-0000-000000000000		"Process Create:
RuleName: -
UtcTime: 2022-01-04 19:30:44.904
ProcessGuid: {ec47ca29-a064-61d4-c109-000000008600}
ProcessId: 16124
Image: C:\Windows\System32\conhost.exe
FileVersion: 10.0.19041.1320 (WinBuild.160101.0800)
Description: Console Window Host
Product: Microsoft® Windows® Operating System
Company: Microsoft Corporation
OriginalFileName: CONHOST.EXE
CommandLine: \??\C:\Windows\system32\conhost.exe 0xffffffff -ForceV1
CurrentDirectory: C:\Windows
User: DESKTOP-JP20VPR\BobWe
LogonGuid: {ec47ca29-70bf-61d3-9db4-020000000000}
LogonId: 0x2B49D
TerminalSessionId: 1
IntegrityLevel: Medium
Hashes: SHA256=22117361C2C34CB18BEEE2CA9770B3AA6C8D032A0941991454DD222BEC6D9295
ParentProcessGuid: {ec47ca29-a064-61d4-c009-000000008600}
ParentProcessId: 1972
ParentImage: C:\Windows\System32\wsl.exe
ParentCommandLine: C:\Windows\system32\wsl.exe --list --verbose
ParentUser: DESKTOP-JP20VPR\BobWe"
Information	1/4/2022 2:30:44 PM	Microsoft-Windows-Sysmon	1	Process Create (rule: ProcessCreate)	S-1-5-18	Microsoft-Windows-Sysmon/Operational		Info	DESKTOP-JP20VPR	14108	3560						00000000-0000-0000-0000-000000000000	00000000-0000-0000-0000-000000000000		"Process Create:
RuleName: -
UtcTime: 2022-01-04 19:30:44.898
ProcessGuid: {ec47ca29-a064-61d4-c009-000000008600}
ProcessId: 1972
Image: C:\Windows\System32\wsl.exe
FileVersion: 10.0.19041.1320 (WinBuild.160101.0800)
Description: Microsoft Windows Subsystem for Linux Launcher
Product: Microsoft® Windows® Operating System
Company: Microsoft Corporation
OriginalFileName: wsl.exe
CommandLine: C:\Windows\system32\wsl.exe --list --verbose
CurrentDirectory: D:\Program Files\JetBrains\PyCharm Community Edition 2021.2.3\jbr\bin\
User: DESKTOP-JP20VPR\BobWe
LogonGuid: {ec47ca29-70bf-61d3-9db4-020000000000}
LogonId: 0x2B49D
TerminalSessionId: 1
IntegrityLevel: Medium
Hashes: SHA256=9FBB5B45C7E911D37E88F6EDA4D5D237F20F651235667EADAAA097B08EB8CC48
ParentProcessGuid: {ec47ca29-a04c-61d4-ba09-000000008600}
ParentProcessId: 9976
ParentImage: D:\Program Files\JetBrains\PyCharm Community Edition 2021.2.3\bin\pycharm64.exe
ParentCommandLine: ""D:\Program Files\JetBrains\PyCharm Community Edition 2021.2.3\bin\pycharm64.exe"" 
ParentUser: DESKTOP-JP20VPR\BobWe"
Information	1/4/2022 2:30:41 PM	Microsoft-Windows-Sysmon	1	Process Create (rule: ProcessCreate)	S-1-5-18	Microsoft-Windows-Sysmon/Operational		Info	DESKTOP-JP20VPR	14108	3560						00000000-0000-0000-0000-000000000000	00000000-0000-0000-0000-000000000000		"Process Create:
RuleName: -
UtcTime: 2022-01-04 19:30:41.612
ProcessGuid: {ec47ca29-a061-61d4-bf09-000000008600}
ProcessId: 10476
Image: C:\Windows\System32\svchost.exe
FileVersion: 10.0.19041.546 (WinBuild.160101.0800)
Description: Host Process for Windows Services
Product: Microsoft® Windows® Operating System
Company: Microsoft Corporation
OriginalFileName: svchost.exe
CommandLine: C:\Windows\system32\svchost.exe -k wsappx -p -s AppXSvc
CurrentDirectory: C:\Windows\system32\
User: NT AUTHORITY\SYSTEM
LogonGuid: {ec47ca29-70be-61d3-e703-000000000000}
LogonId: 0x3E7
TerminalSessionId: 0
IntegrityLevel: System
Hashes: SHA256=643EC58E82E0272C97C2A59F6020970D881AF19C0AD5029DB9C958C13B6558C7
ParentProcessGuid: {00000000-0000-0000-0000-000000000000}
ParentProcessId: 944
ParentImage: -
ParentCommandLine: -
ParentUser: -"
Information	1/4/2022 2:30:41 PM	Microsoft-Windows-Sysmon	1	Process Create (rule: ProcessCreate)	S-1-5-18	Microsoft-Windows-Sysmon/Operational		Info	DESKTOP-JP20VPR	14108	3560						00000000-0000-0000-0000-000000000000	00000000-0000-0000-0000-000000000000		"Process Create:
RuleName: -
UtcTime: 2022-01-04 19:30:41.297
ProcessGuid: {ec47ca29-a061-61d4-be09-000000008600}
ProcessId: 3896
Image: D:\Program Files\JetBrains\PyCharm Community Edition 2021.2.3\jbr\bin\jcef_helper.exe
FileVersion: 89.0.12.467+g6d72c61
Description: Java Chromium Embedded Framework (JCEF) Helper
Product: Java Chromium Embedded Framework (JCEF) Helper
Company: -
OriginalFileName: jcef_helper.exe
CommandLine: ""D:\Program Files\JetBrains\PyCharm Community Edition 2021.2.3\jbr/bin/jcef_helper"" --type=utility --utility-sub-type=network.mojom.NetworkService --field-trial-handle=4372,16882056392272645892,25449366915171013,131072 --enable-features=CastMediaRouteProvider --disable-features=SpareRendererForSitePerProcess --lang=en-US --service-sandbox-type=network --no-sandbox --locales-dir-path=""D:\Program Files\JetBrains\PyCharm Community Edition 2021.2.3\jbr/bin/locales"" --log-file=""C:\Users\BobWe\jcef_9976.log"" --log-severity=disable --resources-dir-path=""D:\Program Files\JetBrains\PyCharm Community Edition 2021.2.3\jbr/bin"" --lang=en-US --log-file=""C:\Users\BobWe\jcef_9976.log"" --mojo-platform-channel-handle=5080 /prefetch:8
CurrentDirectory: D:\Program Files\JetBrains\PyCharm Community Edition 2021.2.3\jbr\bin\
User: DESKTOP-JP20VPR\BobWe
LogonGuid: {ec47ca29-70bf-61d3-9db4-020000000000}
LogonId: 0x2B49D
TerminalSessionId: 1
IntegrityLevel: Medium
Hashes: SHA256=7D5FA642494F2C0EE67B8B657036403AF26FA141B76780F2D441B50D7AECAE1F
ParentProcessGuid: {ec47ca29-a04c-61d4-ba09-000000008600}
ParentProcessId: 9976
ParentImage: D:\Program Files\JetBrains\PyCharm Community Edition 2021.2.3\bin\pycharm64.exe
ParentCommandLine: ""D:\Program Files\JetBrains\PyCharm Community Edition 2021.2.3\bin\pycharm64.exe"" 
ParentUser: DESKTOP-JP20VPR\BobWe"
Information	1/4/2022 2:30:39 PM	Microsoft-Windows-Sysmon	1	Process Create (rule: ProcessCreate)	S-1-5-18	Microsoft-Windows-Sysmon/Operational		Info	DESKTOP-JP20VPR	14108	3560						00000000-0000-0000-0000-000000000000	00000000-0000-0000-0000-000000000000		"Process Create:
RuleName: -
UtcTime: 2022-01-04 19:30:39.185
ProcessGuid: {ec47ca29-a05f-61d4-bd09-000000008600}
ProcessId: 6432
Image: D:\Program Files\JetBrains\PyCharm Community Edition 2021.2.3\jbr\bin\jcef_helper.exe
FileVersion: 89.0.12.467+g6d72c61
Description: Java Chromium Embedded Framework (JCEF) Helper
Product: Java Chromium Embedded Framework (JCEF) Helper
Company: -
OriginalFileName: jcef_helper.exe
CommandLine: ""D:\Program Files\JetBrains\PyCharm Community Edition 2021.2.3\jbr/bin/jcef_helper"" --type=gpu-process --field-trial-handle=4372,16882056392272645892,25449366915171013,131072 --enable-features=CastMediaRouteProvider --disable-features=SpareRendererForSitePerProcess --no-sandbox --locales-dir-path=""D:\Program Files\JetBrains\PyCharm Community Edition 2021.2.3\jbr/bin/locales"" --log-file=""C:\Users\BobWe\jcef_9976.log"" --log-severity=disable --resources-dir-path=""D:\Program Files\JetBrains\PyCharm Community Edition 2021.2.3\jbr/bin"" --lang=en-US --gpu-preferences=SAAAAAAAAADgACAwAAAAAAAAAAAAAAAAAABgAAAAAAAoAAAAAAAAAAAAAAAAAAAAAAAAAAAAAAB4AAAAAAAAAHgAAAAAAAAAKAAAAAQAAAAgAAAAAAAAACgAAAAAAAAAMAAAAAAAAAA4AAAAAAAAABAAAAAAAAAAAAAAAAUAAAAQAAAAAAAAAAAAAAAGAAAAEAAAAAAAAAABAAAABQAAABAAAAAAAAAAAQAAAAYAAAAIAAAAAAAAAAgAAAAAAAAA --log-file=""C:\Users\BobWe\jcef_9976.log"" --mojo-platform-channel-handle=4476 /prefetch:2
CurrentDirectory: D:\Program Files\JetBrains\PyCharm Community Edition 2021.2.3\jbr\bin\
User: DESKTOP-JP20VPR\BobWe
LogonGuid: {ec47ca29-70bf-61d3-9db4-020000000000}
LogonId: 0x2B49D
TerminalSessionId: 1
IntegrityLevel: Medium
Hashes: SHA256=7D5FA642494F2C0EE67B8B657036403AF26FA141B76780F2D441B50D7AECAE1F
ParentProcessGuid: {ec47ca29-a04c-61d4-ba09-000000008600}
ParentProcessId: 9976
ParentImage: D:\Program Files\JetBrains\PyCharm Community Edition 2021.2.3\bin\pycharm64.exe
ParentCommandLine: ""D:\Program Files\JetBrains\PyCharm Community Edition 2021.2.3\bin\pycharm64.exe"" 
ParentUser: DESKTOP-JP20VPR\BobWe"
Information	1/4/2022 2:30:31 PM	Microsoft-Windows-Sysmon	1	Process Create (rule: ProcessCreate)	S-1-5-18	Microsoft-Windows-Sysmon/Operational		Info	DESKTOP-JP20VPR	14108	3560						00000000-0000-0000-0000-000000000000	00000000-0000-0000-0000-000000000000		"Process Create:
RuleName: -
UtcTime: 2022-01-04 19:30:31.592
ProcessGuid: {ec47ca29-a057-61d4-bc09-000000008600}
ProcessId: 14956
Image: C:\Windows\System32\conhost.exe
FileVersion: 10.0.19041.1320 (WinBuild.160101.0800)
Description: Console Window Host
Product: Microsoft® Windows® Operating System
Company: Microsoft Corporation
OriginalFileName: CONHOST.EXE
CommandLine: \??\C:\Windows\system32\conhost.exe 0xffffffff -ForceV1
CurrentDirectory: C:\Windows
User: DESKTOP-JP20VPR\BobWe
LogonGuid: {ec47ca29-70bf-61d3-9db4-020000000000}
LogonId: 0x2B49D
TerminalSessionId: 1
IntegrityLevel: Medium
Hashes: SHA256=22117361C2C34CB18BEEE2CA9770B3AA6C8D032A0941991454DD222BEC6D9295
ParentProcessGuid: {ec47ca29-a057-61d4-bb09-000000008600}
ParentProcessId: 7732
ParentImage: D:\Program Files\JetBrains\PyCharm Community Edition 2021.2.3\bin\fsnotifier.exe
ParentCommandLine: ""D:\Program Files\JetBrains\PyCharm Community Edition 2021.2.3\bin\fsnotifier.exe""
ParentUser: DESKTOP-JP20VPR\BobWe"
Information	1/4/2022 2:30:31 PM	Microsoft-Windows-Sysmon	1	Process Create (rule: ProcessCreate)	S-1-5-18	Microsoft-Windows-Sysmon/Operational		Info	DESKTOP-JP20VPR	14108	3560						00000000-0000-0000-0000-000000000000	00000000-0000-0000-0000-000000000000		"Process Create:
RuleName: -
UtcTime: 2022-01-04 19:30:31.562
ProcessGuid: {ec47ca29-a057-61d4-bb09-000000008600}
ProcessId: 7732
Image: D:\Program Files\JetBrains\PyCharm Community Edition 2021.2.3\bin\fsnotifier.exe
FileVersion: 14.0.0.16
Description: Filesystem events processor
Product: IntelliJ Platform
Company: JetBrains s.r.o.
OriginalFileName: fsnotifier64.exe
CommandLine: ""D:\Program Files\JetBrains\PyCharm Community Edition 2021.2.3\bin\fsnotifier.exe""
CurrentDirectory: D:\Program Files\JetBrains\PyCharm Community Edition 2021.2.3\jbr\bin\
User: DESKTOP-JP20VPR\BobWe
LogonGuid: {ec47ca29-70bf-61d3-9db4-020000000000}
LogonId: 0x2B49D
TerminalSessionId: 1
IntegrityLevel: Medium
Hashes: SHA256=A0D44F2360E2C03BEBD8DF2DA356AED77092D68D0548210A9772BC1A3487774B
ParentProcessGuid: {ec47ca29-a04c-61d4-ba09-000000008600}
ParentProcessId: 9976
ParentImage: D:\Program Files\JetBrains\PyCharm Community Edition 2021.2.3\bin\pycharm64.exe
ParentCommandLine: ""D:\Program Files\JetBrains\PyCharm Community Edition 2021.2.3\bin\pycharm64.exe"" 
ParentUser: DESKTOP-JP20VPR\BobWe"
Information	1/4/2022 2:30:20 PM	Microsoft-Windows-Sysmon	1	Process Create (rule: ProcessCreate)	S-1-5-18	Microsoft-Windows-Sysmon/Operational		Info	DESKTOP-JP20VPR	14108	3560						00000000-0000-0000-0000-000000000000	00000000-0000-0000-0000-000000000000		"Process Create:
RuleName: -
UtcTime: 2022-01-04 19:30:20.393
ProcessGuid: {ec47ca29-a04c-61d4-ba09-000000008600}
ProcessId: 9976
Image: D:\Program Files\JetBrains\PyCharm Community Edition 2021.2.3\bin\pycharm64.exe
FileVersion: 2021.2.3.PC-212.5457.59
Description: PyCharm
Product: PyCharm
Company: JetBrains s.r.o.
OriginalFileName: pycharm.exe
CommandLine: ""D:\Program Files\JetBrains\PyCharm Community Edition 2021.2.3\bin\pycharm64.exe"" 
CurrentDirectory: C:\Users\BobWe\OneDrive\Desktop\
User: DESKTOP-JP20VPR\BobWe
LogonGuid: {ec47ca29-70bf-61d3-9db4-020000000000}
LogonId: 0x2B49D
TerminalSessionId: 1
IntegrityLevel: Medium
Hashes: SHA256=AF6ADA18D574ADBF253222505A0423E343497C081DD06A66E088C983B1B8C33E
ParentProcessGuid: {ec47ca29-70c9-61d3-ef00-000000008600}
ParentProcessId: 8932
ParentImage: C:\Windows\explorer.exe
ParentCommandLine: C:\Windows\Explorer.EXE
ParentUser: DESKTOP-JP20VPR\BobWe"
Information	1/4/2022 2:29:53 PM	Microsoft-Windows-Sysmon	1	Process Create (rule: ProcessCreate)	S-1-5-18	Microsoft-Windows-Sysmon/Operational		Info	DESKTOP-JP20VPR	14108	3560						00000000-0000-0000-0000-000000000000	00000000-0000-0000-0000-000000000000		"Process Create:
RuleName: -
UtcTime: 2022-01-04 19:29:53.654
ProcessGuid: {ec47ca29-a031-61d4-b909-000000008600}
ProcessId: 10760
Image: C:\Program Files\Google\Chrome\Application\chrome.exe
FileVersion: 96.0.4664.110
Description: Google Chrome
Product: Google Chrome
Company: Google LLC
OriginalFileName: chrome.exe
CommandLine: ""C:\Program Files\Google\Chrome\Application\chrome.exe"" --type=renderer --display-capture-permissions-policy-allowed --origin-trial-disabled-features=CaptureHandle --field-trial-handle=1704,4209033002119389492,12267350203109084414,131072 --lang=en-US --device-scale-factor=1 --num-raster-threads=4 --enable-main-frame-before-activation --renderer-client-id=493 --mojo-platform-channel-handle=17616 /prefetch:1
CurrentDirectory: C:\Program Files\Google\Chrome\Application\96.0.4664.110\
User: DESKTOP-JP20VPR\BobWe
LogonGuid: {ec47ca29-70bf-61d3-9db4-020000000000}
LogonId: 0x2B49D
TerminalSessionId: 1
IntegrityLevel: Low
Hashes: SHA256=ACFB588D8780EE19C192515D376CE7F9B2B0F936487008D3733F9730425E657B
ParentProcessGuid: {ec47ca29-70dd-61d3-6101-000000008600}
ParentProcessId: 1976
ParentImage: C:\Program Files\Google\Chrome\Application\chrome.exe
ParentCommandLine: ""C:\Program Files\Google\Chrome\Application\chrome.exe"" --no-startup-window /prefetch:5
ParentUser: DESKTOP-JP20VPR\BobWe"
Information	1/4/2022 2:29:35 PM	Microsoft-Windows-Sysmon	5	Process terminated (rule: ProcessTerminate)	S-1-5-18	Microsoft-Windows-Sysmon/Operational		Info	DESKTOP-JP20VPR	14108	3560						00000000-0000-0000-0000-000000000000	00000000-0000-0000-0000-000000000000		"Process terminated:
RuleName: -
UtcTime: 2022-01-04 19:29:35.042
ProcessGuid: {ec47ca29-a001-61d4-ac09-000000008600}
ProcessId: 3356
Image: C:\Program Files\Adobe\Acrobat DC\Acrobat\Acrobat.exe
User: DESKTOP-JP20VPR\BobWe"
Information	1/4/2022 2:29:35 PM	Microsoft-Windows-Sysmon	5	Process terminated (rule: ProcessTerminate)	S-1-5-18	Microsoft-Windows-Sysmon/Operational		Info	DESKTOP-JP20VPR	14108	3560						00000000-0000-0000-0000-000000000000	00000000-0000-0000-0000-000000000000		"Process terminated:
RuleName: -
UtcTime: 2022-01-04 19:29:35.028
ProcessGuid: {ec47ca29-a001-61d4-ad09-000000008600}
ProcessId: 6604
Image: C:\Program Files\Adobe\Acrobat DC\Acrobat\Acrobat.exe
User: DESKTOP-JP20VPR\BobWe"
Information	1/4/2022 2:29:34 PM	Microsoft-Windows-Sysmon	5	Process terminated (rule: ProcessTerminate)	S-1-5-18	Microsoft-Windows-Sysmon/Operational		Info	DESKTOP-JP20VPR	14108	3560						00000000-0000-0000-0000-000000000000	00000000-0000-0000-0000-000000000000		"Process terminated:
RuleName: -
UtcTime: 2022-01-04 19:29:34.861
ProcessGuid: {ec47ca29-a004-61d4-ae09-000000008600}
ProcessId: 564
Image: C:\Program Files\Adobe\Acrobat DC\Acrobat\acrocef_1\AcroCEF.exe
User: DESKTOP-JP20VPR\BobWe"
Information	1/4/2022 2:29:34 PM	Microsoft-Windows-Sysmon	5	Process terminated (rule: ProcessTerminate)	S-1-5-18	Microsoft-Windows-Sysmon/Operational		Info	DESKTOP-JP20VPR	14108	3560						00000000-0000-0000-0000-000000000000	00000000-0000-0000-0000-000000000000		"Process terminated:
RuleName: -
UtcTime: 2022-01-04 19:29:34.851
ProcessGuid: {ec47ca29-a004-61d4-b109-000000008600}
ProcessId: 6712
Image: C:\Program Files\Adobe\Acrobat DC\Acrobat\acrocef_1\AcroCEF.exe
User: DESKTOP-JP20VPR\BobWe"
Information	1/4/2022 2:29:34 PM	Microsoft-Windows-Sysmon	5	Process terminated (rule: ProcessTerminate)	S-1-5-18	Microsoft-Windows-Sysmon/Operational		Info	DESKTOP-JP20VPR	14108	3560						00000000-0000-0000-0000-000000000000	00000000-0000-0000-0000-000000000000		"Process terminated:
RuleName: -
UtcTime: 2022-01-04 19:29:34.848
ProcessGuid: {ec47ca29-a004-61d4-b209-000000008600}
ProcessId: 4332
Image: C:\Program Files\Adobe\Acrobat DC\Acrobat\acrocef_1\AcroCEF.exe
User: DESKTOP-JP20VPR\BobWe"
Information	1/4/2022 2:29:34 PM	Microsoft-Windows-Sysmon	5	Process terminated (rule: ProcessTerminate)	S-1-5-18	Microsoft-Windows-Sysmon/Operational		Info	DESKTOP-JP20VPR	14108	3560						00000000-0000-0000-0000-000000000000	00000000-0000-0000-0000-000000000000		"Process terminated:
RuleName: -
UtcTime: 2022-01-04 19:29:34.818
ProcessGuid: {ec47ca29-a01c-61d4-b809-000000008600}
ProcessId: 15848
Image: C:\Program Files\Adobe\Acrobat DC\Acrobat\acrocef_1\AcroCEF.exe
User: DESKTOP-JP20VPR\BobWe"
Information	1/4/2022 2:29:34 PM	Microsoft-Windows-Sysmon	5	Process terminated (rule: ProcessTerminate)	S-1-5-18	Microsoft-Windows-Sysmon/Operational		Info	DESKTOP-JP20VPR	14108	3560						00000000-0000-0000-0000-000000000000	00000000-0000-0000-0000-000000000000		"Process terminated:
RuleName: -
UtcTime: 2022-01-04 19:29:34.769
ProcessGuid: {ec47ca29-a004-61d4-b309-000000008600}
ProcessId: 1500
Image: C:\Program Files\Adobe\Acrobat DC\Acrobat\acrocef_1\AcroCEF.exe
User: DESKTOP-JP20VPR\BobWe"
Information	1/4/2022 2:29:34 PM	Microsoft-Windows-Sysmon	5	Process terminated (rule: ProcessTerminate)	S-1-5-18	Microsoft-Windows-Sysmon/Operational		Info	DESKTOP-JP20VPR	14108	3560						00000000-0000-0000-0000-000000000000	00000000-0000-0000-0000-000000000000		"Process terminated:
RuleName: -
UtcTime: 2022-01-04 19:29:34.721
ProcessGuid: {ec47ca29-a006-61d4-b609-000000008600}
ProcessId: 13304
Image: C:\Program Files\Adobe\Acrobat DC\Acrobat\acrocef_1\AcroCEF.exe
User: DESKTOP-JP20VPR\BobWe"
Information	1/4/2022 2:29:33 PM	Microsoft-Windows-Sysmon	5	Process terminated (rule: ProcessTerminate)	S-1-5-18	Microsoft-Windows-Sysmon/Operational		Info	DESKTOP-JP20VPR	14108	3560						00000000-0000-0000-0000-000000000000	00000000-0000-0000-0000-000000000000		"Process terminated:
RuleName: -
UtcTime: 2022-01-04 19:29:33.237
ProcessGuid: {ec47ca29-9f2d-61d4-9d09-000000008600}
ProcessId: 16548
Image: C:\Windows\System32\svchost.exe
User: NT AUTHORITY\SYSTEM"
Information	1/4/2022 2:29:32 PM	Microsoft-Windows-Sysmon	1	Process Create (rule: ProcessCreate)	S-1-5-18	Microsoft-Windows-Sysmon/Operational		Info	DESKTOP-JP20VPR	14108	3560						00000000-0000-0000-0000-000000000000	00000000-0000-0000-0000-000000000000		"Process Create:
RuleName: -
UtcTime: 2022-01-04 19:29:32.446
ProcessGuid: {ec47ca29-a01c-61d4-b809-000000008600}
ProcessId: 15848
Image: C:\Program Files\Adobe\Acrobat DC\Acrobat\acrocef_1\AcroCEF.exe
FileVersion: 21.7.20099.454979
Description: Adobe AcroCEF
Product: Adobe AcroCEF
Company: Adobe Systems Incorporated
OriginalFileName: AcroCEF.exe
CommandLine: ""C:\Program Files\Adobe\Acrobat DC\Acrobat\acrocef_1\AcroCEF.exe"" --type=renderer --log-file=""C:\Program Files\Adobe\Acrobat DC\Acrobat\acrocef_1\debug.log"" --touch-events=enabled --field-trial-handle=1512,10174204104679088645,12824006127653766275,131072 --enable-features=CastMediaRouteProvider --disable-features=CalculateNativeWinOcclusion --disable-gpu-compositing --lang=en-US --disable-pack-loading --log-file=""C:\Program Files\Adobe\Acrobat DC\Acrobat\acrocef_1\debug.log"" --log-severity=disable --product-version=""ReaderServices/21.7.20099 Chrome/80.0.0.0"" --device-scale-factor=1 --num-raster-threads=4 --enable-main-frame-before-activation --renderer-client-id=9 --mojo-platform-channel-handle=1776 --allow-no-sandbox-job /prefetch:1
CurrentDirectory: C:\Windows\system32\
User: DESKTOP-JP20VPR\BobWe
LogonGuid: {ec47ca29-70bf-61d3-9db4-020000000000}
LogonId: 0x2B49D
TerminalSessionId: 1
IntegrityLevel: Low
Hashes: SHA256=D8F8B174FF4CB1D8D82D4A6D43857991DBAE82302A166DBB5FF6A047F22C220D
ParentProcessGuid: {ec47ca29-a004-61d4-ae09-000000008600}
ParentProcessId: 564
ParentImage: C:\Program Files\Adobe\Acrobat DC\Acrobat\acrocef_1\AcroCEF.exe
ParentCommandLine: ""C:\Program Files\Adobe\Acrobat DC\Acrobat\acrocef_1\AcroCEF.exe"" --backgroundcolor=16514043
ParentUser: DESKTOP-JP20VPR\BobWe"
Information	1/4/2022 2:29:12 PM	Microsoft-Windows-Sysmon	5	Process terminated (rule: ProcessTerminate)	S-1-5-18	Microsoft-Windows-Sysmon/Operational		Info	DESKTOP-JP20VPR	14108	3560						00000000-0000-0000-0000-000000000000	00000000-0000-0000-0000-000000000000		"Process terminated:
RuleName: -
UtcTime: 2022-01-04 19:29:12.616
ProcessGuid: {ec47ca29-a008-61d4-b709-000000008600}
ProcessId: 1176
Image: C:\Program Files (x86)\Common Files\Adobe\ARM\1.0\AdobeARM.exe
User: DESKTOP-JP20VPR\BobWe"
Information	1/4/2022 2:29:12 PM	Microsoft-Windows-Sysmon	1	Process Create (rule: ProcessCreate)	S-1-5-18	Microsoft-Windows-Sysmon/Operational		Info	DESKTOP-JP20VPR	14108	3560						00000000-0000-0000-0000-000000000000	00000000-0000-0000-0000-000000000000		"Process Create:
RuleName: -
UtcTime: 2022-01-04 19:29:12.295
ProcessGuid: {ec47ca29-a008-61d4-b709-000000008600}
ProcessId: 1176
Image: C:\Program Files (x86)\Common Files\Adobe\ARM\1.0\AdobeARM.exe
FileVersion: 1.824.44.8449
Description: Adobe Reader and Acrobat Manager
Product: Adobe Reader and Acrobat Manager
Company: Adobe Inc.
OriginalFileName: AdobeARM.exe
CommandLine: ""C:\Program Files (x86)\Common Files\Adobe\ARM\1.0\AdobeARM.exe"" /PRODUCT:Acrobat /VERSION:21.0 /MODE:3
CurrentDirectory: C:\Windows\system32\
User: DESKTOP-JP20VPR\BobWe
LogonGuid: {ec47ca29-70bf-61d3-9db4-020000000000}
LogonId: 0x2B49D
TerminalSessionId: 1
IntegrityLevel: Medium
Hashes: SHA256=5DED8A12139AD93D44491706F2F0124F532D0B43A136179604AE905E2D1CCB01
ParentProcessGuid: {ec47ca29-a001-61d4-ac09-000000008600}
ParentProcessId: 3356
ParentImage: C:\Program Files\Adobe\Acrobat DC\Acrobat\Acrobat.exe
ParentCommandLine: ""C:\Program Files\Adobe\Acrobat DC\Acrobat\Acrobat.exe"" 
ParentUser: DESKTOP-JP20VPR\BobWe"
Information	1/4/2022 2:29:10 PM	Microsoft-Windows-Sysmon	1	Process Create (rule: ProcessCreate)	S-1-5-18	Microsoft-Windows-Sysmon/Operational		Info	DESKTOP-JP20VPR	14108	3560						00000000-0000-0000-0000-000000000000	00000000-0000-0000-0000-000000000000		"Process Create:
RuleName: -
UtcTime: 2022-01-04 19:29:10.564
ProcessGuid: {ec47ca29-a006-61d4-b609-000000008600}
ProcessId: 13304
Image: C:\Program Files\Adobe\Acrobat DC\Acrobat\acrocef_1\AcroCEF.exe
FileVersion: 21.7.20099.454979
Description: Adobe AcroCEF
Product: Adobe AcroCEF
Company: Adobe Systems Incorporated
OriginalFileName: AcroCEF.exe
CommandLine: ""C:\Program Files\Adobe\Acrobat DC\Acrobat\acrocef_1\AcroCEF.exe"" --type=renderer --log-file=""C:\Program Files\Adobe\Acrobat DC\Acrobat\acrocef_1\debug.log"" --touch-events=enabled --field-trial-handle=1512,10174204104679088645,12824006127653766275,131072 --enable-features=CastMediaRouteProvider --disable-features=CalculateNativeWinOcclusion --disable-gpu-compositing --lang=en-US --disable-pack-loading --log-file=""C:\Program Files\Adobe\Acrobat DC\Acrobat\acrocef_1\debug.log"" --log-severity=disable --product-version=""ReaderServices/21.7.20099 Chrome/80.0.0.0"" --device-scale-factor=1 --num-raster-threads=4 --enable-main-frame-before-activation --renderer-client-id=8 --mojo-platform-channel-handle=2636 --allow-no-sandbox-job /prefetch:1
CurrentDirectory: C:\Windows\system32\
User: DESKTOP-JP20VPR\BobWe
LogonGuid: {ec47ca29-70bf-61d3-9db4-020000000000}
LogonId: 0x2B49D
TerminalSessionId: 1
IntegrityLevel: Low
Hashes: SHA256=D8F8B174FF4CB1D8D82D4A6D43857991DBAE82302A166DBB5FF6A047F22C220D
ParentProcessGuid: {ec47ca29-a004-61d4-ae09-000000008600}
ParentProcessId: 564
ParentImage: C:\Program Files\Adobe\Acrobat DC\Acrobat\acrocef_1\AcroCEF.exe
ParentCommandLine: ""C:\Program Files\Adobe\Acrobat DC\Acrobat\acrocef_1\AcroCEF.exe"" --backgroundcolor=16514043
ParentUser: DESKTOP-JP20VPR\BobWe"
Information	1/4/2022 2:29:08 PM	Microsoft-Windows-Sysmon	5	Process terminated (rule: ProcessTerminate)	S-1-5-18	Microsoft-Windows-Sysmon/Operational		Info	DESKTOP-JP20VPR	14108	3560						00000000-0000-0000-0000-000000000000	00000000-0000-0000-0000-000000000000		"Process terminated:
RuleName: -
UtcTime: 2022-01-04 19:29:08.690
ProcessGuid: {ec47ca29-a004-61d4-b509-000000008600}
ProcessId: 5328
Image: C:\Program Files\Adobe\Acrobat DC\Acrobat\acrocef_1\AcroCEF.exe
User: DESKTOP-JP20VPR\BobWe"
Information	1/4/2022 2:29:08 PM	Microsoft-Windows-Sysmon	1	Process Create (rule: ProcessCreate)	S-1-5-18	Microsoft-Windows-Sysmon/Operational		Info	DESKTOP-JP20VPR	14108	3560						00000000-0000-0000-0000-000000000000	00000000-0000-0000-0000-000000000000		"Process Create:
RuleName: -
UtcTime: 2022-01-04 19:29:08.654
ProcessGuid: {ec47ca29-a004-61d4-b509-000000008600}
ProcessId: 5328
Image: C:\Program Files\Adobe\Acrobat DC\Acrobat\acrocef_1\AcroCEF.exe
FileVersion: 21.7.20099.454979
Description: Adobe AcroCEF
Product: Adobe AcroCEF
Company: Adobe Systems Incorporated
OriginalFileName: AcroCEF.exe
CommandLine: ""C:\Program Files\Adobe\Acrobat DC\Acrobat\acrocef_1\AcroCEF.exe"" --type=gpu-process --field-trial-handle=1512,10174204104679088645,12824006127653766275,131072 --enable-features=CastMediaRouteProvider --disable-features=CalculateNativeWinOcclusion --disable-pack-loading --log-file=""C:\Program Files\Adobe\Acrobat DC\Acrobat\acrocef_1\debug.log"" --log-severity=disable --product-version=""ReaderServices/21.7.20099 Chrome/80.0.0.0"" --lang=en-US --gpu-preferences=OAAAAAAAAADgACAwAAAAAAAAAAAAAAAAAABgAAAAAAAYAAAAAAAAAAAAAAAAAAAAAAAAAAAAAAAoAAAABAAAACAAAAAAAAAAKAAAAAAAAAAwAAAAAAAAADgAAAAAAAAAEAAAAAAAAAAAAAAABQAAABAAAAAAAAAAAAAAAAYAAAAQAAAAAAAAAAEAAAAFAAAAEAAAAAAAAAABAAAABgAAAA== --use-gl=swiftshader-webgl --log-file=""C:\Program Files\Adobe\Acrobat DC\Acrobat\acrocef_1\debug.log"" --mojo-platform-channel-handle=1516 --allow-no-sandbox-job /prefetch:2
CurrentDirectory: C:\Windows\system32\
User: DESKTOP-JP20VPR\BobWe
LogonGuid: {ec47ca29-70bf-61d3-9db4-020000000000}
LogonId: 0x2B49D
TerminalSessionId: 1
IntegrityLevel: Low
Hashes: SHA256=D8F8B174FF4CB1D8D82D4A6D43857991DBAE82302A166DBB5FF6A047F22C220D
ParentProcessGuid: {ec47ca29-a004-61d4-ae09-000000008600}
ParentProcessId: 564
ParentImage: C:\Program Files\Adobe\Acrobat DC\Acrobat\acrocef_1\AcroCEF.exe
ParentCommandLine: ""C:\Program Files\Adobe\Acrobat DC\Acrobat\acrocef_1\AcroCEF.exe"" --backgroundcolor=16514043
ParentUser: DESKTOP-JP20VPR\BobWe"
Information	1/4/2022 2:29:08 PM	Microsoft-Windows-Sysmon	5	Process terminated (rule: ProcessTerminate)	S-1-5-18	Microsoft-Windows-Sysmon/Operational		Info	DESKTOP-JP20VPR	14108	3560						00000000-0000-0000-0000-000000000000	00000000-0000-0000-0000-000000000000		"Process terminated:
RuleName: -
UtcTime: 2022-01-04 19:29:08.653
ProcessGuid: {ec47ca29-a004-61d4-b409-000000008600}
ProcessId: 7424
Image: C:\Program Files\Adobe\Acrobat DC\Acrobat\acrocef_1\AcroCEF.exe
User: DESKTOP-JP20VPR\BobWe"
