Information,1/3/2022 5:32:39 PM,Microsoft-Windows-Sysmon,5,Process terminated (rule: ProcessTerminate),S-1-5-18,Microsoft-Windows-Sysmon/Operational,,Info,DESKTOP-JP20VPR,14108,3560,,,,,,00000000-0000-0000-0000-000000000000,00000000-0000-0000-0000-000000000000,,"Process terminated:
RuleName: -
UtcTime: 2022-01-03 22:32:39.183
ProcessGuid: {ec47ca29-7986-61d3-4103-000000008600}
ProcessId: 6204
Image: C:\Program Files\Google\Chrome\Application\chrome.exe
User: DESKTOP-JP20VPR\BobWe"
Information,1/3/2022 5:32:39 PM,Microsoft-Windows-Sysmon,1,Process Create (rule: ProcessCreate),S-1-5-18,Microsoft-Windows-Sysmon/Operational,,Info,DESKTOP-JP20VPR,14108,3560,,,,,,00000000-0000-0000-0000-000000000000,00000000-0000-0000-0000-000000000000,,"Process Create:
RuleName: -
UtcTime: 2022-01-03 22:32:39.183
ProcessGuid: {ec47ca29-7987-61d3-4303-000000008600}
ProcessId: 10128
Image: C:\Program Files\Google\Chrome\Application\chrome.exe
FileVersion: 96.0.4664.110
Description: Google Chrome
Product: Google Chrome
Company: Google LLC
OriginalFileName: chrome.exe
CommandLine: ""C:\Program Files\Google\Chrome\Application\chrome.exe"" --type=renderer --display-capture-permissions-policy-allowed --origin-trial-disabled-features=CaptureHandle --field-trial-handle=1704,4209033002119389492,12267350203109084414,131072 --lang=en-US --device-scale-factor=1 --num-raster-threads=4 --enable-main-frame-before-activation --renderer-client-id=137 --mojo-platform-channel-handle=12496 /prefetch:1
CurrentDirectory: C:\Program Files\Google\Chrome\Application\96.0.4664.110\
User: DESKTOP-JP20VPR\BobWe
LogonGuid: {ec47ca29-70bf-61d3-9db4-020000000000}
LogonId: 0x2B49D
TerminalSessionId: 1
IntegrityLevel: Low
Hashes: SHA256=ACFB588D8780EE19C192515D376CE7F9B2B0F936487008D3733F9730425E657B
ParentProcessGuid: {ec47ca29-70dd-61d3-6101-000000008600}
ParentProcessId: 1976
ParentImage: C:\Program Files\Google\Chrome\Application\chrome.exe
ParentCommandLine: ""C:\Program Files\Google\Chrome\Application\chrome.exe"" --no-startup-window /prefetch:5
ParentUser: DESKTOP-JP20VPR\BobWe"
Information,1/3/2022 5:32:38 PM,Microsoft-Windows-Sysmon,1,Process Create (rule: ProcessCreate),S-1-5-18,Microsoft-Windows-Sysmon/Operational,,Info,DESKTOP-JP20VPR,14108,3560,,,,,,00000000-0000-0000-0000-000000000000,00000000-0000-0000-0000-000000000000,,"Process Create:
RuleName: -
UtcTime: 2022-01-03 22:32:38.995
ProcessGuid: {ec47ca29-7986-61d3-4203-000000008600}
ProcessId: 14480
Image: C:\Program Files\Google\Chrome\Application\chrome.exe
FileVersion: 96.0.4664.110
Description: Google Chrome
Product: Google Chrome
Company: Google LLC
OriginalFileName: chrome.exe
CommandLine: ""C:\Program Files\Google\Chrome\Application\chrome.exe"" --type=renderer --display-capture-permissions-policy-allowed --origin-trial-disabled-features=CaptureHandle --field-trial-handle=1704,4209033002119389492,12267350203109084414,131072 --lang=en-US --device-scale-factor=1 --num-raster-threads=4 --enable-main-frame-before-activation --renderer-client-id=136 --mojo-platform-channel-handle=13232 /prefetch:1
CurrentDirectory: C:\Program Files\Google\Chrome\Application\96.0.4664.110\
User: DESKTOP-JP20VPR\BobWe
LogonGuid: {ec47ca29-70bf-61d3-9db4-020000000000}
LogonId: 0x2B49D
TerminalSessionId: 1
IntegrityLevel: Low
Hashes: SHA256=ACFB588D8780EE19C192515D376CE7F9B2B0F936487008D3733F9730425E657B
ParentProcessGuid: {ec47ca29-70dd-61d3-6101-000000008600}
ParentProcessId: 1976
ParentImage: C:\Program Files\Google\Chrome\Application\chrome.exe
ParentCommandLine: ""C:\Program Files\Google\Chrome\Application\chrome.exe"" --no-startup-window /prefetch:5
ParentUser: DESKTOP-JP20VPR\BobWe"
Information,1/3/2022 5:32:38 PM,Microsoft-Windows-Sysmon,1,Process Create (rule: ProcessCreate),S-1-5-18,Microsoft-Windows-Sysmon/Operational,,Info,DESKTOP-JP20VPR,14108,3560,,,,,,00000000-0000-0000-0000-000000000000,00000000-0000-0000-0000-000000000000,,"Process Create:
RuleName: -
UtcTime: 2022-01-03 22:32:38.873
ProcessGuid: {ec47ca29-7986-61d3-4103-000000008600}
ProcessId: 6204
Image: C:\Program Files\Google\Chrome\Application\chrome.exe
FileVersion: 96.0.4664.110
Description: Google Chrome
Product: Google Chrome
Company: Google LLC
OriginalFileName: chrome.exe
CommandLine: ""C:\Program Files\Google\Chrome\Application\chrome.exe"" --type=renderer --display-capture-permissions-policy-allowed --origin-trial-disabled-features=CaptureHandle --field-trial-handle=1704,4209033002119389492,12267350203109084414,131072 --lang=en-US --device-scale-factor=1 --num-raster-threads=4 --enable-main-frame-before-activation --renderer-client-id=135 --mojo-platform-channel-handle=12588 /prefetch:1
CurrentDirectory: C:\Program Files\Google\Chrome\Application\96.0.4664.110\
User: DESKTOP-JP20VPR\BobWe
LogonGuid: {ec47ca29-70bf-61d3-9db4-020000000000}
LogonId: 0x2B49D
TerminalSessionId: 1
IntegrityLevel: Low
Hashes: SHA256=ACFB588D8780EE19C192515D376CE7F9B2B0F936487008D3733F9730425E657B
ParentProcessGuid: {ec47ca29-70dd-61d3-6101-000000008600}
ParentProcessId: 1976
ParentImage: C:\Program Files\Google\Chrome\Application\chrome.exe
ParentCommandLine: ""C:\Program Files\Google\Chrome\Application\chrome.exe"" --no-startup-window /prefetch:5
ParentUser: DESKTOP-JP20VPR\BobWe"
Information,1/3/2022 5:32:02 PM,Microsoft-Windows-Sysmon,5,Process terminated (rule: ProcessTerminate),S-1-5-18,Microsoft-Windows-Sysmon/Operational,,Info,DESKTOP-JP20VPR,14108,3560,,,,,,00000000-0000-0000-0000-000000000000,00000000-0000-0000-0000-000000000000,,"Process terminated:
RuleName: -
UtcTime: 2022-01-03 22:32:02.606
ProcessGuid: {ec47ca29-793a-61d3-3f03-000000008600}
ProcessId: 5072
Image: C:\Windows\System32\RuntimeBroker.exe
User: DESKTOP-JP20VPR\BobWe"
Information,1/3/2022 5:32:02 PM,Microsoft-Windows-Sysmon,5,Process terminated (rule: ProcessTerminate),S-1-5-18,Microsoft-Windows-Sysmon/Operational,,Info,DESKTOP-JP20VPR,14108,3560,,,,,,00000000-0000-0000-0000-000000000000,00000000-0000-0000-0000-000000000000,,"Process terminated:
RuleName: -
UtcTime: 2022-01-03 22:32:02.606
ProcessGuid: {ec47ca29-793a-61d3-3e03-000000008600}
ProcessId: 3388
Image: C:\Windows\System32\RuntimeBroker.exe
User: DESKTOP-JP20VPR\BobWe"
Information,1/3/2022 5:32:01 PM,Microsoft-Windows-Sysmon,5,Process terminated (rule: ProcessTerminate),S-1-5-18,Microsoft-Windows-Sysmon/Operational,,Info,DESKTOP-JP20VPR,14108,3560,,,,,,00000000-0000-0000-0000-000000000000,00000000-0000-0000-0000-000000000000,,"Process terminated:
RuleName: -
UtcTime: 2022-01-03 22:32:01.674
ProcessGuid: {ec47ca29-78a6-61d3-3403-000000008600}
ProcessId: 17116
Image: C:\Program Files\Google\Chrome\Application\chrome.exe
User: DESKTOP-JP20VPR\BobWe"
Information,1/3/2022 5:32:01 PM,Microsoft-Windows-Sysmon,1,Process Create (rule: ProcessCreate),S-1-5-18,Microsoft-Windows-Sysmon/Operational,,Info,DESKTOP-JP20VPR,14108,3560,,,,,,00000000-0000-0000-0000-000000000000,00000000-0000-0000-0000-000000000000,,"Process Create:
RuleName: -
UtcTime: 2022-01-03 22:32:01.388
ProcessGuid: {ec47ca29-7961-61d3-4003-000000008600}
ProcessId: 2256
Image: C:\Program Files\Google\Chrome\Application\chrome.exe
FileVersion: 96.0.4664.110
Description: Google Chrome
Product: Google Chrome
Company: Google LLC
OriginalFileName: chrome.exe
CommandLine: ""C:\Program Files\Google\Chrome\Application\chrome.exe"" --type=renderer --display-capture-permissions-policy-allowed --origin-trial-disabled-features=CaptureHandle --field-trial-handle=1704,4209033002119389492,12267350203109084414,131072 --lang=en-US --device-scale-factor=1 --num-raster-threads=4 --enable-main-frame-before-activation --renderer-client-id=134 --mojo-platform-channel-handle=13164 /prefetch:1
CurrentDirectory: C:\Program Files\Google\Chrome\Application\96.0.4664.110\
User: DESKTOP-JP20VPR\BobWe
LogonGuid: {ec47ca29-70bf-61d3-9db4-020000000000}
LogonId: 0x2B49D
TerminalSessionId: 1
IntegrityLevel: Low
Hashes: SHA256=ACFB588D8780EE19C192515D376CE7F9B2B0F936487008D3733F9730425E657B
ParentProcessGuid: {ec47ca29-70dd-61d3-6101-000000008600}
ParentProcessId: 1976
ParentImage: C:\Program Files\Google\Chrome\Application\chrome.exe
ParentCommandLine: ""C:\Program Files\Google\Chrome\Application\chrome.exe"" --no-startup-window /prefetch:5
ParentUser: DESKTOP-JP20VPR\BobWe"
Information,1/3/2022 5:31:22 PM,Microsoft-Windows-Sysmon,5,Process terminated (rule: ProcessTerminate),S-1-5-18,Microsoft-Windows-Sysmon/Operational,,Info,DESKTOP-JP20VPR,14108,3560,,,,,,00000000-0000-0000-0000-000000000000,00000000-0000-0000-0000-000000000000,,"Process terminated:
RuleName: -
UtcTime: 2022-01-03 22:31:22.594
ProcessGuid: {ec47ca29-793a-61d3-3c03-000000008600}
ProcessId: 9484
Image: C:\Windows\System32\backgroundTaskHost.exe
User: DESKTOP-JP20VPR\BobWe"
Information,1/3/2022 5:31:22 PM,Microsoft-Windows-Sysmon,1,Process Create (rule: ProcessCreate),S-1-5-18,Microsoft-Windows-Sysmon/Operational,,Info,DESKTOP-JP20VPR,14108,3560,,,,,,00000000-0000-0000-0000-000000000000,00000000-0000-0000-0000-000000000000,,"Process Create:
RuleName: -
UtcTime: 2022-01-03 22:31:22.546
ProcessGuid: {ec47ca29-793a-61d3-3f03-000000008600}
ProcessId: 5072
Image: C:\Windows\System32\RuntimeBroker.exe
FileVersion: 10.0.19041.746 (WinBuild.160101.0800)
Description: Runtime Broker
Product: Microsoft® Windows® Operating System
Company: Microsoft Corporation
OriginalFileName: RuntimeBroker.exe
CommandLine: C:\Windows\System32\RuntimeBroker.exe -Embedding
CurrentDirectory: C:\Windows\system32\
User: DESKTOP-JP20VPR\BobWe
LogonGuid: {ec47ca29-70bf-61d3-9db4-020000000000}
LogonId: 0x2B49D
TerminalSessionId: 1
IntegrityLevel: Medium
Hashes: SHA256=E86870769EE6C797E09457BD99C58D9BF2303CF0193A24EF9B1222C2C3DAF628
ParentProcessGuid: {ec47ca29-70be-61d3-0d00-000000008600}
ParentProcessId: 1056
ParentImage: C:\Windows\System32\svchost.exe
ParentCommandLine: C:\Windows\system32\svchost.exe -k DcomLaunch -p
ParentUser: NT AUTHORITY\SYSTEM"
Information,1/3/2022 5:31:22 PM,Microsoft-Windows-Sysmon,5,Process terminated (rule: ProcessTerminate),S-1-5-18,Microsoft-Windows-Sysmon/Operational,,Info,DESKTOP-JP20VPR,14108,3560,,,,,,00000000-0000-0000-0000-000000000000,00000000-0000-0000-0000-000000000000,,"Process terminated:
RuleName: -
UtcTime: 2022-01-03 22:31:22.546
ProcessGuid: {ec47ca29-793a-61d3-3d03-000000008600}
ProcessId: 11796
Image: C:\Windows\System32\backgroundTaskHost.exe
User: DESKTOP-JP20VPR\BobWe"
Information,1/3/2022 5:31:22 PM,Microsoft-Windows-Sysmon,1,Process Create (rule: ProcessCreate),S-1-5-18,Microsoft-Windows-Sysmon/Operational,,Info,DESKTOP-JP20VPR,14108,3560,,,,,,00000000-0000-0000-0000-000000000000,00000000-0000-0000-0000-000000000000,,"Process Create:
RuleName: -
UtcTime: 2022-01-03 22:31:22.501
ProcessGuid: {ec47ca29-793a-61d3-3e03-000000008600}
ProcessId: 3388
Image: C:\Windows\System32\RuntimeBroker.exe
FileVersion: 10.0.19041.746 (WinBuild.160101.0800)
Description: Runtime Broker
Product: Microsoft® Windows® Operating System
Company: Microsoft Corporation
OriginalFileName: RuntimeBroker.exe
CommandLine: C:\Windows\System32\RuntimeBroker.exe -Embedding
CurrentDirectory: C:\Windows\system32\
User: DESKTOP-JP20VPR\BobWe
LogonGuid: {ec47ca29-70bf-61d3-9db4-020000000000}
LogonId: 0x2B49D
TerminalSessionId: 1
IntegrityLevel: Medium
Hashes: SHA256=E86870769EE6C797E09457BD99C58D9BF2303CF0193A24EF9B1222C2C3DAF628
ParentProcessGuid: {ec47ca29-70be-61d3-0d00-000000008600}
ParentProcessId: 1056
ParentImage: C:\Windows\System32\svchost.exe
ParentCommandLine: C:\Windows\system32\svchost.exe -k DcomLaunch -p
ParentUser: NT AUTHORITY\SYSTEM"
Information,1/3/2022 5:31:22 PM,Microsoft-Windows-Sysmon,1,Process Create (rule: ProcessCreate),S-1-5-18,Microsoft-Windows-Sysmon/Operational,,Info,DESKTOP-JP20VPR,14108,3560,,,,,,00000000-0000-0000-0000-000000000000,00000000-0000-0000-0000-000000000000,,"Process Create:
RuleName: -
UtcTime: 2022-01-03 22:31:22.466
ProcessGuid: {ec47ca29-793a-61d3-3d03-000000008600}
ProcessId: 11796
Image: C:\Windows\System32\backgroundTaskHost.exe
FileVersion: 10.0.19041.546 (WinBuild.160101.0800)
Description: Background Task Host
Product: Microsoft® Windows® Operating System
Company: Microsoft Corporation
OriginalFileName: backgroundTaskHost.exe
CommandLine: ""C:\Windows\system32\BackgroundTaskHost.exe"" -ServerName:BackgroundTaskHost.WebAccountProvider
CurrentDirectory: C:\Windows\SystemApps\Microsoft.AAD.BrokerPlugin_cw5n1h2txyewy\
User: DESKTOP-JP20VPR\BobWe
LogonGuid: {ec47ca29-70bf-61d3-9db4-020000000000}
LogonId: 0x2B49D
TerminalSessionId: 1
IntegrityLevel: AppContainer
Hashes: SHA256=20330D3CA71D58F4AEB432676CB6A3D5B97005954E45132FB083E90782EFDD50
ParentProcessGuid: {ec47ca29-70be-61d3-0d00-000000008600}
ParentProcessId: 1056
ParentImage: C:\Windows\System32\svchost.exe
ParentCommandLine: C:\Windows\system32\svchost.exe -k DcomLaunch -p
ParentUser: NT AUTHORITY\SYSTEM"
Information,1/3/2022 5:31:22 PM,Microsoft-Windows-Sysmon,1,Process Create (rule: ProcessCreate),S-1-5-18,Microsoft-Windows-Sysmon/Operational,,Info,DESKTOP-JP20VPR,14108,3560,,,,,,00000000-0000-0000-0000-000000000000,00000000-0000-0000-0000-000000000000,,"Process Create:
RuleName: -
UtcTime: 2022-01-03 22:31:22.283
ProcessGuid: {ec47ca29-793a-61d3-3c03-000000008600}
ProcessId: 9484
Image: C:\Windows\System32\backgroundTaskHost.exe
FileVersion: 10.0.19041.546 (WinBuild.160101.0800)
Description: Background Task Host
Product: Microsoft® Windows® Operating System
Company: Microsoft Corporation
OriginalFileName: backgroundTaskHost.exe
CommandLine: ""C:\Windows\system32\backgroundTaskHost.exe"" -ServerName:App.AppXmtcan0h2tfbfy7k9kn8hbxb6dmzz1zh0.mca
CurrentDirectory: C:\Windows\SystemApps\Microsoft.Windows.ContentDeliveryManager_cw5n1h2txyewy\
User: DESKTOP-JP20VPR\BobWe
LogonGuid: {ec47ca29-70bf-61d3-9db4-020000000000}
LogonId: 0x2B49D
TerminalSessionId: 1
IntegrityLevel: AppContainer
Hashes: SHA256=20330D3CA71D58F4AEB432676CB6A3D5B97005954E45132FB083E90782EFDD50
ParentProcessGuid: {ec47ca29-70be-61d3-0d00-000000008600}
ParentProcessId: 1056
ParentImage: C:\Windows\System32\svchost.exe
ParentCommandLine: C:\Windows\system32\svchost.exe -k DcomLaunch -p
ParentUser: NT AUTHORITY\SYSTEM"
Information,1/3/2022 5:30:44 PM,Microsoft-Windows-Sysmon,5,Process terminated (rule: ProcessTerminate),S-1-5-18,Microsoft-Windows-Sysmon/Operational,,Info,DESKTOP-JP20VPR,14108,3560,,,,,,00000000-0000-0000-0000-000000000000,00000000-0000-0000-0000-000000000000,,"Process terminated:
RuleName: -
UtcTime: 2022-01-03 22:30:44.762
ProcessGuid: {ec47ca29-78fe-61d3-3b03-000000008600}
ProcessId: 4812
Image: C:\Program Files\Microsoft Office\root\Office16\SDXHelper.exe
User: DESKTOP-JP20VPR\BobWe"
Information,1/3/2022 5:30:22 PM,Microsoft-Windows-Sysmon,5,Process terminated (rule: ProcessTerminate),S-1-5-18,Microsoft-Windows-Sysmon/Operational,,Info,DESKTOP-JP20VPR,14108,3560,,,,,,00000000-0000-0000-0000-000000000000,00000000-0000-0000-0000-000000000000,,"Process terminated:
RuleName: -
UtcTime: 2022-01-03 22:30:22.462
ProcessGuid: {ec47ca29-78fe-61d3-3a03-000000008600}
ProcessId: 16120
Image: C:\Program Files\Microsoft Office\root\Office16\SDXHelper.exe
User: DESKTOP-JP20VPR\BobWe"
Information,1/3/2022 5:30:22 PM,Microsoft-Windows-Sysmon,1,Process Create (rule: ProcessCreate),S-1-5-18,Microsoft-Windows-Sysmon/Operational,,Info,DESKTOP-JP20VPR,14108,3560,,,,,,00000000-0000-0000-0000-000000000000,00000000-0000-0000-0000-000000000000,,"Process Create:
RuleName: -
UtcTime: 2022-01-03 22:30:22.354
ProcessGuid: {ec47ca29-78fe-61d3-3b03-000000008600}
ProcessId: 4812
Image: C:\Program Files\Microsoft Office\root\Office16\SDXHelper.exe
FileVersion: 16.0.14701.20262
Description: Microsoft Office SDX Helper
Product: Microsoft Office
Company: Microsoft Corporation
OriginalFileName: SDXHELPER.EXE
CommandLine: ""C:\Program Files\Microsoft Office\Root\Office16\SDXHelper.exe"" -Embedding
CurrentDirectory: C:\Windows\system32\
User: DESKTOP-JP20VPR\BobWe
LogonGuid: {ec47ca29-70bf-61d3-9db4-020000000000}
LogonId: 0x2B49D
TerminalSessionId: 1
IntegrityLevel: Medium
Hashes: SHA256=BB2C046E9134548D5828D01C469A33F8C3712B284E24CE10B407A9276A769344
ParentProcessGuid: {ec47ca29-70be-61d3-0d00-000000008600}
ParentProcessId: 1056
ParentImage: C:\Windows\System32\svchost.exe
ParentCommandLine: C:\Windows\system32\svchost.exe -k DcomLaunch -p
ParentUser: NT AUTHORITY\SYSTEM"
Information,1/3/2022 5:30:22 PM,Microsoft-Windows-Sysmon,1,Process Create (rule: ProcessCreate),S-1-5-18,Microsoft-Windows-Sysmon/Operational,,Info,DESKTOP-JP20VPR,14108,3560,,,,,,00000000-0000-0000-0000-000000000000,00000000-0000-0000-0000-000000000000,,"Process Create:
RuleName: -
UtcTime: 2022-01-03 22:30:22.193
ProcessGuid: {ec47ca29-78fe-61d3-3a03-000000008600}
ProcessId: 16120
Image: C:\Program Files\Microsoft Office\root\Office16\SDXHelper.exe
FileVersion: 16.0.14701.20262
Description: Microsoft Office SDX Helper
Product: Microsoft Office
Company: Microsoft Corporation
OriginalFileName: SDXHELPER.EXE
CommandLine: ""C:\Program Files\Microsoft Office\root\Office16\sdxhelper.exe"" /onlogon
CurrentDirectory: C:\Windows\system32\
User: DESKTOP-JP20VPR\BobWe
LogonGuid: {ec47ca29-70bf-61d3-9db4-020000000000}
LogonId: 0x2B49D
TerminalSessionId: 1
IntegrityLevel: Medium
Hashes: SHA256=BB2C046E9134548D5828D01C469A33F8C3712B284E24CE10B407A9276A769344
ParentProcessGuid: {ec47ca29-70bf-61d3-1c00-000000008600}
ParentProcessId: 1716
ParentImage: C:\Windows\System32\svchost.exe
ParentCommandLine: C:\Windows\system32\svchost.exe -k netsvcs -p -s Schedule
ParentUser: NT AUTHORITY\SYSTEM"
Information,1/3/2022 5:29:52 PM,Microsoft-Windows-Sysmon,5,Process terminated (rule: ProcessTerminate),S-1-5-18,Microsoft-Windows-Sysmon/Operational,,Info,DESKTOP-JP20VPR,14108,3560,,,,,,00000000-0000-0000-0000-000000000000,00000000-0000-0000-0000-000000000000,,"Process terminated:
RuleName: -
UtcTime: 2022-01-03 22:29:52.613
ProcessGuid: {ec47ca29-7886-61d3-2f03-000000008600}
ProcessId: 13308
Image: C:\Windows\System32\RuntimeBroker.exe
User: DESKTOP-JP20VPR\BobWe"
Information,1/3/2022 5:29:27 PM,Microsoft-Windows-Sysmon,5,Process terminated (rule: ProcessTerminate),S-1-5-18,Microsoft-Windows-Sysmon/Operational,,Info,DESKTOP-JP20VPR,14108,3560,,,,,,00000000-0000-0000-0000-000000000000,00000000-0000-0000-0000-000000000000,,"Process terminated:
RuleName: -
UtcTime: 2022-01-03 22:29:27.900
ProcessGuid: {ec47ca29-78c2-61d3-3503-000000008600}
ProcessId: 13364
Image: C:\Windows\System32\dllhost.exe
User: DESKTOP-JP20VPR\BobWe"
Information,1/3/2022 5:29:26 PM,Microsoft-Windows-Sysmon,1,Process Create (rule: ProcessCreate),S-1-5-18,Microsoft-Windows-Sysmon/Operational,,Info,DESKTOP-JP20VPR,14108,3560,,,,,,00000000-0000-0000-0000-000000000000,00000000-0000-0000-0000-000000000000,,"Process Create:
RuleName: -
UtcTime: 2022-01-03 22:29:26.977
ProcessGuid: {ec47ca29-78c6-61d3-3903-000000008600}
ProcessId: 16796
Image: C:\Windows\System32\mmc.exe
FileVersion: 10.0.19041.746 (WinBuild.160101.0800)
Description: Microsoft Management Console
Product: Microsoft® Windows® Operating System
Company: Microsoft Corporation
OriginalFileName: mmc.exe
CommandLine: ""C:\Windows\system32\mmc.exe"" ""C:\Windows\system32\eventvwr.msc"" /s
CurrentDirectory: C:\Windows\system32\
User: DESKTOP-JP20VPR\BobWe
LogonGuid: {ec47ca29-70bf-61d3-7aae-020000000000}
LogonId: 0x2AE7A
TerminalSessionId: 1
IntegrityLevel: High
Hashes: SHA256=895EEF1EDA5700A425934AE3782D4741DFEFB7DEAFA53891BDE490150187B98A
ParentProcessGuid: {ec47ca29-70c9-61d3-ef00-000000008600}
ParentProcessId: 8932
ParentImage: C:\Windows\explorer.exe
ParentCommandLine: C:\Windows\Explorer.EXE
ParentUser: DESKTOP-JP20VPR\BobWe"
Information,1/3/2022 5:29:26 PM,Microsoft-Windows-Sysmon,5,Process terminated (rule: ProcessTerminate),S-1-5-18,Microsoft-Windows-Sysmon/Operational,,Info,DESKTOP-JP20VPR,14108,3560,,,,,,00000000-0000-0000-0000-000000000000,00000000-0000-0000-0000-000000000000,,"Process terminated:
RuleName: -
UtcTime: 2022-01-03 22:29:26.973
ProcessGuid: {ec47ca29-78c6-61d3-3803-000000008600}
ProcessId: 9120
Image: C:\Windows\System32\consent.exe
User: NT AUTHORITY\SYSTEM"
Information,1/3/2022 5:29:26 PM,Microsoft-Windows-Sysmon,1,Process Create (rule: ProcessCreate),S-1-5-18,Microsoft-Windows-Sysmon/Operational,,Info,DESKTOP-JP20VPR,14108,3560,,,,,,00000000-0000-0000-0000-000000000000,00000000-0000-0000-0000-000000000000,,"Process Create:
RuleName: -
UtcTime: 2022-01-03 22:29:26.910
ProcessGuid: {ec47ca29-78c6-61d3-3803-000000008600}
ProcessId: 9120
Image: C:\Windows\System32\consent.exe
FileVersion: 10.0.19041.746 (WinBuild.160101.0800)
Description: Consent UI for administrative applications
Product: Microsoft® Windows® Operating System
Company: Microsoft Corporation
OriginalFileName: consent.exe
CommandLine: consent.exe 12948 426 00000228522FADB0
CurrentDirectory: C:\Windows\system32\
User: NT AUTHORITY\SYSTEM
LogonGuid: {ec47ca29-70be-61d3-e703-000000000000}
LogonId: 0x3E7
TerminalSessionId: 1
IntegrityLevel: System
Hashes: SHA256=56B2D516376328129132B815E22379AE8E7176825F059C9374A33CC844482E64
ParentProcessGuid: {ec47ca29-70ce-61d3-2301-000000008600}
ParentProcessId: 12948
ParentImage: C:\Windows\System32\svchost.exe
ParentCommandLine: C:\Windows\system32\svchost.exe -k netsvcs -p -s Appinfo
ParentUser: NT AUTHORITY\SYSTEM"
Information,1/3/2022 5:29:26 PM,Microsoft-Windows-Sysmon,5,Process terminated (rule: ProcessTerminate),S-1-5-18,Microsoft-Windows-Sysmon/Operational,,Info,DESKTOP-JP20VPR,14108,3560,,,,,,00000000-0000-0000-0000-000000000000,00000000-0000-0000-0000-000000000000,,"Process terminated:
RuleName: -
UtcTime: 2022-01-03 22:29:26.870
ProcessGuid: {ec47ca29-78c6-61d3-3703-000000008600}
ProcessId: 16856
Image: C:\Windows\System32\mmc.exe
User: DESKTOP-JP20VPR\BobWe"
Information,1/3/2022 5:29:26 PM,Microsoft-Windows-Sysmon,1,Process Create (rule: ProcessCreate),S-1-5-18,Microsoft-Windows-Sysmon/Operational,,Info,DESKTOP-JP20VPR,14108,3560,,,,,,00000000-0000-0000-0000-000000000000,00000000-0000-0000-0000-000000000000,,"Process Create:
RuleName: -
UtcTime: 2022-01-03 22:29:26.860
ProcessGuid: {ec47ca29-78c6-61d3-3703-000000008600}
ProcessId: 16856
Image: C:\Windows\System32\mmc.exe
FileVersion: 10.0.19041.746 (WinBuild.160101.0800)
Description: Microsoft Management Console
Product: Microsoft® Windows® Operating System
Company: Microsoft Corporation
OriginalFileName: mmc.exe
CommandLine: ""C:\Windows\system32\mmc.exe"" ""C:\Windows\system32\eventvwr.msc"" /s
CurrentDirectory: C:\Windows\system32\
User: DESKTOP-JP20VPR\BobWe
LogonGuid: {ec47ca29-70bf-61d3-9db4-020000000000}
LogonId: 0x2B49D
TerminalSessionId: 1
IntegrityLevel: Medium
Hashes: SHA256=895EEF1EDA5700A425934AE3782D4741DFEFB7DEAFA53891BDE490150187B98A
ParentProcessGuid: {ec47ca29-70c9-61d3-ef00-000000008600}
ParentProcessId: 8932
ParentImage: C:\Windows\explorer.exe
ParentCommandLine: C:\Windows\Explorer.EXE
ParentUser: DESKTOP-JP20VPR\BobWe"
Information,1/3/2022 5:29:26 PM,Microsoft-Windows-Sysmon,1,Process Create (rule: ProcessCreate),S-1-5-18,Microsoft-Windows-Sysmon/Operational,,Info,DESKTOP-JP20VPR,14108,3560,,,,,,00000000-0000-0000-0000-000000000000,00000000-0000-0000-0000-000000000000,,"Process Create:
RuleName: -
UtcTime: 2022-01-03 22:29:26.783
ProcessGuid: {ec47ca29-78c6-61d3-3603-000000008600}
ProcessId: 15296
Image: C:\Windows\System32\smartscreen.exe
FileVersion: 10.0.19041.1052 (WinBuild.160101.0800)
Description: Windows Defender SmartScreen
Product: Microsoft® Windows® Operating System
Company: Microsoft Corporation
OriginalFileName: smartscreen.exe
CommandLine: C:\Windows\System32\smartscreen.exe -Embedding
CurrentDirectory: C:\Windows\system32\
User: DESKTOP-JP20VPR\BobWe
LogonGuid: {ec47ca29-70bf-61d3-9db4-020000000000}
LogonId: 0x2B49D
TerminalSessionId: 1
IntegrityLevel: Medium
Hashes: SHA256=9605680FC164ACB985C031ECA2C8BC4909CF8B749C571DB6DE2B0B2C204C2163
ParentProcessGuid: {ec47ca29-70be-61d3-0d00-000000008600}
ParentProcessId: 1056
ParentImage: C:\Windows\System32\svchost.exe
ParentCommandLine: C:\Windows\system32\svchost.exe -k DcomLaunch -p
ParentUser: NT AUTHORITY\SYSTEM"
Information,1/3/2022 5:29:22 PM,Microsoft-Windows-Sysmon,1,Process Create (rule: ProcessCreate),S-1-5-18,Microsoft-Windows-Sysmon/Operational,,Info,DESKTOP-JP20VPR,14108,3560,,,,,,00000000-0000-0000-0000-000000000000,00000000-0000-0000-0000-000000000000,,"Process Create:
RuleName: -
UtcTime: 2022-01-03 22:29:22.878
ProcessGuid: {ec47ca29-78c2-61d3-3503-000000008600}
ProcessId: 13364
Image: C:\Windows\System32\dllhost.exe
FileVersion: 10.0.19041.546 (WinBuild.160101.0800)
Description: COM Surrogate
Product: Microsoft® Windows® Operating System
Company: Microsoft Corporation
OriginalFileName: dllhost.exe
CommandLine: C:\Windows\system32\DllHost.exe /Processid:{AB8902B4-09CA-4BB6-B78D-A8F59079A8D5}
CurrentDirectory: C:\Windows\system32\
User: DESKTOP-JP20VPR\BobWe
LogonGuid: {ec47ca29-70bf-61d3-9db4-020000000000}
LogonId: 0x2B49D
TerminalSessionId: 1
IntegrityLevel: Medium
Hashes: SHA256=E7FC40B41AA8B83841A0B96D169EAF0800AA784733E636935374D56536253F10
ParentProcessGuid: {ec47ca29-70be-61d3-0d00-000000008600}
ParentProcessId: 1056
ParentImage: C:\Windows\System32\svchost.exe
ParentCommandLine: C:\Windows\system32\svchost.exe -k DcomLaunch -p
ParentUser: NT AUTHORITY\SYSTEM"
Information,1/3/2022 5:29:22 PM,Microsoft-Windows-Sysmon,5,Process terminated (rule: ProcessTerminate),S-1-5-18,Microsoft-Windows-Sysmon/Operational,,Info,DESKTOP-JP20VPR,14108,3560,,,,,,00000000-0000-0000-0000-000000000000,00000000-0000-0000-0000-000000000000,,"Process terminated:
RuleName: -
UtcTime: 2022-01-03 22:29:22.601
ProcessGuid: {ec47ca29-7886-61d3-2e03-000000008600}
ProcessId: 1084
Image: C:\Windows\System32\backgroundTaskHost.exe
User: DESKTOP-JP20VPR\BobWe"
Information,1/3/2022 5:29:21 PM,Microsoft-Windows-Sysmon,5,Process terminated (rule: ProcessTerminate),S-1-5-18,Microsoft-Windows-Sysmon/Operational,,Info,DESKTOP-JP20VPR,14108,3560,,,,,,00000000-0000-0000-0000-000000000000,00000000-0000-0000-0000-000000000000,,"Process terminated:
RuleName: -
UtcTime: 2022-01-03 22:29:21.932
ProcessGuid: {ec47ca29-77d1-61d3-f102-000000008600}
ProcessId: 17956
Image: C:\Windows\System32\svchost.exe
User: NT AUTHORITY\SYSTEM"
Information,1/3/2022 5:29:14 PM,Microsoft-Windows-Sysmon,5,Process terminated (rule: ProcessTerminate),S-1-5-18,Microsoft-Windows-Sysmon/Operational,,Info,DESKTOP-JP20VPR,14108,3560,,,,,,00000000-0000-0000-0000-000000000000,00000000-0000-0000-0000-000000000000,,"Process terminated:
RuleName: -
UtcTime: 2022-01-03 22:29:14.525
ProcessGuid: {ec47ca29-77d4-61d3-fb02-000000008600}
ProcessId: 11860
Image: C:\Program Files\Google\Chrome\Application\chrome.exe
User: DESKTOP-JP20VPR\BobWe"
Information,1/3/2022 5:29:12 PM,Microsoft-Windows-Sysmon,5,Process terminated (rule: ProcessTerminate),S-1-5-18,Microsoft-Windows-Sysmon/Operational,,Info,DESKTOP-JP20VPR,14108,3560,,,,,,00000000-0000-0000-0000-000000000000,00000000-0000-0000-0000-000000000000,,"Process terminated:
RuleName: -
UtcTime: 2022-01-03 22:29:12.166
ProcessGuid: {ec47ca29-7892-61d3-3103-000000008600}
ProcessId: 3356
Image: C:\Program Files\Google\Chrome\Application\chrome.exe
User: DESKTOP-JP20VPR\BobWe"
Information,1/3/2022 5:29:05 PM,Microsoft-Windows-Sysmon,5,Process terminated (rule: ProcessTerminate),S-1-5-18,Microsoft-Windows-Sysmon/Operational,,Info,DESKTOP-JP20VPR,14108,3560,,,,,,00000000-0000-0000-0000-000000000000,00000000-0000-0000-0000-000000000000,,"Process terminated:
RuleName: -
UtcTime: 2022-01-03 22:29:05.910
ProcessGuid: {ec47ca29-7894-61d3-3303-000000008600}
ProcessId: 18752
Image: C:\Program Files\Google\Chrome\Application\chrome.exe
User: DESKTOP-JP20VPR\BobWe"
Information,1/3/2022 5:28:54 PM,Microsoft-Windows-Sysmon,1,Process Create (rule: ProcessCreate),S-1-5-18,Microsoft-Windows-Sysmon/Operational,,Info,DESKTOP-JP20VPR,14108,3560,,,,,,00000000-0000-0000-0000-000000000000,00000000-0000-0000-0000-000000000000,,"Process Create:
RuleName: -
UtcTime: 2022-01-03 22:28:54.592
ProcessGuid: {ec47ca29-78a6-61d3-3403-000000008600}
ProcessId: 17116
Image: C:\Program Files\Google\Chrome\Application\chrome.exe
FileVersion: 96.0.4664.110
Description: Google Chrome
Product: Google Chrome
Company: Google LLC
OriginalFileName: chrome.exe
CommandLine: ""C:\Program Files\Google\Chrome\Application\chrome.exe"" --type=renderer --display-capture-permissions-policy-allowed --origin-trial-disabled-features=CaptureHandle --field-trial-handle=1704,4209033002119389492,12267350203109084414,131072 --lang=en-US --device-scale-factor=1 --num-raster-threads=4 --enable-main-frame-before-activation --renderer-client-id=133 --mojo-platform-channel-handle=12536 /prefetch:1
CurrentDirectory: C:\Program Files\Google\Chrome\Application\96.0.4664.110\
User: DESKTOP-JP20VPR\BobWe
LogonGuid: {ec47ca29-70bf-61d3-9db4-020000000000}
LogonId: 0x2B49D
TerminalSessionId: 1
IntegrityLevel: Low
Hashes: SHA256=ACFB588D8780EE19C192515D376CE7F9B2B0F936487008D3733F9730425E657B
ParentProcessGuid: {ec47ca29-70dd-61d3-6101-000000008600}
ParentProcessId: 1976
ParentImage: C:\Program Files\Google\Chrome\Application\chrome.exe
ParentCommandLine: ""C:\Program Files\Google\Chrome\Application\chrome.exe"" --no-startup-window /prefetch:5
ParentUser: DESKTOP-JP20VPR\BobWe"
Information,1/3/2022 5:28:50 PM,Microsoft-Windows-Sysmon,5,Process terminated (rule: ProcessTerminate),S-1-5-18,Microsoft-Windows-Sysmon/Operational,,Info,DESKTOP-JP20VPR,14108,3560,,,,,,00000000-0000-0000-0000-000000000000,00000000-0000-0000-0000-000000000000,,"Process terminated:
RuleName: -
UtcTime: 2022-01-03 22:28:50.157
ProcessGuid: {ec47ca29-7883-61d3-2c03-000000008600}
ProcessId: 6560
Image: C:\Program Files\Google\Chrome\Application\chrome.exe
User: DESKTOP-JP20VPR\BobWe"
Information,1/3/2022 5:28:42 PM,Microsoft-Windows-Sysmon,5,Process terminated (rule: ProcessTerminate),S-1-5-18,Microsoft-Windows-Sysmon/Operational,,Info,DESKTOP-JP20VPR,14108,3560,,,,,,00000000-0000-0000-0000-000000000000,00000000-0000-0000-0000-000000000000,,"Process terminated:
RuleName: -
UtcTime: 2022-01-03 22:28:42.149
ProcessGuid: {ec47ca29-7893-61d3-3203-000000008600}
ProcessId: 1172
Image: C:\Program Files\Google\Chrome\Application\chrome.exe
User: DESKTOP-JP20VPR\BobWe"
Information,1/3/2022 5:28:36 PM,Microsoft-Windows-Sysmon,1,Process Create (rule: ProcessCreate),S-1-5-18,Microsoft-Windows-Sysmon/Operational,,Info,DESKTOP-JP20VPR,14108,3560,,,,,,00000000-0000-0000-0000-000000000000,00000000-0000-0000-0000-000000000000,,"Process Create:
RuleName: -
UtcTime: 2022-01-03 22:28:36.117
ProcessGuid: {ec47ca29-7894-61d3-3303-000000008600}
ProcessId: 18752
Image: C:\Program Files\Google\Chrome\Application\chrome.exe
FileVersion: 96.0.4664.110
Description: Google Chrome
Product: Google Chrome
Company: Google LLC
OriginalFileName: chrome.exe
CommandLine: ""C:\Program Files\Google\Chrome\Application\chrome.exe"" --type=renderer --display-capture-permissions-policy-allowed --origin-trial-disabled-features=CaptureHandle --field-trial-handle=1704,4209033002119389492,12267350203109084414,131072 --lang=en-US --device-scale-factor=1 --num-raster-threads=4 --enable-main-frame-before-activation --renderer-client-id=132 --mojo-platform-channel-handle=13220 /prefetch:1
CurrentDirectory: C:\Program Files\Google\Chrome\Application\96.0.4664.110\
User: DESKTOP-JP20VPR\BobWe
LogonGuid: {ec47ca29-70bf-61d3-9db4-020000000000}
LogonId: 0x2B49D
TerminalSessionId: 1
IntegrityLevel: Low
Hashes: SHA256=ACFB588D8780EE19C192515D376CE7F9B2B0F936487008D3733F9730425E657B
ParentProcessGuid: {ec47ca29-70dd-61d3-6101-000000008600}
ParentProcessId: 1976
ParentImage: C:\Program Files\Google\Chrome\Application\chrome.exe
ParentCommandLine: ""C:\Program Files\Google\Chrome\Application\chrome.exe"" --no-startup-window /prefetch:5
ParentUser: DESKTOP-JP20VPR\BobWe"
Information,1/3/2022 5:28:35 PM,Microsoft-Windows-Sysmon,1,Process Create (rule: ProcessCreate),S-1-5-18,Microsoft-Windows-Sysmon/Operational,,Info,DESKTOP-JP20VPR,14108,3560,,,,,,00000000-0000-0000-0000-000000000000,00000000-0000-0000-0000-000000000000,,"Process Create:
RuleName: -
UtcTime: 2022-01-03 22:28:35.549
ProcessGuid: {ec47ca29-7893-61d3-3203-000000008600}
ProcessId: 1172
Image: C:\Program Files\Google\Chrome\Application\chrome.exe
FileVersion: 96.0.4664.110
Description: Google Chrome
Product: Google Chrome
Company: Google LLC
OriginalFileName: chrome.exe
CommandLine: ""C:\Program Files\Google\Chrome\Application\chrome.exe"" --type=renderer --display-capture-permissions-policy-allowed --origin-trial-disabled-features=CaptureHandle --field-trial-handle=1704,4209033002119389492,12267350203109084414,131072 --lang=en-US --device-scale-factor=1 --num-raster-threads=4 --enable-main-frame-before-activation --renderer-client-id=131 --mojo-platform-channel-handle=6304 /prefetch:1
CurrentDirectory: C:\Program Files\Google\Chrome\Application\96.0.4664.110\
User: DESKTOP-JP20VPR\BobWe
LogonGuid: {ec47ca29-70bf-61d3-9db4-020000000000}
LogonId: 0x2B49D
TerminalSessionId: 1
IntegrityLevel: Low
Hashes: SHA256=ACFB588D8780EE19C192515D376CE7F9B2B0F936487008D3733F9730425E657B
ParentProcessGuid: {ec47ca29-70dd-61d3-6101-000000008600}
ParentProcessId: 1976
ParentImage: C:\Program Files\Google\Chrome\Application\chrome.exe
ParentCommandLine: ""C:\Program Files\Google\Chrome\Application\chrome.exe"" --no-startup-window /prefetch:5
ParentUser: DESKTOP-JP20VPR\BobWe"
Information,1/3/2022 5:28:35 PM,Microsoft-Windows-Sysmon,5,Process terminated (rule: ProcessTerminate),S-1-5-18,Microsoft-Windows-Sysmon/Operational,,Info,DESKTOP-JP20VPR,14108,3560,,,,,,00000000-0000-0000-0000-000000000000,00000000-0000-0000-0000-000000000000,,"Process terminated:
RuleName: -
UtcTime: 2022-01-03 22:28:35.544
ProcessGuid: {ec47ca29-788f-61d3-3003-000000008600}
ProcessId: 13888
Image: C:\Program Files\Google\Chrome\Application\chrome.exe
User: DESKTOP-JP20VPR\BobWe"
Information,1/3/2022 5:28:34 PM,Microsoft-Windows-Sysmon,1,Process Create (rule: ProcessCreate),S-1-5-18,Microsoft-Windows-Sysmon/Operational,,Info,DESKTOP-JP20VPR,14108,3560,,,,,,00000000-0000-0000-0000-000000000000,00000000-0000-0000-0000-000000000000,,"Process Create:
RuleName: -
UtcTime: 2022-01-03 22:28:34.985
ProcessGuid: {ec47ca29-7892-61d3-3103-000000008600}
ProcessId: 3356
Image: C:\Program Files\Google\Chrome\Application\chrome.exe
FileVersion: 96.0.4664.110
Description: Google Chrome
Product: Google Chrome
Company: Google LLC
OriginalFileName: chrome.exe
CommandLine: ""C:\Program Files\Google\Chrome\Application\chrome.exe"" --type=renderer --display-capture-permissions-policy-allowed --origin-trial-disabled-features=CaptureHandle --field-trial-handle=1704,4209033002119389492,12267350203109084414,131072 --lang=en-US --device-scale-factor=1 --num-raster-threads=4 --enable-main-frame-before-activation --renderer-client-id=130 --mojo-platform-channel-handle=1548 /prefetch:1
CurrentDirectory: C:\Program Files\Google\Chrome\Application\96.0.4664.110\
User: DESKTOP-JP20VPR\BobWe
LogonGuid: {ec47ca29-70bf-61d3-9db4-020000000000}
LogonId: 0x2B49D
TerminalSessionId: 1
IntegrityLevel: Low
Hashes: SHA256=ACFB588D8780EE19C192515D376CE7F9B2B0F936487008D3733F9730425E657B
ParentProcessGuid: {ec47ca29-70dd-61d3-6101-000000008600}
ParentProcessId: 1976
ParentImage: C:\Program Files\Google\Chrome\Application\chrome.exe
ParentCommandLine: ""C:\Program Files\Google\Chrome\Application\chrome.exe"" --no-startup-window /prefetch:5
ParentUser: DESKTOP-JP20VPR\BobWe"
Information,1/3/2022 5:28:31 PM,Microsoft-Windows-Sysmon,5,Process terminated (rule: ProcessTerminate),S-1-5-18,Microsoft-Windows-Sysmon/Operational,,Info,DESKTOP-JP20VPR,14108,3560,,,,,,00000000-0000-0000-0000-000000000000,00000000-0000-0000-0000-000000000000,,"Process terminated:
RuleName: -
UtcTime: 2022-01-03 22:28:31.198
ProcessGuid: {ec47ca29-7803-61d3-2103-000000008600}
ProcessId: 4624
Image: C:\Program Files\Google\Chrome\Application\chrome.exe
User: DESKTOP-JP20VPR\BobWe"
Information,1/3/2022 5:28:31 PM,Microsoft-Windows-Sysmon,5,Process terminated (rule: ProcessTerminate),S-1-5-18,Microsoft-Windows-Sysmon/Operational,,Info,DESKTOP-JP20VPR,14108,3560,,,,,,00000000-0000-0000-0000-000000000000,00000000-0000-0000-0000-000000000000,,"Process terminated:
RuleName: -
UtcTime: 2022-01-03 22:28:31.197
ProcessGuid: {ec47ca29-7882-61d3-2703-000000008600}
ProcessId: 15612
Image: C:\Program Files\Google\Chrome\Application\chrome.exe
User: DESKTOP-JP20VPR\BobWe"
Information,1/3/2022 5:28:31 PM,Microsoft-Windows-Sysmon,1,Process Create (rule: ProcessCreate),S-1-5-18,Microsoft-Windows-Sysmon/Operational,,Info,DESKTOP-JP20VPR,14108,3560,,,,,,00000000-0000-0000-0000-000000000000,00000000-0000-0000-0000-000000000000,,"Process Create:
RuleName: -
UtcTime: 2022-01-03 22:28:31.081
ProcessGuid: {ec47ca29-788f-61d3-3003-000000008600}
ProcessId: 13888
Image: C:\Program Files\Google\Chrome\Application\chrome.exe
FileVersion: 96.0.4664.110
Description: Google Chrome
Product: Google Chrome
Company: Google LLC
OriginalFileName: chrome.exe
CommandLine: ""C:\Program Files\Google\Chrome\Application\chrome.exe"" --type=renderer --display-capture-permissions-policy-allowed --origin-trial-disabled-features=CaptureHandle --field-trial-handle=1704,4209033002119389492,12267350203109084414,131072 --lang=en-US --device-scale-factor=1 --num-raster-threads=4 --enable-main-frame-before-activation --renderer-client-id=129 --mojo-platform-channel-handle=13216 /prefetch:1
CurrentDirectory: C:\Program Files\Google\Chrome\Application\96.0.4664.110\
User: DESKTOP-JP20VPR\BobWe
LogonGuid: {ec47ca29-70bf-61d3-9db4-020000000000}
LogonId: 0x2B49D
TerminalSessionId: 1
IntegrityLevel: Low
Hashes: SHA256=ACFB588D8780EE19C192515D376CE7F9B2B0F936487008D3733F9730425E657B
ParentProcessGuid: {ec47ca29-70dd-61d3-6101-000000008600}
ParentProcessId: 1976
ParentImage: C:\Program Files\Google\Chrome\Application\chrome.exe
ParentCommandLine: ""C:\Program Files\Google\Chrome\Application\chrome.exe"" --no-startup-window /prefetch:5
ParentUser: DESKTOP-JP20VPR\BobWe"
Information,1/3/2022 5:28:22 PM,Microsoft-Windows-Sysmon,1,Process Create (rule: ProcessCreate),S-1-5-18,Microsoft-Windows-Sysmon/Operational,,Info,DESKTOP-JP20VPR,14108,3560,,,,,,00000000-0000-0000-0000-000000000000,00000000-0000-0000-0000-000000000000,,"Process Create:
RuleName: -
UtcTime: 2022-01-03 22:28:22.341
ProcessGuid: {ec47ca29-7886-61d3-2f03-000000008600}
ProcessId: 13308
Image: C:\Windows\System32\RuntimeBroker.exe
FileVersion: 10.0.19041.746 (WinBuild.160101.0800)
Description: Runtime Broker
Product: Microsoft® Windows® Operating System
Company: Microsoft Corporation
OriginalFileName: RuntimeBroker.exe
CommandLine: C:\Windows\System32\RuntimeBroker.exe -Embedding
CurrentDirectory: C:\Windows\system32\
User: DESKTOP-JP20VPR\BobWe
LogonGuid: {ec47ca29-70bf-61d3-9db4-020000000000}
LogonId: 0x2B49D
TerminalSessionId: 1
IntegrityLevel: Medium
Hashes: SHA256=E86870769EE6C797E09457BD99C58D9BF2303CF0193A24EF9B1222C2C3DAF628
ParentProcessGuid: {ec47ca29-70be-61d3-0d00-000000008600}
ParentProcessId: 1056
ParentImage: C:\Windows\System32\svchost.exe
ParentCommandLine: C:\Windows\system32\svchost.exe -k DcomLaunch -p
ParentUser: NT AUTHORITY\SYSTEM"
Information,1/3/2022 5:28:22 PM,Microsoft-Windows-Sysmon,1,Process Create (rule: ProcessCreate),S-1-5-18,Microsoft-Windows-Sysmon/Operational,,Info,DESKTOP-JP20VPR,14108,3560,,,,,,00000000-0000-0000-0000-000000000000,00000000-0000-0000-0000-000000000000,,"Process Create:
RuleName: -
UtcTime: 2022-01-03 22:28:22.211
ProcessGuid: {ec47ca29-7886-61d3-2e03-000000008600}
ProcessId: 1084
Image: C:\Windows\System32\backgroundTaskHost.exe
FileVersion: 10.0.19041.546 (WinBuild.160101.0800)
Description: Background Task Host
Product: Microsoft® Windows® Operating System
Company: Microsoft Corporation
OriginalFileName: backgroundTaskHost.exe
CommandLine: ""C:\Windows\system32\backgroundTaskHost.exe"" -ServerName:App.AppXemn3t55segp7q92mwd35v2a5rk5mvwyz.mca
CurrentDirectory: C:\Program Files\WindowsApps\Microsoft.OneConnect_5.2011.3081.0_x64__8wekyb3d8bbwe\
User: DESKTOP-JP20VPR\BobWe
LogonGuid: {ec47ca29-70bf-61d3-9db4-020000000000}
LogonId: 0x2B49D
TerminalSessionId: 1
IntegrityLevel: AppContainer
Hashes: SHA256=20330D3CA71D58F4AEB432676CB6A3D5B97005954E45132FB083E90782EFDD50
ParentProcessGuid: {ec47ca29-70be-61d3-0d00-000000008600}
ParentProcessId: 1056
ParentImage: C:\Windows\System32\svchost.exe
ParentCommandLine: C:\Windows\system32\svchost.exe -k DcomLaunch -p
ParentUser: NT AUTHORITY\SYSTEM"
Information,1/3/2022 5:28:20 PM,Microsoft-Windows-Sysmon,5,Process terminated (rule: ProcessTerminate),S-1-5-18,Microsoft-Windows-Sysmon/Operational,,Info,DESKTOP-JP20VPR,14108,3560,,,,,,00000000-0000-0000-0000-000000000000,00000000-0000-0000-0000-000000000000,,"Process terminated:
RuleName: -
UtcTime: 2022-01-03 22:28:20.372
ProcessGuid: {ec47ca29-7882-61d3-2803-000000008600}
ProcessId: 18084
Image: C:\Program Files\Google\Chrome\Application\chrome.exe
User: DESKTOP-JP20VPR\BobWe"
Information,1/3/2022 5:28:19 PM,Microsoft-Windows-Sysmon,1,Process Create (rule: ProcessCreate),S-1-5-18,Microsoft-Windows-Sysmon/Operational,,Info,DESKTOP-JP20VPR,14108,3560,,,,,,00000000-0000-0000-0000-000000000000,00000000-0000-0000-0000-000000000000,,"Process Create:
RuleName: -
UtcTime: 2022-01-03 22:28:19.985
ProcessGuid: {ec47ca29-7883-61d3-2d03-000000008600}
ProcessId: 18844
Image: C:\Program Files\Google\Chrome\Application\chrome.exe
FileVersion: 96.0.4664.110
Description: Google Chrome
Product: Google Chrome
Company: Google LLC
OriginalFileName: chrome.exe
CommandLine: ""C:\Program Files\Google\Chrome\Application\chrome.exe"" --type=renderer --display-capture-permissions-policy-allowed --origin-trial-disabled-features=CaptureHandle --field-trial-handle=1704,4209033002119389492,12267350203109084414,131072 --lang=en-US --device-scale-factor=1 --num-raster-threads=4 --enable-main-frame-before-activation --renderer-client-id=128 --mojo-platform-channel-handle=12776 /prefetch:1
CurrentDirectory: C:\Program Files\Google\Chrome\Application\96.0.4664.110\
User: DESKTOP-JP20VPR\BobWe
LogonGuid: {ec47ca29-70bf-61d3-9db4-020000000000}
LogonId: 0x2B49D
TerminalSessionId: 1
IntegrityLevel: Low
Hashes: SHA256=ACFB588D8780EE19C192515D376CE7F9B2B0F936487008D3733F9730425E657B
ParentProcessGuid: {ec47ca29-70dd-61d3-6101-000000008600}
ParentProcessId: 1976
ParentImage: C:\Program Files\Google\Chrome\Application\chrome.exe
ParentCommandLine: ""C:\Program Files\Google\Chrome\Application\chrome.exe"" --no-startup-window /prefetch:5
ParentUser: DESKTOP-JP20VPR\BobWe"
Information,1/3/2022 5:28:19 PM,Microsoft-Windows-Sysmon,1,Process Create (rule: ProcessCreate),S-1-5-18,Microsoft-Windows-Sysmon/Operational,,Info,DESKTOP-JP20VPR,14108,3560,,,,,,00000000-0000-0000-0000-000000000000,00000000-0000-0000-0000-000000000000,,"Process Create:
RuleName: -
UtcTime: 2022-01-03 22:28:19.973
ProcessGuid: {ec47ca29-7883-61d3-2c03-000000008600}
ProcessId: 6560
Image: C:\Program Files\Google\Chrome\Application\chrome.exe
FileVersion: 96.0.4664.110
Description: Google Chrome
Product: Google Chrome
Company: Google LLC
OriginalFileName: chrome.exe
CommandLine: ""C:\Program Files\Google\Chrome\Application\chrome.exe"" --type=renderer --display-capture-permissions-policy-allowed --origin-trial-disabled-features=CaptureHandle --field-trial-handle=1704,4209033002119389492,12267350203109084414,131072 --lang=en-US --device-scale-factor=1 --num-raster-threads=4 --enable-main-frame-before-activation --renderer-client-id=127 --mojo-platform-channel-handle=10012 /prefetch:1
CurrentDirectory: C:\Program Files\Google\Chrome\Application\96.0.4664.110\
User: DESKTOP-JP20VPR\BobWe
LogonGuid: {ec47ca29-70bf-61d3-9db4-020000000000}
LogonId: 0x2B49D
TerminalSessionId: 1
IntegrityLevel: Low
Hashes: SHA256=ACFB588D8780EE19C192515D376CE7F9B2B0F936487008D3733F9730425E657B
ParentProcessGuid: {ec47ca29-70dd-61d3-6101-000000008600}
ParentProcessId: 1976
ParentImage: C:\Program Files\Google\Chrome\Application\chrome.exe
ParentCommandLine: ""C:\Program Files\Google\Chrome\Application\chrome.exe"" --no-startup-window /prefetch:5
ParentUser: DESKTOP-JP20VPR\BobWe"
Information,1/3/2022 5:28:18 PM,Microsoft-Windows-Sysmon,5,Process terminated (rule: ProcessTerminate),S-1-5-18,Microsoft-Windows-Sysmon/Operational,,Info,DESKTOP-JP20VPR,14108,3560,,,,,,00000000-0000-0000-0000-000000000000,00000000-0000-0000-0000-000000000000,,"Process terminated:
RuleName: -
UtcTime: 2022-01-03 22:28:18.578
ProcessGuid: {ec47ca29-7882-61d3-2b03-000000008600}
ProcessId: 10536
Image: C:\Program Files\Google\Chrome\Application\chrome.exe
User: DESKTOP-JP20VPR\BobWe"
Information,1/3/2022 5:28:18 PM,Microsoft-Windows-Sysmon,5,Process terminated (rule: ProcessTerminate),S-1-5-18,Microsoft-Windows-Sysmon/Operational,,Info,DESKTOP-JP20VPR,14108,3560,,,,,,00000000-0000-0000-0000-000000000000,00000000-0000-0000-0000-000000000000,,"Process terminated:
RuleName: -
UtcTime: 2022-01-03 22:28:18.575
ProcessGuid: {ec47ca29-7882-61d3-2a03-000000008600}
ProcessId: 2344
Image: C:\Program Files\Google\Chrome\Application\chrome.exe
User: DESKTOP-JP20VPR\BobWe"
Information,1/3/2022 5:28:18 PM,Microsoft-Windows-Sysmon,5,Process terminated (rule: ProcessTerminate),S-1-5-18,Microsoft-Windows-Sysmon/Operational,,Info,DESKTOP-JP20VPR,14108,3560,,,,,,00000000-0000-0000-0000-000000000000,00000000-0000-0000-0000-000000000000,,"Process terminated:
RuleName: -
UtcTime: 2022-01-03 22:28:18.563
ProcessGuid: {ec47ca29-7882-61d3-2903-000000008600}
ProcessId: 4796
Image: C:\Program Files\Google\Chrome\Application\chrome.exe
User: DESKTOP-JP20VPR\BobWe"
Information,1/3/2022 5:28:18 PM,Microsoft-Windows-Sysmon,1,Process Create (rule: ProcessCreate),S-1-5-18,Microsoft-Windows-Sysmon/Operational,,Info,DESKTOP-JP20VPR,14108,3560,,,,,,00000000-0000-0000-0000-000000000000,00000000-0000-0000-0000-000000000000,,"Process Create:
RuleName: -
UtcTime: 2022-01-03 22:28:18.548
ProcessGuid: {ec47ca29-7882-61d3-2b03-000000008600}
ProcessId: 10536
Image: C:\Program Files\Google\Chrome\Application\chrome.exe
FileVersion: 96.0.4664.110
Description: Google Chrome
Product: Google Chrome
Company: Google LLC
OriginalFileName: chrome.exe
CommandLine: ""C:\Program Files\Google\Chrome\Application\chrome.exe"" --type=utility --utility-sub-type=data_decoder.mojom.DataDecoderService --field-trial-handle=1704,4209033002119389492,12267350203109084414,131072 --lang=en-US --service-sandbox-type=service --mojo-platform-channel-handle=13020 /prefetch:8
CurrentDirectory: C:\Program Files\Google\Chrome\Application\96.0.4664.110\
User: DESKTOP-JP20VPR\BobWe
LogonGuid: {ec47ca29-70bf-61d3-9db4-020000000000}
LogonId: 0x2B49D
TerminalSessionId: 1
IntegrityLevel: Low
Hashes: SHA256=ACFB588D8780EE19C192515D376CE7F9B2B0F936487008D3733F9730425E657B
ParentProcessGuid: {ec47ca29-70dd-61d3-6101-000000008600}
ParentProcessId: 1976
ParentImage: C:\Program Files\Google\Chrome\Application\chrome.exe
ParentCommandLine: ""C:\Program Files\Google\Chrome\Application\chrome.exe"" --no-startup-window /prefetch:5
ParentUser: DESKTOP-JP20VPR\BobWe"
Information,1/3/2022 5:28:18 PM,Microsoft-Windows-Sysmon,1,Process Create (rule: ProcessCreate),S-1-5-18,Microsoft-Windows-Sysmon/Operational,,Info,DESKTOP-JP20VPR,14108,3560,,,,,,00000000-0000-0000-0000-000000000000,00000000-0000-0000-0000-000000000000,,"Process Create:
RuleName: -
UtcTime: 2022-01-03 22:28:18.543
ProcessGuid: {ec47ca29-7882-61d3-2a03-000000008600}
ProcessId: 2344
Image: C:\Program Files\Google\Chrome\Application\chrome.exe
FileVersion: 96.0.4664.110
Description: Google Chrome
Product: Google Chrome
Company: Google LLC
OriginalFileName: chrome.exe
CommandLine: ""C:\Program Files\Google\Chrome\Application\chrome.exe"" --type=utility --utility-sub-type=data_decoder.mojom.DataDecoderService --field-trial-handle=1704,4209033002119389492,12267350203109084414,131072 --lang=en-US --service-sandbox-type=service --mojo-platform-channel-handle=12900 /prefetch:8
CurrentDirectory: C:\Program Files\Google\Chrome\Application\96.0.4664.110\
User: DESKTOP-JP20VPR\BobWe
LogonGuid: {ec47ca29-70bf-61d3-9db4-020000000000}
LogonId: 0x2B49D
TerminalSessionId: 1
IntegrityLevel: Low
Hashes: SHA256=ACFB588D8780EE19C192515D376CE7F9B2B0F936487008D3733F9730425E657B
ParentProcessGuid: {ec47ca29-70dd-61d3-6101-000000008600}
ParentProcessId: 1976
ParentImage: C:\Program Files\Google\Chrome\Application\chrome.exe
ParentCommandLine: ""C:\Program Files\Google\Chrome\Application\chrome.exe"" --no-startup-window /prefetch:5
ParentUser: DESKTOP-JP20VPR\BobWe"
